PREHOOK: query: -- SORT_QUERY_RESULTS

-- exists test
create view cv1 as 
select * 
from src b 
where exists
  (select a.key 
  from src a 
  where b.value = a.value  and a.key = b.key and a.value > 'val_9')
PREHOOK: type: CREATEVIEW
PREHOOK: Input: default@src
PREHOOK: Output: database:default
PREHOOK: Output: default@cv1
POSTHOOK: query: -- SORT_QUERY_RESULTS

-- exists test
create view cv1 as 
select * 
from src b 
where exists
  (select a.key 
  from src a 
  where b.value = a.value  and a.key = b.key and a.value > 'val_9')
POSTHOOK: type: CREATEVIEW
POSTHOOK: Input: default@src
POSTHOOK: Output: database:default
POSTHOOK: Output: default@cv1
PREHOOK: query: describe extended cv1
PREHOOK: type: DESCTABLE
PREHOOK: Input: default@cv1
POSTHOOK: query: describe extended cv1
POSTHOOK: type: DESCTABLE
POSTHOOK: Input: default@cv1
key                 	string              	                    
value               	string              	                    
	 	 
#### A masked pattern was here ####
from src b 	 	 
where exists	 	 
  (select a.key 	 	 
  from src a 	 	 
  where b.value = a.value  and a.key = b.key and a.value > 'val_9'), viewExpandedText:select `b`.`key`, `b`.`value` 	 	 
from `default`.`src` `b` 	 	 
where exists	 	 
  (select `a`.`key` 	 	 
  from `default`.`src` `a` 	 	 
  where `b`.`value` = `a`.`value`  and `a`.`key` = `b`.`key` and `a`.`value` > 'val_9'), tableType:VIRTUAL_VIEW)		 
PREHOOK: query: select * 
from cv1 where cv1.key in (select key from cv1 c where c.key > '95')
PREHOOK: type: QUERY
PREHOOK: Input: default@cv1
PREHOOK: Input: default@src
#### A masked pattern was here ####
POSTHOOK: query: select * 
from cv1 where cv1.key in (select key from cv1 c where c.key > '95')
POSTHOOK: type: QUERY
POSTHOOK: Input: default@cv1
POSTHOOK: Input: default@src
#### A masked pattern was here ####
96	val_96
97	val_97
97	val_97
98	val_98
98	val_98
PREHOOK: query: -- not in test
create view cv2 as 
select * 
from src b 
where b.key not in
  (select a.key 
  from src a 
  where b.value = a.value  and a.key = b.key and a.value > 'val_11'
  )
PREHOOK: type: CREATEVIEW
PREHOOK: Input: default@src
PREHOOK: Output: database:default
PREHOOK: Output: default@cv2
POSTHOOK: query: -- not in test
create view cv2 as 
select * 
from src b 
where b.key not in
  (select a.key 
  from src a 
  where b.value = a.value  and a.key = b.key and a.value > 'val_11'
  )
POSTHOOK: type: CREATEVIEW
POSTHOOK: Input: default@src
POSTHOOK: Output: database:default
POSTHOOK: Output: default@cv2
PREHOOK: query: describe extended cv2
PREHOOK: type: DESCTABLE
PREHOOK: Input: default@cv2
POSTHOOK: query: describe extended cv2
POSTHOOK: type: DESCTABLE
POSTHOOK: Input: default@cv2
key                 	string              	                    
value               	string              	                    
	 	 
#### A masked pattern was here ####
from src b 	 	 
where b.key not in	 	 
  (select a.key 	 	 
  from src a 	 	 
  where b.value = a.value  and a.key = b.key and a.value > 'val_11'	 	 
  ), viewExpandedText:select `b`.`key`, `b`.`value` 	 	 
from `default`.`src` `b` 	 	 
where `b`.`key` not in	 	 
  (select `a`.`key` 	 	 
  from `default`.`src` `a` 	 	 
  where `b`.`value` = `a`.`value`  and `a`.`key` = `b`.`key` and `a`.`value` > 'val_11'	 	 
  ), tableType:VIRTUAL_VIEW)		 
Warning: Shuffle Join JOIN[18][tables = [$hdt$_0, $hdt$_1]] in Stage 'Stage-1:MAPRED' is a cross product
Warning: Shuffle Join JOIN[42][tables = [$hdt$_1, $hdt$_2]] in Stage 'Stage-6:MAPRED' is a cross product
PREHOOK: query: explain
select * 
from cv2 where cv2.key in (select key from cv2 c where c.key < '11')
PREHOOK: type: QUERY
POSTHOOK: query: explain
select * 
from cv2 where cv2.key in (select key from cv2 c where c.key < '11')
POSTHOOK: type: QUERY
STAGE DEPENDENCIES:
  Stage-4 is a root stage
  Stage-1 depends on stages: Stage-4
  Stage-2 depends on stages: Stage-1
  Stage-3 depends on stages: Stage-2, Stage-7
  Stage-8 is a root stage
  Stage-6 depends on stages: Stage-8
  Stage-7 depends on stages: Stage-6
  Stage-0 depends on stages: Stage-3

STAGE PLANS:
  Stage: Stage-4
    Map Reduce
      Map Operator Tree:
          TableScan
            alias: b
            Statistics: Num rows: 500 Data size: 5312 Basic stats: COMPLETE Column stats: NONE
            Filter Operator
              predicate: ((value > 'val_11') and (key is null or value is null)) (type: boolean)
              Statistics: Num rows: 166 Data size: 1763 Basic stats: COMPLETE Column stats: NONE
              Select Operator
                Statistics: Num rows: 166 Data size: 1763 Basic stats: COMPLETE Column stats: NONE
                Group By Operator
                  aggregations: count()
                  mode: hash
                  outputColumnNames: _col0
                  Statistics: Num rows: 1 Data size: 8 Basic stats: COMPLETE Column stats: NONE
                  Reduce Output Operator
                    sort order: 
                    Statistics: Num rows: 1 Data size: 8 Basic stats: COMPLETE Column stats: NONE
                    value expressions: _col0 (type: bigint)
      Reduce Operator Tree:
        Group By Operator
          aggregations: count(VALUE._col0)
          mode: mergepartial
          outputColumnNames: _col0
          Statistics: Num rows: 1 Data size: 8 Basic stats: COMPLETE Column stats: NONE
          Filter Operator
            predicate: (_col0 = 0) (type: boolean)
            Statistics: Num rows: 1 Data size: 8 Basic stats: COMPLETE Column stats: NONE
            Select Operator
              Statistics: Num rows: 1 Data size: 8 Basic stats: COMPLETE Column stats: NONE
              File Output Operator
                compressed: false
                table:
                    input format: org.apache.hadoop.mapred.SequenceFileInputFormat
                    output format: org.apache.hadoop.hive.ql.io.HiveSequenceFileOutputFormat
                    serde: org.apache.hadoop.hive.serde2.lazybinary.LazyBinarySerDe

  Stage: Stage-1
    Map Reduce
      Map Operator Tree:
          TableScan
            alias: b
            Statistics: Num rows: 500 Data size: 5312 Basic stats: COMPLETE Column stats: NONE
            Filter Operator
              predicate: (key < '11') (type: boolean)
              Statistics: Num rows: 166 Data size: 1763 Basic stats: COMPLETE Column stats: NONE
              Select Operator
                expressions: key (type: string), value (type: string)
                outputColumnNames: _col0, _col1
                Statistics: Num rows: 166 Data size: 1763 Basic stats: COMPLETE Column stats: NONE
                Reduce Output Operator
                  sort order: 
                  Statistics: Num rows: 166 Data size: 1763 Basic stats: COMPLETE Column stats: NONE
                  value expressions: _col0 (type: string), _col1 (type: string)
          TableScan
            Reduce Output Operator
              sort order: 
              Statistics: Num rows: 1 Data size: 8 Basic stats: COMPLETE Column stats: NONE
      Reduce Operator Tree:
        Join Operator
          condition map:
               Inner Join 0 to 1
          keys:
            0 
            1 
          outputColumnNames: _col0, _col1
          Statistics: Num rows: 182 Data size: 1939 Basic stats: COMPLETE Column stats: NONE
          File Output Operator
            compressed: false
            table:
                input format: org.apache.hadoop.mapred.SequenceFileInputFormat
                output format: org.apache.hadoop.hive.ql.io.HiveSequenceFileOutputFormat
                serde: org.apache.hadoop.hive.serde2.lazybinary.LazyBinarySerDe

  Stage: Stage-2
    Map Reduce
      Map Operator Tree:
          TableScan
            Reduce Output Operator
              key expressions: _col0 (type: string), _col1 (type: string), _col0 (type: string)
              sort order: +++
              Map-reduce partition columns: _col0 (type: string), _col1 (type: string), _col0 (type: string)
              Statistics: Num rows: 182 Data size: 1939 Basic stats: COMPLETE Column stats: NONE
          TableScan
            alias: b
            Statistics: Num rows: 500 Data size: 5312 Basic stats: COMPLETE Column stats: NONE
            Filter Operator
              predicate: ((value > 'val_11') and key is not null) (type: boolean)
              Statistics: Num rows: 166 Data size: 1763 Basic stats: COMPLETE Column stats: NONE
              Select Operator
                expressions: key (type: string), value (type: string), key (type: string)
                outputColumnNames: _col0, _col1, _col2
                Statistics: Num rows: 166 Data size: 1763 Basic stats: COMPLETE Column stats: NONE
                Reduce Output Operator
                  key expressions: _col0 (type: string), _col1 (type: string), _col2 (type: string)
                  sort order: +++
                  Map-reduce partition columns: _col0 (type: string), _col1 (type: string), _col2 (type: string)
                  Statistics: Num rows: 166 Data size: 1763 Basic stats: COMPLETE Column stats: NONE
      Reduce Operator Tree:
        Join Operator
          condition map:
               Left Outer Join0 to 1
          keys:
            0 _col0 (type: string), _col1 (type: string), _col0 (type: string)
            1 _col0 (type: string), _col1 (type: string), _col2 (type: string)
          outputColumnNames: _col0, _col1, _col3
          Statistics: Num rows: 200 Data size: 2132 Basic stats: COMPLETE Column stats: NONE
          Filter Operator
            predicate: _col3 is null (type: boolean)
            Statistics: Num rows: 100 Data size: 1066 Basic stats: COMPLETE Column stats: NONE
            Select Operator
              expressions: _col0 (type: string), _col1 (type: string)
              outputColumnNames: _col0, _col1
              Statistics: Num rows: 100 Data size: 1066 Basic stats: COMPLETE Column stats: NONE
              File Output Operator
                compressed: false
                table:
                    input format: org.apache.hadoop.mapred.SequenceFileInputFormat
                    output format: org.apache.hadoop.hive.ql.io.HiveSequenceFileOutputFormat
                    serde: org.apache.hadoop.hive.serde2.lazybinary.LazyBinarySerDe

  Stage: Stage-3
    Map Reduce
      Map Operator Tree:
          TableScan
            Reduce Output Operator
              key expressions: _col0 (type: string)
              sort order: +
              Map-reduce partition columns: _col0 (type: string)
              Statistics: Num rows: 100 Data size: 1066 Basic stats: COMPLETE Column stats: NONE
              value expressions: _col1 (type: string)
          TableScan
            Reduce Output Operator
              key expressions: _col0 (type: string)
              sort order: +
              Map-reduce partition columns: _col0 (type: string)
              Statistics: Num rows: 100 Data size: 1066 Basic stats: COMPLETE Column stats: NONE
      Reduce Operator Tree:
        Join Operator
          condition map:
               Left Semi Join 0 to 1
          keys:
            0 _col0 (type: string)
            1 _col0 (type: string)
          outputColumnNames: _col0, _col1
          Statistics: Num rows: 110 Data size: 1172 Basic stats: COMPLETE Column stats: NONE
          File Output Operator
            compressed: false
            Statistics: Num rows: 110 Data size: 1172 Basic stats: COMPLETE Column stats: NONE
            table:
                input format: org.apache.hadoop.mapred.TextInputFormat
                output format: org.apache.hadoop.hive.ql.io.HiveIgnoreKeyTextOutputFormat
                serde: org.apache.hadoop.hive.serde2.lazy.LazySimpleSerDe

  Stage: Stage-8
    Map Reduce
      Map Operator Tree:
          TableScan
            alias: b
            Statistics: Num rows: 500 Data size: 5312 Basic stats: COMPLETE Column stats: NONE
            Filter Operator
              predicate: ((value > 'val_11') and (key is null or value is null)) (type: boolean)
              Statistics: Num rows: 166 Data size: 1763 Basic stats: COMPLETE Column stats: NONE
              Select Operator
                Statistics: Num rows: 166 Data size: 1763 Basic stats: COMPLETE Column stats: NONE
                Group By Operator
                  aggregations: count()
                  mode: hash
                  outputColumnNames: _col0
                  Statistics: Num rows: 1 Data size: 8 Basic stats: COMPLETE Column stats: NONE
                  Reduce Output Operator
                    sort order: 
                    Statistics: Num rows: 1 Data size: 8 Basic stats: COMPLETE Column stats: NONE
                    value expressions: _col0 (type: bigint)
      Reduce Operator Tree:
        Group By Operator
          aggregations: count(VALUE._col0)
          mode: mergepartial
          outputColumnNames: _col0
          Statistics: Num rows: 1 Data size: 8 Basic stats: COMPLETE Column stats: NONE
          Filter Operator
            predicate: (_col0 = 0) (type: boolean)
            Statistics: Num rows: 1 Data size: 8 Basic stats: COMPLETE Column stats: NONE
            Select Operator
              Statistics: Num rows: 1 Data size: 8 Basic stats: COMPLETE Column stats: NONE
              File Output Operator
                compressed: false
                table:
                    input format: org.apache.hadoop.mapred.SequenceFileInputFormat
                    output format: org.apache.hadoop.hive.ql.io.HiveSequenceFileOutputFormat
                    serde: org.apache.hadoop.hive.serde2.lazybinary.LazyBinarySerDe

  Stage: Stage-6
    Map Reduce
      Map Operator Tree:
          TableScan
            alias: b
            Statistics: Num rows: 500 Data size: 5312 Basic stats: COMPLETE Column stats: NONE
            Filter Operator
              predicate: (key < '11') (type: boolean)
              Statistics: Num rows: 166 Data size: 1763 Basic stats: COMPLETE Column stats: NONE
              Select Operator
                expressions: key (type: string), value (type: string)
                outputColumnNames: _col0, _col1
                Statistics: Num rows: 166 Data size: 1763 Basic stats: COMPLETE Column stats: NONE
                Reduce Output Operator
                  sort order: 
                  Statistics: Num rows: 166 Data size: 1763 Basic stats: COMPLETE Column stats: NONE
                  value expressions: _col0 (type: string), _col1 (type: string)
          TableScan
            Reduce Output Operator
              sort order: 
              Statistics: Num rows: 1 Data size: 8 Basic stats: COMPLETE Column stats: NONE
      Reduce Operator Tree:
        Join Operator
          condition map:
               Inner Join 0 to 1
          keys:
            0 
            1 
          outputColumnNames: _col0, _col1
          Statistics: Num rows: 182 Data size: 1939 Basic stats: COMPLETE Column stats: NONE
          File Output Operator
            compressed: false
            table:
                input format: org.apache.hadoop.mapred.SequenceFileInputFormat
                output format: org.apache.hadoop.hive.ql.io.HiveSequenceFileOutputFormat
                serde: org.apache.hadoop.hive.serde2.lazybinary.LazyBinarySerDe

  Stage: Stage-7
    Map Reduce
      Map Operator Tree:
          TableScan
            Reduce Output Operator
              key expressions: _col0 (type: string), _col1 (type: string), _col0 (type: string)
              sort order: +++
              Map-reduce partition columns: _col0 (type: string), _col1 (type: string), _col0 (type: string)
              Statistics: Num rows: 182 Data size: 1939 Basic stats: COMPLETE Column stats: NONE
          TableScan
            alias: b
            Statistics: Num rows: 500 Data size: 5312 Basic stats: COMPLETE Column stats: NONE
            Filter Operator
              predicate: (((value > 'val_11') and (key < '11')) and key is not null) (type: boolean)
              Statistics: Num rows: 55 Data size: 584 Basic stats: COMPLETE Column stats: NONE
              Select Operator
                expressions: key (type: string), value (type: string), key (type: string)
                outputColumnNames: _col0, _col1, _col2
                Statistics: Num rows: 55 Data size: 584 Basic stats: COMPLETE Column stats: NONE
                Reduce Output Operator
                  key expressions: _col0 (type: string), _col1 (type: string), _col2 (type: string)
                  sort order: +++
                  Map-reduce partition columns: _col0 (type: string), _col1 (type: string), _col2 (type: string)
                  Statistics: Num rows: 55 Data size: 584 Basic stats: COMPLETE Column stats: NONE
      Reduce Operator Tree:
        Join Operator
          condition map:
               Left Outer Join0 to 1
          keys:
            0 _col0 (type: string), _col1 (type: string), _col0 (type: string)
            1 _col0 (type: string), _col1 (type: string), _col2 (type: string)
          outputColumnNames: _col0, _col3
          Statistics: Num rows: 200 Data size: 2132 Basic stats: COMPLETE Column stats: NONE
          Filter Operator
            predicate: _col3 is null (type: boolean)
            Statistics: Num rows: 100 Data size: 1066 Basic stats: COMPLETE Column stats: NONE
            Select Operator
              expressions: _col0 (type: string)
              outputColumnNames: _col0
              Statistics: Num rows: 100 Data size: 1066 Basic stats: COMPLETE Column stats: NONE
              Group By Operator
                keys: _col0 (type: string)
                mode: hash
                outputColumnNames: _col0
                Statistics: Num rows: 100 Data size: 1066 Basic stats: COMPLETE Column stats: NONE
                File Output Operator
                  compressed: false
                  table:
                      input format: org.apache.hadoop.mapred.SequenceFileInputFormat
                      output format: org.apache.hadoop.hive.ql.io.HiveSequenceFileOutputFormat
                      serde: org.apache.hadoop.hive.serde2.lazybinary.LazyBinarySerDe

  Stage: Stage-0
    Fetch Operator
      limit: -1
      Processor Tree:
        ListSink

Warning: Shuffle Join JOIN[18][tables = [$hdt$_0, $hdt$_1]] in Stage 'Stage-1:MAPRED' is a cross product
Warning: Shuffle Join JOIN[42][tables = [$hdt$_1, $hdt$_2]] in Stage 'Stage-6:MAPRED' is a cross product
PREHOOK: query: select * 
from cv2 where cv2.key in (select key from cv2 c where c.key < '11')
PREHOOK: type: QUERY
PREHOOK: Input: default@cv2
PREHOOK: Input: default@src
#### A masked pattern was here ####
POSTHOOK: query: select * 
from cv2 where cv2.key in (select key from cv2 c where c.key < '11')
POSTHOOK: type: QUERY
POSTHOOK: Input: default@cv2
POSTHOOK: Input: default@src
#### A masked pattern was here ####
0	val_0
0	val_0
0	val_0
10	val_10
100	val_100
100	val_100
103	val_103
103	val_103
104	val_104
104	val_104
105	val_105
PREHOOK: query: -- in where + having
create view cv3 as
select key, value, count(*) 
from src b
where b.key in (select key from src where src.key > '8')
group by key, value
having count(*) in (select count(*) from src s1 where s1.key > '9' group by s1.key )
PREHOOK: type: CREATEVIEW
PREHOOK: Input: default@src
PREHOOK: Output: database:default
PREHOOK: Output: default@cv3
POSTHOOK: query: -- in where + having
create view cv3 as
select key, value, count(*) 
from src b
where b.key in (select key from src where src.key > '8')
group by key, value
having count(*) in (select count(*) from src s1 where s1.key > '9' group by s1.key )
POSTHOOK: type: CREATEVIEW
POSTHOOK: Input: default@src
POSTHOOK: Output: database:default
POSTHOOK: Output: default@cv3
PREHOOK: query: describe extended cv3
PREHOOK: type: DESCTABLE
PREHOOK: Input: default@cv3
POSTHOOK: query: describe extended cv3
POSTHOOK: type: DESCTABLE
POSTHOOK: Input: default@cv3
key                 	string              	                    
value               	string              	                    
_c2                 	bigint              	                    
	 	 
#### A masked pattern was here ####
from src b	 	 
where b.key in (select key from src where src.key > '8')	 	 
group by key, value	 	 
having count(*) in (select count(*) from src s1 where s1.key > '9' group by s1.key ), viewExpandedText:select `b`.`key`, `b`.`value`, count(*) 	 	 
from `default`.`src` `b`	 	 
where `b`.`key` in (select `src`.`key` from `default`.`src` where `src`.`key` > '8')	 	 
group by `b`.`key`, `b`.`value`	 	 
having count(*) in (select count(*) from `default`.`src` `s1` where `s1`.`key` > '9' group by `s1`.`key` ), tableType:VIRTUAL_VIEW)		 
PREHOOK: query: select * from cv3
PREHOOK: type: QUERY
PREHOOK: Input: default@cv3
PREHOOK: Input: default@src
#### A masked pattern was here ####
POSTHOOK: query: select * from cv3
POSTHOOK: type: QUERY
POSTHOOK: Input: default@cv3
POSTHOOK: Input: default@src
#### A masked pattern was here ####
80	val_80	1
82	val_82	1
83	val_83	2
84	val_84	2
85	val_85	1
86	val_86	1
87	val_87	1
9	val_9	1
90	val_90	3
92	val_92	1
95	val_95	2
96	val_96	1
97	val_97	2
98	val_98	2
PREHOOK: query: -- join of subquery views
select *
from cv3
where cv3.key in (select key from cv1)
PREHOOK: type: QUERY
PREHOOK: Input: default@cv1
PREHOOK: Input: default@cv3
PREHOOK: Input: default@src
#### A masked pattern was here ####
POSTHOOK: query: -- join of subquery views
select *
from cv3
where cv3.key in (select key from cv1)
POSTHOOK: type: QUERY
POSTHOOK: Input: default@cv1
POSTHOOK: Input: default@cv3
POSTHOOK: Input: default@src
#### A masked pattern was here ####
90	val_90	3
92	val_92	1
95	val_95	2
96	val_96	1
97	val_97	2
98	val_98	2
PREHOOK: query: drop table tc
PREHOOK: type: DROPTABLE
POSTHOOK: query: drop table tc
POSTHOOK: type: DROPTABLE
PREHOOK: query: create table tc (`@d` int)
PREHOOK: type: CREATETABLE
PREHOOK: Output: database:default
PREHOOK: Output: default@tc
POSTHOOK: query: create table tc (`@d` int)
POSTHOOK: type: CREATETABLE
POSTHOOK: Output: database:default
POSTHOOK: Output: default@tc
PREHOOK: query: insert overwrite table tc select 1 from src limit 1
PREHOOK: type: QUERY
PREHOOK: Input: default@src
PREHOOK: Output: default@tc
POSTHOOK: query: insert overwrite table tc select 1 from src limit 1
POSTHOOK: type: QUERY
POSTHOOK: Input: default@src
POSTHOOK: Output: default@tc
POSTHOOK: Lineage: tc.@d SIMPLE []
PREHOOK: query: drop view tcv
PREHOOK: type: DROPVIEW
POSTHOOK: query: drop view tcv
POSTHOOK: type: DROPVIEW
PREHOOK: query: create view tcv as select * from tc b where exists (select a.`@d` from tc a where b.`@d`=a.`@d`)
PREHOOK: type: CREATEVIEW
PREHOOK: Input: default@tc
PREHOOK: Output: database:default
PREHOOK: Output: default@tcv
POSTHOOK: query: create view tcv as select * from tc b where exists (select a.`@d` from tc a where b.`@d`=a.`@d`)
POSTHOOK: type: CREATEVIEW
POSTHOOK: Input: default@tc
POSTHOOK: Output: database:default
POSTHOOK: Output: default@tcv
PREHOOK: query: describe extended tcv
PREHOOK: type: DESCTABLE
PREHOOK: Input: default@tcv
POSTHOOK: query: describe extended tcv
POSTHOOK: type: DESCTABLE
POSTHOOK: Input: default@tcv
@d                  	int                 	                    
	 	 
#### A masked pattern was here ####
PREHOOK: query: select * from tcv
PREHOOK: type: QUERY
PREHOOK: Input: default@tc
PREHOOK: Input: default@tcv
#### A masked pattern was here ####
POSTHOOK: query: select * from tcv
POSTHOOK: type: QUERY
POSTHOOK: Input: default@tc
POSTHOOK: Input: default@tcv
#### A masked pattern was here ####
1
