Warning: Shuffle Join JOIN[22][tables = [$hdt$_0, $hdt$_1]] in Stage 'Stage-2:MAPRED' is a cross product
PREHOOK: query: explain
select key, count(*) 
from src 
group by key
having key not in  
  ( select key  from src s1 
    where s1.key > '12'
  )
PREHOOK: type: QUERY
POSTHOOK: query: explain
select key, count(*) 
from src 
group by key
having key not in  
  ( select key  from src s1 
    where s1.key > '12'
  )
POSTHOOK: type: QUERY
STAGE DEPENDENCIES:
  Stage-1 is a root stage
  Stage-2 depends on stages: Stage-1, Stage-4
  Stage-3 depends on stages: Stage-2, Stage-5
  Stage-4 is a root stage
  Stage-5 is a root stage
  Stage-0 depends on stages: Stage-3

STAGE PLANS:
  Stage: Stage-1
    Map Reduce
      Map Operator Tree:
          TableScan
            alias: src
            Statistics: Num rows: 500 Data size: 5312 Basic stats: COMPLETE Column stats: NONE
            Select Operator
              expressions: key (type: string)
              outputColumnNames: key
              Statistics: Num rows: 500 Data size: 5312 Basic stats: COMPLETE Column stats: NONE
              Group By Operator
                aggregations: count()
                keys: key (type: string)
                mode: hash
                outputColumnNames: _col0, _col1
                Statistics: Num rows: 500 Data size: 5312 Basic stats: COMPLETE Column stats: NONE
                Reduce Output Operator
                  key expressions: _col0 (type: string)
                  sort order: +
                  Map-reduce partition columns: _col0 (type: string)
                  Statistics: Num rows: 500 Data size: 5312 Basic stats: COMPLETE Column stats: NONE
                  value expressions: _col1 (type: bigint)
      Reduce Operator Tree:
        Group By Operator
          aggregations: count(VALUE._col0)
          keys: KEY._col0 (type: string)
          mode: mergepartial
          outputColumnNames: _col0, _col1
          Statistics: Num rows: 250 Data size: 2656 Basic stats: COMPLETE Column stats: NONE
          File Output Operator
            compressed: false
            table:
                input format: org.apache.hadoop.mapred.SequenceFileInputFormat
                output format: org.apache.hadoop.hive.ql.io.HiveSequenceFileOutputFormat
                serde: org.apache.hadoop.hive.serde2.lazybinary.LazyBinarySerDe

  Stage: Stage-2
    Map Reduce
      Map Operator Tree:
          TableScan
            Reduce Output Operator
              sort order: 
              Statistics: Num rows: 250 Data size: 2656 Basic stats: COMPLETE Column stats: NONE
              value expressions: _col0 (type: string), _col1 (type: bigint)
          TableScan
            Reduce Output Operator
              sort order: 
              Statistics: Num rows: 1 Data size: 16 Basic stats: COMPLETE Column stats: NONE
              value expressions: _col0 (type: bigint), _col1 (type: bigint)
      Reduce Operator Tree:
        Join Operator
          condition map:
               Inner Join 0 to 1
          keys:
            0 
            1 
          outputColumnNames: _col0, _col1, _col2, _col3
          Statistics: Num rows: 250 Data size: 6906 Basic stats: COMPLETE Column stats: NONE
          File Output Operator
            compressed: false
            table:
                input format: org.apache.hadoop.mapred.SequenceFileInputFormat
                output format: org.apache.hadoop.hive.ql.io.HiveSequenceFileOutputFormat
                serde: org.apache.hadoop.hive.serde2.lazybinary.LazyBinarySerDe

  Stage: Stage-3
    Map Reduce
      Map Operator Tree:
          TableScan
            Reduce Output Operator
              key expressions: _col0 (type: string)
              sort order: +
              Map-reduce partition columns: _col0 (type: string)
              Statistics: Num rows: 250 Data size: 6906 Basic stats: COMPLETE Column stats: NONE
              value expressions: _col1 (type: bigint), _col2 (type: bigint), _col3 (type: bigint)
          TableScan
            Reduce Output Operator
              key expressions: _col0 (type: string)
              sort order: +
              Map-reduce partition columns: _col0 (type: string)
              Statistics: Num rows: 83 Data size: 881 Basic stats: COMPLETE Column stats: NONE
              value expressions: _col1 (type: boolean)
      Reduce Operator Tree:
        Join Operator
          condition map:
               Left Outer Join 0 to 1
          keys:
            0 _col0 (type: string)
            1 _col0 (type: string)
          outputColumnNames: _col0, _col1, _col2, _col3, _col5
          Statistics: Num rows: 275 Data size: 7596 Basic stats: COMPLETE Column stats: NONE
          Filter Operator
            predicate: ((_col2 = 0L) or (_col5 is null and _col0 is not null and (_col3 >= _col2))) (type: boolean)
            Statistics: Num rows: 182 Data size: 5027 Basic stats: COMPLETE Column stats: NONE
            Select Operator
              expressions: _col0 (type: string), _col1 (type: bigint)
              outputColumnNames: _col0, _col1
              Statistics: Num rows: 182 Data size: 5027 Basic stats: COMPLETE Column stats: NONE
              File Output Operator
                compressed: false
                Statistics: Num rows: 182 Data size: 5027 Basic stats: COMPLETE Column stats: NONE
                table:
                    input format: org.apache.hadoop.mapred.SequenceFileInputFormat
                    output format: org.apache.hadoop.hive.ql.io.HiveSequenceFileOutputFormat
                    serde: org.apache.hadoop.hive.serde2.lazy.LazySimpleSerDe

  Stage: Stage-4
    Map Reduce
      Map Operator Tree:
          TableScan
            alias: s1
            Statistics: Num rows: 500 Data size: 5312 Basic stats: COMPLETE Column stats: NONE
            Filter Operator
              predicate: (key > '12') (type: boolean)
              Statistics: Num rows: 166 Data size: 1763 Basic stats: COMPLETE Column stats: NONE
              Group By Operator
                aggregations: count(), count(key)
                mode: hash
                outputColumnNames: _col0, _col1
                Statistics: Num rows: 1 Data size: 16 Basic stats: COMPLETE Column stats: NONE
                Reduce Output Operator
                  sort order: 
                  Statistics: Num rows: 1 Data size: 16 Basic stats: COMPLETE Column stats: NONE
                  value expressions: _col0 (type: bigint), _col1 (type: bigint)
      Reduce Operator Tree:
        Group By Operator
          aggregations: count(VALUE._col0), count(VALUE._col1)
          mode: mergepartial
          outputColumnNames: _col0, _col1
          Statistics: Num rows: 1 Data size: 16 Basic stats: COMPLETE Column stats: NONE
          File Output Operator
            compressed: false
            table:
                input format: org.apache.hadoop.mapred.SequenceFileInputFormat
                output format: org.apache.hadoop.hive.ql.io.HiveSequenceFileOutputFormat
                serde: org.apache.hadoop.hive.serde2.lazybinary.LazyBinarySerDe

  Stage: Stage-5
    Map Reduce
      Map Operator Tree:
          TableScan
            alias: s1
            Statistics: Num rows: 500 Data size: 5312 Basic stats: COMPLETE Column stats: NONE
            Filter Operator
              predicate: (key > '12') (type: boolean)
              Statistics: Num rows: 166 Data size: 1763 Basic stats: COMPLETE Column stats: NONE
              Group By Operator
                keys: key (type: string)
                mode: hash
                outputColumnNames: _col0
                Statistics: Num rows: 166 Data size: 1763 Basic stats: COMPLETE Column stats: NONE
                Reduce Output Operator
                  key expressions: _col0 (type: string)
                  sort order: +
                  Map-reduce partition columns: _col0 (type: string)
                  Statistics: Num rows: 166 Data size: 1763 Basic stats: COMPLETE Column stats: NONE
      Reduce Operator Tree:
        Group By Operator
          keys: KEY._col0 (type: string)
          mode: mergepartial
          outputColumnNames: _col0
          Statistics: Num rows: 83 Data size: 881 Basic stats: COMPLETE Column stats: NONE
          Select Operator
            expressions: _col0 (type: string), true (type: boolean)
            outputColumnNames: _col0, _col1
            Statistics: Num rows: 83 Data size: 881 Basic stats: COMPLETE Column stats: NONE
            File Output Operator
              compressed: false
              table:
                  input format: org.apache.hadoop.mapred.SequenceFileInputFormat
                  output format: org.apache.hadoop.hive.ql.io.HiveSequenceFileOutputFormat
                  serde: org.apache.hadoop.hive.serde2.lazybinary.LazyBinarySerDe

  Stage: Stage-0
    Fetch Operator
      limit: -1
      Processor Tree:
        ListSink

PREHOOK: query: explain
select b.p_mfgr, min(p_retailprice) 
from part b 
group by b.p_mfgr
having b.p_mfgr not in 
  (select p_mfgr 
  from (select p_mfgr, min(p_retailprice) l, max(p_retailprice) r, avg(p_retailprice) a from part group by p_mfgr) a 
  where min(p_retailprice) = l and r - l > 600
  )
PREHOOK: type: QUERY
POSTHOOK: query: explain
select b.p_mfgr, min(p_retailprice) 
from part b 
group by b.p_mfgr
having b.p_mfgr not in 
  (select p_mfgr 
  from (select p_mfgr, min(p_retailprice) l, max(p_retailprice) r, avg(p_retailprice) a from part group by p_mfgr) a 
  where min(p_retailprice) = l and r - l > 600
  )
POSTHOOK: type: QUERY
STAGE DEPENDENCIES:
  Stage-1 is a root stage
  Stage-2 depends on stages: Stage-1, Stage-5
  Stage-3 depends on stages: Stage-2, Stage-6
  Stage-4 is a root stage
  Stage-5 depends on stages: Stage-4
  Stage-6 is a root stage
  Stage-0 depends on stages: Stage-3

STAGE PLANS:
  Stage: Stage-1
    Map Reduce
      Map Operator Tree:
          TableScan
            alias: b
            Statistics: Num rows: 26 Data size: 3147 Basic stats: COMPLETE Column stats: NONE
            Select Operator
              expressions: p_mfgr (type: string), p_retailprice (type: double)
              outputColumnNames: p_mfgr, p_retailprice
              Statistics: Num rows: 26 Data size: 3147 Basic stats: COMPLETE Column stats: NONE
              Group By Operator
                aggregations: min(p_retailprice)
                keys: p_mfgr (type: string)
                mode: hash
                outputColumnNames: _col0, _col1
                Statistics: Num rows: 26 Data size: 3147 Basic stats: COMPLETE Column stats: NONE
                Reduce Output Operator
                  key expressions: _col0 (type: string)
                  sort order: +
                  Map-reduce partition columns: _col0 (type: string)
                  Statistics: Num rows: 26 Data size: 3147 Basic stats: COMPLETE Column stats: NONE
                  value expressions: _col1 (type: double)
      Reduce Operator Tree:
        Group By Operator
          aggregations: min(VALUE._col0)
          keys: KEY._col0 (type: string)
          mode: mergepartial
          outputColumnNames: _col0, _col1
          Statistics: Num rows: 13 Data size: 1573 Basic stats: COMPLETE Column stats: NONE
          File Output Operator
            compressed: false
            table:
                input format: org.apache.hadoop.mapred.SequenceFileInputFormat
                output format: org.apache.hadoop.hive.ql.io.HiveSequenceFileOutputFormat
                serde: org.apache.hadoop.hive.serde2.lazybinary.LazyBinarySerDe

  Stage: Stage-2
    Map Reduce
      Map Operator Tree:
          TableScan
            Reduce Output Operator
              key expressions: _col1 (type: double)
              sort order: +
              Map-reduce partition columns: _col1 (type: double)
              Statistics: Num rows: 13 Data size: 1573 Basic stats: COMPLETE Column stats: NONE
              value expressions: _col0 (type: string)
          TableScan
            Reduce Output Operator
              key expressions: _col0 (type: double)
              sort order: +
              Map-reduce partition columns: _col0 (type: double)
              Statistics: Num rows: 2 Data size: 242 Basic stats: COMPLETE Column stats: NONE
              value expressions: _col1 (type: bigint), _col2 (type: bigint)
      Reduce Operator Tree:
        Join Operator
          condition map:
               Left Outer Join 0 to 1
          keys:
            0 _col1 (type: double)
            1 _col0 (type: double)
          outputColumnNames: _col0, _col1, _col3, _col4
          Statistics: Num rows: 14 Data size: 1730 Basic stats: COMPLETE Column stats: NONE
          File Output Operator
            compressed: false
            table:
                input format: org.apache.hadoop.mapred.SequenceFileInputFormat
                output format: org.apache.hadoop.hive.ql.io.HiveSequenceFileOutputFormat
                serde: org.apache.hadoop.hive.serde2.lazybinary.LazyBinarySerDe

  Stage: Stage-3
    Map Reduce
      Map Operator Tree:
          TableScan
            Reduce Output Operator
              key expressions: _col0 (type: string), _col1 (type: double)
              sort order: ++
              Map-reduce partition columns: _col0 (type: string), _col1 (type: double)
              Statistics: Num rows: 14 Data size: 1730 Basic stats: COMPLETE Column stats: NONE
              value expressions: _col3 (type: bigint), _col4 (type: bigint)
          TableScan
            Reduce Output Operator
              key expressions: _col0 (type: string), _col1 (type: double)
              sort order: ++
              Map-reduce partition columns: _col0 (type: string), _col1 (type: double)
              Statistics: Num rows: 4 Data size: 484 Basic stats: COMPLETE Column stats: NONE
              value expressions: _col2 (type: boolean)
      Reduce Operator Tree:
        Join Operator
          condition map:
               Left Outer Join 0 to 1
          keys:
            0 _col0 (type: string), _col1 (type: double)
            1 _col0 (type: string), _col1 (type: double)
          outputColumnNames: _col0, _col1, _col3, _col4, _col7
          Statistics: Num rows: 15 Data size: 1903 Basic stats: COMPLETE Column stats: NONE
          Filter Operator
            predicate: (not CASE WHEN ((_col3 = 0L)) THEN (false) WHEN (_col3 is null) THEN (false) WHEN (_col7 is not null) THEN (true) WHEN (_col0 is null) THEN (null) WHEN ((_col4 < _col3)) THEN (true) ELSE (false) END) (type: boolean)
            Statistics: Num rows: 8 Data size: 1014 Basic stats: COMPLETE Column stats: NONE
            Select Operator
              expressions: _col0 (type: string), _col1 (type: double)
              outputColumnNames: _col0, _col1
              Statistics: Num rows: 8 Data size: 1014 Basic stats: COMPLETE Column stats: NONE
              File Output Operator
                compressed: false
                Statistics: Num rows: 8 Data size: 1014 Basic stats: COMPLETE Column stats: NONE
                table:
                    input format: org.apache.hadoop.mapred.SequenceFileInputFormat
                    output format: org.apache.hadoop.hive.ql.io.HiveSequenceFileOutputFormat
                    serde: org.apache.hadoop.hive.serde2.lazy.LazySimpleSerDe

  Stage: Stage-4
    Map Reduce
      Map Operator Tree:
          TableScan
            alias: part
            Statistics: Num rows: 26 Data size: 3147 Basic stats: COMPLETE Column stats: NONE
            Select Operator
              expressions: p_mfgr (type: string), p_retailprice (type: double)
              outputColumnNames: p_mfgr, p_retailprice
              Statistics: Num rows: 26 Data size: 3147 Basic stats: COMPLETE Column stats: NONE
              Group By Operator
                aggregations: min(p_retailprice), max(p_retailprice)
                keys: p_mfgr (type: string)
                mode: hash
                outputColumnNames: _col0, _col1, _col2
                Statistics: Num rows: 26 Data size: 3147 Basic stats: COMPLETE Column stats: NONE
                Reduce Output Operator
                  key expressions: _col0 (type: string)
                  sort order: +
                  Map-reduce partition columns: _col0 (type: string)
                  Statistics: Num rows: 26 Data size: 3147 Basic stats: COMPLETE Column stats: NONE
                  value expressions: _col1 (type: double), _col2 (type: double)
      Reduce Operator Tree:
        Group By Operator
          aggregations: min(VALUE._col0), max(VALUE._col1)
          keys: KEY._col0 (type: string)
          mode: mergepartial
          outputColumnNames: _col0, _col1, _col2
          Statistics: Num rows: 13 Data size: 1573 Basic stats: COMPLETE Column stats: NONE
          Filter Operator
            predicate: (((_col2 - _col1) > 600.0D) and _col1 is not null) (type: boolean)
            Statistics: Num rows: 4 Data size: 484 Basic stats: COMPLETE Column stats: NONE
            Select Operator
              expressions: _col0 (type: string), _col1 (type: double)
              outputColumnNames: _col0, _col1
              Statistics: Num rows: 4 Data size: 484 Basic stats: COMPLETE Column stats: NONE
              Group By Operator
                aggregations: count(), count(_col0)
                keys: _col1 (type: double)
                mode: hash
                outputColumnNames: _col0, _col1, _col2
                Statistics: Num rows: 4 Data size: 484 Basic stats: COMPLETE Column stats: NONE
                File Output Operator
                  compressed: false
                  table:
                      input format: org.apache.hadoop.mapred.SequenceFileInputFormat
                      output format: org.apache.hadoop.hive.ql.io.HiveSequenceFileOutputFormat
                      serde: org.apache.hadoop.hive.serde2.lazybinary.LazyBinarySerDe

  Stage: Stage-5
    Map Reduce
      Map Operator Tree:
          TableScan
            Reduce Output Operator
              key expressions: _col0 (type: double)
              sort order: +
              Map-reduce partition columns: _col0 (type: double)
              Statistics: Num rows: 4 Data size: 484 Basic stats: COMPLETE Column stats: NONE
              value expressions: _col1 (type: bigint), _col2 (type: bigint)
      Reduce Operator Tree:
        Group By Operator
          aggregations: count(VALUE._col0), count(VALUE._col1)
          keys: KEY._col0 (type: double)
          mode: mergepartial
          outputColumnNames: _col0, _col1, _col2
          Statistics: Num rows: 2 Data size: 242 Basic stats: COMPLETE Column stats: NONE
          File Output Operator
            compressed: false
            table:
                input format: org.apache.hadoop.mapred.SequenceFileInputFormat
                output format: org.apache.hadoop.hive.ql.io.HiveSequenceFileOutputFormat
                serde: org.apache.hadoop.hive.serde2.lazybinary.LazyBinarySerDe

  Stage: Stage-6
    Map Reduce
      Map Operator Tree:
          TableScan
            alias: part
            Statistics: Num rows: 26 Data size: 3147 Basic stats: COMPLETE Column stats: NONE
            Select Operator
              expressions: p_mfgr (type: string), p_retailprice (type: double)
              outputColumnNames: p_mfgr, p_retailprice
              Statistics: Num rows: 26 Data size: 3147 Basic stats: COMPLETE Column stats: NONE
              Group By Operator
                aggregations: min(p_retailprice), max(p_retailprice)
                keys: p_mfgr (type: string)
                mode: hash
                outputColumnNames: _col0, _col1, _col2
                Statistics: Num rows: 26 Data size: 3147 Basic stats: COMPLETE Column stats: NONE
                Reduce Output Operator
                  key expressions: _col0 (type: string)
                  sort order: +
                  Map-reduce partition columns: _col0 (type: string)
                  Statistics: Num rows: 26 Data size: 3147 Basic stats: COMPLETE Column stats: NONE
                  value expressions: _col1 (type: double), _col2 (type: double)
      Reduce Operator Tree:
        Group By Operator
          aggregations: min(VALUE._col0), max(VALUE._col1)
          keys: KEY._col0 (type: string)
          mode: mergepartial
          outputColumnNames: _col0, _col1, _col2
          Statistics: Num rows: 13 Data size: 1573 Basic stats: COMPLETE Column stats: NONE
          Filter Operator
            predicate: (((_col2 - _col1) > 600.0D) and _col1 is not null) (type: boolean)
            Statistics: Num rows: 4 Data size: 484 Basic stats: COMPLETE Column stats: NONE
            Select Operator
              expressions: _col0 (type: string), _col1 (type: double)
              outputColumnNames: _col0, _col1
              Statistics: Num rows: 4 Data size: 484 Basic stats: COMPLETE Column stats: NONE
              Filter Operator
                predicate: _col0 is not null (type: boolean)
                Statistics: Num rows: 4 Data size: 484 Basic stats: COMPLETE Column stats: NONE
                Select Operator
                  expressions: _col0 (type: string), _col1 (type: double), true (type: boolean)
                  outputColumnNames: _col0, _col1, _col2
                  Statistics: Num rows: 4 Data size: 484 Basic stats: COMPLETE Column stats: NONE
                  File Output Operator
                    compressed: false
                    table:
                        input format: org.apache.hadoop.mapred.SequenceFileInputFormat
                        output format: org.apache.hadoop.hive.ql.io.HiveSequenceFileOutputFormat
                        serde: org.apache.hadoop.hive.serde2.lazybinary.LazyBinarySerDe

  Stage: Stage-0
    Fetch Operator
      limit: -1
      Processor Tree:
        ListSink

PREHOOK: query: select b.p_mfgr, min(p_retailprice) 
from part b 
group by b.p_mfgr
having b.p_mfgr not in 
  (select p_mfgr 
  from (select p_mfgr, min(p_retailprice) l, max(p_retailprice) r, avg(p_retailprice) a from part group by p_mfgr) a 
  where min(p_retailprice) = l and r - l > 600
  )
PREHOOK: type: QUERY
PREHOOK: Input: default@part
#### A masked pattern was here ####
POSTHOOK: query: select b.p_mfgr, min(p_retailprice) 
from part b 
group by b.p_mfgr
having b.p_mfgr not in 
  (select p_mfgr 
  from (select p_mfgr, min(p_retailprice) l, max(p_retailprice) r, avg(p_retailprice) a from part group by p_mfgr) a 
  where min(p_retailprice) = l and r - l > 600
  )
POSTHOOK: type: QUERY
POSTHOOK: Input: default@part
#### A masked pattern was here ####
Manufacturer#1	1173.15
Manufacturer#2	1690.68
Warning: Shuffle Join JOIN[27][tables = [$hdt$_0, $hdt$_1]] in Stage 'Stage-2:MAPRED' is a cross product
PREHOOK: query: explain
select b.p_mfgr, min(p_retailprice) 
from part b 
group by b.p_mfgr
having b.p_mfgr not in 
  (select p_mfgr 
  from part a
  group by p_mfgr
  having max(p_retailprice) - min(p_retailprice) > 600
  )
PREHOOK: type: QUERY
POSTHOOK: query: explain
select b.p_mfgr, min(p_retailprice) 
from part b 
group by b.p_mfgr
having b.p_mfgr not in 
  (select p_mfgr 
  from part a
  group by p_mfgr
  having max(p_retailprice) - min(p_retailprice) > 600
  )
POSTHOOK: type: QUERY
STAGE DEPENDENCIES:
  Stage-1 is a root stage
  Stage-2 depends on stages: Stage-1, Stage-5
  Stage-3 depends on stages: Stage-2, Stage-6
  Stage-4 is a root stage
  Stage-5 depends on stages: Stage-4
  Stage-6 is a root stage
  Stage-0 depends on stages: Stage-3

STAGE PLANS:
  Stage: Stage-1
    Map Reduce
      Map Operator Tree:
          TableScan
            alias: b
            Statistics: Num rows: 26 Data size: 3147 Basic stats: COMPLETE Column stats: NONE
            Select Operator
              expressions: p_mfgr (type: string), p_retailprice (type: double)
              outputColumnNames: p_mfgr, p_retailprice
              Statistics: Num rows: 26 Data size: 3147 Basic stats: COMPLETE Column stats: NONE
              Group By Operator
                aggregations: min(p_retailprice)
                keys: p_mfgr (type: string)
                mode: hash
                outputColumnNames: _col0, _col1
                Statistics: Num rows: 26 Data size: 3147 Basic stats: COMPLETE Column stats: NONE
                Reduce Output Operator
                  key expressions: _col0 (type: string)
                  sort order: +
                  Map-reduce partition columns: _col0 (type: string)
                  Statistics: Num rows: 26 Data size: 3147 Basic stats: COMPLETE Column stats: NONE
                  value expressions: _col1 (type: double)
      Reduce Operator Tree:
        Group By Operator
          aggregations: min(VALUE._col0)
          keys: KEY._col0 (type: string)
          mode: mergepartial
          outputColumnNames: _col0, _col1
          Statistics: Num rows: 13 Data size: 1573 Basic stats: COMPLETE Column stats: NONE
          File Output Operator
            compressed: false
            table:
                input format: org.apache.hadoop.mapred.SequenceFileInputFormat
                output format: org.apache.hadoop.hive.ql.io.HiveSequenceFileOutputFormat
                serde: org.apache.hadoop.hive.serde2.lazybinary.LazyBinarySerDe

  Stage: Stage-2
    Map Reduce
      Map Operator Tree:
          TableScan
            Reduce Output Operator
              sort order: 
              Statistics: Num rows: 13 Data size: 1573 Basic stats: COMPLETE Column stats: NONE
              value expressions: _col0 (type: string), _col1 (type: double)
          TableScan
            Reduce Output Operator
              sort order: 
              Statistics: Num rows: 1 Data size: 24 Basic stats: COMPLETE Column stats: NONE
              value expressions: _col0 (type: bigint), _col1 (type: bigint)
      Reduce Operator Tree:
        Join Operator
          condition map:
               Inner Join 0 to 1
          keys:
            0 
            1 
          outputColumnNames: _col0, _col1, _col2, _col3
          Statistics: Num rows: 13 Data size: 1898 Basic stats: COMPLETE Column stats: NONE
          File Output Operator
            compressed: false
            table:
                input format: org.apache.hadoop.mapred.SequenceFileInputFormat
                output format: org.apache.hadoop.hive.ql.io.HiveSequenceFileOutputFormat
                serde: org.apache.hadoop.hive.serde2.lazybinary.LazyBinarySerDe

  Stage: Stage-3
    Map Reduce
      Map Operator Tree:
          TableScan
            Reduce Output Operator
              key expressions: _col0 (type: string)
              sort order: +
              Map-reduce partition columns: _col0 (type: string)
              Statistics: Num rows: 13 Data size: 1898 Basic stats: COMPLETE Column stats: NONE
              value expressions: _col1 (type: double), _col2 (type: bigint), _col3 (type: bigint)
          TableScan
            Reduce Output Operator
              key expressions: _col0 (type: string)
              sort order: +
              Map-reduce partition columns: _col0 (type: string)
              Statistics: Num rows: 4 Data size: 484 Basic stats: COMPLETE Column stats: NONE
              value expressions: _col1 (type: boolean)
      Reduce Operator Tree:
        Join Operator
          condition map:
               Left Outer Join 0 to 1
          keys:
            0 _col0 (type: string)
            1 _col0 (type: string)
          outputColumnNames: _col0, _col1, _col2, _col3, _col5
          Statistics: Num rows: 14 Data size: 2087 Basic stats: COMPLETE Column stats: NONE
          Filter Operator
            predicate: ((_col2 = 0L) or (_col5 is null and _col0 is not null and (_col3 >= _col2))) (type: boolean)
            Statistics: Num rows: 9 Data size: 1341 Basic stats: COMPLETE Column stats: NONE
            Select Operator
              expressions: _col0 (type: string), _col1 (type: double)
              outputColumnNames: _col0, _col1
              Statistics: Num rows: 9 Data size: 1341 Basic stats: COMPLETE Column stats: NONE
              File Output Operator
                compressed: false
                Statistics: Num rows: 9 Data size: 1341 Basic stats: COMPLETE Column stats: NONE
                table:
                    input format: org.apache.hadoop.mapred.SequenceFileInputFormat
                    output format: org.apache.hadoop.hive.ql.io.HiveSequenceFileOutputFormat
                    serde: org.apache.hadoop.hive.serde2.lazy.LazySimpleSerDe

  Stage: Stage-4
    Map Reduce
      Map Operator Tree:
          TableScan
            alias: a
            Statistics: Num rows: 26 Data size: 3147 Basic stats: COMPLETE Column stats: NONE
            Select Operator
              expressions: p_mfgr (type: string), p_retailprice (type: double)
              outputColumnNames: p_mfgr, p_retailprice
              Statistics: Num rows: 26 Data size: 3147 Basic stats: COMPLETE Column stats: NONE
              Group By Operator
                aggregations: max(p_retailprice), min(p_retailprice)
                keys: p_mfgr (type: string)
                mode: hash
                outputColumnNames: _col0, _col1, _col2
                Statistics: Num rows: 26 Data size: 3147 Basic stats: COMPLETE Column stats: NONE
                Reduce Output Operator
                  key expressions: _col0 (type: string)
                  sort order: +
                  Map-reduce partition columns: _col0 (type: string)
                  Statistics: Num rows: 26 Data size: 3147 Basic stats: COMPLETE Column stats: NONE
                  value expressions: _col1 (type: double), _col2 (type: double)
      Reduce Operator Tree:
        Group By Operator
          aggregations: max(VALUE._col0), min(VALUE._col1)
          keys: KEY._col0 (type: string)
          mode: mergepartial
          outputColumnNames: _col0, _col1, _col2
          Statistics: Num rows: 13 Data size: 1573 Basic stats: COMPLETE Column stats: NONE
          Filter Operator
            predicate: ((_col1 - _col2) > 600.0D) (type: boolean)
            Statistics: Num rows: 4 Data size: 484 Basic stats: COMPLETE Column stats: NONE
            Select Operator
              expressions: _col0 (type: string)
              outputColumnNames: _col0
              Statistics: Num rows: 4 Data size: 484 Basic stats: COMPLETE Column stats: NONE
              Group By Operator
                aggregations: count(), count(_col0)
                mode: hash
                outputColumnNames: _col0, _col1
                Statistics: Num rows: 1 Data size: 24 Basic stats: COMPLETE Column stats: NONE
                File Output Operator
                  compressed: false
                  table:
                      input format: org.apache.hadoop.mapred.SequenceFileInputFormat
                      output format: org.apache.hadoop.hive.ql.io.HiveSequenceFileOutputFormat
                      serde: org.apache.hadoop.hive.serde2.lazybinary.LazyBinarySerDe

  Stage: Stage-5
    Map Reduce
      Map Operator Tree:
          TableScan
            Reduce Output Operator
              sort order: 
              Statistics: Num rows: 1 Data size: 24 Basic stats: COMPLETE Column stats: NONE
              value expressions: _col0 (type: bigint), _col1 (type: bigint)
      Reduce Operator Tree:
        Group By Operator
          aggregations: count(VALUE._col0), count(VALUE._col1)
          mode: mergepartial
          outputColumnNames: _col0, _col1
          Statistics: Num rows: 1 Data size: 24 Basic stats: COMPLETE Column stats: NONE
          File Output Operator
            compressed: false
            table:
                input format: org.apache.hadoop.mapred.SequenceFileInputFormat
                output format: org.apache.hadoop.hive.ql.io.HiveSequenceFileOutputFormat
                serde: org.apache.hadoop.hive.serde2.lazybinary.LazyBinarySerDe

  Stage: Stage-6
    Map Reduce
      Map Operator Tree:
          TableScan
            alias: a
            Statistics: Num rows: 26 Data size: 3147 Basic stats: COMPLETE Column stats: NONE
            Select Operator
              expressions: p_mfgr (type: string), p_retailprice (type: double)
              outputColumnNames: p_mfgr, p_retailprice
              Statistics: Num rows: 26 Data size: 3147 Basic stats: COMPLETE Column stats: NONE
              Group By Operator
                aggregations: max(p_retailprice), min(p_retailprice)
                keys: p_mfgr (type: string)
                mode: hash
                outputColumnNames: _col0, _col1, _col2
                Statistics: Num rows: 26 Data size: 3147 Basic stats: COMPLETE Column stats: NONE
                Reduce Output Operator
                  key expressions: _col0 (type: string)
                  sort order: +
                  Map-reduce partition columns: _col0 (type: string)
                  Statistics: Num rows: 26 Data size: 3147 Basic stats: COMPLETE Column stats: NONE
                  value expressions: _col1 (type: double), _col2 (type: double)
      Reduce Operator Tree:
        Group By Operator
          aggregations: max(VALUE._col0), min(VALUE._col1)
          keys: KEY._col0 (type: string)
          mode: mergepartial
          outputColumnNames: _col0, _col1, _col2
          Statistics: Num rows: 13 Data size: 1573 Basic stats: COMPLETE Column stats: NONE
          Filter Operator
            predicate: ((_col1 - _col2) > 600.0D) (type: boolean)
            Statistics: Num rows: 4 Data size: 484 Basic stats: COMPLETE Column stats: NONE
            Select Operator
              expressions: _col0 (type: string), true (type: boolean)
              outputColumnNames: _col0, _col1
              Statistics: Num rows: 4 Data size: 484 Basic stats: COMPLETE Column stats: NONE
              File Output Operator
                compressed: false
                table:
                    input format: org.apache.hadoop.mapred.SequenceFileInputFormat
                    output format: org.apache.hadoop.hive.ql.io.HiveSequenceFileOutputFormat
                    serde: org.apache.hadoop.hive.serde2.lazybinary.LazyBinarySerDe

  Stage: Stage-0
    Fetch Operator
      limit: -1
      Processor Tree:
        ListSink

Warning: Shuffle Join JOIN[27][tables = [$hdt$_0, $hdt$_1]] in Stage 'Stage-2:MAPRED' is a cross product
PREHOOK: query: select b.p_mfgr, min(p_retailprice) 
from part b 
group by b.p_mfgr
having b.p_mfgr not in 
  (select p_mfgr 
  from part a
  group by p_mfgr
  having max(p_retailprice) - min(p_retailprice) > 600
  )
PREHOOK: type: QUERY
PREHOOK: Input: default@part
#### A masked pattern was here ####
POSTHOOK: query: select b.p_mfgr, min(p_retailprice) 
from part b 
group by b.p_mfgr
having b.p_mfgr not in 
  (select p_mfgr 
  from part a
  group by p_mfgr
  having max(p_retailprice) - min(p_retailprice) > 600
  )
POSTHOOK: type: QUERY
POSTHOOK: Input: default@part
#### A masked pattern was here ####
Manufacturer#1	1173.15
Manufacturer#2	1690.68
PREHOOK: query: CREATE TABLE t1 (c1 INT, c2 CHAR(100))
PREHOOK: type: CREATETABLE
PREHOOK: Output: database:default
PREHOOK: Output: default@t1
POSTHOOK: query: CREATE TABLE t1 (c1 INT, c2 CHAR(100))
POSTHOOK: type: CREATETABLE
POSTHOOK: Output: database:default
POSTHOOK: Output: default@t1
PREHOOK: query: INSERT INTO t1 VALUES (null,null), (1,''), (2,'abcde'), (100,'abcdefghij')
PREHOOK: type: QUERY
PREHOOK: Input: _dummy_database@_dummy_table
PREHOOK: Output: default@t1
POSTHOOK: query: INSERT INTO t1 VALUES (null,null), (1,''), (2,'abcde'), (100,'abcdefghij')
POSTHOOK: type: QUERY
POSTHOOK: Input: _dummy_database@_dummy_table
POSTHOOK: Output: default@t1
POSTHOOK: Lineage: t1.c1 SCRIPT []
POSTHOOK: Lineage: t1.c2 SCRIPT []
PREHOOK: query: CREATE TABLE t2 (c1 INT)
PREHOOK: type: CREATETABLE
PREHOOK: Output: database:default
PREHOOK: Output: default@t2
POSTHOOK: query: CREATE TABLE t2 (c1 INT)
POSTHOOK: type: CREATETABLE
POSTHOOK: Output: database:default
POSTHOOK: Output: default@t2
PREHOOK: query: INSERT INTO t2 VALUES (null), (2), (100)
PREHOOK: type: QUERY
PREHOOK: Input: _dummy_database@_dummy_table
PREHOOK: Output: default@t2
POSTHOOK: query: INSERT INTO t2 VALUES (null), (2), (100)
POSTHOOK: type: QUERY
POSTHOOK: Input: _dummy_database@_dummy_table
POSTHOOK: Output: default@t2
POSTHOOK: Lineage: t2.c1 SCRIPT []
Warning: Shuffle Join JOIN[20][tables = [$hdt$_0, $hdt$_1]] in Stage 'Stage-2:MAPRED' is a cross product
PREHOOK: query: explain SELECT c1 FROM t1 group by c1 having c1 NOT IN (SELECT c1 FROM t2)
PREHOOK: type: QUERY
POSTHOOK: query: explain SELECT c1 FROM t1 group by c1 having c1 NOT IN (SELECT c1 FROM t2)
POSTHOOK: type: QUERY
STAGE DEPENDENCIES:
  Stage-1 is a root stage
  Stage-2 depends on stages: Stage-1, Stage-4
  Stage-3 depends on stages: Stage-2, Stage-5
  Stage-4 is a root stage
  Stage-5 is a root stage
  Stage-0 depends on stages: Stage-3

STAGE PLANS:
  Stage: Stage-1
    Map Reduce
      Map Operator Tree:
          TableScan
            alias: t1
            Statistics: Num rows: 4 Data size: 313 Basic stats: COMPLETE Column stats: NONE
            Select Operator
              expressions: c1 (type: int)
              outputColumnNames: c1
              Statistics: Num rows: 4 Data size: 313 Basic stats: COMPLETE Column stats: NONE
              Group By Operator
                keys: c1 (type: int)
                mode: hash
                outputColumnNames: _col0
                Statistics: Num rows: 4 Data size: 313 Basic stats: COMPLETE Column stats: NONE
                Reduce Output Operator
                  key expressions: _col0 (type: int)
                  sort order: +
                  Map-reduce partition columns: _col0 (type: int)
                  Statistics: Num rows: 4 Data size: 313 Basic stats: COMPLETE Column stats: NONE
      Reduce Operator Tree:
        Group By Operator
          keys: KEY._col0 (type: int)
          mode: mergepartial
          outputColumnNames: _col0
          Statistics: Num rows: 2 Data size: 156 Basic stats: COMPLETE Column stats: NONE
          File Output Operator
            compressed: false
            table:
                input format: org.apache.hadoop.mapred.SequenceFileInputFormat
                output format: org.apache.hadoop.hive.ql.io.HiveSequenceFileOutputFormat
                serde: org.apache.hadoop.hive.serde2.lazybinary.LazyBinarySerDe

  Stage: Stage-2
    Map Reduce
      Map Operator Tree:
          TableScan
            Reduce Output Operator
              sort order: 
              Statistics: Num rows: 2 Data size: 156 Basic stats: COMPLETE Column stats: NONE
              value expressions: _col0 (type: int)
          TableScan
            Reduce Output Operator
              sort order: 
              Statistics: Num rows: 1 Data size: 16 Basic stats: COMPLETE Column stats: NONE
              value expressions: _col0 (type: bigint), _col1 (type: bigint)
      Reduce Operator Tree:
        Join Operator
          condition map:
               Inner Join 0 to 1
          keys:
            0 
            1 
          outputColumnNames: _col0, _col1, _col2
          Statistics: Num rows: 2 Data size: 190 Basic stats: COMPLETE Column stats: NONE
          File Output Operator
            compressed: false
            table:
                input format: org.apache.hadoop.mapred.SequenceFileInputFormat
                output format: org.apache.hadoop.hive.ql.io.HiveSequenceFileOutputFormat
                serde: org.apache.hadoop.hive.serde2.lazybinary.LazyBinarySerDe

  Stage: Stage-3
    Map Reduce
      Map Operator Tree:
          TableScan
            Reduce Output Operator
              key expressions: _col0 (type: int)
              sort order: +
              Map-reduce partition columns: _col0 (type: int)
              Statistics: Num rows: 2 Data size: 190 Basic stats: COMPLETE Column stats: NONE
              value expressions: _col1 (type: bigint), _col2 (type: bigint)
          TableScan
            Reduce Output Operator
              key expressions: _col0 (type: int)
              sort order: +
              Map-reduce partition columns: _col0 (type: int)
              Statistics: Num rows: 1 Data size: 2 Basic stats: COMPLETE Column stats: NONE
              value expressions: _col1 (type: boolean)
      Reduce Operator Tree:
        Join Operator
          condition map:
               Left Outer Join 0 to 1
          keys:
            0 _col0 (type: int)
            1 _col0 (type: int)
          outputColumnNames: _col0, _col1, _col2, _col4
          Statistics: Num rows: 2 Data size: 209 Basic stats: COMPLETE Column stats: NONE
          Filter Operator
            predicate: ((_col1 = 0L) or (_col4 is null and _col0 is not null and (_col2 >= _col1))) (type: boolean)
            Statistics: Num rows: 1 Data size: 104 Basic stats: COMPLETE Column stats: NONE
            Select Operator
              expressions: _col0 (type: int)
              outputColumnNames: _col0
              Statistics: Num rows: 1 Data size: 104 Basic stats: COMPLETE Column stats: NONE
              File Output Operator
                compressed: false
                Statistics: Num rows: 1 Data size: 104 Basic stats: COMPLETE Column stats: NONE
                table:
                    input format: org.apache.hadoop.mapred.SequenceFileInputFormat
                    output format: org.apache.hadoop.hive.ql.io.HiveSequenceFileOutputFormat
                    serde: org.apache.hadoop.hive.serde2.lazy.LazySimpleSerDe

  Stage: Stage-4
    Map Reduce
      Map Operator Tree:
          TableScan
            alias: t2
            Statistics: Num rows: 3 Data size: 6 Basic stats: COMPLETE Column stats: NONE
            Select Operator
              expressions: c1 (type: int)
              outputColumnNames: c1
              Statistics: Num rows: 3 Data size: 6 Basic stats: COMPLETE Column stats: NONE
              Group By Operator
                aggregations: count(), count(c1)
                mode: hash
                outputColumnNames: _col0, _col1
                Statistics: Num rows: 1 Data size: 16 Basic stats: COMPLETE Column stats: NONE
                Reduce Output Operator
                  sort order: 
                  Statistics: Num rows: 1 Data size: 16 Basic stats: COMPLETE Column stats: NONE
                  value expressions: _col0 (type: bigint), _col1 (type: bigint)
      Reduce Operator Tree:
        Group By Operator
          aggregations: count(VALUE._col0), count(VALUE._col1)
          mode: mergepartial
          outputColumnNames: _col0, _col1
          Statistics: Num rows: 1 Data size: 16 Basic stats: COMPLETE Column stats: NONE
          File Output Operator
            compressed: false
            table:
                input format: org.apache.hadoop.mapred.SequenceFileInputFormat
                output format: org.apache.hadoop.hive.ql.io.HiveSequenceFileOutputFormat
                serde: org.apache.hadoop.hive.serde2.lazybinary.LazyBinarySerDe

  Stage: Stage-5
    Map Reduce
      Map Operator Tree:
          TableScan
            alias: t2
            Statistics: Num rows: 3 Data size: 6 Basic stats: COMPLETE Column stats: NONE
            Select Operator
              expressions: c1 (type: int)
              outputColumnNames: c1
              Statistics: Num rows: 3 Data size: 6 Basic stats: COMPLETE Column stats: NONE
              Group By Operator
                keys: c1 (type: int)
                mode: hash
                outputColumnNames: _col0
                Statistics: Num rows: 3 Data size: 6 Basic stats: COMPLETE Column stats: NONE
                Reduce Output Operator
                  key expressions: _col0 (type: int)
                  sort order: +
                  Map-reduce partition columns: _col0 (type: int)
                  Statistics: Num rows: 3 Data size: 6 Basic stats: COMPLETE Column stats: NONE
      Reduce Operator Tree:
        Group By Operator
          keys: KEY._col0 (type: int)
          mode: mergepartial
          outputColumnNames: _col0
          Statistics: Num rows: 1 Data size: 2 Basic stats: COMPLETE Column stats: NONE
          Select Operator
            expressions: _col0 (type: int), true (type: boolean)
            outputColumnNames: _col0, _col1
            Statistics: Num rows: 1 Data size: 2 Basic stats: COMPLETE Column stats: NONE
            File Output Operator
              compressed: false
              table:
                  input format: org.apache.hadoop.mapred.SequenceFileInputFormat
                  output format: org.apache.hadoop.hive.ql.io.HiveSequenceFileOutputFormat
                  serde: org.apache.hadoop.hive.serde2.lazybinary.LazyBinarySerDe

  Stage: Stage-0
    Fetch Operator
      limit: -1
      Processor Tree:
        ListSink

Warning: Shuffle Join JOIN[20][tables = [$hdt$_0, $hdt$_1]] in Stage 'Stage-2:MAPRED' is a cross product
PREHOOK: query: SELECT c1 FROM t1 group by c1 having c1 NOT IN (SELECT c1 FROM t2)
PREHOOK: type: QUERY
PREHOOK: Input: default@t1
PREHOOK: Input: default@t2
#### A masked pattern was here ####
POSTHOOK: query: SELECT c1 FROM t1 group by c1 having c1 NOT IN (SELECT c1 FROM t2)
POSTHOOK: type: QUERY
POSTHOOK: Input: default@t1
POSTHOOK: Input: default@t2
#### A masked pattern was here ####
PREHOOK: query: explain SELECT c1 FROM t1 group by c1 having c1 NOT IN (SELECT c1 FROM t2 where t1.c1=t2.c1)
PREHOOK: type: QUERY
POSTHOOK: query: explain SELECT c1 FROM t1 group by c1 having c1 NOT IN (SELECT c1 FROM t2 where t1.c1=t2.c1)
POSTHOOK: type: QUERY
STAGE DEPENDENCIES:
  Stage-1 is a root stage
  Stage-2 depends on stages: Stage-1, Stage-3, Stage-5
  Stage-3 is a root stage
  Stage-4 is a root stage
  Stage-5 depends on stages: Stage-4, Stage-6
  Stage-6 is a root stage
  Stage-0 depends on stages: Stage-2

STAGE PLANS:
  Stage: Stage-1
    Map Reduce
      Map Operator Tree:
          TableScan
            alias: t1
            Statistics: Num rows: 4 Data size: 313 Basic stats: COMPLETE Column stats: NONE
            Select Operator
              expressions: c1 (type: int)
              outputColumnNames: c1
              Statistics: Num rows: 4 Data size: 313 Basic stats: COMPLETE Column stats: NONE
              Group By Operator
                keys: c1 (type: int)
                mode: hash
                outputColumnNames: _col0
                Statistics: Num rows: 4 Data size: 313 Basic stats: COMPLETE Column stats: NONE
                Reduce Output Operator
                  key expressions: _col0 (type: int)
                  sort order: +
                  Map-reduce partition columns: _col0 (type: int)
                  Statistics: Num rows: 4 Data size: 313 Basic stats: COMPLETE Column stats: NONE
      Reduce Operator Tree:
        Group By Operator
          keys: KEY._col0 (type: int)
          mode: mergepartial
          outputColumnNames: _col0
          Statistics: Num rows: 2 Data size: 156 Basic stats: COMPLETE Column stats: NONE
          File Output Operator
            compressed: false
            table:
                input format: org.apache.hadoop.mapred.SequenceFileInputFormat
                output format: org.apache.hadoop.hive.ql.io.HiveSequenceFileOutputFormat
                serde: org.apache.hadoop.hive.serde2.lazybinary.LazyBinarySerDe

  Stage: Stage-2
    Map Reduce
      Map Operator Tree:
          TableScan
            Reduce Output Operator
              key expressions: _col0 (type: int)
              sort order: +
              Map-reduce partition columns: _col0 (type: int)
              Statistics: Num rows: 2 Data size: 156 Basic stats: COMPLETE Column stats: NONE
          TableScan
            Reduce Output Operator
              key expressions: _col0 (type: int)
              sort order: +
              Map-reduce partition columns: _col0 (type: int)
              Statistics: Num rows: 1 Data size: 2 Basic stats: COMPLETE Column stats: NONE
              value expressions: _col1 (type: bigint), _col2 (type: bigint)
          TableScan
            Reduce Output Operator
              key expressions: _col2 (type: int)
              sort order: +
              Map-reduce partition columns: _col2 (type: int)
              Statistics: Num rows: 2 Data size: 171 Basic stats: COMPLETE Column stats: NONE
              value expressions: _col1 (type: boolean)
      Reduce Operator Tree:
        Join Operator
          condition map:
               Left Outer Join 0 to 1
               Left Outer Join 0 to 2
          keys:
            0 _col0 (type: int)
            1 _col0 (type: int)
            2 _col2 (type: int)
          outputColumnNames: _col0, _col2, _col3, _col5
          Statistics: Num rows: 4 Data size: 343 Basic stats: COMPLETE Column stats: NONE
          Filter Operator
            predicate: (not CASE WHEN ((_col2 = 0L)) THEN (false) WHEN (_col2 is null) THEN (false) WHEN (_col5 is not null) THEN (true) WHEN (_col0 is null) THEN (null) WHEN ((_col3 < _col2)) THEN (true) ELSE (false) END) (type: boolean)
            Statistics: Num rows: 2 Data size: 171 Basic stats: COMPLETE Column stats: NONE
            Select Operator
              expressions: _col0 (type: int)
              outputColumnNames: _col0
              Statistics: Num rows: 2 Data size: 171 Basic stats: COMPLETE Column stats: NONE
              File Output Operator
                compressed: false
                Statistics: Num rows: 2 Data size: 171 Basic stats: COMPLETE Column stats: NONE
                table:
                    input format: org.apache.hadoop.mapred.SequenceFileInputFormat
                    output format: org.apache.hadoop.hive.ql.io.HiveSequenceFileOutputFormat
                    serde: org.apache.hadoop.hive.serde2.lazy.LazySimpleSerDe

  Stage: Stage-3
    Map Reduce
      Map Operator Tree:
          TableScan
            alias: t2
            Statistics: Num rows: 3 Data size: 6 Basic stats: COMPLETE Column stats: NONE
            Filter Operator
              predicate: c1 is not null (type: boolean)
              Statistics: Num rows: 3 Data size: 6 Basic stats: COMPLETE Column stats: NONE
              Group By Operator
                aggregations: count(), count(c1)
                keys: c1 (type: int)
                mode: hash
                outputColumnNames: _col0, _col1, _col2
                Statistics: Num rows: 3 Data size: 6 Basic stats: COMPLETE Column stats: NONE
                Reduce Output Operator
                  key expressions: _col0 (type: int)
                  sort order: +
                  Map-reduce partition columns: _col0 (type: int)
                  Statistics: Num rows: 3 Data size: 6 Basic stats: COMPLETE Column stats: NONE
                  value expressions: _col1 (type: bigint), _col2 (type: bigint)
      Reduce Operator Tree:
        Group By Operator
          aggregations: count(VALUE._col0), count(VALUE._col1)
          keys: KEY._col0 (type: int)
          mode: mergepartial
          outputColumnNames: _col0, _col1, _col2
          Statistics: Num rows: 1 Data size: 2 Basic stats: COMPLETE Column stats: NONE
          File Output Operator
            compressed: false
            table:
                input format: org.apache.hadoop.mapred.SequenceFileInputFormat
                output format: org.apache.hadoop.hive.ql.io.HiveSequenceFileOutputFormat
                serde: org.apache.hadoop.hive.serde2.lazybinary.LazyBinarySerDe

  Stage: Stage-4
    Map Reduce
      Map Operator Tree:
          TableScan
            alias: t2
            Statistics: Num rows: 3 Data size: 6 Basic stats: COMPLETE Column stats: NONE
            Filter Operator
              predicate: c1 is not null (type: boolean)
              Statistics: Num rows: 3 Data size: 6 Basic stats: COMPLETE Column stats: NONE
              Group By Operator
                keys: c1 (type: int)
                mode: hash
                outputColumnNames: _col0
                Statistics: Num rows: 3 Data size: 6 Basic stats: COMPLETE Column stats: NONE
                Reduce Output Operator
                  key expressions: _col0 (type: int)
                  sort order: +
                  Map-reduce partition columns: _col0 (type: int)
                  Statistics: Num rows: 3 Data size: 6 Basic stats: COMPLETE Column stats: NONE
      Reduce Operator Tree:
        Group By Operator
          keys: KEY._col0 (type: int)
          mode: mergepartial
          outputColumnNames: _col0
          Statistics: Num rows: 1 Data size: 2 Basic stats: COMPLETE Column stats: NONE
          Select Operator
            expressions: _col0 (type: int), true (type: boolean)
            outputColumnNames: _col0, _col1
            Statistics: Num rows: 1 Data size: 2 Basic stats: COMPLETE Column stats: NONE
            File Output Operator
              compressed: false
              table:
                  input format: org.apache.hadoop.mapred.SequenceFileInputFormat
                  output format: org.apache.hadoop.hive.ql.io.HiveSequenceFileOutputFormat
                  serde: org.apache.hadoop.hive.serde2.lazybinary.LazyBinarySerDe

  Stage: Stage-5
    Map Reduce
      Map Operator Tree:
          TableScan
            Reduce Output Operator
              key expressions: _col0 (type: int)
              sort order: +
              Map-reduce partition columns: _col0 (type: int)
              Statistics: Num rows: 1 Data size: 2 Basic stats: COMPLETE Column stats: NONE
              value expressions: _col1 (type: boolean)
          TableScan
            Reduce Output Operator
              key expressions: _col0 (type: int)
              sort order: +
              Map-reduce partition columns: _col0 (type: int)
              Statistics: Num rows: 2 Data size: 156 Basic stats: COMPLETE Column stats: NONE
      Reduce Operator Tree:
        Join Operator
          condition map:
               Inner Join 0 to 1
          keys:
            0 _col0 (type: int)
            1 _col0 (type: int)
          outputColumnNames: _col1, _col2
          Statistics: Num rows: 2 Data size: 171 Basic stats: COMPLETE Column stats: NONE
          File Output Operator
            compressed: false
            table:
                input format: org.apache.hadoop.mapred.SequenceFileInputFormat
                output format: org.apache.hadoop.hive.ql.io.HiveSequenceFileOutputFormat
                serde: org.apache.hadoop.hive.serde2.lazybinary.LazyBinarySerDe

  Stage: Stage-6
    Map Reduce
      Map Operator Tree:
          TableScan
            alias: t1
            Statistics: Num rows: 4 Data size: 313 Basic stats: COMPLETE Column stats: NONE
            Select Operator
              expressions: c1 (type: int)
              outputColumnNames: c1
              Statistics: Num rows: 4 Data size: 313 Basic stats: COMPLETE Column stats: NONE
              Group By Operator
                keys: c1 (type: int)
                mode: hash
                outputColumnNames: _col0
                Statistics: Num rows: 4 Data size: 313 Basic stats: COMPLETE Column stats: NONE
                Reduce Output Operator
                  key expressions: _col0 (type: int)
                  sort order: +
                  Map-reduce partition columns: _col0 (type: int)
                  Statistics: Num rows: 4 Data size: 313 Basic stats: COMPLETE Column stats: NONE
      Reduce Operator Tree:
        Group By Operator
          keys: KEY._col0 (type: int)
          mode: mergepartial
          outputColumnNames: _col0
          Statistics: Num rows: 2 Data size: 156 Basic stats: COMPLETE Column stats: NONE
          File Output Operator
            compressed: false
            table:
                input format: org.apache.hadoop.mapred.SequenceFileInputFormat
                output format: org.apache.hadoop.hive.ql.io.HiveSequenceFileOutputFormat
                serde: org.apache.hadoop.hive.serde2.lazybinary.LazyBinarySerDe

  Stage: Stage-0
    Fetch Operator
      limit: -1
      Processor Tree:
        ListSink

PREHOOK: query: SELECT c1 FROM t1 group by c1 having c1 NOT IN (SELECT c1 FROM t2 where t1.c1=t2.c1)
PREHOOK: type: QUERY
PREHOOK: Input: default@t1
PREHOOK: Input: default@t2
#### A masked pattern was here ####
POSTHOOK: query: SELECT c1 FROM t1 group by c1 having c1 NOT IN (SELECT c1 FROM t2 where t1.c1=t2.c1)
POSTHOOK: type: QUERY
POSTHOOK: Input: default@t1
POSTHOOK: Input: default@t2
#### A masked pattern was here ####
NULL
1
PREHOOK: query: DROP TABLE t1
PREHOOK: type: DROPTABLE
PREHOOK: Input: default@t1
PREHOOK: Output: default@t1
POSTHOOK: query: DROP TABLE t1
POSTHOOK: type: DROPTABLE
POSTHOOK: Input: default@t1
POSTHOOK: Output: default@t1
PREHOOK: query: DROP TABLE t2
PREHOOK: type: DROPTABLE
PREHOOK: Input: default@t2
PREHOOK: Output: default@t2
POSTHOOK: query: DROP TABLE t2
POSTHOOK: type: DROPTABLE
POSTHOOK: Input: default@t2
POSTHOOK: Output: default@t2
