PREHOOK: query: explain select cast('2005-01-03 02:01:00 GMT' as timestamp with local time zone)
PREHOOK: type: QUERY
POSTHOOK: query: explain select cast('2005-01-03 02:01:00 GMT' as timestamp with local time zone)
POSTHOOK: type: QUERY
STAGE DEPENDENCIES:
  Stage-0 is a root stage

STAGE PLANS:
  Stage: Stage-0
    Fetch Operator
      limit: -1
      Processor Tree:
        TableScan
          alias: _dummy_table
          Row Limit Per Split: 1
          Statistics: Num rows: 1 Data size: 10 Basic stats: COMPLETE Column stats: COMPLETE
          Select Operator
            expressions: TIMESTAMPLOCALTZ'2005-01-02 18:01:00.0 US/Pacific' (type: timestamp with local time zone)
            outputColumnNames: _col0
            Statistics: Num rows: 1 Data size: 40 Basic stats: COMPLETE Column stats: COMPLETE
            ListSink

PREHOOK: query: select cast('2005-01-03 02:01:00 GMT' as timestamp with local time zone)
PREHOOK: type: QUERY
PREHOOK: Input: _dummy_database@_dummy_table
#### A masked pattern was here ####
POSTHOOK: query: select cast('2005-01-03 02:01:00 GMT' as timestamp with local time zone)
POSTHOOK: type: QUERY
POSTHOOK: Input: _dummy_database@_dummy_table
#### A masked pattern was here ####
2005-01-02 18:01:00.0 US/Pacific
PREHOOK: query: explain select cast('2016-01-03 12:26:34.0123 America/Los_Angeles' as timestamplocaltz)
PREHOOK: type: QUERY
POSTHOOK: query: explain select cast('2016-01-03 12:26:34.0123 America/Los_Angeles' as timestamplocaltz)
POSTHOOK: type: QUERY
STAGE DEPENDENCIES:
  Stage-0 is a root stage

STAGE PLANS:
  Stage: Stage-0
    Fetch Operator
      limit: -1
      Processor Tree:
        TableScan
          alias: _dummy_table
          Row Limit Per Split: 1
          Statistics: Num rows: 1 Data size: 10 Basic stats: COMPLETE Column stats: COMPLETE
          Select Operator
            expressions: TIMESTAMPLOCALTZ'2016-01-03 12:26:34.0123 US/Pacific' (type: timestamp with local time zone)
            outputColumnNames: _col0
            Statistics: Num rows: 1 Data size: 40 Basic stats: COMPLETE Column stats: COMPLETE
            ListSink

PREHOOK: query: select cast('2016-01-03 12:26:34.0123 America/Los_Angeles' as timestamplocaltz)
PREHOOK: type: QUERY
PREHOOK: Input: _dummy_database@_dummy_table
#### A masked pattern was here ####
POSTHOOK: query: select cast('2016-01-03 12:26:34.0123 America/Los_Angeles' as timestamplocaltz)
POSTHOOK: type: QUERY
POSTHOOK: Input: _dummy_database@_dummy_table
#### A masked pattern was here ####
2016-01-03 12:26:34.0123 US/Pacific
PREHOOK: query: explain select cast('2016-01-03Europe/London' as timestamplocaltz)
PREHOOK: type: QUERY
POSTHOOK: query: explain select cast('2016-01-03Europe/London' as timestamplocaltz)
POSTHOOK: type: QUERY
STAGE DEPENDENCIES:
  Stage-0 is a root stage

STAGE PLANS:
  Stage: Stage-0
    Fetch Operator
      limit: -1
      Processor Tree:
        TableScan
          alias: _dummy_table
          Row Limit Per Split: 1
          Statistics: Num rows: 1 Data size: 10 Basic stats: COMPLETE Column stats: COMPLETE
          Select Operator
            expressions: TIMESTAMPLOCALTZ'2016-01-02 16:00:00.0 US/Pacific' (type: timestamp with local time zone)
            outputColumnNames: _col0
            Statistics: Num rows: 1 Data size: 40 Basic stats: COMPLETE Column stats: COMPLETE
            ListSink

PREHOOK: query: select cast('2016-01-03Europe/London' as timestamplocaltz)
PREHOOK: type: QUERY
PREHOOK: Input: _dummy_database@_dummy_table
#### A masked pattern was here ####
POSTHOOK: query: select cast('2016-01-03Europe/London' as timestamplocaltz)
POSTHOOK: type: QUERY
POSTHOOK: Input: _dummy_database@_dummy_table
#### A masked pattern was here ####
2016-01-02 16:00:00.0 US/Pacific
PREHOOK: query: explain select cast('2016-01-03 13:34:56.38 +1:00' as timestamplocaltz)
PREHOOK: type: QUERY
POSTHOOK: query: explain select cast('2016-01-03 13:34:56.38 +1:00' as timestamplocaltz)
POSTHOOK: type: QUERY
STAGE DEPENDENCIES:
  Stage-0 is a root stage

STAGE PLANS:
  Stage: Stage-0
    Fetch Operator
      limit: -1
      Processor Tree:
        TableScan
          alias: _dummy_table
          Row Limit Per Split: 1
          Statistics: Num rows: 1 Data size: 10 Basic stats: COMPLETE Column stats: COMPLETE
          Select Operator
            expressions: TIMESTAMPLOCALTZ'2016-01-03 04:34:56.38 US/Pacific' (type: timestamp with local time zone)
            outputColumnNames: _col0
            Statistics: Num rows: 1 Data size: 40 Basic stats: COMPLETE Column stats: COMPLETE
            ListSink

PREHOOK: query: select cast('2016-01-03 13:34:56.38 +1:00' as timestamplocaltz)
PREHOOK: type: QUERY
PREHOOK: Input: _dummy_database@_dummy_table
#### A masked pattern was here ####
POSTHOOK: query: select cast('2016-01-03 13:34:56.38 +1:00' as timestamplocaltz)
POSTHOOK: type: QUERY
POSTHOOK: Input: _dummy_database@_dummy_table
#### A masked pattern was here ####
2016-01-03 04:34:56.38 US/Pacific
