PREHOOK: query: EXPLAIN
SELECT key, SUM(CAST(SUBSTR(value,5) AS INT)) FROM src GROUP BY key ORDER BY key LIMIT 5
PREHOOK: type: QUERY
PREHOOK: Input: default@src
#### A masked pattern was here ####
POSTHOOK: query: EXPLAIN
SELECT key, SUM(CAST(SUBSTR(value,5) AS INT)) FROM src GROUP BY key ORDER BY key LIMIT 5
POSTHOOK: type: QUERY
POSTHOOK: Input: default@src
#### A masked pattern was here ####
STAGE DEPENDENCIES:
  Stage-1 is a root stage
  Stage-2 depends on stages: Stage-1
  Stage-0 depends on stages: Stage-2

STAGE PLANS:
  Stage: Stage-1
    Map Reduce
      Map Operator Tree:
          TableScan
            alias: src
            Statistics: Num rows: 500 Data size: 89000 Basic stats: COMPLETE Column stats: COMPLETE
            Select Operator
              expressions: key (type: string), UDFToInteger(substr(value, 5)) (type: int)
              outputColumnNames: _col0, _col1
              Statistics: Num rows: 500 Data size: 89000 Basic stats: COMPLETE Column stats: COMPLETE
              Group By Operator
                aggregations: sum(_col1)
                keys: _col0 (type: string)
                minReductionHashAggr: 0.99
                mode: hash
                outputColumnNames: _col0, _col1
                Statistics: Num rows: 250 Data size: 23750 Basic stats: COMPLETE Column stats: COMPLETE
                Reduce Output Operator
                  key expressions: _col0 (type: string)
                  sort order: +
                  Map-reduce partition columns: _col0 (type: string)
                  Statistics: Num rows: 250 Data size: 23750 Basic stats: COMPLETE Column stats: COMPLETE
                  TopN Hash Memory Usage: 0.1
                  value expressions: _col1 (type: bigint)
      Reduce Operator Tree:
        Group By Operator
          aggregations: sum(VALUE._col0)
          keys: KEY._col0 (type: string)
          mode: mergepartial
          outputColumnNames: _col0, _col1
          Statistics: Num rows: 250 Data size: 23750 Basic stats: COMPLETE Column stats: COMPLETE
          File Output Operator
            compressed: false
            table:
                input format: org.apache.hadoop.mapred.SequenceFileInputFormat
                output format: org.apache.hadoop.hive.ql.io.HiveSequenceFileOutputFormat
                serde: org.apache.hadoop.hive.serde2.lazybinary.LazyBinarySerDe

  Stage: Stage-2
    Map Reduce
      Map Operator Tree:
          TableScan
            Reduce Output Operator
              key expressions: _col0 (type: string)
              sort order: +
              Statistics: Num rows: 250 Data size: 23750 Basic stats: COMPLETE Column stats: COMPLETE
              TopN Hash Memory Usage: 0.1
              value expressions: _col1 (type: bigint)
      Reduce Operator Tree:
        Select Operator
          expressions: KEY.reducesinkkey0 (type: string), VALUE._col0 (type: bigint)
          outputColumnNames: _col0, _col1
          Statistics: Num rows: 250 Data size: 23750 Basic stats: COMPLETE Column stats: COMPLETE
          Limit
            Number of rows: 5
            Statistics: Num rows: 5 Data size: 475 Basic stats: COMPLETE Column stats: COMPLETE
            File Output Operator
              compressed: false
              Statistics: Num rows: 5 Data size: 475 Basic stats: COMPLETE Column stats: COMPLETE
              table:
                  input format: org.apache.hadoop.mapred.SequenceFileInputFormat
                  output format: org.apache.hadoop.hive.ql.io.HiveSequenceFileOutputFormat
                  serde: org.apache.hadoop.hive.serde2.lazy.LazySimpleSerDe

  Stage: Stage-0
    Fetch Operator
      limit: 5
      Processor Tree:
        ListSink

PREHOOK: query: SELECT key, SUM(CAST(SUBSTR(value,5) AS INT)) FROM src GROUP BY key ORDER BY key LIMIT 5
PREHOOK: type: QUERY
PREHOOK: Input: default@src
#### A masked pattern was here ####
POSTHOOK: query: SELECT key, SUM(CAST(SUBSTR(value,5) AS INT)) FROM src GROUP BY key ORDER BY key LIMIT 5
POSTHOOK: type: QUERY
POSTHOOK: Input: default@src
#### A masked pattern was here ####
0	0
10	10
100	200
103	206
104	208
PREHOOK: query: EXPLAIN
SELECT key FROM src GROUP BY key ORDER BY key LIMIT 5
PREHOOK: type: QUERY
PREHOOK: Input: default@src
#### A masked pattern was here ####
POSTHOOK: query: EXPLAIN
SELECT key FROM src GROUP BY key ORDER BY key LIMIT 5
POSTHOOK: type: QUERY
POSTHOOK: Input: default@src
#### A masked pattern was here ####
STAGE DEPENDENCIES:
  Stage-1 is a root stage
  Stage-2 depends on stages: Stage-1
  Stage-0 depends on stages: Stage-2

STAGE PLANS:
  Stage: Stage-1
    Map Reduce
      Map Operator Tree:
          TableScan
            alias: src
            Statistics: Num rows: 500 Data size: 43500 Basic stats: COMPLETE Column stats: COMPLETE
            Select Operator
              expressions: key (type: string)
              outputColumnNames: key
              Statistics: Num rows: 500 Data size: 43500 Basic stats: COMPLETE Column stats: COMPLETE
              Group By Operator
                keys: key (type: string)
                minReductionHashAggr: 0.99
                mode: hash
                outputColumnNames: _col0
                Statistics: Num rows: 250 Data size: 21750 Basic stats: COMPLETE Column stats: COMPLETE
                Reduce Output Operator
                  key expressions: _col0 (type: string)
                  sort order: +
                  Map-reduce partition columns: _col0 (type: string)
                  Statistics: Num rows: 250 Data size: 21750 Basic stats: COMPLETE Column stats: COMPLETE
                  TopN Hash Memory Usage: 0.1
      Reduce Operator Tree:
        Group By Operator
          keys: KEY._col0 (type: string)
          mode: mergepartial
          outputColumnNames: _col0
          Statistics: Num rows: 250 Data size: 21750 Basic stats: COMPLETE Column stats: COMPLETE
          File Output Operator
            compressed: false
            table:
                input format: org.apache.hadoop.mapred.SequenceFileInputFormat
                output format: org.apache.hadoop.hive.ql.io.HiveSequenceFileOutputFormat
                serde: org.apache.hadoop.hive.serde2.lazybinary.LazyBinarySerDe

  Stage: Stage-2
    Map Reduce
      Map Operator Tree:
          TableScan
            Reduce Output Operator
              key expressions: _col0 (type: string)
              sort order: +
              Statistics: Num rows: 250 Data size: 21750 Basic stats: COMPLETE Column stats: COMPLETE
              TopN Hash Memory Usage: 0.1
      Reduce Operator Tree:
        Select Operator
          expressions: KEY.reducesinkkey0 (type: string)
          outputColumnNames: _col0
          Statistics: Num rows: 250 Data size: 21750 Basic stats: COMPLETE Column stats: COMPLETE
          Limit
            Number of rows: 5
            Statistics: Num rows: 5 Data size: 435 Basic stats: COMPLETE Column stats: COMPLETE
            File Output Operator
              compressed: false
              Statistics: Num rows: 5 Data size: 435 Basic stats: COMPLETE Column stats: COMPLETE
              table:
                  input format: org.apache.hadoop.mapred.SequenceFileInputFormat
                  output format: org.apache.hadoop.hive.ql.io.HiveSequenceFileOutputFormat
                  serde: org.apache.hadoop.hive.serde2.lazy.LazySimpleSerDe

  Stage: Stage-0
    Fetch Operator
      limit: 5
      Processor Tree:
        ListSink

PREHOOK: query: SELECT key FROM src GROUP BY key ORDER BY key LIMIT 5
PREHOOK: type: QUERY
PREHOOK: Input: default@src
#### A masked pattern was here ####
POSTHOOK: query: SELECT key FROM src GROUP BY key ORDER BY key LIMIT 5
POSTHOOK: type: QUERY
POSTHOOK: Input: default@src
#### A masked pattern was here ####
0
10
100
103
104
PREHOOK: query: explain vectorization detail
SELECT src1.key, src2.value FROM src src1 JOIN src src2 ON (src1.key = src2.key) ORDER BY src1.key LIMIT 5
PREHOOK: type: QUERY
PREHOOK: Input: default@src
#### A masked pattern was here ####
POSTHOOK: query: explain vectorization detail
SELECT src1.key, src2.value FROM src src1 JOIN src src2 ON (src1.key = src2.key) ORDER BY src1.key LIMIT 5
POSTHOOK: type: QUERY
POSTHOOK: Input: default@src
#### A masked pattern was here ####
PLAN VECTORIZATION:
  enabled: false
  enabledConditionsNotMet: [hive.vectorized.execution.enabled IS false]

STAGE DEPENDENCIES:
  Stage-1 is a root stage
  Stage-2 depends on stages: Stage-1
  Stage-0 depends on stages: Stage-2

STAGE PLANS:
  Stage: Stage-1
    Map Reduce
      Map Operator Tree:
          TableScan
            alias: src1
            filterExpr: key is not null (type: boolean)
            Statistics: Num rows: 500 Data size: 43500 Basic stats: COMPLETE Column stats: COMPLETE
            Filter Operator
              predicate: key is not null (type: boolean)
              Statistics: Num rows: 500 Data size: 43500 Basic stats: COMPLETE Column stats: COMPLETE
              Select Operator
                expressions: key (type: string)
                outputColumnNames: _col0
                Statistics: Num rows: 500 Data size: 43500 Basic stats: COMPLETE Column stats: COMPLETE
                Reduce Output Operator
                  key expressions: _col0 (type: string)
                  sort order: +
                  Map-reduce partition columns: _col0 (type: string)
                  Statistics: Num rows: 500 Data size: 43500 Basic stats: COMPLETE Column stats: COMPLETE
          TableScan
            alias: src2
            filterExpr: key is not null (type: boolean)
            Statistics: Num rows: 500 Data size: 89000 Basic stats: COMPLETE Column stats: COMPLETE
            Filter Operator
              predicate: key is not null (type: boolean)
              Statistics: Num rows: 500 Data size: 89000 Basic stats: COMPLETE Column stats: COMPLETE
              Select Operator
                expressions: key (type: string), value (type: string)
                outputColumnNames: _col0, _col1
                Statistics: Num rows: 500 Data size: 89000 Basic stats: COMPLETE Column stats: COMPLETE
                Reduce Output Operator
                  key expressions: _col0 (type: string)
                  sort order: +
                  Map-reduce partition columns: _col0 (type: string)
                  Statistics: Num rows: 500 Data size: 89000 Basic stats: COMPLETE Column stats: COMPLETE
                  value expressions: _col1 (type: string)
      Reduce Operator Tree:
        Join Operator
          condition map:
               Inner Join 0 to 1
          keys:
            0 _col0 (type: string)
            1 _col0 (type: string)
          outputColumnNames: _col0, _col2
          Statistics: Num rows: 791 Data size: 140798 Basic stats: COMPLETE Column stats: COMPLETE
          Select Operator
            expressions: _col0 (type: string), _col2 (type: string)
            outputColumnNames: _col0, _col1
            Statistics: Num rows: 791 Data size: 140798 Basic stats: COMPLETE Column stats: COMPLETE
            File Output Operator
              compressed: false
              table:
                  input format: org.apache.hadoop.mapred.SequenceFileInputFormat
                  output format: org.apache.hadoop.hive.ql.io.HiveSequenceFileOutputFormat
                  serde: org.apache.hadoop.hive.serde2.lazybinary.LazyBinarySerDe

  Stage: Stage-2
    Map Reduce
      Map Operator Tree:
          TableScan
            Reduce Output Operator
              key expressions: _col0 (type: string)
              sort order: +
              Statistics: Num rows: 791 Data size: 140798 Basic stats: COMPLETE Column stats: COMPLETE
              TopN Hash Memory Usage: 0.1
              value expressions: _col1 (type: string)
      Reduce Operator Tree:
        Select Operator
          expressions: KEY.reducesinkkey0 (type: string), VALUE._col0 (type: string)
          outputColumnNames: _col0, _col1
          Statistics: Num rows: 791 Data size: 140798 Basic stats: COMPLETE Column stats: COMPLETE
          Limit
            Number of rows: 5
            Statistics: Num rows: 5 Data size: 890 Basic stats: COMPLETE Column stats: COMPLETE
            File Output Operator
              compressed: false
              Statistics: Num rows: 5 Data size: 890 Basic stats: COMPLETE Column stats: COMPLETE
              table:
                  input format: org.apache.hadoop.mapred.SequenceFileInputFormat
                  output format: org.apache.hadoop.hive.ql.io.HiveSequenceFileOutputFormat
                  serde: org.apache.hadoop.hive.serde2.lazy.LazySimpleSerDe

  Stage: Stage-0
    Fetch Operator
      limit: 5
      Processor Tree:
        ListSink

PREHOOK: query: SELECT src1.key, src2.value FROM src src1 JOIN src src2 ON (src1.key = src2.key) ORDER BY src1.key LIMIT 5
PREHOOK: type: QUERY
PREHOOK: Input: default@src
#### A masked pattern was here ####
POSTHOOK: query: SELECT src1.key, src2.value FROM src src1 JOIN src src2 ON (src1.key = src2.key) ORDER BY src1.key LIMIT 5
POSTHOOK: type: QUERY
POSTHOOK: Input: default@src
#### A masked pattern was here ####
0	val_0
0	val_0
0	val_0
0	val_0
0	val_0
