PREHOOK: query: EXPLAIN SELECT COALESCE(0, 9223372036854775807) FROM src LIMIT 1
PREHOOK: type: QUERY
POSTHOOK: query: EXPLAIN SELECT COALESCE(0, 9223372036854775807) FROM src LIMIT 1
POSTHOOK: type: QUERY
STAGE DEPENDENCIES:
  Stage-0 is a root stage

STAGE PLANS:
  Stage: Stage-0
    Fetch Operator
      limit: 1
      Processor Tree:
        TableScan
          alias: src
          Statistics: Num rows: 500 Data size: 5312 Basic stats: COMPLETE Column stats: COMPLETE
          Select Operator
            expressions: 0 (type: bigint)
            outputColumnNames: _col0
            Statistics: Num rows: 500 Data size: 4000 Basic stats: COMPLETE Column stats: COMPLETE
            Limit
              Number of rows: 1
              Statistics: Num rows: 1 Data size: 8 Basic stats: COMPLETE Column stats: COMPLETE
              ListSink

PREHOOK: query: SELECT COALESCE(0, 9223372036854775807) FROM src LIMIT 1
PREHOOK: type: QUERY
PREHOOK: Input: default@src
#### A masked pattern was here ####
POSTHOOK: query: SELECT COALESCE(0, 9223372036854775807) FROM src LIMIT 1
POSTHOOK: type: QUERY
POSTHOOK: Input: default@src
#### A masked pattern was here ####
0
PREHOOK: query: EXPLAIN SELECT * FROM (SELECT 0 AS numcol FROM src UNION ALL SELECT 9223372036854775807 AS numcol FROM src) a ORDER BY numcol
PREHOOK: type: QUERY
POSTHOOK: query: EXPLAIN SELECT * FROM (SELECT 0 AS numcol FROM src UNION ALL SELECT 9223372036854775807 AS numcol FROM src) a ORDER BY numcol
POSTHOOK: type: QUERY
STAGE DEPENDENCIES:
  Stage-1 is a root stage
  Stage-0 depends on stages: Stage-1

STAGE PLANS:
  Stage: Stage-1
    Map Reduce
      Map Operator Tree:
          TableScan
            alias: src
            Statistics: Num rows: 500 Data size: 5312 Basic stats: COMPLETE Column stats: COMPLETE
            Select Operator
              expressions: 0 (type: bigint)
              outputColumnNames: _col0
              Statistics: Num rows: 500 Data size: 4000 Basic stats: COMPLETE Column stats: COMPLETE
              Union
                Statistics: Num rows: 1000 Data size: 8000 Basic stats: COMPLETE Column stats: COMPLETE
                Reduce Output Operator
                  key expressions: _col0 (type: bigint)
                  sort order: +
                  Statistics: Num rows: 1000 Data size: 8000 Basic stats: COMPLETE Column stats: COMPLETE
          TableScan
            alias: src
            Statistics: Num rows: 500 Data size: 5312 Basic stats: COMPLETE Column stats: COMPLETE
            Select Operator
              expressions: 9223372036854775807 (type: bigint)
              outputColumnNames: _col0
              Statistics: Num rows: 500 Data size: 4000 Basic stats: COMPLETE Column stats: COMPLETE
              Union
                Statistics: Num rows: 1000 Data size: 8000 Basic stats: COMPLETE Column stats: COMPLETE
                Reduce Output Operator
                  key expressions: _col0 (type: bigint)
                  sort order: +
                  Statistics: Num rows: 1000 Data size: 8000 Basic stats: COMPLETE Column stats: COMPLETE
      Reduce Operator Tree:
        Select Operator
          expressions: KEY.reducesinkkey0 (type: bigint)
          outputColumnNames: _col0
          Statistics: Num rows: 1000 Data size: 8000 Basic stats: COMPLETE Column stats: COMPLETE
          File Output Operator
            compressed: false
            Statistics: Num rows: 1000 Data size: 8000 Basic stats: COMPLETE Column stats: COMPLETE
            table:
                input format: org.apache.hadoop.mapred.SequenceFileInputFormat
                output format: org.apache.hadoop.hive.ql.io.HiveSequenceFileOutputFormat
                serde: org.apache.hadoop.hive.serde2.lazy.LazySimpleSerDe

  Stage: Stage-0
    Fetch Operator
      limit: -1
      Processor Tree:
        ListSink

PREHOOK: query: SELECT * FROM (SELECT 0 AS numcol FROM src UNION ALL SELECT 9223372036854775807 AS numcol FROM src) a ORDER BY numcol
PREHOOK: type: QUERY
PREHOOK: Input: default@src
#### A masked pattern was here ####
POSTHOOK: query: SELECT * FROM (SELECT 0 AS numcol FROM src UNION ALL SELECT 9223372036854775807 AS numcol FROM src) a ORDER BY numcol
POSTHOOK: type: QUERY
POSTHOOK: Input: default@src
#### A masked pattern was here ####
0
0
0
0
0
0
0
0
0
0
0
0
0
0
0
0
0
0
0
0
0
0
0
0
0
0
0
0
0
0
0
0
0
0
0
0
0
0
0
0
0
0
0
0
0
0
0
0
0
0
0
0
0
0
0
0
0
0
0
0
0
0
0
0
0
0
0
0
0
0
0
0
0
0
0
0
0
0
0
0
0
0
0
0
0
0
0
0
0
0
0
0
0
0
0
0
0
0
0
0
0
0
0
0
0
0
0
0
0
0
0
0
0
0
0
0
0
0
0
0
0
0
0
0
0
0
0
0
0
0
0
0
0
0
0
0
0
0
0
0
0
0
0
0
0
0
0
0
0
0
0
0
0
0
0
0
0
0
0
0
0
0
0
0
0
0
0
0
0
0
0
0
0
0
0
0
0
0
0
0
0
0
0
0
0
0
0
0
0
0
0
0
0
0
0
0
0
0
0
0
0
0
0
0
0
0
0
0
0
0
0
0
0
0
0
0
0
0
0
0
0
0
0
0
0
0
0
0
0
0
0
0
0
0
0
0
0
0
0
0
0
0
0
0
0
0
0
0
0
0
0
0
0
0
0
0
0
0
0
0
0
0
0
0
0
0
0
0
0
0
0
0
0
0
0
0
0
0
0
0
0
0
0
0
0
0
0
0
0
0
0
0
0
0
0
0
0
0
0
0
0
0
0
0
0
0
0
0
0
0
0
0
0
0
0
0
0
0
0
0
0
0
0
0
0
0
0
0
0
0
0
0
0
0
0
0
0
0
0
0
0
0
0
0
0
0
0
0
0
0
0
0
0
0
0
0
0
0
0
0
0
0
0
0
0
0
0
0
0
0
0
0
0
0
0
0
0
0
0
0
0
0
0
0
0
0
0
0
0
0
0
0
0
0
0
0
0
0
0
0
0
0
0
0
0
0
0
0
0
0
0
0
0
0
0
0
0
0
0
0
0
0
0
0
0
0
0
0
0
0
0
0
0
0
0
0
0
0
0
0
0
0
0
0
0
0
0
0
0
0
0
0
0
0
0
0
0
0
0
0
0
0
0
0
0
0
0
0
0
0
0
0
0
0
0
0
0
0
0
0
0
0
0
0
0
0
0
0
0
0
0
0
0
0
0
0
0
0
0
0
9223372036854775807
9223372036854775807
9223372036854775807
9223372036854775807
9223372036854775807
9223372036854775807
9223372036854775807
9223372036854775807
9223372036854775807
9223372036854775807
9223372036854775807
9223372036854775807
9223372036854775807
9223372036854775807
9223372036854775807
9223372036854775807
9223372036854775807
9223372036854775807
9223372036854775807
9223372036854775807
9223372036854775807
9223372036854775807
9223372036854775807
9223372036854775807
9223372036854775807
9223372036854775807
9223372036854775807
9223372036854775807
9223372036854775807
9223372036854775807
9223372036854775807
9223372036854775807
9223372036854775807
9223372036854775807
9223372036854775807
9223372036854775807
9223372036854775807
9223372036854775807
9223372036854775807
9223372036854775807
9223372036854775807
9223372036854775807
9223372036854775807
9223372036854775807
9223372036854775807
9223372036854775807
9223372036854775807
9223372036854775807
9223372036854775807
9223372036854775807
9223372036854775807
9223372036854775807
9223372036854775807
9223372036854775807
9223372036854775807
9223372036854775807
9223372036854775807
9223372036854775807
9223372036854775807
9223372036854775807
9223372036854775807
9223372036854775807
9223372036854775807
9223372036854775807
9223372036854775807
9223372036854775807
9223372036854775807
9223372036854775807
9223372036854775807
9223372036854775807
9223372036854775807
9223372036854775807
9223372036854775807
9223372036854775807
9223372036854775807
9223372036854775807
9223372036854775807
9223372036854775807
9223372036854775807
9223372036854775807
9223372036854775807
9223372036854775807
9223372036854775807
9223372036854775807
9223372036854775807
9223372036854775807
9223372036854775807
9223372036854775807
9223372036854775807
9223372036854775807
9223372036854775807
9223372036854775807
9223372036854775807
9223372036854775807
9223372036854775807
9223372036854775807
9223372036854775807
9223372036854775807
9223372036854775807
9223372036854775807
9223372036854775807
9223372036854775807
9223372036854775807
9223372036854775807
9223372036854775807
9223372036854775807
9223372036854775807
9223372036854775807
9223372036854775807
9223372036854775807
9223372036854775807
9223372036854775807
9223372036854775807
9223372036854775807
9223372036854775807
9223372036854775807
9223372036854775807
9223372036854775807
9223372036854775807
9223372036854775807
9223372036854775807
9223372036854775807
9223372036854775807
9223372036854775807
9223372036854775807
9223372036854775807
9223372036854775807
9223372036854775807
9223372036854775807
9223372036854775807
9223372036854775807
9223372036854775807
9223372036854775807
9223372036854775807
9223372036854775807
9223372036854775807
9223372036854775807
9223372036854775807
9223372036854775807
9223372036854775807
9223372036854775807
9223372036854775807
9223372036854775807
9223372036854775807
9223372036854775807
9223372036854775807
9223372036854775807
9223372036854775807
9223372036854775807
9223372036854775807
9223372036854775807
9223372036854775807
9223372036854775807
9223372036854775807
9223372036854775807
9223372036854775807
9223372036854775807
9223372036854775807
9223372036854775807
9223372036854775807
9223372036854775807
9223372036854775807
9223372036854775807
9223372036854775807
9223372036854775807
9223372036854775807
9223372036854775807
9223372036854775807
9223372036854775807
9223372036854775807
9223372036854775807
9223372036854775807
9223372036854775807
9223372036854775807
9223372036854775807
9223372036854775807
9223372036854775807
9223372036854775807
9223372036854775807
9223372036854775807
9223372036854775807
9223372036854775807
9223372036854775807
9223372036854775807
9223372036854775807
9223372036854775807
9223372036854775807
9223372036854775807
9223372036854775807
9223372036854775807
9223372036854775807
9223372036854775807
9223372036854775807
9223372036854775807
9223372036854775807
9223372036854775807
9223372036854775807
9223372036854775807
9223372036854775807
9223372036854775807
9223372036854775807
9223372036854775807
9223372036854775807
9223372036854775807
9223372036854775807
9223372036854775807
9223372036854775807
9223372036854775807
9223372036854775807
9223372036854775807
9223372036854775807
9223372036854775807
9223372036854775807
9223372036854775807
9223372036854775807
9223372036854775807
9223372036854775807
9223372036854775807
9223372036854775807
9223372036854775807
9223372036854775807
9223372036854775807
9223372036854775807
9223372036854775807
9223372036854775807
9223372036854775807
9223372036854775807
9223372036854775807
9223372036854775807
9223372036854775807
9223372036854775807
9223372036854775807
9223372036854775807
9223372036854775807
9223372036854775807
9223372036854775807
9223372036854775807
9223372036854775807
9223372036854775807
9223372036854775807
9223372036854775807
9223372036854775807
9223372036854775807
9223372036854775807
9223372036854775807
9223372036854775807
9223372036854775807
9223372036854775807
9223372036854775807
9223372036854775807
9223372036854775807
9223372036854775807
9223372036854775807
9223372036854775807
9223372036854775807
9223372036854775807
9223372036854775807
9223372036854775807
9223372036854775807
9223372036854775807
9223372036854775807
9223372036854775807
9223372036854775807
9223372036854775807
9223372036854775807
9223372036854775807
9223372036854775807
9223372036854775807
9223372036854775807
9223372036854775807
9223372036854775807
9223372036854775807
9223372036854775807
9223372036854775807
9223372036854775807
9223372036854775807
9223372036854775807
9223372036854775807
9223372036854775807
9223372036854775807
9223372036854775807
9223372036854775807
9223372036854775807
9223372036854775807
9223372036854775807
9223372036854775807
9223372036854775807
9223372036854775807
9223372036854775807
9223372036854775807
9223372036854775807
9223372036854775807
9223372036854775807
9223372036854775807
9223372036854775807
9223372036854775807
9223372036854775807
9223372036854775807
9223372036854775807
9223372036854775807
9223372036854775807
9223372036854775807
9223372036854775807
9223372036854775807
9223372036854775807
9223372036854775807
9223372036854775807
9223372036854775807
9223372036854775807
9223372036854775807
9223372036854775807
9223372036854775807
9223372036854775807
9223372036854775807
9223372036854775807
9223372036854775807
9223372036854775807
9223372036854775807
9223372036854775807
9223372036854775807
9223372036854775807
9223372036854775807
9223372036854775807
9223372036854775807
9223372036854775807
9223372036854775807
9223372036854775807
9223372036854775807
9223372036854775807
9223372036854775807
9223372036854775807
9223372036854775807
9223372036854775807
9223372036854775807
9223372036854775807
9223372036854775807
9223372036854775807
9223372036854775807
9223372036854775807
9223372036854775807
9223372036854775807
9223372036854775807
9223372036854775807
9223372036854775807
9223372036854775807
9223372036854775807
9223372036854775807
9223372036854775807
9223372036854775807
9223372036854775807
9223372036854775807
9223372036854775807
9223372036854775807
9223372036854775807
9223372036854775807
9223372036854775807
9223372036854775807
9223372036854775807
9223372036854775807
9223372036854775807
9223372036854775807
9223372036854775807
9223372036854775807
9223372036854775807
9223372036854775807
9223372036854775807
9223372036854775807
9223372036854775807
9223372036854775807
9223372036854775807
9223372036854775807
9223372036854775807
9223372036854775807
9223372036854775807
9223372036854775807
9223372036854775807
9223372036854775807
9223372036854775807
9223372036854775807
9223372036854775807
9223372036854775807
9223372036854775807
9223372036854775807
9223372036854775807
9223372036854775807
9223372036854775807
9223372036854775807
9223372036854775807
9223372036854775807
9223372036854775807
9223372036854775807
9223372036854775807
9223372036854775807
9223372036854775807
9223372036854775807
9223372036854775807
9223372036854775807
9223372036854775807
9223372036854775807
9223372036854775807
9223372036854775807
9223372036854775807
9223372036854775807
9223372036854775807
9223372036854775807
9223372036854775807
9223372036854775807
9223372036854775807
9223372036854775807
9223372036854775807
9223372036854775807
9223372036854775807
9223372036854775807
9223372036854775807
9223372036854775807
9223372036854775807
9223372036854775807
9223372036854775807
9223372036854775807
9223372036854775807
9223372036854775807
9223372036854775807
9223372036854775807
9223372036854775807
9223372036854775807
9223372036854775807
9223372036854775807
9223372036854775807
9223372036854775807
9223372036854775807
9223372036854775807
9223372036854775807
9223372036854775807
9223372036854775807
9223372036854775807
9223372036854775807
9223372036854775807
9223372036854775807
9223372036854775807
9223372036854775807
9223372036854775807
9223372036854775807
9223372036854775807
9223372036854775807
9223372036854775807
9223372036854775807
9223372036854775807
9223372036854775807
9223372036854775807
9223372036854775807
9223372036854775807
9223372036854775807
9223372036854775807
9223372036854775807
9223372036854775807
9223372036854775807
9223372036854775807
9223372036854775807
9223372036854775807
9223372036854775807
9223372036854775807
9223372036854775807
9223372036854775807
9223372036854775807
9223372036854775807
9223372036854775807
9223372036854775807
9223372036854775807
9223372036854775807
9223372036854775807
9223372036854775807
9223372036854775807
9223372036854775807
9223372036854775807
9223372036854775807
9223372036854775807
9223372036854775807
9223372036854775807
9223372036854775807
9223372036854775807
9223372036854775807
9223372036854775807
9223372036854775807
9223372036854775807
9223372036854775807
9223372036854775807
9223372036854775807
9223372036854775807
9223372036854775807
9223372036854775807
9223372036854775807
9223372036854775807
9223372036854775807
9223372036854775807
9223372036854775807
9223372036854775807
9223372036854775807
9223372036854775807
9223372036854775807
9223372036854775807
PREHOOK: query: create table t1(a tinyint, b smallint)
PREHOOK: type: CREATETABLE
PREHOOK: Output: database:default
PREHOOK: Output: default@t1
POSTHOOK: query: create table t1(a tinyint, b smallint)
POSTHOOK: type: CREATETABLE
POSTHOOK: Output: database:default
POSTHOOK: Output: default@t1
PREHOOK: query: explain select * from t1 where a > 2
PREHOOK: type: QUERY
POSTHOOK: query: explain select * from t1 where a > 2
POSTHOOK: type: QUERY
STAGE DEPENDENCIES:
  Stage-0 is a root stage

STAGE PLANS:
  Stage: Stage-0
    Fetch Operator
      limit: -1
      Processor Tree:
        TableScan
          alias: t1
          Statistics: Num rows: 1 Data size: 0 Basic stats: PARTIAL Column stats: NONE
          Filter Operator
            predicate: (a > 2) (type: boolean)
            Statistics: Num rows: 1 Data size: 0 Basic stats: PARTIAL Column stats: NONE
            Select Operator
              expressions: a (type: tinyint), b (type: smallint)
              outputColumnNames: _col0, _col1
              Statistics: Num rows: 1 Data size: 0 Basic stats: PARTIAL Column stats: NONE
              ListSink

PREHOOK: query: explain select * from t1 where b < 2
PREHOOK: type: QUERY
POSTHOOK: query: explain select * from t1 where b < 2
POSTHOOK: type: QUERY
STAGE DEPENDENCIES:
  Stage-0 is a root stage

STAGE PLANS:
  Stage: Stage-0
    Fetch Operator
      limit: -1
      Processor Tree:
        TableScan
          alias: t1
          Statistics: Num rows: 1 Data size: 0 Basic stats: PARTIAL Column stats: NONE
          Filter Operator
            predicate: (b < 2) (type: boolean)
            Statistics: Num rows: 1 Data size: 0 Basic stats: PARTIAL Column stats: NONE
            Select Operator
              expressions: a (type: tinyint), b (type: smallint)
              outputColumnNames: _col0, _col1
              Statistics: Num rows: 1 Data size: 0 Basic stats: PARTIAL Column stats: NONE
              ListSink

PREHOOK: query: explain select * from t1 where a < 200
PREHOOK: type: QUERY
POSTHOOK: query: explain select * from t1 where a < 200
POSTHOOK: type: QUERY
STAGE DEPENDENCIES:
  Stage-0 is a root stage

STAGE PLANS:
  Stage: Stage-0
    Fetch Operator
      limit: -1
      Processor Tree:
        TableScan
          alias: t1
          Statistics: Num rows: 1 Data size: 0 Basic stats: PARTIAL Column stats: NONE
          Filter Operator
            predicate: (UDFToInteger(a) < 200) (type: boolean)
            Statistics: Num rows: 1 Data size: 0 Basic stats: PARTIAL Column stats: NONE
            Select Operator
              expressions: a (type: tinyint), b (type: smallint)
              outputColumnNames: _col0, _col1
              Statistics: Num rows: 1 Data size: 0 Basic stats: PARTIAL Column stats: NONE
              ListSink

PREHOOK: query: explain select * from t1 where b > 40000
PREHOOK: type: QUERY
POSTHOOK: query: explain select * from t1 where b > 40000
POSTHOOK: type: QUERY
STAGE DEPENDENCIES:
  Stage-0 is a root stage

STAGE PLANS:
  Stage: Stage-0
    Fetch Operator
      limit: -1
      Processor Tree:
        TableScan
          alias: t1
          Statistics: Num rows: 1 Data size: 0 Basic stats: PARTIAL Column stats: NONE
          Filter Operator
            predicate: (UDFToInteger(b) > 40000) (type: boolean)
            Statistics: Num rows: 1 Data size: 0 Basic stats: PARTIAL Column stats: NONE
            Select Operator
              expressions: a (type: tinyint), b (type: smallint)
              outputColumnNames: _col0, _col1
              Statistics: Num rows: 1 Data size: 0 Basic stats: PARTIAL Column stats: NONE
              ListSink

PREHOOK: query: drop table t1
PREHOOK: type: DROPTABLE
PREHOOK: Input: default@t1
PREHOOK: Output: default@t1
POSTHOOK: query: drop table t1
POSTHOOK: type: DROPTABLE
POSTHOOK: Input: default@t1
POSTHOOK: Output: default@t1
