PREHOOK: query: CREATE TABLE dest1(c1 STRING) STORED AS TEXTFILE
PREHOOK: type: CREATETABLE
PREHOOK: Output: database:default
PREHOOK: Output: default@dest1
POSTHOOK: query: CREATE TABLE dest1(c1 STRING) STORED AS TEXTFILE
POSTHOOK: type: CREATETABLE
POSTHOOK: Output: database:default
POSTHOOK: Output: default@dest1
PREHOOK: query: FROM src INSERT OVERWRITE TABLE dest1 SELECT '  abc  ' WHERE src.key = 86
PREHOOK: type: QUERY
PREHOOK: Input: default@src
PREHOOK: Output: default@dest1
POSTHOOK: query: FROM src INSERT OVERWRITE TABLE dest1 SELECT '  abc  ' WHERE src.key = 86
POSTHOOK: type: QUERY
POSTHOOK: Input: default@src
POSTHOOK: Output: default@dest1
POSTHOOK: Lineage: dest1.c1 SIMPLE []
PREHOOK: query: EXPLAIN
SELECT '|', trim(dest1.c1), '|', rtrim(dest1.c1), '|', ltrim(dest1.c1), '|' FROM dest1
PREHOOK: type: QUERY
POSTHOOK: query: EXPLAIN
SELECT '|', trim(dest1.c1), '|', rtrim(dest1.c1), '|', ltrim(dest1.c1), '|' FROM dest1
POSTHOOK: type: QUERY
STAGE DEPENDENCIES:
  Stage-1 is a root stage
  Stage-0 depends on stages: Stage-1

STAGE PLANS:
  Stage: Stage-1
    Map Reduce
      Map Operator Tree:
          TableScan
            alias: dest1
            Statistics: Num rows: 1 Data size: 7 Basic stats: COMPLETE Column stats: NONE
            Select Operator
              expressions: '|' (type: string), trim(c1) (type: string), '|' (type: string), rtrim(c1) (type: string), '|' (type: string), ltrim(c1) (type: string), '|' (type: string)
              outputColumnNames: _col0, _col1, _col2, _col3, _col4, _col5, _col6
              Statistics: Num rows: 1 Data size: 7 Basic stats: COMPLETE Column stats: NONE
              File Output Operator
                compressed: false
                Statistics: Num rows: 1 Data size: 7 Basic stats: COMPLETE Column stats: NONE
                table:
                    input format: org.apache.hadoop.mapred.SequenceFileInputFormat
                    output format: org.apache.hadoop.hive.ql.io.HiveSequenceFileOutputFormat
                    serde: org.apache.hadoop.hive.serde2.lazy.LazySimpleSerDe
      Execution mode: vectorized

  Stage: Stage-0
    Fetch Operator
      limit: -1
      Processor Tree:
        ListSink

PREHOOK: query: SELECT '|', trim(dest1.c1), '|', rtrim(dest1.c1), '|', ltrim(dest1.c1), '|' FROM dest1
PREHOOK: type: QUERY
PREHOOK: Input: default@dest1
#### A masked pattern was here ####
POSTHOOK: query: SELECT '|', trim(dest1.c1), '|', rtrim(dest1.c1), '|', ltrim(dest1.c1), '|' FROM dest1
POSTHOOK: type: QUERY
POSTHOOK: Input: default@dest1
#### A masked pattern was here ####
|	abc	|	  abc	|	abc  	|
