PREHOOK: query: CREATE TABLE dest1(c1 STRING) STORED AS TEXTFILE
PREHOOK: type: CREATETABLE
PREHOOK: Output: database:default
PREHOOK: Output: default@dest1
POSTHOOK: query: CREATE TABLE dest1(c1 STRING) STORED AS TEXTFILE
POSTHOOK: type: CREATETABLE
POSTHOOK: Output: database:default
POSTHOOK: Output: default@dest1
PREHOOK: query: FROM src INSERT OVERWRITE TABLE dest1 SELECT '  abc  ' WHERE src.key = 86
PREHOOK: type: QUERY
PREHOOK: Input: default@src
PREHOOK: Output: default@dest1
POSTHOOK: query: FROM src INSERT OVERWRITE TABLE dest1 SELECT '  abc  ' WHERE src.key = 86
POSTHOOK: type: QUERY
POSTHOOK: Input: default@src
POSTHOOK: Output: default@dest1
POSTHOOK: Lineage: dest1.c1 SIMPLE []
PREHOOK: query: EXPLAIN
SELECT from_unixtime(1226446340), to_date(from_unixtime(1226446340)), day('2008-11-01'), month('2008-11-01'), year('2008-11-01'), day('2008-11-01 15:32:20'), month('2008-11-01 15:32:20'), year('2008-11-01 15:32:20') FROM dest1
PREHOOK: type: QUERY
POSTHOOK: query: EXPLAIN
SELECT from_unixtime(1226446340), to_date(from_unixtime(1226446340)), day('2008-11-01'), month('2008-11-01'), year('2008-11-01'), day('2008-11-01 15:32:20'), month('2008-11-01 15:32:20'), year('2008-11-01 15:32:20') FROM dest1
POSTHOOK: type: QUERY
STAGE DEPENDENCIES:
  Stage-0 is a root stage

STAGE PLANS:
  Stage: Stage-0
    Fetch Operator
      limit: -1
      Processor Tree:
        TableScan
          alias: dest1
          Statistics: Num rows: 1 Data size: 7 Basic stats: COMPLETE Column stats: COMPLETE
          Select Operator
            expressions: '2008-11-11 15:32:20' (type: string), '2008-11-11' (type: string), 1 (type: int), 11 (type: int), 2008 (type: int), 1 (type: int), 11 (type: int), 2008 (type: int)
            outputColumnNames: _col0, _col1, _col2, _col3, _col4, _col5, _col6, _col7
            Statistics: Num rows: 1 Data size: 221 Basic stats: COMPLETE Column stats: COMPLETE
            ListSink

PREHOOK: query: SELECT from_unixtime(1226446340), to_date(from_unixtime(1226446340)), day('2008-11-01'), month('2008-11-01'), year('2008-11-01'), day('2008-11-01 15:32:20'), month('2008-11-01 15:32:20'), year('2008-11-01 15:32:20') FROM dest1
PREHOOK: type: QUERY
PREHOOK: Input: default@dest1
#### A masked pattern was here ####
POSTHOOK: query: SELECT from_unixtime(1226446340), to_date(from_unixtime(1226446340)), day('2008-11-01'), month('2008-11-01'), year('2008-11-01'), day('2008-11-01 15:32:20'), month('2008-11-01 15:32:20'), year('2008-11-01 15:32:20') FROM dest1
POSTHOOK: type: QUERY
POSTHOOK: Input: default@dest1
#### A masked pattern was here ####
2008-11-11 15:32:20	2008-11-11	1	11	2008	1	11	2008
PREHOOK: query: EXPLAIN
SELECT from_unixtime(unix_timestamp('2010-01-13 11:57:40', 'yyyy-MM-dd HH:mm:ss'), 'MM/dd/yy HH:mm:ss'), from_unixtime(unix_timestamp('2010-01-13 11:57:40')) from dest1
PREHOOK: type: QUERY
POSTHOOK: query: EXPLAIN
SELECT from_unixtime(unix_timestamp('2010-01-13 11:57:40', 'yyyy-MM-dd HH:mm:ss'), 'MM/dd/yy HH:mm:ss'), from_unixtime(unix_timestamp('2010-01-13 11:57:40')) from dest1
POSTHOOK: type: QUERY
STAGE DEPENDENCIES:
  Stage-1 is a root stage
  Stage-0 depends on stages: Stage-1

STAGE PLANS:
  Stage: Stage-1
    Map Reduce
      Map Operator Tree:
          TableScan
            alias: dest1
            Statistics: Num rows: 1 Data size: 7 Basic stats: COMPLETE Column stats: COMPLETE
            Select Operator
              expressions: from_unixtime(unix_timestamp('2010-01-13 11:57:40','yyyy-MM-dd HH:mm:ss'), 'MM/dd/yy HH:mm:ss') (type: string), from_unixtime(unix_timestamp('2010-01-13 11:57:40')) (type: string)
              outputColumnNames: _col0, _col1
              Statistics: Num rows: 1 Data size: 368 Basic stats: COMPLETE Column stats: COMPLETE
              File Output Operator
                compressed: false
                Statistics: Num rows: 1 Data size: 368 Basic stats: COMPLETE Column stats: COMPLETE
                table:
                    input format: org.apache.hadoop.mapred.TextInputFormat
                    output format: org.apache.hadoop.hive.ql.io.HiveIgnoreKeyTextOutputFormat
                    serde: org.apache.hadoop.hive.serde2.lazy.LazySimpleSerDe

  Stage: Stage-0
    Fetch Operator
      limit: -1
      Processor Tree:
        ListSink

PREHOOK: query: SELECT from_unixtime(unix_timestamp('2010-01-13 11:57:40', 'yyyy-MM-dd HH:mm:ss'), 'MM/dd/yy HH:mm:ss'), from_unixtime(unix_timestamp('2010-01-13 11:57:40')) from dest1
PREHOOK: type: QUERY
PREHOOK: Input: default@dest1
#### A masked pattern was here ####
POSTHOOK: query: SELECT from_unixtime(unix_timestamp('2010-01-13 11:57:40', 'yyyy-MM-dd HH:mm:ss'), 'MM/dd/yy HH:mm:ss'), from_unixtime(unix_timestamp('2010-01-13 11:57:40')) from dest1
POSTHOOK: type: QUERY
POSTHOOK: Input: default@dest1
#### A masked pattern was here ####
01/13/10 11:57:40	2010-01-13 11:57:40
