PREHOOK: query: CREATE TABLE dest1(c1 STRING) STORED AS TEXTFILE
PREHOOK: type: CREATETABLE
PREHOOK: Output: database:default
PREHOOK: Output: default@dest1
POSTHOOK: query: CREATE TABLE dest1(c1 STRING) STORED AS TEXTFILE
POSTHOOK: type: CREATETABLE
POSTHOOK: Output: database:default
POSTHOOK: Output: default@dest1
PREHOOK: query: FROM src INSERT OVERWRITE TABLE dest1 SELECT '  abc  ' WHERE src.key = 86
PREHOOK: type: QUERY
PREHOOK: Input: default@src
PREHOOK: Output: default@dest1
POSTHOOK: query: FROM src INSERT OVERWRITE TABLE dest1 SELECT '  abc  ' WHERE src.key = 86
POSTHOOK: type: QUERY
POSTHOOK: Input: default@src
POSTHOOK: Output: default@dest1
POSTHOOK: Lineage: dest1.c1 SIMPLE []
PREHOOK: query: EXPLAIN
SELECT IF(TRUE, 1, 2) FROM dest1
PREHOOK: type: QUERY
POSTHOOK: query: EXPLAIN
SELECT IF(TRUE, 1, 2) FROM dest1
POSTHOOK: type: QUERY
STAGE DEPENDENCIES:
  Stage-0 is a root stage

STAGE PLANS:
  Stage: Stage-0
    Fetch Operator
      limit: -1
      Processor Tree:
        TableScan
          alias: dest1
          Statistics: Num rows: 1 Data size: 7 Basic stats: COMPLETE Column stats: COMPLETE
          Select Operator
            expressions: 1 (type: int)
            outputColumnNames: _col0
            Statistics: Num rows: 1 Data size: 4 Basic stats: COMPLETE Column stats: COMPLETE
            ListSink

PREHOOK: query: SELECT IF(TRUE, 1, 2) FROM dest1
PREHOOK: type: QUERY
PREHOOK: Input: default@dest1
#### A masked pattern was here ####
POSTHOOK: query: SELECT IF(TRUE, 1, 2) FROM dest1
POSTHOOK: type: QUERY
POSTHOOK: Input: default@dest1
#### A masked pattern was here ####
1
PREHOOK: query: EXPLAIN
SELECT IF(TRUE, 1, 2), IF(FALSE, 1, 2), IF(NULL, 1, 2), IF(TRUE, "a", "b"),
       IF(TRUE, 0.1, 0.2), IF(FALSE, CAST(1 AS BIGINT), CAST(2 AS BIGINT)),
       IF(FALSE, CAST(127 AS TINYINT), CAST(126 AS TINYINT)),
       IF(FALSE, CAST(127 AS SMALLINT), CAST(128 AS SMALLINT)),
       CAST(128 AS INT), CAST(1.0 AS DOUBLE),
       CAST('128' AS STRING) FROM dest1
PREHOOK: type: QUERY
POSTHOOK: query: EXPLAIN
SELECT IF(TRUE, 1, 2), IF(FALSE, 1, 2), IF(NULL, 1, 2), IF(TRUE, "a", "b"),
       IF(TRUE, 0.1, 0.2), IF(FALSE, CAST(1 AS BIGINT), CAST(2 AS BIGINT)),
       IF(FALSE, CAST(127 AS TINYINT), CAST(126 AS TINYINT)),
       IF(FALSE, CAST(127 AS SMALLINT), CAST(128 AS SMALLINT)),
       CAST(128 AS INT), CAST(1.0 AS DOUBLE),
       CAST('128' AS STRING) FROM dest1
POSTHOOK: type: QUERY
STAGE DEPENDENCIES:
  Stage-1 is a root stage
  Stage-0 depends on stages: Stage-1

STAGE PLANS:
  Stage: Stage-1
    Map Reduce
      Map Operator Tree:
          TableScan
            alias: dest1
            Statistics: Num rows: 1 Data size: 7 Basic stats: COMPLETE Column stats: COMPLETE
            Select Operator
              expressions: 1 (type: int), 2 (type: int), if(null, 1, 2) (type: int), 'a' (type: string), 0.1 (type: double), 2 (type: bigint), 126 (type: tinyint), 128 (type: smallint), 128 (type: int), 1.0 (type: double), '128' (type: string)
              outputColumnNames: _col0, _col1, _col2, _col3, _col4, _col5, _col6, _col7, _col8, _col9, _col10
              Statistics: Num rows: 1 Data size: 220 Basic stats: COMPLETE Column stats: COMPLETE
              File Output Operator
                compressed: false
                Statistics: Num rows: 1 Data size: 220 Basic stats: COMPLETE Column stats: COMPLETE
                table:
                    input format: org.apache.hadoop.mapred.TextInputFormat
                    output format: org.apache.hadoop.hive.ql.io.HiveIgnoreKeyTextOutputFormat
                    serde: org.apache.hadoop.hive.serde2.lazy.LazySimpleSerDe

  Stage: Stage-0
    Fetch Operator
      limit: -1
      Processor Tree:
        ListSink

PREHOOK: query: SELECT IF(TRUE, 1, 2), IF(FALSE, 1, 2), IF(NULL, 1, 2), IF(TRUE, "a", "b"),
       IF(TRUE, 0.1, 0.2), IF(FALSE, CAST(1 AS BIGINT), CAST(2 AS BIGINT)),
       IF(FALSE, CAST(127 AS TINYINT), CAST(126 AS TINYINT)),
       IF(FALSE, CAST(127 AS SMALLINT), CAST(128 AS SMALLINT)),
       CAST(128 AS INT), CAST(1.0 AS DOUBLE),
       CAST('128' AS STRING) FROM dest1
PREHOOK: type: QUERY
PREHOOK: Input: default@dest1
#### A masked pattern was here ####
POSTHOOK: query: SELECT IF(TRUE, 1, 2), IF(FALSE, 1, 2), IF(NULL, 1, 2), IF(TRUE, "a", "b"),
       IF(TRUE, 0.1, 0.2), IF(FALSE, CAST(1 AS BIGINT), CAST(2 AS BIGINT)),
       IF(FALSE, CAST(127 AS TINYINT), CAST(126 AS TINYINT)),
       IF(FALSE, CAST(127 AS SMALLINT), CAST(128 AS SMALLINT)),
       CAST(128 AS INT), CAST(1.0 AS DOUBLE),
       CAST('128' AS STRING) FROM dest1
POSTHOOK: type: QUERY
POSTHOOK: Input: default@dest1
#### A masked pattern was here ####
1	2	2	a	0.1	2	126	128	128	1.0	128
