PREHOOK: query: DESCRIBE FUNCTION lower
PREHOOK: type: DESCFUNCTION
POSTHOOK: query: DESCRIBE FUNCTION lower
POSTHOOK: type: DESCFUNCTION
lower(str) - Returns str with all characters changed to lowercase
PREHOOK: query: DESCRIBE FUNCTION EXTENDED lower
PREHOOK: type: DESCFUNCTION
POSTHOOK: query: DESCRIBE FUNCTION EXTENDED lower
POSTHOOK: type: DESCFUNCTION
lower(str) - Returns str with all characters changed to lowercase
Synonyms: lcase
Example:
  > SELECT lower('Facebook') FROM src LIMIT 1;
  'facebook'
Function class:org.apache.hadoop.hive.ql.udf.generic.GenericUDFLower
Function type:BUILTIN
PREHOOK: query: EXPLAIN
SELECT lower('AbC 123'), upper('AbC 123') FROM src WHERE key = 86
PREHOOK: type: QUERY
POSTHOOK: query: EXPLAIN
SELECT lower('AbC 123'), upper('AbC 123') FROM src WHERE key = 86
POSTHOOK: type: QUERY
STAGE DEPENDENCIES:
  Stage-1 is a root stage
  Stage-0 depends on stages: Stage-1

STAGE PLANS:
  Stage: Stage-1
    Map Reduce
      Map Operator Tree:
          TableScan
            alias: src
            Statistics: Num rows: 500 Data size: 5312 Basic stats: COMPLETE Column stats: NONE
            Filter Operator
              predicate: (UDFToDouble(key) = 86.0D) (type: boolean)
              Statistics: Num rows: 250 Data size: 2656 Basic stats: COMPLETE Column stats: NONE
              Select Operator
                expressions: 'abc 123' (type: string), 'ABC 123' (type: string)
                outputColumnNames: _col0, _col1
                Statistics: Num rows: 250 Data size: 2656 Basic stats: COMPLETE Column stats: NONE
                File Output Operator
                  compressed: false
                  Statistics: Num rows: 250 Data size: 2656 Basic stats: COMPLETE Column stats: NONE
                  table:
                      input format: org.apache.hadoop.mapred.SequenceFileInputFormat
                      output format: org.apache.hadoop.hive.ql.io.HiveSequenceFileOutputFormat
                      serde: org.apache.hadoop.hive.serde2.lazy.LazySimpleSerDe

  Stage: Stage-0
    Fetch Operator
      limit: -1
      Processor Tree:
        ListSink

PREHOOK: query: SELECT lower('AbC 123'), upper('AbC 123') FROM src WHERE key = 86
PREHOOK: type: QUERY
PREHOOK: Input: default@src
#### A masked pattern was here ####
POSTHOOK: query: SELECT lower('AbC 123'), upper('AbC 123') FROM src WHERE key = 86
POSTHOOK: type: QUERY
POSTHOOK: Input: default@src
#### A masked pattern was here ####
abc 123	ABC 123
