PREHOOK: query: DESCRIBE FUNCTION crc32
PREHOOK: type: DESCFUNCTION
POSTHOOK: query: DESCRIBE FUNCTION crc32
POSTHOOK: type: DESCFUNCTION
crc32(str or bin) - Computes a cyclic redundancy check value for string or binary argument and returns bigint value.
PREHOOK: query: DESC FUNCTION EXTENDED crc32
PREHOOK: type: DESCFUNCTION
POSTHOOK: query: DESC FUNCTION EXTENDED crc32
POSTHOOK: type: DESCFUNCTION
crc32(str or bin) - Computes a cyclic redundancy check value for string or binary argument and returns bigint value.
Example:
  > SELECT crc32('ABC');
  2743272264
  > SELECT crc32(binary('ABC'));
  2743272264
Function class:org.apache.hadoop.hive.ql.udf.UDFCrc32
Function type:BUILTIN
PREHOOK: query: explain select crc32('ABC')
PREHOOK: type: QUERY
POSTHOOK: query: explain select crc32('ABC')
POSTHOOK: type: QUERY
STAGE DEPENDENCIES:
  Stage-0 is a root stage

STAGE PLANS:
  Stage: Stage-0
    Fetch Operator
      limit: -1
      Processor Tree:
        TableScan
          alias: _dummy_table
          Row Limit Per Split: 1
          Statistics: Num rows: 1 Data size: 1 Basic stats: COMPLETE Column stats: COMPLETE
          Select Operator
            expressions: 2743272264 (type: bigint)
            outputColumnNames: _col0
            Statistics: Num rows: 1 Data size: 8 Basic stats: COMPLETE Column stats: COMPLETE
            ListSink

PREHOOK: query: select
crc32('ABC'),
crc32(''),
crc32(binary('ABC')),
crc32(binary('')),
crc32(cast(null as string)),
crc32(cast(null as binary)),
crc32(null)
PREHOOK: type: QUERY
PREHOOK: Input: _dummy_database@_dummy_table
#### A masked pattern was here ####
POSTHOOK: query: select
crc32('ABC'),
crc32(''),
crc32(binary('ABC')),
crc32(binary('')),
crc32(cast(null as string)),
crc32(cast(null as binary)),
crc32(null)
POSTHOOK: type: QUERY
POSTHOOK: Input: _dummy_database@_dummy_table
#### A masked pattern was here ####
2743272264	0	2743272264	0	NULL	NULL	NULL
