PREHOOK: query: explain
select radians(57.2958) FROM src tablesample (1 rows)
PREHOOK: type: QUERY
POSTHOOK: query: explain
select radians(57.2958) FROM src tablesample (1 rows)
POSTHOOK: type: QUERY
STAGE DEPENDENCIES:
  Stage-0 is a root stage

STAGE PLANS:
  Stage: Stage-0
    Fetch Operator
      limit: -1
      Processor Tree:
        TableScan
          alias: src
          Row Limit Per Split: 1
          Statistics: Num rows: 500 Data size: 5312 Basic stats: COMPLETE Column stats: COMPLETE
          Select Operator
            expressions: 1.000000357564167D (type: double)
            outputColumnNames: _col0
            Statistics: Num rows: 500 Data size: 4000 Basic stats: COMPLETE Column stats: COMPLETE
            ListSink

PREHOOK: query: select radians(57.2958) FROM src tablesample (1 rows)
PREHOOK: type: QUERY
PREHOOK: Input: default@src
#### A masked pattern was here ####
POSTHOOK: query: select radians(57.2958) FROM src tablesample (1 rows)
POSTHOOK: type: QUERY
POSTHOOK: Input: default@src
#### A masked pattern was here ####
1.000000357564167
PREHOOK: query: select radians(143.2394) FROM src tablesample (1 rows)
PREHOOK: type: QUERY
PREHOOK: Input: default@src
#### A masked pattern was here ####
POSTHOOK: query: select radians(143.2394) FROM src tablesample (1 rows)
POSTHOOK: type: QUERY
POSTHOOK: Input: default@src
#### A masked pattern was here ####
2.4999991485811655
PREHOOK: query: DESCRIBE FUNCTION radians
PREHOOK: type: DESCFUNCTION
POSTHOOK: query: DESCRIBE FUNCTION radians
POSTHOOK: type: DESCFUNCTION
radians(x) - Converts degrees to radians
PREHOOK: query: DESCRIBE FUNCTION EXTENDED radians
PREHOOK: type: DESCFUNCTION
POSTHOOK: query: DESCRIBE FUNCTION EXTENDED radians
POSTHOOK: type: DESCFUNCTION
radians(x) - Converts degrees to radians
Example:
  > SELECT radians(90) FROM src LIMIT 1;
  1.5707963267949mo

Function class:org.apache.hadoop.hive.ql.udf.UDFRadians
Function type:BUILTIN
PREHOOK: query: explain 
select radians(57.2958) FROM src tablesample (1 rows)
PREHOOK: type: QUERY
POSTHOOK: query: explain 
select radians(57.2958) FROM src tablesample (1 rows)
POSTHOOK: type: QUERY
STAGE DEPENDENCIES:
  Stage-0 is a root stage

STAGE PLANS:
  Stage: Stage-0
    Fetch Operator
      limit: -1
      Processor Tree:
        TableScan
          alias: src
          Row Limit Per Split: 1
          Statistics: Num rows: 500 Data size: 5312 Basic stats: COMPLETE Column stats: COMPLETE
          Select Operator
            expressions: 1.000000357564167D (type: double)
            outputColumnNames: _col0
            Statistics: Num rows: 500 Data size: 4000 Basic stats: COMPLETE Column stats: COMPLETE
            ListSink

PREHOOK: query: select radians(57.2958) FROM src tablesample (1 rows)
PREHOOK: type: QUERY
PREHOOK: Input: default@src
#### A masked pattern was here ####
POSTHOOK: query: select radians(57.2958) FROM src tablesample (1 rows)
POSTHOOK: type: QUERY
POSTHOOK: Input: default@src
#### A masked pattern was here ####
1.000000357564167
PREHOOK: query: select radians(143.2394) FROM src tablesample (1 rows)
PREHOOK: type: QUERY
PREHOOK: Input: default@src
#### A masked pattern was here ####
POSTHOOK: query: select radians(143.2394) FROM src tablesample (1 rows)
POSTHOOK: type: QUERY
POSTHOOK: Input: default@src
#### A masked pattern was here ####
2.4999991485811655
PREHOOK: query: DESCRIBE FUNCTION radians
PREHOOK: type: DESCFUNCTION
POSTHOOK: query: DESCRIBE FUNCTION radians
POSTHOOK: type: DESCFUNCTION
radians(x) - Converts degrees to radians
PREHOOK: query: DESCRIBE FUNCTION EXTENDED radians
PREHOOK: type: DESCFUNCTION
POSTHOOK: query: DESCRIBE FUNCTION EXTENDED radians
POSTHOOK: type: DESCFUNCTION
radians(x) - Converts degrees to radians
Example:
  > SELECT radians(90) FROM src LIMIT 1;
  1.5707963267949mo

Function class:org.apache.hadoop.hive.ql.udf.UDFRadians
Function type:BUILTIN
