PREHOOK: query: describe function between
PREHOOK: type: DESCFUNCTION
POSTHOOK: query: describe function between
POSTHOOK: type: DESCFUNCTION
between a [NOT] BETWEEN b AND c - evaluate if a is [not] in between b and c
PREHOOK: query: describe function extended between
PREHOOK: type: DESCFUNCTION
POSTHOOK: query: describe function extended between
POSTHOOK: type: DESCFUNCTION
between a [NOT] BETWEEN b AND c - evaluate if a is [not] in between b and c
Function class:org.apache.hadoop.hive.ql.udf.generic.GenericUDFBetween
Function type:BUILTIN
PREHOOK: query: explain SELECT * FROM src where key + 100 between (150 + -50) AND (150 + 50) LIMIT 20
PREHOOK: type: QUERY
POSTHOOK: query: explain SELECT * FROM src where key + 100 between (150 + -50) AND (150 + 50) LIMIT 20
POSTHOOK: type: QUERY
STAGE DEPENDENCIES:
  Stage-0 is a root stage

STAGE PLANS:
  Stage: Stage-0
    Fetch Operator
      limit: 20
      Processor Tree:
        TableScan
          alias: src
          Statistics: Num rows: 500 Data size: 5312 Basic stats: COMPLETE Column stats: NONE
          Filter Operator
            predicate: (UDFToDouble(key) + 100.0D) BETWEEN 100.0D AND 200.0D (type: boolean)
            Statistics: Num rows: 55 Data size: 584 Basic stats: COMPLETE Column stats: NONE
            Select Operator
              expressions: key (type: string), value (type: string)
              outputColumnNames: _col0, _col1
              Statistics: Num rows: 55 Data size: 584 Basic stats: COMPLETE Column stats: NONE
              Limit
                Number of rows: 20
                Statistics: Num rows: 20 Data size: 200 Basic stats: COMPLETE Column stats: NONE
                ListSink

PREHOOK: query: SELECT * FROM src where key + 100 between (150 + -50) AND (150 + 50) LIMIT 20
PREHOOK: type: QUERY
PREHOOK: Input: default@src
#### A masked pattern was here ####
POSTHOOK: query: SELECT * FROM src where key + 100 between (150 + -50) AND (150 + 50) LIMIT 20
POSTHOOK: type: QUERY
POSTHOOK: Input: default@src
#### A masked pattern was here ####
86	val_86
27	val_27
98	val_98
66	val_66
37	val_37
15	val_15
82	val_82
17	val_17
0	val_0
57	val_57
20	val_20
92	val_92
47	val_47
72	val_72
4	val_4
35	val_35
54	val_54
51	val_51
65	val_65
83	val_83
PREHOOK: query: explain SELECT * FROM src where key + 100 not between (150 + -50) AND (150 + 50) LIMIT 20
PREHOOK: type: QUERY
POSTHOOK: query: explain SELECT * FROM src where key + 100 not between (150 + -50) AND (150 + 50) LIMIT 20
POSTHOOK: type: QUERY
STAGE DEPENDENCIES:
  Stage-0 is a root stage

STAGE PLANS:
  Stage: Stage-0
    Fetch Operator
      limit: 20
      Processor Tree:
        TableScan
          alias: src
          Statistics: Num rows: 500 Data size: 5312 Basic stats: COMPLETE Column stats: NONE
          Filter Operator
            predicate: (not (UDFToDouble(key) + 100.0D) BETWEEN 100.0D AND 200.0D) (type: boolean)
            Statistics: Num rows: 445 Data size: 4727 Basic stats: COMPLETE Column stats: NONE
            Select Operator
              expressions: key (type: string), value (type: string)
              outputColumnNames: _col0, _col1
              Statistics: Num rows: 445 Data size: 4727 Basic stats: COMPLETE Column stats: NONE
              Limit
                Number of rows: 20
                Statistics: Num rows: 20 Data size: 200 Basic stats: COMPLETE Column stats: NONE
                ListSink

PREHOOK: query: SELECT * FROM src where key + 100 not between (150 + -50) AND (150 + 50) LIMIT 20
PREHOOK: type: QUERY
PREHOOK: Input: default@src
#### A masked pattern was here ####
POSTHOOK: query: SELECT * FROM src where key + 100 not between (150 + -50) AND (150 + 50) LIMIT 20
POSTHOOK: type: QUERY
POSTHOOK: Input: default@src
#### A masked pattern was here ####
238	val_238
311	val_311
165	val_165
409	val_409
255	val_255
278	val_278
484	val_484
265	val_265
193	val_193
401	val_401
150	val_150
273	val_273
224	val_224
369	val_369
128	val_128
213	val_213
146	val_146
406	val_406
429	val_429
374	val_374
PREHOOK: query: explain SELECT * FROM src where 'b' between 'a' AND 'c' LIMIT 1
PREHOOK: type: QUERY
POSTHOOK: query: explain SELECT * FROM src where 'b' between 'a' AND 'c' LIMIT 1
POSTHOOK: type: QUERY
STAGE DEPENDENCIES:
  Stage-0 is a root stage

STAGE PLANS:
  Stage: Stage-0
    Fetch Operator
      limit: 1
      Processor Tree:
        TableScan
          alias: src
          Statistics: Num rows: 500 Data size: 5312 Basic stats: COMPLETE Column stats: NONE
          Select Operator
            expressions: key (type: string), value (type: string)
            outputColumnNames: _col0, _col1
            Statistics: Num rows: 500 Data size: 5312 Basic stats: COMPLETE Column stats: NONE
            Limit
              Number of rows: 1
              Statistics: Num rows: 1 Data size: 10 Basic stats: COMPLETE Column stats: NONE
              ListSink

PREHOOK: query: SELECT * FROM src where 'b' between 'a' AND 'c' LIMIT 1
PREHOOK: type: QUERY
PREHOOK: Input: default@src
#### A masked pattern was here ####
POSTHOOK: query: SELECT * FROM src where 'b' between 'a' AND 'c' LIMIT 1
POSTHOOK: type: QUERY
POSTHOOK: Input: default@src
#### A masked pattern was here ####
238	val_238
PREHOOK: query: explain SELECT * FROM src where 2 between 2 AND '3' LIMIT 1
PREHOOK: type: QUERY
POSTHOOK: query: explain SELECT * FROM src where 2 between 2 AND '3' LIMIT 1
POSTHOOK: type: QUERY
STAGE DEPENDENCIES:
  Stage-0 is a root stage

STAGE PLANS:
  Stage: Stage-0
    Fetch Operator
      limit: 1
      Processor Tree:
        TableScan
          alias: src
          Statistics: Num rows: 500 Data size: 5312 Basic stats: COMPLETE Column stats: NONE
          Select Operator
            expressions: key (type: string), value (type: string)
            outputColumnNames: _col0, _col1
            Statistics: Num rows: 500 Data size: 5312 Basic stats: COMPLETE Column stats: NONE
            Limit
              Number of rows: 1
              Statistics: Num rows: 1 Data size: 10 Basic stats: COMPLETE Column stats: NONE
              ListSink

PREHOOK: query: SELECT * FROM src where 2 between 2 AND '3' LIMIT 1
PREHOOK: type: QUERY
PREHOOK: Input: default@src
#### A masked pattern was here ####
POSTHOOK: query: SELECT * FROM src where 2 between 2 AND '3' LIMIT 1
POSTHOOK: type: QUERY
POSTHOOK: Input: default@src
#### A masked pattern was here ####
238	val_238
