PREHOOK: query: DESCRIBE FUNCTION reverse
PREHOOK: type: DESCFUNCTION
POSTHOOK: query: DESCRIBE FUNCTION reverse
POSTHOOK: type: DESCFUNCTION
reverse(str) - reverse str
PREHOOK: query: DESCRIBE FUNCTION EXTENDED reverse
PREHOOK: type: DESCFUNCTION
POSTHOOK: query: DESCRIBE FUNCTION EXTENDED reverse
POSTHOOK: type: DESCFUNCTION
reverse(str) - reverse str
Example:
  > SELECT reverse('Facebook') FROM src LIMIT 1;
  'koobecaF'
Function class:org.apache.hadoop.hive.ql.udf.UDFReverse
Function type:BUILTIN
PREHOOK: query: CREATE TABLE dest1(len STRING)
PREHOOK: type: CREATETABLE
PREHOOK: Output: database:default
PREHOOK: Output: default@dest1
POSTHOOK: query: CREATE TABLE dest1(len STRING)
POSTHOOK: type: CREATETABLE
POSTHOOK: Output: database:default
POSTHOOK: Output: default@dest1
PREHOOK: query: EXPLAIN FROM src1 INSERT OVERWRITE TABLE dest1 SELECT reverse(src1.value)
PREHOOK: type: QUERY
POSTHOOK: query: EXPLAIN FROM src1 INSERT OVERWRITE TABLE dest1 SELECT reverse(src1.value)
POSTHOOK: type: QUERY
STAGE DEPENDENCIES:
  Stage-1 is a root stage
  Stage-7 depends on stages: Stage-1 , consists of Stage-4, Stage-3, Stage-5
  Stage-4
  Stage-0 depends on stages: Stage-4, Stage-3, Stage-6
  Stage-2 depends on stages: Stage-0
  Stage-3
  Stage-5
  Stage-6 depends on stages: Stage-5

STAGE PLANS:
  Stage: Stage-1
    Map Reduce
      Map Operator Tree:
          TableScan
            alias: src1
            Statistics: Num rows: 25 Data size: 191 Basic stats: COMPLETE Column stats: NONE
            Select Operator
              expressions: reverse(value) (type: string)
              outputColumnNames: _col0
              Statistics: Num rows: 25 Data size: 191 Basic stats: COMPLETE Column stats: NONE
              File Output Operator
                compressed: false
                Statistics: Num rows: 25 Data size: 191 Basic stats: COMPLETE Column stats: NONE
                table:
                    input format: org.apache.hadoop.mapred.TextInputFormat
                    output format: org.apache.hadoop.hive.ql.io.HiveIgnoreKeyTextOutputFormat
                    serde: org.apache.hadoop.hive.serde2.lazy.LazySimpleSerDe
                    name: default.dest1
              Select Operator
                expressions: _col0 (type: string)
                outputColumnNames: len
                Statistics: Num rows: 25 Data size: 191 Basic stats: COMPLETE Column stats: NONE
                Group By Operator
                  aggregations: compute_stats(len, 'hll')
                  mode: hash
                  outputColumnNames: _col0
                  Statistics: Num rows: 1 Data size: 440 Basic stats: COMPLETE Column stats: NONE
                  Reduce Output Operator
                    sort order: 
                    Statistics: Num rows: 1 Data size: 440 Basic stats: COMPLETE Column stats: NONE
                    value expressions: _col0 (type: struct<columntype:string,maxlength:bigint,sumlength:bigint,count:bigint,countnulls:bigint,bitvector:binary>)
      Reduce Operator Tree:
        Group By Operator
          aggregations: compute_stats(VALUE._col0)
          mode: mergepartial
          outputColumnNames: _col0
          Statistics: Num rows: 1 Data size: 440 Basic stats: COMPLETE Column stats: NONE
          File Output Operator
            compressed: false
            Statistics: Num rows: 1 Data size: 440 Basic stats: COMPLETE Column stats: NONE
            table:
                input format: org.apache.hadoop.mapred.SequenceFileInputFormat
                output format: org.apache.hadoop.hive.ql.io.HiveSequenceFileOutputFormat
                serde: org.apache.hadoop.hive.serde2.lazy.LazySimpleSerDe

  Stage: Stage-7
    Conditional Operator

  Stage: Stage-4
    Move Operator
      files:
          hdfs directory: true
#### A masked pattern was here ####

  Stage: Stage-0
    Move Operator
      tables:
          replace: true
          table:
              input format: org.apache.hadoop.mapred.TextInputFormat
              output format: org.apache.hadoop.hive.ql.io.HiveIgnoreKeyTextOutputFormat
              serde: org.apache.hadoop.hive.serde2.lazy.LazySimpleSerDe
              name: default.dest1

  Stage: Stage-2
    Stats Work
      Basic Stats Work:
      Column Stats Desc:
          Columns: len
          Column Types: string
          Table: default.dest1

  Stage: Stage-3
    Map Reduce
      Map Operator Tree:
          TableScan
            File Output Operator
              compressed: false
              table:
                  input format: org.apache.hadoop.mapred.TextInputFormat
                  output format: org.apache.hadoop.hive.ql.io.HiveIgnoreKeyTextOutputFormat
                  serde: org.apache.hadoop.hive.serde2.lazy.LazySimpleSerDe
                  name: default.dest1

  Stage: Stage-5
    Map Reduce
      Map Operator Tree:
          TableScan
            File Output Operator
              compressed: false
              table:
                  input format: org.apache.hadoop.mapred.TextInputFormat
                  output format: org.apache.hadoop.hive.ql.io.HiveIgnoreKeyTextOutputFormat
                  serde: org.apache.hadoop.hive.serde2.lazy.LazySimpleSerDe
                  name: default.dest1

  Stage: Stage-6
    Move Operator
      files:
          hdfs directory: true
#### A masked pattern was here ####

PREHOOK: query: FROM src1 INSERT OVERWRITE TABLE dest1 SELECT reverse(src1.value)
PREHOOK: type: QUERY
PREHOOK: Input: default@src1
PREHOOK: Output: default@dest1
POSTHOOK: query: FROM src1 INSERT OVERWRITE TABLE dest1 SELECT reverse(src1.value)
POSTHOOK: type: QUERY
POSTHOOK: Input: default@src1
POSTHOOK: Output: default@dest1
POSTHOOK: Lineage: dest1.len EXPRESSION [(src1)src1.FieldSchema(name:value, type:string, comment:default), ]
PREHOOK: query: SELECT dest1.* FROM dest1
PREHOOK: type: QUERY
PREHOOK: Input: default@dest1
#### A masked pattern was here ####
POSTHOOK: query: SELECT dest1.* FROM dest1
POSTHOOK: type: QUERY
POSTHOOK: Input: default@dest1
#### A masked pattern was here ####
832_lav

113_lav
72_lav
561_lav
904_lav
552_lav
872_lav
89_lav
484_lav
562_lav
391_lav
104_lav
051_lav
372_lav


66_lav

312_lav
641_lav
604_lav



PREHOOK: query: DROP TABLE dest1
PREHOOK: type: DROPTABLE
PREHOOK: Input: default@dest1
PREHOOK: Output: default@dest1
POSTHOOK: query: DROP TABLE dest1
POSTHOOK: type: DROPTABLE
POSTHOOK: Input: default@dest1
POSTHOOK: Output: default@dest1
PREHOOK: query: CREATE TABLE dest1(name STRING) STORED AS TEXTFILE
PREHOOK: type: CREATETABLE
PREHOOK: Output: database:default
PREHOOK: Output: default@dest1
POSTHOOK: query: CREATE TABLE dest1(name STRING) STORED AS TEXTFILE
POSTHOOK: type: CREATETABLE
POSTHOOK: Output: database:default
POSTHOOK: Output: default@dest1
PREHOOK: query: LOAD DATA LOCAL INPATH '../../data/files/kv4.txt' INTO TABLE dest1
PREHOOK: type: LOAD
#### A masked pattern was here ####
PREHOOK: Output: default@dest1
POSTHOOK: query: LOAD DATA LOCAL INPATH '../../data/files/kv4.txt' INTO TABLE dest1
POSTHOOK: type: LOAD
#### A masked pattern was here ####
POSTHOOK: Output: default@dest1
PREHOOK: query: SELECT count(1) FROM dest1 WHERE reverse(dest1.name) = _UTF-8 0xE993AEE982B5
PREHOOK: type: QUERY
PREHOOK: Input: default@dest1
#### A masked pattern was here ####
POSTHOOK: query: SELECT count(1) FROM dest1 WHERE reverse(dest1.name) = _UTF-8 0xE993AEE982B5
POSTHOOK: type: QUERY
POSTHOOK: Input: default@dest1
#### A masked pattern was here ####
1
