PREHOOK: query: EXPLAIN
SELECT stack(1, 'a', 'b', 'c') AS (c1, c2, c3)
UNION ALL
SELECT stack(1, 'd', 'e', 'f') AS (c1, c2, c3)
PREHOOK: type: QUERY
PREHOOK: Input: _dummy_database@_dummy_table
#### A masked pattern was here ####
POSTHOOK: query: EXPLAIN
SELECT stack(1, 'a', 'b', 'c') AS (c1, c2, c3)
UNION ALL
SELECT stack(1, 'd', 'e', 'f') AS (c1, c2, c3)
POSTHOOK: type: QUERY
POSTHOOK: Input: _dummy_database@_dummy_table
#### A masked pattern was here ####
STAGE DEPENDENCIES:
  Stage-1 is a root stage
  Stage-0 depends on stages: Stage-1

STAGE PLANS:
  Stage: Stage-1
    Map Reduce
      Map Operator Tree:
          TableScan
            alias: _dummy_table
            Row Limit Per Split: 1
            Statistics: Num rows: 1 Data size: 10 Basic stats: COMPLETE Column stats: COMPLETE
            Select Operator
              expressions: 1 (type: int), 'a' (type: string), 'b' (type: string), 'c' (type: string)
              outputColumnNames: _col0, _col1, _col2, _col3
              Statistics: Num rows: 1 Data size: 259 Basic stats: COMPLETE Column stats: COMPLETE
              UDTF Operator
                Statistics: Num rows: 1 Data size: 259 Basic stats: COMPLETE Column stats: COMPLETE
                function name: stack
                Select Operator
                  expressions: col0 (type: string), col1 (type: string), col2 (type: string)
                  outputColumnNames: _col0, _col1, _col2
                  Statistics: Num rows: 1 Data size: 8 Basic stats: COMPLETE Column stats: COMPLETE
                  Union
                    Statistics: Num rows: 2 Data size: 16 Basic stats: COMPLETE Column stats: COMPLETE
                    File Output Operator
                      compressed: false
                      Statistics: Num rows: 2 Data size: 16 Basic stats: COMPLETE Column stats: COMPLETE
                      table:
                          input format: org.apache.hadoop.mapred.SequenceFileInputFormat
                          output format: org.apache.hadoop.hive.ql.io.HiveSequenceFileOutputFormat
                          serde: org.apache.hadoop.hive.serde2.lazy.LazySimpleSerDe
          TableScan
            alias: _dummy_table
            Row Limit Per Split: 1
            Statistics: Num rows: 1 Data size: 10 Basic stats: COMPLETE Column stats: COMPLETE
            Select Operator
              expressions: 1 (type: int), 'd' (type: string), 'e' (type: string), 'f' (type: string)
              outputColumnNames: _col0, _col1, _col2, _col3
              Statistics: Num rows: 1 Data size: 259 Basic stats: COMPLETE Column stats: COMPLETE
              UDTF Operator
                Statistics: Num rows: 1 Data size: 259 Basic stats: COMPLETE Column stats: COMPLETE
                function name: stack
                Select Operator
                  expressions: col0 (type: string), col1 (type: string), col2 (type: string)
                  outputColumnNames: _col0, _col1, _col2
                  Statistics: Num rows: 1 Data size: 8 Basic stats: COMPLETE Column stats: COMPLETE
                  Union
                    Statistics: Num rows: 2 Data size: 16 Basic stats: COMPLETE Column stats: COMPLETE
                    File Output Operator
                      compressed: false
                      Statistics: Num rows: 2 Data size: 16 Basic stats: COMPLETE Column stats: COMPLETE
                      table:
                          input format: org.apache.hadoop.mapred.SequenceFileInputFormat
                          output format: org.apache.hadoop.hive.ql.io.HiveSequenceFileOutputFormat
                          serde: org.apache.hadoop.hive.serde2.lazy.LazySimpleSerDe

  Stage: Stage-0
    Fetch Operator
      limit: -1
      Processor Tree:
        ListSink

PREHOOK: query: SELECT stack(1, 'a', 'b', 'c') AS (c1, c2, c3)
UNION ALL
SELECT stack(1, 'd', 'e', 'f') AS (c1, c2, c3)
PREHOOK: type: QUERY
PREHOOK: Input: _dummy_database@_dummy_table
#### A masked pattern was here ####
POSTHOOK: query: SELECT stack(1, 'a', 'b', 'c') AS (c1, c2, c3)
UNION ALL
SELECT stack(1, 'd', 'e', 'f') AS (c1, c2, c3)
POSTHOOK: type: QUERY
POSTHOOK: Input: _dummy_database@_dummy_table
#### A masked pattern was here ####
a	b	c
d	e	f
