PREHOOK: query: create table inputTbl1_n11(key string, val string) stored as textfile
PREHOOK: type: CREATETABLE
PREHOOK: Output: database:default
PREHOOK: Output: default@inputTbl1_n11
POSTHOOK: query: create table inputTbl1_n11(key string, val string) stored as textfile
POSTHOOK: type: CREATETABLE
POSTHOOK: Output: database:default
POSTHOOK: Output: default@inputTbl1_n11
PREHOOK: query: create table outputTbl1_n16(key string, `values` bigint) stored as rcfile
PREHOOK: type: CREATETABLE
PREHOOK: Output: database:default
PREHOOK: Output: default@outputTbl1_n16
POSTHOOK: query: create table outputTbl1_n16(key string, `values` bigint) stored as rcfile
POSTHOOK: type: CREATETABLE
POSTHOOK: Output: database:default
POSTHOOK: Output: default@outputTbl1_n16
PREHOOK: query: load data local inpath '../../data/files/T1.txt' into table inputTbl1_n11
PREHOOK: type: LOAD
#### A masked pattern was here ####
PREHOOK: Output: default@inputtbl1_n11
POSTHOOK: query: load data local inpath '../../data/files/T1.txt' into table inputTbl1_n11
POSTHOOK: type: LOAD
#### A masked pattern was here ####
POSTHOOK: Output: default@inputtbl1_n11
PREHOOK: query: explain
insert overwrite table outputTbl1_n16
SELECT * FROM
(
select key, 1 as `values` from inputTbl1_n11
union all
select a.key as key, cast(b.val as bigint) as `values`
FROM inputTbl1_n11 a join inputTbl1_n11 b on a.key=b.key
)c
PREHOOK: type: QUERY
POSTHOOK: query: explain
insert overwrite table outputTbl1_n16
SELECT * FROM
(
select key, 1 as `values` from inputTbl1_n11
union all
select a.key as key, cast(b.val as bigint) as `values`
FROM inputTbl1_n11 a join inputTbl1_n11 b on a.key=b.key
)c
POSTHOOK: type: QUERY
STAGE DEPENDENCIES:
  Stage-1 is a root stage
  Stage-6 depends on stages: Stage-1, Stage-9 , consists of Stage-3, Stage-2, Stage-4
  Stage-3
  Stage-0 depends on stages: Stage-3, Stage-2, Stage-5
  Stage-2
  Stage-4
  Stage-5 depends on stages: Stage-4
  Stage-10 is a root stage
  Stage-9 depends on stages: Stage-10

STAGE PLANS:
  Stage: Stage-1
    Map Reduce
      Map Operator Tree:
          TableScan
            alias: inputtbl1_n11
            Statistics: Num rows: 1 Data size: 300 Basic stats: COMPLETE Column stats: NONE
            Select Operator
              expressions: key (type: string), 1L (type: bigint)
              outputColumnNames: _col0, _col1
              Statistics: Num rows: 1 Data size: 300 Basic stats: COMPLETE Column stats: NONE
              File Output Operator
                compressed: false
                Statistics: Num rows: 1 Data size: 300 Basic stats: COMPLETE Column stats: NONE
                table:
                    input format: org.apache.hadoop.hive.ql.io.RCFileInputFormat
                    output format: org.apache.hadoop.hive.ql.io.RCFileOutputFormat
                    serde: org.apache.hadoop.hive.serde2.columnar.ColumnarSerDe
                    name: default.outputtbl1_n16
      Execution mode: vectorized

  Stage: Stage-6
    Conditional Operator

  Stage: Stage-3
    Move Operator
      files:
          hdfs directory: true
#### A masked pattern was here ####

  Stage: Stage-0
    Move Operator
      tables:
          replace: true
          table:
              input format: org.apache.hadoop.hive.ql.io.RCFileInputFormat
              output format: org.apache.hadoop.hive.ql.io.RCFileOutputFormat
              serde: org.apache.hadoop.hive.serde2.columnar.ColumnarSerDe
              name: default.outputtbl1_n16

  Stage: Stage-2
    Merge File Operator
      Map Operator Tree:
          RCFile Merge Operator
      merge level: block
      input format: org.apache.hadoop.hive.ql.io.RCFileInputFormat

  Stage: Stage-4
    Merge File Operator
      Map Operator Tree:
          RCFile Merge Operator
      merge level: block
      input format: org.apache.hadoop.hive.ql.io.RCFileInputFormat

  Stage: Stage-5
    Move Operator
      files:
          hdfs directory: true
#### A masked pattern was here ####

  Stage: Stage-10
    Map Reduce Local Work
      Alias -> Map Local Tables:
        null-subquery2:$hdt$_0-subquery2:$hdt$_0:a 
          Fetch Operator
            limit: -1
      Alias -> Map Local Operator Tree:
        null-subquery2:$hdt$_0-subquery2:$hdt$_0:a 
          TableScan
            alias: a
            Statistics: Num rows: 1 Data size: 300 Basic stats: COMPLETE Column stats: NONE
            Filter Operator
              predicate: key is not null (type: boolean)
              Statistics: Num rows: 1 Data size: 300 Basic stats: COMPLETE Column stats: NONE
              Select Operator
                expressions: key (type: string)
                outputColumnNames: _col0
                Statistics: Num rows: 1 Data size: 300 Basic stats: COMPLETE Column stats: NONE
                HashTable Sink Operator
                  keys:
                    0 _col0 (type: string)
                    1 _col0 (type: string)

  Stage: Stage-9
    Map Reduce
      Map Operator Tree:
          TableScan
            alias: b
            Statistics: Num rows: 1 Data size: 300 Basic stats: COMPLETE Column stats: NONE
            Filter Operator
              predicate: key is not null (type: boolean)
              Statistics: Num rows: 1 Data size: 300 Basic stats: COMPLETE Column stats: NONE
              Select Operator
                expressions: key (type: string), val (type: string)
                outputColumnNames: _col0, _col1
                Statistics: Num rows: 1 Data size: 300 Basic stats: COMPLETE Column stats: NONE
                Map Join Operator
                  condition map:
                       Inner Join 0 to 1
                  keys:
                    0 _col0 (type: string)
                    1 _col0 (type: string)
                  outputColumnNames: _col0, _col2
                  Statistics: Num rows: 1 Data size: 330 Basic stats: COMPLETE Column stats: NONE
                  Select Operator
                    expressions: _col0 (type: string), UDFToLong(_col2) (type: bigint)
                    outputColumnNames: _col0, _col1
                    Statistics: Num rows: 1 Data size: 330 Basic stats: COMPLETE Column stats: NONE
                    File Output Operator
                      compressed: false
                      Statistics: Num rows: 1 Data size: 330 Basic stats: COMPLETE Column stats: NONE
                      table:
                          input format: org.apache.hadoop.hive.ql.io.RCFileInputFormat
                          output format: org.apache.hadoop.hive.ql.io.RCFileOutputFormat
                          serde: org.apache.hadoop.hive.serde2.columnar.ColumnarSerDe
                          name: default.outputtbl1_n16
      Execution mode: vectorized
      Local Work:
        Map Reduce Local Work

PREHOOK: query: insert overwrite table outputTbl1_n16
SELECT * FROM
(
select key, 1 as `values` from inputTbl1_n11
union all
select a.key as key, cast(b.val as bigint) as `values`
FROM inputTbl1_n11 a join inputTbl1_n11 b on a.key=b.key
)c
PREHOOK: type: QUERY
PREHOOK: Input: default@inputtbl1_n11
PREHOOK: Output: default@outputtbl1_n16
POSTHOOK: query: insert overwrite table outputTbl1_n16
SELECT * FROM
(
select key, 1 as `values` from inputTbl1_n11
union all
select a.key as key, cast(b.val as bigint) as `values`
FROM inputTbl1_n11 a join inputTbl1_n11 b on a.key=b.key
)c
POSTHOOK: type: QUERY
POSTHOOK: Input: default@inputtbl1_n11
POSTHOOK: Output: default@outputtbl1_n16
POSTHOOK: Lineage: outputtbl1_n16.key EXPRESSION [(inputtbl1_n11)inputtbl1_n11.FieldSchema(name:key, type:string, comment:null), (inputtbl1_n11)a.FieldSchema(name:key, type:string, comment:null), ]
POSTHOOK: Lineage: outputtbl1_n16.values EXPRESSION [(inputtbl1_n11)b.FieldSchema(name:val, type:string, comment:null), ]
PREHOOK: query: desc formatted outputTbl1_n16
PREHOOK: type: DESCTABLE
PREHOOK: Input: default@outputtbl1_n16
POSTHOOK: query: desc formatted outputTbl1_n16
POSTHOOK: type: DESCTABLE
POSTHOOK: Input: default@outputtbl1_n16
# col_name            	data_type           	comment             
key                 	string              	                    
values              	bigint              	                    
	 	 
# Detailed Table Information	 	 
Database:           	default             	 
#### A masked pattern was here ####
Retention:          	0                   	 
#### A masked pattern was here ####
Table Type:         	MANAGED_TABLE       	 
Table Parameters:	 	 
	bucketing_version   	2                   
	numFiles            	2                   
	totalSize           	194                 
#### A masked pattern was here ####
	 	 
# Storage Information	 	 
SerDe Library:      	org.apache.hadoop.hive.serde2.columnar.ColumnarSerDe	 
InputFormat:        	org.apache.hadoop.hive.ql.io.RCFileInputFormat	 
OutputFormat:       	org.apache.hadoop.hive.ql.io.RCFileOutputFormat	 
Compressed:         	No                  	 
Num Buckets:        	-1                  	 
Bucket Columns:     	[]                  	 
Sort Columns:       	[]                  	 
Storage Desc Params:	 	 
	serialization.format	1                   
PREHOOK: query: select * from outputTbl1_n16
PREHOOK: type: QUERY
PREHOOK: Input: default@outputtbl1_n16
#### A masked pattern was here ####
POSTHOOK: query: select * from outputTbl1_n16
POSTHOOK: type: QUERY
POSTHOOK: Input: default@outputtbl1_n16
#### A masked pattern was here ####
1	1
1	11
2	1
2	12
3	1
3	13
7	1
7	17
8	1
8	1
8	18
8	18
8	28
8	28
