PREHOOK: query: create table inputTbl1_n25(key string, val string) stored as textfile
PREHOOK: type: CREATETABLE
PREHOOK: Output: database:default
PREHOOK: Output: default@inputTbl1_n25
POSTHOOK: query: create table inputTbl1_n25(key string, val string) stored as textfile
POSTHOOK: type: CREATETABLE
POSTHOOK: Output: database:default
POSTHOOK: Output: default@inputTbl1_n25
PREHOOK: query: create table outputTbl1_n34(key string, `values` bigint) stored as textfile
PREHOOK: type: CREATETABLE
PREHOOK: Output: database:default
PREHOOK: Output: default@outputTbl1_n34
POSTHOOK: query: create table outputTbl1_n34(key string, `values` bigint) stored as textfile
POSTHOOK: type: CREATETABLE
POSTHOOK: Output: database:default
POSTHOOK: Output: default@outputTbl1_n34
PREHOOK: query: load data local inpath '../../data/files/T1.txt' into table inputTbl1_n25
PREHOOK: type: LOAD
#### A masked pattern was here ####
PREHOOK: Output: default@inputtbl1_n25
POSTHOOK: query: load data local inpath '../../data/files/T1.txt' into table inputTbl1_n25
POSTHOOK: type: LOAD
#### A masked pattern was here ####
POSTHOOK: Output: default@inputtbl1_n25
PREHOOK: query: explain
insert overwrite table outputTbl1_n34
SELECT *
FROM (
  SELECT key, count(1) as `values` from  
  (SELECT a.key, b.val from inputTbl1_n25 a join inputTbl1_n25 b on a.key=b.key) subq group by key
  UNION ALL
  SELECT key, count(1) as `values` from inputTbl1_n25 group by key
) subq2
PREHOOK: type: QUERY
POSTHOOK: query: explain
insert overwrite table outputTbl1_n34
SELECT *
FROM (
  SELECT key, count(1) as `values` from  
  (SELECT a.key, b.val from inputTbl1_n25 a join inputTbl1_n25 b on a.key=b.key) subq group by key
  UNION ALL
  SELECT key, count(1) as `values` from inputTbl1_n25 group by key
) subq2
POSTHOOK: type: QUERY
STAGE DEPENDENCIES:
  Stage-1 is a root stage
  Stage-2 depends on stages: Stage-1
  Stage-0 depends on stages: Stage-2, Stage-4
  Stage-4 is a root stage

STAGE PLANS:
  Stage: Stage-1
    Map Reduce
      Map Operator Tree:
          TableScan
            alias: a
            Statistics: Num rows: 1 Data size: 300 Basic stats: COMPLETE Column stats: NONE
            Filter Operator
              predicate: key is not null (type: boolean)
              Statistics: Num rows: 1 Data size: 300 Basic stats: COMPLETE Column stats: NONE
              Select Operator
                expressions: key (type: string)
                outputColumnNames: _col0
                Statistics: Num rows: 1 Data size: 300 Basic stats: COMPLETE Column stats: NONE
                Reduce Output Operator
                  key expressions: _col0 (type: string)
                  sort order: +
                  Map-reduce partition columns: _col0 (type: string)
                  Statistics: Num rows: 1 Data size: 300 Basic stats: COMPLETE Column stats: NONE
          TableScan
            alias: b
            Statistics: Num rows: 1 Data size: 300 Basic stats: COMPLETE Column stats: NONE
            Filter Operator
              predicate: key is not null (type: boolean)
              Statistics: Num rows: 1 Data size: 300 Basic stats: COMPLETE Column stats: NONE
              Select Operator
                expressions: key (type: string)
                outputColumnNames: _col0
                Statistics: Num rows: 1 Data size: 300 Basic stats: COMPLETE Column stats: NONE
                Reduce Output Operator
                  key expressions: _col0 (type: string)
                  sort order: +
                  Map-reduce partition columns: _col0 (type: string)
                  Statistics: Num rows: 1 Data size: 300 Basic stats: COMPLETE Column stats: NONE
      Reduce Operator Tree:
        Join Operator
          condition map:
               Inner Join 0 to 1
          keys:
            0 _col0 (type: string)
            1 _col0 (type: string)
          outputColumnNames: _col0
          Statistics: Num rows: 1 Data size: 330 Basic stats: COMPLETE Column stats: NONE
          Group By Operator
            aggregations: count()
            keys: _col0 (type: string)
            mode: hash
            outputColumnNames: _col0, _col1
            Statistics: Num rows: 1 Data size: 330 Basic stats: COMPLETE Column stats: NONE
            File Output Operator
              compressed: false
              table:
                  input format: org.apache.hadoop.mapred.SequenceFileInputFormat
                  output format: org.apache.hadoop.hive.ql.io.HiveSequenceFileOutputFormat
                  serde: org.apache.hadoop.hive.serde2.lazybinary.LazyBinarySerDe

  Stage: Stage-2
    Map Reduce
      Map Operator Tree:
          TableScan
            Reduce Output Operator
              key expressions: _col0 (type: string)
              sort order: +
              Map-reduce partition columns: _col0 (type: string)
              Statistics: Num rows: 1 Data size: 330 Basic stats: COMPLETE Column stats: NONE
              value expressions: _col1 (type: bigint)
      Execution mode: vectorized
      Reduce Operator Tree:
        Group By Operator
          aggregations: count(VALUE._col0)
          keys: KEY._col0 (type: string)
          mode: mergepartial
          outputColumnNames: _col0, _col1
          Statistics: Num rows: 1 Data size: 330 Basic stats: COMPLETE Column stats: NONE
          File Output Operator
            compressed: false
            Statistics: Num rows: 1 Data size: 330 Basic stats: COMPLETE Column stats: NONE
            table:
                input format: org.apache.hadoop.mapred.TextInputFormat
                output format: org.apache.hadoop.hive.ql.io.HiveIgnoreKeyTextOutputFormat
                serde: org.apache.hadoop.hive.serde2.lazy.LazySimpleSerDe
                name: default.outputtbl1_n34

  Stage: Stage-0
    Move Operator
      tables:
          replace: true
          table:
              input format: org.apache.hadoop.mapred.TextInputFormat
              output format: org.apache.hadoop.hive.ql.io.HiveIgnoreKeyTextOutputFormat
              serde: org.apache.hadoop.hive.serde2.lazy.LazySimpleSerDe
              name: default.outputtbl1_n34

  Stage: Stage-4
    Map Reduce
      Map Operator Tree:
          TableScan
            alias: inputtbl1_n25
            Statistics: Num rows: 1 Data size: 300 Basic stats: COMPLETE Column stats: NONE
            Select Operator
              expressions: key (type: string)
              outputColumnNames: key
              Statistics: Num rows: 1 Data size: 300 Basic stats: COMPLETE Column stats: NONE
              Group By Operator
                aggregations: count()
                keys: key (type: string)
                mode: hash
                outputColumnNames: _col0, _col1
                Statistics: Num rows: 1 Data size: 300 Basic stats: COMPLETE Column stats: NONE
                Reduce Output Operator
                  key expressions: _col0 (type: string)
                  sort order: +
                  Map-reduce partition columns: _col0 (type: string)
                  Statistics: Num rows: 1 Data size: 300 Basic stats: COMPLETE Column stats: NONE
                  value expressions: _col1 (type: bigint)
      Execution mode: vectorized
      Reduce Operator Tree:
        Group By Operator
          aggregations: count(VALUE._col0)
          keys: KEY._col0 (type: string)
          mode: mergepartial
          outputColumnNames: _col0, _col1
          Statistics: Num rows: 1 Data size: 300 Basic stats: COMPLETE Column stats: NONE
          File Output Operator
            compressed: false
            Statistics: Num rows: 1 Data size: 300 Basic stats: COMPLETE Column stats: NONE
            table:
                input format: org.apache.hadoop.mapred.TextInputFormat
                output format: org.apache.hadoop.hive.ql.io.HiveIgnoreKeyTextOutputFormat
                serde: org.apache.hadoop.hive.serde2.lazy.LazySimpleSerDe
                name: default.outputtbl1_n34

PREHOOK: query: insert overwrite table outputTbl1_n34
SELECT *
FROM (
  SELECT key, count(1) as `values` from  
  (SELECT a.key, b.val from inputTbl1_n25 a join inputTbl1_n25 b on a.key=b.key) subq group by key
  UNION ALL
  SELECT key, count(1) as `values` from inputTbl1_n25 group by key
) subq2
PREHOOK: type: QUERY
PREHOOK: Input: default@inputtbl1_n25
PREHOOK: Output: default@outputtbl1_n34
POSTHOOK: query: insert overwrite table outputTbl1_n34
SELECT *
FROM (
  SELECT key, count(1) as `values` from  
  (SELECT a.key, b.val from inputTbl1_n25 a join inputTbl1_n25 b on a.key=b.key) subq group by key
  UNION ALL
  SELECT key, count(1) as `values` from inputTbl1_n25 group by key
) subq2
POSTHOOK: type: QUERY
POSTHOOK: Input: default@inputtbl1_n25
POSTHOOK: Output: default@outputtbl1_n34
POSTHOOK: Lineage: outputtbl1_n34.key EXPRESSION [(inputtbl1_n25)a.FieldSchema(name:key, type:string, comment:null), (inputtbl1_n25)inputtbl1_n25.FieldSchema(name:key, type:string, comment:null), ]
POSTHOOK: Lineage: outputtbl1_n34.values EXPRESSION [(inputtbl1_n25)a.null, (inputtbl1_n25)b.null, (inputtbl1_n25)inputtbl1_n25.null, ]
PREHOOK: query: desc formatted outputTbl1_n34
PREHOOK: type: DESCTABLE
PREHOOK: Input: default@outputtbl1_n34
POSTHOOK: query: desc formatted outputTbl1_n34
POSTHOOK: type: DESCTABLE
POSTHOOK: Input: default@outputtbl1_n34
# col_name            	data_type           	comment             
key                 	string              	                    
values              	bigint              	                    
	 	 
# Detailed Table Information	 	 
Database:           	default             	 
#### A masked pattern was here ####
Retention:          	0                   	 
#### A masked pattern was here ####
Table Type:         	MANAGED_TABLE       	 
Table Parameters:	 	 
	bucketing_version   	2                   
	numFiles            	2                   
	totalSize           	40                  
#### A masked pattern was here ####
	 	 
# Storage Information	 	 
SerDe Library:      	org.apache.hadoop.hive.serde2.lazy.LazySimpleSerDe	 
InputFormat:        	org.apache.hadoop.mapred.TextInputFormat	 
OutputFormat:       	org.apache.hadoop.hive.ql.io.HiveIgnoreKeyTextOutputFormat	 
Compressed:         	No                  	 
Num Buckets:        	-1                  	 
Bucket Columns:     	[]                  	 
Sort Columns:       	[]                  	 
Storage Desc Params:	 	 
	serialization.format	1                   
PREHOOK: query: select * from outputTbl1_n34
PREHOOK: type: QUERY
PREHOOK: Input: default@outputtbl1_n34
#### A masked pattern was here ####
POSTHOOK: query: select * from outputTbl1_n34
POSTHOOK: type: QUERY
POSTHOOK: Input: default@outputtbl1_n34
#### A masked pattern was here ####
1	1
1	1
2	1
2	1
3	1
3	1
7	1
7	1
8	2
8	4
