PREHOOK: query: create table l_test1 (id bigint,val string,trans_date string) row format delimited fields terminated by ' '
PREHOOK: type: CREATETABLE
PREHOOK: Output: database:default
PREHOOK: Output: default@l_test1
POSTHOOK: query: create table l_test1 (id bigint,val string,trans_date string) row format delimited fields terminated by ' '
POSTHOOK: type: CREATETABLE
POSTHOOK: Output: database:default
POSTHOOK: Output: default@l_test1
PREHOOK: query: insert into l_test1 values (1, "table_1", "2016-08-11")
PREHOOK: type: QUERY
PREHOOK: Input: _dummy_database@_dummy_table
PREHOOK: Output: default@l_test1
POSTHOOK: query: insert into l_test1 values (1, "table_1", "2016-08-11")
POSTHOOK: type: QUERY
POSTHOOK: Input: _dummy_database@_dummy_table
POSTHOOK: Output: default@l_test1
POSTHOOK: Lineage: l_test1.id SCRIPT []
POSTHOOK: Lineage: l_test1.trans_date SCRIPT []
POSTHOOK: Lineage: l_test1.val SCRIPT []
PREHOOK: query: create table l_test2 (id bigint,val string,trans_date string) row format delimited fields terminated by ' '
PREHOOK: type: CREATETABLE
PREHOOK: Output: database:default
PREHOOK: Output: default@l_test2
POSTHOOK: query: create table l_test2 (id bigint,val string,trans_date string) row format delimited fields terminated by ' '
POSTHOOK: type: CREATETABLE
POSTHOOK: Output: database:default
POSTHOOK: Output: default@l_test2
PREHOOK: query: insert into l_test2 values (2, "table_2", "2016-08-11")
PREHOOK: type: QUERY
PREHOOK: Input: _dummy_database@_dummy_table
PREHOOK: Output: default@l_test2
POSTHOOK: query: insert into l_test2 values (2, "table_2", "2016-08-11")
POSTHOOK: type: QUERY
POSTHOOK: Input: _dummy_database@_dummy_table
POSTHOOK: Output: default@l_test2
POSTHOOK: Lineage: l_test2.id SCRIPT []
POSTHOOK: Lineage: l_test2.trans_date SCRIPT []
POSTHOOK: Lineage: l_test2.val SCRIPT []
PREHOOK: query: explain
select 
    id,
    'table_1' ,
    trans_date
from l_test1
union all
select 
    id,
    val,
    trans_date
from l_test2
PREHOOK: type: QUERY
PREHOOK: Input: default@l_test1
PREHOOK: Input: default@l_test2
#### A masked pattern was here ####
POSTHOOK: query: explain
select 
    id,
    'table_1' ,
    trans_date
from l_test1
union all
select 
    id,
    val,
    trans_date
from l_test2
POSTHOOK: type: QUERY
POSTHOOK: Input: default@l_test1
POSTHOOK: Input: default@l_test2
#### A masked pattern was here ####
STAGE DEPENDENCIES:
  Stage-1 is a root stage
  Stage-0 depends on stages: Stage-1

STAGE PLANS:
  Stage: Stage-1
    Map Reduce
      Map Operator Tree:
          TableScan
            alias: l_test1
            Statistics: Num rows: 1 Data size: 20 Basic stats: COMPLETE Column stats: NONE
            Select Operator
              expressions: id (type: bigint), 'table_1' (type: string), trans_date (type: string)
              outputColumnNames: _col0, _col1, _col2
              Statistics: Num rows: 1 Data size: 20 Basic stats: COMPLETE Column stats: NONE
              Union
                Statistics: Num rows: 2 Data size: 40 Basic stats: COMPLETE Column stats: NONE
                File Output Operator
                  compressed: false
                  Statistics: Num rows: 2 Data size: 40 Basic stats: COMPLETE Column stats: NONE
                  table:
                      input format: org.apache.hadoop.mapred.SequenceFileInputFormat
                      output format: org.apache.hadoop.hive.ql.io.HiveSequenceFileOutputFormat
                      serde: org.apache.hadoop.hive.serde2.lazy.LazySimpleSerDe
          TableScan
            alias: l_test2
            Statistics: Num rows: 1 Data size: 20 Basic stats: COMPLETE Column stats: NONE
            Select Operator
              expressions: id (type: bigint), val (type: string), trans_date (type: string)
              outputColumnNames: _col0, _col1, _col2
              Statistics: Num rows: 1 Data size: 20 Basic stats: COMPLETE Column stats: NONE
              Union
                Statistics: Num rows: 2 Data size: 40 Basic stats: COMPLETE Column stats: NONE
                File Output Operator
                  compressed: false
                  Statistics: Num rows: 2 Data size: 40 Basic stats: COMPLETE Column stats: NONE
                  table:
                      input format: org.apache.hadoop.mapred.SequenceFileInputFormat
                      output format: org.apache.hadoop.hive.ql.io.HiveSequenceFileOutputFormat
                      serde: org.apache.hadoop.hive.serde2.lazy.LazySimpleSerDe

  Stage: Stage-0
    Fetch Operator
      limit: -1
      Processor Tree:
        ListSink

PREHOOK: query: select 
    id,
    'table_1' ,
    trans_date
from l_test1
union all
select 
    id,
    val,
    trans_date
from l_test2
PREHOOK: type: QUERY
PREHOOK: Input: default@l_test1
PREHOOK: Input: default@l_test2
#### A masked pattern was here ####
POSTHOOK: query: select 
    id,
    'table_1' ,
    trans_date
from l_test1
union all
select 
    id,
    val,
    trans_date
from l_test2
POSTHOOK: type: QUERY
POSTHOOK: Input: default@l_test1
POSTHOOK: Input: default@l_test2
#### A masked pattern was here ####
1	table_1	2016-08-11
2	table_2	2016-08-11
PREHOOK: query: explain
select 
    id,
    999,
    'table_1' ,
    trans_date
from l_test1
union all
select 
    id,
    999,
    val,
    trans_date
from l_test2
PREHOOK: type: QUERY
PREHOOK: Input: default@l_test1
PREHOOK: Input: default@l_test2
#### A masked pattern was here ####
POSTHOOK: query: explain
select 
    id,
    999,
    'table_1' ,
    trans_date
from l_test1
union all
select 
    id,
    999,
    val,
    trans_date
from l_test2
POSTHOOK: type: QUERY
POSTHOOK: Input: default@l_test1
POSTHOOK: Input: default@l_test2
#### A masked pattern was here ####
STAGE DEPENDENCIES:
  Stage-1 is a root stage
  Stage-0 depends on stages: Stage-1

STAGE PLANS:
  Stage: Stage-1
    Map Reduce
      Map Operator Tree:
          TableScan
            alias: l_test1
            Statistics: Num rows: 1 Data size: 20 Basic stats: COMPLETE Column stats: NONE
            Select Operator
              expressions: id (type: bigint), 'table_1' (type: string), trans_date (type: string)
              outputColumnNames: _col0, _col1, _col2
              Statistics: Num rows: 1 Data size: 20 Basic stats: COMPLETE Column stats: NONE
              Union
                Statistics: Num rows: 2 Data size: 40 Basic stats: COMPLETE Column stats: NONE
                Select Operator
                  expressions: _col0 (type: bigint), 999 (type: int), _col1 (type: string), _col2 (type: string)
                  outputColumnNames: _col0, _col1, _col2, _col3
                  Statistics: Num rows: 2 Data size: 40 Basic stats: COMPLETE Column stats: NONE
                  File Output Operator
                    compressed: false
                    Statistics: Num rows: 2 Data size: 40 Basic stats: COMPLETE Column stats: NONE
                    table:
                        input format: org.apache.hadoop.mapred.SequenceFileInputFormat
                        output format: org.apache.hadoop.hive.ql.io.HiveSequenceFileOutputFormat
                        serde: org.apache.hadoop.hive.serde2.lazy.LazySimpleSerDe
          TableScan
            alias: l_test2
            Statistics: Num rows: 1 Data size: 20 Basic stats: COMPLETE Column stats: NONE
            Select Operator
              expressions: id (type: bigint), val (type: string), trans_date (type: string)
              outputColumnNames: _col0, _col1, _col2
              Statistics: Num rows: 1 Data size: 20 Basic stats: COMPLETE Column stats: NONE
              Union
                Statistics: Num rows: 2 Data size: 40 Basic stats: COMPLETE Column stats: NONE
                Select Operator
                  expressions: _col0 (type: bigint), 999 (type: int), _col1 (type: string), _col2 (type: string)
                  outputColumnNames: _col0, _col1, _col2, _col3
                  Statistics: Num rows: 2 Data size: 40 Basic stats: COMPLETE Column stats: NONE
                  File Output Operator
                    compressed: false
                    Statistics: Num rows: 2 Data size: 40 Basic stats: COMPLETE Column stats: NONE
                    table:
                        input format: org.apache.hadoop.mapred.SequenceFileInputFormat
                        output format: org.apache.hadoop.hive.ql.io.HiveSequenceFileOutputFormat
                        serde: org.apache.hadoop.hive.serde2.lazy.LazySimpleSerDe

  Stage: Stage-0
    Fetch Operator
      limit: -1
      Processor Tree:
        ListSink

PREHOOK: query: select 
    id,
    999,
    'table_1' ,
    trans_date
from l_test1
union all
select 
    id,
    999,
    val,
    trans_date
from l_test2
PREHOOK: type: QUERY
PREHOOK: Input: default@l_test1
PREHOOK: Input: default@l_test2
#### A masked pattern was here ####
POSTHOOK: query: select 
    id,
    999,
    'table_1' ,
    trans_date
from l_test1
union all
select 
    id,
    999,
    val,
    trans_date
from l_test2
POSTHOOK: type: QUERY
POSTHOOK: Input: default@l_test1
POSTHOOK: Input: default@l_test2
#### A masked pattern was here ####
1	999	table_1	2016-08-11
2	999	table_2	2016-08-11
PREHOOK: query: explain
select 
    id,
    999,
    666,
    'table_1' ,
    trans_date
from l_test1
union all
select 
    id,
    999,
    666,
    val,
    trans_date
from l_test2
PREHOOK: type: QUERY
PREHOOK: Input: default@l_test1
PREHOOK: Input: default@l_test2
#### A masked pattern was here ####
POSTHOOK: query: explain
select 
    id,
    999,
    666,
    'table_1' ,
    trans_date
from l_test1
union all
select 
    id,
    999,
    666,
    val,
    trans_date
from l_test2
POSTHOOK: type: QUERY
POSTHOOK: Input: default@l_test1
POSTHOOK: Input: default@l_test2
#### A masked pattern was here ####
STAGE DEPENDENCIES:
  Stage-1 is a root stage
  Stage-0 depends on stages: Stage-1

STAGE PLANS:
  Stage: Stage-1
    Map Reduce
      Map Operator Tree:
          TableScan
            alias: l_test1
            Statistics: Num rows: 1 Data size: 20 Basic stats: COMPLETE Column stats: NONE
            Select Operator
              expressions: id (type: bigint), 'table_1' (type: string), trans_date (type: string)
              outputColumnNames: _col0, _col1, _col2
              Statistics: Num rows: 1 Data size: 20 Basic stats: COMPLETE Column stats: NONE
              Union
                Statistics: Num rows: 2 Data size: 40 Basic stats: COMPLETE Column stats: NONE
                Select Operator
                  expressions: _col0 (type: bigint), 999 (type: int), 666 (type: int), _col1 (type: string), _col2 (type: string)
                  outputColumnNames: _col0, _col1, _col2, _col3, _col4
                  Statistics: Num rows: 2 Data size: 40 Basic stats: COMPLETE Column stats: NONE
                  File Output Operator
                    compressed: false
                    Statistics: Num rows: 2 Data size: 40 Basic stats: COMPLETE Column stats: NONE
                    table:
                        input format: org.apache.hadoop.mapred.SequenceFileInputFormat
                        output format: org.apache.hadoop.hive.ql.io.HiveSequenceFileOutputFormat
                        serde: org.apache.hadoop.hive.serde2.lazy.LazySimpleSerDe
          TableScan
            alias: l_test2
            Statistics: Num rows: 1 Data size: 20 Basic stats: COMPLETE Column stats: NONE
            Select Operator
              expressions: id (type: bigint), val (type: string), trans_date (type: string)
              outputColumnNames: _col0, _col1, _col2
              Statistics: Num rows: 1 Data size: 20 Basic stats: COMPLETE Column stats: NONE
              Union
                Statistics: Num rows: 2 Data size: 40 Basic stats: COMPLETE Column stats: NONE
                Select Operator
                  expressions: _col0 (type: bigint), 999 (type: int), 666 (type: int), _col1 (type: string), _col2 (type: string)
                  outputColumnNames: _col0, _col1, _col2, _col3, _col4
                  Statistics: Num rows: 2 Data size: 40 Basic stats: COMPLETE Column stats: NONE
                  File Output Operator
                    compressed: false
                    Statistics: Num rows: 2 Data size: 40 Basic stats: COMPLETE Column stats: NONE
                    table:
                        input format: org.apache.hadoop.mapred.SequenceFileInputFormat
                        output format: org.apache.hadoop.hive.ql.io.HiveSequenceFileOutputFormat
                        serde: org.apache.hadoop.hive.serde2.lazy.LazySimpleSerDe

  Stage: Stage-0
    Fetch Operator
      limit: -1
      Processor Tree:
        ListSink

PREHOOK: query: select 
    id,
    999,
    666,
    'table_1' ,
    trans_date
from l_test1
union all
select 
    id,
    999,
    666,
    val,
    trans_date
from l_test2
PREHOOK: type: QUERY
PREHOOK: Input: default@l_test1
PREHOOK: Input: default@l_test2
#### A masked pattern was here ####
POSTHOOK: query: select 
    id,
    999,
    666,
    'table_1' ,
    trans_date
from l_test1
union all
select 
    id,
    999,
    666,
    val,
    trans_date
from l_test2
POSTHOOK: type: QUERY
POSTHOOK: Input: default@l_test1
POSTHOOK: Input: default@l_test2
#### A masked pattern was here ####
1	999	666	table_1	2016-08-11
2	999	666	table_2	2016-08-11
PREHOOK: query: explain
select 
    id,
    999,
    'table_1' ,
    trans_date,
    '2016-11-11'
from l_test1
union all
select 
    id,
    999,
    val,
    trans_date,
    trans_date
from l_test2
PREHOOK: type: QUERY
PREHOOK: Input: default@l_test1
PREHOOK: Input: default@l_test2
#### A masked pattern was here ####
POSTHOOK: query: explain
select 
    id,
    999,
    'table_1' ,
    trans_date,
    '2016-11-11'
from l_test1
union all
select 
    id,
    999,
    val,
    trans_date,
    trans_date
from l_test2
POSTHOOK: type: QUERY
POSTHOOK: Input: default@l_test1
POSTHOOK: Input: default@l_test2
#### A masked pattern was here ####
STAGE DEPENDENCIES:
  Stage-1 is a root stage
  Stage-0 depends on stages: Stage-1

STAGE PLANS:
  Stage: Stage-1
    Map Reduce
      Map Operator Tree:
          TableScan
            alias: l_test1
            Statistics: Num rows: 1 Data size: 20 Basic stats: COMPLETE Column stats: NONE
            Select Operator
              expressions: id (type: bigint), 'table_1' (type: string), trans_date (type: string), '2016-11-11' (type: string)
              outputColumnNames: _col0, _col1, _col2, _col3
              Statistics: Num rows: 1 Data size: 20 Basic stats: COMPLETE Column stats: NONE
              Union
                Statistics: Num rows: 2 Data size: 40 Basic stats: COMPLETE Column stats: NONE
                Select Operator
                  expressions: _col0 (type: bigint), 999 (type: int), _col1 (type: string), _col2 (type: string), _col3 (type: string)
                  outputColumnNames: _col0, _col1, _col2, _col3, _col4
                  Statistics: Num rows: 2 Data size: 40 Basic stats: COMPLETE Column stats: NONE
                  File Output Operator
                    compressed: false
                    Statistics: Num rows: 2 Data size: 40 Basic stats: COMPLETE Column stats: NONE
                    table:
                        input format: org.apache.hadoop.mapred.SequenceFileInputFormat
                        output format: org.apache.hadoop.hive.ql.io.HiveSequenceFileOutputFormat
                        serde: org.apache.hadoop.hive.serde2.lazy.LazySimpleSerDe
          TableScan
            alias: l_test2
            Statistics: Num rows: 1 Data size: 20 Basic stats: COMPLETE Column stats: NONE
            Select Operator
              expressions: id (type: bigint), val (type: string), trans_date (type: string), trans_date (type: string)
              outputColumnNames: _col0, _col1, _col2, _col3
              Statistics: Num rows: 1 Data size: 20 Basic stats: COMPLETE Column stats: NONE
              Union
                Statistics: Num rows: 2 Data size: 40 Basic stats: COMPLETE Column stats: NONE
                Select Operator
                  expressions: _col0 (type: bigint), 999 (type: int), _col1 (type: string), _col2 (type: string), _col3 (type: string)
                  outputColumnNames: _col0, _col1, _col2, _col3, _col4
                  Statistics: Num rows: 2 Data size: 40 Basic stats: COMPLETE Column stats: NONE
                  File Output Operator
                    compressed: false
                    Statistics: Num rows: 2 Data size: 40 Basic stats: COMPLETE Column stats: NONE
                    table:
                        input format: org.apache.hadoop.mapred.SequenceFileInputFormat
                        output format: org.apache.hadoop.hive.ql.io.HiveSequenceFileOutputFormat
                        serde: org.apache.hadoop.hive.serde2.lazy.LazySimpleSerDe

  Stage: Stage-0
    Fetch Operator
      limit: -1
      Processor Tree:
        ListSink

PREHOOK: query: select 
    id,
    999,
    'table_1' ,
    trans_date,
    '2016-11-11'
from l_test1
union all
select 
    id,
    999,
    val,
    trans_date,
    trans_date
from l_test2
PREHOOK: type: QUERY
PREHOOK: Input: default@l_test1
PREHOOK: Input: default@l_test2
#### A masked pattern was here ####
POSTHOOK: query: select 
    id,
    999,
    'table_1' ,
    trans_date,
    '2016-11-11'
from l_test1
union all
select 
    id,
    999,
    val,
    trans_date,
    trans_date
from l_test2
POSTHOOK: type: QUERY
POSTHOOK: Input: default@l_test1
POSTHOOK: Input: default@l_test2
#### A masked pattern was here ####
1	999	table_1	2016-08-11	2016-11-11
2	999	table_2	2016-08-11	2016-08-11
