PREHOOK: query: CREATE TABLE t1 AS SELECT * FROM src WHERE key < 10
PREHOOK: type: CREATETABLE_AS_SELECT
PREHOOK: Input: default@src
PREHOOK: Output: database:default
PREHOOK: Output: default@t1
POSTHOOK: query: CREATE TABLE t1 AS SELECT * FROM src WHERE key < 10
POSTHOOK: type: CREATETABLE_AS_SELECT
POSTHOOK: Input: default@src
POSTHOOK: Output: database:default
POSTHOOK: Output: default@t1
POSTHOOK: Lineage: t1.key SIMPLE [(src)src.FieldSchema(name:key, type:string, comment:default), ]
POSTHOOK: Lineage: t1.value SIMPLE [(src)src.FieldSchema(name:value, type:string, comment:default), ]
PREHOOK: query: CREATE TABLE t2 AS SELECT * FROM src WHERE key < 10
PREHOOK: type: CREATETABLE_AS_SELECT
PREHOOK: Input: default@src
PREHOOK: Output: database:default
PREHOOK: Output: default@t2
POSTHOOK: query: CREATE TABLE t2 AS SELECT * FROM src WHERE key < 10
POSTHOOK: type: CREATETABLE_AS_SELECT
POSTHOOK: Input: default@src
POSTHOOK: Output: database:default
POSTHOOK: Output: default@t2
POSTHOOK: Lineage: t2.key SIMPLE [(src)src.FieldSchema(name:key, type:string, comment:default), ]
POSTHOOK: Lineage: t2.value SIMPLE [(src)src.FieldSchema(name:value, type:string, comment:default), ]
PREHOOK: query: EXPLAIN
SELECT * FROM 
(SELECT CAST(key AS DOUBLE) AS key FROM t1
UNION ALL
SELECT CAST(key AS BIGINT) AS key FROM t2) a
PREHOOK: type: QUERY
POSTHOOK: query: EXPLAIN
SELECT * FROM 
(SELECT CAST(key AS DOUBLE) AS key FROM t1
UNION ALL
SELECT CAST(key AS BIGINT) AS key FROM t2) a
POSTHOOK: type: QUERY
STAGE DEPENDENCIES:
  Stage-1 is a root stage
  Stage-0 depends on stages: Stage-1

STAGE PLANS:
  Stage: Stage-1
    Map Reduce
      Map Operator Tree:
          TableScan
            alias: t1
            Statistics: Num rows: 10 Data size: 70 Basic stats: COMPLETE Column stats: NONE
            Select Operator
              expressions: UDFToDouble(key) (type: double)
              outputColumnNames: _col0
              Statistics: Num rows: 10 Data size: 70 Basic stats: COMPLETE Column stats: NONE
              Union
                Statistics: Num rows: 20 Data size: 140 Basic stats: COMPLETE Column stats: NONE
                File Output Operator
                  compressed: false
                  Statistics: Num rows: 20 Data size: 140 Basic stats: COMPLETE Column stats: NONE
                  table:
                      input format: org.apache.hadoop.mapred.SequenceFileInputFormat
                      output format: org.apache.hadoop.hive.ql.io.HiveSequenceFileOutputFormat
                      serde: org.apache.hadoop.hive.serde2.lazy.LazySimpleSerDe
          TableScan
            alias: t2
            Statistics: Num rows: 10 Data size: 70 Basic stats: COMPLETE Column stats: NONE
            Select Operator
              expressions: UDFToDouble(UDFToLong(key)) (type: double)
              outputColumnNames: _col0
              Statistics: Num rows: 10 Data size: 70 Basic stats: COMPLETE Column stats: NONE
              Union
                Statistics: Num rows: 20 Data size: 140 Basic stats: COMPLETE Column stats: NONE
                File Output Operator
                  compressed: false
                  Statistics: Num rows: 20 Data size: 140 Basic stats: COMPLETE Column stats: NONE
                  table:
                      input format: org.apache.hadoop.mapred.SequenceFileInputFormat
                      output format: org.apache.hadoop.hive.ql.io.HiveSequenceFileOutputFormat
                      serde: org.apache.hadoop.hive.serde2.lazy.LazySimpleSerDe

  Stage: Stage-0
    Fetch Operator
      limit: -1
      Processor Tree:
        ListSink

PREHOOK: query: SELECT * FROM 
(SELECT CAST(key AS DOUBLE) AS key FROM t1
UNION ALL
SELECT CAST(key AS BIGINT) AS key FROM t2) a
PREHOOK: type: QUERY
PREHOOK: Input: default@t1
PREHOOK: Input: default@t2
#### A masked pattern was here ####
POSTHOOK: query: SELECT * FROM 
(SELECT CAST(key AS DOUBLE) AS key FROM t1
UNION ALL
SELECT CAST(key AS BIGINT) AS key FROM t2) a
POSTHOOK: type: QUERY
POSTHOOK: Input: default@t1
POSTHOOK: Input: default@t2
#### A masked pattern was here ####
0.0
0.0
0.0
0.0
0.0
0.0
2.0
2.0
4.0
4.0
5.0
5.0
5.0
5.0
5.0
5.0
8.0
8.0
9.0
9.0
PREHOOK: query: EXPLAIN
SELECT * FROM 
(SELECT CAST(a.key AS BIGINT) AS key FROM t1 a JOIN t2 b ON a.key = b.key
UNION ALL
SELECT CAST(key AS DOUBLE) AS key FROM t2) a
PREHOOK: type: QUERY
POSTHOOK: query: EXPLAIN
SELECT * FROM 
(SELECT CAST(a.key AS BIGINT) AS key FROM t1 a JOIN t2 b ON a.key = b.key
UNION ALL
SELECT CAST(key AS DOUBLE) AS key FROM t2) a
POSTHOOK: type: QUERY
STAGE DEPENDENCIES:
  Stage-1 is a root stage
  Stage-2 depends on stages: Stage-1
  Stage-0 depends on stages: Stage-2

STAGE PLANS:
  Stage: Stage-1
    Map Reduce
      Map Operator Tree:
          TableScan
            alias: a
            Statistics: Num rows: 10 Data size: 70 Basic stats: COMPLETE Column stats: NONE
            Filter Operator
              predicate: key is not null (type: boolean)
              Statistics: Num rows: 10 Data size: 70 Basic stats: COMPLETE Column stats: NONE
              Select Operator
                expressions: key (type: string)
                outputColumnNames: _col0
                Statistics: Num rows: 10 Data size: 70 Basic stats: COMPLETE Column stats: NONE
                Reduce Output Operator
                  key expressions: _col0 (type: string)
                  sort order: +
                  Map-reduce partition columns: _col0 (type: string)
                  Statistics: Num rows: 10 Data size: 70 Basic stats: COMPLETE Column stats: NONE
          TableScan
            alias: b
            Statistics: Num rows: 10 Data size: 70 Basic stats: COMPLETE Column stats: NONE
            Filter Operator
              predicate: key is not null (type: boolean)
              Statistics: Num rows: 10 Data size: 70 Basic stats: COMPLETE Column stats: NONE
              Select Operator
                expressions: key (type: string)
                outputColumnNames: _col0
                Statistics: Num rows: 10 Data size: 70 Basic stats: COMPLETE Column stats: NONE
                Reduce Output Operator
                  key expressions: _col0 (type: string)
                  sort order: +
                  Map-reduce partition columns: _col0 (type: string)
                  Statistics: Num rows: 10 Data size: 70 Basic stats: COMPLETE Column stats: NONE
      Reduce Operator Tree:
        Join Operator
          condition map:
               Inner Join 0 to 1
          keys:
            0 _col0 (type: string)
            1 _col0 (type: string)
          outputColumnNames: _col0
          Statistics: Num rows: 11 Data size: 77 Basic stats: COMPLETE Column stats: NONE
          Select Operator
            expressions: UDFToDouble(UDFToLong(_col0)) (type: double)
            outputColumnNames: _col0
            Statistics: Num rows: 11 Data size: 77 Basic stats: COMPLETE Column stats: NONE
            File Output Operator
              compressed: false
              table:
                  input format: org.apache.hadoop.mapred.SequenceFileInputFormat
                  output format: org.apache.hadoop.hive.ql.io.HiveSequenceFileOutputFormat
                  serde: org.apache.hadoop.hive.serde2.lazybinary.LazyBinarySerDe

  Stage: Stage-2
    Map Reduce
      Map Operator Tree:
          TableScan
            Union
              Statistics: Num rows: 21 Data size: 147 Basic stats: COMPLETE Column stats: NONE
              File Output Operator
                compressed: false
                Statistics: Num rows: 21 Data size: 147 Basic stats: COMPLETE Column stats: NONE
                table:
                    input format: org.apache.hadoop.mapred.SequenceFileInputFormat
                    output format: org.apache.hadoop.hive.ql.io.HiveSequenceFileOutputFormat
                    serde: org.apache.hadoop.hive.serde2.lazy.LazySimpleSerDe
          TableScan
            alias: t2
            Statistics: Num rows: 10 Data size: 70 Basic stats: COMPLETE Column stats: NONE
            Select Operator
              expressions: UDFToDouble(key) (type: double)
              outputColumnNames: _col0
              Statistics: Num rows: 10 Data size: 70 Basic stats: COMPLETE Column stats: NONE
              Union
                Statistics: Num rows: 21 Data size: 147 Basic stats: COMPLETE Column stats: NONE
                File Output Operator
                  compressed: false
                  Statistics: Num rows: 21 Data size: 147 Basic stats: COMPLETE Column stats: NONE
                  table:
                      input format: org.apache.hadoop.mapred.SequenceFileInputFormat
                      output format: org.apache.hadoop.hive.ql.io.HiveSequenceFileOutputFormat
                      serde: org.apache.hadoop.hive.serde2.lazy.LazySimpleSerDe

  Stage: Stage-0
    Fetch Operator
      limit: -1
      Processor Tree:
        ListSink

PREHOOK: query: SELECT * FROM 
(SELECT CAST(a.key AS BIGINT) AS key FROM t1 a JOIN t2 b ON a.key = b.key
UNION ALL
SELECT CAST(key AS DOUBLE) AS key FROM t2) a
PREHOOK: type: QUERY
PREHOOK: Input: default@t1
PREHOOK: Input: default@t2
#### A masked pattern was here ####
POSTHOOK: query: SELECT * FROM 
(SELECT CAST(a.key AS BIGINT) AS key FROM t1 a JOIN t2 b ON a.key = b.key
UNION ALL
SELECT CAST(key AS DOUBLE) AS key FROM t2) a
POSTHOOK: type: QUERY
POSTHOOK: Input: default@t1
POSTHOOK: Input: default@t2
#### A masked pattern was here ####
0.0
0.0
0.0
0.0
0.0
0.0
0.0
0.0
0.0
0.0
0.0
0.0
2.0
2.0
4.0
4.0
5.0
5.0
5.0
5.0
5.0
5.0
5.0
5.0
5.0
5.0
5.0
5.0
8.0
8.0
9.0
9.0
PREHOOK: query: EXPLAIN
SELECT * FROM 
(SELECT CAST(key AS DOUBLE) AS key FROM t2
UNION ALL
SELECT CAST(a.key AS BIGINT) AS key FROM t1 a JOIN t2 b ON a.key = b.key) a
PREHOOK: type: QUERY
POSTHOOK: query: EXPLAIN
SELECT * FROM 
(SELECT CAST(key AS DOUBLE) AS key FROM t2
UNION ALL
SELECT CAST(a.key AS BIGINT) AS key FROM t1 a JOIN t2 b ON a.key = b.key) a
POSTHOOK: type: QUERY
STAGE DEPENDENCIES:
  Stage-3 is a root stage
  Stage-2 depends on stages: Stage-3
  Stage-0 depends on stages: Stage-2

STAGE PLANS:
  Stage: Stage-3
    Map Reduce
      Map Operator Tree:
          TableScan
            alias: a
            Statistics: Num rows: 10 Data size: 70 Basic stats: COMPLETE Column stats: NONE
            Filter Operator
              predicate: key is not null (type: boolean)
              Statistics: Num rows: 10 Data size: 70 Basic stats: COMPLETE Column stats: NONE
              Select Operator
                expressions: key (type: string)
                outputColumnNames: _col0
                Statistics: Num rows: 10 Data size: 70 Basic stats: COMPLETE Column stats: NONE
                Reduce Output Operator
                  key expressions: _col0 (type: string)
                  sort order: +
                  Map-reduce partition columns: _col0 (type: string)
                  Statistics: Num rows: 10 Data size: 70 Basic stats: COMPLETE Column stats: NONE
          TableScan
            alias: b
            Statistics: Num rows: 10 Data size: 70 Basic stats: COMPLETE Column stats: NONE
            Filter Operator
              predicate: key is not null (type: boolean)
              Statistics: Num rows: 10 Data size: 70 Basic stats: COMPLETE Column stats: NONE
              Select Operator
                expressions: key (type: string)
                outputColumnNames: _col0
                Statistics: Num rows: 10 Data size: 70 Basic stats: COMPLETE Column stats: NONE
                Reduce Output Operator
                  key expressions: _col0 (type: string)
                  sort order: +
                  Map-reduce partition columns: _col0 (type: string)
                  Statistics: Num rows: 10 Data size: 70 Basic stats: COMPLETE Column stats: NONE
      Reduce Operator Tree:
        Join Operator
          condition map:
               Inner Join 0 to 1
          keys:
            0 _col0 (type: string)
            1 _col0 (type: string)
          outputColumnNames: _col0
          Statistics: Num rows: 11 Data size: 77 Basic stats: COMPLETE Column stats: NONE
          Select Operator
            expressions: UDFToDouble(UDFToLong(_col0)) (type: double)
            outputColumnNames: _col0
            Statistics: Num rows: 11 Data size: 77 Basic stats: COMPLETE Column stats: NONE
            File Output Operator
              compressed: false
              table:
                  input format: org.apache.hadoop.mapred.SequenceFileInputFormat
                  output format: org.apache.hadoop.hive.ql.io.HiveSequenceFileOutputFormat
                  serde: org.apache.hadoop.hive.serde2.lazybinary.LazyBinarySerDe

  Stage: Stage-2
    Map Reduce
      Map Operator Tree:
          TableScan
            alias: t2
            Statistics: Num rows: 10 Data size: 70 Basic stats: COMPLETE Column stats: NONE
            Select Operator
              expressions: UDFToDouble(key) (type: double)
              outputColumnNames: _col0
              Statistics: Num rows: 10 Data size: 70 Basic stats: COMPLETE Column stats: NONE
              Union
                Statistics: Num rows: 21 Data size: 147 Basic stats: COMPLETE Column stats: NONE
                File Output Operator
                  compressed: false
                  Statistics: Num rows: 21 Data size: 147 Basic stats: COMPLETE Column stats: NONE
                  table:
                      input format: org.apache.hadoop.mapred.SequenceFileInputFormat
                      output format: org.apache.hadoop.hive.ql.io.HiveSequenceFileOutputFormat
                      serde: org.apache.hadoop.hive.serde2.lazy.LazySimpleSerDe
          TableScan
            Union
              Statistics: Num rows: 21 Data size: 147 Basic stats: COMPLETE Column stats: NONE
              File Output Operator
                compressed: false
                Statistics: Num rows: 21 Data size: 147 Basic stats: COMPLETE Column stats: NONE
                table:
                    input format: org.apache.hadoop.mapred.SequenceFileInputFormat
                    output format: org.apache.hadoop.hive.ql.io.HiveSequenceFileOutputFormat
                    serde: org.apache.hadoop.hive.serde2.lazy.LazySimpleSerDe

  Stage: Stage-0
    Fetch Operator
      limit: -1
      Processor Tree:
        ListSink

PREHOOK: query: SELECT * FROM 
(SELECT CAST(key AS DOUBLE) AS key FROM t2
UNION ALL
SELECT CAST(a.key AS BIGINT) AS key FROM t1 a JOIN t2 b ON a.key = b.key) a
PREHOOK: type: QUERY
PREHOOK: Input: default@t1
PREHOOK: Input: default@t2
#### A masked pattern was here ####
POSTHOOK: query: SELECT * FROM 
(SELECT CAST(key AS DOUBLE) AS key FROM t2
UNION ALL
SELECT CAST(a.key AS BIGINT) AS key FROM t1 a JOIN t2 b ON a.key = b.key) a
POSTHOOK: type: QUERY
POSTHOOK: Input: default@t1
POSTHOOK: Input: default@t2
#### A masked pattern was here ####
0.0
0.0
0.0
0.0
0.0
0.0
0.0
0.0
0.0
0.0
0.0
0.0
2.0
2.0
4.0
4.0
5.0
5.0
5.0
5.0
5.0
5.0
5.0
5.0
5.0
5.0
5.0
5.0
8.0
8.0
9.0
9.0
PREHOOK: query: EXPLAIN
SELECT * FROM 
(SELECT CAST(a.key AS BIGINT) AS key, CAST(b.key AS CHAR(20)) AS value FROM t1 a JOIN t2 b ON a.key = b.key
UNION ALL
SELECT CAST(key AS DOUBLE) AS key, CAST(key AS STRING) AS value FROM t2) a
PREHOOK: type: QUERY
POSTHOOK: query: EXPLAIN
SELECT * FROM 
(SELECT CAST(a.key AS BIGINT) AS key, CAST(b.key AS CHAR(20)) AS value FROM t1 a JOIN t2 b ON a.key = b.key
UNION ALL
SELECT CAST(key AS DOUBLE) AS key, CAST(key AS STRING) AS value FROM t2) a
POSTHOOK: type: QUERY
STAGE DEPENDENCIES:
  Stage-1 is a root stage
  Stage-2 depends on stages: Stage-1
  Stage-0 depends on stages: Stage-2

STAGE PLANS:
  Stage: Stage-1
    Map Reduce
      Map Operator Tree:
          TableScan
            alias: a
            Statistics: Num rows: 10 Data size: 70 Basic stats: COMPLETE Column stats: NONE
            Filter Operator
              predicate: key is not null (type: boolean)
              Statistics: Num rows: 10 Data size: 70 Basic stats: COMPLETE Column stats: NONE
              Select Operator
                expressions: key (type: string)
                outputColumnNames: _col0
                Statistics: Num rows: 10 Data size: 70 Basic stats: COMPLETE Column stats: NONE
                Reduce Output Operator
                  key expressions: _col0 (type: string)
                  sort order: +
                  Map-reduce partition columns: _col0 (type: string)
                  Statistics: Num rows: 10 Data size: 70 Basic stats: COMPLETE Column stats: NONE
          TableScan
            alias: b
            Statistics: Num rows: 10 Data size: 70 Basic stats: COMPLETE Column stats: NONE
            Filter Operator
              predicate: key is not null (type: boolean)
              Statistics: Num rows: 10 Data size: 70 Basic stats: COMPLETE Column stats: NONE
              Select Operator
                expressions: key (type: string)
                outputColumnNames: _col0
                Statistics: Num rows: 10 Data size: 70 Basic stats: COMPLETE Column stats: NONE
                Reduce Output Operator
                  key expressions: _col0 (type: string)
                  sort order: +
                  Map-reduce partition columns: _col0 (type: string)
                  Statistics: Num rows: 10 Data size: 70 Basic stats: COMPLETE Column stats: NONE
      Reduce Operator Tree:
        Join Operator
          condition map:
               Inner Join 0 to 1
          keys:
            0 _col0 (type: string)
            1 _col0 (type: string)
          outputColumnNames: _col0, _col1
          Statistics: Num rows: 11 Data size: 77 Basic stats: COMPLETE Column stats: NONE
          Select Operator
            expressions: UDFToDouble(UDFToLong(_col0)) (type: double), UDFToString(CAST( _col1 AS CHAR(20))) (type: string)
            outputColumnNames: _col0, _col1
            Statistics: Num rows: 11 Data size: 77 Basic stats: COMPLETE Column stats: NONE
            File Output Operator
              compressed: false
              table:
                  input format: org.apache.hadoop.mapred.SequenceFileInputFormat
                  output format: org.apache.hadoop.hive.ql.io.HiveSequenceFileOutputFormat
                  serde: org.apache.hadoop.hive.serde2.lazybinary.LazyBinarySerDe

  Stage: Stage-2
    Map Reduce
      Map Operator Tree:
          TableScan
            Union
              Statistics: Num rows: 21 Data size: 147 Basic stats: COMPLETE Column stats: NONE
              File Output Operator
                compressed: false
                Statistics: Num rows: 21 Data size: 147 Basic stats: COMPLETE Column stats: NONE
                table:
                    input format: org.apache.hadoop.mapred.SequenceFileInputFormat
                    output format: org.apache.hadoop.hive.ql.io.HiveSequenceFileOutputFormat
                    serde: org.apache.hadoop.hive.serde2.lazy.LazySimpleSerDe
          TableScan
            alias: t2
            Statistics: Num rows: 10 Data size: 70 Basic stats: COMPLETE Column stats: NONE
            Select Operator
              expressions: UDFToDouble(key) (type: double), key (type: string)
              outputColumnNames: _col0, _col1
              Statistics: Num rows: 10 Data size: 70 Basic stats: COMPLETE Column stats: NONE
              Union
                Statistics: Num rows: 21 Data size: 147 Basic stats: COMPLETE Column stats: NONE
                File Output Operator
                  compressed: false
                  Statistics: Num rows: 21 Data size: 147 Basic stats: COMPLETE Column stats: NONE
                  table:
                      input format: org.apache.hadoop.mapred.SequenceFileInputFormat
                      output format: org.apache.hadoop.hive.ql.io.HiveSequenceFileOutputFormat
                      serde: org.apache.hadoop.hive.serde2.lazy.LazySimpleSerDe

  Stage: Stage-0
    Fetch Operator
      limit: -1
      Processor Tree:
        ListSink

PREHOOK: query: SELECT * FROM 
(SELECT CAST(a.key AS BIGINT) AS key, CAST(b.key AS VARCHAR(20)) AS value FROM t1 a JOIN t2 b ON a.key = b.key
UNION ALL
SELECT CAST(key AS DOUBLE) AS key, CAST(key AS STRING) AS value FROM t2) a
PREHOOK: type: QUERY
PREHOOK: Input: default@t1
PREHOOK: Input: default@t2
#### A masked pattern was here ####
POSTHOOK: query: SELECT * FROM 
(SELECT CAST(a.key AS BIGINT) AS key, CAST(b.key AS VARCHAR(20)) AS value FROM t1 a JOIN t2 b ON a.key = b.key
UNION ALL
SELECT CAST(key AS DOUBLE) AS key, CAST(key AS STRING) AS value FROM t2) a
POSTHOOK: type: QUERY
POSTHOOK: Input: default@t1
POSTHOOK: Input: default@t2
#### A masked pattern was here ####
0.0	0
0.0	0
0.0	0
0.0	0
0.0	0
0.0	0
0.0	0
0.0	0
0.0	0
0.0	0
0.0	0
0.0	0
2.0	2
2.0	2
4.0	4
4.0	4
5.0	5
5.0	5
5.0	5
5.0	5
5.0	5
5.0	5
5.0	5
5.0	5
5.0	5
5.0	5
5.0	5
5.0	5
8.0	8
8.0	8
9.0	9
9.0	9
PREHOOK: query: EXPLAIN
SELECT * FROM 
(SELECT CAST(key AS DOUBLE) AS key, CAST(key AS STRING) AS value FROM t2
UNION ALL
SELECT CAST(a.key AS BIGINT) AS key, CAST(b.key AS CHAR(20)) AS value FROM t1 a JOIN t2 b ON a.key = b.key) a
PREHOOK: type: QUERY
POSTHOOK: query: EXPLAIN
SELECT * FROM 
(SELECT CAST(key AS DOUBLE) AS key, CAST(key AS STRING) AS value FROM t2
UNION ALL
SELECT CAST(a.key AS BIGINT) AS key, CAST(b.key AS CHAR(20)) AS value FROM t1 a JOIN t2 b ON a.key = b.key) a
POSTHOOK: type: QUERY
STAGE DEPENDENCIES:
  Stage-3 is a root stage
  Stage-2 depends on stages: Stage-3
  Stage-0 depends on stages: Stage-2

STAGE PLANS:
  Stage: Stage-3
    Map Reduce
      Map Operator Tree:
          TableScan
            alias: a
            Statistics: Num rows: 10 Data size: 70 Basic stats: COMPLETE Column stats: NONE
            Filter Operator
              predicate: key is not null (type: boolean)
              Statistics: Num rows: 10 Data size: 70 Basic stats: COMPLETE Column stats: NONE
              Select Operator
                expressions: key (type: string)
                outputColumnNames: _col0
                Statistics: Num rows: 10 Data size: 70 Basic stats: COMPLETE Column stats: NONE
                Reduce Output Operator
                  key expressions: _col0 (type: string)
                  sort order: +
                  Map-reduce partition columns: _col0 (type: string)
                  Statistics: Num rows: 10 Data size: 70 Basic stats: COMPLETE Column stats: NONE
          TableScan
            alias: b
            Statistics: Num rows: 10 Data size: 70 Basic stats: COMPLETE Column stats: NONE
            Filter Operator
              predicate: key is not null (type: boolean)
              Statistics: Num rows: 10 Data size: 70 Basic stats: COMPLETE Column stats: NONE
              Select Operator
                expressions: key (type: string)
                outputColumnNames: _col0
                Statistics: Num rows: 10 Data size: 70 Basic stats: COMPLETE Column stats: NONE
                Reduce Output Operator
                  key expressions: _col0 (type: string)
                  sort order: +
                  Map-reduce partition columns: _col0 (type: string)
                  Statistics: Num rows: 10 Data size: 70 Basic stats: COMPLETE Column stats: NONE
      Reduce Operator Tree:
        Join Operator
          condition map:
               Inner Join 0 to 1
          keys:
            0 _col0 (type: string)
            1 _col0 (type: string)
          outputColumnNames: _col0, _col1
          Statistics: Num rows: 11 Data size: 77 Basic stats: COMPLETE Column stats: NONE
          Select Operator
            expressions: UDFToDouble(UDFToLong(_col0)) (type: double), UDFToString(CAST( _col1 AS CHAR(20))) (type: string)
            outputColumnNames: _col0, _col1
            Statistics: Num rows: 11 Data size: 77 Basic stats: COMPLETE Column stats: NONE
            File Output Operator
              compressed: false
              table:
                  input format: org.apache.hadoop.mapred.SequenceFileInputFormat
                  output format: org.apache.hadoop.hive.ql.io.HiveSequenceFileOutputFormat
                  serde: org.apache.hadoop.hive.serde2.lazybinary.LazyBinarySerDe

  Stage: Stage-2
    Map Reduce
      Map Operator Tree:
          TableScan
            alias: t2
            Statistics: Num rows: 10 Data size: 70 Basic stats: COMPLETE Column stats: NONE
            Select Operator
              expressions: UDFToDouble(key) (type: double), key (type: string)
              outputColumnNames: _col0, _col1
              Statistics: Num rows: 10 Data size: 70 Basic stats: COMPLETE Column stats: NONE
              Union
                Statistics: Num rows: 21 Data size: 147 Basic stats: COMPLETE Column stats: NONE
                File Output Operator
                  compressed: false
                  Statistics: Num rows: 21 Data size: 147 Basic stats: COMPLETE Column stats: NONE
                  table:
                      input format: org.apache.hadoop.mapred.SequenceFileInputFormat
                      output format: org.apache.hadoop.hive.ql.io.HiveSequenceFileOutputFormat
                      serde: org.apache.hadoop.hive.serde2.lazy.LazySimpleSerDe
          TableScan
            Union
              Statistics: Num rows: 21 Data size: 147 Basic stats: COMPLETE Column stats: NONE
              File Output Operator
                compressed: false
                Statistics: Num rows: 21 Data size: 147 Basic stats: COMPLETE Column stats: NONE
                table:
                    input format: org.apache.hadoop.mapred.SequenceFileInputFormat
                    output format: org.apache.hadoop.hive.ql.io.HiveSequenceFileOutputFormat
                    serde: org.apache.hadoop.hive.serde2.lazy.LazySimpleSerDe

  Stage: Stage-0
    Fetch Operator
      limit: -1
      Processor Tree:
        ListSink

PREHOOK: query: SELECT * FROM 
(SELECT CAST(key AS DOUBLE) AS key, CAST(key AS STRING) AS value FROM t2
UNION ALL
SELECT CAST(a.key AS BIGINT) AS key, CAST(b.key AS VARCHAR(20)) AS value FROM t1 a JOIN t2 b ON a.key = b.key) a
PREHOOK: type: QUERY
PREHOOK: Input: default@t1
PREHOOK: Input: default@t2
#### A masked pattern was here ####
POSTHOOK: query: SELECT * FROM 
(SELECT CAST(key AS DOUBLE) AS key, CAST(key AS STRING) AS value FROM t2
UNION ALL
SELECT CAST(a.key AS BIGINT) AS key, CAST(b.key AS VARCHAR(20)) AS value FROM t1 a JOIN t2 b ON a.key = b.key) a
POSTHOOK: type: QUERY
POSTHOOK: Input: default@t1
POSTHOOK: Input: default@t2
#### A masked pattern was here ####
0.0	0
0.0	0
0.0	0
0.0	0
0.0	0
0.0	0
0.0	0
0.0	0
0.0	0
0.0	0
0.0	0
0.0	0
2.0	2
2.0	2
4.0	4
4.0	4
5.0	5
5.0	5
5.0	5
5.0	5
5.0	5
5.0	5
5.0	5
5.0	5
5.0	5
5.0	5
5.0	5
5.0	5
8.0	8
8.0	8
9.0	9
9.0	9
