PREHOOK: query: create table inputTbl1(key string, val string) stored as textfile
PREHOOK: type: CREATETABLE
PREHOOK: Output: database:default
PREHOOK: Output: default@inputTbl1
POSTHOOK: query: create table inputTbl1(key string, val string) stored as textfile
POSTHOOK: type: CREATETABLE
POSTHOOK: Output: database:default
POSTHOOK: Output: default@inputTbl1
PREHOOK: query: create table outputTbl1(key string, `values` bigint) stored as rcfile
PREHOOK: type: CREATETABLE
PREHOOK: Output: database:default
PREHOOK: Output: default@outputTbl1
POSTHOOK: query: create table outputTbl1(key string, `values` bigint) stored as rcfile
POSTHOOK: type: CREATETABLE
POSTHOOK: Output: database:default
POSTHOOK: Output: default@outputTbl1
PREHOOK: query: load data local inpath '../../data/files/T1.txt' into table inputTbl1
PREHOOK: type: LOAD
#### A masked pattern was here ####
PREHOOK: Output: default@inputtbl1
POSTHOOK: query: load data local inpath '../../data/files/T1.txt' into table inputTbl1
POSTHOOK: type: LOAD
#### A masked pattern was here ####
POSTHOOK: Output: default@inputtbl1
PREHOOK: query: explain
insert overwrite table outputTbl1
SELECT *
FROM (
  SELECT key, count(1) as `values` from inputTbl1 group by key
  UNION ALL
  SELECT key, 1 as `values` from inputTbl1
  UNION ALL
  SELECT key, 2 as `values` from inputTbl1
) a
PREHOOK: type: QUERY
POSTHOOK: query: explain
insert overwrite table outputTbl1
SELECT *
FROM (
  SELECT key, count(1) as `values` from inputTbl1 group by key
  UNION ALL
  SELECT key, 1 as `values` from inputTbl1
  UNION ALL
  SELECT key, 2 as `values` from inputTbl1
) a
POSTHOOK: type: QUERY
STAGE DEPENDENCIES:
  Stage-1 is a root stage
  Stage-0 depends on stages: Stage-1, Stage-2, Stage-3
  Stage-2 is a root stage
  Stage-3 is a root stage

STAGE PLANS:
  Stage: Stage-1
    Map Reduce
      Map Operator Tree:
          TableScan
            alias: inputtbl1
            Statistics: Num rows: 1 Data size: 300 Basic stats: COMPLETE Column stats: NONE
            Select Operator
              expressions: key (type: string)
              outputColumnNames: key
              Statistics: Num rows: 1 Data size: 300 Basic stats: COMPLETE Column stats: NONE
              Group By Operator
                aggregations: count()
                keys: key (type: string)
                mode: hash
                outputColumnNames: _col0, _col1
                Statistics: Num rows: 1 Data size: 300 Basic stats: COMPLETE Column stats: NONE
                Reduce Output Operator
                  key expressions: _col0 (type: string)
                  sort order: +
                  Map-reduce partition columns: _col0 (type: string)
                  Statistics: Num rows: 1 Data size: 300 Basic stats: COMPLETE Column stats: NONE
                  value expressions: _col1 (type: bigint)
      Execution mode: vectorized
      Reduce Operator Tree:
        Group By Operator
          aggregations: count(VALUE._col0)
          keys: KEY._col0 (type: string)
          mode: mergepartial
          outputColumnNames: _col0, _col1
          Statistics: Num rows: 1 Data size: 300 Basic stats: COMPLETE Column stats: NONE
          File Output Operator
            compressed: false
            Statistics: Num rows: 1 Data size: 300 Basic stats: COMPLETE Column stats: NONE
            table:
                input format: org.apache.hadoop.hive.ql.io.RCFileInputFormat
                output format: org.apache.hadoop.hive.ql.io.RCFileOutputFormat
                serde: org.apache.hadoop.hive.serde2.columnar.ColumnarSerDe
                name: default.outputtbl1

  Stage: Stage-0
    Move Operator
      tables:
          replace: true
          table:
              input format: org.apache.hadoop.hive.ql.io.RCFileInputFormat
              output format: org.apache.hadoop.hive.ql.io.RCFileOutputFormat
              serde: org.apache.hadoop.hive.serde2.columnar.ColumnarSerDe
              name: default.outputtbl1

  Stage: Stage-2
    Map Reduce
      Map Operator Tree:
          TableScan
            alias: inputtbl1
            Statistics: Num rows: 1 Data size: 300 Basic stats: COMPLETE Column stats: NONE
            Select Operator
              expressions: key (type: string), 1L (type: bigint)
              outputColumnNames: _col0, _col1
              Statistics: Num rows: 1 Data size: 300 Basic stats: COMPLETE Column stats: NONE
              File Output Operator
                compressed: false
                Statistics: Num rows: 1 Data size: 300 Basic stats: COMPLETE Column stats: NONE
                table:
                    input format: org.apache.hadoop.hive.ql.io.RCFileInputFormat
                    output format: org.apache.hadoop.hive.ql.io.RCFileOutputFormat
                    serde: org.apache.hadoop.hive.serde2.columnar.ColumnarSerDe
                    name: default.outputtbl1
      Execution mode: vectorized

  Stage: Stage-3
    Map Reduce
      Map Operator Tree:
          TableScan
            alias: inputtbl1
            Statistics: Num rows: 1 Data size: 300 Basic stats: COMPLETE Column stats: NONE
            Select Operator
              expressions: key (type: string), 2L (type: bigint)
              outputColumnNames: _col0, _col1
              Statistics: Num rows: 1 Data size: 300 Basic stats: COMPLETE Column stats: NONE
              File Output Operator
                compressed: false
                Statistics: Num rows: 1 Data size: 300 Basic stats: COMPLETE Column stats: NONE
                table:
                    input format: org.apache.hadoop.hive.ql.io.RCFileInputFormat
                    output format: org.apache.hadoop.hive.ql.io.RCFileOutputFormat
                    serde: org.apache.hadoop.hive.serde2.columnar.ColumnarSerDe
                    name: default.outputtbl1
      Execution mode: vectorized

PREHOOK: query: insert overwrite table outputTbl1
SELECT *
FROM (
  SELECT key, count(1) as `values` from inputTbl1 group by key
  UNION ALL
  SELECT key, 1 as `values` from inputTbl1
  UNION ALL
  SELECT key, 2 as `values` from inputTbl1
) a
PREHOOK: type: QUERY
PREHOOK: Input: default@inputtbl1
PREHOOK: Output: default@outputtbl1
POSTHOOK: query: insert overwrite table outputTbl1
SELECT *
FROM (
  SELECT key, count(1) as `values` from inputTbl1 group by key
  UNION ALL
  SELECT key, 1 as `values` from inputTbl1
  UNION ALL
  SELECT key, 2 as `values` from inputTbl1
) a
POSTHOOK: type: QUERY
POSTHOOK: Input: default@inputtbl1
POSTHOOK: Output: default@outputtbl1
POSTHOOK: Lineage: outputtbl1.key EXPRESSION [(inputtbl1)inputtbl1.FieldSchema(name:key, type:string, comment:null), ]
POSTHOOK: Lineage: outputtbl1.values EXPRESSION [(inputtbl1)inputtbl1.null, ]
PREHOOK: query: desc formatted outputTbl1
PREHOOK: type: DESCTABLE
PREHOOK: Input: default@outputtbl1
POSTHOOK: query: desc formatted outputTbl1
POSTHOOK: type: DESCTABLE
POSTHOOK: Input: default@outputtbl1
# col_name            	data_type           	comment             
key                 	string              	                    
values              	bigint              	                    
	 	 
# Detailed Table Information	 	 
Database:           	default             	 
#### A masked pattern was here ####
Retention:          	0                   	 
#### A masked pattern was here ####
Table Type:         	MANAGED_TABLE       	 
Table Parameters:	 	 
	numFiles            	3                   
	totalSize           	271                 
#### A masked pattern was here ####
	 	 
# Storage Information	 	 
SerDe Library:      	org.apache.hadoop.hive.serde2.columnar.ColumnarSerDe	 
InputFormat:        	org.apache.hadoop.hive.ql.io.RCFileInputFormat	 
OutputFormat:       	org.apache.hadoop.hive.ql.io.RCFileOutputFormat	 
Compressed:         	No                  	 
Num Buckets:        	-1                  	 
Bucket Columns:     	[]                  	 
Sort Columns:       	[]                  	 
Storage Desc Params:	 	 
	serialization.format	1                   
PREHOOK: query: select * from outputTbl1
PREHOOK: type: QUERY
PREHOOK: Input: default@outputtbl1
#### A masked pattern was here ####
POSTHOOK: query: select * from outputTbl1
POSTHOOK: type: QUERY
POSTHOOK: Input: default@outputtbl1
#### A masked pattern was here ####
1	1
1	1
1	2
2	1
2	1
2	2
3	1
3	1
3	2
7	1
7	1
7	2
8	1
8	1
8	2
8	2
8	2
