PREHOOK: query: -- SORT_QUERY_RESULTS

drop table if exists union_all_bug_test_1
PREHOOK: type: DROPTABLE
POSTHOOK: query: -- SORT_QUERY_RESULTS

drop table if exists union_all_bug_test_1
POSTHOOK: type: DROPTABLE
PREHOOK: query: drop table if exists union_all_bug_test_2
PREHOOK: type: DROPTABLE
POSTHOOK: query: drop table if exists union_all_bug_test_2
POSTHOOK: type: DROPTABLE
PREHOOK: query: create table if not exists union_all_bug_test_1
(
f1 int,
f2 int
)
PREHOOK: type: CREATETABLE
PREHOOK: Output: database:default
PREHOOK: Output: default@union_all_bug_test_1
POSTHOOK: query: create table if not exists union_all_bug_test_1
(
f1 int,
f2 int
)
POSTHOOK: type: CREATETABLE
POSTHOOK: Output: database:default
POSTHOOK: Output: default@union_all_bug_test_1
PREHOOK: query: create table if not exists union_all_bug_test_2
(
f1 int
)
PREHOOK: type: CREATETABLE
PREHOOK: Output: database:default
PREHOOK: Output: default@union_all_bug_test_2
POSTHOOK: query: create table if not exists union_all_bug_test_2
(
f1 int
)
POSTHOOK: type: CREATETABLE
POSTHOOK: Output: database:default
POSTHOOK: Output: default@union_all_bug_test_2
PREHOOK: query: explain SELECT f1
FROM (

SELECT
f1
, if('helloworld' like '%hello%' ,f1,f2) as filter
FROM union_all_bug_test_1

union all

select
f1
, 0 as filter
from union_all_bug_test_2
) A
WHERE (filter = 1)
PREHOOK: type: QUERY
POSTHOOK: query: explain SELECT f1
FROM (

SELECT
f1
, if('helloworld' like '%hello%' ,f1,f2) as filter
FROM union_all_bug_test_1

union all

select
f1
, 0 as filter
from union_all_bug_test_2
) A
WHERE (filter = 1)
POSTHOOK: type: QUERY
STAGE DEPENDENCIES:
  Stage-1 is a root stage
  Stage-0 depends on stages: Stage-1

STAGE PLANS:
  Stage: Stage-1
    Map Reduce
      Map Operator Tree:
          TableScan
            alias: union_all_bug_test_1
            Statistics: Num rows: 1 Data size: 0 Basic stats: PARTIAL Column stats: NONE
            Filter Operator
              predicate: (if(true, f1, f2) = 1) (type: boolean)
              Statistics: Num rows: 1 Data size: 0 Basic stats: PARTIAL Column stats: NONE
              Select Operator
                expressions: f1 (type: int)
                outputColumnNames: _col0
                Statistics: Num rows: 1 Data size: 0 Basic stats: PARTIAL Column stats: NONE
                Union
                  Statistics: Num rows: 2 Data size: 0 Basic stats: PARTIAL Column stats: NONE
                  File Output Operator
                    compressed: false
                    Statistics: Num rows: 2 Data size: 0 Basic stats: PARTIAL Column stats: NONE
                    table:
                        input format: org.apache.hadoop.mapred.TextInputFormat
                        output format: org.apache.hadoop.hive.ql.io.HiveIgnoreKeyTextOutputFormat
                        serde: org.apache.hadoop.hive.serde2.lazy.LazySimpleSerDe
          TableScan
            alias: union_all_bug_test_2
            Statistics: Num rows: 1 Data size: 0 Basic stats: PARTIAL Column stats: NONE
            Filter Operator
              predicate: false (type: boolean)
              Statistics: Num rows: 1 Data size: 0 Basic stats: PARTIAL Column stats: NONE
              Select Operator
                expressions: f1 (type: int)
                outputColumnNames: _col0
                Statistics: Num rows: 1 Data size: 0 Basic stats: PARTIAL Column stats: NONE
                Union
                  Statistics: Num rows: 2 Data size: 0 Basic stats: PARTIAL Column stats: NONE
                  File Output Operator
                    compressed: false
                    Statistics: Num rows: 2 Data size: 0 Basic stats: PARTIAL Column stats: NONE
                    table:
                        input format: org.apache.hadoop.mapred.TextInputFormat
                        output format: org.apache.hadoop.hive.ql.io.HiveIgnoreKeyTextOutputFormat
                        serde: org.apache.hadoop.hive.serde2.lazy.LazySimpleSerDe

  Stage: Stage-0
    Fetch Operator
      limit: -1
      Processor Tree:
        ListSink

PREHOOK: query: SELECT f1
FROM (

SELECT
f1
, if('helloworld' like '%hello%' ,f1,f2) as filter
FROM union_all_bug_test_1

union all

select
f1
, 0 as filter
from union_all_bug_test_2
) A
WHERE (filter = 1)
PREHOOK: type: QUERY
PREHOOK: Input: default@union_all_bug_test_1
PREHOOK: Input: default@union_all_bug_test_2
#### A masked pattern was here ####
POSTHOOK: query: SELECT f1
FROM (

SELECT
f1
, if('helloworld' like '%hello%' ,f1,f2) as filter
FROM union_all_bug_test_1

union all

select
f1
, 0 as filter
from union_all_bug_test_2
) A
WHERE (filter = 1)
POSTHOOK: type: QUERY
POSTHOOK: Input: default@union_all_bug_test_1
POSTHOOK: Input: default@union_all_bug_test_2
#### A masked pattern was here ####
PREHOOK: query: insert into table union_all_bug_test_1 values (1,1)
PREHOOK: type: QUERY
PREHOOK: Input: default@values__tmp__table__1
PREHOOK: Output: default@union_all_bug_test_1
POSTHOOK: query: insert into table union_all_bug_test_1 values (1,1)
POSTHOOK: type: QUERY
POSTHOOK: Input: default@values__tmp__table__1
POSTHOOK: Output: default@union_all_bug_test_1
POSTHOOK: Lineage: union_all_bug_test_1.f1 EXPRESSION [(values__tmp__table__1)values__tmp__table__1.FieldSchema(name:tmp_values_col1, type:string, comment:), ]
POSTHOOK: Lineage: union_all_bug_test_1.f2 EXPRESSION [(values__tmp__table__1)values__tmp__table__1.FieldSchema(name:tmp_values_col2, type:string, comment:), ]
PREHOOK: query: insert into table union_all_bug_test_2 values (1)
PREHOOK: type: QUERY
PREHOOK: Input: default@values__tmp__table__2
PREHOOK: Output: default@union_all_bug_test_2
POSTHOOK: query: insert into table union_all_bug_test_2 values (1)
POSTHOOK: type: QUERY
POSTHOOK: Input: default@values__tmp__table__2
POSTHOOK: Output: default@union_all_bug_test_2
POSTHOOK: Lineage: union_all_bug_test_2.f1 EXPRESSION [(values__tmp__table__2)values__tmp__table__2.FieldSchema(name:tmp_values_col1, type:string, comment:), ]
PREHOOK: query: insert into table union_all_bug_test_1 values (0,0)
PREHOOK: type: QUERY
PREHOOK: Input: default@values__tmp__table__3
PREHOOK: Output: default@union_all_bug_test_1
POSTHOOK: query: insert into table union_all_bug_test_1 values (0,0)
POSTHOOK: type: QUERY
POSTHOOK: Input: default@values__tmp__table__3
POSTHOOK: Output: default@union_all_bug_test_1
POSTHOOK: Lineage: union_all_bug_test_1.f1 EXPRESSION [(values__tmp__table__3)values__tmp__table__3.FieldSchema(name:tmp_values_col1, type:string, comment:), ]
POSTHOOK: Lineage: union_all_bug_test_1.f2 EXPRESSION [(values__tmp__table__3)values__tmp__table__3.FieldSchema(name:tmp_values_col2, type:string, comment:), ]
PREHOOK: query: insert into table union_all_bug_test_2 values (0)
PREHOOK: type: QUERY
PREHOOK: Input: default@values__tmp__table__4
PREHOOK: Output: default@union_all_bug_test_2
POSTHOOK: query: insert into table union_all_bug_test_2 values (0)
POSTHOOK: type: QUERY
POSTHOOK: Input: default@values__tmp__table__4
POSTHOOK: Output: default@union_all_bug_test_2
POSTHOOK: Lineage: union_all_bug_test_2.f1 EXPRESSION [(values__tmp__table__4)values__tmp__table__4.FieldSchema(name:tmp_values_col1, type:string, comment:), ]
PREHOOK: query: SELECT f1
FROM (

SELECT
f1
, if('helloworld' like '%hello%' ,f1,f2) as filter
FROM union_all_bug_test_1

union all

select
f1
, 0 as filter
from union_all_bug_test_2
) A
WHERE (filter = 1)
PREHOOK: type: QUERY
PREHOOK: Input: default@union_all_bug_test_1
PREHOOK: Input: default@union_all_bug_test_2
#### A masked pattern was here ####
POSTHOOK: query: SELECT f1
FROM (

SELECT
f1
, if('helloworld' like '%hello%' ,f1,f2) as filter
FROM union_all_bug_test_1

union all

select
f1
, 0 as filter
from union_all_bug_test_2
) A
WHERE (filter = 1)
POSTHOOK: type: QUERY
POSTHOOK: Input: default@union_all_bug_test_1
POSTHOOK: Input: default@union_all_bug_test_2
#### A masked pattern was here ####
1
PREHOOK: query: SELECT f1
FROM (

SELECT
f1
, if('helloworld' like '%hello%' ,f1,f2) as filter
FROM union_all_bug_test_1

union all

select
f1
, 0 as filter
from union_all_bug_test_2
) A
WHERE (filter = 0)
PREHOOK: type: QUERY
PREHOOK: Input: default@union_all_bug_test_1
PREHOOK: Input: default@union_all_bug_test_2
#### A masked pattern was here ####
POSTHOOK: query: SELECT f1
FROM (

SELECT
f1
, if('helloworld' like '%hello%' ,f1,f2) as filter
FROM union_all_bug_test_1

union all

select
f1
, 0 as filter
from union_all_bug_test_2
) A
WHERE (filter = 0)
POSTHOOK: type: QUERY
POSTHOOK: Input: default@union_all_bug_test_1
POSTHOOK: Input: default@union_all_bug_test_2
#### A masked pattern was here ####
0
0
1
PREHOOK: query: SELECT f1
FROM (

SELECT
f1
, if('helloworld' like '%hello%' ,f1,f2) as filter
FROM union_all_bug_test_1

union all

select
f1
, 0 as filter
from union_all_bug_test_2
) A
WHERE (filter = 1 or filter = 0)
PREHOOK: type: QUERY
PREHOOK: Input: default@union_all_bug_test_1
PREHOOK: Input: default@union_all_bug_test_2
#### A masked pattern was here ####
POSTHOOK: query: SELECT f1
FROM (

SELECT
f1
, if('helloworld' like '%hello%' ,f1,f2) as filter
FROM union_all_bug_test_1

union all

select
f1
, 0 as filter
from union_all_bug_test_2
) A
WHERE (filter = 1 or filter = 0)
POSTHOOK: type: QUERY
POSTHOOK: Input: default@union_all_bug_test_1
POSTHOOK: Input: default@union_all_bug_test_2
#### A masked pattern was here ####
0
0
1
1
PREHOOK: query: explain

SELECT f1
FROM (

SELECT
f1
, if('helloworld' like '%hello%' ,f1,f2) as filter
FROM union_all_bug_test_1

union all

select
f1
, 0 as filter
from union_all_bug_test_2
) A
WHERE (f1 = 1)
PREHOOK: type: QUERY
POSTHOOK: query: explain

SELECT f1
FROM (

SELECT
f1
, if('helloworld' like '%hello%' ,f1,f2) as filter
FROM union_all_bug_test_1

union all

select
f1
, 0 as filter
from union_all_bug_test_2
) A
WHERE (f1 = 1)
POSTHOOK: type: QUERY
STAGE DEPENDENCIES:
  Stage-1 is a root stage
  Stage-0 depends on stages: Stage-1

STAGE PLANS:
  Stage: Stage-1
    Map Reduce
      Map Operator Tree:
          TableScan
            alias: union_all_bug_test_1
            Statistics: Num rows: 2 Data size: 6 Basic stats: COMPLETE Column stats: NONE
            Filter Operator
              predicate: (f1 = 1) (type: boolean)
              Statistics: Num rows: 1 Data size: 3 Basic stats: COMPLETE Column stats: NONE
              Select Operator
                expressions: 1 (type: int)
                outputColumnNames: _col0
                Statistics: Num rows: 1 Data size: 3 Basic stats: COMPLETE Column stats: NONE
                Union
                  Statistics: Num rows: 2 Data size: 4 Basic stats: COMPLETE Column stats: NONE
                  Select Operator
                    expressions: 1 (type: int)
                    outputColumnNames: _col0
                    Statistics: Num rows: 2 Data size: 4 Basic stats: COMPLETE Column stats: NONE
                    File Output Operator
                      compressed: false
                      Statistics: Num rows: 2 Data size: 4 Basic stats: COMPLETE Column stats: NONE
                      table:
                          input format: org.apache.hadoop.mapred.TextInputFormat
                          output format: org.apache.hadoop.hive.ql.io.HiveIgnoreKeyTextOutputFormat
                          serde: org.apache.hadoop.hive.serde2.lazy.LazySimpleSerDe
          TableScan
            alias: union_all_bug_test_2
            Statistics: Num rows: 2 Data size: 2 Basic stats: COMPLETE Column stats: NONE
            Filter Operator
              predicate: (f1 = 1) (type: boolean)
              Statistics: Num rows: 1 Data size: 1 Basic stats: COMPLETE Column stats: NONE
              Select Operator
                expressions: 1 (type: int)
                outputColumnNames: _col0
                Statistics: Num rows: 1 Data size: 1 Basic stats: COMPLETE Column stats: NONE
                Union
                  Statistics: Num rows: 2 Data size: 4 Basic stats: COMPLETE Column stats: NONE
                  Select Operator
                    expressions: 1 (type: int)
                    outputColumnNames: _col0
                    Statistics: Num rows: 2 Data size: 4 Basic stats: COMPLETE Column stats: NONE
                    File Output Operator
                      compressed: false
                      Statistics: Num rows: 2 Data size: 4 Basic stats: COMPLETE Column stats: NONE
                      table:
                          input format: org.apache.hadoop.mapred.TextInputFormat
                          output format: org.apache.hadoop.hive.ql.io.HiveIgnoreKeyTextOutputFormat
                          serde: org.apache.hadoop.hive.serde2.lazy.LazySimpleSerDe

  Stage: Stage-0
    Fetch Operator
      limit: -1
      Processor Tree:
        ListSink

PREHOOK: query: SELECT f1
FROM (

SELECT
f1
, if('helloworld' like '%hello%' ,f1,f2) as filter
FROM union_all_bug_test_1

union all

select
f1
, 0 as filter
from union_all_bug_test_2
) A
WHERE (f1 = 1)
PREHOOK: type: QUERY
PREHOOK: Input: default@union_all_bug_test_1
PREHOOK: Input: default@union_all_bug_test_2
#### A masked pattern was here ####
POSTHOOK: query: SELECT f1
FROM (

SELECT
f1
, if('helloworld' like '%hello%' ,f1,f2) as filter
FROM union_all_bug_test_1

union all

select
f1
, 0 as filter
from union_all_bug_test_2
) A
WHERE (f1 = 1)
POSTHOOK: type: QUERY
POSTHOOK: Input: default@union_all_bug_test_1
POSTHOOK: Input: default@union_all_bug_test_2
#### A masked pattern was here ####
1
1
PREHOOK: query: explain

SELECT f1
FROM (

SELECT
f1
, if('helloworld' like '%hello%' ,f1,f2) as filter
FROM union_all_bug_test_1

union all

select
f1
, 0 as filter
from union_all_bug_test_2
) A
WHERE (filter = 1 and f1 = 1)
PREHOOK: type: QUERY
POSTHOOK: query: explain

SELECT f1
FROM (

SELECT
f1
, if('helloworld' like '%hello%' ,f1,f2) as filter
FROM union_all_bug_test_1

union all

select
f1
, 0 as filter
from union_all_bug_test_2
) A
WHERE (filter = 1 and f1 = 1)
POSTHOOK: type: QUERY
STAGE DEPENDENCIES:
  Stage-1 is a root stage
  Stage-0 depends on stages: Stage-1

STAGE PLANS:
  Stage: Stage-1
    Map Reduce
      Map Operator Tree:
          TableScan
            alias: union_all_bug_test_1
            Statistics: Num rows: 2 Data size: 6 Basic stats: COMPLETE Column stats: NONE
            Filter Operator
              predicate: ((if(true, f1, f2) = 1) and (f1 = 1)) (type: boolean)
              Statistics: Num rows: 1 Data size: 3 Basic stats: COMPLETE Column stats: NONE
              Select Operator
                expressions: 1 (type: int)
                outputColumnNames: _col0
                Statistics: Num rows: 1 Data size: 3 Basic stats: COMPLETE Column stats: NONE
                Union
                  Statistics: Num rows: 2 Data size: 3 Basic stats: COMPLETE Column stats: COMPLETE
                  Select Operator
                    expressions: 1 (type: int)
                    outputColumnNames: _col0
                    Statistics: Num rows: 2 Data size: 8 Basic stats: COMPLETE Column stats: COMPLETE
                    File Output Operator
                      compressed: false
                      Statistics: Num rows: 2 Data size: 8 Basic stats: COMPLETE Column stats: COMPLETE
                      table:
                          input format: org.apache.hadoop.mapred.TextInputFormat
                          output format: org.apache.hadoop.hive.ql.io.HiveIgnoreKeyTextOutputFormat
                          serde: org.apache.hadoop.hive.serde2.lazy.LazySimpleSerDe
          TableScan
            alias: union_all_bug_test_2
            Statistics: Num rows: 2 Data size: 2 Basic stats: COMPLETE Column stats: COMPLETE
            Filter Operator
              predicate: false (type: boolean)
              Statistics: Num rows: 1 Data size: 0 Basic stats: PARTIAL Column stats: COMPLETE
              Select Operator
                expressions: 1 (type: int)
                outputColumnNames: _col0
                Statistics: Num rows: 1 Data size: 0 Basic stats: PARTIAL Column stats: COMPLETE
                Union
                  Statistics: Num rows: 2 Data size: 3 Basic stats: COMPLETE Column stats: COMPLETE
                  Select Operator
                    expressions: 1 (type: int)
                    outputColumnNames: _col0
                    Statistics: Num rows: 2 Data size: 8 Basic stats: COMPLETE Column stats: COMPLETE
                    File Output Operator
                      compressed: false
                      Statistics: Num rows: 2 Data size: 8 Basic stats: COMPLETE Column stats: COMPLETE
                      table:
                          input format: org.apache.hadoop.mapred.TextInputFormat
                          output format: org.apache.hadoop.hive.ql.io.HiveIgnoreKeyTextOutputFormat
                          serde: org.apache.hadoop.hive.serde2.lazy.LazySimpleSerDe

  Stage: Stage-0
    Fetch Operator
      limit: -1
      Processor Tree:
        ListSink

PREHOOK: query: SELECT f1
FROM (

SELECT
f1
, if('helloworld' like '%hello%' ,f1,f2) as filter
FROM union_all_bug_test_1

union all

select
f1
, 0 as filter
from union_all_bug_test_2
) A
WHERE (filter = 1 and f1 = 1)
PREHOOK: type: QUERY
PREHOOK: Input: default@union_all_bug_test_1
PREHOOK: Input: default@union_all_bug_test_2
#### A masked pattern was here ####
POSTHOOK: query: SELECT f1
FROM (

SELECT
f1
, if('helloworld' like '%hello%' ,f1,f2) as filter
FROM union_all_bug_test_1

union all

select
f1
, 0 as filter
from union_all_bug_test_2
) A
WHERE (filter = 1 and f1 = 1)
POSTHOOK: type: QUERY
POSTHOOK: Input: default@union_all_bug_test_1
POSTHOOK: Input: default@union_all_bug_test_2
#### A masked pattern was here ####
1
PREHOOK: query: SELECT f1
FROM (

SELECT
f1
, if('helloworld' like '%hello%' ,f1,f2) as filter
FROM union_all_bug_test_1

union all

select
f1
, 0 as filter
from union_all_bug_test_2
) A
WHERE (f1 = 1 and filter = 1)
PREHOOK: type: QUERY
PREHOOK: Input: default@union_all_bug_test_1
PREHOOK: Input: default@union_all_bug_test_2
#### A masked pattern was here ####
POSTHOOK: query: SELECT f1
FROM (

SELECT
f1
, if('helloworld' like '%hello%' ,f1,f2) as filter
FROM union_all_bug_test_1

union all

select
f1
, 0 as filter
from union_all_bug_test_2
) A
WHERE (f1 = 1 and filter = 1)
POSTHOOK: type: QUERY
POSTHOOK: Input: default@union_all_bug_test_1
POSTHOOK: Input: default@union_all_bug_test_2
#### A masked pattern was here ####
1
