PREHOOK: query: -- SORT_BEFORE_DIFF
create table jackson_sev_same as select * from src
PREHOOK: type: CREATETABLE_AS_SELECT
PREHOOK: Input: default@src
PREHOOK: Output: database:default
PREHOOK: Output: default@jackson_sev_same
POSTHOOK: query: -- SORT_BEFORE_DIFF
create table jackson_sev_same as select * from src
POSTHOOK: type: CREATETABLE_AS_SELECT
POSTHOOK: Input: default@src
POSTHOOK: Output: database:default
POSTHOOK: Output: default@jackson_sev_same
PREHOOK: query: create table dim_pho as select * from src
PREHOOK: type: CREATETABLE_AS_SELECT
PREHOOK: Input: default@src
PREHOOK: Output: database:default
PREHOOK: Output: default@dim_pho
POSTHOOK: query: create table dim_pho as select * from src
POSTHOOK: type: CREATETABLE_AS_SELECT
POSTHOOK: Input: default@src
POSTHOOK: Output: database:default
POSTHOOK: Output: default@dim_pho
PREHOOK: query: create table jackson_sev_add as select * from src
PREHOOK: type: CREATETABLE_AS_SELECT
PREHOOK: Input: default@src
PREHOOK: Output: database:default
PREHOOK: Output: default@jackson_sev_add
POSTHOOK: query: create table jackson_sev_add as select * from src
POSTHOOK: type: CREATETABLE_AS_SELECT
POSTHOOK: Input: default@src
POSTHOOK: Output: database:default
POSTHOOK: Output: default@jackson_sev_add
PREHOOK: query: explain select b.* from jackson_sev_same a join (select * from dim_pho union all select * from jackson_sev_add)b on a.key=b.key and b.key=97
PREHOOK: type: QUERY
POSTHOOK: query: explain select b.* from jackson_sev_same a join (select * from dim_pho union all select * from jackson_sev_add)b on a.key=b.key and b.key=97
POSTHOOK: type: QUERY
STAGE DEPENDENCIES:
  Stage-1 is a root stage
  Stage-0 depends on stages: Stage-1

STAGE PLANS:
  Stage: Stage-1
    Map Reduce
      Map Operator Tree:
          TableScan
            alias: dim_pho
            Statistics: Num rows: 500 Data size: 5312 Basic stats: COMPLETE Column stats: NONE
            Filter Operator
              predicate: (key = 97) (type: boolean)
              Statistics: Num rows: 250 Data size: 2656 Basic stats: COMPLETE Column stats: NONE
              Select Operator
                expressions: value (type: string)
                outputColumnNames: _col1
                Statistics: Num rows: 250 Data size: 2656 Basic stats: COMPLETE Column stats: NONE
                Union
                  Statistics: Num rows: 500 Data size: 5312 Basic stats: COMPLETE Column stats: NONE
                  Reduce Output Operator
                    key expressions: '97' (type: string)
                    sort order: +
                    Map-reduce partition columns: '97' (type: string)
                    Statistics: Num rows: 500 Data size: 5312 Basic stats: COMPLETE Column stats: NONE
                    value expressions: _col1 (type: string)
          TableScan
            alias: jackson_sev_add
            Statistics: Num rows: 500 Data size: 5312 Basic stats: COMPLETE Column stats: NONE
            Filter Operator
              predicate: (key = 97) (type: boolean)
              Statistics: Num rows: 250 Data size: 2656 Basic stats: COMPLETE Column stats: NONE
              Select Operator
                expressions: value (type: string)
                outputColumnNames: _col1
                Statistics: Num rows: 250 Data size: 2656 Basic stats: COMPLETE Column stats: NONE
                Union
                  Statistics: Num rows: 500 Data size: 5312 Basic stats: COMPLETE Column stats: NONE
                  Reduce Output Operator
                    key expressions: '97' (type: string)
                    sort order: +
                    Map-reduce partition columns: '97' (type: string)
                    Statistics: Num rows: 500 Data size: 5312 Basic stats: COMPLETE Column stats: NONE
                    value expressions: _col1 (type: string)
          TableScan
            alias: a
            Statistics: Num rows: 500 Data size: 5312 Basic stats: COMPLETE Column stats: NONE
            Filter Operator
              predicate: (key = 97) (type: boolean)
              Statistics: Num rows: 250 Data size: 2656 Basic stats: COMPLETE Column stats: NONE
              Reduce Output Operator
                key expressions: '97' (type: string)
                sort order: +
                Map-reduce partition columns: '97' (type: string)
                Statistics: Num rows: 250 Data size: 2656 Basic stats: COMPLETE Column stats: NONE
      Reduce Operator Tree:
        Join Operator
          condition map:
               Inner Join 0 to 1
          keys:
            0 key (type: string)
            1 _col0 (type: string)
          outputColumnNames: _col6
          Statistics: Num rows: 550 Data size: 5843 Basic stats: COMPLETE Column stats: NONE
          Select Operator
            expressions: '97' (type: string), _col6 (type: string)
            outputColumnNames: _col0, _col1
            Statistics: Num rows: 550 Data size: 5843 Basic stats: COMPLETE Column stats: NONE
            File Output Operator
              compressed: false
              Statistics: Num rows: 550 Data size: 5843 Basic stats: COMPLETE Column stats: NONE
              table:
                  input format: org.apache.hadoop.mapred.TextInputFormat
                  output format: org.apache.hadoop.hive.ql.io.HiveIgnoreKeyTextOutputFormat
                  serde: org.apache.hadoop.hive.serde2.lazy.LazySimpleSerDe

  Stage: Stage-0
    Fetch Operator
      limit: -1
      Processor Tree:
        ListSink

PREHOOK: query: select b.* from jackson_sev_same a join (select * from dim_pho union all select * from jackson_sev_add)b on a.key=b.key and b.key=97
PREHOOK: type: QUERY
PREHOOK: Input: default@dim_pho
PREHOOK: Input: default@jackson_sev_add
PREHOOK: Input: default@jackson_sev_same
#### A masked pattern was here ####
POSTHOOK: query: select b.* from jackson_sev_same a join (select * from dim_pho union all select * from jackson_sev_add)b on a.key=b.key and b.key=97
POSTHOOK: type: QUERY
POSTHOOK: Input: default@dim_pho
POSTHOOK: Input: default@jackson_sev_add
POSTHOOK: Input: default@jackson_sev_same
#### A masked pattern was here ####
97	val_97
97	val_97
97	val_97
97	val_97
97	val_97
97	val_97
97	val_97
97	val_97
