PREHOOK: query: -- SORT_BEFORE_DIFF
EXPLAIN
SELECT count(1) FROM (
  SELECT key, value FROM src UNION ALL
  SELECT key, value FROM src UNION ALL
  SELECT key, value FROM src UNION ALL
  SELECT key, value FROM src UNION ALL
  SELECT key, value FROM src UNION ALL

  SELECT key, value FROM src UNION ALL
  SELECT key, value FROM src UNION ALL
  SELECT key, value FROM src UNION ALL
  SELECT key, value FROM src UNION ALL
  SELECT key, value FROM src UNION ALL

  SELECT key, value FROM src UNION ALL
  SELECT key, value FROM src UNION ALL
  SELECT key, value FROM src UNION ALL
  SELECT key, value FROM src UNION ALL
  SELECT key, value FROM src UNION ALL

  SELECT key, value FROM src UNION ALL
  SELECT key, value FROM src UNION ALL
  SELECT key, value FROM src UNION ALL
  SELECT key, value FROM src UNION ALL
  SELECT key, value FROM src UNION ALL

  SELECT key, value FROM src UNION ALL
  SELECT key, value FROM src UNION ALL
  SELECT key, value FROM src UNION ALL
  SELECT key, value FROM src UNION ALL
  SELECT key, value FROM src) src
PREHOOK: type: QUERY
POSTHOOK: query: -- SORT_BEFORE_DIFF
EXPLAIN
SELECT count(1) FROM (
  SELECT key, value FROM src UNION ALL
  SELECT key, value FROM src UNION ALL
  SELECT key, value FROM src UNION ALL
  SELECT key, value FROM src UNION ALL
  SELECT key, value FROM src UNION ALL

  SELECT key, value FROM src UNION ALL
  SELECT key, value FROM src UNION ALL
  SELECT key, value FROM src UNION ALL
  SELECT key, value FROM src UNION ALL
  SELECT key, value FROM src UNION ALL

  SELECT key, value FROM src UNION ALL
  SELECT key, value FROM src UNION ALL
  SELECT key, value FROM src UNION ALL
  SELECT key, value FROM src UNION ALL
  SELECT key, value FROM src UNION ALL

  SELECT key, value FROM src UNION ALL
  SELECT key, value FROM src UNION ALL
  SELECT key, value FROM src UNION ALL
  SELECT key, value FROM src UNION ALL
  SELECT key, value FROM src UNION ALL

  SELECT key, value FROM src UNION ALL
  SELECT key, value FROM src UNION ALL
  SELECT key, value FROM src UNION ALL
  SELECT key, value FROM src UNION ALL
  SELECT key, value FROM src) src
POSTHOOK: type: QUERY
STAGE DEPENDENCIES:
  Stage-1 is a root stage
  Stage-0 depends on stages: Stage-1

STAGE PLANS:
  Stage: Stage-1
    Map Reduce
      Map Operator Tree:
          TableScan
            alias: src
            Statistics: Num rows: 500 Data size: 5312 Basic stats: COMPLETE Column stats: COMPLETE
            Select Operator
              Statistics: Num rows: 500 Data size: 0 Basic stats: PARTIAL Column stats: COMPLETE
              Union
                Statistics: Num rows: 12500 Data size: 0 Basic stats: PARTIAL Column stats: COMPLETE
                Select Operator
                  Statistics: Num rows: 12500 Data size: 0 Basic stats: PARTIAL Column stats: COMPLETE
                  Group By Operator
                    aggregations: count(1)
                    mode: hash
                    outputColumnNames: _col0
                    Statistics: Num rows: 1 Data size: 8 Basic stats: COMPLETE Column stats: COMPLETE
                    Reduce Output Operator
                      sort order: 
                      Statistics: Num rows: 1 Data size: 8 Basic stats: COMPLETE Column stats: COMPLETE
                      value expressions: _col0 (type: bigint)
          TableScan
            alias: src
            Statistics: Num rows: 500 Data size: 5312 Basic stats: COMPLETE Column stats: COMPLETE
            Select Operator
              Statistics: Num rows: 500 Data size: 0 Basic stats: PARTIAL Column stats: COMPLETE
              Union
                Statistics: Num rows: 12500 Data size: 0 Basic stats: PARTIAL Column stats: COMPLETE
                Select Operator
                  Statistics: Num rows: 12500 Data size: 0 Basic stats: PARTIAL Column stats: COMPLETE
                  Group By Operator
                    aggregations: count(1)
                    mode: hash
                    outputColumnNames: _col0
                    Statistics: Num rows: 1 Data size: 8 Basic stats: COMPLETE Column stats: COMPLETE
                    Reduce Output Operator
                      sort order: 
                      Statistics: Num rows: 1 Data size: 8 Basic stats: COMPLETE Column stats: COMPLETE
                      value expressions: _col0 (type: bigint)
          TableScan
            alias: src
            Statistics: Num rows: 500 Data size: 5312 Basic stats: COMPLETE Column stats: COMPLETE
            Select Operator
              Statistics: Num rows: 500 Data size: 0 Basic stats: PARTIAL Column stats: COMPLETE
              Union
                Statistics: Num rows: 12500 Data size: 0 Basic stats: PARTIAL Column stats: COMPLETE
                Select Operator
                  Statistics: Num rows: 12500 Data size: 0 Basic stats: PARTIAL Column stats: COMPLETE
                  Group By Operator
                    aggregations: count(1)
                    mode: hash
                    outputColumnNames: _col0
                    Statistics: Num rows: 1 Data size: 8 Basic stats: COMPLETE Column stats: COMPLETE
                    Reduce Output Operator
                      sort order: 
                      Statistics: Num rows: 1 Data size: 8 Basic stats: COMPLETE Column stats: COMPLETE
                      value expressions: _col0 (type: bigint)
          TableScan
            alias: src
            Statistics: Num rows: 500 Data size: 5312 Basic stats: COMPLETE Column stats: COMPLETE
            Select Operator
              Statistics: Num rows: 500 Data size: 0 Basic stats: PARTIAL Column stats: COMPLETE
              Union
                Statistics: Num rows: 12500 Data size: 0 Basic stats: PARTIAL Column stats: COMPLETE
                Select Operator
                  Statistics: Num rows: 12500 Data size: 0 Basic stats: PARTIAL Column stats: COMPLETE
                  Group By Operator
                    aggregations: count(1)
                    mode: hash
                    outputColumnNames: _col0
                    Statistics: Num rows: 1 Data size: 8 Basic stats: COMPLETE Column stats: COMPLETE
                    Reduce Output Operator
                      sort order: 
                      Statistics: Num rows: 1 Data size: 8 Basic stats: COMPLETE Column stats: COMPLETE
                      value expressions: _col0 (type: bigint)
          TableScan
            alias: src
            Statistics: Num rows: 500 Data size: 5312 Basic stats: COMPLETE Column stats: COMPLETE
            Select Operator
              Statistics: Num rows: 500 Data size: 0 Basic stats: PARTIAL Column stats: COMPLETE
              Union
                Statistics: Num rows: 12500 Data size: 0 Basic stats: PARTIAL Column stats: COMPLETE
                Select Operator
                  Statistics: Num rows: 12500 Data size: 0 Basic stats: PARTIAL Column stats: COMPLETE
                  Group By Operator
                    aggregations: count(1)
                    mode: hash
                    outputColumnNames: _col0
                    Statistics: Num rows: 1 Data size: 8 Basic stats: COMPLETE Column stats: COMPLETE
                    Reduce Output Operator
                      sort order: 
                      Statistics: Num rows: 1 Data size: 8 Basic stats: COMPLETE Column stats: COMPLETE
                      value expressions: _col0 (type: bigint)
          TableScan
            alias: src
            Statistics: Num rows: 500 Data size: 5312 Basic stats: COMPLETE Column stats: COMPLETE
            Select Operator
              Statistics: Num rows: 500 Data size: 0 Basic stats: PARTIAL Column stats: COMPLETE
              Union
                Statistics: Num rows: 12500 Data size: 0 Basic stats: PARTIAL Column stats: COMPLETE
                Select Operator
                  Statistics: Num rows: 12500 Data size: 0 Basic stats: PARTIAL Column stats: COMPLETE
                  Group By Operator
                    aggregations: count(1)
                    mode: hash
                    outputColumnNames: _col0
                    Statistics: Num rows: 1 Data size: 8 Basic stats: COMPLETE Column stats: COMPLETE
                    Reduce Output Operator
                      sort order: 
                      Statistics: Num rows: 1 Data size: 8 Basic stats: COMPLETE Column stats: COMPLETE
                      value expressions: _col0 (type: bigint)
          TableScan
            alias: src
            Statistics: Num rows: 500 Data size: 5312 Basic stats: COMPLETE Column stats: COMPLETE
            Select Operator
              Statistics: Num rows: 500 Data size: 0 Basic stats: PARTIAL Column stats: COMPLETE
              Union
                Statistics: Num rows: 12500 Data size: 0 Basic stats: PARTIAL Column stats: COMPLETE
                Select Operator
                  Statistics: Num rows: 12500 Data size: 0 Basic stats: PARTIAL Column stats: COMPLETE
                  Group By Operator
                    aggregations: count(1)
                    mode: hash
                    outputColumnNames: _col0
                    Statistics: Num rows: 1 Data size: 8 Basic stats: COMPLETE Column stats: COMPLETE
                    Reduce Output Operator
                      sort order: 
                      Statistics: Num rows: 1 Data size: 8 Basic stats: COMPLETE Column stats: COMPLETE
                      value expressions: _col0 (type: bigint)
          TableScan
            alias: src
            Statistics: Num rows: 500 Data size: 5312 Basic stats: COMPLETE Column stats: COMPLETE
            Select Operator
              Statistics: Num rows: 500 Data size: 0 Basic stats: PARTIAL Column stats: COMPLETE
              Union
                Statistics: Num rows: 12500 Data size: 0 Basic stats: PARTIAL Column stats: COMPLETE
                Select Operator
                  Statistics: Num rows: 12500 Data size: 0 Basic stats: PARTIAL Column stats: COMPLETE
                  Group By Operator
                    aggregations: count(1)
                    mode: hash
                    outputColumnNames: _col0
                    Statistics: Num rows: 1 Data size: 8 Basic stats: COMPLETE Column stats: COMPLETE
                    Reduce Output Operator
                      sort order: 
                      Statistics: Num rows: 1 Data size: 8 Basic stats: COMPLETE Column stats: COMPLETE
                      value expressions: _col0 (type: bigint)
          TableScan
            alias: src
            Statistics: Num rows: 500 Data size: 5312 Basic stats: COMPLETE Column stats: COMPLETE
            Select Operator
              Statistics: Num rows: 500 Data size: 0 Basic stats: PARTIAL Column stats: COMPLETE
              Union
                Statistics: Num rows: 12500 Data size: 0 Basic stats: PARTIAL Column stats: COMPLETE
                Select Operator
                  Statistics: Num rows: 12500 Data size: 0 Basic stats: PARTIAL Column stats: COMPLETE
                  Group By Operator
                    aggregations: count(1)
                    mode: hash
                    outputColumnNames: _col0
                    Statistics: Num rows: 1 Data size: 8 Basic stats: COMPLETE Column stats: COMPLETE
                    Reduce Output Operator
                      sort order: 
                      Statistics: Num rows: 1 Data size: 8 Basic stats: COMPLETE Column stats: COMPLETE
                      value expressions: _col0 (type: bigint)
          TableScan
            alias: src
            Statistics: Num rows: 500 Data size: 5312 Basic stats: COMPLETE Column stats: COMPLETE
            Select Operator
              Statistics: Num rows: 500 Data size: 0 Basic stats: PARTIAL Column stats: COMPLETE
              Union
                Statistics: Num rows: 12500 Data size: 0 Basic stats: PARTIAL Column stats: COMPLETE
                Select Operator
                  Statistics: Num rows: 12500 Data size: 0 Basic stats: PARTIAL Column stats: COMPLETE
                  Group By Operator
                    aggregations: count(1)
                    mode: hash
                    outputColumnNames: _col0
                    Statistics: Num rows: 1 Data size: 8 Basic stats: COMPLETE Column stats: COMPLETE
                    Reduce Output Operator
                      sort order: 
                      Statistics: Num rows: 1 Data size: 8 Basic stats: COMPLETE Column stats: COMPLETE
                      value expressions: _col0 (type: bigint)
          TableScan
            alias: src
            Statistics: Num rows: 500 Data size: 5312 Basic stats: COMPLETE Column stats: COMPLETE
            Select Operator
              Statistics: Num rows: 500 Data size: 0 Basic stats: PARTIAL Column stats: COMPLETE
              Union
                Statistics: Num rows: 12500 Data size: 0 Basic stats: PARTIAL Column stats: COMPLETE
                Select Operator
                  Statistics: Num rows: 12500 Data size: 0 Basic stats: PARTIAL Column stats: COMPLETE
                  Group By Operator
                    aggregations: count(1)
                    mode: hash
                    outputColumnNames: _col0
                    Statistics: Num rows: 1 Data size: 8 Basic stats: COMPLETE Column stats: COMPLETE
                    Reduce Output Operator
                      sort order: 
                      Statistics: Num rows: 1 Data size: 8 Basic stats: COMPLETE Column stats: COMPLETE
                      value expressions: _col0 (type: bigint)
          TableScan
            alias: src
            Statistics: Num rows: 500 Data size: 5312 Basic stats: COMPLETE Column stats: COMPLETE
            Select Operator
              Statistics: Num rows: 500 Data size: 0 Basic stats: PARTIAL Column stats: COMPLETE
              Union
                Statistics: Num rows: 12500 Data size: 0 Basic stats: PARTIAL Column stats: COMPLETE
                Select Operator
                  Statistics: Num rows: 12500 Data size: 0 Basic stats: PARTIAL Column stats: COMPLETE
                  Group By Operator
                    aggregations: count(1)
                    mode: hash
                    outputColumnNames: _col0
                    Statistics: Num rows: 1 Data size: 8 Basic stats: COMPLETE Column stats: COMPLETE
                    Reduce Output Operator
                      sort order: 
                      Statistics: Num rows: 1 Data size: 8 Basic stats: COMPLETE Column stats: COMPLETE
                      value expressions: _col0 (type: bigint)
          TableScan
            alias: src
            Statistics: Num rows: 500 Data size: 5312 Basic stats: COMPLETE Column stats: COMPLETE
            Select Operator
              Statistics: Num rows: 500 Data size: 0 Basic stats: PARTIAL Column stats: COMPLETE
              Union
                Statistics: Num rows: 12500 Data size: 0 Basic stats: PARTIAL Column stats: COMPLETE
                Select Operator
                  Statistics: Num rows: 12500 Data size: 0 Basic stats: PARTIAL Column stats: COMPLETE
                  Group By Operator
                    aggregations: count(1)
                    mode: hash
                    outputColumnNames: _col0
                    Statistics: Num rows: 1 Data size: 8 Basic stats: COMPLETE Column stats: COMPLETE
                    Reduce Output Operator
                      sort order: 
                      Statistics: Num rows: 1 Data size: 8 Basic stats: COMPLETE Column stats: COMPLETE
                      value expressions: _col0 (type: bigint)
          TableScan
            alias: src
            Statistics: Num rows: 500 Data size: 5312 Basic stats: COMPLETE Column stats: COMPLETE
            Select Operator
              Statistics: Num rows: 500 Data size: 0 Basic stats: PARTIAL Column stats: COMPLETE
              Union
                Statistics: Num rows: 12500 Data size: 0 Basic stats: PARTIAL Column stats: COMPLETE
                Select Operator
                  Statistics: Num rows: 12500 Data size: 0 Basic stats: PARTIAL Column stats: COMPLETE
                  Group By Operator
                    aggregations: count(1)
                    mode: hash
                    outputColumnNames: _col0
                    Statistics: Num rows: 1 Data size: 8 Basic stats: COMPLETE Column stats: COMPLETE
                    Reduce Output Operator
                      sort order: 
                      Statistics: Num rows: 1 Data size: 8 Basic stats: COMPLETE Column stats: COMPLETE
                      value expressions: _col0 (type: bigint)
          TableScan
            alias: src
            Statistics: Num rows: 500 Data size: 5312 Basic stats: COMPLETE Column stats: COMPLETE
            Select Operator
              Statistics: Num rows: 500 Data size: 0 Basic stats: PARTIAL Column stats: COMPLETE
              Union
                Statistics: Num rows: 12500 Data size: 0 Basic stats: PARTIAL Column stats: COMPLETE
                Select Operator
                  Statistics: Num rows: 12500 Data size: 0 Basic stats: PARTIAL Column stats: COMPLETE
                  Group By Operator
                    aggregations: count(1)
                    mode: hash
                    outputColumnNames: _col0
                    Statistics: Num rows: 1 Data size: 8 Basic stats: COMPLETE Column stats: COMPLETE
                    Reduce Output Operator
                      sort order: 
                      Statistics: Num rows: 1 Data size: 8 Basic stats: COMPLETE Column stats: COMPLETE
                      value expressions: _col0 (type: bigint)
          TableScan
            alias: src
            Statistics: Num rows: 500 Data size: 5312 Basic stats: COMPLETE Column stats: COMPLETE
            Select Operator
              Statistics: Num rows: 500 Data size: 0 Basic stats: PARTIAL Column stats: COMPLETE
              Union
                Statistics: Num rows: 12500 Data size: 0 Basic stats: PARTIAL Column stats: COMPLETE
                Select Operator
                  Statistics: Num rows: 12500 Data size: 0 Basic stats: PARTIAL Column stats: COMPLETE
                  Group By Operator
                    aggregations: count(1)
                    mode: hash
                    outputColumnNames: _col0
                    Statistics: Num rows: 1 Data size: 8 Basic stats: COMPLETE Column stats: COMPLETE
                    Reduce Output Operator
                      sort order: 
                      Statistics: Num rows: 1 Data size: 8 Basic stats: COMPLETE Column stats: COMPLETE
                      value expressions: _col0 (type: bigint)
          TableScan
            alias: src
            Statistics: Num rows: 500 Data size: 5312 Basic stats: COMPLETE Column stats: COMPLETE
            Select Operator
              Statistics: Num rows: 500 Data size: 0 Basic stats: PARTIAL Column stats: COMPLETE
              Union
                Statistics: Num rows: 12500 Data size: 0 Basic stats: PARTIAL Column stats: COMPLETE
                Select Operator
                  Statistics: Num rows: 12500 Data size: 0 Basic stats: PARTIAL Column stats: COMPLETE
                  Group By Operator
                    aggregations: count(1)
                    mode: hash
                    outputColumnNames: _col0
                    Statistics: Num rows: 1 Data size: 8 Basic stats: COMPLETE Column stats: COMPLETE
                    Reduce Output Operator
                      sort order: 
                      Statistics: Num rows: 1 Data size: 8 Basic stats: COMPLETE Column stats: COMPLETE
                      value expressions: _col0 (type: bigint)
          TableScan
            alias: src
            Statistics: Num rows: 500 Data size: 5312 Basic stats: COMPLETE Column stats: COMPLETE
            Select Operator
              Statistics: Num rows: 500 Data size: 0 Basic stats: PARTIAL Column stats: COMPLETE
              Union
                Statistics: Num rows: 12500 Data size: 0 Basic stats: PARTIAL Column stats: COMPLETE
                Select Operator
                  Statistics: Num rows: 12500 Data size: 0 Basic stats: PARTIAL Column stats: COMPLETE
                  Group By Operator
                    aggregations: count(1)
                    mode: hash
                    outputColumnNames: _col0
                    Statistics: Num rows: 1 Data size: 8 Basic stats: COMPLETE Column stats: COMPLETE
                    Reduce Output Operator
                      sort order: 
                      Statistics: Num rows: 1 Data size: 8 Basic stats: COMPLETE Column stats: COMPLETE
                      value expressions: _col0 (type: bigint)
          TableScan
            alias: src
            Statistics: Num rows: 500 Data size: 5312 Basic stats: COMPLETE Column stats: COMPLETE
            Select Operator
              Statistics: Num rows: 500 Data size: 0 Basic stats: PARTIAL Column stats: COMPLETE
              Union
                Statistics: Num rows: 12500 Data size: 0 Basic stats: PARTIAL Column stats: COMPLETE
                Select Operator
                  Statistics: Num rows: 12500 Data size: 0 Basic stats: PARTIAL Column stats: COMPLETE
                  Group By Operator
                    aggregations: count(1)
                    mode: hash
                    outputColumnNames: _col0
                    Statistics: Num rows: 1 Data size: 8 Basic stats: COMPLETE Column stats: COMPLETE
                    Reduce Output Operator
                      sort order: 
                      Statistics: Num rows: 1 Data size: 8 Basic stats: COMPLETE Column stats: COMPLETE
                      value expressions: _col0 (type: bigint)
          TableScan
            alias: src
            Statistics: Num rows: 500 Data size: 5312 Basic stats: COMPLETE Column stats: COMPLETE
            Select Operator
              Statistics: Num rows: 500 Data size: 0 Basic stats: PARTIAL Column stats: COMPLETE
              Union
                Statistics: Num rows: 12500 Data size: 0 Basic stats: PARTIAL Column stats: COMPLETE
                Select Operator
                  Statistics: Num rows: 12500 Data size: 0 Basic stats: PARTIAL Column stats: COMPLETE
                  Group By Operator
                    aggregations: count(1)
                    mode: hash
                    outputColumnNames: _col0
                    Statistics: Num rows: 1 Data size: 8 Basic stats: COMPLETE Column stats: COMPLETE
                    Reduce Output Operator
                      sort order: 
                      Statistics: Num rows: 1 Data size: 8 Basic stats: COMPLETE Column stats: COMPLETE
                      value expressions: _col0 (type: bigint)
          TableScan
            alias: src
            Statistics: Num rows: 500 Data size: 5312 Basic stats: COMPLETE Column stats: COMPLETE
            Select Operator
              Statistics: Num rows: 500 Data size: 0 Basic stats: PARTIAL Column stats: COMPLETE
              Union
                Statistics: Num rows: 12500 Data size: 0 Basic stats: PARTIAL Column stats: COMPLETE
                Select Operator
                  Statistics: Num rows: 12500 Data size: 0 Basic stats: PARTIAL Column stats: COMPLETE
                  Group By Operator
                    aggregations: count(1)
                    mode: hash
                    outputColumnNames: _col0
                    Statistics: Num rows: 1 Data size: 8 Basic stats: COMPLETE Column stats: COMPLETE
                    Reduce Output Operator
                      sort order: 
                      Statistics: Num rows: 1 Data size: 8 Basic stats: COMPLETE Column stats: COMPLETE
                      value expressions: _col0 (type: bigint)
          TableScan
            alias: src
            Statistics: Num rows: 500 Data size: 5312 Basic stats: COMPLETE Column stats: COMPLETE
            Select Operator
              Statistics: Num rows: 500 Data size: 0 Basic stats: PARTIAL Column stats: COMPLETE
              Union
                Statistics: Num rows: 12500 Data size: 0 Basic stats: PARTIAL Column stats: COMPLETE
                Select Operator
                  Statistics: Num rows: 12500 Data size: 0 Basic stats: PARTIAL Column stats: COMPLETE
                  Group By Operator
                    aggregations: count(1)
                    mode: hash
                    outputColumnNames: _col0
                    Statistics: Num rows: 1 Data size: 8 Basic stats: COMPLETE Column stats: COMPLETE
                    Reduce Output Operator
                      sort order: 
                      Statistics: Num rows: 1 Data size: 8 Basic stats: COMPLETE Column stats: COMPLETE
                      value expressions: _col0 (type: bigint)
          TableScan
            alias: src
            Statistics: Num rows: 500 Data size: 5312 Basic stats: COMPLETE Column stats: COMPLETE
            Select Operator
              Statistics: Num rows: 500 Data size: 0 Basic stats: PARTIAL Column stats: COMPLETE
              Union
                Statistics: Num rows: 12500 Data size: 0 Basic stats: PARTIAL Column stats: COMPLETE
                Select Operator
                  Statistics: Num rows: 12500 Data size: 0 Basic stats: PARTIAL Column stats: COMPLETE
                  Group By Operator
                    aggregations: count(1)
                    mode: hash
                    outputColumnNames: _col0
                    Statistics: Num rows: 1 Data size: 8 Basic stats: COMPLETE Column stats: COMPLETE
                    Reduce Output Operator
                      sort order: 
                      Statistics: Num rows: 1 Data size: 8 Basic stats: COMPLETE Column stats: COMPLETE
                      value expressions: _col0 (type: bigint)
          TableScan
            alias: src
            Statistics: Num rows: 500 Data size: 5312 Basic stats: COMPLETE Column stats: COMPLETE
            Select Operator
              Statistics: Num rows: 500 Data size: 0 Basic stats: PARTIAL Column stats: COMPLETE
              Union
                Statistics: Num rows: 12500 Data size: 0 Basic stats: PARTIAL Column stats: COMPLETE
                Select Operator
                  Statistics: Num rows: 12500 Data size: 0 Basic stats: PARTIAL Column stats: COMPLETE
                  Group By Operator
                    aggregations: count(1)
                    mode: hash
                    outputColumnNames: _col0
                    Statistics: Num rows: 1 Data size: 8 Basic stats: COMPLETE Column stats: COMPLETE
                    Reduce Output Operator
                      sort order: 
                      Statistics: Num rows: 1 Data size: 8 Basic stats: COMPLETE Column stats: COMPLETE
                      value expressions: _col0 (type: bigint)
          TableScan
            alias: src
            Statistics: Num rows: 500 Data size: 5312 Basic stats: COMPLETE Column stats: COMPLETE
            Select Operator
              Statistics: Num rows: 500 Data size: 0 Basic stats: PARTIAL Column stats: COMPLETE
              Union
                Statistics: Num rows: 12500 Data size: 0 Basic stats: PARTIAL Column stats: COMPLETE
                Select Operator
                  Statistics: Num rows: 12500 Data size: 0 Basic stats: PARTIAL Column stats: COMPLETE
                  Group By Operator
                    aggregations: count(1)
                    mode: hash
                    outputColumnNames: _col0
                    Statistics: Num rows: 1 Data size: 8 Basic stats: COMPLETE Column stats: COMPLETE
                    Reduce Output Operator
                      sort order: 
                      Statistics: Num rows: 1 Data size: 8 Basic stats: COMPLETE Column stats: COMPLETE
                      value expressions: _col0 (type: bigint)
      Reduce Operator Tree:
        Group By Operator
          aggregations: count(VALUE._col0)
          mode: mergepartial
          outputColumnNames: _col0
          Statistics: Num rows: 1 Data size: 8 Basic stats: COMPLETE Column stats: COMPLETE
          File Output Operator
            compressed: false
            Statistics: Num rows: 1 Data size: 8 Basic stats: COMPLETE Column stats: COMPLETE
            table:
                input format: org.apache.hadoop.mapred.TextInputFormat
                output format: org.apache.hadoop.hive.ql.io.HiveIgnoreKeyTextOutputFormat
                serde: org.apache.hadoop.hive.serde2.lazy.LazySimpleSerDe

  Stage: Stage-0
    Fetch Operator
      limit: -1
      Processor Tree:
        ListSink

PREHOOK: query: SELECT count(1) FROM (
  SELECT key, value FROM src UNION ALL
  SELECT key, value FROM src UNION ALL
  SELECT key, value FROM src UNION ALL
  SELECT key, value FROM src UNION ALL
  SELECT key, value FROM src UNION ALL

  SELECT key, value FROM src UNION ALL
  SELECT key, value FROM src UNION ALL
  SELECT key, value FROM src UNION ALL
  SELECT key, value FROM src UNION ALL
  SELECT key, value FROM src UNION ALL

  SELECT key, value FROM src UNION ALL
  SELECT key, value FROM src UNION ALL
  SELECT key, value FROM src UNION ALL
  SELECT key, value FROM src UNION ALL
  SELECT key, value FROM src UNION ALL

  SELECT key, value FROM src UNION ALL
  SELECT key, value FROM src UNION ALL
  SELECT key, value FROM src UNION ALL
  SELECT key, value FROM src UNION ALL
  SELECT key, value FROM src UNION ALL

  SELECT key, value FROM src UNION ALL
  SELECT key, value FROM src UNION ALL
  SELECT key, value FROM src UNION ALL
  SELECT key, value FROM src UNION ALL
  SELECT key, value FROM src) src
PREHOOK: type: QUERY
PREHOOK: Input: default@src
#### A masked pattern was here ####
POSTHOOK: query: SELECT count(1) FROM (
  SELECT key, value FROM src UNION ALL
  SELECT key, value FROM src UNION ALL
  SELECT key, value FROM src UNION ALL
  SELECT key, value FROM src UNION ALL
  SELECT key, value FROM src UNION ALL

  SELECT key, value FROM src UNION ALL
  SELECT key, value FROM src UNION ALL
  SELECT key, value FROM src UNION ALL
  SELECT key, value FROM src UNION ALL
  SELECT key, value FROM src UNION ALL

  SELECT key, value FROM src UNION ALL
  SELECT key, value FROM src UNION ALL
  SELECT key, value FROM src UNION ALL
  SELECT key, value FROM src UNION ALL
  SELECT key, value FROM src UNION ALL

  SELECT key, value FROM src UNION ALL
  SELECT key, value FROM src UNION ALL
  SELECT key, value FROM src UNION ALL
  SELECT key, value FROM src UNION ALL
  SELECT key, value FROM src UNION ALL

  SELECT key, value FROM src UNION ALL
  SELECT key, value FROM src UNION ALL
  SELECT key, value FROM src UNION ALL
  SELECT key, value FROM src UNION ALL
  SELECT key, value FROM src) src
POSTHOOK: type: QUERY
POSTHOOK: Input: default@src
#### A masked pattern was here ####
12500
