PREHOOK: query: explain
SELECT *
FROM (
  SELECT 1 AS id
  FROM (SELECT * FROM src LIMIT 1) s1
  UNION ALL
  SELECT 2 AS id
  FROM (SELECT * FROM src LIMIT 1) s1
  UNION ALL
  SELECT 3 AS id
  FROM (SELECT * FROM src LIMIT 1) s2
  UNION ALL
  SELECT 4 AS id
  FROM (SELECT * FROM src LIMIT 1) s2
  CLUSTER BY id
) a
PREHOOK: type: QUERY
POSTHOOK: query: explain
SELECT *
FROM (
  SELECT 1 AS id
  FROM (SELECT * FROM src LIMIT 1) s1
  UNION ALL
  SELECT 2 AS id
  FROM (SELECT * FROM src LIMIT 1) s1
  UNION ALL
  SELECT 3 AS id
  FROM (SELECT * FROM src LIMIT 1) s2
  UNION ALL
  SELECT 4 AS id
  FROM (SELECT * FROM src LIMIT 1) s2
  CLUSTER BY id
) a
POSTHOOK: type: QUERY
STAGE DEPENDENCIES:
  Stage-1 is a root stage
  Stage-2 depends on stages: Stage-1, Stage-3, Stage-4, Stage-5
  Stage-3 is a root stage
  Stage-4 is a root stage
  Stage-5 is a root stage
  Stage-0 depends on stages: Stage-2

STAGE PLANS:
  Stage: Stage-1
    Map Reduce
      Map Operator Tree:
          TableScan
            alias: src
            Statistics: Num rows: 500 Data size: 5312 Basic stats: COMPLETE Column stats: COMPLETE
            Select Operator
              Statistics: Num rows: 500 Data size: 5312 Basic stats: COMPLETE Column stats: COMPLETE
              Limit
                Number of rows: 1
                Statistics: Num rows: 1 Data size: 8 Basic stats: COMPLETE Column stats: COMPLETE
                Reduce Output Operator
                  sort order: 
                  Statistics: Num rows: 1 Data size: 8 Basic stats: COMPLETE Column stats: COMPLETE
                  TopN Hash Memory Usage: 0.1
      Execution mode: vectorized
      Reduce Operator Tree:
        Limit
          Number of rows: 1
          Statistics: Num rows: 1 Data size: 8 Basic stats: COMPLETE Column stats: COMPLETE
          Select Operator
            expressions: 1 (type: int)
            outputColumnNames: _col0
            Statistics: Num rows: 1 Data size: 4 Basic stats: COMPLETE Column stats: COMPLETE
            File Output Operator
              compressed: false
              table:
                  input format: org.apache.hadoop.mapred.SequenceFileInputFormat
                  output format: org.apache.hadoop.hive.ql.io.HiveSequenceFileOutputFormat
                  serde: org.apache.hadoop.hive.serde2.lazybinary.LazyBinarySerDe

  Stage: Stage-2
    Map Reduce
      Map Operator Tree:
          TableScan
            Union
              Statistics: Num rows: 4 Data size: 16 Basic stats: COMPLETE Column stats: COMPLETE
              Reduce Output Operator
                key expressions: _col0 (type: int)
                sort order: +
                Map-reduce partition columns: _col0 (type: int)
                Statistics: Num rows: 4 Data size: 16 Basic stats: COMPLETE Column stats: COMPLETE
          TableScan
            Union
              Statistics: Num rows: 4 Data size: 16 Basic stats: COMPLETE Column stats: COMPLETE
              Reduce Output Operator
                key expressions: _col0 (type: int)
                sort order: +
                Map-reduce partition columns: _col0 (type: int)
                Statistics: Num rows: 4 Data size: 16 Basic stats: COMPLETE Column stats: COMPLETE
          TableScan
            Union
              Statistics: Num rows: 4 Data size: 16 Basic stats: COMPLETE Column stats: COMPLETE
              Reduce Output Operator
                key expressions: _col0 (type: int)
                sort order: +
                Map-reduce partition columns: _col0 (type: int)
                Statistics: Num rows: 4 Data size: 16 Basic stats: COMPLETE Column stats: COMPLETE
          TableScan
            Union
              Statistics: Num rows: 4 Data size: 16 Basic stats: COMPLETE Column stats: COMPLETE
              Reduce Output Operator
                key expressions: _col0 (type: int)
                sort order: +
                Map-reduce partition columns: _col0 (type: int)
                Statistics: Num rows: 4 Data size: 16 Basic stats: COMPLETE Column stats: COMPLETE
      Reduce Operator Tree:
        Select Operator
          expressions: KEY.reducesinkkey0 (type: int)
          outputColumnNames: _col0
          Statistics: Num rows: 4 Data size: 16 Basic stats: COMPLETE Column stats: COMPLETE
          File Output Operator
            compressed: false
            Statistics: Num rows: 4 Data size: 16 Basic stats: COMPLETE Column stats: COMPLETE
            table:
                input format: org.apache.hadoop.mapred.SequenceFileInputFormat
                output format: org.apache.hadoop.hive.ql.io.HiveSequenceFileOutputFormat
                serde: org.apache.hadoop.hive.serde2.lazy.LazySimpleSerDe

  Stage: Stage-3
    Map Reduce
      Map Operator Tree:
          TableScan
            alias: src
            Statistics: Num rows: 500 Data size: 5312 Basic stats: COMPLETE Column stats: COMPLETE
            Select Operator
              Statistics: Num rows: 500 Data size: 5312 Basic stats: COMPLETE Column stats: COMPLETE
              Limit
                Number of rows: 1
                Statistics: Num rows: 1 Data size: 8 Basic stats: COMPLETE Column stats: COMPLETE
                Reduce Output Operator
                  sort order: 
                  Statistics: Num rows: 1 Data size: 8 Basic stats: COMPLETE Column stats: COMPLETE
                  TopN Hash Memory Usage: 0.1
      Execution mode: vectorized
      Reduce Operator Tree:
        Limit
          Number of rows: 1
          Statistics: Num rows: 1 Data size: 8 Basic stats: COMPLETE Column stats: COMPLETE
          Select Operator
            expressions: 2 (type: int)
            outputColumnNames: _col0
            Statistics: Num rows: 1 Data size: 4 Basic stats: COMPLETE Column stats: COMPLETE
            File Output Operator
              compressed: false
              table:
                  input format: org.apache.hadoop.mapred.SequenceFileInputFormat
                  output format: org.apache.hadoop.hive.ql.io.HiveSequenceFileOutputFormat
                  serde: org.apache.hadoop.hive.serde2.lazybinary.LazyBinarySerDe

  Stage: Stage-4
    Map Reduce
      Map Operator Tree:
          TableScan
            alias: src
            Statistics: Num rows: 500 Data size: 5312 Basic stats: COMPLETE Column stats: COMPLETE
            Select Operator
              Statistics: Num rows: 500 Data size: 5312 Basic stats: COMPLETE Column stats: COMPLETE
              Limit
                Number of rows: 1
                Statistics: Num rows: 1 Data size: 8 Basic stats: COMPLETE Column stats: COMPLETE
                Reduce Output Operator
                  sort order: 
                  Statistics: Num rows: 1 Data size: 8 Basic stats: COMPLETE Column stats: COMPLETE
                  TopN Hash Memory Usage: 0.1
      Execution mode: vectorized
      Reduce Operator Tree:
        Limit
          Number of rows: 1
          Statistics: Num rows: 1 Data size: 8 Basic stats: COMPLETE Column stats: COMPLETE
          Select Operator
            expressions: 3 (type: int)
            outputColumnNames: _col0
            Statistics: Num rows: 1 Data size: 4 Basic stats: COMPLETE Column stats: COMPLETE
            File Output Operator
              compressed: false
              table:
                  input format: org.apache.hadoop.mapred.SequenceFileInputFormat
                  output format: org.apache.hadoop.hive.ql.io.HiveSequenceFileOutputFormat
                  serde: org.apache.hadoop.hive.serde2.lazybinary.LazyBinarySerDe

  Stage: Stage-5
    Map Reduce
      Map Operator Tree:
          TableScan
            alias: src
            Statistics: Num rows: 500 Data size: 5312 Basic stats: COMPLETE Column stats: COMPLETE
            Select Operator
              Statistics: Num rows: 500 Data size: 5312 Basic stats: COMPLETE Column stats: COMPLETE
              Limit
                Number of rows: 1
                Statistics: Num rows: 1 Data size: 8 Basic stats: COMPLETE Column stats: COMPLETE
                Reduce Output Operator
                  sort order: 
                  Statistics: Num rows: 1 Data size: 8 Basic stats: COMPLETE Column stats: COMPLETE
                  TopN Hash Memory Usage: 0.1
      Execution mode: vectorized
      Reduce Operator Tree:
        Limit
          Number of rows: 1
          Statistics: Num rows: 1 Data size: 8 Basic stats: COMPLETE Column stats: COMPLETE
          Select Operator
            expressions: 4 (type: int)
            outputColumnNames: _col0
            Statistics: Num rows: 1 Data size: 4 Basic stats: COMPLETE Column stats: COMPLETE
            File Output Operator
              compressed: false
              table:
                  input format: org.apache.hadoop.mapred.SequenceFileInputFormat
                  output format: org.apache.hadoop.hive.ql.io.HiveSequenceFileOutputFormat
                  serde: org.apache.hadoop.hive.serde2.lazybinary.LazyBinarySerDe

  Stage: Stage-0
    Fetch Operator
      limit: -1
      Processor Tree:
        ListSink

PREHOOK: query: CREATE TABLE union_out_n0 (id int)
PREHOOK: type: CREATETABLE
PREHOOK: Output: database:default
PREHOOK: Output: default@union_out_n0
POSTHOOK: query: CREATE TABLE union_out_n0 (id int)
POSTHOOK: type: CREATETABLE
POSTHOOK: Output: database:default
POSTHOOK: Output: default@union_out_n0
PREHOOK: query: insert overwrite table union_out_n0 
SELECT *
FROM (
  SELECT 1 AS id
  FROM (SELECT * FROM src LIMIT 1) s1
  UNION ALL
  SELECT 2 AS id
  FROM (SELECT * FROM src LIMIT 1) s1
  UNION ALL
  SELECT 3 AS id
  FROM (SELECT * FROM src LIMIT 1) s2
  UNION ALL
  SELECT 4 AS id
  FROM (SELECT * FROM src LIMIT 1) s2
  CLUSTER BY id
) a
PREHOOK: type: QUERY
PREHOOK: Input: default@src
PREHOOK: Output: default@union_out_n0
POSTHOOK: query: insert overwrite table union_out_n0 
SELECT *
FROM (
  SELECT 1 AS id
  FROM (SELECT * FROM src LIMIT 1) s1
  UNION ALL
  SELECT 2 AS id
  FROM (SELECT * FROM src LIMIT 1) s1
  UNION ALL
  SELECT 3 AS id
  FROM (SELECT * FROM src LIMIT 1) s2
  UNION ALL
  SELECT 4 AS id
  FROM (SELECT * FROM src LIMIT 1) s2
  CLUSTER BY id
) a
POSTHOOK: type: QUERY
POSTHOOK: Input: default@src
POSTHOOK: Output: default@union_out_n0
POSTHOOK: Lineage: union_out_n0.id EXPRESSION []
PREHOOK: query: select * from union_out_n0
PREHOOK: type: QUERY
PREHOOK: Input: default@union_out_n0
#### A masked pattern was here ####
POSTHOOK: query: select * from union_out_n0
POSTHOOK: type: QUERY
POSTHOOK: Input: default@union_out_n0
#### A masked pattern was here ####
1
2
3
4
