PREHOOK: query: -- SORT_QUERY_RESULTS

-- top level
explain
select * from (select key, 0 as value from src where key % 3 == 0 limit 3)a
union all
select * from (select key, 1 as value from src where key % 3 == 1 limit 3)b
union all
select * from (select key, 2 as value from src where key % 3 == 2 limit 3)c
PREHOOK: type: QUERY
POSTHOOK: query: -- SORT_QUERY_RESULTS

-- top level
explain
select * from (select key, 0 as value from src where key % 3 == 0 limit 3)a
union all
select * from (select key, 1 as value from src where key % 3 == 1 limit 3)b
union all
select * from (select key, 2 as value from src where key % 3 == 2 limit 3)c
POSTHOOK: type: QUERY
STAGE DEPENDENCIES:
  Stage-1 is a root stage
  Stage-2 depends on stages: Stage-1, Stage-3, Stage-4
  Stage-3 is a root stage
  Stage-4 is a root stage
  Stage-0 depends on stages: Stage-2

STAGE PLANS:
  Stage: Stage-1
    Map Reduce
      Map Operator Tree:
          TableScan
            alias: src
            Statistics: Num rows: 500 Data size: 5312 Basic stats: COMPLETE Column stats: NONE
            Filter Operator
              predicate: ((UDFToDouble(key) % 3.0) = 0.0) (type: boolean)
              Statistics: Num rows: 250 Data size: 2656 Basic stats: COMPLETE Column stats: NONE
              Select Operator
                expressions: key (type: string)
                outputColumnNames: _col0
                Statistics: Num rows: 250 Data size: 2656 Basic stats: COMPLETE Column stats: NONE
                Limit
                  Number of rows: 3
                  Statistics: Num rows: 3 Data size: 30 Basic stats: COMPLETE Column stats: NONE
                  Reduce Output Operator
                    sort order: 
                    Statistics: Num rows: 3 Data size: 30 Basic stats: COMPLETE Column stats: NONE
                    TopN Hash Memory Usage: 0.1
                    value expressions: _col0 (type: string)
      Reduce Operator Tree:
        Select Operator
          expressions: VALUE._col0 (type: string)
          outputColumnNames: _col0
          Statistics: Num rows: 3 Data size: 30 Basic stats: COMPLETE Column stats: NONE
          Limit
            Number of rows: 3
            Statistics: Num rows: 3 Data size: 30 Basic stats: COMPLETE Column stats: NONE
            Select Operator
              expressions: _col0 (type: string), 0 (type: int)
              outputColumnNames: _col0, _col1
              Statistics: Num rows: 3 Data size: 30 Basic stats: COMPLETE Column stats: NONE
              File Output Operator
                compressed: false
                table:
                    input format: org.apache.hadoop.mapred.SequenceFileInputFormat
                    output format: org.apache.hadoop.hive.ql.io.HiveSequenceFileOutputFormat
                    serde: org.apache.hadoop.hive.serde2.lazybinary.LazyBinarySerDe

  Stage: Stage-2
    Map Reduce
      Map Operator Tree:
          TableScan
            Union
              Statistics: Num rows: 9 Data size: 90 Basic stats: COMPLETE Column stats: NONE
              File Output Operator
                compressed: false
                Statistics: Num rows: 9 Data size: 90 Basic stats: COMPLETE Column stats: NONE
                table:
                    input format: org.apache.hadoop.mapred.SequenceFileInputFormat
                    output format: org.apache.hadoop.hive.ql.io.HiveSequenceFileOutputFormat
                    serde: org.apache.hadoop.hive.serde2.lazy.LazySimpleSerDe
          TableScan
            Union
              Statistics: Num rows: 9 Data size: 90 Basic stats: COMPLETE Column stats: NONE
              File Output Operator
                compressed: false
                Statistics: Num rows: 9 Data size: 90 Basic stats: COMPLETE Column stats: NONE
                table:
                    input format: org.apache.hadoop.mapred.SequenceFileInputFormat
                    output format: org.apache.hadoop.hive.ql.io.HiveSequenceFileOutputFormat
                    serde: org.apache.hadoop.hive.serde2.lazy.LazySimpleSerDe
          TableScan
            Union
              Statistics: Num rows: 9 Data size: 90 Basic stats: COMPLETE Column stats: NONE
              File Output Operator
                compressed: false
                Statistics: Num rows: 9 Data size: 90 Basic stats: COMPLETE Column stats: NONE
                table:
                    input format: org.apache.hadoop.mapred.SequenceFileInputFormat
                    output format: org.apache.hadoop.hive.ql.io.HiveSequenceFileOutputFormat
                    serde: org.apache.hadoop.hive.serde2.lazy.LazySimpleSerDe

  Stage: Stage-3
    Map Reduce
      Map Operator Tree:
          TableScan
            alias: src
            Statistics: Num rows: 500 Data size: 5312 Basic stats: COMPLETE Column stats: NONE
            Filter Operator
              predicate: ((UDFToDouble(key) % 3.0) = 1.0) (type: boolean)
              Statistics: Num rows: 250 Data size: 2656 Basic stats: COMPLETE Column stats: NONE
              Select Operator
                expressions: key (type: string)
                outputColumnNames: _col0
                Statistics: Num rows: 250 Data size: 2656 Basic stats: COMPLETE Column stats: NONE
                Limit
                  Number of rows: 3
                  Statistics: Num rows: 3 Data size: 30 Basic stats: COMPLETE Column stats: NONE
                  Reduce Output Operator
                    sort order: 
                    Statistics: Num rows: 3 Data size: 30 Basic stats: COMPLETE Column stats: NONE
                    TopN Hash Memory Usage: 0.1
                    value expressions: _col0 (type: string)
      Reduce Operator Tree:
        Select Operator
          expressions: VALUE._col0 (type: string)
          outputColumnNames: _col0
          Statistics: Num rows: 3 Data size: 30 Basic stats: COMPLETE Column stats: NONE
          Limit
            Number of rows: 3
            Statistics: Num rows: 3 Data size: 30 Basic stats: COMPLETE Column stats: NONE
            Select Operator
              expressions: _col0 (type: string), 1 (type: int)
              outputColumnNames: _col0, _col1
              Statistics: Num rows: 3 Data size: 30 Basic stats: COMPLETE Column stats: NONE
              File Output Operator
                compressed: false
                table:
                    input format: org.apache.hadoop.mapred.SequenceFileInputFormat
                    output format: org.apache.hadoop.hive.ql.io.HiveSequenceFileOutputFormat
                    serde: org.apache.hadoop.hive.serde2.lazybinary.LazyBinarySerDe

  Stage: Stage-4
    Map Reduce
      Map Operator Tree:
          TableScan
            alias: src
            Statistics: Num rows: 500 Data size: 5312 Basic stats: COMPLETE Column stats: NONE
            Filter Operator
              predicate: ((UDFToDouble(key) % 3.0) = 2.0) (type: boolean)
              Statistics: Num rows: 250 Data size: 2656 Basic stats: COMPLETE Column stats: NONE
              Select Operator
                expressions: key (type: string)
                outputColumnNames: _col0
                Statistics: Num rows: 250 Data size: 2656 Basic stats: COMPLETE Column stats: NONE
                Limit
                  Number of rows: 3
                  Statistics: Num rows: 3 Data size: 30 Basic stats: COMPLETE Column stats: NONE
                  Reduce Output Operator
                    sort order: 
                    Statistics: Num rows: 3 Data size: 30 Basic stats: COMPLETE Column stats: NONE
                    TopN Hash Memory Usage: 0.1
                    value expressions: _col0 (type: string)
      Reduce Operator Tree:
        Select Operator
          expressions: VALUE._col0 (type: string)
          outputColumnNames: _col0
          Statistics: Num rows: 3 Data size: 30 Basic stats: COMPLETE Column stats: NONE
          Limit
            Number of rows: 3
            Statistics: Num rows: 3 Data size: 30 Basic stats: COMPLETE Column stats: NONE
            Select Operator
              expressions: _col0 (type: string), 2 (type: int)
              outputColumnNames: _col0, _col1
              Statistics: Num rows: 3 Data size: 30 Basic stats: COMPLETE Column stats: NONE
              File Output Operator
                compressed: false
                table:
                    input format: org.apache.hadoop.mapred.SequenceFileInputFormat
                    output format: org.apache.hadoop.hive.ql.io.HiveSequenceFileOutputFormat
                    serde: org.apache.hadoop.hive.serde2.lazybinary.LazyBinarySerDe

  Stage: Stage-0
    Fetch Operator
      limit: -1
      Processor Tree:
        ListSink

PREHOOK: query: select * from (select key, 0 as value from src where key % 3 == 0 limit 3)a
union all
select * from (select key, 1 as value from src where key % 3 == 1 limit 3)b
union all
select * from (select key, 2 as value from src where key % 3 == 2 limit 3)c
PREHOOK: type: QUERY
PREHOOK: Input: default@src
#### A masked pattern was here ####
POSTHOOK: query: select * from (select key, 0 as value from src where key % 3 == 0 limit 3)a
union all
select * from (select key, 1 as value from src where key % 3 == 1 limit 3)b
union all
select * from (select key, 2 as value from src where key % 3 == 2 limit 3)c
POSTHOOK: type: QUERY
POSTHOOK: Input: default@src
#### A masked pattern was here ####
165	0
238	1
255	0
27	0
278	2
311	2
409	1
484	1
86	2
PREHOOK: query: explain
select * from (select s1.key as k, s2.value as v from src s1 join src s2 on (s1.key = s2.key) limit 10)a
union all
select * from (select s1.key as k, s2.value as v from src s1 join src s2 on (s1.key = s2.key) limit 10)b
PREHOOK: type: QUERY
POSTHOOK: query: explain
select * from (select s1.key as k, s2.value as v from src s1 join src s2 on (s1.key = s2.key) limit 10)a
union all
select * from (select s1.key as k, s2.value as v from src s1 join src s2 on (s1.key = s2.key) limit 10)b
POSTHOOK: type: QUERY
STAGE DEPENDENCIES:
  Stage-1 is a root stage
  Stage-2 depends on stages: Stage-1
  Stage-3 depends on stages: Stage-2, Stage-6
  Stage-5 is a root stage
  Stage-6 depends on stages: Stage-5
  Stage-0 depends on stages: Stage-3

STAGE PLANS:
  Stage: Stage-1
    Map Reduce
      Map Operator Tree:
          TableScan
            alias: s2
            Statistics: Num rows: 500 Data size: 5312 Basic stats: COMPLETE Column stats: NONE
            Filter Operator
              predicate: key is not null (type: boolean)
              Statistics: Num rows: 500 Data size: 5312 Basic stats: COMPLETE Column stats: NONE
              Select Operator
                expressions: key (type: string), value (type: string)
                outputColumnNames: _col0, _col1
                Statistics: Num rows: 500 Data size: 5312 Basic stats: COMPLETE Column stats: NONE
                Reduce Output Operator
                  key expressions: _col0 (type: string)
                  sort order: +
                  Map-reduce partition columns: _col0 (type: string)
                  Statistics: Num rows: 500 Data size: 5312 Basic stats: COMPLETE Column stats: NONE
                  value expressions: _col1 (type: string)
          TableScan
            alias: s1
            Statistics: Num rows: 500 Data size: 5312 Basic stats: COMPLETE Column stats: NONE
            Filter Operator
              predicate: key is not null (type: boolean)
              Statistics: Num rows: 500 Data size: 5312 Basic stats: COMPLETE Column stats: NONE
              Select Operator
                expressions: key (type: string)
                outputColumnNames: _col0
                Statistics: Num rows: 500 Data size: 5312 Basic stats: COMPLETE Column stats: NONE
                Reduce Output Operator
                  key expressions: _col0 (type: string)
                  sort order: +
                  Map-reduce partition columns: _col0 (type: string)
                  Statistics: Num rows: 500 Data size: 5312 Basic stats: COMPLETE Column stats: NONE
      Reduce Operator Tree:
        Join Operator
          condition map:
               Inner Join 0 to 1
          keys:
            0 _col0 (type: string)
            1 _col0 (type: string)
          outputColumnNames: _col1, _col2
          Statistics: Num rows: 550 Data size: 5843 Basic stats: COMPLETE Column stats: NONE
          Select Operator
            expressions: _col2 (type: string), _col1 (type: string)
            outputColumnNames: _col0, _col1
            Statistics: Num rows: 550 Data size: 5843 Basic stats: COMPLETE Column stats: NONE
            Limit
              Number of rows: 10
              Statistics: Num rows: 10 Data size: 100 Basic stats: COMPLETE Column stats: NONE
              File Output Operator
                compressed: false
                table:
                    input format: org.apache.hadoop.mapred.SequenceFileInputFormat
                    output format: org.apache.hadoop.hive.ql.io.HiveSequenceFileOutputFormat
                    serde: org.apache.hadoop.hive.serde2.lazybinary.LazyBinarySerDe

  Stage: Stage-2
    Map Reduce
      Map Operator Tree:
          TableScan
            Reduce Output Operator
              sort order: 
              Statistics: Num rows: 10 Data size: 100 Basic stats: COMPLETE Column stats: NONE
              TopN Hash Memory Usage: 0.1
              value expressions: _col0 (type: string), _col1 (type: string)
      Reduce Operator Tree:
        Select Operator
          expressions: VALUE._col0 (type: string), VALUE._col1 (type: string)
          outputColumnNames: _col0, _col1
          Statistics: Num rows: 10 Data size: 100 Basic stats: COMPLETE Column stats: NONE
          Limit
            Number of rows: 10
            Statistics: Num rows: 10 Data size: 100 Basic stats: COMPLETE Column stats: NONE
            File Output Operator
              compressed: false
              table:
                  input format: org.apache.hadoop.mapred.SequenceFileInputFormat
                  output format: org.apache.hadoop.hive.ql.io.HiveSequenceFileOutputFormat
                  serde: org.apache.hadoop.hive.serde2.lazybinary.LazyBinarySerDe

  Stage: Stage-3
    Map Reduce
      Map Operator Tree:
          TableScan
            Union
              Statistics: Num rows: 20 Data size: 200 Basic stats: COMPLETE Column stats: NONE
              File Output Operator
                compressed: false
                Statistics: Num rows: 20 Data size: 200 Basic stats: COMPLETE Column stats: NONE
                table:
                    input format: org.apache.hadoop.mapred.SequenceFileInputFormat
                    output format: org.apache.hadoop.hive.ql.io.HiveSequenceFileOutputFormat
                    serde: org.apache.hadoop.hive.serde2.lazy.LazySimpleSerDe
          TableScan
            Union
              Statistics: Num rows: 20 Data size: 200 Basic stats: COMPLETE Column stats: NONE
              File Output Operator
                compressed: false
                Statistics: Num rows: 20 Data size: 200 Basic stats: COMPLETE Column stats: NONE
                table:
                    input format: org.apache.hadoop.mapred.SequenceFileInputFormat
                    output format: org.apache.hadoop.hive.ql.io.HiveSequenceFileOutputFormat
                    serde: org.apache.hadoop.hive.serde2.lazy.LazySimpleSerDe

  Stage: Stage-5
    Map Reduce
      Map Operator Tree:
          TableScan
            alias: s2
            Statistics: Num rows: 500 Data size: 5312 Basic stats: COMPLETE Column stats: NONE
            Filter Operator
              predicate: key is not null (type: boolean)
              Statistics: Num rows: 500 Data size: 5312 Basic stats: COMPLETE Column stats: NONE
              Select Operator
                expressions: key (type: string), value (type: string)
                outputColumnNames: _col0, _col1
                Statistics: Num rows: 500 Data size: 5312 Basic stats: COMPLETE Column stats: NONE
                Reduce Output Operator
                  key expressions: _col0 (type: string)
                  sort order: +
                  Map-reduce partition columns: _col0 (type: string)
                  Statistics: Num rows: 500 Data size: 5312 Basic stats: COMPLETE Column stats: NONE
                  value expressions: _col1 (type: string)
          TableScan
            alias: s1
            Statistics: Num rows: 500 Data size: 5312 Basic stats: COMPLETE Column stats: NONE
            Filter Operator
              predicate: key is not null (type: boolean)
              Statistics: Num rows: 500 Data size: 5312 Basic stats: COMPLETE Column stats: NONE
              Select Operator
                expressions: key (type: string)
                outputColumnNames: _col0
                Statistics: Num rows: 500 Data size: 5312 Basic stats: COMPLETE Column stats: NONE
                Reduce Output Operator
                  key expressions: _col0 (type: string)
                  sort order: +
                  Map-reduce partition columns: _col0 (type: string)
                  Statistics: Num rows: 500 Data size: 5312 Basic stats: COMPLETE Column stats: NONE
      Reduce Operator Tree:
        Join Operator
          condition map:
               Inner Join 0 to 1
          keys:
            0 _col0 (type: string)
            1 _col0 (type: string)
          outputColumnNames: _col1, _col2
          Statistics: Num rows: 550 Data size: 5843 Basic stats: COMPLETE Column stats: NONE
          Select Operator
            expressions: _col2 (type: string), _col1 (type: string)
            outputColumnNames: _col0, _col1
            Statistics: Num rows: 550 Data size: 5843 Basic stats: COMPLETE Column stats: NONE
            Limit
              Number of rows: 10
              Statistics: Num rows: 10 Data size: 100 Basic stats: COMPLETE Column stats: NONE
              File Output Operator
                compressed: false
                table:
                    input format: org.apache.hadoop.mapred.SequenceFileInputFormat
                    output format: org.apache.hadoop.hive.ql.io.HiveSequenceFileOutputFormat
                    serde: org.apache.hadoop.hive.serde2.lazybinary.LazyBinarySerDe

  Stage: Stage-6
    Map Reduce
      Map Operator Tree:
          TableScan
            Reduce Output Operator
              sort order: 
              Statistics: Num rows: 10 Data size: 100 Basic stats: COMPLETE Column stats: NONE
              TopN Hash Memory Usage: 0.1
              value expressions: _col0 (type: string), _col1 (type: string)
      Reduce Operator Tree:
        Select Operator
          expressions: VALUE._col0 (type: string), VALUE._col1 (type: string)
          outputColumnNames: _col0, _col1
          Statistics: Num rows: 10 Data size: 100 Basic stats: COMPLETE Column stats: NONE
          Limit
            Number of rows: 10
            Statistics: Num rows: 10 Data size: 100 Basic stats: COMPLETE Column stats: NONE
            File Output Operator
              compressed: false
              table:
                  input format: org.apache.hadoop.mapred.SequenceFileInputFormat
                  output format: org.apache.hadoop.hive.ql.io.HiveSequenceFileOutputFormat
                  serde: org.apache.hadoop.hive.serde2.lazybinary.LazyBinarySerDe

  Stage: Stage-0
    Fetch Operator
      limit: -1
      Processor Tree:
        ListSink

PREHOOK: query: select * from (select s1.key as k, s2.value as v from src s1 join src s2 on (s1.key = s2.key) limit 10)a
union all
select * from (select s1.key as k, s2.value as v from src s1 join src s2 on (s1.key = s2.key) limit 10)b
PREHOOK: type: QUERY
PREHOOK: Input: default@src
#### A masked pattern was here ####
POSTHOOK: query: select * from (select s1.key as k, s2.value as v from src s1 join src s2 on (s1.key = s2.key) limit 10)a
union all
select * from (select s1.key as k, s2.value as v from src s1 join src s2 on (s1.key = s2.key) limit 10)b
POSTHOOK: type: QUERY
POSTHOOK: Input: default@src
#### A masked pattern was here ####
0	val_0
0	val_0
0	val_0
0	val_0
0	val_0
0	val_0
0	val_0
0	val_0
0	val_0
0	val_0
0	val_0
0	val_0
0	val_0
0	val_0
0	val_0
0	val_0
0	val_0
0	val_0
10	val_10
10	val_10
PREHOOK: query: -- ctas
explain
create table union_top as
select * from (select key, 0 as value from src where key % 3 == 0 limit 3)a
union all
select * from (select key, 1 as value from src where key % 3 == 1 limit 3)b
union all
select * from (select key, 2 as value from src where key % 3 == 2 limit 3)c
PREHOOK: type: CREATETABLE_AS_SELECT
POSTHOOK: query: -- ctas
explain
create table union_top as
select * from (select key, 0 as value from src where key % 3 == 0 limit 3)a
union all
select * from (select key, 1 as value from src where key % 3 == 1 limit 3)b
union all
select * from (select key, 2 as value from src where key % 3 == 2 limit 3)c
POSTHOOK: type: CREATETABLE_AS_SELECT
STAGE DEPENDENCIES:
  Stage-1 is a root stage
  Stage-2 depends on stages: Stage-1, Stage-9, Stage-10
  Stage-8 depends on stages: Stage-2 , consists of Stage-5, Stage-4, Stage-6
  Stage-5
  Stage-0 depends on stages: Stage-5, Stage-4, Stage-7
  Stage-11 depends on stages: Stage-0
  Stage-3 depends on stages: Stage-11
  Stage-4
  Stage-6
  Stage-7 depends on stages: Stage-6
  Stage-9 is a root stage
  Stage-10 is a root stage

STAGE PLANS:
  Stage: Stage-1
    Map Reduce
      Map Operator Tree:
          TableScan
            alias: src
            Statistics: Num rows: 500 Data size: 5312 Basic stats: COMPLETE Column stats: NONE
            Filter Operator
              predicate: ((UDFToDouble(key) % 3.0) = 0.0) (type: boolean)
              Statistics: Num rows: 250 Data size: 2656 Basic stats: COMPLETE Column stats: NONE
              Select Operator
                expressions: key (type: string)
                outputColumnNames: _col0
                Statistics: Num rows: 250 Data size: 2656 Basic stats: COMPLETE Column stats: NONE
                Limit
                  Number of rows: 3
                  Statistics: Num rows: 3 Data size: 30 Basic stats: COMPLETE Column stats: NONE
                  Reduce Output Operator
                    sort order: 
                    Statistics: Num rows: 3 Data size: 30 Basic stats: COMPLETE Column stats: NONE
                    TopN Hash Memory Usage: 0.1
                    value expressions: _col0 (type: string)
      Reduce Operator Tree:
        Select Operator
          expressions: VALUE._col0 (type: string)
          outputColumnNames: _col0
          Statistics: Num rows: 3 Data size: 30 Basic stats: COMPLETE Column stats: NONE
          Limit
            Number of rows: 3
            Statistics: Num rows: 3 Data size: 30 Basic stats: COMPLETE Column stats: NONE
            Select Operator
              expressions: _col0 (type: string), 0 (type: int)
              outputColumnNames: _col0, _col1
              Statistics: Num rows: 3 Data size: 30 Basic stats: COMPLETE Column stats: NONE
              File Output Operator
                compressed: false
                table:
                    input format: org.apache.hadoop.mapred.SequenceFileInputFormat
                    output format: org.apache.hadoop.hive.ql.io.HiveSequenceFileOutputFormat
                    serde: org.apache.hadoop.hive.serde2.lazybinary.LazyBinarySerDe

  Stage: Stage-2
    Map Reduce
      Map Operator Tree:
          TableScan
            Union
              Statistics: Num rows: 9 Data size: 90 Basic stats: COMPLETE Column stats: NONE
              File Output Operator
                compressed: false
                Statistics: Num rows: 9 Data size: 90 Basic stats: COMPLETE Column stats: NONE
                table:
                    input format: org.apache.hadoop.mapred.TextInputFormat
                    output format: org.apache.hadoop.hive.ql.io.HiveIgnoreKeyTextOutputFormat
                    serde: org.apache.hadoop.hive.serde2.lazy.LazySimpleSerDe
                    name: default.union_top
          TableScan
            Union
              Statistics: Num rows: 9 Data size: 90 Basic stats: COMPLETE Column stats: NONE
              File Output Operator
                compressed: false
                Statistics: Num rows: 9 Data size: 90 Basic stats: COMPLETE Column stats: NONE
                table:
                    input format: org.apache.hadoop.mapred.TextInputFormat
                    output format: org.apache.hadoop.hive.ql.io.HiveIgnoreKeyTextOutputFormat
                    serde: org.apache.hadoop.hive.serde2.lazy.LazySimpleSerDe
                    name: default.union_top
          TableScan
            Union
              Statistics: Num rows: 9 Data size: 90 Basic stats: COMPLETE Column stats: NONE
              File Output Operator
                compressed: false
                Statistics: Num rows: 9 Data size: 90 Basic stats: COMPLETE Column stats: NONE
                table:
                    input format: org.apache.hadoop.mapred.TextInputFormat
                    output format: org.apache.hadoop.hive.ql.io.HiveIgnoreKeyTextOutputFormat
                    serde: org.apache.hadoop.hive.serde2.lazy.LazySimpleSerDe
                    name: default.union_top

  Stage: Stage-8
    Conditional Operator

  Stage: Stage-5
    Move Operator
      files:
          hdfs directory: true
#### A masked pattern was here ####

  Stage: Stage-0
    Move Operator
      files:
          hdfs directory: true
#### A masked pattern was here ####

  Stage: Stage-11
      Create Table Operator:
        Create Table
          columns: key string, value int
          input format: org.apache.hadoop.mapred.TextInputFormat
          output format: org.apache.hadoop.hive.ql.io.IgnoreKeyTextOutputFormat
          serde name: org.apache.hadoop.hive.serde2.lazy.LazySimpleSerDe
          name: default.union_top

  Stage: Stage-3
    Stats-Aggr Operator

  Stage: Stage-4
    Map Reduce
      Map Operator Tree:
          TableScan
            File Output Operator
              compressed: false
              table:
                  input format: org.apache.hadoop.mapred.TextInputFormat
                  output format: org.apache.hadoop.hive.ql.io.HiveIgnoreKeyTextOutputFormat
                  serde: org.apache.hadoop.hive.serde2.lazy.LazySimpleSerDe
                  name: default.union_top

  Stage: Stage-6
    Map Reduce
      Map Operator Tree:
          TableScan
            File Output Operator
              compressed: false
              table:
                  input format: org.apache.hadoop.mapred.TextInputFormat
                  output format: org.apache.hadoop.hive.ql.io.HiveIgnoreKeyTextOutputFormat
                  serde: org.apache.hadoop.hive.serde2.lazy.LazySimpleSerDe
                  name: default.union_top

  Stage: Stage-7
    Move Operator
      files:
          hdfs directory: true
#### A masked pattern was here ####

  Stage: Stage-9
    Map Reduce
      Map Operator Tree:
          TableScan
            alias: src
            Statistics: Num rows: 500 Data size: 5312 Basic stats: COMPLETE Column stats: NONE
            Filter Operator
              predicate: ((UDFToDouble(key) % 3.0) = 1.0) (type: boolean)
              Statistics: Num rows: 250 Data size: 2656 Basic stats: COMPLETE Column stats: NONE
              Select Operator
                expressions: key (type: string)
                outputColumnNames: _col0
                Statistics: Num rows: 250 Data size: 2656 Basic stats: COMPLETE Column stats: NONE
                Limit
                  Number of rows: 3
                  Statistics: Num rows: 3 Data size: 30 Basic stats: COMPLETE Column stats: NONE
                  Reduce Output Operator
                    sort order: 
                    Statistics: Num rows: 3 Data size: 30 Basic stats: COMPLETE Column stats: NONE
                    TopN Hash Memory Usage: 0.1
                    value expressions: _col0 (type: string)
      Reduce Operator Tree:
        Select Operator
          expressions: VALUE._col0 (type: string)
          outputColumnNames: _col0
          Statistics: Num rows: 3 Data size: 30 Basic stats: COMPLETE Column stats: NONE
          Limit
            Number of rows: 3
            Statistics: Num rows: 3 Data size: 30 Basic stats: COMPLETE Column stats: NONE
            Select Operator
              expressions: _col0 (type: string), 1 (type: int)
              outputColumnNames: _col0, _col1
              Statistics: Num rows: 3 Data size: 30 Basic stats: COMPLETE Column stats: NONE
              File Output Operator
                compressed: false
                table:
                    input format: org.apache.hadoop.mapred.SequenceFileInputFormat
                    output format: org.apache.hadoop.hive.ql.io.HiveSequenceFileOutputFormat
                    serde: org.apache.hadoop.hive.serde2.lazybinary.LazyBinarySerDe

  Stage: Stage-10
    Map Reduce
      Map Operator Tree:
          TableScan
            alias: src
            Statistics: Num rows: 500 Data size: 5312 Basic stats: COMPLETE Column stats: NONE
            Filter Operator
              predicate: ((UDFToDouble(key) % 3.0) = 2.0) (type: boolean)
              Statistics: Num rows: 250 Data size: 2656 Basic stats: COMPLETE Column stats: NONE
              Select Operator
                expressions: key (type: string)
                outputColumnNames: _col0
                Statistics: Num rows: 250 Data size: 2656 Basic stats: COMPLETE Column stats: NONE
                Limit
                  Number of rows: 3
                  Statistics: Num rows: 3 Data size: 30 Basic stats: COMPLETE Column stats: NONE
                  Reduce Output Operator
                    sort order: 
                    Statistics: Num rows: 3 Data size: 30 Basic stats: COMPLETE Column stats: NONE
                    TopN Hash Memory Usage: 0.1
                    value expressions: _col0 (type: string)
      Reduce Operator Tree:
        Select Operator
          expressions: VALUE._col0 (type: string)
          outputColumnNames: _col0
          Statistics: Num rows: 3 Data size: 30 Basic stats: COMPLETE Column stats: NONE
          Limit
            Number of rows: 3
            Statistics: Num rows: 3 Data size: 30 Basic stats: COMPLETE Column stats: NONE
            Select Operator
              expressions: _col0 (type: string), 2 (type: int)
              outputColumnNames: _col0, _col1
              Statistics: Num rows: 3 Data size: 30 Basic stats: COMPLETE Column stats: NONE
              File Output Operator
                compressed: false
                table:
                    input format: org.apache.hadoop.mapred.SequenceFileInputFormat
                    output format: org.apache.hadoop.hive.ql.io.HiveSequenceFileOutputFormat
                    serde: org.apache.hadoop.hive.serde2.lazybinary.LazyBinarySerDe

PREHOOK: query: create table union_top as
select * from (select key, 0 as value from src where key % 3 == 0 limit 3)a
union all
select * from (select key, 1 as value from src where key % 3 == 1 limit 3)b
union all
select * from (select key, 2 as value from src where key % 3 == 2 limit 3)c
PREHOOK: type: CREATETABLE_AS_SELECT
PREHOOK: Input: default@src
PREHOOK: Output: database:default
PREHOOK: Output: default@union_top
POSTHOOK: query: create table union_top as
select * from (select key, 0 as value from src where key % 3 == 0 limit 3)a
union all
select * from (select key, 1 as value from src where key % 3 == 1 limit 3)b
union all
select * from (select key, 2 as value from src where key % 3 == 2 limit 3)c
POSTHOOK: type: CREATETABLE_AS_SELECT
POSTHOOK: Input: default@src
POSTHOOK: Output: database:default
POSTHOOK: Output: default@union_top
POSTHOOK: Lineage: union_top.key EXPRESSION [(src)src.FieldSchema(name:key, type:string, comment:default), ]
POSTHOOK: Lineage: union_top.value EXPRESSION []
PREHOOK: query: select * from union_top
PREHOOK: type: QUERY
PREHOOK: Input: default@union_top
#### A masked pattern was here ####
POSTHOOK: query: select * from union_top
POSTHOOK: type: QUERY
POSTHOOK: Input: default@union_top
#### A masked pattern was here ####
165	0
238	1
255	0
27	0
278	2
311	2
409	1
484	1
86	2
PREHOOK: query: truncate table union_top
PREHOOK: type: TRUNCATETABLE
PREHOOK: Output: default@union_top
POSTHOOK: query: truncate table union_top
POSTHOOK: type: TRUNCATETABLE
POSTHOOK: Output: default@union_top
PREHOOK: query: -- insert into
explain
insert into table union_top
select * from (select key, 0 as value from src where key % 3 == 0 limit 3)a
union all
select * from (select key, 1 as value from src where key % 3 == 1 limit 3)b
union all
select * from (select key, 2 as value from src where key % 3 == 2 limit 3)c
PREHOOK: type: QUERY
POSTHOOK: query: -- insert into
explain
insert into table union_top
select * from (select key, 0 as value from src where key % 3 == 0 limit 3)a
union all
select * from (select key, 1 as value from src where key % 3 == 1 limit 3)b
union all
select * from (select key, 2 as value from src where key % 3 == 2 limit 3)c
POSTHOOK: type: QUERY
STAGE DEPENDENCIES:
  Stage-1 is a root stage
  Stage-2 depends on stages: Stage-1, Stage-9, Stage-10
  Stage-8 depends on stages: Stage-2 , consists of Stage-5, Stage-4, Stage-6
  Stage-5
  Stage-0 depends on stages: Stage-5, Stage-4, Stage-7
  Stage-3 depends on stages: Stage-0
  Stage-4
  Stage-6
  Stage-7 depends on stages: Stage-6
  Stage-9 is a root stage
  Stage-10 is a root stage

STAGE PLANS:
  Stage: Stage-1
    Map Reduce
      Map Operator Tree:
          TableScan
            alias: src
            Statistics: Num rows: 500 Data size: 5312 Basic stats: COMPLETE Column stats: NONE
            Filter Operator
              predicate: ((UDFToDouble(key) % 3.0) = 0.0) (type: boolean)
              Statistics: Num rows: 250 Data size: 2656 Basic stats: COMPLETE Column stats: NONE
              Select Operator
                expressions: key (type: string)
                outputColumnNames: _col0
                Statistics: Num rows: 250 Data size: 2656 Basic stats: COMPLETE Column stats: NONE
                Limit
                  Number of rows: 3
                  Statistics: Num rows: 3 Data size: 30 Basic stats: COMPLETE Column stats: NONE
                  Reduce Output Operator
                    sort order: 
                    Statistics: Num rows: 3 Data size: 30 Basic stats: COMPLETE Column stats: NONE
                    TopN Hash Memory Usage: 0.1
                    value expressions: _col0 (type: string)
      Reduce Operator Tree:
        Select Operator
          expressions: VALUE._col0 (type: string)
          outputColumnNames: _col0
          Statistics: Num rows: 3 Data size: 30 Basic stats: COMPLETE Column stats: NONE
          Limit
            Number of rows: 3
            Statistics: Num rows: 3 Data size: 30 Basic stats: COMPLETE Column stats: NONE
            Select Operator
              expressions: _col0 (type: string), 0 (type: int)
              outputColumnNames: _col0, _col1
              Statistics: Num rows: 3 Data size: 30 Basic stats: COMPLETE Column stats: NONE
              File Output Operator
                compressed: false
                table:
                    input format: org.apache.hadoop.mapred.SequenceFileInputFormat
                    output format: org.apache.hadoop.hive.ql.io.HiveSequenceFileOutputFormat
                    serde: org.apache.hadoop.hive.serde2.lazybinary.LazyBinarySerDe

  Stage: Stage-2
    Map Reduce
      Map Operator Tree:
          TableScan
            Union
              Statistics: Num rows: 9 Data size: 90 Basic stats: COMPLETE Column stats: NONE
              File Output Operator
                compressed: false
                Statistics: Num rows: 9 Data size: 90 Basic stats: COMPLETE Column stats: NONE
                table:
                    input format: org.apache.hadoop.mapred.TextInputFormat
                    output format: org.apache.hadoop.hive.ql.io.HiveIgnoreKeyTextOutputFormat
                    serde: org.apache.hadoop.hive.serde2.lazy.LazySimpleSerDe
                    name: default.union_top
          TableScan
            Union
              Statistics: Num rows: 9 Data size: 90 Basic stats: COMPLETE Column stats: NONE
              File Output Operator
                compressed: false
                Statistics: Num rows: 9 Data size: 90 Basic stats: COMPLETE Column stats: NONE
                table:
                    input format: org.apache.hadoop.mapred.TextInputFormat
                    output format: org.apache.hadoop.hive.ql.io.HiveIgnoreKeyTextOutputFormat
                    serde: org.apache.hadoop.hive.serde2.lazy.LazySimpleSerDe
                    name: default.union_top
          TableScan
            Union
              Statistics: Num rows: 9 Data size: 90 Basic stats: COMPLETE Column stats: NONE
              File Output Operator
                compressed: false
                Statistics: Num rows: 9 Data size: 90 Basic stats: COMPLETE Column stats: NONE
                table:
                    input format: org.apache.hadoop.mapred.TextInputFormat
                    output format: org.apache.hadoop.hive.ql.io.HiveIgnoreKeyTextOutputFormat
                    serde: org.apache.hadoop.hive.serde2.lazy.LazySimpleSerDe
                    name: default.union_top

  Stage: Stage-8
    Conditional Operator

  Stage: Stage-5
    Move Operator
      files:
          hdfs directory: true
#### A masked pattern was here ####

  Stage: Stage-0
    Move Operator
      tables:
          replace: false
          table:
              input format: org.apache.hadoop.mapred.TextInputFormat
              output format: org.apache.hadoop.hive.ql.io.HiveIgnoreKeyTextOutputFormat
              serde: org.apache.hadoop.hive.serde2.lazy.LazySimpleSerDe
              name: default.union_top

  Stage: Stage-3
    Stats-Aggr Operator

  Stage: Stage-4
    Map Reduce
      Map Operator Tree:
          TableScan
            File Output Operator
              compressed: false
              table:
                  input format: org.apache.hadoop.mapred.TextInputFormat
                  output format: org.apache.hadoop.hive.ql.io.HiveIgnoreKeyTextOutputFormat
                  serde: org.apache.hadoop.hive.serde2.lazy.LazySimpleSerDe
                  name: default.union_top

  Stage: Stage-6
    Map Reduce
      Map Operator Tree:
          TableScan
            File Output Operator
              compressed: false
              table:
                  input format: org.apache.hadoop.mapred.TextInputFormat
                  output format: org.apache.hadoop.hive.ql.io.HiveIgnoreKeyTextOutputFormat
                  serde: org.apache.hadoop.hive.serde2.lazy.LazySimpleSerDe
                  name: default.union_top

  Stage: Stage-7
    Move Operator
      files:
          hdfs directory: true
#### A masked pattern was here ####

  Stage: Stage-9
    Map Reduce
      Map Operator Tree:
          TableScan
            alias: src
            Statistics: Num rows: 500 Data size: 5312 Basic stats: COMPLETE Column stats: NONE
            Filter Operator
              predicate: ((UDFToDouble(key) % 3.0) = 1.0) (type: boolean)
              Statistics: Num rows: 250 Data size: 2656 Basic stats: COMPLETE Column stats: NONE
              Select Operator
                expressions: key (type: string)
                outputColumnNames: _col0
                Statistics: Num rows: 250 Data size: 2656 Basic stats: COMPLETE Column stats: NONE
                Limit
                  Number of rows: 3
                  Statistics: Num rows: 3 Data size: 30 Basic stats: COMPLETE Column stats: NONE
                  Reduce Output Operator
                    sort order: 
                    Statistics: Num rows: 3 Data size: 30 Basic stats: COMPLETE Column stats: NONE
                    TopN Hash Memory Usage: 0.1
                    value expressions: _col0 (type: string)
      Reduce Operator Tree:
        Select Operator
          expressions: VALUE._col0 (type: string)
          outputColumnNames: _col0
          Statistics: Num rows: 3 Data size: 30 Basic stats: COMPLETE Column stats: NONE
          Limit
            Number of rows: 3
            Statistics: Num rows: 3 Data size: 30 Basic stats: COMPLETE Column stats: NONE
            Select Operator
              expressions: _col0 (type: string), 1 (type: int)
              outputColumnNames: _col0, _col1
              Statistics: Num rows: 3 Data size: 30 Basic stats: COMPLETE Column stats: NONE
              File Output Operator
                compressed: false
                table:
                    input format: org.apache.hadoop.mapred.SequenceFileInputFormat
                    output format: org.apache.hadoop.hive.ql.io.HiveSequenceFileOutputFormat
                    serde: org.apache.hadoop.hive.serde2.lazybinary.LazyBinarySerDe

  Stage: Stage-10
    Map Reduce
      Map Operator Tree:
          TableScan
            alias: src
            Statistics: Num rows: 500 Data size: 5312 Basic stats: COMPLETE Column stats: NONE
            Filter Operator
              predicate: ((UDFToDouble(key) % 3.0) = 2.0) (type: boolean)
              Statistics: Num rows: 250 Data size: 2656 Basic stats: COMPLETE Column stats: NONE
              Select Operator
                expressions: key (type: string)
                outputColumnNames: _col0
                Statistics: Num rows: 250 Data size: 2656 Basic stats: COMPLETE Column stats: NONE
                Limit
                  Number of rows: 3
                  Statistics: Num rows: 3 Data size: 30 Basic stats: COMPLETE Column stats: NONE
                  Reduce Output Operator
                    sort order: 
                    Statistics: Num rows: 3 Data size: 30 Basic stats: COMPLETE Column stats: NONE
                    TopN Hash Memory Usage: 0.1
                    value expressions: _col0 (type: string)
      Reduce Operator Tree:
        Select Operator
          expressions: VALUE._col0 (type: string)
          outputColumnNames: _col0
          Statistics: Num rows: 3 Data size: 30 Basic stats: COMPLETE Column stats: NONE
          Limit
            Number of rows: 3
            Statistics: Num rows: 3 Data size: 30 Basic stats: COMPLETE Column stats: NONE
            Select Operator
              expressions: _col0 (type: string), 2 (type: int)
              outputColumnNames: _col0, _col1
              Statistics: Num rows: 3 Data size: 30 Basic stats: COMPLETE Column stats: NONE
              File Output Operator
                compressed: false
                table:
                    input format: org.apache.hadoop.mapred.SequenceFileInputFormat
                    output format: org.apache.hadoop.hive.ql.io.HiveSequenceFileOutputFormat
                    serde: org.apache.hadoop.hive.serde2.lazybinary.LazyBinarySerDe

PREHOOK: query: insert into table union_top
select * from (select key, 0 as value from src where key % 3 == 0 limit 3)a
union all
select * from (select key, 1 as value from src where key % 3 == 1 limit 3)b
union all
select * from (select key, 2 as value from src where key % 3 == 2 limit 3)c
PREHOOK: type: QUERY
PREHOOK: Input: default@src
PREHOOK: Output: default@union_top
POSTHOOK: query: insert into table union_top
select * from (select key, 0 as value from src where key % 3 == 0 limit 3)a
union all
select * from (select key, 1 as value from src where key % 3 == 1 limit 3)b
union all
select * from (select key, 2 as value from src where key % 3 == 2 limit 3)c
POSTHOOK: type: QUERY
POSTHOOK: Input: default@src
POSTHOOK: Output: default@union_top
POSTHOOK: Lineage: union_top.key EXPRESSION [(src)src.FieldSchema(name:key, type:string, comment:default), ]
POSTHOOK: Lineage: union_top.value EXPRESSION []
PREHOOK: query: select * from union_top
PREHOOK: type: QUERY
PREHOOK: Input: default@union_top
#### A masked pattern was here ####
POSTHOOK: query: select * from union_top
POSTHOOK: type: QUERY
POSTHOOK: Input: default@union_top
#### A masked pattern was here ####
165	0
238	1
255	0
27	0
278	2
311	2
409	1
484	1
86	2
PREHOOK: query: explain
insert overwrite table union_top
select * from (select key, 0 as value from src where key % 3 == 0 limit 3)a
union all
select * from (select key, 1 as value from src where key % 3 == 1 limit 3)b
union all
select * from (select key, 2 as value from src where key % 3 == 2 limit 3)c
PREHOOK: type: QUERY
POSTHOOK: query: explain
insert overwrite table union_top
select * from (select key, 0 as value from src where key % 3 == 0 limit 3)a
union all
select * from (select key, 1 as value from src where key % 3 == 1 limit 3)b
union all
select * from (select key, 2 as value from src where key % 3 == 2 limit 3)c
POSTHOOK: type: QUERY
STAGE DEPENDENCIES:
  Stage-1 is a root stage
  Stage-2 depends on stages: Stage-1, Stage-9, Stage-10
  Stage-8 depends on stages: Stage-2 , consists of Stage-5, Stage-4, Stage-6
  Stage-5
  Stage-0 depends on stages: Stage-5, Stage-4, Stage-7
  Stage-3 depends on stages: Stage-0
  Stage-4
  Stage-6
  Stage-7 depends on stages: Stage-6
  Stage-9 is a root stage
  Stage-10 is a root stage

STAGE PLANS:
  Stage: Stage-1
    Map Reduce
      Map Operator Tree:
          TableScan
            alias: src
            Statistics: Num rows: 500 Data size: 5312 Basic stats: COMPLETE Column stats: NONE
            Filter Operator
              predicate: ((UDFToDouble(key) % 3.0) = 0.0) (type: boolean)
              Statistics: Num rows: 250 Data size: 2656 Basic stats: COMPLETE Column stats: NONE
              Select Operator
                expressions: key (type: string)
                outputColumnNames: _col0
                Statistics: Num rows: 250 Data size: 2656 Basic stats: COMPLETE Column stats: NONE
                Limit
                  Number of rows: 3
                  Statistics: Num rows: 3 Data size: 30 Basic stats: COMPLETE Column stats: NONE
                  Reduce Output Operator
                    sort order: 
                    Statistics: Num rows: 3 Data size: 30 Basic stats: COMPLETE Column stats: NONE
                    TopN Hash Memory Usage: 0.1
                    value expressions: _col0 (type: string)
      Reduce Operator Tree:
        Select Operator
          expressions: VALUE._col0 (type: string)
          outputColumnNames: _col0
          Statistics: Num rows: 3 Data size: 30 Basic stats: COMPLETE Column stats: NONE
          Limit
            Number of rows: 3
            Statistics: Num rows: 3 Data size: 30 Basic stats: COMPLETE Column stats: NONE
            Select Operator
              expressions: _col0 (type: string), 0 (type: int)
              outputColumnNames: _col0, _col1
              Statistics: Num rows: 3 Data size: 30 Basic stats: COMPLETE Column stats: NONE
              File Output Operator
                compressed: false
                table:
                    input format: org.apache.hadoop.mapred.SequenceFileInputFormat
                    output format: org.apache.hadoop.hive.ql.io.HiveSequenceFileOutputFormat
                    serde: org.apache.hadoop.hive.serde2.lazybinary.LazyBinarySerDe

  Stage: Stage-2
    Map Reduce
      Map Operator Tree:
          TableScan
            Union
              Statistics: Num rows: 9 Data size: 90 Basic stats: COMPLETE Column stats: NONE
              File Output Operator
                compressed: false
                Statistics: Num rows: 9 Data size: 90 Basic stats: COMPLETE Column stats: NONE
                table:
                    input format: org.apache.hadoop.mapred.TextInputFormat
                    output format: org.apache.hadoop.hive.ql.io.HiveIgnoreKeyTextOutputFormat
                    serde: org.apache.hadoop.hive.serde2.lazy.LazySimpleSerDe
                    name: default.union_top
          TableScan
            Union
              Statistics: Num rows: 9 Data size: 90 Basic stats: COMPLETE Column stats: NONE
              File Output Operator
                compressed: false
                Statistics: Num rows: 9 Data size: 90 Basic stats: COMPLETE Column stats: NONE
                table:
                    input format: org.apache.hadoop.mapred.TextInputFormat
                    output format: org.apache.hadoop.hive.ql.io.HiveIgnoreKeyTextOutputFormat
                    serde: org.apache.hadoop.hive.serde2.lazy.LazySimpleSerDe
                    name: default.union_top
          TableScan
            Union
              Statistics: Num rows: 9 Data size: 90 Basic stats: COMPLETE Column stats: NONE
              File Output Operator
                compressed: false
                Statistics: Num rows: 9 Data size: 90 Basic stats: COMPLETE Column stats: NONE
                table:
                    input format: org.apache.hadoop.mapred.TextInputFormat
                    output format: org.apache.hadoop.hive.ql.io.HiveIgnoreKeyTextOutputFormat
                    serde: org.apache.hadoop.hive.serde2.lazy.LazySimpleSerDe
                    name: default.union_top

  Stage: Stage-8
    Conditional Operator

  Stage: Stage-5
    Move Operator
      files:
          hdfs directory: true
#### A masked pattern was here ####

  Stage: Stage-0
    Move Operator
      tables:
          replace: true
          table:
              input format: org.apache.hadoop.mapred.TextInputFormat
              output format: org.apache.hadoop.hive.ql.io.HiveIgnoreKeyTextOutputFormat
              serde: org.apache.hadoop.hive.serde2.lazy.LazySimpleSerDe
              name: default.union_top

  Stage: Stage-3
    Stats-Aggr Operator

  Stage: Stage-4
    Map Reduce
      Map Operator Tree:
          TableScan
            File Output Operator
              compressed: false
              table:
                  input format: org.apache.hadoop.mapred.TextInputFormat
                  output format: org.apache.hadoop.hive.ql.io.HiveIgnoreKeyTextOutputFormat
                  serde: org.apache.hadoop.hive.serde2.lazy.LazySimpleSerDe
                  name: default.union_top

  Stage: Stage-6
    Map Reduce
      Map Operator Tree:
          TableScan
            File Output Operator
              compressed: false
              table:
                  input format: org.apache.hadoop.mapred.TextInputFormat
                  output format: org.apache.hadoop.hive.ql.io.HiveIgnoreKeyTextOutputFormat
                  serde: org.apache.hadoop.hive.serde2.lazy.LazySimpleSerDe
                  name: default.union_top

  Stage: Stage-7
    Move Operator
      files:
          hdfs directory: true
#### A masked pattern was here ####

  Stage: Stage-9
    Map Reduce
      Map Operator Tree:
          TableScan
            alias: src
            Statistics: Num rows: 500 Data size: 5312 Basic stats: COMPLETE Column stats: NONE
            Filter Operator
              predicate: ((UDFToDouble(key) % 3.0) = 1.0) (type: boolean)
              Statistics: Num rows: 250 Data size: 2656 Basic stats: COMPLETE Column stats: NONE
              Select Operator
                expressions: key (type: string)
                outputColumnNames: _col0
                Statistics: Num rows: 250 Data size: 2656 Basic stats: COMPLETE Column stats: NONE
                Limit
                  Number of rows: 3
                  Statistics: Num rows: 3 Data size: 30 Basic stats: COMPLETE Column stats: NONE
                  Reduce Output Operator
                    sort order: 
                    Statistics: Num rows: 3 Data size: 30 Basic stats: COMPLETE Column stats: NONE
                    TopN Hash Memory Usage: 0.1
                    value expressions: _col0 (type: string)
      Reduce Operator Tree:
        Select Operator
          expressions: VALUE._col0 (type: string)
          outputColumnNames: _col0
          Statistics: Num rows: 3 Data size: 30 Basic stats: COMPLETE Column stats: NONE
          Limit
            Number of rows: 3
            Statistics: Num rows: 3 Data size: 30 Basic stats: COMPLETE Column stats: NONE
            Select Operator
              expressions: _col0 (type: string), 1 (type: int)
              outputColumnNames: _col0, _col1
              Statistics: Num rows: 3 Data size: 30 Basic stats: COMPLETE Column stats: NONE
              File Output Operator
                compressed: false
                table:
                    input format: org.apache.hadoop.mapred.SequenceFileInputFormat
                    output format: org.apache.hadoop.hive.ql.io.HiveSequenceFileOutputFormat
                    serde: org.apache.hadoop.hive.serde2.lazybinary.LazyBinarySerDe

  Stage: Stage-10
    Map Reduce
      Map Operator Tree:
          TableScan
            alias: src
            Statistics: Num rows: 500 Data size: 5312 Basic stats: COMPLETE Column stats: NONE
            Filter Operator
              predicate: ((UDFToDouble(key) % 3.0) = 2.0) (type: boolean)
              Statistics: Num rows: 250 Data size: 2656 Basic stats: COMPLETE Column stats: NONE
              Select Operator
                expressions: key (type: string)
                outputColumnNames: _col0
                Statistics: Num rows: 250 Data size: 2656 Basic stats: COMPLETE Column stats: NONE
                Limit
                  Number of rows: 3
                  Statistics: Num rows: 3 Data size: 30 Basic stats: COMPLETE Column stats: NONE
                  Reduce Output Operator
                    sort order: 
                    Statistics: Num rows: 3 Data size: 30 Basic stats: COMPLETE Column stats: NONE
                    TopN Hash Memory Usage: 0.1
                    value expressions: _col0 (type: string)
      Reduce Operator Tree:
        Select Operator
          expressions: VALUE._col0 (type: string)
          outputColumnNames: _col0
          Statistics: Num rows: 3 Data size: 30 Basic stats: COMPLETE Column stats: NONE
          Limit
            Number of rows: 3
            Statistics: Num rows: 3 Data size: 30 Basic stats: COMPLETE Column stats: NONE
            Select Operator
              expressions: _col0 (type: string), 2 (type: int)
              outputColumnNames: _col0, _col1
              Statistics: Num rows: 3 Data size: 30 Basic stats: COMPLETE Column stats: NONE
              File Output Operator
                compressed: false
                table:
                    input format: org.apache.hadoop.mapred.SequenceFileInputFormat
                    output format: org.apache.hadoop.hive.ql.io.HiveSequenceFileOutputFormat
                    serde: org.apache.hadoop.hive.serde2.lazybinary.LazyBinarySerDe

PREHOOK: query: insert overwrite table union_top
select * from (select key, 0 as value from src where key % 3 == 0 limit 3)a
union all
select * from (select key, 1 as value from src where key % 3 == 1 limit 3)b
union all
select * from (select key, 2 as value from src where key % 3 == 2 limit 3)c
PREHOOK: type: QUERY
PREHOOK: Input: default@src
PREHOOK: Output: default@union_top
POSTHOOK: query: insert overwrite table union_top
select * from (select key, 0 as value from src where key % 3 == 0 limit 3)a
union all
select * from (select key, 1 as value from src where key % 3 == 1 limit 3)b
union all
select * from (select key, 2 as value from src where key % 3 == 2 limit 3)c
POSTHOOK: type: QUERY
POSTHOOK: Input: default@src
POSTHOOK: Output: default@union_top
POSTHOOK: Lineage: union_top.key EXPRESSION [(src)src.FieldSchema(name:key, type:string, comment:default), ]
POSTHOOK: Lineage: union_top.value EXPRESSION []
PREHOOK: query: select * from union_top
PREHOOK: type: QUERY
PREHOOK: Input: default@union_top
#### A masked pattern was here ####
POSTHOOK: query: select * from union_top
POSTHOOK: type: QUERY
POSTHOOK: Input: default@union_top
#### A masked pattern was here ####
165	0
238	1
255	0
27	0
278	2
311	2
409	1
484	1
86	2
PREHOOK: query: -- create view
explain
create view union_top_view as
select * from (select key, 0 as value from src where key % 3 == 0 limit 3)a
union all
select * from (select key, 1 as value from src where key % 3 == 1 limit 3)b
union all
select * from (select key, 2 as value from src where key % 3 == 2 limit 3)c
PREHOOK: type: CREATEVIEW
POSTHOOK: query: -- create view
explain
create view union_top_view as
select * from (select key, 0 as value from src where key % 3 == 0 limit 3)a
union all
select * from (select key, 1 as value from src where key % 3 == 1 limit 3)b
union all
select * from (select key, 2 as value from src where key % 3 == 2 limit 3)c
POSTHOOK: type: CREATEVIEW
STAGE DEPENDENCIES:
  Stage-0 is a root stage

STAGE PLANS:
  Stage: Stage-0
      Create View Operator:
        Create View
          or replace: false
          columns: key string, value int
          expanded text: select `a`.`key`, `a`.`value` from (select `src`.`key`, 0 as `value` from `default`.`src` where `src`.`key` % 3 == 0 limit 3)`a`
union all
select `b`.`key`, `b`.`value` from (select `src`.`key`, 1 as `value` from `default`.`src` where `src`.`key` % 3 == 1 limit 3)`b`
union all
select `c`.`key`, `c`.`value` from (select `src`.`key`, 2 as `value` from `default`.`src` where `src`.`key` % 3 == 2 limit 3)`c`
          name: default.union_top_view
          original text: select * from (select key, 0 as value from src where key % 3 == 0 limit 3)a
union all
select * from (select key, 1 as value from src where key % 3 == 1 limit 3)b
union all
select * from (select key, 2 as value from src where key % 3 == 2 limit 3)c

PREHOOK: query: create view union_top_view as
select * from (select key, 0 as value from src where key % 3 == 0 limit 3)a
union all
select * from (select key, 1 as value from src where key % 3 == 1 limit 3)b
union all
select * from (select key, 2 as value from src where key % 3 == 2 limit 3)c
PREHOOK: type: CREATEVIEW
PREHOOK: Input: default@src
PREHOOK: Output: database:default
PREHOOK: Output: default@union_top_view
POSTHOOK: query: create view union_top_view as
select * from (select key, 0 as value from src where key % 3 == 0 limit 3)a
union all
select * from (select key, 1 as value from src where key % 3 == 1 limit 3)b
union all
select * from (select key, 2 as value from src where key % 3 == 2 limit 3)c
POSTHOOK: type: CREATEVIEW
POSTHOOK: Input: default@src
POSTHOOK: Output: database:default
POSTHOOK: Output: default@union_top_view
PREHOOK: query: select * from union_top_view
PREHOOK: type: QUERY
PREHOOK: Input: default@src
PREHOOK: Input: default@union_top_view
#### A masked pattern was here ####
POSTHOOK: query: select * from union_top_view
POSTHOOK: type: QUERY
POSTHOOK: Input: default@src
POSTHOOK: Input: default@union_top_view
#### A masked pattern was here ####
165	0
238	1
255	0
27	0
278	2
311	2
409	1
484	1
86	2
PREHOOK: query: drop table union_top
PREHOOK: type: DROPTABLE
PREHOOK: Input: default@union_top
PREHOOK: Output: default@union_top
POSTHOOK: query: drop table union_top
POSTHOOK: type: DROPTABLE
POSTHOOK: Input: default@union_top
POSTHOOK: Output: default@union_top
PREHOOK: query: drop view union_top_view
PREHOOK: type: DROPVIEW
PREHOOK: Input: default@union_top_view
PREHOOK: Output: default@union_top_view
POSTHOOK: query: drop view union_top_view
POSTHOOK: type: DROPVIEW
POSTHOOK: Input: default@union_top_view
POSTHOOK: Output: default@union_top_view
