PREHOOK: query: create table src10_1 (key string, value string)
PREHOOK: type: CREATETABLE
PREHOOK: Output: database:default
PREHOOK: Output: default@src10_1
POSTHOOK: query: create table src10_1 (key string, value string)
POSTHOOK: type: CREATETABLE
POSTHOOK: Output: database:default
POSTHOOK: Output: default@src10_1
PREHOOK: query: create table src10_2 (key string, value string)
PREHOOK: type: CREATETABLE
PREHOOK: Output: database:default
PREHOOK: Output: default@src10_2
POSTHOOK: query: create table src10_2 (key string, value string)
POSTHOOK: type: CREATETABLE
POSTHOOK: Output: database:default
POSTHOOK: Output: default@src10_2
PREHOOK: query: create table src10_3 (key string, value string)
PREHOOK: type: CREATETABLE
PREHOOK: Output: database:default
PREHOOK: Output: default@src10_3
POSTHOOK: query: create table src10_3 (key string, value string)
POSTHOOK: type: CREATETABLE
POSTHOOK: Output: database:default
POSTHOOK: Output: default@src10_3
PREHOOK: query: create table src10_4 (key string, value string)
PREHOOK: type: CREATETABLE
PREHOOK: Output: database:default
PREHOOK: Output: default@src10_4
POSTHOOK: query: create table src10_4 (key string, value string)
POSTHOOK: type: CREATETABLE
POSTHOOK: Output: database:default
POSTHOOK: Output: default@src10_4
PREHOOK: query: from (select * from src tablesample (10 rows)) a
insert overwrite table src10_1 select *
insert overwrite table src10_2 select *
insert overwrite table src10_3 select *
insert overwrite table src10_4 select *
PREHOOK: type: QUERY
PREHOOK: Input: default@src
PREHOOK: Output: default@src10_1
PREHOOK: Output: default@src10_2
PREHOOK: Output: default@src10_3
PREHOOK: Output: default@src10_4
POSTHOOK: query: from (select * from src tablesample (10 rows)) a
insert overwrite table src10_1 select *
insert overwrite table src10_2 select *
insert overwrite table src10_3 select *
insert overwrite table src10_4 select *
POSTHOOK: type: QUERY
POSTHOOK: Input: default@src
POSTHOOK: Output: default@src10_1
POSTHOOK: Output: default@src10_2
POSTHOOK: Output: default@src10_3
POSTHOOK: Output: default@src10_4
POSTHOOK: Lineage: src10_1.key SIMPLE [(src)src.FieldSchema(name:key, type:string, comment:default), ]
POSTHOOK: Lineage: src10_1.value SIMPLE [(src)src.FieldSchema(name:value, type:string, comment:default), ]
POSTHOOK: Lineage: src10_2.key SIMPLE [(src)src.FieldSchema(name:key, type:string, comment:default), ]
POSTHOOK: Lineage: src10_2.value SIMPLE [(src)src.FieldSchema(name:value, type:string, comment:default), ]
POSTHOOK: Lineage: src10_3.key SIMPLE [(src)src.FieldSchema(name:key, type:string, comment:default), ]
POSTHOOK: Lineage: src10_3.value SIMPLE [(src)src.FieldSchema(name:value, type:string, comment:default), ]
POSTHOOK: Lineage: src10_4.key SIMPLE [(src)src.FieldSchema(name:key, type:string, comment:default), ]
POSTHOOK: Lineage: src10_4.value SIMPLE [(src)src.FieldSchema(name:value, type:string, comment:default), ]
PREHOOK: query: explain
SELECT * FROM (
  SELECT sub1.key,sub1.value FROM (SELECT * FROM src10_1) sub1 JOIN (SELECT * FROM src10_2) sub0 ON (sub0.key = sub1.key)
  UNION ALL
  SELECT key,value FROM (SELECT * FROM (SELECT * FROM src10_3) sub2 UNION ALL SELECT * FROM src10_4 ) alias0
) alias1
PREHOOK: type: QUERY
POSTHOOK: query: explain
SELECT * FROM (
  SELECT sub1.key,sub1.value FROM (SELECT * FROM src10_1) sub1 JOIN (SELECT * FROM src10_2) sub0 ON (sub0.key = sub1.key)
  UNION ALL
  SELECT key,value FROM (SELECT * FROM (SELECT * FROM src10_3) sub2 UNION ALL SELECT * FROM src10_4 ) alias0
) alias1
POSTHOOK: type: QUERY
STAGE DEPENDENCIES:
  Stage-7 is a root stage
  Stage-2 depends on stages: Stage-7
  Stage-0 depends on stages: Stage-2

STAGE PLANS:
  Stage: Stage-7
    Map Reduce Local Work
      Alias -> Map Local Tables:
        null-subquery1:$hdt$_0-subquery1:$hdt$_0:src10_1 
          Fetch Operator
            limit: -1
      Alias -> Map Local Operator Tree:
        null-subquery1:$hdt$_0-subquery1:$hdt$_0:src10_1 
          TableScan
            alias: src10_1
            Statistics: Num rows: 10 Data size: 104 Basic stats: COMPLETE Column stats: NONE
            Filter Operator
              predicate: key is not null (type: boolean)
              Statistics: Num rows: 10 Data size: 104 Basic stats: COMPLETE Column stats: NONE
              Select Operator
                expressions: key (type: string), value (type: string)
                outputColumnNames: _col0, _col1
                Statistics: Num rows: 10 Data size: 104 Basic stats: COMPLETE Column stats: NONE
                HashTable Sink Operator
                  keys:
                    0 _col0 (type: string)
                    1 _col0 (type: string)

  Stage: Stage-2
    Map Reduce
      Map Operator Tree:
          TableScan
            alias: src10_3
            Statistics: Num rows: 10 Data size: 104 Basic stats: COMPLETE Column stats: NONE
            Select Operator
              expressions: key (type: string), value (type: string)
              outputColumnNames: _col0, _col1
              Statistics: Num rows: 10 Data size: 104 Basic stats: COMPLETE Column stats: NONE
              Union
                Statistics: Num rows: 31 Data size: 322 Basic stats: COMPLETE Column stats: NONE
                File Output Operator
                  compressed: false
                  Statistics: Num rows: 31 Data size: 322 Basic stats: COMPLETE Column stats: NONE
                  table:
                      input format: org.apache.hadoop.mapred.SequenceFileInputFormat
                      output format: org.apache.hadoop.hive.ql.io.HiveSequenceFileOutputFormat
                      serde: org.apache.hadoop.hive.serde2.lazy.LazySimpleSerDe
          TableScan
            alias: src10_4
            Statistics: Num rows: 10 Data size: 104 Basic stats: COMPLETE Column stats: NONE
            Select Operator
              expressions: key (type: string), value (type: string)
              outputColumnNames: _col0, _col1
              Statistics: Num rows: 10 Data size: 104 Basic stats: COMPLETE Column stats: NONE
              Union
                Statistics: Num rows: 31 Data size: 322 Basic stats: COMPLETE Column stats: NONE
                File Output Operator
                  compressed: false
                  Statistics: Num rows: 31 Data size: 322 Basic stats: COMPLETE Column stats: NONE
                  table:
                      input format: org.apache.hadoop.mapred.SequenceFileInputFormat
                      output format: org.apache.hadoop.hive.ql.io.HiveSequenceFileOutputFormat
                      serde: org.apache.hadoop.hive.serde2.lazy.LazySimpleSerDe
          TableScan
            alias: src10_2
            Statistics: Num rows: 10 Data size: 104 Basic stats: COMPLETE Column stats: NONE
            Filter Operator
              predicate: key is not null (type: boolean)
              Statistics: Num rows: 10 Data size: 104 Basic stats: COMPLETE Column stats: NONE
              Select Operator
                expressions: key (type: string)
                outputColumnNames: _col0
                Statistics: Num rows: 10 Data size: 104 Basic stats: COMPLETE Column stats: NONE
                Map Join Operator
                  condition map:
                       Inner Join 0 to 1
                  keys:
                    0 _col0 (type: string)
                    1 _col0 (type: string)
                  outputColumnNames: _col0, _col1
                  Statistics: Num rows: 11 Data size: 114 Basic stats: COMPLETE Column stats: NONE
                  Union
                    Statistics: Num rows: 31 Data size: 322 Basic stats: COMPLETE Column stats: NONE
                    File Output Operator
                      compressed: false
                      Statistics: Num rows: 31 Data size: 322 Basic stats: COMPLETE Column stats: NONE
                      table:
                          input format: org.apache.hadoop.mapred.SequenceFileInputFormat
                          output format: org.apache.hadoop.hive.ql.io.HiveSequenceFileOutputFormat
                          serde: org.apache.hadoop.hive.serde2.lazy.LazySimpleSerDe
      Local Work:
        Map Reduce Local Work

  Stage: Stage-0
    Fetch Operator
      limit: -1
      Processor Tree:
        ListSink

PREHOOK: query: SELECT * FROM (
  SELECT sub1.key,sub1.value FROM (SELECT * FROM src10_1) sub1 JOIN (SELECT * FROM src10_2) sub0 ON (sub0.key = sub1.key)
  UNION ALL
  SELECT key,value FROM (SELECT * FROM (SELECT * FROM src10_3) sub2 UNION ALL SELECT * FROM src10_4 ) alias0
) alias1
PREHOOK: type: QUERY
PREHOOK: Input: default@src10_1
PREHOOK: Input: default@src10_2
PREHOOK: Input: default@src10_3
PREHOOK: Input: default@src10_4
#### A masked pattern was here ####
POSTHOOK: query: SELECT * FROM (
  SELECT sub1.key,sub1.value FROM (SELECT * FROM src10_1) sub1 JOIN (SELECT * FROM src10_2) sub0 ON (sub0.key = sub1.key)
  UNION ALL
  SELECT key,value FROM (SELECT * FROM (SELECT * FROM src10_3) sub2 UNION ALL SELECT * FROM src10_4 ) alias0
) alias1
POSTHOOK: type: QUERY
POSTHOOK: Input: default@src10_1
POSTHOOK: Input: default@src10_2
POSTHOOK: Input: default@src10_3
POSTHOOK: Input: default@src10_4
#### A masked pattern was here ####
165	val_165
165	val_165
165	val_165
238	val_238
238	val_238
238	val_238
255	val_255
255	val_255
255	val_255
27	val_27
27	val_27
27	val_27
278	val_278
278	val_278
278	val_278
311	val_311
311	val_311
311	val_311
409	val_409
409	val_409
409	val_409
484	val_484
484	val_484
484	val_484
86	val_86
86	val_86
86	val_86
98	val_98
98	val_98
98	val_98
PREHOOK: query: explain
SELECT * FROM (
  SELECT sub1.key,sub1.value FROM (SELECT * FROM src10_1) sub1 JOIN (SELECT * FROM src10_2) sub0 ON (sub0.key = sub1.key)
  UNION ALL
  SELECT key,value FROM (SELECT * FROM (SELECT * FROM src10_3) sub2 UNION ALL SELECT * FROM src10_4 ) alias0
) alias1
PREHOOK: type: QUERY
POSTHOOK: query: explain
SELECT * FROM (
  SELECT sub1.key,sub1.value FROM (SELECT * FROM src10_1) sub1 JOIN (SELECT * FROM src10_2) sub0 ON (sub0.key = sub1.key)
  UNION ALL
  SELECT key,value FROM (SELECT * FROM (SELECT * FROM src10_3) sub2 UNION ALL SELECT * FROM src10_4 ) alias0
) alias1
POSTHOOK: type: QUERY
STAGE DEPENDENCIES:
  Stage-1 is a root stage
  Stage-2 depends on stages: Stage-1
  Stage-0 depends on stages: Stage-2

STAGE PLANS:
  Stage: Stage-1
    Map Reduce
      Map Operator Tree:
          TableScan
            alias: src10_1
            Statistics: Num rows: 10 Data size: 104 Basic stats: COMPLETE Column stats: NONE
            Filter Operator
              predicate: key is not null (type: boolean)
              Statistics: Num rows: 10 Data size: 104 Basic stats: COMPLETE Column stats: NONE
              Select Operator
                expressions: key (type: string), value (type: string)
                outputColumnNames: _col0, _col1
                Statistics: Num rows: 10 Data size: 104 Basic stats: COMPLETE Column stats: NONE
                Reduce Output Operator
                  key expressions: _col0 (type: string)
                  sort order: +
                  Map-reduce partition columns: _col0 (type: string)
                  Statistics: Num rows: 10 Data size: 104 Basic stats: COMPLETE Column stats: NONE
                  value expressions: _col1 (type: string)
          TableScan
            alias: src10_2
            Statistics: Num rows: 10 Data size: 104 Basic stats: COMPLETE Column stats: NONE
            Filter Operator
              predicate: key is not null (type: boolean)
              Statistics: Num rows: 10 Data size: 104 Basic stats: COMPLETE Column stats: NONE
              Select Operator
                expressions: key (type: string)
                outputColumnNames: _col0
                Statistics: Num rows: 10 Data size: 104 Basic stats: COMPLETE Column stats: NONE
                Reduce Output Operator
                  key expressions: _col0 (type: string)
                  sort order: +
                  Map-reduce partition columns: _col0 (type: string)
                  Statistics: Num rows: 10 Data size: 104 Basic stats: COMPLETE Column stats: NONE
      Reduce Operator Tree:
        Join Operator
          condition map:
               Inner Join 0 to 1
          keys:
            0 _col0 (type: string)
            1 _col0 (type: string)
          outputColumnNames: _col0, _col1
          Statistics: Num rows: 11 Data size: 114 Basic stats: COMPLETE Column stats: NONE
          File Output Operator
            compressed: false
            table:
                input format: org.apache.hadoop.mapred.SequenceFileInputFormat
                output format: org.apache.hadoop.hive.ql.io.HiveSequenceFileOutputFormat
                serde: org.apache.hadoop.hive.serde2.lazybinary.LazyBinarySerDe

  Stage: Stage-2
    Map Reduce
      Map Operator Tree:
          TableScan
            Union
              Statistics: Num rows: 31 Data size: 322 Basic stats: COMPLETE Column stats: NONE
              File Output Operator
                compressed: false
                Statistics: Num rows: 31 Data size: 322 Basic stats: COMPLETE Column stats: NONE
                table:
                    input format: org.apache.hadoop.mapred.SequenceFileInputFormat
                    output format: org.apache.hadoop.hive.ql.io.HiveSequenceFileOutputFormat
                    serde: org.apache.hadoop.hive.serde2.lazy.LazySimpleSerDe
          TableScan
            alias: src10_3
            Statistics: Num rows: 10 Data size: 104 Basic stats: COMPLETE Column stats: NONE
            Select Operator
              expressions: key (type: string), value (type: string)
              outputColumnNames: _col0, _col1
              Statistics: Num rows: 10 Data size: 104 Basic stats: COMPLETE Column stats: NONE
              Union
                Statistics: Num rows: 31 Data size: 322 Basic stats: COMPLETE Column stats: NONE
                File Output Operator
                  compressed: false
                  Statistics: Num rows: 31 Data size: 322 Basic stats: COMPLETE Column stats: NONE
                  table:
                      input format: org.apache.hadoop.mapred.SequenceFileInputFormat
                      output format: org.apache.hadoop.hive.ql.io.HiveSequenceFileOutputFormat
                      serde: org.apache.hadoop.hive.serde2.lazy.LazySimpleSerDe
          TableScan
            alias: src10_4
            Statistics: Num rows: 10 Data size: 104 Basic stats: COMPLETE Column stats: NONE
            Select Operator
              expressions: key (type: string), value (type: string)
              outputColumnNames: _col0, _col1
              Statistics: Num rows: 10 Data size: 104 Basic stats: COMPLETE Column stats: NONE
              Union
                Statistics: Num rows: 31 Data size: 322 Basic stats: COMPLETE Column stats: NONE
                File Output Operator
                  compressed: false
                  Statistics: Num rows: 31 Data size: 322 Basic stats: COMPLETE Column stats: NONE
                  table:
                      input format: org.apache.hadoop.mapred.SequenceFileInputFormat
                      output format: org.apache.hadoop.hive.ql.io.HiveSequenceFileOutputFormat
                      serde: org.apache.hadoop.hive.serde2.lazy.LazySimpleSerDe

  Stage: Stage-0
    Fetch Operator
      limit: -1
      Processor Tree:
        ListSink

PREHOOK: query: SELECT * FROM (
  SELECT sub1.key,sub1.value FROM (SELECT * FROM src10_1) sub1 JOIN (SELECT * FROM src10_2) sub0 ON (sub0.key = sub1.key)
  UNION ALL
  SELECT key,value FROM (SELECT * FROM (SELECT * FROM src10_3) sub2 UNION ALL SELECT * FROM src10_4 ) alias0
) alias1
PREHOOK: type: QUERY
PREHOOK: Input: default@src10_1
PREHOOK: Input: default@src10_2
PREHOOK: Input: default@src10_3
PREHOOK: Input: default@src10_4
#### A masked pattern was here ####
POSTHOOK: query: SELECT * FROM (
  SELECT sub1.key,sub1.value FROM (SELECT * FROM src10_1) sub1 JOIN (SELECT * FROM src10_2) sub0 ON (sub0.key = sub1.key)
  UNION ALL
  SELECT key,value FROM (SELECT * FROM (SELECT * FROM src10_3) sub2 UNION ALL SELECT * FROM src10_4 ) alias0
) alias1
POSTHOOK: type: QUERY
POSTHOOK: Input: default@src10_1
POSTHOOK: Input: default@src10_2
POSTHOOK: Input: default@src10_3
POSTHOOK: Input: default@src10_4
#### A masked pattern was here ####
165	val_165
165	val_165
165	val_165
238	val_238
238	val_238
238	val_238
255	val_255
255	val_255
255	val_255
27	val_27
27	val_27
27	val_27
278	val_278
278	val_278
278	val_278
311	val_311
311	val_311
311	val_311
409	val_409
409	val_409
409	val_409
484	val_484
484	val_484
484	val_484
86	val_86
86	val_86
86	val_86
98	val_98
98	val_98
98	val_98
