PREHOOK: query: explain 
select 'tst1' as key, count(1) as value from src s1
UNION ALL
select key, value from (select 'tst2' as key, count(1) as value from src s2 UNION ALL select 'tst3' as key, count(1) as value from src s3) s4
order by 1
PREHOOK: type: QUERY
POSTHOOK: query: explain 
select 'tst1' as key, count(1) as value from src s1
UNION ALL
select key, value from (select 'tst2' as key, count(1) as value from src s2 UNION ALL select 'tst3' as key, count(1) as value from src s3) s4
order by 1
POSTHOOK: type: QUERY
STAGE DEPENDENCIES:
  Stage-1 is a root stage
  Stage-2 depends on stages: Stage-1, Stage-3, Stage-4
  Stage-3 is a root stage
  Stage-4 is a root stage
  Stage-0 depends on stages: Stage-2

STAGE PLANS:
  Stage: Stage-1
    Map Reduce
      Map Operator Tree:
          TableScan
            alias: s1
            Statistics: Num rows: 500 Data size: 5312 Basic stats: COMPLETE Column stats: COMPLETE
            Select Operator
              Statistics: Num rows: 500 Data size: 5312 Basic stats: COMPLETE Column stats: COMPLETE
              Group By Operator
                aggregations: count()
                mode: hash
                outputColumnNames: _col0
                Statistics: Num rows: 1 Data size: 8 Basic stats: COMPLETE Column stats: COMPLETE
                Reduce Output Operator
                  sort order: 
                  Statistics: Num rows: 1 Data size: 8 Basic stats: COMPLETE Column stats: COMPLETE
                  value expressions: _col0 (type: bigint)
      Reduce Operator Tree:
        Group By Operator
          aggregations: count(VALUE._col0)
          mode: mergepartial
          outputColumnNames: _col0
          Statistics: Num rows: 1 Data size: 8 Basic stats: COMPLETE Column stats: COMPLETE
          Select Operator
            expressions: 'tst1' (type: string), _col0 (type: bigint)
            outputColumnNames: _col0, _col1
            Statistics: Num rows: 1 Data size: 96 Basic stats: COMPLETE Column stats: COMPLETE
            File Output Operator
              compressed: false
              table:
                  input format: org.apache.hadoop.mapred.SequenceFileInputFormat
                  output format: org.apache.hadoop.hive.ql.io.HiveSequenceFileOutputFormat
                  serde: org.apache.hadoop.hive.serde2.lazybinary.LazyBinarySerDe

  Stage: Stage-2
    Map Reduce
      Map Operator Tree:
          TableScan
            Union
              Statistics: Num rows: 3 Data size: 288 Basic stats: COMPLETE Column stats: COMPLETE
              Reduce Output Operator
                key expressions: _col0 (type: string)
                sort order: +
                Statistics: Num rows: 3 Data size: 288 Basic stats: COMPLETE Column stats: COMPLETE
                value expressions: _col1 (type: bigint)
          TableScan
            Union
              Statistics: Num rows: 3 Data size: 288 Basic stats: COMPLETE Column stats: COMPLETE
              Reduce Output Operator
                key expressions: _col0 (type: string)
                sort order: +
                Statistics: Num rows: 3 Data size: 288 Basic stats: COMPLETE Column stats: COMPLETE
                value expressions: _col1 (type: bigint)
          TableScan
            Union
              Statistics: Num rows: 3 Data size: 288 Basic stats: COMPLETE Column stats: COMPLETE
              Reduce Output Operator
                key expressions: _col0 (type: string)
                sort order: +
                Statistics: Num rows: 3 Data size: 288 Basic stats: COMPLETE Column stats: COMPLETE
                value expressions: _col1 (type: bigint)
      Reduce Operator Tree:
        Select Operator
          expressions: KEY.reducesinkkey0 (type: string), VALUE._col0 (type: bigint)
          outputColumnNames: _col0, _col1
          Statistics: Num rows: 3 Data size: 288 Basic stats: COMPLETE Column stats: COMPLETE
          File Output Operator
            compressed: false
            Statistics: Num rows: 3 Data size: 288 Basic stats: COMPLETE Column stats: COMPLETE
            table:
                input format: org.apache.hadoop.mapred.SequenceFileInputFormat
                output format: org.apache.hadoop.hive.ql.io.HiveSequenceFileOutputFormat
                serde: org.apache.hadoop.hive.serde2.lazy.LazySimpleSerDe

  Stage: Stage-3
    Map Reduce
      Map Operator Tree:
          TableScan
            alias: s2
            Statistics: Num rows: 500 Data size: 5312 Basic stats: COMPLETE Column stats: COMPLETE
            Select Operator
              Statistics: Num rows: 500 Data size: 5312 Basic stats: COMPLETE Column stats: COMPLETE
              Group By Operator
                aggregations: count()
                mode: hash
                outputColumnNames: _col0
                Statistics: Num rows: 1 Data size: 8 Basic stats: COMPLETE Column stats: COMPLETE
                Reduce Output Operator
                  sort order: 
                  Statistics: Num rows: 1 Data size: 8 Basic stats: COMPLETE Column stats: COMPLETE
                  value expressions: _col0 (type: bigint)
      Reduce Operator Tree:
        Group By Operator
          aggregations: count(VALUE._col0)
          mode: mergepartial
          outputColumnNames: _col0
          Statistics: Num rows: 1 Data size: 8 Basic stats: COMPLETE Column stats: COMPLETE
          Select Operator
            expressions: 'tst2' (type: string), _col0 (type: bigint)
            outputColumnNames: _col0, _col1
            Statistics: Num rows: 1 Data size: 96 Basic stats: COMPLETE Column stats: COMPLETE
            File Output Operator
              compressed: false
              table:
                  input format: org.apache.hadoop.mapred.SequenceFileInputFormat
                  output format: org.apache.hadoop.hive.ql.io.HiveSequenceFileOutputFormat
                  serde: org.apache.hadoop.hive.serde2.lazybinary.LazyBinarySerDe

  Stage: Stage-4
    Map Reduce
      Map Operator Tree:
          TableScan
            alias: s3
            Statistics: Num rows: 500 Data size: 5312 Basic stats: COMPLETE Column stats: COMPLETE
            Select Operator
              Statistics: Num rows: 500 Data size: 5312 Basic stats: COMPLETE Column stats: COMPLETE
              Group By Operator
                aggregations: count()
                mode: hash
                outputColumnNames: _col0
                Statistics: Num rows: 1 Data size: 8 Basic stats: COMPLETE Column stats: COMPLETE
                Reduce Output Operator
                  sort order: 
                  Statistics: Num rows: 1 Data size: 8 Basic stats: COMPLETE Column stats: COMPLETE
                  value expressions: _col0 (type: bigint)
      Reduce Operator Tree:
        Group By Operator
          aggregations: count(VALUE._col0)
          mode: mergepartial
          outputColumnNames: _col0
          Statistics: Num rows: 1 Data size: 8 Basic stats: COMPLETE Column stats: COMPLETE
          Select Operator
            expressions: 'tst3' (type: string), _col0 (type: bigint)
            outputColumnNames: _col0, _col1
            Statistics: Num rows: 1 Data size: 96 Basic stats: COMPLETE Column stats: COMPLETE
            File Output Operator
              compressed: false
              table:
                  input format: org.apache.hadoop.mapred.SequenceFileInputFormat
                  output format: org.apache.hadoop.hive.ql.io.HiveSequenceFileOutputFormat
                  serde: org.apache.hadoop.hive.serde2.lazybinary.LazyBinarySerDe

  Stage: Stage-0
    Fetch Operator
      limit: -1
      Processor Tree:
        ListSink

PREHOOK: query: select 'tst1' as key, count(1) as value from src s1
UNION ALL
select key, value from (select 'tst2' as key, count(1) as value from src s2 UNION ALL select 'tst3' as key, count(1) as value from src s3) s4
order by 1
PREHOOK: type: QUERY
PREHOOK: Input: default@src
#### A masked pattern was here ####
POSTHOOK: query: select 'tst1' as key, count(1) as value from src s1
UNION ALL
select key, value from (select 'tst2' as key, count(1) as value from src s2 UNION ALL select 'tst3' as key, count(1) as value from src s3) s4
order by 1
POSTHOOK: type: QUERY
POSTHOOK: Input: default@src
#### A masked pattern was here ####
tst1	500
tst2	500
tst3	500
PREHOOK: query: drop table src_10
PREHOOK: type: DROPTABLE
POSTHOOK: query: drop table src_10
POSTHOOK: type: DROPTABLE
PREHOOK: query: create table src_10 as select * from src limit 10
PREHOOK: type: CREATETABLE_AS_SELECT
PREHOOK: Input: default@src
PREHOOK: Output: database:default
PREHOOK: Output: default@src_10
POSTHOOK: query: create table src_10 as select * from src limit 10
POSTHOOK: type: CREATETABLE_AS_SELECT
POSTHOOK: Input: default@src
POSTHOOK: Output: database:default
POSTHOOK: Output: default@src_10
POSTHOOK: Lineage: src_10.key SIMPLE [(src)src.FieldSchema(name:key, type:string, comment:default), ]
POSTHOOK: Lineage: src_10.value SIMPLE [(src)src.FieldSchema(name:value, type:string, comment:default), ]
PREHOOK: query: explain 
select key as value, value as key from src_10
UNION ALL
select 'test', value from src_10 s3
order by 2, 1 desc
PREHOOK: type: QUERY
POSTHOOK: query: explain 
select key as value, value as key from src_10
UNION ALL
select 'test', value from src_10 s3
order by 2, 1 desc
POSTHOOK: type: QUERY
STAGE DEPENDENCIES:
  Stage-1 is a root stage
  Stage-0 depends on stages: Stage-1

STAGE PLANS:
  Stage: Stage-1
    Map Reduce
      Map Operator Tree:
          TableScan
            alias: src_10
            Statistics: Num rows: 10 Data size: 104 Basic stats: COMPLETE Column stats: NONE
            Select Operator
              expressions: key (type: string), value (type: string)
              outputColumnNames: _col0, _col1
              Statistics: Num rows: 10 Data size: 104 Basic stats: COMPLETE Column stats: NONE
              Union
                Statistics: Num rows: 20 Data size: 208 Basic stats: COMPLETE Column stats: NONE
                Reduce Output Operator
                  key expressions: _col1 (type: string), _col0 (type: string)
                  sort order: +-
                  Statistics: Num rows: 20 Data size: 208 Basic stats: COMPLETE Column stats: NONE
          TableScan
            alias: s3
            Statistics: Num rows: 10 Data size: 104 Basic stats: COMPLETE Column stats: NONE
            Select Operator
              expressions: 'test' (type: string), value (type: string)
              outputColumnNames: _col0, _col1
              Statistics: Num rows: 10 Data size: 104 Basic stats: COMPLETE Column stats: NONE
              Union
                Statistics: Num rows: 20 Data size: 208 Basic stats: COMPLETE Column stats: NONE
                Reduce Output Operator
                  key expressions: _col1 (type: string), _col0 (type: string)
                  sort order: +-
                  Statistics: Num rows: 20 Data size: 208 Basic stats: COMPLETE Column stats: NONE
      Reduce Operator Tree:
        Select Operator
          expressions: KEY.reducesinkkey1 (type: string), KEY.reducesinkkey0 (type: string)
          outputColumnNames: _col0, _col1
          Statistics: Num rows: 20 Data size: 208 Basic stats: COMPLETE Column stats: NONE
          File Output Operator
            compressed: false
            Statistics: Num rows: 20 Data size: 208 Basic stats: COMPLETE Column stats: NONE
            table:
                input format: org.apache.hadoop.mapred.SequenceFileInputFormat
                output format: org.apache.hadoop.hive.ql.io.HiveSequenceFileOutputFormat
                serde: org.apache.hadoop.hive.serde2.lazy.LazySimpleSerDe

  Stage: Stage-0
    Fetch Operator
      limit: -1
      Processor Tree:
        ListSink

PREHOOK: query: select key as value, value as key from src_10
UNION ALL
select 'test', value from src_10 s3
order by 2, 1 desc
PREHOOK: type: QUERY
PREHOOK: Input: default@src_10
#### A masked pattern was here ####
POSTHOOK: query: select key as value, value as key from src_10
UNION ALL
select 'test', value from src_10 s3
order by 2, 1 desc
POSTHOOK: type: QUERY
POSTHOOK: Input: default@src_10
#### A masked pattern was here ####
test	val_165
165	val_165
test	val_238
238	val_238
test	val_255
255	val_255
test	val_27
27	val_27
test	val_278
278	val_278
test	val_311
311	val_311
test	val_409
409	val_409
test	val_484
484	val_484
test	val_86
86	val_86
test	val_98
98	val_98
PREHOOK: query: drop table src_10
PREHOOK: type: DROPTABLE
PREHOOK: Input: default@src_10
PREHOOK: Output: default@src_10
POSTHOOK: query: drop table src_10
POSTHOOK: type: DROPTABLE
POSTHOOK: Input: default@src_10
POSTHOOK: Output: default@src_10
PREHOOK: query: drop view v
PREHOOK: type: DROPVIEW
POSTHOOK: query: drop view v
POSTHOOK: type: DROPVIEW
PREHOOK: query: create view v as select key as k from src intersect all select key as k1 from src
PREHOOK: type: CREATEVIEW
PREHOOK: Input: default@src
PREHOOK: Output: database:default
PREHOOK: Output: default@v
POSTHOOK: query: create view v as select key as k from src intersect all select key as k1 from src
POSTHOOK: type: CREATEVIEW
POSTHOOK: Input: default@src
POSTHOOK: Output: database:default
POSTHOOK: Output: default@v
POSTHOOK: Lineage: v.k SCRIPT [(src)src.null, (src)src.FieldSchema(name:key, type:string, comment:default), ]
PREHOOK: query: desc formatted v
PREHOOK: type: DESCTABLE
PREHOOK: Input: default@v
POSTHOOK: query: desc formatted v
POSTHOOK: type: DESCTABLE
POSTHOOK: Input: default@v
# col_name            	data_type           	comment             
k                   	string              	                    
	 	 
# Detailed Table Information	 	 
Database:           	default             	 
#### A masked pattern was here ####
Retention:          	0                   	 
Table Type:         	VIRTUAL_VIEW        	 
Table Parameters:	 	 
#### A masked pattern was here ####
	 	 
# Storage Information	 	 
SerDe Library:      	null                	 
InputFormat:        	org.apache.hadoop.mapred.TextInputFormat	 
OutputFormat:       	org.apache.hadoop.hive.ql.io.HiveIgnoreKeyTextOutputFormat	 
Compressed:         	No                  	 
Num Buckets:        	-1                  	 
Bucket Columns:     	[]                  	 
Sort Columns:       	[]                  	 
	 	 
# View Information	 	 
View Original Text: 	select key as k from src intersect all select key as k1 from src	 
View Expanded Text: 	select `src`.`key` as `k` from `default`.`src` intersect all select `src`.`key` as `k1` from `default`.`src`	 
View Rewrite Enabled:	No                  	 
PREHOOK: query: create table masking_test as select cast(key as int) as key, value from src
PREHOOK: type: CREATETABLE_AS_SELECT
PREHOOK: Input: default@src
PREHOOK: Output: database:default
PREHOOK: Output: default@masking_test
POSTHOOK: query: create table masking_test as select cast(key as int) as key, value from src
POSTHOOK: type: CREATETABLE_AS_SELECT
POSTHOOK: Input: default@src
POSTHOOK: Output: database:default
POSTHOOK: Output: default@masking_test
POSTHOOK: Lineage: masking_test.key EXPRESSION [(src)src.FieldSchema(name:key, type:string, comment:default), ]
POSTHOOK: Lineage: masking_test.value SIMPLE [(src)src.FieldSchema(name:value, type:string, comment:default), ]
PREHOOK: query: explain
select * from masking_test  union all select * from masking_test
PREHOOK: type: QUERY
POSTHOOK: query: explain
select * from masking_test  union all select * from masking_test
POSTHOOK: type: QUERY
STAGE DEPENDENCIES:
  Stage-1 is a root stage
  Stage-0 depends on stages: Stage-1

STAGE PLANS:
  Stage: Stage-1
    Map Reduce
      Map Operator Tree:
          TableScan
            alias: masking_test
            Statistics: Num rows: 500 Data size: 5312 Basic stats: COMPLETE Column stats: NONE
            Filter Operator
              predicate: (((key % 2) = 0) and (key < 10)) (type: boolean)
              Statistics: Num rows: 83 Data size: 881 Basic stats: COMPLETE Column stats: NONE
              Select Operator
                expressions: key (type: int), reverse(value) (type: string)
                outputColumnNames: _col0, _col1
                Statistics: Num rows: 83 Data size: 881 Basic stats: COMPLETE Column stats: NONE
                Union
                  Statistics: Num rows: 166 Data size: 1762 Basic stats: COMPLETE Column stats: NONE
                  File Output Operator
                    compressed: false
                    Statistics: Num rows: 166 Data size: 1762 Basic stats: COMPLETE Column stats: NONE
                    table:
                        input format: org.apache.hadoop.mapred.SequenceFileInputFormat
                        output format: org.apache.hadoop.hive.ql.io.HiveSequenceFileOutputFormat
                        serde: org.apache.hadoop.hive.serde2.lazy.LazySimpleSerDe
          TableScan
            alias: masking_test
            Statistics: Num rows: 500 Data size: 5312 Basic stats: COMPLETE Column stats: NONE
            Filter Operator
              predicate: (((key % 2) = 0) and (key < 10)) (type: boolean)
              Statistics: Num rows: 83 Data size: 881 Basic stats: COMPLETE Column stats: NONE
              Select Operator
                expressions: key (type: int), reverse(value) (type: string)
                outputColumnNames: _col0, _col1
                Statistics: Num rows: 83 Data size: 881 Basic stats: COMPLETE Column stats: NONE
                Union
                  Statistics: Num rows: 166 Data size: 1762 Basic stats: COMPLETE Column stats: NONE
                  File Output Operator
                    compressed: false
                    Statistics: Num rows: 166 Data size: 1762 Basic stats: COMPLETE Column stats: NONE
                    table:
                        input format: org.apache.hadoop.mapred.SequenceFileInputFormat
                        output format: org.apache.hadoop.hive.ql.io.HiveSequenceFileOutputFormat
                        serde: org.apache.hadoop.hive.serde2.lazy.LazySimpleSerDe

  Stage: Stage-0
    Fetch Operator
      limit: -1
      Processor Tree:
        ListSink

PREHOOK: query: select * from masking_test  union all select * from masking_test
PREHOOK: type: QUERY
PREHOOK: Input: default@masking_test
#### A masked pattern was here ####
POSTHOOK: query: select * from masking_test  union all select * from masking_test
POSTHOOK: type: QUERY
POSTHOOK: Input: default@masking_test
#### A masked pattern was here ####
0	0_lav
0	0_lav
4	4_lav
4	4_lav
8	8_lav
8	8_lav
0	0_lav
0	0_lav
0	0_lav
0	0_lav
2	2_lav
2	2_lav
PREHOOK: query: explain
select key as k1, value as v1 from masking_test where key > 0 intersect all select key as k2, value as v2 from masking_test where key > 0
PREHOOK: type: QUERY
POSTHOOK: query: explain
select key as k1, value as v1 from masking_test where key > 0 intersect all select key as k2, value as v2 from masking_test where key > 0
POSTHOOK: type: QUERY
STAGE DEPENDENCIES:
  Stage-1 is a root stage
  Stage-2 depends on stages: Stage-1, Stage-3
  Stage-3 is a root stage
  Stage-0 depends on stages: Stage-2

STAGE PLANS:
  Stage: Stage-1
    Map Reduce
      Map Operator Tree:
          TableScan
            alias: masking_test
            Statistics: Num rows: 500 Data size: 5312 Basic stats: COMPLETE Column stats: NONE
            Filter Operator
              predicate: (((key % 2) = 0) and (key < 10) and (key > 0)) (type: boolean)
              Statistics: Num rows: 27 Data size: 286 Basic stats: COMPLETE Column stats: NONE
              Select Operator
                expressions: key (type: int), reverse(value) (type: string)
                outputColumnNames: _col0, _col1
                Statistics: Num rows: 27 Data size: 286 Basic stats: COMPLETE Column stats: NONE
                Group By Operator
                  aggregations: count()
                  keys: _col0 (type: int), _col1 (type: string)
                  mode: hash
                  outputColumnNames: _col0, _col1, _col2
                  Statistics: Num rows: 27 Data size: 286 Basic stats: COMPLETE Column stats: NONE
                  Reduce Output Operator
                    key expressions: _col0 (type: int), _col1 (type: string)
                    sort order: ++
                    Map-reduce partition columns: _col0 (type: int), _col1 (type: string)
                    Statistics: Num rows: 27 Data size: 286 Basic stats: COMPLETE Column stats: NONE
                    value expressions: _col2 (type: bigint)
      Reduce Operator Tree:
        Group By Operator
          aggregations: count(VALUE._col0)
          keys: KEY._col0 (type: int), KEY._col1 (type: string)
          mode: mergepartial
          outputColumnNames: _col0, _col1, _col2
          Statistics: Num rows: 13 Data size: 137 Basic stats: COMPLETE Column stats: NONE
          File Output Operator
            compressed: false
            table:
                input format: org.apache.hadoop.mapred.SequenceFileInputFormat
                output format: org.apache.hadoop.hive.ql.io.HiveSequenceFileOutputFormat
                serde: org.apache.hadoop.hive.serde2.lazybinary.LazyBinarySerDe

  Stage: Stage-2
    Map Reduce
      Map Operator Tree:
          TableScan
            Union
              Statistics: Num rows: 26 Data size: 274 Basic stats: COMPLETE Column stats: NONE
              Group By Operator
                aggregations: min(_col2), count(_col2)
                keys: _col0 (type: int), _col1 (type: string)
                mode: hash
                outputColumnNames: _col0, _col1, _col2, _col3
                Statistics: Num rows: 26 Data size: 274 Basic stats: COMPLETE Column stats: NONE
                Reduce Output Operator
                  key expressions: _col0 (type: int), _col1 (type: string)
                  sort order: ++
                  Map-reduce partition columns: _col0 (type: int), _col1 (type: string)
                  Statistics: Num rows: 26 Data size: 274 Basic stats: COMPLETE Column stats: NONE
                  value expressions: _col2 (type: bigint), _col3 (type: bigint)
          TableScan
            Union
              Statistics: Num rows: 26 Data size: 274 Basic stats: COMPLETE Column stats: NONE
              Group By Operator
                aggregations: min(_col2), count(_col2)
                keys: _col0 (type: int), _col1 (type: string)
                mode: hash
                outputColumnNames: _col0, _col1, _col2, _col3
                Statistics: Num rows: 26 Data size: 274 Basic stats: COMPLETE Column stats: NONE
                Reduce Output Operator
                  key expressions: _col0 (type: int), _col1 (type: string)
                  sort order: ++
                  Map-reduce partition columns: _col0 (type: int), _col1 (type: string)
                  Statistics: Num rows: 26 Data size: 274 Basic stats: COMPLETE Column stats: NONE
                  value expressions: _col2 (type: bigint), _col3 (type: bigint)
      Reduce Operator Tree:
        Group By Operator
          aggregations: min(VALUE._col0), count(VALUE._col1)
          keys: KEY._col0 (type: int), KEY._col1 (type: string)
          mode: mergepartial
          outputColumnNames: _col0, _col1, _col2, _col3
          Statistics: Num rows: 13 Data size: 137 Basic stats: COMPLETE Column stats: NONE
          Filter Operator
            predicate: (_col3 = 2L) (type: boolean)
            Statistics: Num rows: 1 Data size: 10 Basic stats: COMPLETE Column stats: NONE
            Select Operator
              expressions: _col2 (type: bigint), _col0 (type: int), _col1 (type: string)
              outputColumnNames: _col0, _col1, _col2
              Statistics: Num rows: 1 Data size: 10 Basic stats: COMPLETE Column stats: NONE
              UDTF Operator
                Statistics: Num rows: 1 Data size: 10 Basic stats: COMPLETE Column stats: NONE
                function name: UDTFReplicateRows
                Select Operator
                  expressions: col1 (type: int), col2 (type: string)
                  outputColumnNames: _col0, _col1
                  Statistics: Num rows: 1 Data size: 10 Basic stats: COMPLETE Column stats: NONE
                  File Output Operator
                    compressed: false
                    Statistics: Num rows: 1 Data size: 10 Basic stats: COMPLETE Column stats: NONE
                    table:
                        input format: org.apache.hadoop.mapred.SequenceFileInputFormat
                        output format: org.apache.hadoop.hive.ql.io.HiveSequenceFileOutputFormat
                        serde: org.apache.hadoop.hive.serde2.lazy.LazySimpleSerDe

  Stage: Stage-3
    Map Reduce
      Map Operator Tree:
          TableScan
            alias: masking_test
            Statistics: Num rows: 500 Data size: 5312 Basic stats: COMPLETE Column stats: NONE
            Filter Operator
              predicate: (((key % 2) = 0) and (key < 10) and (key > 0)) (type: boolean)
              Statistics: Num rows: 27 Data size: 286 Basic stats: COMPLETE Column stats: NONE
              Select Operator
                expressions: key (type: int), reverse(value) (type: string)
                outputColumnNames: _col0, _col1
                Statistics: Num rows: 27 Data size: 286 Basic stats: COMPLETE Column stats: NONE
                Group By Operator
                  aggregations: count()
                  keys: _col0 (type: int), _col1 (type: string)
                  mode: hash
                  outputColumnNames: _col0, _col1, _col2
                  Statistics: Num rows: 27 Data size: 286 Basic stats: COMPLETE Column stats: NONE
                  Reduce Output Operator
                    key expressions: _col0 (type: int), _col1 (type: string)
                    sort order: ++
                    Map-reduce partition columns: _col0 (type: int), _col1 (type: string)
                    Statistics: Num rows: 27 Data size: 286 Basic stats: COMPLETE Column stats: NONE
                    value expressions: _col2 (type: bigint)
      Reduce Operator Tree:
        Group By Operator
          aggregations: count(VALUE._col0)
          keys: KEY._col0 (type: int), KEY._col1 (type: string)
          mode: mergepartial
          outputColumnNames: _col0, _col1, _col2
          Statistics: Num rows: 13 Data size: 137 Basic stats: COMPLETE Column stats: NONE
          File Output Operator
            compressed: false
            table:
                input format: org.apache.hadoop.mapred.SequenceFileInputFormat
                output format: org.apache.hadoop.hive.ql.io.HiveSequenceFileOutputFormat
                serde: org.apache.hadoop.hive.serde2.lazybinary.LazyBinarySerDe

  Stage: Stage-0
    Fetch Operator
      limit: -1
      Processor Tree:
        ListSink

PREHOOK: query: select key as k1, value as v1 from masking_test where key > 0 intersect all select key as k2, value as v2 from masking_test where key > 0
PREHOOK: type: QUERY
PREHOOK: Input: default@masking_test
#### A masked pattern was here ####
POSTHOOK: query: select key as k1, value as v1 from masking_test where key > 0 intersect all select key as k2, value as v2 from masking_test where key > 0
POSTHOOK: type: QUERY
POSTHOOK: Input: default@masking_test
#### A masked pattern was here ####
2	2_lav
4	4_lav
8	8_lav
