PREHOOK: query: create table tmptable_n5(key string, value string)
PREHOOK: type: CREATETABLE
PREHOOK: Output: database:default
PREHOOK: Output: default@tmptable_n5
POSTHOOK: query: create table tmptable_n5(key string, value string)
POSTHOOK: type: CREATETABLE
POSTHOOK: Output: database:default
POSTHOOK: Output: default@tmptable_n5
PREHOOK: query: explain 
insert overwrite table tmptable_n5
  select unionsrc.key, unionsrc.value FROM (select 'tst1' as key, cast(count(1) as string) as value from src s1
                                        UNION  ALL  
                                            select s2.key as key, s2.value as value from src1 s2) unionsrc
PREHOOK: type: QUERY
POSTHOOK: query: explain 
insert overwrite table tmptable_n5
  select unionsrc.key, unionsrc.value FROM (select 'tst1' as key, cast(count(1) as string) as value from src s1
                                        UNION  ALL  
                                            select s2.key as key, s2.value as value from src1 s2) unionsrc
POSTHOOK: type: QUERY
STAGE DEPENDENCIES:
  Stage-1 is a root stage
  Stage-2 depends on stages: Stage-1
  Stage-8 depends on stages: Stage-2 , consists of Stage-5, Stage-4, Stage-6
  Stage-5
  Stage-0 depends on stages: Stage-5, Stage-4, Stage-7
  Stage-3 depends on stages: Stage-0
  Stage-4
  Stage-6
  Stage-7 depends on stages: Stage-6

STAGE PLANS:
  Stage: Stage-1
    Map Reduce
      Map Operator Tree:
          TableScan
            alias: s1
            Statistics: Num rows: 500 Data size: 5312 Basic stats: COMPLETE Column stats: COMPLETE
            Select Operator
              Statistics: Num rows: 500 Data size: 5312 Basic stats: COMPLETE Column stats: COMPLETE
              Group By Operator
                aggregations: count()
                mode: hash
                outputColumnNames: _col0
                Statistics: Num rows: 1 Data size: 8 Basic stats: COMPLETE Column stats: COMPLETE
                Reduce Output Operator
                  sort order: 
                  Statistics: Num rows: 1 Data size: 8 Basic stats: COMPLETE Column stats: COMPLETE
                  value expressions: _col0 (type: bigint)
      Execution mode: vectorized
      Reduce Operator Tree:
        Group By Operator
          aggregations: count(VALUE._col0)
          mode: mergepartial
          outputColumnNames: _col0
          Statistics: Num rows: 1 Data size: 8 Basic stats: COMPLETE Column stats: COMPLETE
          Select Operator
            expressions: 'tst1' (type: string), CAST( _col0 AS STRING) (type: string)
            outputColumnNames: _col0, _col1
            Statistics: Num rows: 1 Data size: 272 Basic stats: COMPLETE Column stats: COMPLETE
            File Output Operator
              compressed: false
              table:
                  input format: org.apache.hadoop.mapred.SequenceFileInputFormat
                  output format: org.apache.hadoop.hive.ql.io.HiveSequenceFileOutputFormat
                  serde: org.apache.hadoop.hive.serde2.lazybinary.LazyBinarySerDe

  Stage: Stage-2
    Map Reduce
      Map Operator Tree:
          TableScan
            Union
              Statistics: Num rows: 26 Data size: 463 Basic stats: COMPLETE Column stats: PARTIAL
              File Output Operator
                compressed: false
                Statistics: Num rows: 26 Data size: 463 Basic stats: COMPLETE Column stats: PARTIAL
                table:
                    input format: org.apache.hadoop.mapred.TextInputFormat
                    output format: org.apache.hadoop.hive.ql.io.HiveIgnoreKeyTextOutputFormat
                    serde: org.apache.hadoop.hive.serde2.lazy.LazySimpleSerDe
                    name: default.tmptable_n5
              Select Operator
                expressions: _col0 (type: string), _col1 (type: string)
                outputColumnNames: key, value
                Statistics: Num rows: 26 Data size: 7072 Basic stats: COMPLETE Column stats: PARTIAL
                Group By Operator
                  aggregations: compute_stats(key, 'hll'), compute_stats(value, 'hll')
                  mode: hash
                  outputColumnNames: _col0, _col1
                  Statistics: Num rows: 1 Data size: 880 Basic stats: COMPLETE Column stats: PARTIAL
                  Reduce Output Operator
                    sort order: 
                    Statistics: Num rows: 1 Data size: 880 Basic stats: COMPLETE Column stats: PARTIAL
                    value expressions: _col0 (type: struct<columntype:string,maxlength:bigint,sumlength:bigint,count:bigint,countnulls:bigint,bitvector:binary>), _col1 (type: struct<columntype:string,maxlength:bigint,sumlength:bigint,count:bigint,countnulls:bigint,bitvector:binary>)
          TableScan
            alias: s2
            Statistics: Num rows: 25 Data size: 191 Basic stats: COMPLETE Column stats: NONE
            Select Operator
              expressions: key (type: string), value (type: string)
              outputColumnNames: _col0, _col1
              Statistics: Num rows: 25 Data size: 191 Basic stats: COMPLETE Column stats: NONE
              Union
                Statistics: Num rows: 26 Data size: 463 Basic stats: COMPLETE Column stats: PARTIAL
                File Output Operator
                  compressed: false
                  Statistics: Num rows: 26 Data size: 463 Basic stats: COMPLETE Column stats: PARTIAL
                  table:
                      input format: org.apache.hadoop.mapred.TextInputFormat
                      output format: org.apache.hadoop.hive.ql.io.HiveIgnoreKeyTextOutputFormat
                      serde: org.apache.hadoop.hive.serde2.lazy.LazySimpleSerDe
                      name: default.tmptable_n5
                Select Operator
                  expressions: _col0 (type: string), _col1 (type: string)
                  outputColumnNames: key, value
                  Statistics: Num rows: 26 Data size: 7072 Basic stats: COMPLETE Column stats: PARTIAL
                  Group By Operator
                    aggregations: compute_stats(key, 'hll'), compute_stats(value, 'hll')
                    mode: hash
                    outputColumnNames: _col0, _col1
                    Statistics: Num rows: 1 Data size: 880 Basic stats: COMPLETE Column stats: PARTIAL
                    Reduce Output Operator
                      sort order: 
                      Statistics: Num rows: 1 Data size: 880 Basic stats: COMPLETE Column stats: PARTIAL
                      value expressions: _col0 (type: struct<columntype:string,maxlength:bigint,sumlength:bigint,count:bigint,countnulls:bigint,bitvector:binary>), _col1 (type: struct<columntype:string,maxlength:bigint,sumlength:bigint,count:bigint,countnulls:bigint,bitvector:binary>)
      Reduce Operator Tree:
        Group By Operator
          aggregations: compute_stats(VALUE._col0), compute_stats(VALUE._col1)
          mode: mergepartial
          outputColumnNames: _col0, _col1
          Statistics: Num rows: 1 Data size: 880 Basic stats: COMPLETE Column stats: PARTIAL
          File Output Operator
            compressed: false
            Statistics: Num rows: 1 Data size: 880 Basic stats: COMPLETE Column stats: PARTIAL
            table:
                input format: org.apache.hadoop.mapred.SequenceFileInputFormat
                output format: org.apache.hadoop.hive.ql.io.HiveSequenceFileOutputFormat
                serde: org.apache.hadoop.hive.serde2.lazy.LazySimpleSerDe

  Stage: Stage-8
    Conditional Operator

  Stage: Stage-5
    Move Operator
      files:
          hdfs directory: true
#### A masked pattern was here ####

  Stage: Stage-0
    Move Operator
      tables:
          replace: true
          table:
              input format: org.apache.hadoop.mapred.TextInputFormat
              output format: org.apache.hadoop.hive.ql.io.HiveIgnoreKeyTextOutputFormat
              serde: org.apache.hadoop.hive.serde2.lazy.LazySimpleSerDe
              name: default.tmptable_n5

  Stage: Stage-3
    Stats Work
      Basic Stats Work:
      Column Stats Desc:
          Columns: key, value
          Column Types: string, string
          Table: default.tmptable_n5

  Stage: Stage-4
    Map Reduce
      Map Operator Tree:
          TableScan
            File Output Operator
              compressed: false
              table:
                  input format: org.apache.hadoop.mapred.TextInputFormat
                  output format: org.apache.hadoop.hive.ql.io.HiveIgnoreKeyTextOutputFormat
                  serde: org.apache.hadoop.hive.serde2.lazy.LazySimpleSerDe
                  name: default.tmptable_n5

  Stage: Stage-6
    Map Reduce
      Map Operator Tree:
          TableScan
            File Output Operator
              compressed: false
              table:
                  input format: org.apache.hadoop.mapred.TextInputFormat
                  output format: org.apache.hadoop.hive.ql.io.HiveIgnoreKeyTextOutputFormat
                  serde: org.apache.hadoop.hive.serde2.lazy.LazySimpleSerDe
                  name: default.tmptable_n5

  Stage: Stage-7
    Move Operator
      files:
          hdfs directory: true
#### A masked pattern was here ####

PREHOOK: query: insert overwrite table tmptable_n5
select unionsrc.key, unionsrc.value FROM (select 'tst1' as key, cast(count(1) as string) as value from src s1
                                      UNION  ALL  
                                          select s2.key as key, s2.value as value from src1 s2) unionsrc
PREHOOK: type: QUERY
PREHOOK: Input: default@src
PREHOOK: Input: default@src1
PREHOOK: Output: default@tmptable_n5
POSTHOOK: query: insert overwrite table tmptable_n5
select unionsrc.key, unionsrc.value FROM (select 'tst1' as key, cast(count(1) as string) as value from src s1
                                      UNION  ALL  
                                          select s2.key as key, s2.value as value from src1 s2) unionsrc
POSTHOOK: type: QUERY
POSTHOOK: Input: default@src
POSTHOOK: Input: default@src1
POSTHOOK: Output: default@tmptable_n5
POSTHOOK: Lineage: tmptable_n5.key EXPRESSION [(src1)s2.FieldSchema(name:key, type:string, comment:default), ]
POSTHOOK: Lineage: tmptable_n5.value EXPRESSION [(src)s1.null, (src1)s2.FieldSchema(name:value, type:string, comment:default), ]
PREHOOK: query: select * from tmptable_n5 x sort by x.key, x.value
PREHOOK: type: QUERY
PREHOOK: Input: default@tmptable_n5
#### A masked pattern was here ####
POSTHOOK: query: select * from tmptable_n5 x sort by x.key, x.value
POSTHOOK: type: QUERY
POSTHOOK: Input: default@tmptable_n5
#### A masked pattern was here ####
	
	
	
	
	val_165
	val_193
	val_265
	val_27
	val_409
	val_484
128	
146	val_146
150	val_150
213	val_213
224	
238	val_238
255	val_255
273	val_273
278	val_278
311	val_311
369	
401	val_401
406	val_406
66	val_66
98	val_98
tst1	500
