PREHOOK: query: CREATE TABLE src_union_1 (key int, value string) PARTITIONED BY (ds string)
PREHOOK: type: CREATETABLE
PREHOOK: Output: database:default
PREHOOK: Output: default@src_union_1
POSTHOOK: query: CREATE TABLE src_union_1 (key int, value string) PARTITIONED BY (ds string)
POSTHOOK: type: CREATETABLE
POSTHOOK: Output: database:default
POSTHOOK: Output: default@src_union_1
PREHOOK: query: CREATE INDEX src_union_1_key_idx ON TABLE src_union_1(key) AS 'COMPACT' WITH DEFERRED REBUILD
PREHOOK: type: CREATEINDEX
PREHOOK: Input: default@src_union_1
POSTHOOK: query: CREATE INDEX src_union_1_key_idx ON TABLE src_union_1(key) AS 'COMPACT' WITH DEFERRED REBUILD
POSTHOOK: type: CREATEINDEX
POSTHOOK: Input: default@src_union_1
POSTHOOK: Output: default@default__src_union_1_src_union_1_key_idx__
PREHOOK: query: CREATE TABLE src_union_2 (key int, value string) PARTITIONED BY (ds string, part_1 string)
PREHOOK: type: CREATETABLE
PREHOOK: Output: database:default
PREHOOK: Output: default@src_union_2
POSTHOOK: query: CREATE TABLE src_union_2 (key int, value string) PARTITIONED BY (ds string, part_1 string)
POSTHOOK: type: CREATETABLE
POSTHOOK: Output: database:default
POSTHOOK: Output: default@src_union_2
PREHOOK: query: CREATE INDEX src_union_2_key_idx ON TABLE src_union_2(key) AS 'COMPACT' WITH DEFERRED REBUILD
PREHOOK: type: CREATEINDEX
PREHOOK: Input: default@src_union_2
POSTHOOK: query: CREATE INDEX src_union_2_key_idx ON TABLE src_union_2(key) AS 'COMPACT' WITH DEFERRED REBUILD
POSTHOOK: type: CREATEINDEX
POSTHOOK: Input: default@src_union_2
POSTHOOK: Output: default@default__src_union_2_src_union_2_key_idx__
PREHOOK: query: CREATE TABLE src_union_3(key int, value string) PARTITIONED BY (ds string, part_1 string, part_2 string)
PREHOOK: type: CREATETABLE
PREHOOK: Output: database:default
PREHOOK: Output: default@src_union_3
POSTHOOK: query: CREATE TABLE src_union_3(key int, value string) PARTITIONED BY (ds string, part_1 string, part_2 string)
POSTHOOK: type: CREATETABLE
POSTHOOK: Output: database:default
POSTHOOK: Output: default@src_union_3
PREHOOK: query: CREATE INDEX src_union_3_key_idx ON TABLE src_union_3(key) AS 'COMPACT' WITH DEFERRED REBUILD
PREHOOK: type: CREATEINDEX
PREHOOK: Input: default@src_union_3
POSTHOOK: query: CREATE INDEX src_union_3_key_idx ON TABLE src_union_3(key) AS 'COMPACT' WITH DEFERRED REBUILD
POSTHOOK: type: CREATEINDEX
POSTHOOK: Input: default@src_union_3
POSTHOOK: Output: default@default__src_union_3_src_union_3_key_idx__
STAGE DEPENDENCIES:
  Stage-0 is a root stage

STAGE PLANS:
  Stage: Stage-0
    Fetch Operator
      limit: -1
      Processor Tree:
        TableScan
          alias: src_union_1
          filterExpr: ((key = 86) and (ds = '1')) (type: boolean)
          Statistics: Num rows: 500 Data size: 5312 Basic stats: COMPLETE Column stats: NONE
          Filter Operator
            predicate: (key = 86) (type: boolean)
            Statistics: Num rows: 250 Data size: 2656 Basic stats: COMPLETE Column stats: NONE
            Select Operator
              expressions: 86 (type: int), value (type: string), '1' (type: string)
              outputColumnNames: _col0, _col1, _col2
              Statistics: Num rows: 250 Data size: 2656 Basic stats: COMPLETE Column stats: NONE
              ListSink

STAGE DEPENDENCIES:
  Stage-0 is a root stage

STAGE PLANS:
  Stage: Stage-0
    Fetch Operator
      limit: -1
      Processor Tree:
        TableScan
          alias: src_union_2
          filterExpr: ((key = 86) and (ds = '2')) (type: boolean)
          Statistics: Num rows: 1000 Data size: 10624 Basic stats: COMPLETE Column stats: NONE
          Filter Operator
            predicate: (key = 86) (type: boolean)
            Statistics: Num rows: 500 Data size: 5312 Basic stats: COMPLETE Column stats: NONE
            Select Operator
              expressions: 86 (type: int), value (type: string), '2' (type: string)
              outputColumnNames: _col0, _col1, _col2
              Statistics: Num rows: 500 Data size: 5312 Basic stats: COMPLETE Column stats: NONE
              ListSink

STAGE DEPENDENCIES:
  Stage-0 is a root stage

STAGE PLANS:
  Stage: Stage-0
    Fetch Operator
      limit: -1
      Processor Tree:
        TableScan
          alias: src_union_3
          filterExpr: ((key = 86) and (ds = '3')) (type: boolean)
          Statistics: Num rows: 1000 Data size: 10624 Basic stats: COMPLETE Column stats: NONE
          Filter Operator
            predicate: (key = 86) (type: boolean)
            Statistics: Num rows: 500 Data size: 5312 Basic stats: COMPLETE Column stats: NONE
            Select Operator
              expressions: 86 (type: int), value (type: string), '3' (type: string)
              outputColumnNames: _col0, _col1, _col2
              Statistics: Num rows: 500 Data size: 5312 Basic stats: COMPLETE Column stats: NONE
              ListSink

86	val_86	1
86	val_86	2
86	val_86	2
86	val_86	3
86	val_86	3
STAGE DEPENDENCIES:
  Stage-0 is a root stage

STAGE PLANS:
  Stage: Stage-0
    Fetch Operator
      limit: 1
      Processor Tree:
        ListSink

STAGE DEPENDENCIES:
  Stage-0 is a root stage

STAGE PLANS:
  Stage: Stage-0
    Fetch Operator
      limit: 1
      Processor Tree:
        ListSink

STAGE DEPENDENCIES:
  Stage-0 is a root stage

STAGE PLANS:
  Stage: Stage-0
    Fetch Operator
      limit: 1
      Processor Tree:
        ListSink

500
1000
1000
STAGE DEPENDENCIES:
  Stage-5 is a root stage
  Stage-4 depends on stages: Stage-5
  Stage-1 depends on stages: Stage-4
  Stage-0 depends on stages: Stage-1

STAGE PLANS:
  Stage: Stage-5
    Map Reduce
      Map Operator Tree:
          TableScan
            alias: default__src_union_1_src_union_1_key_idx__
            filterExpr: ((key = 86) and (ds = '1')) (type: boolean)
            Filter Operator
              predicate: (key = 86) (type: boolean)
              Select Operator
                expressions: _bucketname (type: string), _offsets (type: array<bigint>)
                outputColumnNames: _col0, _col1
                File Output Operator
                  compressed: false
                  table:
                      input format: org.apache.hadoop.mapred.TextInputFormat
                      output format: org.apache.hadoop.hive.ql.io.HiveIgnoreKeyTextOutputFormat
                      serde: org.apache.hadoop.hive.serde2.lazy.LazySimpleSerDe

  Stage: Stage-4
    Move Operator
      files:
          hdfs directory: true
#### A masked pattern was here ####

  Stage: Stage-1
    Map Reduce
      Map Operator Tree:
          TableScan
            alias: src_union_1
            filterExpr: ((key = 86) and (ds = '1')) (type: boolean)
            properties:
              insideView TRUE
            Statistics: Num rows: 500 Data size: 5312 Basic stats: COMPLETE Column stats: NONE
            Filter Operator
              predicate: (key = 86) (type: boolean)
              Statistics: Num rows: 250 Data size: 2656 Basic stats: COMPLETE Column stats: NONE
              Select Operator
                expressions: value (type: string)
                outputColumnNames: _col0
                Statistics: Num rows: 250 Data size: 2656 Basic stats: COMPLETE Column stats: NONE
                Union
                  Statistics: Num rows: 252 Data size: 2656 Basic stats: COMPLETE Column stats: NONE
                  Select Operator
                    expressions: 86 (type: int), _col0 (type: string), '1' (type: string)
                    outputColumnNames: _col0, _col1, _col2
                    Statistics: Num rows: 252 Data size: 2656 Basic stats: COMPLETE Column stats: NONE
                    File Output Operator
                      compressed: false
                      Statistics: Num rows: 252 Data size: 2656 Basic stats: COMPLETE Column stats: NONE
                      table:
                          input format: org.apache.hadoop.mapred.SequenceFileInputFormat
                          output format: org.apache.hadoop.hive.ql.io.HiveSequenceFileOutputFormat
                          serde: org.apache.hadoop.hive.serde2.lazy.LazySimpleSerDe
          TableScan
            alias: src_union_2
            filterExpr: ((key = 86) and (ds = '1')) (type: boolean)
            properties:
              insideView TRUE
            Statistics: Num rows: 1 Data size: 0 Basic stats: PARTIAL Column stats: NONE
            Filter Operator
              predicate: ((key = 86) and (ds = '1')) (type: boolean)
              Statistics: Num rows: 1 Data size: 0 Basic stats: PARTIAL Column stats: NONE
              Select Operator
                expressions: value (type: string)
                outputColumnNames: _col0
                Statistics: Num rows: 1 Data size: 0 Basic stats: PARTIAL Column stats: NONE
                Union
                  Statistics: Num rows: 252 Data size: 2656 Basic stats: COMPLETE Column stats: NONE
                  Select Operator
                    expressions: 86 (type: int), _col0 (type: string), '1' (type: string)
                    outputColumnNames: _col0, _col1, _col2
                    Statistics: Num rows: 252 Data size: 2656 Basic stats: COMPLETE Column stats: NONE
                    File Output Operator
                      compressed: false
                      Statistics: Num rows: 252 Data size: 2656 Basic stats: COMPLETE Column stats: NONE
                      table:
                          input format: org.apache.hadoop.mapred.SequenceFileInputFormat
                          output format: org.apache.hadoop.hive.ql.io.HiveSequenceFileOutputFormat
                          serde: org.apache.hadoop.hive.serde2.lazy.LazySimpleSerDe
          TableScan
            alias: src_union_3
            filterExpr: ((key = 86) and (ds = '1')) (type: boolean)
            properties:
              insideView TRUE
            Statistics: Num rows: 1 Data size: 0 Basic stats: PARTIAL Column stats: NONE
            Filter Operator
              predicate: ((key = 86) and (ds = '1')) (type: boolean)
              Statistics: Num rows: 1 Data size: 0 Basic stats: PARTIAL Column stats: NONE
              Select Operator
                expressions: value (type: string)
                outputColumnNames: _col0
                Statistics: Num rows: 1 Data size: 0 Basic stats: PARTIAL Column stats: NONE
                Union
                  Statistics: Num rows: 252 Data size: 2656 Basic stats: COMPLETE Column stats: NONE
                  Select Operator
                    expressions: 86 (type: int), _col0 (type: string), '1' (type: string)
                    outputColumnNames: _col0, _col1, _col2
                    Statistics: Num rows: 252 Data size: 2656 Basic stats: COMPLETE Column stats: NONE
                    File Output Operator
                      compressed: false
                      Statistics: Num rows: 252 Data size: 2656 Basic stats: COMPLETE Column stats: NONE
                      table:
                          input format: org.apache.hadoop.mapred.SequenceFileInputFormat
                          output format: org.apache.hadoop.hive.ql.io.HiveSequenceFileOutputFormat
                          serde: org.apache.hadoop.hive.serde2.lazy.LazySimpleSerDe

  Stage: Stage-0
    Fetch Operator
      limit: -1
      Processor Tree:
        ListSink

STAGE DEPENDENCIES:
  Stage-5 is a root stage
  Stage-4 depends on stages: Stage-5
  Stage-1 depends on stages: Stage-4
  Stage-0 depends on stages: Stage-1

STAGE PLANS:
  Stage: Stage-5
    Map Reduce
      Map Operator Tree:
          TableScan
            alias: default__src_union_2_src_union_2_key_idx__
            filterExpr: ((key = 86) and (ds = '2')) (type: boolean)
            Filter Operator
              predicate: (key = 86) (type: boolean)
              Select Operator
                expressions: _bucketname (type: string), _offsets (type: array<bigint>)
                outputColumnNames: _col0, _col1
                File Output Operator
                  compressed: false
                  table:
                      input format: org.apache.hadoop.mapred.TextInputFormat
                      output format: org.apache.hadoop.hive.ql.io.HiveIgnoreKeyTextOutputFormat
                      serde: org.apache.hadoop.hive.serde2.lazy.LazySimpleSerDe

  Stage: Stage-4
    Move Operator
      files:
          hdfs directory: true
#### A masked pattern was here ####

  Stage: Stage-1
    Map Reduce
      Map Operator Tree:
          TableScan
            alias: src_union_1
            filterExpr: ((key = 86) and (ds = '2')) (type: boolean)
            properties:
              insideView TRUE
            Statistics: Num rows: 1 Data size: 0 Basic stats: PARTIAL Column stats: NONE
            Filter Operator
              predicate: ((key = 86) and (ds = '2')) (type: boolean)
              Statistics: Num rows: 1 Data size: 0 Basic stats: PARTIAL Column stats: NONE
              Select Operator
                expressions: value (type: string)
                outputColumnNames: _col0
                Statistics: Num rows: 1 Data size: 0 Basic stats: PARTIAL Column stats: NONE
                Union
                  Statistics: Num rows: 502 Data size: 5312 Basic stats: COMPLETE Column stats: NONE
                  Select Operator
                    expressions: 86 (type: int), _col0 (type: string), '2' (type: string)
                    outputColumnNames: _col0, _col1, _col2
                    Statistics: Num rows: 502 Data size: 5312 Basic stats: COMPLETE Column stats: NONE
                    File Output Operator
                      compressed: false
                      Statistics: Num rows: 502 Data size: 5312 Basic stats: COMPLETE Column stats: NONE
                      table:
                          input format: org.apache.hadoop.mapred.SequenceFileInputFormat
                          output format: org.apache.hadoop.hive.ql.io.HiveSequenceFileOutputFormat
                          serde: org.apache.hadoop.hive.serde2.lazy.LazySimpleSerDe
          TableScan
            alias: src_union_2
            filterExpr: ((key = 86) and (ds = '2')) (type: boolean)
            properties:
              insideView TRUE
            Statistics: Num rows: 1000 Data size: 10624 Basic stats: COMPLETE Column stats: NONE
            Filter Operator
              predicate: (key = 86) (type: boolean)
              Statistics: Num rows: 500 Data size: 5312 Basic stats: COMPLETE Column stats: NONE
              Select Operator
                expressions: value (type: string)
                outputColumnNames: _col0
                Statistics: Num rows: 500 Data size: 5312 Basic stats: COMPLETE Column stats: NONE
                Union
                  Statistics: Num rows: 502 Data size: 5312 Basic stats: COMPLETE Column stats: NONE
                  Select Operator
                    expressions: 86 (type: int), _col0 (type: string), '2' (type: string)
                    outputColumnNames: _col0, _col1, _col2
                    Statistics: Num rows: 502 Data size: 5312 Basic stats: COMPLETE Column stats: NONE
                    File Output Operator
                      compressed: false
                      Statistics: Num rows: 502 Data size: 5312 Basic stats: COMPLETE Column stats: NONE
                      table:
                          input format: org.apache.hadoop.mapred.SequenceFileInputFormat
                          output format: org.apache.hadoop.hive.ql.io.HiveSequenceFileOutputFormat
                          serde: org.apache.hadoop.hive.serde2.lazy.LazySimpleSerDe
          TableScan
            alias: src_union_3
            filterExpr: ((key = 86) and (ds = '2')) (type: boolean)
            properties:
              insideView TRUE
            Statistics: Num rows: 1 Data size: 0 Basic stats: PARTIAL Column stats: NONE
            Filter Operator
              predicate: ((key = 86) and (ds = '2')) (type: boolean)
              Statistics: Num rows: 1 Data size: 0 Basic stats: PARTIAL Column stats: NONE
              Select Operator
                expressions: value (type: string)
                outputColumnNames: _col0
                Statistics: Num rows: 1 Data size: 0 Basic stats: PARTIAL Column stats: NONE
                Union
                  Statistics: Num rows: 502 Data size: 5312 Basic stats: COMPLETE Column stats: NONE
                  Select Operator
                    expressions: 86 (type: int), _col0 (type: string), '2' (type: string)
                    outputColumnNames: _col0, _col1, _col2
                    Statistics: Num rows: 502 Data size: 5312 Basic stats: COMPLETE Column stats: NONE
                    File Output Operator
                      compressed: false
                      Statistics: Num rows: 502 Data size: 5312 Basic stats: COMPLETE Column stats: NONE
                      table:
                          input format: org.apache.hadoop.mapred.SequenceFileInputFormat
                          output format: org.apache.hadoop.hive.ql.io.HiveSequenceFileOutputFormat
                          serde: org.apache.hadoop.hive.serde2.lazy.LazySimpleSerDe

  Stage: Stage-0
    Fetch Operator
      limit: -1
      Processor Tree:
        ListSink

STAGE DEPENDENCIES:
  Stage-5 is a root stage
  Stage-4 depends on stages: Stage-5
  Stage-1 depends on stages: Stage-4
  Stage-0 depends on stages: Stage-1

STAGE PLANS:
  Stage: Stage-5
    Map Reduce
      Map Operator Tree:
          TableScan
            alias: default__src_union_3_src_union_3_key_idx__
            filterExpr: ((key = 86) and (ds = '3')) (type: boolean)
            Filter Operator
              predicate: (key = 86) (type: boolean)
              Select Operator
                expressions: _bucketname (type: string), _offsets (type: array<bigint>)
                outputColumnNames: _col0, _col1
                File Output Operator
                  compressed: false
                  table:
                      input format: org.apache.hadoop.mapred.TextInputFormat
                      output format: org.apache.hadoop.hive.ql.io.HiveIgnoreKeyTextOutputFormat
                      serde: org.apache.hadoop.hive.serde2.lazy.LazySimpleSerDe

  Stage: Stage-4
    Move Operator
      files:
          hdfs directory: true
#### A masked pattern was here ####

  Stage: Stage-1
    Map Reduce
      Map Operator Tree:
          TableScan
            alias: src_union_1
            filterExpr: ((key = 86) and (ds = '3')) (type: boolean)
            properties:
              insideView TRUE
            Statistics: Num rows: 1 Data size: 0 Basic stats: PARTIAL Column stats: NONE
            Filter Operator
              predicate: ((key = 86) and (ds = '3')) (type: boolean)
              Statistics: Num rows: 1 Data size: 0 Basic stats: PARTIAL Column stats: NONE
              Select Operator
                expressions: value (type: string)
                outputColumnNames: _col0
                Statistics: Num rows: 1 Data size: 0 Basic stats: PARTIAL Column stats: NONE
                Union
                  Statistics: Num rows: 502 Data size: 5312 Basic stats: COMPLETE Column stats: NONE
                  Select Operator
                    expressions: 86 (type: int), _col0 (type: string), '3' (type: string)
                    outputColumnNames: _col0, _col1, _col2
                    Statistics: Num rows: 502 Data size: 5312 Basic stats: COMPLETE Column stats: NONE
                    File Output Operator
                      compressed: false
                      Statistics: Num rows: 502 Data size: 5312 Basic stats: COMPLETE Column stats: NONE
                      table:
                          input format: org.apache.hadoop.mapred.SequenceFileInputFormat
                          output format: org.apache.hadoop.hive.ql.io.HiveSequenceFileOutputFormat
                          serde: org.apache.hadoop.hive.serde2.lazy.LazySimpleSerDe
          TableScan
            alias: src_union_2
            filterExpr: ((key = 86) and (ds = '3')) (type: boolean)
            properties:
              insideView TRUE
            Statistics: Num rows: 1 Data size: 0 Basic stats: PARTIAL Column stats: NONE
            Filter Operator
              predicate: ((key = 86) and (ds = '3')) (type: boolean)
              Statistics: Num rows: 1 Data size: 0 Basic stats: PARTIAL Column stats: NONE
              Select Operator
                expressions: value (type: string)
                outputColumnNames: _col0
                Statistics: Num rows: 1 Data size: 0 Basic stats: PARTIAL Column stats: NONE
                Union
                  Statistics: Num rows: 502 Data size: 5312 Basic stats: COMPLETE Column stats: NONE
                  Select Operator
                    expressions: 86 (type: int), _col0 (type: string), '3' (type: string)
                    outputColumnNames: _col0, _col1, _col2
                    Statistics: Num rows: 502 Data size: 5312 Basic stats: COMPLETE Column stats: NONE
                    File Output Operator
                      compressed: false
                      Statistics: Num rows: 502 Data size: 5312 Basic stats: COMPLETE Column stats: NONE
                      table:
                          input format: org.apache.hadoop.mapred.SequenceFileInputFormat
                          output format: org.apache.hadoop.hive.ql.io.HiveSequenceFileOutputFormat
                          serde: org.apache.hadoop.hive.serde2.lazy.LazySimpleSerDe
          TableScan
            alias: src_union_3
            filterExpr: ((key = 86) and (ds = '3')) (type: boolean)
            properties:
              insideView TRUE
            Statistics: Num rows: 1000 Data size: 10624 Basic stats: COMPLETE Column stats: NONE
            Filter Operator
              predicate: (key = 86) (type: boolean)
              Statistics: Num rows: 500 Data size: 5312 Basic stats: COMPLETE Column stats: NONE
              Select Operator
                expressions: value (type: string)
                outputColumnNames: _col0
                Statistics: Num rows: 500 Data size: 5312 Basic stats: COMPLETE Column stats: NONE
                Union
                  Statistics: Num rows: 502 Data size: 5312 Basic stats: COMPLETE Column stats: NONE
                  Select Operator
                    expressions: 86 (type: int), _col0 (type: string), '3' (type: string)
                    outputColumnNames: _col0, _col1, _col2
                    Statistics: Num rows: 502 Data size: 5312 Basic stats: COMPLETE Column stats: NONE
                    File Output Operator
                      compressed: false
                      Statistics: Num rows: 502 Data size: 5312 Basic stats: COMPLETE Column stats: NONE
                      table:
                          input format: org.apache.hadoop.mapred.SequenceFileInputFormat
                          output format: org.apache.hadoop.hive.ql.io.HiveSequenceFileOutputFormat
                          serde: org.apache.hadoop.hive.serde2.lazy.LazySimpleSerDe

  Stage: Stage-0
    Fetch Operator
      limit: -1
      Processor Tree:
        ListSink

STAGE DEPENDENCIES:
  Stage-5 is a root stage
  Stage-4 depends on stages: Stage-5
  Stage-1 depends on stages: Stage-4, Stage-6, Stage-8
  Stage-7 is a root stage
  Stage-6 depends on stages: Stage-7
  Stage-9 is a root stage
  Stage-8 depends on stages: Stage-9
  Stage-0 depends on stages: Stage-1

STAGE PLANS:
  Stage: Stage-5
    Map Reduce
      Map Operator Tree:
          TableScan
            alias: default__src_union_1_src_union_1_key_idx__
            filterExpr: (key = 86) (type: boolean)
            Filter Operator
              predicate: (key = 86) (type: boolean)
              Select Operator
                expressions: _bucketname (type: string), _offsets (type: array<bigint>)
                outputColumnNames: _col0, _col1
                File Output Operator
                  compressed: false
                  table:
                      input format: org.apache.hadoop.mapred.TextInputFormat
                      output format: org.apache.hadoop.hive.ql.io.HiveIgnoreKeyTextOutputFormat
                      serde: org.apache.hadoop.hive.serde2.lazy.LazySimpleSerDe

  Stage: Stage-4
    Move Operator
      files:
          hdfs directory: true
#### A masked pattern was here ####

  Stage: Stage-1
    Map Reduce
      Map Operator Tree:
          TableScan
            alias: src_union_1
            filterExpr: ((key = 86) and ds is not null) (type: boolean)
            properties:
              insideView TRUE
            Statistics: Num rows: 500 Data size: 5312 Basic stats: COMPLETE Column stats: NONE
            Filter Operator
              predicate: (key = 86) (type: boolean)
              Statistics: Num rows: 250 Data size: 2656 Basic stats: COMPLETE Column stats: NONE
              Select Operator
                expressions: value (type: string), ds (type: string)
                outputColumnNames: _col0, _col1
                Statistics: Num rows: 250 Data size: 2656 Basic stats: COMPLETE Column stats: NONE
                Union
                  Statistics: Num rows: 1250 Data size: 13280 Basic stats: COMPLETE Column stats: NONE
                  Select Operator
                    expressions: 86 (type: int), _col0 (type: string), _col1 (type: string)
                    outputColumnNames: _col0, _col1, _col2
                    Statistics: Num rows: 1250 Data size: 13280 Basic stats: COMPLETE Column stats: NONE
                    File Output Operator
                      compressed: false
                      Statistics: Num rows: 1250 Data size: 13280 Basic stats: COMPLETE Column stats: NONE
                      table:
                          input format: org.apache.hadoop.mapred.SequenceFileInputFormat
                          output format: org.apache.hadoop.hive.ql.io.HiveSequenceFileOutputFormat
                          serde: org.apache.hadoop.hive.serde2.lazy.LazySimpleSerDe
          TableScan
            alias: src_union_2
            filterExpr: ((key = 86) and ds is not null) (type: boolean)
            properties:
              insideView TRUE
            Statistics: Num rows: 1000 Data size: 10624 Basic stats: COMPLETE Column stats: NONE
            Filter Operator
              predicate: (key = 86) (type: boolean)
              Statistics: Num rows: 500 Data size: 5312 Basic stats: COMPLETE Column stats: NONE
              Select Operator
                expressions: value (type: string), ds (type: string)
                outputColumnNames: _col0, _col1
                Statistics: Num rows: 500 Data size: 5312 Basic stats: COMPLETE Column stats: NONE
                Union
                  Statistics: Num rows: 1250 Data size: 13280 Basic stats: COMPLETE Column stats: NONE
                  Select Operator
                    expressions: 86 (type: int), _col0 (type: string), _col1 (type: string)
                    outputColumnNames: _col0, _col1, _col2
                    Statistics: Num rows: 1250 Data size: 13280 Basic stats: COMPLETE Column stats: NONE
                    File Output Operator
                      compressed: false
                      Statistics: Num rows: 1250 Data size: 13280 Basic stats: COMPLETE Column stats: NONE
                      table:
                          input format: org.apache.hadoop.mapred.SequenceFileInputFormat
                          output format: org.apache.hadoop.hive.ql.io.HiveSequenceFileOutputFormat
                          serde: org.apache.hadoop.hive.serde2.lazy.LazySimpleSerDe
          TableScan
            alias: src_union_3
            filterExpr: ((key = 86) and ds is not null) (type: boolean)
            properties:
              insideView TRUE
            Statistics: Num rows: 1000 Data size: 10624 Basic stats: COMPLETE Column stats: NONE
            Filter Operator
              predicate: (key = 86) (type: boolean)
              Statistics: Num rows: 500 Data size: 5312 Basic stats: COMPLETE Column stats: NONE
              Select Operator
                expressions: value (type: string), ds (type: string)
                outputColumnNames: _col0, _col1
                Statistics: Num rows: 500 Data size: 5312 Basic stats: COMPLETE Column stats: NONE
                Union
                  Statistics: Num rows: 1250 Data size: 13280 Basic stats: COMPLETE Column stats: NONE
                  Select Operator
                    expressions: 86 (type: int), _col0 (type: string), _col1 (type: string)
                    outputColumnNames: _col0, _col1, _col2
                    Statistics: Num rows: 1250 Data size: 13280 Basic stats: COMPLETE Column stats: NONE
                    File Output Operator
                      compressed: false
                      Statistics: Num rows: 1250 Data size: 13280 Basic stats: COMPLETE Column stats: NONE
                      table:
                          input format: org.apache.hadoop.mapred.SequenceFileInputFormat
                          output format: org.apache.hadoop.hive.ql.io.HiveSequenceFileOutputFormat
                          serde: org.apache.hadoop.hive.serde2.lazy.LazySimpleSerDe

  Stage: Stage-7
    Map Reduce
      Map Operator Tree:
          TableScan
            alias: default__src_union_2_src_union_2_key_idx__
            filterExpr: (key = 86) (type: boolean)
            Filter Operator
              predicate: (key = 86) (type: boolean)
              Select Operator
                expressions: _bucketname (type: string), _offsets (type: array<bigint>)
                outputColumnNames: _col0, _col1
                File Output Operator
                  compressed: false
                  table:
                      input format: org.apache.hadoop.mapred.TextInputFormat
                      output format: org.apache.hadoop.hive.ql.io.HiveIgnoreKeyTextOutputFormat
                      serde: org.apache.hadoop.hive.serde2.lazy.LazySimpleSerDe

  Stage: Stage-6
    Move Operator
      files:
          hdfs directory: true
#### A masked pattern was here ####

  Stage: Stage-9
    Map Reduce
      Map Operator Tree:
          TableScan
            alias: default__src_union_3_src_union_3_key_idx__
            filterExpr: (key = 86) (type: boolean)
            Filter Operator
              predicate: (key = 86) (type: boolean)
              Select Operator
                expressions: _bucketname (type: string), _offsets (type: array<bigint>)
                outputColumnNames: _col0, _col1
                File Output Operator
                  compressed: false
                  table:
                      input format: org.apache.hadoop.mapred.TextInputFormat
                      output format: org.apache.hadoop.hive.ql.io.HiveIgnoreKeyTextOutputFormat
                      serde: org.apache.hadoop.hive.serde2.lazy.LazySimpleSerDe

  Stage: Stage-8
    Move Operator
      files:
          hdfs directory: true
#### A masked pattern was here ####

  Stage: Stage-0
    Fetch Operator
      limit: -1
      Processor Tree:
        ListSink

86	val_86	1
86	val_86	2
86	val_86	2
86	val_86	3
86	val_86	3
86	val_86	1
86	val_86	2
86	val_86	2
86	val_86	3
86	val_86	3
STAGE DEPENDENCIES:
  Stage-5 is a root stage
  Stage-4 depends on stages: Stage-5
  Stage-1 depends on stages: Stage-4
  Stage-0 depends on stages: Stage-1

STAGE PLANS:
  Stage: Stage-5
    Map Reduce
      Map Operator Tree:
          TableScan
            alias: default__src_union_1_src_union_1_key_idx__
            filterExpr: (ds = '1') (type: boolean)
            Select Operator
              expressions: _bucketname (type: string), _offsets (type: array<bigint>)
              outputColumnNames: _col0, _col1
              File Output Operator
                compressed: false
                table:
                    input format: org.apache.hadoop.mapred.TextInputFormat
                    output format: org.apache.hadoop.hive.ql.io.HiveIgnoreKeyTextOutputFormat
                    serde: org.apache.hadoop.hive.serde2.lazy.LazySimpleSerDe

  Stage: Stage-4
    Move Operator
      files:
          hdfs directory: true
#### A masked pattern was here ####

  Stage: Stage-1
    Map Reduce
      Map Operator Tree:
          TableScan
            alias: src_union_1
            filterExpr: (ds = '1') (type: boolean)
            properties:
              insideView TRUE
            Statistics: Num rows: 500 Data size: 5312 Basic stats: COMPLETE Column stats: NONE
            Select Operator
              Statistics: Num rows: 500 Data size: 5312 Basic stats: COMPLETE Column stats: NONE
              Union
                Statistics: Num rows: 502 Data size: 5312 Basic stats: COMPLETE Column stats: NONE
                Select Operator
                  Statistics: Num rows: 502 Data size: 5312 Basic stats: COMPLETE Column stats: NONE
                  Group By Operator
                    aggregations: count()
                    mode: hash
                    outputColumnNames: _col0
                    Statistics: Num rows: 1 Data size: 8 Basic stats: COMPLETE Column stats: NONE
                    Reduce Output Operator
                      sort order: 
                      Statistics: Num rows: 1 Data size: 8 Basic stats: COMPLETE Column stats: NONE
                      value expressions: _col0 (type: bigint)
          TableScan
            alias: src_union_2
            filterExpr: (ds = '1') (type: boolean)
            properties:
              insideView TRUE
            Statistics: Num rows: 1 Data size: 0 Basic stats: PARTIAL Column stats: NONE
            Filter Operator
              predicate: (ds = '1') (type: boolean)
              Statistics: Num rows: 1 Data size: 0 Basic stats: PARTIAL Column stats: NONE
              Select Operator
                Statistics: Num rows: 1 Data size: 0 Basic stats: PARTIAL Column stats: NONE
                Union
                  Statistics: Num rows: 502 Data size: 5312 Basic stats: COMPLETE Column stats: NONE
                  Select Operator
                    Statistics: Num rows: 502 Data size: 5312 Basic stats: COMPLETE Column stats: NONE
                    Group By Operator
                      aggregations: count()
                      mode: hash
                      outputColumnNames: _col0
                      Statistics: Num rows: 1 Data size: 8 Basic stats: COMPLETE Column stats: NONE
                      Reduce Output Operator
                        sort order: 
                        Statistics: Num rows: 1 Data size: 8 Basic stats: COMPLETE Column stats: NONE
                        value expressions: _col0 (type: bigint)
          TableScan
            alias: src_union_3
            filterExpr: (ds = '1') (type: boolean)
            properties:
              insideView TRUE
            Statistics: Num rows: 1 Data size: 0 Basic stats: PARTIAL Column stats: NONE
            Filter Operator
              predicate: (ds = '1') (type: boolean)
              Statistics: Num rows: 1 Data size: 0 Basic stats: PARTIAL Column stats: NONE
              Select Operator
                Statistics: Num rows: 1 Data size: 0 Basic stats: PARTIAL Column stats: NONE
                Union
                  Statistics: Num rows: 502 Data size: 5312 Basic stats: COMPLETE Column stats: NONE
                  Select Operator
                    Statistics: Num rows: 502 Data size: 5312 Basic stats: COMPLETE Column stats: NONE
                    Group By Operator
                      aggregations: count()
                      mode: hash
                      outputColumnNames: _col0
                      Statistics: Num rows: 1 Data size: 8 Basic stats: COMPLETE Column stats: NONE
                      Reduce Output Operator
                        sort order: 
                        Statistics: Num rows: 1 Data size: 8 Basic stats: COMPLETE Column stats: NONE
                        value expressions: _col0 (type: bigint)
      Reduce Operator Tree:
        Group By Operator
          aggregations: count(VALUE._col0)
          mode: mergepartial
          outputColumnNames: _col0
          Statistics: Num rows: 1 Data size: 8 Basic stats: COMPLETE Column stats: NONE
          File Output Operator
            compressed: false
            Statistics: Num rows: 1 Data size: 8 Basic stats: COMPLETE Column stats: NONE
            table:
                input format: org.apache.hadoop.mapred.SequenceFileInputFormat
                output format: org.apache.hadoop.hive.ql.io.HiveSequenceFileOutputFormat
                serde: org.apache.hadoop.hive.serde2.lazy.LazySimpleSerDe

  Stage: Stage-0
    Fetch Operator
      limit: -1
      Processor Tree:
        ListSink

STAGE DEPENDENCIES:
  Stage-5 is a root stage
  Stage-4 depends on stages: Stage-5
  Stage-1 depends on stages: Stage-4
  Stage-0 depends on stages: Stage-1

STAGE PLANS:
  Stage: Stage-5
    Map Reduce
      Map Operator Tree:
          TableScan
            alias: default__src_union_2_src_union_2_key_idx__
            filterExpr: (ds = '2') (type: boolean)
            Select Operator
              expressions: _bucketname (type: string), _offsets (type: array<bigint>)
              outputColumnNames: _col0, _col1
              File Output Operator
                compressed: false
                table:
                    input format: org.apache.hadoop.mapred.TextInputFormat
                    output format: org.apache.hadoop.hive.ql.io.HiveIgnoreKeyTextOutputFormat
                    serde: org.apache.hadoop.hive.serde2.lazy.LazySimpleSerDe

  Stage: Stage-4
    Move Operator
      files:
          hdfs directory: true
#### A masked pattern was here ####

  Stage: Stage-1
    Map Reduce
      Map Operator Tree:
          TableScan
            alias: src_union_1
            filterExpr: (ds = '2') (type: boolean)
            properties:
              insideView TRUE
            Statistics: Num rows: 1 Data size: 0 Basic stats: PARTIAL Column stats: NONE
            Filter Operator
              predicate: (ds = '2') (type: boolean)
              Statistics: Num rows: 1 Data size: 0 Basic stats: PARTIAL Column stats: NONE
              Select Operator
                Statistics: Num rows: 1 Data size: 0 Basic stats: PARTIAL Column stats: NONE
                Union
                  Statistics: Num rows: 1002 Data size: 10624 Basic stats: COMPLETE Column stats: NONE
                  Select Operator
                    Statistics: Num rows: 1002 Data size: 10624 Basic stats: COMPLETE Column stats: NONE
                    Group By Operator
                      aggregations: count()
                      mode: hash
                      outputColumnNames: _col0
                      Statistics: Num rows: 1 Data size: 8 Basic stats: COMPLETE Column stats: NONE
                      Reduce Output Operator
                        sort order: 
                        Statistics: Num rows: 1 Data size: 8 Basic stats: COMPLETE Column stats: NONE
                        value expressions: _col0 (type: bigint)
          TableScan
            alias: src_union_2
            filterExpr: (ds = '2') (type: boolean)
            properties:
              insideView TRUE
            Statistics: Num rows: 1000 Data size: 10624 Basic stats: COMPLETE Column stats: NONE
            Select Operator
              Statistics: Num rows: 1000 Data size: 10624 Basic stats: COMPLETE Column stats: NONE
              Union
                Statistics: Num rows: 1002 Data size: 10624 Basic stats: COMPLETE Column stats: NONE
                Select Operator
                  Statistics: Num rows: 1002 Data size: 10624 Basic stats: COMPLETE Column stats: NONE
                  Group By Operator
                    aggregations: count()
                    mode: hash
                    outputColumnNames: _col0
                    Statistics: Num rows: 1 Data size: 8 Basic stats: COMPLETE Column stats: NONE
                    Reduce Output Operator
                      sort order: 
                      Statistics: Num rows: 1 Data size: 8 Basic stats: COMPLETE Column stats: NONE
                      value expressions: _col0 (type: bigint)
          TableScan
            alias: src_union_3
            filterExpr: (ds = '2') (type: boolean)
            properties:
              insideView TRUE
            Statistics: Num rows: 1 Data size: 0 Basic stats: PARTIAL Column stats: NONE
            Filter Operator
              predicate: (ds = '2') (type: boolean)
              Statistics: Num rows: 1 Data size: 0 Basic stats: PARTIAL Column stats: NONE
              Select Operator
                Statistics: Num rows: 1 Data size: 0 Basic stats: PARTIAL Column stats: NONE
                Union
                  Statistics: Num rows: 1002 Data size: 10624 Basic stats: COMPLETE Column stats: NONE
                  Select Operator
                    Statistics: Num rows: 1002 Data size: 10624 Basic stats: COMPLETE Column stats: NONE
                    Group By Operator
                      aggregations: count()
                      mode: hash
                      outputColumnNames: _col0
                      Statistics: Num rows: 1 Data size: 8 Basic stats: COMPLETE Column stats: NONE
                      Reduce Output Operator
                        sort order: 
                        Statistics: Num rows: 1 Data size: 8 Basic stats: COMPLETE Column stats: NONE
                        value expressions: _col0 (type: bigint)
      Reduce Operator Tree:
        Group By Operator
          aggregations: count(VALUE._col0)
          mode: mergepartial
          outputColumnNames: _col0
          Statistics: Num rows: 1 Data size: 8 Basic stats: COMPLETE Column stats: NONE
          File Output Operator
            compressed: false
            Statistics: Num rows: 1 Data size: 8 Basic stats: COMPLETE Column stats: NONE
            table:
                input format: org.apache.hadoop.mapred.SequenceFileInputFormat
                output format: org.apache.hadoop.hive.ql.io.HiveSequenceFileOutputFormat
                serde: org.apache.hadoop.hive.serde2.lazy.LazySimpleSerDe

  Stage: Stage-0
    Fetch Operator
      limit: -1
      Processor Tree:
        ListSink

STAGE DEPENDENCIES:
  Stage-5 is a root stage
  Stage-4 depends on stages: Stage-5
  Stage-1 depends on stages: Stage-4
  Stage-0 depends on stages: Stage-1

STAGE PLANS:
  Stage: Stage-5
    Map Reduce
      Map Operator Tree:
          TableScan
            alias: default__src_union_3_src_union_3_key_idx__
            filterExpr: (ds = '3') (type: boolean)
            Select Operator
              expressions: _bucketname (type: string), _offsets (type: array<bigint>)
              outputColumnNames: _col0, _col1
              File Output Operator
                compressed: false
                table:
                    input format: org.apache.hadoop.mapred.TextInputFormat
                    output format: org.apache.hadoop.hive.ql.io.HiveIgnoreKeyTextOutputFormat
                    serde: org.apache.hadoop.hive.serde2.lazy.LazySimpleSerDe

  Stage: Stage-4
    Move Operator
      files:
          hdfs directory: true
#### A masked pattern was here ####

  Stage: Stage-1
    Map Reduce
      Map Operator Tree:
          TableScan
            alias: src_union_1
            filterExpr: (ds = '3') (type: boolean)
            properties:
              insideView TRUE
            Statistics: Num rows: 1 Data size: 0 Basic stats: PARTIAL Column stats: NONE
            Filter Operator
              predicate: (ds = '3') (type: boolean)
              Statistics: Num rows: 1 Data size: 0 Basic stats: PARTIAL Column stats: NONE
              Select Operator
                Statistics: Num rows: 1 Data size: 0 Basic stats: PARTIAL Column stats: NONE
                Union
                  Statistics: Num rows: 1002 Data size: 10624 Basic stats: COMPLETE Column stats: NONE
                  Select Operator
                    Statistics: Num rows: 1002 Data size: 10624 Basic stats: COMPLETE Column stats: NONE
                    Group By Operator
                      aggregations: count()
                      mode: hash
                      outputColumnNames: _col0
                      Statistics: Num rows: 1 Data size: 8 Basic stats: COMPLETE Column stats: NONE
                      Reduce Output Operator
                        sort order: 
                        Statistics: Num rows: 1 Data size: 8 Basic stats: COMPLETE Column stats: NONE
                        value expressions: _col0 (type: bigint)
          TableScan
            alias: src_union_2
            filterExpr: (ds = '3') (type: boolean)
            properties:
              insideView TRUE
            Statistics: Num rows: 1 Data size: 0 Basic stats: PARTIAL Column stats: NONE
            Filter Operator
              predicate: (ds = '3') (type: boolean)
              Statistics: Num rows: 1 Data size: 0 Basic stats: PARTIAL Column stats: NONE
              Select Operator
                Statistics: Num rows: 1 Data size: 0 Basic stats: PARTIAL Column stats: NONE
                Union
                  Statistics: Num rows: 1002 Data size: 10624 Basic stats: COMPLETE Column stats: NONE
                  Select Operator
                    Statistics: Num rows: 1002 Data size: 10624 Basic stats: COMPLETE Column stats: NONE
                    Group By Operator
                      aggregations: count()
                      mode: hash
                      outputColumnNames: _col0
                      Statistics: Num rows: 1 Data size: 8 Basic stats: COMPLETE Column stats: NONE
                      Reduce Output Operator
                        sort order: 
                        Statistics: Num rows: 1 Data size: 8 Basic stats: COMPLETE Column stats: NONE
                        value expressions: _col0 (type: bigint)
          TableScan
            alias: src_union_3
            filterExpr: (ds = '3') (type: boolean)
            properties:
              insideView TRUE
            Statistics: Num rows: 1000 Data size: 10624 Basic stats: COMPLETE Column stats: NONE
            Select Operator
              Statistics: Num rows: 1000 Data size: 10624 Basic stats: COMPLETE Column stats: NONE
              Union
                Statistics: Num rows: 1002 Data size: 10624 Basic stats: COMPLETE Column stats: NONE
                Select Operator
                  Statistics: Num rows: 1002 Data size: 10624 Basic stats: COMPLETE Column stats: NONE
                  Group By Operator
                    aggregations: count()
                    mode: hash
                    outputColumnNames: _col0
                    Statistics: Num rows: 1 Data size: 8 Basic stats: COMPLETE Column stats: NONE
                    Reduce Output Operator
                      sort order: 
                      Statistics: Num rows: 1 Data size: 8 Basic stats: COMPLETE Column stats: NONE
                      value expressions: _col0 (type: bigint)
      Reduce Operator Tree:
        Group By Operator
          aggregations: count(VALUE._col0)
          mode: mergepartial
          outputColumnNames: _col0
          Statistics: Num rows: 1 Data size: 8 Basic stats: COMPLETE Column stats: NONE
          File Output Operator
            compressed: false
            Statistics: Num rows: 1 Data size: 8 Basic stats: COMPLETE Column stats: NONE
            table:
                input format: org.apache.hadoop.mapred.SequenceFileInputFormat
                output format: org.apache.hadoop.hive.ql.io.HiveSequenceFileOutputFormat
                serde: org.apache.hadoop.hive.serde2.lazy.LazySimpleSerDe

  Stage: Stage-0
    Fetch Operator
      limit: -1
      Processor Tree:
        ListSink

500
1000
1000
STAGE DEPENDENCIES:
  Stage-5 is a root stage
  Stage-4 depends on stages: Stage-5
  Stage-1 depends on stages: Stage-4
  Stage-0 depends on stages: Stage-1

STAGE PLANS:
  Stage: Stage-5
    Map Reduce
      Map Operator Tree:
          TableScan
            alias: default__src_union_3_src_union_3_key_idx__
            filterExpr: ((key = 86) and (ds = '4')) (type: boolean)
            Filter Operator
              predicate: (key = 86) (type: boolean)
              Select Operator
                expressions: _bucketname (type: string), _offsets (type: array<bigint>)
                outputColumnNames: _col0, _col1
                File Output Operator
                  compressed: false
                  table:
                      input format: org.apache.hadoop.mapred.TextInputFormat
                      output format: org.apache.hadoop.hive.ql.io.HiveIgnoreKeyTextOutputFormat
                      serde: org.apache.hadoop.hive.serde2.lazy.LazySimpleSerDe

  Stage: Stage-4
    Move Operator
      files:
          hdfs directory: true
#### A masked pattern was here ####

  Stage: Stage-1
    Map Reduce
      Map Operator Tree:
          TableScan
            alias: src_union_1
            filterExpr: ((key = 86) and (ds = '4')) (type: boolean)
            properties:
              insideView TRUE
            Statistics: Num rows: 1 Data size: 0 Basic stats: PARTIAL Column stats: NONE
            Filter Operator
              predicate: ((key = 86) and (ds = '4')) (type: boolean)
              Statistics: Num rows: 1 Data size: 0 Basic stats: PARTIAL Column stats: NONE
              Select Operator
                expressions: value (type: string)
                outputColumnNames: _col0
                Statistics: Num rows: 1 Data size: 0 Basic stats: PARTIAL Column stats: NONE
                Union
                  Statistics: Num rows: 252 Data size: 2656 Basic stats: COMPLETE Column stats: NONE
                  Select Operator
                    expressions: 86 (type: int), _col0 (type: string), '4' (type: string)
                    outputColumnNames: _col0, _col1, _col2
                    Statistics: Num rows: 252 Data size: 2656 Basic stats: COMPLETE Column stats: NONE
                    File Output Operator
                      compressed: false
                      Statistics: Num rows: 252 Data size: 2656 Basic stats: COMPLETE Column stats: NONE
                      table:
                          input format: org.apache.hadoop.mapred.SequenceFileInputFormat
                          output format: org.apache.hadoop.hive.ql.io.HiveSequenceFileOutputFormat
                          serde: org.apache.hadoop.hive.serde2.lazy.LazySimpleSerDe
          TableScan
            alias: src_union_2
            filterExpr: ((key = 86) and (ds = '4')) (type: boolean)
            properties:
              insideView TRUE
            Statistics: Num rows: 1 Data size: 0 Basic stats: PARTIAL Column stats: NONE
            Filter Operator
              predicate: ((key = 86) and (ds = '4')) (type: boolean)
              Statistics: Num rows: 1 Data size: 0 Basic stats: PARTIAL Column stats: NONE
              Select Operator
                expressions: value (type: string)
                outputColumnNames: _col0
                Statistics: Num rows: 1 Data size: 0 Basic stats: PARTIAL Column stats: NONE
                Union
                  Statistics: Num rows: 252 Data size: 2656 Basic stats: COMPLETE Column stats: NONE
                  Select Operator
                    expressions: 86 (type: int), _col0 (type: string), '4' (type: string)
                    outputColumnNames: _col0, _col1, _col2
                    Statistics: Num rows: 252 Data size: 2656 Basic stats: COMPLETE Column stats: NONE
                    File Output Operator
                      compressed: false
                      Statistics: Num rows: 252 Data size: 2656 Basic stats: COMPLETE Column stats: NONE
                      table:
                          input format: org.apache.hadoop.mapred.SequenceFileInputFormat
                          output format: org.apache.hadoop.hive.ql.io.HiveSequenceFileOutputFormat
                          serde: org.apache.hadoop.hive.serde2.lazy.LazySimpleSerDe
          TableScan
            alias: src_union_3
            filterExpr: ((key = 86) and (ds = '4')) (type: boolean)
            properties:
              insideView TRUE
            Statistics: Num rows: 500 Data size: 5312 Basic stats: COMPLETE Column stats: NONE
            Filter Operator
              predicate: (key = 86) (type: boolean)
              Statistics: Num rows: 250 Data size: 2656 Basic stats: COMPLETE Column stats: NONE
              Select Operator
                expressions: value (type: string)
                outputColumnNames: _col0
                Statistics: Num rows: 250 Data size: 2656 Basic stats: COMPLETE Column stats: NONE
                Union
                  Statistics: Num rows: 252 Data size: 2656 Basic stats: COMPLETE Column stats: NONE
                  Select Operator
                    expressions: 86 (type: int), _col0 (type: string), '4' (type: string)
                    outputColumnNames: _col0, _col1, _col2
                    Statistics: Num rows: 252 Data size: 2656 Basic stats: COMPLETE Column stats: NONE
                    File Output Operator
                      compressed: false
                      Statistics: Num rows: 252 Data size: 2656 Basic stats: COMPLETE Column stats: NONE
                      table:
                          input format: org.apache.hadoop.mapred.SequenceFileInputFormat
                          output format: org.apache.hadoop.hive.ql.io.HiveSequenceFileOutputFormat
                          serde: org.apache.hadoop.hive.serde2.lazy.LazySimpleSerDe

  Stage: Stage-0
    Fetch Operator
      limit: -1
      Processor Tree:
        ListSink

86	val_86	4
STAGE DEPENDENCIES:
  Stage-5 is a root stage
  Stage-4 depends on stages: Stage-5
  Stage-1 depends on stages: Stage-4
  Stage-0 depends on stages: Stage-1

STAGE PLANS:
  Stage: Stage-5
    Map Reduce
      Map Operator Tree:
          TableScan
            alias: default__src_union_3_src_union_3_key_idx__
            filterExpr: (ds = '4') (type: boolean)
            Select Operator
              expressions: _bucketname (type: string), _offsets (type: array<bigint>)
              outputColumnNames: _col0, _col1
              File Output Operator
                compressed: false
                table:
                    input format: org.apache.hadoop.mapred.TextInputFormat
                    output format: org.apache.hadoop.hive.ql.io.HiveIgnoreKeyTextOutputFormat
                    serde: org.apache.hadoop.hive.serde2.lazy.LazySimpleSerDe

  Stage: Stage-4
    Move Operator
      files:
          hdfs directory: true
#### A masked pattern was here ####

  Stage: Stage-1
    Map Reduce
      Map Operator Tree:
          TableScan
            alias: src_union_1
            filterExpr: (ds = '4') (type: boolean)
            properties:
              insideView TRUE
            Statistics: Num rows: 1 Data size: 0 Basic stats: PARTIAL Column stats: NONE
            Filter Operator
              predicate: (ds = '4') (type: boolean)
              Statistics: Num rows: 1 Data size: 0 Basic stats: PARTIAL Column stats: NONE
              Select Operator
                Statistics: Num rows: 1 Data size: 0 Basic stats: PARTIAL Column stats: NONE
                Union
                  Statistics: Num rows: 502 Data size: 5312 Basic stats: COMPLETE Column stats: NONE
                  Select Operator
                    Statistics: Num rows: 502 Data size: 5312 Basic stats: COMPLETE Column stats: NONE
                    Group By Operator
                      aggregations: count()
                      mode: hash
                      outputColumnNames: _col0
                      Statistics: Num rows: 1 Data size: 8 Basic stats: COMPLETE Column stats: NONE
                      Reduce Output Operator
                        sort order: 
                        Statistics: Num rows: 1 Data size: 8 Basic stats: COMPLETE Column stats: NONE
                        value expressions: _col0 (type: bigint)
          TableScan
            alias: src_union_2
            filterExpr: (ds = '4') (type: boolean)
            properties:
              insideView TRUE
            Statistics: Num rows: 1 Data size: 0 Basic stats: PARTIAL Column stats: NONE
            Filter Operator
              predicate: (ds = '4') (type: boolean)
              Statistics: Num rows: 1 Data size: 0 Basic stats: PARTIAL Column stats: NONE
              Select Operator
                Statistics: Num rows: 1 Data size: 0 Basic stats: PARTIAL Column stats: NONE
                Union
                  Statistics: Num rows: 502 Data size: 5312 Basic stats: COMPLETE Column stats: NONE
                  Select Operator
                    Statistics: Num rows: 502 Data size: 5312 Basic stats: COMPLETE Column stats: NONE
                    Group By Operator
                      aggregations: count()
                      mode: hash
                      outputColumnNames: _col0
                      Statistics: Num rows: 1 Data size: 8 Basic stats: COMPLETE Column stats: NONE
                      Reduce Output Operator
                        sort order: 
                        Statistics: Num rows: 1 Data size: 8 Basic stats: COMPLETE Column stats: NONE
                        value expressions: _col0 (type: bigint)
          TableScan
            alias: src_union_3
            filterExpr: (ds = '4') (type: boolean)
            properties:
              insideView TRUE
            Statistics: Num rows: 500 Data size: 5312 Basic stats: COMPLETE Column stats: NONE
            Select Operator
              Statistics: Num rows: 500 Data size: 5312 Basic stats: COMPLETE Column stats: NONE
              Union
                Statistics: Num rows: 502 Data size: 5312 Basic stats: COMPLETE Column stats: NONE
                Select Operator
                  Statistics: Num rows: 502 Data size: 5312 Basic stats: COMPLETE Column stats: NONE
                  Group By Operator
                    aggregations: count()
                    mode: hash
                    outputColumnNames: _col0
                    Statistics: Num rows: 1 Data size: 8 Basic stats: COMPLETE Column stats: NONE
                    Reduce Output Operator
                      sort order: 
                      Statistics: Num rows: 1 Data size: 8 Basic stats: COMPLETE Column stats: NONE
                      value expressions: _col0 (type: bigint)
      Reduce Operator Tree:
        Group By Operator
          aggregations: count(VALUE._col0)
          mode: mergepartial
          outputColumnNames: _col0
          Statistics: Num rows: 1 Data size: 8 Basic stats: COMPLETE Column stats: NONE
          File Output Operator
            compressed: false
            Statistics: Num rows: 1 Data size: 8 Basic stats: COMPLETE Column stats: NONE
            table:
                input format: org.apache.hadoop.mapred.SequenceFileInputFormat
                output format: org.apache.hadoop.hive.ql.io.HiveSequenceFileOutputFormat
                serde: org.apache.hadoop.hive.serde2.lazy.LazySimpleSerDe

  Stage: Stage-0
    Fetch Operator
      limit: -1
      Processor Tree:
        ListSink

500
