PREHOOK: query: create table inputTbl1_n18(key string, val string) stored as textfile
PREHOOK: type: CREATETABLE
PREHOOK: Output: database:default
PREHOOK: Output: default@inputTbl1_n18
POSTHOOK: query: create table inputTbl1_n18(key string, val string) stored as textfile
POSTHOOK: type: CREATETABLE
POSTHOOK: Output: database:default
POSTHOOK: Output: default@inputTbl1_n18
PREHOOK: query: create table outputTbl1_n25(key string, `values` bigint) partitioned by (ds string) stored as rcfile
PREHOOK: type: CREATETABLE
PREHOOK: Output: database:default
PREHOOK: Output: default@outputTbl1_n25
POSTHOOK: query: create table outputTbl1_n25(key string, `values` bigint) partitioned by (ds string) stored as rcfile
POSTHOOK: type: CREATETABLE
POSTHOOK: Output: database:default
POSTHOOK: Output: default@outputTbl1_n25
PREHOOK: query: load data local inpath '../../data/files/T1.txt' into table inputTbl1_n18
PREHOOK: type: LOAD
#### A masked pattern was here ####
PREHOOK: Output: default@inputtbl1_n18
POSTHOOK: query: load data local inpath '../../data/files/T1.txt' into table inputTbl1_n18
POSTHOOK: type: LOAD
#### A masked pattern was here ####
POSTHOOK: Output: default@inputtbl1_n18
PREHOOK: query: explain
insert overwrite table outputTbl1_n25 partition (ds)
SELECT *
FROM (
  SELECT key, count(1) as `values`, '1' as ds from inputTbl1_n18 group by key
  UNION ALL
  SELECT key, count(1) as `values`, '2' as ds from inputTbl1_n18 group by key
) a
PREHOOK: type: QUERY
PREHOOK: Input: default@inputtbl1_n18
PREHOOK: Output: default@outputtbl1_n25
POSTHOOK: query: explain
insert overwrite table outputTbl1_n25 partition (ds)
SELECT *
FROM (
  SELECT key, count(1) as `values`, '1' as ds from inputTbl1_n18 group by key
  UNION ALL
  SELECT key, count(1) as `values`, '2' as ds from inputTbl1_n18 group by key
) a
POSTHOOK: type: QUERY
POSTHOOK: Input: default@inputtbl1_n18
STAGE DEPENDENCIES:
  Stage-1 is a root stage
  Stage-0 depends on stages: Stage-1, Stage-2
  Stage-2 is a root stage

STAGE PLANS:
  Stage: Stage-1
    Map Reduce
      Map Operator Tree:
          TableScan
            alias: inputtbl1_n18
            Statistics: Num rows: 1 Data size: 300 Basic stats: COMPLETE Column stats: NONE
            Select Operator
              expressions: key (type: string)
              outputColumnNames: key
              Statistics: Num rows: 1 Data size: 300 Basic stats: COMPLETE Column stats: NONE
              Group By Operator
                aggregations: count()
                keys: key (type: string)
                mode: hash
                outputColumnNames: _col0, _col1
                Statistics: Num rows: 1 Data size: 300 Basic stats: COMPLETE Column stats: NONE
                Reduce Output Operator
                  key expressions: _col0 (type: string)
                  sort order: +
                  Map-reduce partition columns: _col0 (type: string)
                  Statistics: Num rows: 1 Data size: 300 Basic stats: COMPLETE Column stats: NONE
                  value expressions: _col1 (type: bigint)
      Execution mode: vectorized
      Reduce Operator Tree:
        Group By Operator
          aggregations: count(VALUE._col0)
          keys: KEY._col0 (type: string)
          mode: mergepartial
          outputColumnNames: _col0, _col1
          Statistics: Num rows: 1 Data size: 300 Basic stats: COMPLETE Column stats: NONE
          Select Operator
            expressions: _col0 (type: string), _col1 (type: bigint), '1' (type: string)
            outputColumnNames: _col0, _col1, _col2
            Statistics: Num rows: 1 Data size: 300 Basic stats: COMPLETE Column stats: NONE
            File Output Operator
              compressed: false
              Statistics: Num rows: 1 Data size: 300 Basic stats: COMPLETE Column stats: NONE
              table:
                  input format: org.apache.hadoop.hive.ql.io.RCFileInputFormat
                  output format: org.apache.hadoop.hive.ql.io.RCFileOutputFormat
                  serde: org.apache.hadoop.hive.serde2.columnar.ColumnarSerDe
                  name: default.outputtbl1_n25

  Stage: Stage-0
    Move Operator
      tables:
          partition:
            ds 
          replace: true
          table:
              input format: org.apache.hadoop.hive.ql.io.RCFileInputFormat
              output format: org.apache.hadoop.hive.ql.io.RCFileOutputFormat
              serde: org.apache.hadoop.hive.serde2.columnar.ColumnarSerDe
              name: default.outputtbl1_n25

  Stage: Stage-2
    Map Reduce
      Map Operator Tree:
          TableScan
            alias: inputtbl1_n18
            Statistics: Num rows: 1 Data size: 300 Basic stats: COMPLETE Column stats: NONE
            Select Operator
              expressions: key (type: string)
              outputColumnNames: key
              Statistics: Num rows: 1 Data size: 300 Basic stats: COMPLETE Column stats: NONE
              Group By Operator
                aggregations: count()
                keys: key (type: string)
                mode: hash
                outputColumnNames: _col0, _col1
                Statistics: Num rows: 1 Data size: 300 Basic stats: COMPLETE Column stats: NONE
                Reduce Output Operator
                  key expressions: _col0 (type: string)
                  sort order: +
                  Map-reduce partition columns: _col0 (type: string)
                  Statistics: Num rows: 1 Data size: 300 Basic stats: COMPLETE Column stats: NONE
                  value expressions: _col1 (type: bigint)
      Execution mode: vectorized
      Reduce Operator Tree:
        Group By Operator
          aggregations: count(VALUE._col0)
          keys: KEY._col0 (type: string)
          mode: mergepartial
          outputColumnNames: _col0, _col1
          Statistics: Num rows: 1 Data size: 300 Basic stats: COMPLETE Column stats: NONE
          Select Operator
            expressions: _col0 (type: string), _col1 (type: bigint), '2' (type: string)
            outputColumnNames: _col0, _col1, _col2
            Statistics: Num rows: 1 Data size: 300 Basic stats: COMPLETE Column stats: NONE
            File Output Operator
              compressed: false
              Statistics: Num rows: 1 Data size: 300 Basic stats: COMPLETE Column stats: NONE
              table:
                  input format: org.apache.hadoop.hive.ql.io.RCFileInputFormat
                  output format: org.apache.hadoop.hive.ql.io.RCFileOutputFormat
                  serde: org.apache.hadoop.hive.serde2.columnar.ColumnarSerDe
                  name: default.outputtbl1_n25

PREHOOK: query: insert overwrite table outputTbl1_n25 partition (ds)
SELECT *
FROM (
  SELECT key, count(1) as `values`, '1' as ds from inputTbl1_n18 group by key
  UNION ALL
  SELECT key, count(1) as `values`, '2' as ds from inputTbl1_n18 group by key
) a
PREHOOK: type: QUERY
PREHOOK: Input: default@inputtbl1_n18
PREHOOK: Output: default@outputtbl1_n25
POSTHOOK: query: insert overwrite table outputTbl1_n25 partition (ds)
SELECT *
FROM (
  SELECT key, count(1) as `values`, '1' as ds from inputTbl1_n18 group by key
  UNION ALL
  SELECT key, count(1) as `values`, '2' as ds from inputTbl1_n18 group by key
) a
POSTHOOK: type: QUERY
POSTHOOK: Input: default@inputtbl1_n18
POSTHOOK: Output: default@outputtbl1_n25@ds=1
POSTHOOK: Output: default@outputtbl1_n25@ds=2
POSTHOOK: Lineage: outputtbl1_n25 PARTITION(ds=1).key EXPRESSION [(inputtbl1_n18)inputtbl1_n18.FieldSchema(name:key, type:string, comment:null), ]
POSTHOOK: Lineage: outputtbl1_n25 PARTITION(ds=1).values EXPRESSION [(inputtbl1_n18)inputtbl1_n18.null, ]
POSTHOOK: Lineage: outputtbl1_n25 PARTITION(ds=2).key EXPRESSION [(inputtbl1_n18)inputtbl1_n18.FieldSchema(name:key, type:string, comment:null), ]
POSTHOOK: Lineage: outputtbl1_n25 PARTITION(ds=2).values EXPRESSION [(inputtbl1_n18)inputtbl1_n18.null, ]
PREHOOK: query: desc formatted outputTbl1_n25
PREHOOK: type: DESCTABLE
PREHOOK: Input: default@outputtbl1_n25
POSTHOOK: query: desc formatted outputTbl1_n25
POSTHOOK: type: DESCTABLE
POSTHOOK: Input: default@outputtbl1_n25
# col_name            	data_type           	comment             
key                 	string              	                    
values              	bigint              	                    
	 	 
# Partition Information	 	 
# col_name            	data_type           	comment             
ds                  	string              	                    
	 	 
# Detailed Table Information	 	 
Database:           	default             	 
#### A masked pattern was here ####
Retention:          	0                   	 
#### A masked pattern was here ####
Table Type:         	MANAGED_TABLE       	 
Table Parameters:	 	 
	bucketing_version   	2                   
	numFiles            	2                   
	numPartitions       	2                   
	numRows             	0                   
	rawDataSize         	0                   
	totalSize           	178                 
#### A masked pattern was here ####
	 	 
# Storage Information	 	 
SerDe Library:      	org.apache.hadoop.hive.serde2.columnar.ColumnarSerDe	 
InputFormat:        	org.apache.hadoop.hive.ql.io.RCFileInputFormat	 
OutputFormat:       	org.apache.hadoop.hive.ql.io.RCFileOutputFormat	 
Compressed:         	No                  	 
Num Buckets:        	-1                  	 
Bucket Columns:     	[]                  	 
Sort Columns:       	[]                  	 
Storage Desc Params:	 	 
	serialization.format	1                   
PREHOOK: query: show partitions outputTbl1_n25
PREHOOK: type: SHOWPARTITIONS
PREHOOK: Input: default@outputtbl1_n25
POSTHOOK: query: show partitions outputTbl1_n25
POSTHOOK: type: SHOWPARTITIONS
POSTHOOK: Input: default@outputtbl1_n25
ds=1
ds=2
PREHOOK: query: select * from outputTbl1_n25 where ds = '1'
PREHOOK: type: QUERY
PREHOOK: Input: default@outputtbl1_n25
PREHOOK: Input: default@outputtbl1_n25@ds=1
#### A masked pattern was here ####
POSTHOOK: query: select * from outputTbl1_n25 where ds = '1'
POSTHOOK: type: QUERY
POSTHOOK: Input: default@outputtbl1_n25
POSTHOOK: Input: default@outputtbl1_n25@ds=1
#### A masked pattern was here ####
1	1	1
2	1	1
3	1	1
7	1	1
8	2	1
PREHOOK: query: select * from outputTbl1_n25 where ds = '2'
PREHOOK: type: QUERY
PREHOOK: Input: default@outputtbl1_n25
PREHOOK: Input: default@outputtbl1_n25@ds=2
#### A masked pattern was here ####
POSTHOOK: query: select * from outputTbl1_n25 where ds = '2'
POSTHOOK: type: QUERY
POSTHOOK: Input: default@outputtbl1_n25
POSTHOOK: Input: default@outputtbl1_n25@ds=2
#### A masked pattern was here ####
1	1	2
2	1	2
3	1	2
7	1	2
8	2	2
