PREHOOK: query: explain
select 'key1', 'value1' from alltypesorc tablesample (1 rows)
PREHOOK: type: QUERY
POSTHOOK: query: explain
select 'key1', 'value1' from alltypesorc tablesample (1 rows)
POSTHOOK: type: QUERY
Explain
STAGE DEPENDENCIES:
  Stage-1 is a root stage
  Stage-0 depends on stages: Stage-1

STAGE PLANS:
  Stage: Stage-1
    Map Reduce
      Map Operator Tree:
          TableScan
            alias: alltypesorc
            Row Limit Per Split: 1
            Statistics: Num rows: 12288 Data size: 2641964 Basic stats: COMPLETE Column stats: COMPLETE
            Select Operator
              expressions: 'key1' (type: string), 'value1' (type: string)
              outputColumnNames: _col0, _col1
              Statistics: Num rows: 12288 Data size: 2187264 Basic stats: COMPLETE Column stats: COMPLETE
              File Output Operator
                compressed: false
                Statistics: Num rows: 12288 Data size: 2187264 Basic stats: COMPLETE Column stats: COMPLETE
                table:
                    input format: org.apache.hadoop.mapred.TextInputFormat
                    output format: org.apache.hadoop.hive.ql.io.HiveIgnoreKeyTextOutputFormat
                    serde: org.apache.hadoop.hive.serde2.lazy.LazySimpleSerDe
      Execution mode: vectorized

  Stage: Stage-0
    Fetch Operator
      limit: -1
      Processor Tree:
        ListSink

PREHOOK: query: select 'key1', 'value1' from alltypesorc tablesample (1 rows)
PREHOOK: type: QUERY
PREHOOK: Input: default@alltypesorc
#### A masked pattern was here ####
POSTHOOK: query: select 'key1', 'value1' from alltypesorc tablesample (1 rows)
POSTHOOK: type: QUERY
POSTHOOK: Input: default@alltypesorc
#### A masked pattern was here ####
_c0	_c1
key1	value1
PREHOOK: query: create table decimal_2 (t decimal(18,9)) stored as orc
PREHOOK: type: CREATETABLE
PREHOOK: Output: database:default
PREHOOK: Output: default@decimal_2
POSTHOOK: query: create table decimal_2 (t decimal(18,9)) stored as orc
POSTHOOK: type: CREATETABLE
POSTHOOK: Output: database:default
POSTHOOK: Output: default@decimal_2
PREHOOK: query: explain
insert overwrite table decimal_2
  select cast('17.29' as decimal(4,2)) from alltypesorc tablesample (1 rows)
PREHOOK: type: QUERY
POSTHOOK: query: explain
insert overwrite table decimal_2
  select cast('17.29' as decimal(4,2)) from alltypesorc tablesample (1 rows)
POSTHOOK: type: QUERY
Explain
STAGE DEPENDENCIES:
  Stage-1 is a root stage
  Stage-7 depends on stages: Stage-1 , consists of Stage-4, Stage-3, Stage-5
  Stage-4
  Stage-0 depends on stages: Stage-4, Stage-3, Stage-6
  Stage-2 depends on stages: Stage-0
  Stage-3
  Stage-5
  Stage-6 depends on stages: Stage-5

STAGE PLANS:
  Stage: Stage-1
    Map Reduce
      Map Operator Tree:
          TableScan
            alias: alltypesorc
            Row Limit Per Split: 1
            Statistics: Num rows: 12288 Data size: 2641964 Basic stats: COMPLETE Column stats: COMPLETE
            Select Operator
              expressions: 17.29 (type: decimal(18,9))
              outputColumnNames: _col0
              Statistics: Num rows: 12288 Data size: 1376256 Basic stats: COMPLETE Column stats: COMPLETE
              File Output Operator
                compressed: false
                Statistics: Num rows: 12288 Data size: 1376256 Basic stats: COMPLETE Column stats: COMPLETE
                table:
                    input format: org.apache.hadoop.hive.ql.io.orc.OrcInputFormat
                    output format: org.apache.hadoop.hive.ql.io.orc.OrcOutputFormat
                    serde: org.apache.hadoop.hive.ql.io.orc.OrcSerde
                    name: default.decimal_2
      Execution mode: vectorized

  Stage: Stage-7
    Conditional Operator

  Stage: Stage-4
    Move Operator
      files:
          hdfs directory: true
#### A masked pattern was here ####

  Stage: Stage-0
    Move Operator
      tables:
          replace: true
          table:
              input format: org.apache.hadoop.hive.ql.io.orc.OrcInputFormat
              output format: org.apache.hadoop.hive.ql.io.orc.OrcOutputFormat
              serde: org.apache.hadoop.hive.ql.io.orc.OrcSerde
              name: default.decimal_2

  Stage: Stage-2
    Stats-Aggr Operator

  Stage: Stage-3
    Merge File Operator
      Map Operator Tree:
          ORC File Merge Operator
      merge level: stripe
      input format: org.apache.hadoop.hive.ql.io.orc.OrcInputFormat

  Stage: Stage-5
    Merge File Operator
      Map Operator Tree:
          ORC File Merge Operator
      merge level: stripe
      input format: org.apache.hadoop.hive.ql.io.orc.OrcInputFormat

  Stage: Stage-6
    Move Operator
      files:
          hdfs directory: true
#### A masked pattern was here ####

PREHOOK: query: insert overwrite table decimal_2
  select cast('17.29' as decimal(4,2)) from alltypesorc tablesample (1 rows)
PREHOOK: type: QUERY
PREHOOK: Input: default@alltypesorc
PREHOOK: Output: default@decimal_2
POSTHOOK: query: insert overwrite table decimal_2
  select cast('17.29' as decimal(4,2)) from alltypesorc tablesample (1 rows)
POSTHOOK: type: QUERY
POSTHOOK: Input: default@alltypesorc
POSTHOOK: Output: default@decimal_2
POSTHOOK: Lineage: decimal_2.t EXPRESSION []
_col0
PREHOOK: query: select count(*) from decimal_2
PREHOOK: type: QUERY
PREHOOK: Input: default@decimal_2
#### A masked pattern was here ####
POSTHOOK: query: select count(*) from decimal_2
POSTHOOK: type: QUERY
POSTHOOK: Input: default@decimal_2
#### A masked pattern was here ####
c0
1
PREHOOK: query: drop table decimal_2
PREHOOK: type: DROPTABLE
PREHOOK: Input: default@decimal_2
PREHOOK: Output: default@decimal_2
POSTHOOK: query: drop table decimal_2
POSTHOOK: type: DROPTABLE
POSTHOOK: Input: default@decimal_2
POSTHOOK: Output: default@decimal_2
PREHOOK: query: -- Dummy tables HIVE-13190
explain
select count(1) from (select * from (Select 1 a) x order by x.a) y
PREHOOK: type: QUERY
POSTHOOK: query: -- Dummy tables HIVE-13190
explain
select count(1) from (select * from (Select 1 a) x order by x.a) y
POSTHOOK: type: QUERY
Explain
STAGE DEPENDENCIES:
  Stage-1 is a root stage
  Stage-0 depends on stages: Stage-1

STAGE PLANS:
  Stage: Stage-1
    Map Reduce
      Map Operator Tree:
          TableScan
            alias: _dummy_table
            Row Limit Per Split: 1
            Statistics: Num rows: 1 Data size: 1 Basic stats: COMPLETE Column stats: COMPLETE
            Select Operator
              Statistics: Num rows: 1 Data size: 1 Basic stats: COMPLETE Column stats: COMPLETE
              Reduce Output Operator
                key expressions: 1 (type: int)
                sort order: +
                Statistics: Num rows: 1 Data size: 1 Basic stats: COMPLETE Column stats: COMPLETE
      Reduce Operator Tree:
        Select Operator
          Statistics: Num rows: 1 Data size: 1 Basic stats: COMPLETE Column stats: COMPLETE
          Group By Operator
            aggregations: count(1)
            mode: complete
            outputColumnNames: _col0
            Statistics: Num rows: 1 Data size: 8 Basic stats: COMPLETE Column stats: COMPLETE
            File Output Operator
              compressed: false
              Statistics: Num rows: 1 Data size: 8 Basic stats: COMPLETE Column stats: COMPLETE
              table:
                  input format: org.apache.hadoop.mapred.TextInputFormat
                  output format: org.apache.hadoop.hive.ql.io.HiveIgnoreKeyTextOutputFormat
                  serde: org.apache.hadoop.hive.serde2.lazy.LazySimpleSerDe

  Stage: Stage-0
    Fetch Operator
      limit: -1
      Processor Tree:
        ListSink

PREHOOK: query: select count(1) from (select * from (Select 1 a) x order by x.a) y
PREHOOK: type: QUERY
PREHOOK: Input: _dummy_database@_dummy_table
#### A masked pattern was here ####
POSTHOOK: query: select count(1) from (select * from (Select 1 a) x order by x.a) y
POSTHOOK: type: QUERY
POSTHOOK: Input: _dummy_database@_dummy_table
#### A masked pattern was here ####
_c0
1
PREHOOK: query: explain
create temporary table dual as select 1
PREHOOK: type: CREATETABLE_AS_SELECT
POSTHOOK: query: explain
create temporary table dual as select 1
POSTHOOK: type: CREATETABLE_AS_SELECT
Explain
STAGE DEPENDENCIES:
  Stage-1 is a root stage
  Stage-7 depends on stages: Stage-1 , consists of Stage-4, Stage-3, Stage-5
  Stage-4
  Stage-0 depends on stages: Stage-4, Stage-3, Stage-6
  Stage-8 depends on stages: Stage-0
  Stage-2 depends on stages: Stage-8
  Stage-3
  Stage-5
  Stage-6 depends on stages: Stage-5

STAGE PLANS:
  Stage: Stage-1
    Map Reduce
      Map Operator Tree:
          TableScan
            alias: _dummy_table
            Row Limit Per Split: 1
            Statistics: Num rows: 1 Data size: 1 Basic stats: COMPLETE Column stats: COMPLETE
            Select Operator
              expressions: 1 (type: int)
              outputColumnNames: _col0
              Statistics: Num rows: 1 Data size: 4 Basic stats: COMPLETE Column stats: COMPLETE
              File Output Operator
                compressed: false
                Statistics: Num rows: 1 Data size: 4 Basic stats: COMPLETE Column stats: COMPLETE
                table:
                    input format: org.apache.hadoop.mapred.TextInputFormat
                    output format: org.apache.hadoop.hive.ql.io.HiveIgnoreKeyTextOutputFormat
                    serde: org.apache.hadoop.hive.serde2.lazy.LazySimpleSerDe
                    name: default.dual

  Stage: Stage-7
    Conditional Operator

  Stage: Stage-4
    Move Operator
      files:
          hdfs directory: true
#### A masked pattern was here ####

  Stage: Stage-0
    Move Operator
      files:
          hdfs directory: true
#### A masked pattern was here ####

  Stage: Stage-8
      Create Table Operator:
        Create Table
          columns: _c0 int
          input format: org.apache.hadoop.mapred.TextInputFormat
#### A masked pattern was here ####
          output format: org.apache.hadoop.hive.ql.io.IgnoreKeyTextOutputFormat
          serde name: org.apache.hadoop.hive.serde2.lazy.LazySimpleSerDe
          name: default.dual
          isTemporary: true

  Stage: Stage-2
    Stats-Aggr Operator

  Stage: Stage-3
    Map Reduce
      Map Operator Tree:
          TableScan
            File Output Operator
              compressed: false
              table:
                  input format: org.apache.hadoop.mapred.TextInputFormat
                  output format: org.apache.hadoop.hive.ql.io.HiveIgnoreKeyTextOutputFormat
                  serde: org.apache.hadoop.hive.serde2.lazy.LazySimpleSerDe
                  name: default.dual

  Stage: Stage-5
    Map Reduce
      Map Operator Tree:
          TableScan
            File Output Operator
              compressed: false
              table:
                  input format: org.apache.hadoop.mapred.TextInputFormat
                  output format: org.apache.hadoop.hive.ql.io.HiveIgnoreKeyTextOutputFormat
                  serde: org.apache.hadoop.hive.serde2.lazy.LazySimpleSerDe
                  name: default.dual

  Stage: Stage-6
    Move Operator
      files:
          hdfs directory: true
#### A masked pattern was here ####

PREHOOK: query: create temporary table dual as select 1
PREHOOK: type: CREATETABLE_AS_SELECT
PREHOOK: Input: _dummy_database@_dummy_table
PREHOOK: Output: database:default
PREHOOK: Output: default@dual
POSTHOOK: query: create temporary table dual as select 1
POSTHOOK: type: CREATETABLE_AS_SELECT
POSTHOOK: Input: _dummy_database@_dummy_table
POSTHOOK: Output: database:default
POSTHOOK: Output: default@dual
_c0
PREHOOK: query: select * from dual
PREHOOK: type: QUERY
PREHOOK: Input: default@dual
#### A masked pattern was here ####
POSTHOOK: query: select * from dual
POSTHOOK: type: QUERY
POSTHOOK: Input: default@dual
#### A masked pattern was here ####
dual._c0
1
