WARNING: Comparing a bigint and a double may result in a loss of precision.
PREHOOK: query: explain vectorization SELECT cbigint, cdouble FROM alltypesorc WHERE cbigint < cdouble and cint > 0 limit 3,2
PREHOOK: type: QUERY
POSTHOOK: query: explain vectorization SELECT cbigint, cdouble FROM alltypesorc WHERE cbigint < cdouble and cint > 0 limit 3,2
POSTHOOK: type: QUERY
PLAN VECTORIZATION:
  enabled: true
  enabledConditionsMet: [hive.vectorized.execution.enabled IS true]

STAGE DEPENDENCIES:
  Stage-1 is a root stage
  Stage-0 depends on stages: Stage-1

STAGE PLANS:
  Stage: Stage-1
    Map Reduce
      Map Operator Tree:
          TableScan
            alias: alltypesorc
            Statistics: Num rows: 12288 Data size: 2907994 Basic stats: COMPLETE Column stats: NONE
            Filter Operator
              predicate: ((UDFToDouble(cbigint) < cdouble) and (cint > 0)) (type: boolean)
              Statistics: Num rows: 1365 Data size: 323031 Basic stats: COMPLETE Column stats: NONE
              Select Operator
                expressions: cbigint (type: bigint), cdouble (type: double)
                outputColumnNames: _col0, _col1
                Statistics: Num rows: 1365 Data size: 323031 Basic stats: COMPLETE Column stats: NONE
                Limit
                  Number of rows: 2
                  Offset of rows: 3
                  Statistics: Num rows: 2 Data size: 472 Basic stats: COMPLETE Column stats: NONE
                  File Output Operator
                    compressed: false
                    Statistics: Num rows: 2 Data size: 472 Basic stats: COMPLETE Column stats: NONE
                    table:
                        input format: org.apache.hadoop.mapred.SequenceFileInputFormat
                        output format: org.apache.hadoop.hive.ql.io.HiveSequenceFileOutputFormat
                        serde: org.apache.hadoop.hive.serde2.lazy.LazySimpleSerDe
      Execution mode: vectorized
      Map Vectorization:
          enabled: true
          enabledConditionsMet: hive.vectorized.use.vectorized.input.format IS true
          inputFormatFeatureSupport: []
          featureSupportInUse: []
          inputFileFormats: org.apache.hadoop.hive.ql.io.orc.OrcInputFormat
          allNative: false
          usesVectorUDFAdaptor: false
          vectorized: true

  Stage: Stage-0
    Fetch Operator
      limit: 2
      Processor Tree:
        ListSink

WARNING: Comparing a bigint and a double may result in a loss of precision.
PREHOOK: query: SELECT cbigint, cdouble FROM alltypesorc WHERE cbigint < cdouble and cint > 0 limit 3,2
PREHOOK: type: QUERY
PREHOOK: Input: default@alltypesorc
#### A masked pattern was here ####
POSTHOOK: query: SELECT cbigint, cdouble FROM alltypesorc WHERE cbigint < cdouble and cint > 0 limit 3,2
POSTHOOK: type: QUERY
POSTHOOK: Input: default@alltypesorc
#### A masked pattern was here ####
-1887561756	10361.0
-1887561756	-8881.0
PREHOOK: query: explain vectorization expression
select ctinyint,cdouble,csmallint from alltypesorc where ctinyint is not null order by ctinyint,cdouble limit 10,3
PREHOOK: type: QUERY
POSTHOOK: query: explain vectorization expression
select ctinyint,cdouble,csmallint from alltypesorc where ctinyint is not null order by ctinyint,cdouble limit 10,3
POSTHOOK: type: QUERY
PLAN VECTORIZATION:
  enabled: true
  enabledConditionsMet: [hive.vectorized.execution.enabled IS true]

STAGE DEPENDENCIES:
  Stage-1 is a root stage
  Stage-0 depends on stages: Stage-1

STAGE PLANS:
  Stage: Stage-1
    Map Reduce
      Map Operator Tree:
          TableScan
            alias: alltypesorc
            Statistics: Num rows: 12288 Data size: 2907994 Basic stats: COMPLETE Column stats: NONE
            TableScan Vectorization:
                native: true
            Filter Operator
              Filter Vectorization:
                  className: VectorFilterOperator
                  native: true
                  predicateExpression: SelectColumnIsNotNull(col 0:tinyint)
              predicate: ctinyint is not null (type: boolean)
              Statistics: Num rows: 12288 Data size: 2907994 Basic stats: COMPLETE Column stats: NONE
              Select Operator
                expressions: ctinyint (type: tinyint), cdouble (type: double), csmallint (type: smallint)
                outputColumnNames: _col0, _col1, _col2
                Select Vectorization:
                    className: VectorSelectOperator
                    native: true
                    projectedOutputColumnNums: [0, 5, 1]
                Statistics: Num rows: 12288 Data size: 2907994 Basic stats: COMPLETE Column stats: NONE
                Reduce Output Operator
                  key expressions: _col0 (type: tinyint), _col1 (type: double)
                  sort order: ++
                  Reduce Sink Vectorization:
                      className: VectorReduceSinkOperator
                      native: false
                      nativeConditionsMet: hive.vectorized.execution.reducesink.new.enabled IS true, No PTF TopN IS true, No DISTINCT columns IS true, BinarySortableSerDe for keys IS true, LazyBinarySerDe for values IS true
                      nativeConditionsNotMet: hive.execution.engine mr IN [tez, spark] IS false
                  Statistics: Num rows: 12288 Data size: 2907994 Basic stats: COMPLETE Column stats: NONE
                  TopN Hash Memory Usage: 0.1
                  value expressions: _col2 (type: smallint)
      Execution mode: vectorized
      Map Vectorization:
          enabled: true
          enabledConditionsMet: hive.vectorized.use.vectorized.input.format IS true
          inputFormatFeatureSupport: []
          featureSupportInUse: []
          inputFileFormats: org.apache.hadoop.hive.ql.io.orc.OrcInputFormat
          allNative: false
          usesVectorUDFAdaptor: false
          vectorized: true
      Reduce Vectorization:
          enabled: false
          enableConditionsMet: hive.vectorized.execution.reduce.enabled IS true
          enableConditionsNotMet: hive.execution.engine mr IN [tez, spark] IS false
      Reduce Operator Tree:
        Select Operator
          expressions: KEY.reducesinkkey0 (type: tinyint), KEY.reducesinkkey1 (type: double), VALUE._col0 (type: smallint)
          outputColumnNames: _col0, _col1, _col2
          Statistics: Num rows: 12288 Data size: 2907994 Basic stats: COMPLETE Column stats: NONE
          Limit
            Number of rows: 3
            Offset of rows: 10
            Statistics: Num rows: 3 Data size: 708 Basic stats: COMPLETE Column stats: NONE
            File Output Operator
              compressed: false
              Statistics: Num rows: 3 Data size: 708 Basic stats: COMPLETE Column stats: NONE
              table:
                  input format: org.apache.hadoop.mapred.SequenceFileInputFormat
                  output format: org.apache.hadoop.hive.ql.io.HiveSequenceFileOutputFormat
                  serde: org.apache.hadoop.hive.serde2.lazy.LazySimpleSerDe

  Stage: Stage-0
    Fetch Operator
      limit: 3
      Processor Tree:
        ListSink

PREHOOK: query: select ctinyint,cdouble,csmallint from alltypesorc where ctinyint is not null order by ctinyint,cdouble limit 10,3
PREHOOK: type: QUERY
PREHOOK: Input: default@alltypesorc
#### A masked pattern was here ####
POSTHOOK: query: select ctinyint,cdouble,csmallint from alltypesorc where ctinyint is not null order by ctinyint,cdouble limit 10,3
POSTHOOK: type: QUERY
POSTHOOK: Input: default@alltypesorc
#### A masked pattern was here ####
-64	-7196.0	-7196
-64	-6907.0	-6907
-64	-4803.0	-4803
