PREHOOK: query: create temporary function UDFHelloTest as 'org.apache.hadoop.hive.ql.exec.vector.UDFHelloTest'
PREHOOK: type: CREATEFUNCTION
PREHOOK: Output: udfhellotest
POSTHOOK: query: create temporary function UDFHelloTest as 'org.apache.hadoop.hive.ql.exec.vector.UDFHelloTest'
POSTHOOK: type: CREATEFUNCTION
POSTHOOK: Output: udfhellotest
PREHOOK: query: create table testorc1(id int, name string) stored as orc
PREHOOK: type: CREATETABLE
PREHOOK: Output: database:default
PREHOOK: Output: default@testorc1
POSTHOOK: query: create table testorc1(id int, name string) stored as orc
POSTHOOK: type: CREATETABLE
POSTHOOK: Output: database:default
POSTHOOK: Output: default@testorc1
PREHOOK: query: insert into table testorc1 values(1, 'a1'), (2,'a2')
PREHOOK: type: QUERY
PREHOOK: Input: _dummy_database@_dummy_table
PREHOOK: Output: default@testorc1
POSTHOOK: query: insert into table testorc1 values(1, 'a1'), (2,'a2')
POSTHOOK: type: QUERY
POSTHOOK: Input: _dummy_database@_dummy_table
POSTHOOK: Output: default@testorc1
POSTHOOK: Lineage: testorc1.id SCRIPT []
POSTHOOK: Lineage: testorc1.name SCRIPT []
PREHOOK: query: explain
select id, UDFHelloTest(name) from testorc1
PREHOOK: type: QUERY
PREHOOK: Input: default@testorc1
#### A masked pattern was here ####
POSTHOOK: query: explain
select id, UDFHelloTest(name) from testorc1
POSTHOOK: type: QUERY
POSTHOOK: Input: default@testorc1
#### A masked pattern was here ####
STAGE DEPENDENCIES:
  Stage-1 is a root stage
  Stage-0 depends on stages: Stage-1

STAGE PLANS:
  Stage: Stage-1
    Map Reduce
      Map Operator Tree:
          TableScan
            alias: testorc1
            Statistics: Num rows: 2 Data size: 180 Basic stats: COMPLETE Column stats: NONE
            Select Operator
              expressions: id (type: int), Hello... (type: string)
              outputColumnNames: _col0, _col1
              Statistics: Num rows: 2 Data size: 180 Basic stats: COMPLETE Column stats: NONE
              File Output Operator
                compressed: false
                Statistics: Num rows: 2 Data size: 180 Basic stats: COMPLETE Column stats: NONE
                table:
                    input format: org.apache.hadoop.mapred.SequenceFileInputFormat
                    output format: org.apache.hadoop.hive.ql.io.HiveSequenceFileOutputFormat
                    serde: org.apache.hadoop.hive.serde2.lazy.LazySimpleSerDe
      Execution mode: vectorized

  Stage: Stage-0
    Fetch Operator
      limit: -1
      Processor Tree:
        ListSink

PREHOOK: query: select id, UDFHelloTest(name) from testorc1
PREHOOK: type: QUERY
PREHOOK: Input: default@testorc1
#### A masked pattern was here ####
POSTHOOK: query: select id, UDFHelloTest(name) from testorc1
POSTHOOK: type: QUERY
POSTHOOK: Input: default@testorc1
#### A masked pattern was here ####
1	Hello a1
2	Hello a2
