PREHOOK: query: EXPLAIN VECTORIZATION EXPRESSION
SELECT cboolean1, IF (cboolean1, 'first', 'second') FROM alltypesorc WHERE cboolean1 IS NOT NULL AND cboolean1 ORDER BY cboolean1
PREHOOK: type: QUERY
POSTHOOK: query: EXPLAIN VECTORIZATION EXPRESSION
SELECT cboolean1, IF (cboolean1, 'first', 'second') FROM alltypesorc WHERE cboolean1 IS NOT NULL AND cboolean1 ORDER BY cboolean1
POSTHOOK: type: QUERY
PLAN VECTORIZATION:
  enabled: true
  enabledConditionsMet: [hive.vectorized.execution.enabled IS true]

STAGE DEPENDENCIES:
  Stage-1 is a root stage
  Stage-0 depends on stages: Stage-1

STAGE PLANS:
  Stage: Stage-1
    Map Reduce
      Map Operator Tree:
          TableScan
            alias: alltypesorc
            Statistics: Num rows: 12288 Data size: 2907994 Basic stats: COMPLETE Column stats: NONE
            TableScan Vectorization:
                native: true
            Filter Operator
              Filter Vectorization:
                  className: VectorFilterOperator
                  native: true
                  predicateExpression: FilterExprAndExpr(children: SelectColumnIsTrue(col 10:boolean), SelectColumnIsNotNull(col 10:boolean))
              predicate: (cboolean1 and cboolean1 is not null) (type: boolean)
              Statistics: Num rows: 6144 Data size: 1453997 Basic stats: COMPLETE Column stats: NONE
              Select Operator
                expressions: cboolean1 (type: boolean), if(cboolean1, 'first', 'second') (type: string)
                outputColumnNames: _col0, _col1
                Select Vectorization:
                    className: VectorSelectOperator
                    native: true
                    projectedOutputColumnNums: [10, 13]
                    selectExpressions: IfExprStringScalarStringScalar(col 10:boolean, val first, val second) -> 13:string
                Statistics: Num rows: 6144 Data size: 1453997 Basic stats: COMPLETE Column stats: NONE
                Reduce Output Operator
                  key expressions: _col0 (type: boolean)
                  sort order: +
                  Reduce Sink Vectorization:
                      className: VectorReduceSinkOperator
                      native: false
                      nativeConditionsMet: hive.vectorized.execution.reducesink.new.enabled IS true, No PTF TopN IS true, No DISTINCT columns IS true, BinarySortableSerDe for keys IS true, LazyBinarySerDe for values IS true
                      nativeConditionsNotMet: hive.execution.engine mr IN [tez, spark] IS false
                  Statistics: Num rows: 6144 Data size: 1453997 Basic stats: COMPLETE Column stats: NONE
                  value expressions: _col1 (type: string)
      Execution mode: vectorized
      Map Vectorization:
          enabled: true
          enabledConditionsMet: hive.vectorized.use.vectorized.input.format IS true
          inputFormatFeatureSupport: []
          featureSupportInUse: []
          inputFileFormats: org.apache.hadoop.hive.ql.io.orc.OrcInputFormat
          allNative: false
          usesVectorUDFAdaptor: false
          vectorized: true
      Reduce Vectorization:
          enabled: false
          enableConditionsMet: hive.vectorized.execution.reduce.enabled IS true
          enableConditionsNotMet: hive.execution.engine mr IN [tez, spark] IS false
      Reduce Operator Tree:
        Select Operator
          expressions: KEY.reducesinkkey0 (type: boolean), VALUE._col0 (type: string)
          outputColumnNames: _col0, _col1
          Statistics: Num rows: 6144 Data size: 1453997 Basic stats: COMPLETE Column stats: NONE
          File Output Operator
            compressed: false
            Statistics: Num rows: 6144 Data size: 1453997 Basic stats: COMPLETE Column stats: NONE
            table:
                input format: org.apache.hadoop.mapred.SequenceFileInputFormat
                output format: org.apache.hadoop.hive.ql.io.HiveSequenceFileOutputFormat
                serde: org.apache.hadoop.hive.serde2.lazy.LazySimpleSerDe

  Stage: Stage-0
    Fetch Operator
      limit: -1
      Processor Tree:
        ListSink

PREHOOK: query: SELECT cboolean1, IF (cboolean1, 'first', 'second') FROM alltypesorc WHERE cboolean1 IS NOT NULL AND cboolean1 ORDER BY cboolean1 LIMIT 5
PREHOOK: type: QUERY
PREHOOK: Input: default@alltypesorc
#### A masked pattern was here ####
POSTHOOK: query: SELECT cboolean1, IF (cboolean1, 'first', 'second') FROM alltypesorc WHERE cboolean1 IS NOT NULL AND cboolean1 ORDER BY cboolean1 LIMIT 5
POSTHOOK: type: QUERY
POSTHOOK: Input: default@alltypesorc
#### A masked pattern was here ####
true	first
true	first
true	first
true	first
true	first
PREHOOK: query: SELECT cboolean1, IF (cboolean1, 'first', 'second') FROM alltypesorc WHERE cboolean1 IS NOT NULL AND NOT cboolean1 ORDER BY cboolean1 LIMIT 5
PREHOOK: type: QUERY
PREHOOK: Input: default@alltypesorc
#### A masked pattern was here ####
POSTHOOK: query: SELECT cboolean1, IF (cboolean1, 'first', 'second') FROM alltypesorc WHERE cboolean1 IS NOT NULL AND NOT cboolean1 ORDER BY cboolean1 LIMIT 5
POSTHOOK: type: QUERY
POSTHOOK: Input: default@alltypesorc
#### A masked pattern was here ####
false	second
false	second
false	second
false	second
false	second
