PREHOOK: query: EXPLAIN VECTORIZATION EXPRESSION  SELECT COUNT(t1.cint), MAX(t2.cint), MIN(t1.cint), AVG(t1.cint+t2.cint)
  FROM alltypesorc t1
  JOIN alltypesorc t2 ON t1.cint = t2.cint
PREHOOK: type: QUERY
POSTHOOK: query: EXPLAIN VECTORIZATION EXPRESSION  SELECT COUNT(t1.cint), MAX(t2.cint), MIN(t1.cint), AVG(t1.cint+t2.cint)
  FROM alltypesorc t1
  JOIN alltypesorc t2 ON t1.cint = t2.cint
POSTHOOK: type: QUERY
PLAN VECTORIZATION:
  enabled: true
  enabledConditionsMet: [hive.vectorized.execution.enabled IS true]

STAGE DEPENDENCIES:
  Stage-5 is a root stage
  Stage-2 depends on stages: Stage-5
  Stage-0 depends on stages: Stage-2

STAGE PLANS:
  Stage: Stage-5
    Map Reduce Local Work
      Alias -> Map Local Tables:
        $hdt$_0:$hdt$_0:t1 
          Fetch Operator
            limit: -1
      Alias -> Map Local Operator Tree:
        $hdt$_0:$hdt$_0:t1 
          TableScan
            alias: t1
            Statistics: Num rows: 12288 Data size: 2641964 Basic stats: COMPLETE Column stats: NONE
            Filter Operator
              predicate: cint is not null (type: boolean)
              Statistics: Num rows: 12288 Data size: 2641964 Basic stats: COMPLETE Column stats: NONE
              Select Operator
                expressions: cint (type: int)
                outputColumnNames: _col0
                Statistics: Num rows: 12288 Data size: 2641964 Basic stats: COMPLETE Column stats: NONE
                HashTable Sink Operator
                  keys:
                    0 _col0 (type: int)
                    1 _col0 (type: int)

  Stage: Stage-2
    Map Reduce
      Map Operator Tree:
          TableScan
            alias: t2
            Statistics: Num rows: 12288 Data size: 2641964 Basic stats: COMPLETE Column stats: NONE
            TableScan Vectorization:
                native: true
                projectedOutputColumns: [0, 1, 2, 3, 4, 5, 6, 7, 8, 9, 10, 11]
            Filter Operator
              Filter Vectorization:
                  className: VectorFilterOperator
                  native: true
                  predicateExpression: SelectColumnIsNotNull(col 2) -> boolean
              predicate: cint is not null (type: boolean)
              Statistics: Num rows: 12288 Data size: 2641964 Basic stats: COMPLETE Column stats: NONE
              Select Operator
                expressions: cint (type: int)
                outputColumnNames: _col0
                Select Vectorization:
                    className: VectorSelectOperator
                    native: true
                    projectedOutputColumns: [2]
                Statistics: Num rows: 12288 Data size: 2641964 Basic stats: COMPLETE Column stats: NONE
                Map Join Operator
                  condition map:
                       Inner Join 0 to 1
                  keys:
                    0 _col0 (type: int)
                    1 _col0 (type: int)
                  Map Join Vectorization:
                      className: VectorMapJoinOperator
                      native: false
                      nativeConditionsMet: hive.mapjoin.optimized.hashtable IS true, hive.vectorized.execution.mapjoin.native.enabled IS true, One MapJoin Condition IS true, No nullsafe IS true, Small table vectorizes IS true, Optimized Table and Supports Key Types IS true
                      nativeConditionsNotMet: hive.execution.engine mr IN [tez, spark] IS false
                  outputColumnNames: _col0, _col1
                  Statistics: Num rows: 13516 Data size: 2906160 Basic stats: COMPLETE Column stats: NONE
                  Select Operator
                    expressions: _col0 (type: int), _col1 (type: int), (_col0 + _col1) (type: int)
                    outputColumnNames: _col0, _col1, _col2
                    Select Vectorization:
                        className: VectorSelectOperator
                        native: true
                        projectedOutputColumns: [0, 1, 2]
                        selectExpressions: LongColAddLongColumn(col 0, col 1) -> 2:long
                    Statistics: Num rows: 13516 Data size: 2906160 Basic stats: COMPLETE Column stats: NONE
                    Group By Operator
                      aggregations: count(_col0), max(_col1), min(_col0), avg(_col2)
                      Group By Vectorization:
                          aggregators: VectorUDAFCount(col 0) -> bigint, VectorUDAFMaxLong(col 1) -> int, VectorUDAFMinLong(col 0) -> int, VectorUDAFAvgLong(col 2) -> struct<count:bigint,sum:double,input:bigint>
                          className: VectorGroupByOperator
                          groupByMode: HASH
                          vectorOutput: true
                          native: false
                          vectorProcessingMode: HASH
                          projectedOutputColumns: [0, 1, 2, 3]
                      mode: hash
                      outputColumnNames: _col0, _col1, _col2, _col3
                      Statistics: Num rows: 1 Data size: 92 Basic stats: COMPLETE Column stats: NONE
                      Reduce Output Operator
                        sort order: 
                        Reduce Sink Vectorization:
                            className: VectorReduceSinkOperator
                            native: false
                            nativeConditionsMet: hive.vectorized.execution.reducesink.new.enabled IS true, No PTF TopN IS true, No DISTINCT columns IS true, BinarySortableSerDe for keys IS true, LazyBinarySerDe for values IS true
                            nativeConditionsNotMet: hive.execution.engine mr IN [tez, spark] IS false
                        Statistics: Num rows: 1 Data size: 92 Basic stats: COMPLETE Column stats: NONE
                        value expressions: _col0 (type: bigint), _col1 (type: int), _col2 (type: int), _col3 (type: struct<count:bigint,sum:double,input:int>)
      Execution mode: vectorized
      Map Vectorization:
          enabled: true
          enabledConditionsMet: hive.vectorized.use.vectorized.input.format IS true
          groupByVectorOutput: true
          inputFileFormats: org.apache.hadoop.hive.ql.io.orc.OrcInputFormat
          allNative: false
          usesVectorUDFAdaptor: false
          vectorized: true
      Local Work:
        Map Reduce Local Work
      Reduce Vectorization:
          enabled: false
          enableConditionsMet: hive.vectorized.execution.reduce.enabled IS true
          enableConditionsNotMet: hive.execution.engine mr IN [tez, spark] IS false
      Reduce Operator Tree:
        Group By Operator
          aggregations: count(VALUE._col0), max(VALUE._col1), min(VALUE._col2), avg(VALUE._col3)
          Group By Vectorization:
              groupByMode: MERGEPARTIAL
              vectorOutput: false
              native: false
              vectorProcessingMode: NONE
              projectedOutputColumns: null
          mode: mergepartial
          outputColumnNames: _col0, _col1, _col2, _col3
          Statistics: Num rows: 1 Data size: 92 Basic stats: COMPLETE Column stats: NONE
          File Output Operator
            compressed: false
            Statistics: Num rows: 1 Data size: 92 Basic stats: COMPLETE Column stats: NONE
            table:
                input format: org.apache.hadoop.mapred.SequenceFileInputFormat
                output format: org.apache.hadoop.hive.ql.io.HiveSequenceFileOutputFormat
                serde: org.apache.hadoop.hive.serde2.lazy.LazySimpleSerDe

  Stage: Stage-0
    Fetch Operator
      limit: -1
      Processor Tree:
        ListSink

PREHOOK: query: SELECT COUNT(t1.cint), MAX(t2.cint), MIN(t1.cint), AVG(t1.cint+t2.cint)
  FROM alltypesorc t1
  JOIN alltypesorc t2 ON t1.cint = t2.cint
PREHOOK: type: QUERY
PREHOOK: Input: default@alltypesorc
#### A masked pattern was here ####
POSTHOOK: query: SELECT COUNT(t1.cint), MAX(t2.cint), MIN(t1.cint), AVG(t1.cint+t2.cint)
  FROM alltypesorc t1
  JOIN alltypesorc t2 ON t1.cint = t2.cint
POSTHOOK: type: QUERY
POSTHOOK: Input: default@alltypesorc
#### A masked pattern was here ####
3152013	1073680599	-1073279343	9.375396162525452E8
