PREHOOK: query: explain vectorization expression
select count (distinct cint) from alltypesorc where cstring1
PREHOOK: type: QUERY
POSTHOOK: query: explain vectorization expression
select count (distinct cint) from alltypesorc where cstring1
POSTHOOK: type: QUERY
PLAN VECTORIZATION:
  enabled: true
  enabledConditionsMet: [hive.vectorized.execution.enabled IS true]

STAGE DEPENDENCIES:
  Stage-1 is a root stage
  Stage-2 depends on stages: Stage-1
  Stage-0 depends on stages: Stage-2

STAGE PLANS:
  Stage: Stage-1
    Map Reduce
      Map Operator Tree:
          TableScan
            alias: alltypesorc
            Statistics: Num rows: 12288 Data size: 2641964 Basic stats: COMPLETE Column stats: NONE
            TableScan Vectorization:
                native: true
                projectedOutputColumns: [0, 1, 2, 3, 4, 5, 6, 7, 8, 9, 10, 11]
            Filter Operator
              Filter Vectorization:
                  className: VectorFilterOperator
                  native: true
                  predicateExpression: SelectColumnIsTrue(col 13)(children: CastLongToBooleanViaLongToLong(col 12)(children: StringLength(col 6) -> 12:Long) -> 13:long) -> boolean
              predicate: cstring1 (type: string)
              Statistics: Num rows: 6144 Data size: 1320982 Basic stats: COMPLETE Column stats: NONE
              Select Operator
                expressions: cint (type: int)
                outputColumnNames: cint
                Select Vectorization:
                    className: VectorSelectOperator
                    native: true
                    projectedOutputColumns: [2]
                Statistics: Num rows: 6144 Data size: 1320982 Basic stats: COMPLETE Column stats: NONE
                Group By Operator
                  Group By Vectorization:
                      className: VectorGroupByOperator
                      groupByMode: HASH
                      vectorOutput: true
                      keyExpressions: col 2
                      native: false
                      vectorProcessingMode: HASH
                      projectedOutputColumns: []
                  keys: cint (type: int)
                  mode: hash
                  outputColumnNames: _col0
                  Statistics: Num rows: 6144 Data size: 1320982 Basic stats: COMPLETE Column stats: NONE
                  Reduce Output Operator
                    key expressions: _col0 (type: int)
                    sort order: +
                    Map-reduce partition columns: _col0 (type: int)
                    Reduce Sink Vectorization:
                        className: VectorReduceSinkOperator
                        native: false
                        nativeConditionsMet: hive.vectorized.execution.reducesink.new.enabled IS true, No PTF TopN IS true, No DISTINCT columns IS true, BinarySortableSerDe for keys IS true, LazyBinarySerDe for values IS true
                        nativeConditionsNotMet: hive.execution.engine mr IN [tez, spark] IS false
                    Statistics: Num rows: 6144 Data size: 1320982 Basic stats: COMPLETE Column stats: NONE
      Execution mode: vectorized
      Map Vectorization:
          enabled: true
          enabledConditionsMet: hive.vectorized.use.vectorized.input.format IS true
          groupByVectorOutput: true
          inputFileFormats: org.apache.hadoop.hive.ql.io.orc.OrcInputFormat
          allNative: false
          usesVectorUDFAdaptor: false
          vectorized: true
      Reduce Vectorization:
          enabled: false
          enableConditionsMet: hive.vectorized.execution.reduce.enabled IS true
          enableConditionsNotMet: hive.execution.engine mr IN [tez, spark] IS false
      Reduce Operator Tree:
        Group By Operator
          Group By Vectorization:
              groupByMode: PARTIAL2
              vectorOutput: false
              native: false
              vectorProcessingMode: NONE
              projectedOutputColumns: null
          keys: KEY._col0 (type: int)
          mode: partial2
          outputColumnNames: _col0
          Statistics: Num rows: 6144 Data size: 1320982 Basic stats: COMPLETE Column stats: NONE
          Group By Operator
            aggregations: count(_col0)
            Group By Vectorization:
                groupByMode: PARTIAL2
                vectorOutput: false
                native: false
                vectorProcessingMode: NONE
                projectedOutputColumns: null
            mode: partial2
            outputColumnNames: _col0
            Statistics: Num rows: 1 Data size: 8 Basic stats: COMPLETE Column stats: NONE
            File Output Operator
              compressed: false
              table:
                  input format: org.apache.hadoop.mapred.SequenceFileInputFormat
                  output format: org.apache.hadoop.hive.ql.io.HiveSequenceFileOutputFormat
                  serde: org.apache.hadoop.hive.serde2.lazybinary.LazyBinarySerDe

  Stage: Stage-2
    Map Reduce
      Map Operator Tree:
          TableScan
            TableScan Vectorization:
                native: true
                projectedOutputColumns: [0]
            Reduce Output Operator
              sort order: 
              Reduce Sink Vectorization:
                  className: VectorReduceSinkOperator
                  native: false
                  nativeConditionsMet: hive.vectorized.execution.reducesink.new.enabled IS true, No PTF TopN IS true, No DISTINCT columns IS true, BinarySortableSerDe for keys IS true, LazyBinarySerDe for values IS true
                  nativeConditionsNotMet: hive.execution.engine mr IN [tez, spark] IS false
              Statistics: Num rows: 1 Data size: 8 Basic stats: COMPLETE Column stats: NONE
              value expressions: _col0 (type: bigint)
      Execution mode: vectorized
      Map Vectorization:
          enabled: true
          enabledConditionsMet: hive.vectorized.use.vector.serde.deserialize IS true
          groupByVectorOutput: true
          inputFileFormats: org.apache.hadoop.mapred.SequenceFileInputFormat
          allNative: false
          usesVectorUDFAdaptor: false
          vectorized: true
      Reduce Vectorization:
          enabled: false
          enableConditionsMet: hive.vectorized.execution.reduce.enabled IS true
          enableConditionsNotMet: hive.execution.engine mr IN [tez, spark] IS false
      Reduce Operator Tree:
        Group By Operator
          aggregations: count(VALUE._col0)
          Group By Vectorization:
              groupByMode: MERGEPARTIAL
              vectorOutput: false
              native: false
              vectorProcessingMode: NONE
              projectedOutputColumns: null
          mode: mergepartial
          outputColumnNames: _col0
          Statistics: Num rows: 1 Data size: 8 Basic stats: COMPLETE Column stats: NONE
          File Output Operator
            compressed: false
            Statistics: Num rows: 1 Data size: 8 Basic stats: COMPLETE Column stats: NONE
            table:
                input format: org.apache.hadoop.mapred.SequenceFileInputFormat
                output format: org.apache.hadoop.hive.ql.io.HiveSequenceFileOutputFormat
                serde: org.apache.hadoop.hive.serde2.lazy.LazySimpleSerDe

  Stage: Stage-0
    Fetch Operator
      limit: -1
      Processor Tree:
        ListSink

PREHOOK: query: select count (distinct cint) from alltypesorc where cstring1
PREHOOK: type: QUERY
PREHOOK: Input: default@alltypesorc
#### A masked pattern was here ####
POSTHOOK: query: select count (distinct cint) from alltypesorc where cstring1
POSTHOOK: type: QUERY
POSTHOOK: Input: default@alltypesorc
#### A masked pattern was here ####
6041
PREHOOK: query: explain vectorization expression
select count (distinct cint) from alltypesorc where cint
PREHOOK: type: QUERY
POSTHOOK: query: explain vectorization expression
select count (distinct cint) from alltypesorc where cint
POSTHOOK: type: QUERY
PLAN VECTORIZATION:
  enabled: true
  enabledConditionsMet: [hive.vectorized.execution.enabled IS true]

STAGE DEPENDENCIES:
  Stage-1 is a root stage
  Stage-2 depends on stages: Stage-1
  Stage-0 depends on stages: Stage-2

STAGE PLANS:
  Stage: Stage-1
    Map Reduce
      Map Operator Tree:
          TableScan
            alias: alltypesorc
            Statistics: Num rows: 12288 Data size: 2641964 Basic stats: COMPLETE Column stats: NONE
            TableScan Vectorization:
                native: true
                projectedOutputColumns: [0, 1, 2, 3, 4, 5, 6, 7, 8, 9, 10, 11]
            Filter Operator
              Filter Vectorization:
                  className: VectorFilterOperator
                  native: true
                  predicateExpression: SelectColumnIsTrue(col 12)(children: CastLongToBooleanViaLongToLong(col 2) -> 12:long) -> boolean
              predicate: cint (type: int)
              Statistics: Num rows: 6144 Data size: 1320982 Basic stats: COMPLETE Column stats: NONE
              Group By Operator
                Group By Vectorization:
                    className: VectorGroupByOperator
                    groupByMode: HASH
                    vectorOutput: true
                    keyExpressions: col 2
                    native: false
                    vectorProcessingMode: HASH
                    projectedOutputColumns: []
                keys: cint (type: int)
                mode: hash
                outputColumnNames: _col0
                Statistics: Num rows: 6144 Data size: 1320982 Basic stats: COMPLETE Column stats: NONE
                Reduce Output Operator
                  key expressions: _col0 (type: int)
                  sort order: +
                  Map-reduce partition columns: _col0 (type: int)
                  Reduce Sink Vectorization:
                      className: VectorReduceSinkOperator
                      native: false
                      nativeConditionsMet: hive.vectorized.execution.reducesink.new.enabled IS true, No PTF TopN IS true, No DISTINCT columns IS true, BinarySortableSerDe for keys IS true, LazyBinarySerDe for values IS true
                      nativeConditionsNotMet: hive.execution.engine mr IN [tez, spark] IS false
                  Statistics: Num rows: 6144 Data size: 1320982 Basic stats: COMPLETE Column stats: NONE
      Execution mode: vectorized
      Map Vectorization:
          enabled: true
          enabledConditionsMet: hive.vectorized.use.vectorized.input.format IS true
          groupByVectorOutput: true
          inputFileFormats: org.apache.hadoop.hive.ql.io.orc.OrcInputFormat
          allNative: false
          usesVectorUDFAdaptor: false
          vectorized: true
      Reduce Vectorization:
          enabled: false
          enableConditionsMet: hive.vectorized.execution.reduce.enabled IS true
          enableConditionsNotMet: hive.execution.engine mr IN [tez, spark] IS false
      Reduce Operator Tree:
        Group By Operator
          Group By Vectorization:
              groupByMode: PARTIAL2
              vectorOutput: false
              native: false
              vectorProcessingMode: NONE
              projectedOutputColumns: null
          keys: KEY._col0 (type: int)
          mode: partial2
          outputColumnNames: _col0
          Statistics: Num rows: 6144 Data size: 1320982 Basic stats: COMPLETE Column stats: NONE
          Group By Operator
            aggregations: count(_col0)
            Group By Vectorization:
                groupByMode: PARTIAL2
                vectorOutput: false
                native: false
                vectorProcessingMode: NONE
                projectedOutputColumns: null
            mode: partial2
            outputColumnNames: _col0
            Statistics: Num rows: 1 Data size: 8 Basic stats: COMPLETE Column stats: NONE
            File Output Operator
              compressed: false
              table:
                  input format: org.apache.hadoop.mapred.SequenceFileInputFormat
                  output format: org.apache.hadoop.hive.ql.io.HiveSequenceFileOutputFormat
                  serde: org.apache.hadoop.hive.serde2.lazybinary.LazyBinarySerDe

  Stage: Stage-2
    Map Reduce
      Map Operator Tree:
          TableScan
            TableScan Vectorization:
                native: true
                projectedOutputColumns: [0]
            Reduce Output Operator
              sort order: 
              Reduce Sink Vectorization:
                  className: VectorReduceSinkOperator
                  native: false
                  nativeConditionsMet: hive.vectorized.execution.reducesink.new.enabled IS true, No PTF TopN IS true, No DISTINCT columns IS true, BinarySortableSerDe for keys IS true, LazyBinarySerDe for values IS true
                  nativeConditionsNotMet: hive.execution.engine mr IN [tez, spark] IS false
              Statistics: Num rows: 1 Data size: 8 Basic stats: COMPLETE Column stats: NONE
              value expressions: _col0 (type: bigint)
      Execution mode: vectorized
      Map Vectorization:
          enabled: true
          enabledConditionsMet: hive.vectorized.use.vector.serde.deserialize IS true
          groupByVectorOutput: true
          inputFileFormats: org.apache.hadoop.mapred.SequenceFileInputFormat
          allNative: false
          usesVectorUDFAdaptor: false
          vectorized: true
      Reduce Vectorization:
          enabled: false
          enableConditionsMet: hive.vectorized.execution.reduce.enabled IS true
          enableConditionsNotMet: hive.execution.engine mr IN [tez, spark] IS false
      Reduce Operator Tree:
        Group By Operator
          aggregations: count(VALUE._col0)
          Group By Vectorization:
              groupByMode: MERGEPARTIAL
              vectorOutput: false
              native: false
              vectorProcessingMode: NONE
              projectedOutputColumns: null
          mode: mergepartial
          outputColumnNames: _col0
          Statistics: Num rows: 1 Data size: 8 Basic stats: COMPLETE Column stats: NONE
          File Output Operator
            compressed: false
            Statistics: Num rows: 1 Data size: 8 Basic stats: COMPLETE Column stats: NONE
            table:
                input format: org.apache.hadoop.mapred.SequenceFileInputFormat
                output format: org.apache.hadoop.hive.ql.io.HiveSequenceFileOutputFormat
                serde: org.apache.hadoop.hive.serde2.lazy.LazySimpleSerDe

  Stage: Stage-0
    Fetch Operator
      limit: -1
      Processor Tree:
        ListSink

PREHOOK: query: select count (distinct cint) from alltypesorc where cint
PREHOOK: type: QUERY
PREHOOK: Input: default@alltypesorc
#### A masked pattern was here ####
POSTHOOK: query: select count (distinct cint) from alltypesorc where cint
POSTHOOK: type: QUERY
POSTHOOK: Input: default@alltypesorc
#### A masked pattern was here ####
6082
PREHOOK: query: explain vectorization expression
select count (distinct cint) from alltypesorc where cfloat
PREHOOK: type: QUERY
POSTHOOK: query: explain vectorization expression
select count (distinct cint) from alltypesorc where cfloat
POSTHOOK: type: QUERY
PLAN VECTORIZATION:
  enabled: true
  enabledConditionsMet: [hive.vectorized.execution.enabled IS true]

STAGE DEPENDENCIES:
  Stage-1 is a root stage
  Stage-2 depends on stages: Stage-1
  Stage-0 depends on stages: Stage-2

STAGE PLANS:
  Stage: Stage-1
    Map Reduce
      Map Operator Tree:
          TableScan
            alias: alltypesorc
            Statistics: Num rows: 12288 Data size: 2641964 Basic stats: COMPLETE Column stats: NONE
            TableScan Vectorization:
                native: true
                projectedOutputColumns: [0, 1, 2, 3, 4, 5, 6, 7, 8, 9, 10, 11]
            Filter Operator
              Filter Vectorization:
                  className: VectorFilterOperator
                  native: true
                  predicateExpression: SelectColumnIsTrue(col 12)(children: CastDoubleToBooleanViaDoubleToLong(col 4) -> 12:long) -> boolean
              predicate: cfloat (type: float)
              Statistics: Num rows: 6144 Data size: 1320982 Basic stats: COMPLETE Column stats: NONE
              Select Operator
                expressions: cint (type: int)
                outputColumnNames: cint
                Select Vectorization:
                    className: VectorSelectOperator
                    native: true
                    projectedOutputColumns: [2]
                Statistics: Num rows: 6144 Data size: 1320982 Basic stats: COMPLETE Column stats: NONE
                Group By Operator
                  Group By Vectorization:
                      className: VectorGroupByOperator
                      groupByMode: HASH
                      vectorOutput: true
                      keyExpressions: col 2
                      native: false
                      vectorProcessingMode: HASH
                      projectedOutputColumns: []
                  keys: cint (type: int)
                  mode: hash
                  outputColumnNames: _col0
                  Statistics: Num rows: 6144 Data size: 1320982 Basic stats: COMPLETE Column stats: NONE
                  Reduce Output Operator
                    key expressions: _col0 (type: int)
                    sort order: +
                    Map-reduce partition columns: _col0 (type: int)
                    Reduce Sink Vectorization:
                        className: VectorReduceSinkOperator
                        native: false
                        nativeConditionsMet: hive.vectorized.execution.reducesink.new.enabled IS true, No PTF TopN IS true, No DISTINCT columns IS true, BinarySortableSerDe for keys IS true, LazyBinarySerDe for values IS true
                        nativeConditionsNotMet: hive.execution.engine mr IN [tez, spark] IS false
                    Statistics: Num rows: 6144 Data size: 1320982 Basic stats: COMPLETE Column stats: NONE
      Execution mode: vectorized
      Map Vectorization:
          enabled: true
          enabledConditionsMet: hive.vectorized.use.vectorized.input.format IS true
          groupByVectorOutput: true
          inputFileFormats: org.apache.hadoop.hive.ql.io.orc.OrcInputFormat
          allNative: false
          usesVectorUDFAdaptor: false
          vectorized: true
      Reduce Vectorization:
          enabled: false
          enableConditionsMet: hive.vectorized.execution.reduce.enabled IS true
          enableConditionsNotMet: hive.execution.engine mr IN [tez, spark] IS false
      Reduce Operator Tree:
        Group By Operator
          Group By Vectorization:
              groupByMode: PARTIAL2
              vectorOutput: false
              native: false
              vectorProcessingMode: NONE
              projectedOutputColumns: null
          keys: KEY._col0 (type: int)
          mode: partial2
          outputColumnNames: _col0
          Statistics: Num rows: 6144 Data size: 1320982 Basic stats: COMPLETE Column stats: NONE
          Group By Operator
            aggregations: count(_col0)
            Group By Vectorization:
                groupByMode: PARTIAL2
                vectorOutput: false
                native: false
                vectorProcessingMode: NONE
                projectedOutputColumns: null
            mode: partial2
            outputColumnNames: _col0
            Statistics: Num rows: 1 Data size: 8 Basic stats: COMPLETE Column stats: NONE
            File Output Operator
              compressed: false
              table:
                  input format: org.apache.hadoop.mapred.SequenceFileInputFormat
                  output format: org.apache.hadoop.hive.ql.io.HiveSequenceFileOutputFormat
                  serde: org.apache.hadoop.hive.serde2.lazybinary.LazyBinarySerDe

  Stage: Stage-2
    Map Reduce
      Map Operator Tree:
          TableScan
            TableScan Vectorization:
                native: true
                projectedOutputColumns: [0]
            Reduce Output Operator
              sort order: 
              Reduce Sink Vectorization:
                  className: VectorReduceSinkOperator
                  native: false
                  nativeConditionsMet: hive.vectorized.execution.reducesink.new.enabled IS true, No PTF TopN IS true, No DISTINCT columns IS true, BinarySortableSerDe for keys IS true, LazyBinarySerDe for values IS true
                  nativeConditionsNotMet: hive.execution.engine mr IN [tez, spark] IS false
              Statistics: Num rows: 1 Data size: 8 Basic stats: COMPLETE Column stats: NONE
              value expressions: _col0 (type: bigint)
      Execution mode: vectorized
      Map Vectorization:
          enabled: true
          enabledConditionsMet: hive.vectorized.use.vector.serde.deserialize IS true
          groupByVectorOutput: true
          inputFileFormats: org.apache.hadoop.mapred.SequenceFileInputFormat
          allNative: false
          usesVectorUDFAdaptor: false
          vectorized: true
      Reduce Vectorization:
          enabled: false
          enableConditionsMet: hive.vectorized.execution.reduce.enabled IS true
          enableConditionsNotMet: hive.execution.engine mr IN [tez, spark] IS false
      Reduce Operator Tree:
        Group By Operator
          aggregations: count(VALUE._col0)
          Group By Vectorization:
              groupByMode: MERGEPARTIAL
              vectorOutput: false
              native: false
              vectorProcessingMode: NONE
              projectedOutputColumns: null
          mode: mergepartial
          outputColumnNames: _col0
          Statistics: Num rows: 1 Data size: 8 Basic stats: COMPLETE Column stats: NONE
          File Output Operator
            compressed: false
            Statistics: Num rows: 1 Data size: 8 Basic stats: COMPLETE Column stats: NONE
            table:
                input format: org.apache.hadoop.mapred.SequenceFileInputFormat
                output format: org.apache.hadoop.hive.ql.io.HiveSequenceFileOutputFormat
                serde: org.apache.hadoop.hive.serde2.lazy.LazySimpleSerDe

  Stage: Stage-0
    Fetch Operator
      limit: -1
      Processor Tree:
        ListSink

PREHOOK: query: select count (distinct cint) from alltypesorc where cfloat
PREHOOK: type: QUERY
PREHOOK: Input: default@alltypesorc
#### A masked pattern was here ####
POSTHOOK: query: select count (distinct cint) from alltypesorc where cfloat
POSTHOOK: type: QUERY
POSTHOOK: Input: default@alltypesorc
#### A masked pattern was here ####
3022
PREHOOK: query: explain vectorization expression
select count (distinct cint) from alltypesorc where ctimestamp1
PREHOOK: type: QUERY
POSTHOOK: query: explain vectorization expression
select count (distinct cint) from alltypesorc where ctimestamp1
POSTHOOK: type: QUERY
PLAN VECTORIZATION:
  enabled: true
  enabledConditionsMet: [hive.vectorized.execution.enabled IS true]

STAGE DEPENDENCIES:
  Stage-1 is a root stage
  Stage-2 depends on stages: Stage-1
  Stage-0 depends on stages: Stage-2

STAGE PLANS:
  Stage: Stage-1
    Map Reduce
      Map Operator Tree:
          TableScan
            alias: alltypesorc
            Statistics: Num rows: 12288 Data size: 2641964 Basic stats: COMPLETE Column stats: NONE
            TableScan Vectorization:
                native: true
                projectedOutputColumns: [0, 1, 2, 3, 4, 5, 6, 7, 8, 9, 10, 11]
            Filter Operator
              Filter Vectorization:
                  className: VectorFilterOperator
                  native: true
                  predicateExpression: SelectColumnIsTrue(col 12)(children: CastTimestampToBoolean(col 8) -> 12:long) -> boolean
              predicate: ctimestamp1 (type: timestamp)
              Statistics: Num rows: 6144 Data size: 1320982 Basic stats: COMPLETE Column stats: NONE
              Select Operator
                expressions: cint (type: int)
                outputColumnNames: cint
                Select Vectorization:
                    className: VectorSelectOperator
                    native: true
                    projectedOutputColumns: [2]
                Statistics: Num rows: 6144 Data size: 1320982 Basic stats: COMPLETE Column stats: NONE
                Group By Operator
                  Group By Vectorization:
                      className: VectorGroupByOperator
                      groupByMode: HASH
                      vectorOutput: true
                      keyExpressions: col 2
                      native: false
                      vectorProcessingMode: HASH
                      projectedOutputColumns: []
                  keys: cint (type: int)
                  mode: hash
                  outputColumnNames: _col0
                  Statistics: Num rows: 6144 Data size: 1320982 Basic stats: COMPLETE Column stats: NONE
                  Reduce Output Operator
                    key expressions: _col0 (type: int)
                    sort order: +
                    Map-reduce partition columns: _col0 (type: int)
                    Reduce Sink Vectorization:
                        className: VectorReduceSinkOperator
                        native: false
                        nativeConditionsMet: hive.vectorized.execution.reducesink.new.enabled IS true, No PTF TopN IS true, No DISTINCT columns IS true, BinarySortableSerDe for keys IS true, LazyBinarySerDe for values IS true
                        nativeConditionsNotMet: hive.execution.engine mr IN [tez, spark] IS false
                    Statistics: Num rows: 6144 Data size: 1320982 Basic stats: COMPLETE Column stats: NONE
      Execution mode: vectorized
      Map Vectorization:
          enabled: true
          enabledConditionsMet: hive.vectorized.use.vectorized.input.format IS true
          groupByVectorOutput: true
          inputFileFormats: org.apache.hadoop.hive.ql.io.orc.OrcInputFormat
          allNative: false
          usesVectorUDFAdaptor: false
          vectorized: true
      Reduce Vectorization:
          enabled: false
          enableConditionsMet: hive.vectorized.execution.reduce.enabled IS true
          enableConditionsNotMet: hive.execution.engine mr IN [tez, spark] IS false
      Reduce Operator Tree:
        Group By Operator
          Group By Vectorization:
              groupByMode: PARTIAL2
              vectorOutput: false
              native: false
              vectorProcessingMode: NONE
              projectedOutputColumns: null
          keys: KEY._col0 (type: int)
          mode: partial2
          outputColumnNames: _col0
          Statistics: Num rows: 6144 Data size: 1320982 Basic stats: COMPLETE Column stats: NONE
          Group By Operator
            aggregations: count(_col0)
            Group By Vectorization:
                groupByMode: PARTIAL2
                vectorOutput: false
                native: false
                vectorProcessingMode: NONE
                projectedOutputColumns: null
            mode: partial2
            outputColumnNames: _col0
            Statistics: Num rows: 1 Data size: 8 Basic stats: COMPLETE Column stats: NONE
            File Output Operator
              compressed: false
              table:
                  input format: org.apache.hadoop.mapred.SequenceFileInputFormat
                  output format: org.apache.hadoop.hive.ql.io.HiveSequenceFileOutputFormat
                  serde: org.apache.hadoop.hive.serde2.lazybinary.LazyBinarySerDe

  Stage: Stage-2
    Map Reduce
      Map Operator Tree:
          TableScan
            TableScan Vectorization:
                native: true
                projectedOutputColumns: [0]
            Reduce Output Operator
              sort order: 
              Reduce Sink Vectorization:
                  className: VectorReduceSinkOperator
                  native: false
                  nativeConditionsMet: hive.vectorized.execution.reducesink.new.enabled IS true, No PTF TopN IS true, No DISTINCT columns IS true, BinarySortableSerDe for keys IS true, LazyBinarySerDe for values IS true
                  nativeConditionsNotMet: hive.execution.engine mr IN [tez, spark] IS false
              Statistics: Num rows: 1 Data size: 8 Basic stats: COMPLETE Column stats: NONE
              value expressions: _col0 (type: bigint)
      Execution mode: vectorized
      Map Vectorization:
          enabled: true
          enabledConditionsMet: hive.vectorized.use.vector.serde.deserialize IS true
          groupByVectorOutput: true
          inputFileFormats: org.apache.hadoop.mapred.SequenceFileInputFormat
          allNative: false
          usesVectorUDFAdaptor: false
          vectorized: true
      Reduce Vectorization:
          enabled: false
          enableConditionsMet: hive.vectorized.execution.reduce.enabled IS true
          enableConditionsNotMet: hive.execution.engine mr IN [tez, spark] IS false
      Reduce Operator Tree:
        Group By Operator
          aggregations: count(VALUE._col0)
          Group By Vectorization:
              groupByMode: MERGEPARTIAL
              vectorOutput: false
              native: false
              vectorProcessingMode: NONE
              projectedOutputColumns: null
          mode: mergepartial
          outputColumnNames: _col0
          Statistics: Num rows: 1 Data size: 8 Basic stats: COMPLETE Column stats: NONE
          File Output Operator
            compressed: false
            Statistics: Num rows: 1 Data size: 8 Basic stats: COMPLETE Column stats: NONE
            table:
                input format: org.apache.hadoop.mapred.SequenceFileInputFormat
                output format: org.apache.hadoop.hive.ql.io.HiveSequenceFileOutputFormat
                serde: org.apache.hadoop.hive.serde2.lazy.LazySimpleSerDe

  Stage: Stage-0
    Fetch Operator
      limit: -1
      Processor Tree:
        ListSink

PREHOOK: query: select count (distinct cint) from alltypesorc where ctimestamp1
PREHOOK: type: QUERY
PREHOOK: Input: default@alltypesorc
#### A masked pattern was here ####
POSTHOOK: query: select count (distinct cint) from alltypesorc where ctimestamp1
POSTHOOK: type: QUERY
POSTHOOK: Input: default@alltypesorc
#### A masked pattern was here ####
3022
