WARNING: Comparing a bigint and a double may result in a loss of precision.
PREHOOK: query: explain vectorization SELECT AVG(cbigint) FROM alltypesorc WHERE cbigint < cdouble
PREHOOK: type: QUERY
POSTHOOK: query: explain vectorization SELECT AVG(cbigint) FROM alltypesorc WHERE cbigint < cdouble
POSTHOOK: type: QUERY
PLAN VECTORIZATION:
  enabled: true
  enabledConditionsMet: [hive.vectorized.execution.enabled IS true]

STAGE DEPENDENCIES:
  Stage-1 is a root stage
  Stage-0 depends on stages: Stage-1

STAGE PLANS:
  Stage: Stage-1
    Map Reduce
      Map Operator Tree:
          TableScan
            alias: alltypesorc
            filterExpr: (UDFToDouble(cbigint) < cdouble) (type: boolean)
            Statistics: Num rows: 12288 Data size: 2907994 Basic stats: COMPLETE Column stats: NONE
            Filter Operator
              predicate: (UDFToDouble(cbigint) < cdouble) (type: boolean)
              Statistics: Num rows: 4096 Data size: 969331 Basic stats: COMPLETE Column stats: NONE
              Select Operator
                expressions: cbigint (type: bigint)
                outputColumnNames: cbigint
                Statistics: Num rows: 4096 Data size: 969331 Basic stats: COMPLETE Column stats: NONE
                Group By Operator
                  aggregations: sum(cbigint), count(cbigint)
                  mode: hash
                  outputColumnNames: _col0, _col1
                  Statistics: Num rows: 1 Data size: 16 Basic stats: COMPLETE Column stats: NONE
                  Reduce Output Operator
                    sort order: 
                    Statistics: Num rows: 1 Data size: 16 Basic stats: COMPLETE Column stats: NONE
                    value expressions: _col0 (type: bigint), _col1 (type: bigint)
      Execution mode: vectorized
      Map Vectorization:
          enabled: true
          enabledConditionsMet: hive.vectorized.use.vectorized.input.format IS true
          inputFormatFeatureSupport: [DECIMAL_64]
          featureSupportInUse: [DECIMAL_64]
          inputFileFormats: org.apache.hadoop.hive.ql.io.orc.OrcInputFormat
          allNative: false
          usesVectorUDFAdaptor: false
          vectorized: true
      Reduce Vectorization:
          enabled: false
          enableConditionsMet: hive.vectorized.execution.reduce.enabled IS true
          enableConditionsNotMet: hive.execution.engine mr IN [tez, spark] IS false
      Reduce Operator Tree:
        Group By Operator
          aggregations: sum(VALUE._col0), count(VALUE._col1)
          mode: mergepartial
          outputColumnNames: _col0, _col1
          Statistics: Num rows: 1 Data size: 16 Basic stats: COMPLETE Column stats: NONE
          Select Operator
            expressions: (_col0 / _col1) (type: double)
            outputColumnNames: _col0
            Statistics: Num rows: 1 Data size: 16 Basic stats: COMPLETE Column stats: NONE
            File Output Operator
              compressed: false
              Statistics: Num rows: 1 Data size: 16 Basic stats: COMPLETE Column stats: NONE
              table:
                  input format: org.apache.hadoop.mapred.SequenceFileInputFormat
                  output format: org.apache.hadoop.hive.ql.io.HiveSequenceFileOutputFormat
                  serde: org.apache.hadoop.hive.serde2.lazy.LazySimpleSerDe

  Stage: Stage-0
    Fetch Operator
      limit: -1
      Processor Tree:
        ListSink

WARNING: Comparing a bigint and a double may result in a loss of precision.
PREHOOK: query: SELECT AVG(cbigint) FROM alltypesorc WHERE cbigint < cdouble
PREHOOK: type: QUERY
PREHOOK: Input: default@alltypesorc
#### A masked pattern was here ####
POSTHOOK: query: SELECT AVG(cbigint) FROM alltypesorc WHERE cbigint < cdouble
POSTHOOK: type: QUERY
POSTHOOK: Input: default@alltypesorc
#### A masked pattern was here ####
-1.4670720493864927E9
