PREHOOK: query: create temporary table foo(x int) stored as orc
PREHOOK: type: CREATETABLE
PREHOOK: Output: database:default
PREHOOK: Output: default@foo
POSTHOOK: query: create temporary table foo(x int) stored as orc
POSTHOOK: type: CREATETABLE
POSTHOOK: Output: database:default
POSTHOOK: Output: default@foo
PREHOOK: query: insert into foo values(1),(2)
PREHOOK: type: QUERY
PREHOOK: Input: _dummy_database@_dummy_table
PREHOOK: Output: default@foo
POSTHOOK: query: insert into foo values(1),(2)
POSTHOOK: type: QUERY
POSTHOOK: Input: _dummy_database@_dummy_table
POSTHOOK: Output: default@foo
POSTHOOK: Lineage: foo.x SCRIPT []
PREHOOK: query: create temporary table bar(y int) stored as orc
PREHOOK: type: CREATETABLE
PREHOOK: Output: database:default
PREHOOK: Output: default@bar
POSTHOOK: query: create temporary table bar(y int) stored as orc
POSTHOOK: type: CREATETABLE
POSTHOOK: Output: database:default
POSTHOOK: Output: default@bar
Warning: Map Join MAPJOIN[15][bigTable=?] in task 'Stage-2:MAPRED' is a cross product
PREHOOK: query: explain vectorization detail
select count(*) from bar right outer join foo
PREHOOK: type: QUERY
POSTHOOK: query: explain vectorization detail
select count(*) from bar right outer join foo
POSTHOOK: type: QUERY
PLAN VECTORIZATION:
  enabled: true
  enabledConditionsMet: [hive.vectorized.execution.enabled IS true]

STAGE DEPENDENCIES:
  Stage-5 is a root stage
  Stage-2 depends on stages: Stage-5
  Stage-0 depends on stages: Stage-2

STAGE PLANS:
  Stage: Stage-5
    Map Reduce Local Work
      Alias -> Map Local Tables:
        $hdt$_0:bar 
          Fetch Operator
            limit: -1
      Alias -> Map Local Operator Tree:
        $hdt$_0:bar 
          TableScan
            alias: bar
            Statistics: Num rows: 1 Data size: 0 Basic stats: PARTIAL Column stats: COMPLETE
            Select Operator
              Statistics: Num rows: 1 Data size: 0 Basic stats: PARTIAL Column stats: COMPLETE
              HashTable Sink Operator
                filter predicates:
                  0 
                  1 {true}
                keys:
                  0 
                  1 

  Stage: Stage-2
    Map Reduce
      Map Operator Tree:
          TableScan
            alias: foo
            Statistics: Num rows: 2 Data size: 8 Basic stats: COMPLETE Column stats: COMPLETE
            TableScan Vectorization:
                native: true
                vectorizationSchemaColumns: [0:x:int, 1:ROW__ID:struct<transactionid:bigint,bucketid:int,rowid:bigint>]
            Select Operator
              Select Vectorization:
                  className: VectorSelectOperator
                  native: true
                  projectedOutputColumnNums: []
              Statistics: Num rows: 2 Data size: 8 Basic stats: COMPLETE Column stats: COMPLETE
              Map Join Operator
                condition map:
                     Right Outer Join 0 to 1
                filter predicates:
                  0 
                  1 {true}
                keys:
                  0 
                  1 
                Map Join Vectorization:
                    className: VectorMapJoinOuterFilteredOperator
                    native: false
                    nativeConditionsMet: hive.mapjoin.optimized.hashtable IS true, hive.vectorized.execution.mapjoin.native.enabled IS true, One MapJoin Condition IS true, No nullsafe IS true, Small table vectorizes IS true, Optimized Table and Supports Key Types IS true
                    nativeConditionsNotMet: hive.execution.engine mr IN [tez, spark] IS false, Outer Join has keys IS false
                Statistics: Num rows: 2 Data size: 10 Basic stats: PARTIAL Column stats: NONE
                Group By Operator
                  aggregations: count()
                  Group By Vectorization:
                      aggregators: VectorUDAFCountStar(*) -> bigint
                      className: VectorGroupByOperator
                      groupByMode: HASH
                      native: false
                      vectorProcessingMode: HASH
                      projectedOutputColumnNums: [0]
                  mode: hash
                  outputColumnNames: _col0
                  Statistics: Num rows: 1 Data size: 8 Basic stats: PARTIAL Column stats: NONE
                  Reduce Output Operator
                    sort order: 
                    Reduce Sink Vectorization:
                        className: VectorReduceSinkOperator
                        native: false
                        nativeConditionsMet: hive.vectorized.execution.reducesink.new.enabled IS true, No PTF TopN IS true, No DISTINCT columns IS true, BinarySortableSerDe for keys IS true, LazyBinarySerDe for values IS true
                        nativeConditionsNotMet: hive.execution.engine mr IN [tez, spark] IS false
                    Statistics: Num rows: 1 Data size: 8 Basic stats: PARTIAL Column stats: NONE
                    value expressions: _col0 (type: bigint)
      Execution mode: vectorized
      Map Vectorization:
          enabled: true
          enabledConditionsMet: hive.vectorized.use.vectorized.input.format IS true
          inputFormatFeatureSupport: []
          featureSupportInUse: []
          inputFileFormats: org.apache.hadoop.hive.ql.io.orc.OrcInputFormat
          allNative: false
          usesVectorUDFAdaptor: false
          vectorized: true
          rowBatchContext:
              dataColumnCount: 1
              includeColumns: []
              dataColumns: x:int
              partitionColumnCount: 0
              scratchColumnTypeNames: []
      Local Work:
        Map Reduce Local Work
      Reduce Vectorization:
          enabled: false
          enableConditionsMet: hive.vectorized.execution.reduce.enabled IS true
          enableConditionsNotMet: hive.execution.engine mr IN [tez, spark] IS false
      Reduce Operator Tree:
        Group By Operator
          aggregations: count(VALUE._col0)
          mode: mergepartial
          outputColumnNames: _col0
          Statistics: Num rows: 1 Data size: 8 Basic stats: PARTIAL Column stats: NONE
          File Output Operator
            compressed: false
            Statistics: Num rows: 1 Data size: 8 Basic stats: PARTIAL Column stats: NONE
            table:
                input format: org.apache.hadoop.mapred.SequenceFileInputFormat
                output format: org.apache.hadoop.hive.ql.io.HiveSequenceFileOutputFormat
                serde: org.apache.hadoop.hive.serde2.lazy.LazySimpleSerDe

  Stage: Stage-0
    Fetch Operator
      limit: -1
      Processor Tree:
        ListSink

Warning: Map Join MAPJOIN[15][bigTable=?] in task 'Stage-2:MAPRED' is a cross product
PREHOOK: query: -- = 2

select count(*) from bar right outer join foo
PREHOOK: type: QUERY
PREHOOK: Input: default@bar
PREHOOK: Input: default@foo
#### A masked pattern was here ####
POSTHOOK: query: -- = 2

select count(*) from bar right outer join foo
POSTHOOK: type: QUERY
POSTHOOK: Input: default@bar
POSTHOOK: Input: default@foo
#### A masked pattern was here ####
2
Warning: Map Join MAPJOIN[15][bigTable=?] in task 'Stage-2:MAPRED' is a cross product
PREHOOK: query: -- = 2

explain vectorization detail
select count(*) from bar, foo
PREHOOK: type: QUERY
POSTHOOK: query: -- = 2

explain vectorization detail
select count(*) from bar, foo
POSTHOOK: type: QUERY
PLAN VECTORIZATION:
  enabled: true
  enabledConditionsMet: [hive.vectorized.execution.enabled IS true]

STAGE DEPENDENCIES:
  Stage-5 is a root stage
  Stage-2 depends on stages: Stage-5
  Stage-0 depends on stages: Stage-2

STAGE PLANS:
  Stage: Stage-5
    Map Reduce Local Work
      Alias -> Map Local Tables:
        $hdt$_0:bar 
          Fetch Operator
            limit: -1
      Alias -> Map Local Operator Tree:
        $hdt$_0:bar 
          TableScan
            alias: bar
            Statistics: Num rows: 1 Data size: 0 Basic stats: PARTIAL Column stats: COMPLETE
            Select Operator
              Statistics: Num rows: 1 Data size: 0 Basic stats: PARTIAL Column stats: COMPLETE
              HashTable Sink Operator
                keys:
                  0 
                  1 

  Stage: Stage-2
    Map Reduce
      Map Operator Tree:
          TableScan
            alias: foo
            Statistics: Num rows: 2 Data size: 8 Basic stats: COMPLETE Column stats: COMPLETE
            TableScan Vectorization:
                native: true
                vectorizationSchemaColumns: [0:x:int, 1:ROW__ID:struct<transactionid:bigint,bucketid:int,rowid:bigint>]
            Select Operator
              Select Vectorization:
                  className: VectorSelectOperator
                  native: true
                  projectedOutputColumnNums: []
              Statistics: Num rows: 2 Data size: 8 Basic stats: COMPLETE Column stats: COMPLETE
              Map Join Operator
                condition map:
                     Inner Join 0 to 1
                keys:
                  0 
                  1 
                Map Join Vectorization:
                    className: VectorMapJoinOperator
                    native: false
                    nativeConditionsMet: hive.mapjoin.optimized.hashtable IS true, hive.vectorized.execution.mapjoin.native.enabled IS true, One MapJoin Condition IS true, No nullsafe IS true, Small table vectorizes IS true, Optimized Table and Supports Key Types IS true
                    nativeConditionsNotMet: hive.execution.engine mr IN [tez, spark] IS false
                Statistics: Num rows: 2 Data size: 10 Basic stats: PARTIAL Column stats: NONE
                Group By Operator
                  aggregations: count()
                  Group By Vectorization:
                      aggregators: VectorUDAFCountStar(*) -> bigint
                      className: VectorGroupByOperator
                      groupByMode: HASH
                      native: false
                      vectorProcessingMode: HASH
                      projectedOutputColumnNums: [0]
                  mode: hash
                  outputColumnNames: _col0
                  Statistics: Num rows: 1 Data size: 8 Basic stats: PARTIAL Column stats: NONE
                  Reduce Output Operator
                    sort order: 
                    Reduce Sink Vectorization:
                        className: VectorReduceSinkOperator
                        native: false
                        nativeConditionsMet: hive.vectorized.execution.reducesink.new.enabled IS true, No PTF TopN IS true, No DISTINCT columns IS true, BinarySortableSerDe for keys IS true, LazyBinarySerDe for values IS true
                        nativeConditionsNotMet: hive.execution.engine mr IN [tez, spark] IS false
                    Statistics: Num rows: 1 Data size: 8 Basic stats: PARTIAL Column stats: NONE
                    value expressions: _col0 (type: bigint)
      Execution mode: vectorized
      Map Vectorization:
          enabled: true
          enabledConditionsMet: hive.vectorized.use.vectorized.input.format IS true
          inputFormatFeatureSupport: []
          featureSupportInUse: []
          inputFileFormats: org.apache.hadoop.hive.ql.io.orc.OrcInputFormat
          allNative: false
          usesVectorUDFAdaptor: false
          vectorized: true
          rowBatchContext:
              dataColumnCount: 1
              includeColumns: []
              dataColumns: x:int
              partitionColumnCount: 0
              scratchColumnTypeNames: []
      Local Work:
        Map Reduce Local Work
      Reduce Vectorization:
          enabled: false
          enableConditionsMet: hive.vectorized.execution.reduce.enabled IS true
          enableConditionsNotMet: hive.execution.engine mr IN [tez, spark] IS false
      Reduce Operator Tree:
        Group By Operator
          aggregations: count(VALUE._col0)
          mode: mergepartial
          outputColumnNames: _col0
          Statistics: Num rows: 1 Data size: 8 Basic stats: PARTIAL Column stats: NONE
          File Output Operator
            compressed: false
            Statistics: Num rows: 1 Data size: 8 Basic stats: PARTIAL Column stats: NONE
            table:
                input format: org.apache.hadoop.mapred.SequenceFileInputFormat
                output format: org.apache.hadoop.hive.ql.io.HiveSequenceFileOutputFormat
                serde: org.apache.hadoop.hive.serde2.lazy.LazySimpleSerDe

  Stage: Stage-0
    Fetch Operator
      limit: -1
      Processor Tree:
        ListSink

Warning: Map Join MAPJOIN[15][bigTable=?] in task 'Stage-2:MAPRED' is a cross product
PREHOOK: query: -- = 0 

select count(*) from bar, foo
PREHOOK: type: QUERY
PREHOOK: Input: default@bar
PREHOOK: Input: default@foo
#### A masked pattern was here ####
POSTHOOK: query: -- = 0 

select count(*) from bar, foo
POSTHOOK: type: QUERY
POSTHOOK: Input: default@bar
POSTHOOK: Input: default@foo
#### A masked pattern was here ####
0
