PREHOOK: query: explain vectorization expression
select 
  csmallint,
  case 
    when csmallint = 418 then "a"
    when csmallint = 12205 then "b"
    else "c"
  end,
  case csmallint
    when 418 then "a"
    when 12205 then "b"
    else "c"
  end
from alltypesorc
where csmallint = 418
or csmallint = 12205
or csmallint = 10583
PREHOOK: type: QUERY
POSTHOOK: query: explain vectorization expression
select 
  csmallint,
  case 
    when csmallint = 418 then "a"
    when csmallint = 12205 then "b"
    else "c"
  end,
  case csmallint
    when 418 then "a"
    when 12205 then "b"
    else "c"
  end
from alltypesorc
where csmallint = 418
or csmallint = 12205
or csmallint = 10583
POSTHOOK: type: QUERY
PLAN VECTORIZATION:
  enabled: true
  enabledConditionsMet: [hive.vectorized.execution.enabled IS true]

STAGE DEPENDENCIES:
  Stage-1 is a root stage
  Stage-0 depends on stages: Stage-1

STAGE PLANS:
  Stage: Stage-1
    Map Reduce
      Map Operator Tree:
          TableScan
            alias: alltypesorc
            Statistics: Num rows: 12288 Data size: 2641964 Basic stats: COMPLETE Column stats: NONE
            TableScan Vectorization:
                native: true
                projectedOutputColumns: [0, 1, 2, 3, 4, 5, 6, 7, 8, 9, 10, 11]
            Filter Operator
              Filter Vectorization:
                  className: VectorFilterOperator
                  native: true
                  predicateExpression: FilterExprOrExpr(children: FilterLongColEqualLongScalar(col 1, val 418) -> boolean, FilterLongColEqualLongScalar(col 1, val 12205) -> boolean, FilterLongColEqualLongScalar(col 1, val 10583) -> boolean) -> boolean
              predicate: ((csmallint = 418) or (csmallint = 12205) or (csmallint = 10583)) (type: boolean)
              Statistics: Num rows: 12288 Data size: 2641964 Basic stats: COMPLETE Column stats: NONE
              Select Operator
                expressions: csmallint (type: smallint), CASE WHEN ((csmallint = 418)) THEN ('a') WHEN ((csmallint = 12205)) THEN ('b') ELSE ('c') END (type: string), CASE WHEN ((csmallint = 418)) THEN ('a') WHEN ((csmallint = 12205)) THEN ('b') ELSE ('c') END (type: string)
                outputColumnNames: _col0, _col1, _col2
                Select Vectorization:
                    className: VectorSelectOperator
                    native: true
                    projectedOutputColumns: [1, 15, 16]
                    selectExpressions: IfExprStringScalarStringGroupColumn(col 12, val a, col 14)(children: LongColEqualLongScalar(col 1, val 418) -> 12:long, IfExprStringScalarStringScalar(col 13, val b, val c)(children: LongColEqualLongScalar(col 1, val 12205) -> 13:long) -> 14:String) -> 15:String, IfExprStringScalarStringGroupColumn(col 12, val a, col 14)(children: LongColEqualLongScalar(col 1, val 418) -> 12:long, IfExprStringScalarStringScalar(col 13, val b, val c)(children: LongColEqualLongScalar(col 1, val 12205) -> 13:long) -> 14:String) -> 16:String
                Statistics: Num rows: 12288 Data size: 2641964 Basic stats: COMPLETE Column stats: NONE
                File Output Operator
                  compressed: false
                  File Sink Vectorization:
                      className: VectorFileSinkOperator
                      native: false
                  Statistics: Num rows: 12288 Data size: 2641964 Basic stats: COMPLETE Column stats: NONE
                  table:
                      input format: org.apache.hadoop.mapred.SequenceFileInputFormat
                      output format: org.apache.hadoop.hive.ql.io.HiveSequenceFileOutputFormat
                      serde: org.apache.hadoop.hive.serde2.lazy.LazySimpleSerDe
      Execution mode: vectorized
      Map Vectorization:
          enabled: true
          enabledConditionsMet: hive.vectorized.use.vectorized.input.format IS true
          groupByVectorOutput: true
          inputFileFormats: org.apache.hadoop.hive.ql.io.orc.OrcInputFormat
          allNative: false
          usesVectorUDFAdaptor: false
          vectorized: true

  Stage: Stage-0
    Fetch Operator
      limit: -1
      Processor Tree:
        ListSink

PREHOOK: query: select 
  csmallint,
  case 
    when csmallint = 418 then "a"
    when csmallint = 12205 then "b"
    else "c"
  end,
  case csmallint
    when 418 then "a"
    when 12205 then "b"
    else "c"
  end
from alltypesorc
where csmallint = 418
or csmallint = 12205
or csmallint = 10583
PREHOOK: type: QUERY
PREHOOK: Input: default@alltypesorc
#### A masked pattern was here ####
POSTHOOK: query: select 
  csmallint,
  case 
    when csmallint = 418 then "a"
    when csmallint = 12205 then "b"
    else "c"
  end,
  case csmallint
    when 418 then "a"
    when 12205 then "b"
    else "c"
  end
from alltypesorc
where csmallint = 418
or csmallint = 12205
or csmallint = 10583
POSTHOOK: type: QUERY
POSTHOOK: Input: default@alltypesorc
#### A masked pattern was here ####
12205	b	b
10583	c	c
418	a	a
12205	b	b
PREHOOK: query: explain vectorization expression
select 
  csmallint,
  case 
    when csmallint = 418 then "a"
    when csmallint = 12205 then "b"
    else null
  end,
  case csmallint
    when 418 then "a"
    when 12205 then null
    else "c"
  end
from alltypesorc
where csmallint = 418
or csmallint = 12205
or csmallint = 10583
PREHOOK: type: QUERY
POSTHOOK: query: explain vectorization expression
select 
  csmallint,
  case 
    when csmallint = 418 then "a"
    when csmallint = 12205 then "b"
    else null
  end,
  case csmallint
    when 418 then "a"
    when 12205 then null
    else "c"
  end
from alltypesorc
where csmallint = 418
or csmallint = 12205
or csmallint = 10583
POSTHOOK: type: QUERY
PLAN VECTORIZATION:
  enabled: true
  enabledConditionsMet: [hive.vectorized.execution.enabled IS true]

STAGE DEPENDENCIES:
  Stage-1 is a root stage
  Stage-0 depends on stages: Stage-1

STAGE PLANS:
  Stage: Stage-1
    Map Reduce
      Map Operator Tree:
          TableScan
            alias: alltypesorc
            Statistics: Num rows: 12288 Data size: 2641964 Basic stats: COMPLETE Column stats: NONE
            TableScan Vectorization:
                native: true
                projectedOutputColumns: [0, 1, 2, 3, 4, 5, 6, 7, 8, 9, 10, 11]
            Filter Operator
              Filter Vectorization:
                  className: VectorFilterOperator
                  native: true
                  predicateExpression: FilterExprOrExpr(children: FilterLongColEqualLongScalar(col 1, val 418) -> boolean, FilterLongColEqualLongScalar(col 1, val 12205) -> boolean, FilterLongColEqualLongScalar(col 1, val 10583) -> boolean) -> boolean
              predicate: ((csmallint = 418) or (csmallint = 12205) or (csmallint = 10583)) (type: boolean)
              Statistics: Num rows: 12288 Data size: 2641964 Basic stats: COMPLETE Column stats: NONE
              Select Operator
                expressions: csmallint (type: smallint), CASE WHEN ((csmallint = 418)) THEN ('a') WHEN ((csmallint = 12205)) THEN ('b') ELSE (null) END (type: string), CASE WHEN ((csmallint = 418)) THEN ('a') WHEN ((csmallint = 12205)) THEN (null) ELSE ('c') END (type: string)
                outputColumnNames: _col0, _col1, _col2
                Select Vectorization:
                    className: VectorSelectOperator
                    native: true
                    projectedOutputColumns: [1, 16, 19]
                    selectExpressions: IfExprStringScalarStringGroupColumn(col 12, val a, col 15)(children: LongColEqualLongScalar(col 1, val 418) -> 12:long, IfExprColumnNull(col 13, col 14, null)(children: LongColEqualLongScalar(col 1, val 12205) -> 13:long, ConstantVectorExpression(val b) -> 14:string) -> 15:string) -> 16:String, IfExprStringScalarStringGroupColumn(col 12, val a, col 18)(children: LongColEqualLongScalar(col 1, val 418) -> 12:long, IfExprNullColumn(col 17, null, col 15)(children: LongColEqualLongScalar(col 1, val 12205) -> 17:long, ConstantVectorExpression(val c) -> 15:string) -> 18:string) -> 19:String
                Statistics: Num rows: 12288 Data size: 2641964 Basic stats: COMPLETE Column stats: NONE
                File Output Operator
                  compressed: false
                  File Sink Vectorization:
                      className: VectorFileSinkOperator
                      native: false
                  Statistics: Num rows: 12288 Data size: 2641964 Basic stats: COMPLETE Column stats: NONE
                  table:
                      input format: org.apache.hadoop.mapred.SequenceFileInputFormat
                      output format: org.apache.hadoop.hive.ql.io.HiveSequenceFileOutputFormat
                      serde: org.apache.hadoop.hive.serde2.lazy.LazySimpleSerDe
      Execution mode: vectorized
      Map Vectorization:
          enabled: true
          enabledConditionsMet: hive.vectorized.use.vectorized.input.format IS true
          groupByVectorOutput: true
          inputFileFormats: org.apache.hadoop.hive.ql.io.orc.OrcInputFormat
          allNative: false
          usesVectorUDFAdaptor: false
          vectorized: true

  Stage: Stage-0
    Fetch Operator
      limit: -1
      Processor Tree:
        ListSink

PREHOOK: query: explain vectorization expression
select 
  sum(case when cint % 2 = 0 then 1 else 0 end) as ceven,
  sum(case when cint % 2 = 1 then 1 else 0 end) as codd
from alltypesorc
PREHOOK: type: QUERY
POSTHOOK: query: explain vectorization expression
select 
  sum(case when cint % 2 = 0 then 1 else 0 end) as ceven,
  sum(case when cint % 2 = 1 then 1 else 0 end) as codd
from alltypesorc
POSTHOOK: type: QUERY
PLAN VECTORIZATION:
  enabled: true
  enabledConditionsMet: [hive.vectorized.execution.enabled IS true]

STAGE DEPENDENCIES:
  Stage-1 is a root stage
  Stage-0 depends on stages: Stage-1

STAGE PLANS:
  Stage: Stage-1
    Map Reduce
      Map Operator Tree:
          TableScan
            alias: alltypesorc
            Statistics: Num rows: 12288 Data size: 2641964 Basic stats: COMPLETE Column stats: NONE
            TableScan Vectorization:
                native: true
                projectedOutputColumns: [0, 1, 2, 3, 4, 5, 6, 7, 8, 9, 10, 11]
            Select Operator
              expressions: CASE WHEN (((cint % 2) = 0)) THEN (1) ELSE (0) END (type: int), CASE WHEN (((cint % 2) = 1)) THEN (1) ELSE (0) END (type: int)
              outputColumnNames: _col0, _col1
              Select Vectorization:
                  className: VectorSelectOperator
                  native: true
                  projectedOutputColumns: [12, 13]
                  selectExpressions: IfExprLongScalarLongScalar(col 13, val 1, val 0)(children: LongColEqualLongScalar(col 12, val 0)(children: LongColModuloLongScalar(col 2, val 2) -> 12:long) -> 13:long) -> 12:long, IfExprLongScalarLongScalar(col 14, val 1, val 0)(children: LongColEqualLongScalar(col 13, val 1)(children: LongColModuloLongScalar(col 2, val 2) -> 13:long) -> 14:long) -> 13:long
              Statistics: Num rows: 12288 Data size: 2641964 Basic stats: COMPLETE Column stats: NONE
              Group By Operator
                aggregations: sum(_col0), sum(_col1)
                Group By Vectorization:
                    aggregators: VectorUDAFSumLong(col 12) -> bigint, VectorUDAFSumLong(col 13) -> bigint
                    className: VectorGroupByOperator
                    groupByMode: HASH
                    vectorOutput: true
                    native: false
                    vectorProcessingMode: HASH
                    projectedOutputColumns: [0, 1]
                mode: hash
                outputColumnNames: _col0, _col1
                Statistics: Num rows: 1 Data size: 16 Basic stats: COMPLETE Column stats: NONE
                Reduce Output Operator
                  sort order: 
                  Reduce Sink Vectorization:
                      className: VectorReduceSinkOperator
                      native: false
                      nativeConditionsMet: hive.vectorized.execution.reducesink.new.enabled IS true, No PTF TopN IS true, No DISTINCT columns IS true, BinarySortableSerDe for keys IS true, LazyBinarySerDe for values IS true
                      nativeConditionsNotMet: hive.execution.engine mr IN [tez, spark] IS false
                  Statistics: Num rows: 1 Data size: 16 Basic stats: COMPLETE Column stats: NONE
                  value expressions: _col0 (type: bigint), _col1 (type: bigint)
      Execution mode: vectorized
      Map Vectorization:
          enabled: true
          enabledConditionsMet: hive.vectorized.use.vectorized.input.format IS true
          groupByVectorOutput: true
          inputFileFormats: org.apache.hadoop.hive.ql.io.orc.OrcInputFormat
          allNative: false
          usesVectorUDFAdaptor: false
          vectorized: true
      Reduce Vectorization:
          enabled: false
          enableConditionsMet: hive.vectorized.execution.reduce.enabled IS true
          enableConditionsNotMet: hive.execution.engine mr IN [tez, spark] IS false
      Reduce Operator Tree:
        Group By Operator
          aggregations: sum(VALUE._col0), sum(VALUE._col1)
          Group By Vectorization:
              groupByMode: MERGEPARTIAL
              vectorOutput: false
              native: false
              vectorProcessingMode: NONE
              projectedOutputColumns: null
          mode: mergepartial
          outputColumnNames: _col0, _col1
          Statistics: Num rows: 1 Data size: 16 Basic stats: COMPLETE Column stats: NONE
          File Output Operator
            compressed: false
            Statistics: Num rows: 1 Data size: 16 Basic stats: COMPLETE Column stats: NONE
            table:
                input format: org.apache.hadoop.mapred.SequenceFileInputFormat
                output format: org.apache.hadoop.hive.ql.io.HiveSequenceFileOutputFormat
                serde: org.apache.hadoop.hive.serde2.lazy.LazySimpleSerDe

  Stage: Stage-0
    Fetch Operator
      limit: -1
      Processor Tree:
        ListSink

PREHOOK: query: select 
  sum(case when cint % 2 = 0 then 1 else 0 end) as ceven,
  sum(case when cint % 2 = 1 then 1 else 0 end) as codd
from alltypesorc
PREHOOK: type: QUERY
PREHOOK: Input: default@alltypesorc
#### A masked pattern was here ####
POSTHOOK: query: select 
  sum(case when cint % 2 = 0 then 1 else 0 end) as ceven,
  sum(case when cint % 2 = 1 then 1 else 0 end) as codd
from alltypesorc
POSTHOOK: type: QUERY
POSTHOOK: Input: default@alltypesorc
#### A masked pattern was here ####
5110	4607
PREHOOK: query: explain vectorization expression
select 
  sum(case when cint % 2 = 0 then cint else 0 end) as ceven,
  sum(case when cint % 2 = 1 then cint else 0 end) as codd
from alltypesorc
PREHOOK: type: QUERY
POSTHOOK: query: explain vectorization expression
select 
  sum(case when cint % 2 = 0 then cint else 0 end) as ceven,
  sum(case when cint % 2 = 1 then cint else 0 end) as codd
from alltypesorc
POSTHOOK: type: QUERY
PLAN VECTORIZATION:
  enabled: true
  enabledConditionsMet: [hive.vectorized.execution.enabled IS true]

STAGE DEPENDENCIES:
  Stage-1 is a root stage
  Stage-0 depends on stages: Stage-1

STAGE PLANS:
  Stage: Stage-1
    Map Reduce
      Map Operator Tree:
          TableScan
            alias: alltypesorc
            Statistics: Num rows: 12288 Data size: 2641964 Basic stats: COMPLETE Column stats: NONE
            TableScan Vectorization:
                native: true
                projectedOutputColumns: [0, 1, 2, 3, 4, 5, 6, 7, 8, 9, 10, 11]
            Select Operator
              expressions: CASE WHEN (((cint % 2) = 0)) THEN (cint) ELSE (0) END (type: int), CASE WHEN (((cint % 2) = 1)) THEN (cint) ELSE (0) END (type: int)
              outputColumnNames: _col0, _col1
              Select Vectorization:
                  className: VectorSelectOperator
                  native: true
                  projectedOutputColumns: [12, 13]
                  selectExpressions: IfExprLongColumnLongScalar(col 13, col 2, val 0)(children: LongColEqualLongScalar(col 12, val 0)(children: LongColModuloLongScalar(col 2, val 2) -> 12:long) -> 13:long) -> 12:long, IfExprLongColumnLongScalar(col 14, col 2, val 0)(children: LongColEqualLongScalar(col 13, val 1)(children: LongColModuloLongScalar(col 2, val 2) -> 13:long) -> 14:long) -> 13:long
              Statistics: Num rows: 12288 Data size: 2641964 Basic stats: COMPLETE Column stats: NONE
              Group By Operator
                aggregations: sum(_col0), sum(_col1)
                Group By Vectorization:
                    aggregators: VectorUDAFSumLong(col 12) -> bigint, VectorUDAFSumLong(col 13) -> bigint
                    className: VectorGroupByOperator
                    groupByMode: HASH
                    vectorOutput: true
                    native: false
                    vectorProcessingMode: HASH
                    projectedOutputColumns: [0, 1]
                mode: hash
                outputColumnNames: _col0, _col1
                Statistics: Num rows: 1 Data size: 16 Basic stats: COMPLETE Column stats: NONE
                Reduce Output Operator
                  sort order: 
                  Reduce Sink Vectorization:
                      className: VectorReduceSinkOperator
                      native: false
                      nativeConditionsMet: hive.vectorized.execution.reducesink.new.enabled IS true, No PTF TopN IS true, No DISTINCT columns IS true, BinarySortableSerDe for keys IS true, LazyBinarySerDe for values IS true
                      nativeConditionsNotMet: hive.execution.engine mr IN [tez, spark] IS false
                  Statistics: Num rows: 1 Data size: 16 Basic stats: COMPLETE Column stats: NONE
                  value expressions: _col0 (type: bigint), _col1 (type: bigint)
      Execution mode: vectorized
      Map Vectorization:
          enabled: true
          enabledConditionsMet: hive.vectorized.use.vectorized.input.format IS true
          groupByVectorOutput: true
          inputFileFormats: org.apache.hadoop.hive.ql.io.orc.OrcInputFormat
          allNative: false
          usesVectorUDFAdaptor: false
          vectorized: true
      Reduce Vectorization:
          enabled: false
          enableConditionsMet: hive.vectorized.execution.reduce.enabled IS true
          enableConditionsNotMet: hive.execution.engine mr IN [tez, spark] IS false
      Reduce Operator Tree:
        Group By Operator
          aggregations: sum(VALUE._col0), sum(VALUE._col1)
          Group By Vectorization:
              groupByMode: MERGEPARTIAL
              vectorOutput: false
              native: false
              vectorProcessingMode: NONE
              projectedOutputColumns: null
          mode: mergepartial
          outputColumnNames: _col0, _col1
          Statistics: Num rows: 1 Data size: 16 Basic stats: COMPLETE Column stats: NONE
          File Output Operator
            compressed: false
            Statistics: Num rows: 1 Data size: 16 Basic stats: COMPLETE Column stats: NONE
            table:
                input format: org.apache.hadoop.mapred.SequenceFileInputFormat
                output format: org.apache.hadoop.hive.ql.io.HiveSequenceFileOutputFormat
                serde: org.apache.hadoop.hive.serde2.lazy.LazySimpleSerDe

  Stage: Stage-0
    Fetch Operator
      limit: -1
      Processor Tree:
        ListSink

PREHOOK: query: select 
  sum(case when cint % 2 = 0 then cint else 0 end) as ceven,
  sum(case when cint % 2 = 1 then cint else 0 end) as codd
from alltypesorc
PREHOOK: type: QUERY
PREHOOK: Input: default@alltypesorc
#### A masked pattern was here ####
POSTHOOK: query: select 
  sum(case when cint % 2 = 0 then cint else 0 end) as ceven,
  sum(case when cint % 2 = 1 then cint else 0 end) as codd
from alltypesorc
POSTHOOK: type: QUERY
POSTHOOK: Input: default@alltypesorc
#### A masked pattern was here ####
248718130534	1995744891643
