PREHOOK: query: explain vectorization 
select count(*) from (select c.ctinyint 
from alltypesorc c
left outer join alltypesorc cd
  on cd.cint = c.cint 
left outer join alltypesorc hd
  on hd.ctinyint = c.ctinyint
) t1
PREHOOK: type: QUERY
POSTHOOK: query: explain vectorization 
select count(*) from (select c.ctinyint 
from alltypesorc c
left outer join alltypesorc cd
  on cd.cint = c.cint 
left outer join alltypesorc hd
  on hd.ctinyint = c.ctinyint
) t1
POSTHOOK: type: QUERY
PLAN VECTORIZATION:
  enabled: true
  enabledConditionsMet: [hive.vectorized.execution.enabled IS true]

STAGE DEPENDENCIES:
  Stage-8 is a root stage
  Stage-3 depends on stages: Stage-8
  Stage-0 depends on stages: Stage-3

STAGE PLANS:
  Stage: Stage-8
    Map Reduce Local Work
      Alias -> Map Local Tables:
        $hdt$_1:cd 
          Fetch Operator
            limit: -1
        $hdt$_2:hd 
          Fetch Operator
            limit: -1
      Alias -> Map Local Operator Tree:
        $hdt$_1:cd 
          TableScan
            alias: cd
            Statistics: Num rows: 12288 Data size: 2641964 Basic stats: COMPLETE Column stats: NONE
            Select Operator
              expressions: cint (type: int)
              outputColumnNames: _col0
              Statistics: Num rows: 12288 Data size: 2641964 Basic stats: COMPLETE Column stats: NONE
              HashTable Sink Operator
                keys:
                  0 _col1 (type: int)
                  1 _col0 (type: int)
        $hdt$_2:hd 
          TableScan
            alias: hd
            Statistics: Num rows: 12288 Data size: 2641964 Basic stats: COMPLETE Column stats: NONE
            Select Operator
              expressions: ctinyint (type: tinyint)
              outputColumnNames: _col0
              Statistics: Num rows: 12288 Data size: 2641964 Basic stats: COMPLETE Column stats: NONE
              HashTable Sink Operator
                keys:
                  0 _col0 (type: tinyint)
                  1 _col0 (type: tinyint)

  Stage: Stage-3
    Map Reduce
      Map Operator Tree:
          TableScan
            alias: c
            Statistics: Num rows: 12288 Data size: 2641964 Basic stats: COMPLETE Column stats: NONE
            Select Operator
              expressions: ctinyint (type: tinyint), cint (type: int)
              outputColumnNames: _col0, _col1
              Statistics: Num rows: 12288 Data size: 2641964 Basic stats: COMPLETE Column stats: NONE
              Map Join Operator
                condition map:
                     Left Outer Join 0 to 1
                keys:
                  0 _col1 (type: int)
                  1 _col0 (type: int)
                outputColumnNames: _col0
                Statistics: Num rows: 13516 Data size: 2906160 Basic stats: COMPLETE Column stats: NONE
                Map Join Operator
                  condition map:
                       Left Outer Join 0 to 1
                  keys:
                    0 _col0 (type: tinyint)
                    1 _col0 (type: tinyint)
                  Statistics: Num rows: 14867 Data size: 3196776 Basic stats: COMPLETE Column stats: NONE
                  Group By Operator
                    aggregations: count()
                    mode: hash
                    outputColumnNames: _col0
                    Statistics: Num rows: 1 Data size: 8 Basic stats: COMPLETE Column stats: NONE
                    Reduce Output Operator
                      sort order: 
                      Statistics: Num rows: 1 Data size: 8 Basic stats: COMPLETE Column stats: NONE
                      value expressions: _col0 (type: bigint)
      Execution mode: vectorized
      Map Vectorization:
          enabled: true
          enabledConditionsMet: hive.vectorized.use.vectorized.input.format IS true
          groupByVectorOutput: true
          inputFileFormats: org.apache.hadoop.hive.ql.io.orc.OrcInputFormat
          allNative: false
          usesVectorUDFAdaptor: false
          vectorized: true
      Local Work:
        Map Reduce Local Work
      Reduce Vectorization:
          enabled: false
          enableConditionsMet: hive.vectorized.execution.reduce.enabled IS true
          enableConditionsNotMet: hive.execution.engine mr IN [tez, spark] IS false
      Reduce Operator Tree:
        Group By Operator
          aggregations: count(VALUE._col0)
          mode: mergepartial
          outputColumnNames: _col0
          Statistics: Num rows: 1 Data size: 8 Basic stats: COMPLETE Column stats: NONE
          File Output Operator
            compressed: false
            Statistics: Num rows: 1 Data size: 8 Basic stats: COMPLETE Column stats: NONE
            table:
                input format: org.apache.hadoop.mapred.SequenceFileInputFormat
                output format: org.apache.hadoop.hive.ql.io.HiveSequenceFileOutputFormat
                serde: org.apache.hadoop.hive.serde2.lazy.LazySimpleSerDe

  Stage: Stage-0
    Fetch Operator
      limit: -1
      Processor Tree:
        ListSink

PREHOOK: query: select count(*) from (select c.ctinyint
from alltypesorc c
left outer join alltypesorc cd
  on cd.cint = c.cint 
left outer join alltypesorc hd
  on hd.ctinyint = c.ctinyint
) t1
PREHOOK: type: QUERY
PREHOOK: Input: default@alltypesorc
#### A masked pattern was here ####
POSTHOOK: query: select count(*) from (select c.ctinyint
from alltypesorc c
left outer join alltypesorc cd
  on cd.cint = c.cint 
left outer join alltypesorc hd
  on hd.ctinyint = c.ctinyint
) t1
POSTHOOK: type: QUERY
POSTHOOK: Input: default@alltypesorc
#### A masked pattern was here ####
225951785
