PREHOOK: query: DROP TABLE IF EXISTS decimal_txt
PREHOOK: type: DROPTABLE
POSTHOOK: query: DROP TABLE IF EXISTS decimal_txt
POSTHOOK: type: DROPTABLE
PREHOOK: query: DROP TABLE IF EXISTS `decimal`
PREHOOK: type: DROPTABLE
POSTHOOK: query: DROP TABLE IF EXISTS `decimal`
POSTHOOK: type: DROPTABLE
PREHOOK: query: CREATE TABLE decimal_txt (`dec` decimal)
PREHOOK: type: CREATETABLE
PREHOOK: Output: database:default
PREHOOK: Output: default@decimal_txt
POSTHOOK: query: CREATE TABLE decimal_txt (`dec` decimal)
POSTHOOK: type: CREATETABLE
POSTHOOK: Output: database:default
POSTHOOK: Output: default@decimal_txt
PREHOOK: query: LOAD DATA LOCAL INPATH '../../data/files/decimal_10_0.txt' OVERWRITE INTO TABLE decimal_txt
PREHOOK: type: LOAD
#### A masked pattern was here ####
PREHOOK: Output: default@decimal_txt
POSTHOOK: query: LOAD DATA LOCAL INPATH '../../data/files/decimal_10_0.txt' OVERWRITE INTO TABLE decimal_txt
POSTHOOK: type: LOAD
#### A masked pattern was here ####
POSTHOOK: Output: default@decimal_txt
PREHOOK: query: CREATE TABLE `DECIMAL` STORED AS ORC AS SELECT * FROM decimal_txt
PREHOOK: type: CREATETABLE_AS_SELECT
PREHOOK: Input: default@decimal_txt
PREHOOK: Output: database:default
PREHOOK: Output: default@DECIMAL
POSTHOOK: query: CREATE TABLE `DECIMAL` STORED AS ORC AS SELECT * FROM decimal_txt
POSTHOOK: type: CREATETABLE_AS_SELECT
POSTHOOK: Input: default@decimal_txt
POSTHOOK: Output: database:default
POSTHOOK: Output: default@DECIMAL
POSTHOOK: Lineage: decimal.dec SIMPLE [(decimal_txt)decimal_txt.FieldSchema(name:dec, type:decimal(10,0), comment:null), ]
PREHOOK: query: EXPLAIN VECTORIZATION DETAIL
SELECT `dec` FROM `DECIMAL` order by `dec`
PREHOOK: type: QUERY
POSTHOOK: query: EXPLAIN VECTORIZATION DETAIL
SELECT `dec` FROM `DECIMAL` order by `dec`
POSTHOOK: type: QUERY
PLAN VECTORIZATION:
  enabled: true
  enabledConditionsMet: [hive.vectorized.execution.enabled IS true]

STAGE DEPENDENCIES:
  Stage-1 is a root stage
  Stage-0 depends on stages: Stage-1

STAGE PLANS:
  Stage: Stage-1
    Map Reduce
      Map Operator Tree:
          TableScan
            alias: decimal
            Statistics: Num rows: 2 Data size: 112 Basic stats: COMPLETE Column stats: NONE
            TableScan Vectorization:
                native: true
                vectorizationSchemaColumns: [0:dec:decimal(10,0)/DECIMAL_64, 1:ROW__ID:struct<writeid:bigint,bucketid:int,rowid:bigint>]
            Select Operator
              expressions: dec (type: decimal(10,0))
              outputColumnNames: _col0
              Select Vectorization:
                  className: VectorSelectOperator
                  native: true
                  projectedOutputColumnNums: [0]
              Statistics: Num rows: 2 Data size: 112 Basic stats: COMPLETE Column stats: NONE
              Reduce Output Operator
                key expressions: _col0 (type: decimal(10,0))
                sort order: +
                Reduce Sink Vectorization:
                    className: VectorReduceSinkOperator
                    native: false
                    nativeConditionsMet: hive.vectorized.execution.reducesink.new.enabled IS true, No PTF TopN IS true, No DISTINCT columns IS true, BinarySortableSerDe for keys IS true, LazyBinarySerDe for values IS true
                    nativeConditionsNotMet: hive.execution.engine mr IN [tez, spark] IS false
                Statistics: Num rows: 2 Data size: 112 Basic stats: COMPLETE Column stats: NONE
      Execution mode: vectorized
      Map Vectorization:
          enabled: true
          enabledConditionsMet: hive.vectorized.use.vectorized.input.format IS true
          inputFormatFeatureSupport: [DECIMAL_64]
          featureSupportInUse: [DECIMAL_64]
          inputFileFormats: org.apache.hadoop.hive.ql.io.orc.OrcInputFormat
          allNative: false
          usesVectorUDFAdaptor: false
          vectorized: true
          rowBatchContext:
              dataColumnCount: 1
              includeColumns: [0]
              dataColumns: dec:decimal(10,0)/DECIMAL_64
              partitionColumnCount: 0
              scratchColumnTypeNames: []
      Reduce Vectorization:
          enabled: false
          enableConditionsMet: hive.vectorized.execution.reduce.enabled IS true
          enableConditionsNotMet: hive.execution.engine mr IN [tez, spark] IS false
      Reduce Operator Tree:
        Select Operator
          expressions: KEY.reducesinkkey0 (type: decimal(10,0))
          outputColumnNames: _col0
          Statistics: Num rows: 2 Data size: 112 Basic stats: COMPLETE Column stats: NONE
          File Output Operator
            compressed: false
            Statistics: Num rows: 2 Data size: 112 Basic stats: COMPLETE Column stats: NONE
            table:
                input format: org.apache.hadoop.mapred.SequenceFileInputFormat
                output format: org.apache.hadoop.hive.ql.io.HiveSequenceFileOutputFormat
                serde: org.apache.hadoop.hive.serde2.lazy.LazySimpleSerDe

  Stage: Stage-0
    Fetch Operator
      limit: -1
      Processor Tree:
        ListSink

PREHOOK: query: SELECT `dec` FROM `DECIMAL` order by `dec`
PREHOOK: type: QUERY
PREHOOK: Input: default@decimal
#### A masked pattern was here ####
POSTHOOK: query: SELECT `dec` FROM `DECIMAL` order by `dec`
POSTHOOK: type: QUERY
POSTHOOK: Input: default@decimal
#### A masked pattern was here ####
NULL
1000000000
PREHOOK: query: EXPLAIN VECTORIZATION DETAIL
SELECT `dec` FROM `decimal_txt` order by `dec`
PREHOOK: type: QUERY
POSTHOOK: query: EXPLAIN VECTORIZATION DETAIL
SELECT `dec` FROM `decimal_txt` order by `dec`
POSTHOOK: type: QUERY
PLAN VECTORIZATION:
  enabled: true
  enabledConditionsMet: [hive.vectorized.execution.enabled IS true]

STAGE DEPENDENCIES:
  Stage-1 is a root stage
  Stage-0 depends on stages: Stage-1

STAGE PLANS:
  Stage: Stage-1
    Map Reduce
      Map Operator Tree:
          TableScan
            alias: decimal_txt
            Statistics: Num rows: 1 Data size: 280 Basic stats: COMPLETE Column stats: NONE
            TableScan Vectorization:
                native: true
                vectorizationSchemaColumns: [0:dec:decimal(10,0)/DECIMAL_64, 1:ROW__ID:struct<writeid:bigint,bucketid:int,rowid:bigint>]
            Select Operator
              expressions: dec (type: decimal(10,0))
              outputColumnNames: _col0
              Select Vectorization:
                  className: VectorSelectOperator
                  native: true
                  projectedOutputColumnNums: [0]
              Statistics: Num rows: 1 Data size: 280 Basic stats: COMPLETE Column stats: NONE
              Reduce Output Operator
                key expressions: _col0 (type: decimal(10,0))
                sort order: +
                Reduce Sink Vectorization:
                    className: VectorReduceSinkOperator
                    native: false
                    nativeConditionsMet: hive.vectorized.execution.reducesink.new.enabled IS true, No PTF TopN IS true, No DISTINCT columns IS true, BinarySortableSerDe for keys IS true, LazyBinarySerDe for values IS true
                    nativeConditionsNotMet: hive.execution.engine mr IN [tez, spark] IS false
                Statistics: Num rows: 1 Data size: 280 Basic stats: COMPLETE Column stats: NONE
      Execution mode: vectorized
      Map Vectorization:
          enabled: true
          enabledConditionsMet: hive.vectorized.use.vector.serde.deserialize IS true
          inputFormatFeatureSupport: [DECIMAL_64]
          featureSupportInUse: [DECIMAL_64]
          inputFileFormats: org.apache.hadoop.mapred.TextInputFormat
          allNative: false
          usesVectorUDFAdaptor: false
          vectorized: true
          rowBatchContext:
              dataColumnCount: 1
              includeColumns: [0]
              dataColumns: dec:decimal(10,0)/DECIMAL_64
              partitionColumnCount: 0
              scratchColumnTypeNames: []
      Reduce Vectorization:
          enabled: false
          enableConditionsMet: hive.vectorized.execution.reduce.enabled IS true
          enableConditionsNotMet: hive.execution.engine mr IN [tez, spark] IS false
      Reduce Operator Tree:
        Select Operator
          expressions: KEY.reducesinkkey0 (type: decimal(10,0))
          outputColumnNames: _col0
          Statistics: Num rows: 1 Data size: 280 Basic stats: COMPLETE Column stats: NONE
          File Output Operator
            compressed: false
            Statistics: Num rows: 1 Data size: 280 Basic stats: COMPLETE Column stats: NONE
            table:
                input format: org.apache.hadoop.mapred.SequenceFileInputFormat
                output format: org.apache.hadoop.hive.ql.io.HiveSequenceFileOutputFormat
                serde: org.apache.hadoop.hive.serde2.lazy.LazySimpleSerDe

  Stage: Stage-0
    Fetch Operator
      limit: -1
      Processor Tree:
        ListSink

PREHOOK: query: SELECT `dec` FROM `decimal_txt` order by `dec`
PREHOOK: type: QUERY
PREHOOK: Input: default@decimal_txt
#### A masked pattern was here ####
POSTHOOK: query: SELECT `dec` FROM `decimal_txt` order by `dec`
POSTHOOK: type: QUERY
POSTHOOK: Input: default@decimal_txt
#### A masked pattern was here ####
NULL
1000000000
PREHOOK: query: DROP TABLE DECIMAL_txt
PREHOOK: type: DROPTABLE
PREHOOK: Input: default@decimal_txt
PREHOOK: Output: default@decimal_txt
POSTHOOK: query: DROP TABLE DECIMAL_txt
POSTHOOK: type: DROPTABLE
POSTHOOK: Input: default@decimal_txt
POSTHOOK: Output: default@decimal_txt
PREHOOK: query: DROP TABLE `DECIMAL`
PREHOOK: type: DROPTABLE
PREHOOK: Input: default@decimal
PREHOOK: Output: default@decimal
POSTHOOK: query: DROP TABLE `DECIMAL`
POSTHOOK: type: DROPTABLE
POSTHOOK: Input: default@decimal
POSTHOOK: Output: default@decimal
