PREHOOK: query: explain vectorization SELECT * FROM alltypesorc WHERE cint in (ctinyint, cbigint)
PREHOOK: type: QUERY
POSTHOOK: query: explain vectorization SELECT * FROM alltypesorc WHERE cint in (ctinyint, cbigint)
POSTHOOK: type: QUERY
PLAN VECTORIZATION:
  enabled: true
  enabledConditionsMet: [hive.vectorized.execution.enabled IS true]

STAGE DEPENDENCIES:
  Stage-1 is a root stage
  Stage-0 depends on stages: Stage-1

STAGE PLANS:
  Stage: Stage-1
    Map Reduce
      Map Operator Tree:
          TableScan
            alias: alltypesorc
            Statistics: Num rows: 12288 Data size: 2907994 Basic stats: COMPLETE Column stats: NONE
            Filter Operator
              predicate: (cint) IN (UDFToInteger(ctinyint), UDFToInteger(cbigint)) (type: boolean)
              Statistics: Num rows: 6144 Data size: 1453997 Basic stats: COMPLETE Column stats: NONE
              Select Operator
                expressions: ctinyint (type: tinyint), csmallint (type: smallint), cint (type: int), cbigint (type: bigint), cfloat (type: float), cdouble (type: double), cstring1 (type: string), cstring2 (type: string), ctimestamp1 (type: timestamp), ctimestamp2 (type: timestamp), cboolean1 (type: boolean), cboolean2 (type: boolean)
                outputColumnNames: _col0, _col1, _col2, _col3, _col4, _col5, _col6, _col7, _col8, _col9, _col10, _col11
                Statistics: Num rows: 6144 Data size: 1453997 Basic stats: COMPLETE Column stats: NONE
                File Output Operator
                  compressed: false
                  Statistics: Num rows: 6144 Data size: 1453997 Basic stats: COMPLETE Column stats: NONE
                  table:
                      input format: org.apache.hadoop.mapred.SequenceFileInputFormat
                      output format: org.apache.hadoop.hive.ql.io.HiveSequenceFileOutputFormat
                      serde: org.apache.hadoop.hive.serde2.lazy.LazySimpleSerDe
      Map Vectorization:
          enabled: true
          enabledConditionsMet: hive.vectorized.use.vectorized.input.format IS true
          inputFileFormats: org.apache.hadoop.hive.ql.io.orc.OrcInputFormat
          notVectorizedReason: FILTER operator: Vectorizing IN expression only supported for constant values
          vectorized: false

  Stage: Stage-0
    Fetch Operator
      limit: -1
      Processor Tree:
        ListSink

