PREHOOK: query: EXPLAIN VECTORIZATION DETAIL
SELECT SUM(abs(ctinyint)) from alltypesorc
PREHOOK: type: QUERY
POSTHOOK: query: EXPLAIN VECTORIZATION DETAIL
SELECT SUM(abs(ctinyint)) from alltypesorc
POSTHOOK: type: QUERY
PLAN VECTORIZATION:
  enabled: true
  enabledConditionsMet: [hive.vectorized.execution.enabled IS true]

STAGE DEPENDENCIES:
  Stage-1 is a root stage
  Stage-0 depends on stages: Stage-1

STAGE PLANS:
  Stage: Stage-1
    Map Reduce
      Map Operator Tree:
          TableScan
            alias: alltypesorc
            Statistics: Num rows: 12288 Data size: 2907994 Basic stats: COMPLETE Column stats: NONE
            TableScan Vectorization:
                native: true
                vectorizationSchemaColumns: [0:ctinyint:tinyint, 1:csmallint:smallint, 2:cint:int, 3:cbigint:bigint, 4:cfloat:float, 5:cdouble:double, 6:cstring1:string, 7:cstring2:string, 8:ctimestamp1:timestamp, 9:ctimestamp2:timestamp, 10:cboolean1:boolean, 11:cboolean2:boolean, 12:ROW__ID:struct<writeid:bigint,bucketid:int,rowid:bigint>]
            Select Operator
              expressions: abs(ctinyint) (type: int)
              outputColumnNames: _col0
              Select Vectorization:
                  className: VectorSelectOperator
                  native: true
                  projectedOutputColumnNums: [13]
                  selectExpressions: FuncAbsLongToLong(col 0:tinyint) -> 13:int
              Statistics: Num rows: 12288 Data size: 2907994 Basic stats: COMPLETE Column stats: NONE
              Group By Operator
                aggregations: sum(_col0)
                Group By Vectorization:
                    aggregators: VectorUDAFSumLong(col 13:int) -> bigint
                    className: VectorGroupByOperator
                    groupByMode: HASH
                    native: false
                    vectorProcessingMode: HASH
                    projectedOutputColumnNums: [0]
                mode: hash
                outputColumnNames: _col0
                Statistics: Num rows: 1 Data size: 8 Basic stats: COMPLETE Column stats: NONE
                Reduce Output Operator
                  sort order: 
                  Reduce Sink Vectorization:
                      className: VectorReduceSinkOperator
                      native: false
                      nativeConditionsMet: hive.vectorized.execution.reducesink.new.enabled IS true, No PTF TopN IS true, No DISTINCT columns IS true, BinarySortableSerDe for keys IS true, LazyBinarySerDe for values IS true
                      nativeConditionsNotMet: hive.execution.engine mr IN [tez, spark] IS false
                  Statistics: Num rows: 1 Data size: 8 Basic stats: COMPLETE Column stats: NONE
                  value expressions: _col0 (type: bigint)
      Execution mode: vectorized
      Map Vectorization:
          enabled: true
          enabledConditionsMet: hive.vectorized.use.vectorized.input.format IS true
          inputFormatFeatureSupport: []
          featureSupportInUse: []
          inputFileFormats: org.apache.hadoop.hive.ql.io.orc.OrcInputFormat
          allNative: false
          usesVectorUDFAdaptor: false
          vectorized: true
          rowBatchContext:
              dataColumnCount: 12
              includeColumns: [0]
              dataColumns: ctinyint:tinyint, csmallint:smallint, cint:int, cbigint:bigint, cfloat:float, cdouble:double, cstring1:string, cstring2:string, ctimestamp1:timestamp, ctimestamp2:timestamp, cboolean1:boolean, cboolean2:boolean
              partitionColumnCount: 0
              scratchColumnTypeNames: [bigint]
      Reduce Vectorization:
          enabled: false
          enableConditionsMet: hive.vectorized.execution.reduce.enabled IS true
          enableConditionsNotMet: hive.execution.engine mr IN [tez, spark] IS false
      Reduce Operator Tree:
        Group By Operator
          aggregations: sum(VALUE._col0)
          mode: mergepartial
          outputColumnNames: _col0
          Statistics: Num rows: 1 Data size: 8 Basic stats: COMPLETE Column stats: NONE
          File Output Operator
            compressed: false
            Statistics: Num rows: 1 Data size: 8 Basic stats: COMPLETE Column stats: NONE
            table:
                input format: org.apache.hadoop.mapred.SequenceFileInputFormat
                output format: org.apache.hadoop.hive.ql.io.HiveSequenceFileOutputFormat
                serde: org.apache.hadoop.hive.serde2.lazy.LazySimpleSerDe

  Stage: Stage-0
    Fetch Operator
      limit: -1
      Processor Tree:
        ListSink

PREHOOK: query: SELECT SUM(abs(ctinyint)) from alltypesorc
PREHOOK: type: QUERY
PREHOOK: Input: default@alltypesorc
#### A masked pattern was here ####
POSTHOOK: query: SELECT SUM(abs(ctinyint)) from alltypesorc
POSTHOOK: type: QUERY
POSTHOOK: Input: default@alltypesorc
#### A masked pattern was here ####
261468
