PREHOOK: query: CREATE TABLE test (a INT, b MAP<INT, STRING>) STORED AS ORC
PREHOOK: type: CREATETABLE
PREHOOK: Output: database:default
PREHOOK: Output: default@test
POSTHOOK: query: CREATE TABLE test (a INT, b MAP<INT, STRING>) STORED AS ORC
POSTHOOK: type: CREATETABLE
POSTHOOK: Output: database:default
POSTHOOK: Output: default@test
PREHOOK: query: INSERT OVERWRITE TABLE test SELECT 199408978, MAP(1, "val_1", 2, "val_2") FROM src LIMIT 1
PREHOOK: type: QUERY
PREHOOK: Input: default@src
PREHOOK: Output: default@test
POSTHOOK: query: INSERT OVERWRITE TABLE test SELECT 199408978, MAP(1, "val_1", 2, "val_2") FROM src LIMIT 1
POSTHOOK: type: QUERY
POSTHOOK: Input: default@src
POSTHOOK: Output: default@test
POSTHOOK: Lineage: test.a SIMPLE []
POSTHOOK: Lineage: test.b EXPRESSION []
_c0	_c1
PREHOOK: query: explain vectorization expression
select * from alltypesorc join test where alltypesorc.cint=test.a
PREHOOK: type: QUERY
POSTHOOK: query: explain vectorization expression
select * from alltypesorc join test where alltypesorc.cint=test.a
POSTHOOK: type: QUERY
Explain
PLAN VECTORIZATION:
  enabled: true
  enabledConditionsMet: [hive.vectorized.execution.enabled IS true]

STAGE DEPENDENCIES:
  Stage-4 is a root stage
  Stage-3 depends on stages: Stage-4
  Stage-0 depends on stages: Stage-3

STAGE PLANS:
  Stage: Stage-4
    Map Reduce Local Work
      Alias -> Map Local Tables:
        $hdt$_1:test 
          Fetch Operator
            limit: -1
      Alias -> Map Local Operator Tree:
        $hdt$_1:test 
          TableScan
            alias: test
            Statistics: Num rows: 1 Data size: 190 Basic stats: COMPLETE Column stats: NONE
            Filter Operator
              predicate: a is not null (type: boolean)
              Statistics: Num rows: 1 Data size: 190 Basic stats: COMPLETE Column stats: NONE
              Select Operator
                expressions: a (type: int), b (type: map<int,string>)
                outputColumnNames: _col0, _col1
                Statistics: Num rows: 1 Data size: 190 Basic stats: COMPLETE Column stats: NONE
                HashTable Sink Operator
                  keys:
                    0 _col2 (type: int)
                    1 _col0 (type: int)

  Stage: Stage-3
    Map Reduce
      Map Operator Tree:
          TableScan
            alias: alltypesorc
            Statistics: Num rows: 12288 Data size: 2641964 Basic stats: COMPLETE Column stats: NONE
            TableScan Vectorization:
                native: true
                projectedOutputColumns: [0, 1, 2, 3, 4, 5, 6, 7, 8, 9, 10, 11]
            Filter Operator
              Filter Vectorization:
                  className: VectorFilterOperator
                  native: true
                  predicateExpression: SelectColumnIsNotNull(col 2) -> boolean
              predicate: cint is not null (type: boolean)
              Statistics: Num rows: 12288 Data size: 2641964 Basic stats: COMPLETE Column stats: NONE
              Select Operator
                expressions: ctinyint (type: tinyint), csmallint (type: smallint), cint (type: int), cbigint (type: bigint), cfloat (type: float), cdouble (type: double), cstring1 (type: string), cstring2 (type: string), ctimestamp1 (type: timestamp), ctimestamp2 (type: timestamp), cboolean1 (type: boolean), cboolean2 (type: boolean)
                outputColumnNames: _col0, _col1, _col2, _col3, _col4, _col5, _col6, _col7, _col8, _col9, _col10, _col11
                Select Vectorization:
                    className: VectorSelectOperator
                    native: true
                    projectedOutputColumns: [0, 1, 2, 3, 4, 5, 6, 7, 8, 9, 10, 11]
                Statistics: Num rows: 12288 Data size: 2641964 Basic stats: COMPLETE Column stats: NONE
                Map Join Operator
                  condition map:
                       Inner Join 0 to 1
                  keys:
                    0 _col2 (type: int)
                    1 _col0 (type: int)
                  Map Join Vectorization:
                      className: VectorMapJoinOperator
                      native: false
                      nativeConditionsMet: hive.mapjoin.optimized.hashtable IS true, hive.vectorized.execution.mapjoin.native.enabled IS true, One MapJoin Condition IS true, No nullsafe IS true, Small table vectorizes IS true, Optimized Table and Supports Key Types IS true
                      nativeConditionsNotMet: hive.execution.engine mr IN [tez, spark] IS false
                  outputColumnNames: _col0, _col1, _col2, _col3, _col4, _col5, _col6, _col7, _col8, _col9, _col10, _col11, _col12, _col13
                  Statistics: Num rows: 13516 Data size: 2906160 Basic stats: COMPLETE Column stats: NONE
                  File Output Operator
                    compressed: false
                    File Sink Vectorization:
                        className: VectorFileSinkOperator
                        native: false
                    Statistics: Num rows: 13516 Data size: 2906160 Basic stats: COMPLETE Column stats: NONE
                    table:
                        input format: org.apache.hadoop.mapred.SequenceFileInputFormat
                        output format: org.apache.hadoop.hive.ql.io.HiveSequenceFileOutputFormat
                        serde: org.apache.hadoop.hive.serde2.lazy.LazySimpleSerDe
      Execution mode: vectorized
      Map Vectorization:
          enabled: true
          enabledConditionsMet: hive.vectorized.use.vectorized.input.format IS true
          groupByVectorOutput: true
          inputFileFormats: org.apache.hadoop.hive.ql.io.orc.OrcInputFormat
          allNative: false
          usesVectorUDFAdaptor: false
          vectorized: true
      Local Work:
        Map Reduce Local Work

  Stage: Stage-0
    Fetch Operator
      limit: -1
      Processor Tree:
        ListSink

PREHOOK: query: select * from alltypesorc join test where alltypesorc.cint=test.a
PREHOOK: type: QUERY
PREHOOK: Input: default@alltypesorc
PREHOOK: Input: default@test
#### A masked pattern was here ####
POSTHOOK: query: select * from alltypesorc join test where alltypesorc.cint=test.a
POSTHOOK: type: QUERY
POSTHOOK: Input: default@alltypesorc
POSTHOOK: Input: default@test
#### A masked pattern was here ####
alltypesorc.ctinyint	alltypesorc.csmallint	alltypesorc.cint	alltypesorc.cbigint	alltypesorc.cfloat	alltypesorc.cdouble	alltypesorc.cstring1	alltypesorc.cstring2	alltypesorc.ctimestamp1	alltypesorc.ctimestamp2	alltypesorc.cboolean1	alltypesorc.cboolean2	test.a	test.b
-51	NULL	199408978	-1800989684	-51.0	NULL	34N4EY63M1GFWuW0boW	P4PL5h1eXR4mMLr2	1969-12-31 16:00:08.451	NULL	false	true	199408978	{1:"val_1",2:"val_2"}
PREHOOK: query: CREATE TABLE test2a (a ARRAY<INT>) STORED AS ORC
PREHOOK: type: CREATETABLE
PREHOOK: Output: database:default
PREHOOK: Output: default@test2a
POSTHOOK: query: CREATE TABLE test2a (a ARRAY<INT>) STORED AS ORC
POSTHOOK: type: CREATETABLE
POSTHOOK: Output: database:default
POSTHOOK: Output: default@test2a
PREHOOK: query: INSERT OVERWRITE TABLE test2a SELECT ARRAY(1, 2) FROM src LIMIT 1
PREHOOK: type: QUERY
PREHOOK: Input: default@src
PREHOOK: Output: default@test2a
POSTHOOK: query: INSERT OVERWRITE TABLE test2a SELECT ARRAY(1, 2) FROM src LIMIT 1
POSTHOOK: type: QUERY
POSTHOOK: Input: default@src
POSTHOOK: Output: default@test2a
POSTHOOK: Lineage: test2a.a EXPRESSION []
_c0
PREHOOK: query: CREATE TABLE test2b (a INT) STORED AS ORC
PREHOOK: type: CREATETABLE
PREHOOK: Output: database:default
PREHOOK: Output: default@test2b
POSTHOOK: query: CREATE TABLE test2b (a INT) STORED AS ORC
POSTHOOK: type: CREATETABLE
POSTHOOK: Output: database:default
POSTHOOK: Output: default@test2b
PREHOOK: query: INSERT OVERWRITE TABLE test2b VALUES (2), (3), (4)
PREHOOK: type: QUERY
PREHOOK: Output: default@test2b
POSTHOOK: query: INSERT OVERWRITE TABLE test2b VALUES (2), (3), (4)
POSTHOOK: type: QUERY
POSTHOOK: Output: default@test2b
POSTHOOK: Lineage: test2b.a EXPRESSION [(values__tmp__table__1)values__tmp__table__1.FieldSchema(name:tmp_values_col1, type:string, comment:), ]
_col0
PREHOOK: query: explain vectorization expression
select *  from test2b join test2a on test2b.a = test2a.a[1]
PREHOOK: type: QUERY
POSTHOOK: query: explain vectorization expression
select *  from test2b join test2a on test2b.a = test2a.a[1]
POSTHOOK: type: QUERY
Explain
PLAN VECTORIZATION:
  enabled: true
  enabledConditionsMet: [hive.vectorized.execution.enabled IS true]

STAGE DEPENDENCIES:
  Stage-4 is a root stage
  Stage-3 depends on stages: Stage-4
  Stage-0 depends on stages: Stage-3

STAGE PLANS:
  Stage: Stage-4
    Map Reduce Local Work
      Alias -> Map Local Tables:
        test2b 
          Fetch Operator
            limit: -1
      Alias -> Map Local Operator Tree:
        test2b 
          TableScan
            alias: test2b
            Statistics: Num rows: 3 Data size: 12 Basic stats: COMPLETE Column stats: NONE
            Filter Operator
              predicate: a is not null (type: boolean)
              Statistics: Num rows: 3 Data size: 12 Basic stats: COMPLETE Column stats: NONE
              HashTable Sink Operator
                keys:
                  0 a (type: int)
                  1 a[1] (type: int)

  Stage: Stage-3
    Map Reduce
      Map Operator Tree:
          TableScan
            alias: test2a
            Statistics: Num rows: 1 Data size: 8 Basic stats: COMPLETE Column stats: NONE
            Filter Operator
              predicate: a[1] is not null (type: boolean)
              Statistics: Num rows: 1 Data size: 8 Basic stats: COMPLETE Column stats: NONE
              Map Join Operator
                condition map:
                     Inner Join 0 to 1
                keys:
                  0 a (type: int)
                  1 a[1] (type: int)
                outputColumnNames: _col0, _col4
                Statistics: Num rows: 3 Data size: 13 Basic stats: COMPLETE Column stats: NONE
                Select Operator
                  expressions: _col0 (type: int), _col4 (type: array<int>)
                  outputColumnNames: _col0, _col1
                  Statistics: Num rows: 3 Data size: 13 Basic stats: COMPLETE Column stats: NONE
                  File Output Operator
                    compressed: false
                    Statistics: Num rows: 3 Data size: 13 Basic stats: COMPLETE Column stats: NONE
                    table:
                        input format: org.apache.hadoop.mapred.SequenceFileInputFormat
                        output format: org.apache.hadoop.hive.ql.io.HiveSequenceFileOutputFormat
                        serde: org.apache.hadoop.hive.serde2.lazy.LazySimpleSerDe
      Map Vectorization:
          enabled: true
          enabledConditionsMet: hive.vectorized.use.vectorized.input.format IS true
          inputFileFormats: org.apache.hadoop.hive.ql.io.orc.OrcInputFormat
          notVectorizedReason: Predicate expression for FILTER operator: org.apache.hadoop.hive.ql.metadata.HiveException: Unexpected hive type name array<int>
          vectorized: false
      Local Work:
        Map Reduce Local Work

  Stage: Stage-0
    Fetch Operator
      limit: -1
      Processor Tree:
        ListSink

PREHOOK: query: select *  from test2b join test2a on test2b.a = test2a.a[1]
PREHOOK: type: QUERY
PREHOOK: Input: default@test2a
PREHOOK: Input: default@test2b
#### A masked pattern was here ####
POSTHOOK: query: select *  from test2b join test2a on test2b.a = test2a.a[1]
POSTHOOK: type: QUERY
POSTHOOK: Input: default@test2a
POSTHOOK: Input: default@test2b
#### A masked pattern was here ####
test2b.a	test2a.a
2	[1,2]
