PREHOOK: query: create table testvec(id int, dt int, greg_dt string) stored as orc
PREHOOK: type: CREATETABLE
PREHOOK: Output: database:default
PREHOOK: Output: default@testvec
POSTHOOK: query: create table testvec(id int, dt int, greg_dt string) stored as orc
POSTHOOK: type: CREATETABLE
POSTHOOK: Output: database:default
POSTHOOK: Output: default@testvec
PREHOOK: query: insert into table testvec
values 
(1,20150330, '2015-03-30'),
(2,20150301, '2015-03-01'),
(3,20150502, '2015-05-02'),
(4,20150401, '2015-04-01'),
(5,20150313, '2015-03-13'),
(6,20150314, '2015-03-14'),
(7,20150404, '2015-04-04')
PREHOOK: type: QUERY
PREHOOK: Output: default@testvec
POSTHOOK: query: insert into table testvec
values 
(1,20150330, '2015-03-30'),
(2,20150301, '2015-03-01'),
(3,20150502, '2015-05-02'),
(4,20150401, '2015-04-01'),
(5,20150313, '2015-03-13'),
(6,20150314, '2015-03-14'),
(7,20150404, '2015-04-04')
POSTHOOK: type: QUERY
POSTHOOK: Output: default@testvec
POSTHOOK: Lineage: testvec.dt EXPRESSION [(values__tmp__table__1)values__tmp__table__1.FieldSchema(name:tmp_values_col2, type:string, comment:), ]
POSTHOOK: Lineage: testvec.greg_dt SIMPLE [(values__tmp__table__1)values__tmp__table__1.FieldSchema(name:tmp_values_col3, type:string, comment:), ]
POSTHOOK: Lineage: testvec.id EXPRESSION [(values__tmp__table__1)values__tmp__table__1.FieldSchema(name:tmp_values_col1, type:string, comment:), ]
PREHOOK: query: explain vectorization select max(dt), max(greg_dt) from testvec where id=5
PREHOOK: type: QUERY
POSTHOOK: query: explain vectorization select max(dt), max(greg_dt) from testvec where id=5
POSTHOOK: type: QUERY
PLAN VECTORIZATION:
  enabled: true
  enabledConditionsMet: [hive.vectorized.execution.enabled IS true]

STAGE DEPENDENCIES:
  Stage-1 is a root stage
  Stage-0 depends on stages: Stage-1

STAGE PLANS:
  Stage: Stage-1
    Map Reduce
      Map Operator Tree:
          TableScan
            alias: testvec
            Statistics: Num rows: 7 Data size: 714 Basic stats: COMPLETE Column stats: NONE
            Filter Operator
              predicate: (id = 5) (type: boolean)
              Statistics: Num rows: 3 Data size: 306 Basic stats: COMPLETE Column stats: NONE
              Select Operator
                expressions: dt (type: int), greg_dt (type: string)
                outputColumnNames: dt, greg_dt
                Statistics: Num rows: 3 Data size: 306 Basic stats: COMPLETE Column stats: NONE
                Group By Operator
                  aggregations: max(dt), max(greg_dt)
                  mode: hash
                  outputColumnNames: _col0, _col1
                  Statistics: Num rows: 1 Data size: 188 Basic stats: COMPLETE Column stats: NONE
                  Reduce Output Operator
                    sort order: 
                    Statistics: Num rows: 1 Data size: 188 Basic stats: COMPLETE Column stats: NONE
                    value expressions: _col0 (type: int), _col1 (type: string)
      Execution mode: vectorized
      Map Vectorization:
          enabled: true
          enabledConditionsMet: hive.vectorized.use.vectorized.input.format IS true
          groupByVectorOutput: true
          inputFileFormats: org.apache.hadoop.hive.ql.io.orc.OrcInputFormat
          allNative: false
          usesVectorUDFAdaptor: false
          vectorized: true
      Reduce Vectorization:
          enabled: false
          enableConditionsMet: hive.vectorized.execution.reduce.enabled IS true
          enableConditionsNotMet: hive.execution.engine mr IN [tez, spark] IS false
      Reduce Operator Tree:
        Group By Operator
          aggregations: max(VALUE._col0), max(VALUE._col1)
          mode: mergepartial
          outputColumnNames: _col0, _col1
          Statistics: Num rows: 1 Data size: 188 Basic stats: COMPLETE Column stats: NONE
          File Output Operator
            compressed: false
            Statistics: Num rows: 1 Data size: 188 Basic stats: COMPLETE Column stats: NONE
            table:
                input format: org.apache.hadoop.mapred.SequenceFileInputFormat
                output format: org.apache.hadoop.hive.ql.io.HiveSequenceFileOutputFormat
                serde: org.apache.hadoop.hive.serde2.lazy.LazySimpleSerDe

  Stage: Stage-0
    Fetch Operator
      limit: -1
      Processor Tree:
        ListSink

PREHOOK: query: select max(dt), max(greg_dt) from testvec where id=5
PREHOOK: type: QUERY
PREHOOK: Input: default@testvec
#### A masked pattern was here ####
POSTHOOK: query: select max(dt), max(greg_dt) from testvec where id=5
POSTHOOK: type: QUERY
POSTHOOK: Input: default@testvec
#### A masked pattern was here ####
20150313	2015-03-13
