PREHOOK: query: explain vectorization expression
select p.p_partkey, li.l_suppkey 
from (select distinct l_partkey as p_partkey from lineitem) p join lineitem li on p.p_partkey = li.l_partkey 
where li.l_linenumber = 1 and
 li.l_orderkey in (select l_orderkey from lineitem where l_shipmode = 'AIR')
PREHOOK: type: QUERY
POSTHOOK: query: explain vectorization expression
select p.p_partkey, li.l_suppkey 
from (select distinct l_partkey as p_partkey from lineitem) p join lineitem li on p.p_partkey = li.l_partkey 
where li.l_linenumber = 1 and
 li.l_orderkey in (select l_orderkey from lineitem where l_shipmode = 'AIR')
POSTHOOK: type: QUERY
PLAN VECTORIZATION:
  enabled: true
  enabledConditionsMet: [hive.vectorized.execution.enabled IS true]

STAGE DEPENDENCIES:
  Stage-1 is a root stage
  Stage-8 depends on stages: Stage-1
  Stage-6 depends on stages: Stage-8
  Stage-0 depends on stages: Stage-6

STAGE PLANS:
  Stage: Stage-1
    Map Reduce
      Map Operator Tree:
          TableScan
            alias: lineitem
            Statistics: Num rows: 100 Data size: 11999 Basic stats: COMPLETE Column stats: NONE
            TableScan Vectorization:
                native: true
                projectedOutputColumns: [0, 1, 2, 3, 4, 5, 6, 7, 8, 9, 10, 11, 12, 13, 14, 15]
            Filter Operator
              Filter Vectorization:
                  className: VectorFilterOperator
                  native: true
                  predicateExpression: SelectColumnIsNotNull(col 1) -> boolean
              predicate: l_partkey is not null (type: boolean)
              Statistics: Num rows: 100 Data size: 11999 Basic stats: COMPLETE Column stats: NONE
              Group By Operator
                Group By Vectorization:
                    className: VectorGroupByOperator
                    groupByMode: HASH
                    vectorOutput: true
                    keyExpressions: col 1
                    native: false
                    vectorProcessingMode: HASH
                    projectedOutputColumns: []
                keys: l_partkey (type: int)
                mode: hash
                outputColumnNames: _col0
                Statistics: Num rows: 100 Data size: 11999 Basic stats: COMPLETE Column stats: NONE
                Reduce Output Operator
                  key expressions: _col0 (type: int)
                  sort order: +
                  Map-reduce partition columns: _col0 (type: int)
                  Reduce Sink Vectorization:
                      className: VectorReduceSinkOperator
                      native: false
                      nativeConditionsMet: hive.vectorized.execution.reducesink.new.enabled IS true, No PTF TopN IS true, No DISTINCT columns IS true, BinarySortableSerDe for keys IS true, LazyBinarySerDe for values IS true
                      nativeConditionsNotMet: hive.execution.engine mr IN [tez, spark] IS false
                  Statistics: Num rows: 100 Data size: 11999 Basic stats: COMPLETE Column stats: NONE
      Execution mode: vectorized
      Map Vectorization:
          enabled: true
          enabledConditionsMet: hive.vectorized.use.vector.serde.deserialize IS true
          groupByVectorOutput: true
          inputFileFormats: org.apache.hadoop.mapred.TextInputFormat
          allNative: false
          usesVectorUDFAdaptor: false
          vectorized: true
      Reduce Vectorization:
          enabled: false
          enableConditionsMet: hive.vectorized.execution.reduce.enabled IS true
          enableConditionsNotMet: hive.execution.engine mr IN [tez, spark] IS false
      Reduce Operator Tree:
        Group By Operator
          Group By Vectorization:
              groupByMode: MERGEPARTIAL
              vectorOutput: false
              native: false
              vectorProcessingMode: NONE
              projectedOutputColumns: null
          keys: KEY._col0 (type: int)
          mode: mergepartial
          outputColumnNames: _col0
          Statistics: Num rows: 50 Data size: 5999 Basic stats: COMPLETE Column stats: NONE
          File Output Operator
            compressed: false
            table:
                input format: org.apache.hadoop.mapred.SequenceFileInputFormat
                output format: org.apache.hadoop.hive.ql.io.HiveSequenceFileOutputFormat
                serde: org.apache.hadoop.hive.serde2.lazybinary.LazyBinarySerDe

  Stage: Stage-8
    Map Reduce Local Work
      Alias -> Map Local Tables:
        $hdt$_1:li 
          Fetch Operator
            limit: -1
        $hdt$_2:lineitem 
          Fetch Operator
            limit: -1
      Alias -> Map Local Operator Tree:
        $hdt$_1:li 
          TableScan
            alias: li
            Statistics: Num rows: 100 Data size: 11999 Basic stats: COMPLETE Column stats: NONE
            Filter Operator
              predicate: ((l_linenumber = 1) and l_partkey is not null and l_orderkey is not null) (type: boolean)
              Statistics: Num rows: 50 Data size: 5999 Basic stats: COMPLETE Column stats: NONE
              Select Operator
                expressions: l_orderkey (type: int), l_partkey (type: int), l_suppkey (type: int)
                outputColumnNames: _col0, _col1, _col2
                Statistics: Num rows: 50 Data size: 5999 Basic stats: COMPLETE Column stats: NONE
                HashTable Sink Operator
                  keys:
                    0 _col0 (type: int)
                    1 _col1 (type: int)
        $hdt$_2:lineitem 
          TableScan
            alias: lineitem
            Statistics: Num rows: 100 Data size: 11999 Basic stats: COMPLETE Column stats: NONE
            Filter Operator
              predicate: ((l_shipmode = 'AIR') and l_orderkey is not null) (type: boolean)
              Statistics: Num rows: 50 Data size: 5999 Basic stats: COMPLETE Column stats: NONE
              Select Operator
                expressions: l_orderkey (type: int)
                outputColumnNames: _col0
                Statistics: Num rows: 50 Data size: 5999 Basic stats: COMPLETE Column stats: NONE
                Group By Operator
                  Group By Vectorization:
                      groupByMode: HASH
                      vectorOutput: false
                      native: false
                      vectorProcessingMode: NONE
                      projectedOutputColumns: null
                  keys: _col0 (type: int)
                  mode: hash
                  outputColumnNames: _col0
                  Statistics: Num rows: 50 Data size: 5999 Basic stats: COMPLETE Column stats: NONE
                  HashTable Sink Operator
                    keys:
                      0 _col1 (type: int)
                      1 _col0 (type: int)

  Stage: Stage-6
    Map Reduce
      Map Operator Tree:
          TableScan
            TableScan Vectorization:
                native: true
                projectedOutputColumns: [0]
            Map Join Operator
              condition map:
                   Inner Join 0 to 1
              keys:
                0 _col0 (type: int)
                1 _col1 (type: int)
              Map Join Vectorization:
                  className: VectorMapJoinOperator
                  native: false
                  nativeConditionsMet: hive.mapjoin.optimized.hashtable IS true, hive.vectorized.execution.mapjoin.native.enabled IS true, One MapJoin Condition IS true, No nullsafe IS true, Small table vectorizes IS true, Optimized Table and Supports Key Types IS true
                  nativeConditionsNotMet: hive.execution.engine mr IN [tez, spark] IS false
              outputColumnNames: _col0, _col1, _col3
              Statistics: Num rows: 55 Data size: 6598 Basic stats: COMPLETE Column stats: NONE
              Map Join Operator
                condition map:
                     Left Semi Join 0 to 1
                keys:
                  0 _col1 (type: int)
                  1 _col0 (type: int)
                Map Join Vectorization:
                    className: VectorMapJoinOperator
                    native: false
                    nativeConditionsMet: hive.mapjoin.optimized.hashtable IS true, hive.vectorized.execution.mapjoin.native.enabled IS true, One MapJoin Condition IS true, No nullsafe IS true, Small table vectorizes IS true, Optimized Table and Supports Key Types IS true
                    nativeConditionsNotMet: hive.execution.engine mr IN [tez, spark] IS false
                outputColumnNames: _col0, _col3
                Statistics: Num rows: 60 Data size: 7257 Basic stats: COMPLETE Column stats: NONE
                Select Operator
                  expressions: _col0 (type: int), _col3 (type: int)
                  outputColumnNames: _col0, _col1
                  Select Vectorization:
                      className: VectorSelectOperator
                      native: true
                      projectedOutputColumns: [0, 1]
                  Statistics: Num rows: 60 Data size: 7257 Basic stats: COMPLETE Column stats: NONE
                  File Output Operator
                    compressed: false
                    File Sink Vectorization:
                        className: VectorFileSinkOperator
                        native: false
                    Statistics: Num rows: 60 Data size: 7257 Basic stats: COMPLETE Column stats: NONE
                    table:
                        input format: org.apache.hadoop.mapred.SequenceFileInputFormat
                        output format: org.apache.hadoop.hive.ql.io.HiveSequenceFileOutputFormat
                        serde: org.apache.hadoop.hive.serde2.lazy.LazySimpleSerDe
      Execution mode: vectorized
      Map Vectorization:
          enabled: true
          enabledConditionsMet: hive.vectorized.use.vector.serde.deserialize IS true
          groupByVectorOutput: true
          inputFileFormats: org.apache.hadoop.mapred.SequenceFileInputFormat
          allNative: false
          usesVectorUDFAdaptor: false
          vectorized: true
      Local Work:
        Map Reduce Local Work

  Stage: Stage-0
    Fetch Operator
      limit: -1
      Processor Tree:
        ListSink

PREHOOK: query: select p.p_partkey, li.l_suppkey 
from (select distinct l_partkey as p_partkey from lineitem) p join lineitem li on p.p_partkey = li.l_partkey 
where li.l_linenumber = 1 and
 li.l_orderkey in (select l_orderkey from lineitem where l_shipmode = 'AIR')
PREHOOK: type: QUERY
PREHOOK: Input: default@lineitem
#### A masked pattern was here ####
POSTHOOK: query: select p.p_partkey, li.l_suppkey 
from (select distinct l_partkey as p_partkey from lineitem) p join lineitem li on p.p_partkey = li.l_partkey 
where li.l_linenumber = 1 and
 li.l_orderkey in (select l_orderkey from lineitem where l_shipmode = 'AIR')
POSTHOOK: type: QUERY
POSTHOOK: Input: default@lineitem
#### A masked pattern was here ####
108570	8571
115118	7630
115209	7721
155190	7706
2320	9821
40216	217
4297	1798
61336	8855
64128	9141
82704	7721
PREHOOK: query: explain vectorization expression
select p.p_partkey, li.l_suppkey 
from (select distinct l_partkey as p_partkey from lineitem) p join lineitem li on p.p_partkey = li.l_partkey 
where li.l_linenumber = 1 and
 li.l_orderkey in (select l_orderkey from lineitem where l_shipmode = 'AIR' and l_linenumber = li.l_linenumber)
PREHOOK: type: QUERY
POSTHOOK: query: explain vectorization expression
select p.p_partkey, li.l_suppkey 
from (select distinct l_partkey as p_partkey from lineitem) p join lineitem li on p.p_partkey = li.l_partkey 
where li.l_linenumber = 1 and
 li.l_orderkey in (select l_orderkey from lineitem where l_shipmode = 'AIR' and l_linenumber = li.l_linenumber)
POSTHOOK: type: QUERY
PLAN VECTORIZATION:
  enabled: true
  enabledConditionsMet: [hive.vectorized.execution.enabled IS true]

STAGE DEPENDENCIES:
  Stage-1 is a root stage
  Stage-8 depends on stages: Stage-1
  Stage-6 depends on stages: Stage-8
  Stage-0 depends on stages: Stage-6

STAGE PLANS:
  Stage: Stage-1
    Map Reduce
      Map Operator Tree:
          TableScan
            alias: lineitem
            Statistics: Num rows: 100 Data size: 11999 Basic stats: COMPLETE Column stats: NONE
            TableScan Vectorization:
                native: true
                projectedOutputColumns: [0, 1, 2, 3, 4, 5, 6, 7, 8, 9, 10, 11, 12, 13, 14, 15]
            Filter Operator
              Filter Vectorization:
                  className: VectorFilterOperator
                  native: true
                  predicateExpression: SelectColumnIsNotNull(col 1) -> boolean
              predicate: l_partkey is not null (type: boolean)
              Statistics: Num rows: 100 Data size: 11999 Basic stats: COMPLETE Column stats: NONE
              Group By Operator
                Group By Vectorization:
                    className: VectorGroupByOperator
                    groupByMode: HASH
                    vectorOutput: true
                    keyExpressions: col 1
                    native: false
                    vectorProcessingMode: HASH
                    projectedOutputColumns: []
                keys: l_partkey (type: int)
                mode: hash
                outputColumnNames: _col0
                Statistics: Num rows: 100 Data size: 11999 Basic stats: COMPLETE Column stats: NONE
                Reduce Output Operator
                  key expressions: _col0 (type: int)
                  sort order: +
                  Map-reduce partition columns: _col0 (type: int)
                  Reduce Sink Vectorization:
                      className: VectorReduceSinkOperator
                      native: false
                      nativeConditionsMet: hive.vectorized.execution.reducesink.new.enabled IS true, No PTF TopN IS true, No DISTINCT columns IS true, BinarySortableSerDe for keys IS true, LazyBinarySerDe for values IS true
                      nativeConditionsNotMet: hive.execution.engine mr IN [tez, spark] IS false
                  Statistics: Num rows: 100 Data size: 11999 Basic stats: COMPLETE Column stats: NONE
      Execution mode: vectorized
      Map Vectorization:
          enabled: true
          enabledConditionsMet: hive.vectorized.use.vector.serde.deserialize IS true
          groupByVectorOutput: true
          inputFileFormats: org.apache.hadoop.mapred.TextInputFormat
          allNative: false
          usesVectorUDFAdaptor: false
          vectorized: true
      Reduce Vectorization:
          enabled: false
          enableConditionsMet: hive.vectorized.execution.reduce.enabled IS true
          enableConditionsNotMet: hive.execution.engine mr IN [tez, spark] IS false
      Reduce Operator Tree:
        Group By Operator
          Group By Vectorization:
              groupByMode: MERGEPARTIAL
              vectorOutput: false
              native: false
              vectorProcessingMode: NONE
              projectedOutputColumns: null
          keys: KEY._col0 (type: int)
          mode: mergepartial
          outputColumnNames: _col0
          Statistics: Num rows: 50 Data size: 5999 Basic stats: COMPLETE Column stats: NONE
          File Output Operator
            compressed: false
            table:
                input format: org.apache.hadoop.mapred.SequenceFileInputFormat
                output format: org.apache.hadoop.hive.ql.io.HiveSequenceFileOutputFormat
                serde: org.apache.hadoop.hive.serde2.lazybinary.LazyBinarySerDe

  Stage: Stage-8
    Map Reduce Local Work
      Alias -> Map Local Tables:
        $hdt$_1:li 
          Fetch Operator
            limit: -1
        $hdt$_2:lineitem 
          Fetch Operator
            limit: -1
      Alias -> Map Local Operator Tree:
        $hdt$_1:li 
          TableScan
            alias: li
            Statistics: Num rows: 100 Data size: 11999 Basic stats: COMPLETE Column stats: NONE
            Filter Operator
              predicate: ((l_linenumber = 1) and l_partkey is not null) (type: boolean)
              Statistics: Num rows: 50 Data size: 5999 Basic stats: COMPLETE Column stats: NONE
              Select Operator
                expressions: l_orderkey (type: int), l_partkey (type: int), l_suppkey (type: int), 1 (type: int)
                outputColumnNames: _col0, _col1, _col2, _col3
                Statistics: Num rows: 50 Data size: 5999 Basic stats: COMPLETE Column stats: NONE
                HashTable Sink Operator
                  keys:
                    0 _col0 (type: int)
                    1 _col1 (type: int)
        $hdt$_2:lineitem 
          TableScan
            alias: lineitem
            Statistics: Num rows: 100 Data size: 11999 Basic stats: COMPLETE Column stats: NONE
            Filter Operator
              predicate: ((l_shipmode = 'AIR') and l_linenumber is not null) (type: boolean)
              Statistics: Num rows: 50 Data size: 5999 Basic stats: COMPLETE Column stats: NONE
              Select Operator
                expressions: l_orderkey (type: int), l_linenumber (type: int)
                outputColumnNames: _col0, _col1
                Statistics: Num rows: 50 Data size: 5999 Basic stats: COMPLETE Column stats: NONE
                Group By Operator
                  Group By Vectorization:
                      groupByMode: HASH
                      vectorOutput: false
                      native: false
                      vectorProcessingMode: NONE
                      projectedOutputColumns: null
                  keys: _col0 (type: int), _col1 (type: int)
                  mode: hash
                  outputColumnNames: _col0, _col1
                  Statistics: Num rows: 50 Data size: 5999 Basic stats: COMPLETE Column stats: NONE
                  HashTable Sink Operator
                    keys:
                      0 _col1 (type: int), _col4 (type: int)
                      1 _col0 (type: int), _col1 (type: int)

  Stage: Stage-6
    Map Reduce
      Map Operator Tree:
          TableScan
            TableScan Vectorization:
                native: true
                projectedOutputColumns: [0]
            Map Join Operator
              condition map:
                   Inner Join 0 to 1
              keys:
                0 _col0 (type: int)
                1 _col1 (type: int)
              Map Join Vectorization:
                  className: VectorMapJoinOperator
                  native: false
                  nativeConditionsMet: hive.mapjoin.optimized.hashtable IS true, hive.vectorized.execution.mapjoin.native.enabled IS true, One MapJoin Condition IS true, No nullsafe IS true, Small table vectorizes IS true, Optimized Table and Supports Key Types IS true
                  nativeConditionsNotMet: hive.execution.engine mr IN [tez, spark] IS false
              outputColumnNames: _col0, _col1, _col3, _col4
              Statistics: Num rows: 55 Data size: 6598 Basic stats: COMPLETE Column stats: NONE
              Map Join Operator
                condition map:
                     Left Semi Join 0 to 1
                keys:
                  0 _col1 (type: int), _col4 (type: int)
                  1 _col0 (type: int), _col1 (type: int)
                Map Join Vectorization:
                    className: VectorMapJoinOperator
                    native: false
                    nativeConditionsMet: hive.mapjoin.optimized.hashtable IS true, hive.vectorized.execution.mapjoin.native.enabled IS true, One MapJoin Condition IS true, No nullsafe IS true, Small table vectorizes IS true, Optimized Table and Supports Key Types IS true
                    nativeConditionsNotMet: hive.execution.engine mr IN [tez, spark] IS false
                outputColumnNames: _col0, _col3
                Statistics: Num rows: 60 Data size: 7257 Basic stats: COMPLETE Column stats: NONE
                Select Operator
                  expressions: _col0 (type: int), _col3 (type: int)
                  outputColumnNames: _col0, _col1
                  Select Vectorization:
                      className: VectorSelectOperator
                      native: true
                      projectedOutputColumns: [0, 1]
                  Statistics: Num rows: 60 Data size: 7257 Basic stats: COMPLETE Column stats: NONE
                  File Output Operator
                    compressed: false
                    File Sink Vectorization:
                        className: VectorFileSinkOperator
                        native: false
                    Statistics: Num rows: 60 Data size: 7257 Basic stats: COMPLETE Column stats: NONE
                    table:
                        input format: org.apache.hadoop.mapred.SequenceFileInputFormat
                        output format: org.apache.hadoop.hive.ql.io.HiveSequenceFileOutputFormat
                        serde: org.apache.hadoop.hive.serde2.lazy.LazySimpleSerDe
      Execution mode: vectorized
      Map Vectorization:
          enabled: true
          enabledConditionsMet: hive.vectorized.use.vector.serde.deserialize IS true
          groupByVectorOutput: true
          inputFileFormats: org.apache.hadoop.mapred.SequenceFileInputFormat
          allNative: false
          usesVectorUDFAdaptor: false
          vectorized: true
      Local Work:
        Map Reduce Local Work

  Stage: Stage-0
    Fetch Operator
      limit: -1
      Processor Tree:
        ListSink

PREHOOK: query: select p.p_partkey, li.l_suppkey 
from (select distinct l_partkey as p_partkey from lineitem) p join lineitem li on p.p_partkey = li.l_partkey 
where li.l_linenumber = 1 and
 li.l_orderkey in (select l_orderkey from lineitem where l_shipmode = 'AIR' and l_linenumber = li.l_linenumber)
PREHOOK: type: QUERY
PREHOOK: Input: default@lineitem
#### A masked pattern was here ####
POSTHOOK: query: select p.p_partkey, li.l_suppkey 
from (select distinct l_partkey as p_partkey from lineitem) p join lineitem li on p.p_partkey = li.l_partkey 
where li.l_linenumber = 1 and
 li.l_orderkey in (select l_orderkey from lineitem where l_shipmode = 'AIR' and l_linenumber = li.l_linenumber)
POSTHOOK: type: QUERY
POSTHOOK: Input: default@lineitem
#### A masked pattern was here ####
108570	8571
4297	1798
