PREHOOK: query: create table vectortab2k(
            t tinyint,
            si smallint,
            i int,
            b bigint,
            f float,
            d double,
            dc decimal(38,18),
            bo boolean,
            s string,
            s2 string,
            ts timestamp,
            ts2 timestamp,
            dt date)
ROW FORMAT DELIMITED FIELDS TERMINATED BY '|'
STORED AS TEXTFILE
PREHOOK: type: CREATETABLE
PREHOOK: Output: database:default
PREHOOK: Output: default@vectortab2k
POSTHOOK: query: create table vectortab2k(
            t tinyint,
            si smallint,
            i int,
            b bigint,
            f float,
            d double,
            dc decimal(38,18),
            bo boolean,
            s string,
            s2 string,
            ts timestamp,
            ts2 timestamp,
            dt date)
ROW FORMAT DELIMITED FIELDS TERMINATED BY '|'
STORED AS TEXTFILE
POSTHOOK: type: CREATETABLE
POSTHOOK: Output: database:default
POSTHOOK: Output: default@vectortab2k
PREHOOK: query: LOAD DATA LOCAL INPATH '../../data/files/vectortab2k' OVERWRITE INTO TABLE vectortab2k
PREHOOK: type: LOAD
#### A masked pattern was here ####
PREHOOK: Output: default@vectortab2k
POSTHOOK: query: LOAD DATA LOCAL INPATH '../../data/files/vectortab2k' OVERWRITE INTO TABLE vectortab2k
POSTHOOK: type: LOAD
#### A masked pattern was here ####
POSTHOOK: Output: default@vectortab2k
PREHOOK: query: create table vectortab2korc(
            t tinyint,
            si smallint,
            i int,
            b bigint,
            f float,
            d double,
            dc decimal(38,18),
            bo boolean,
            s string,
            s2 string,
            ts timestamp,
            ts2 timestamp,
            dt date)
STORED AS ORC
PREHOOK: type: CREATETABLE
PREHOOK: Output: database:default
PREHOOK: Output: default@vectortab2korc
POSTHOOK: query: create table vectortab2korc(
            t tinyint,
            si smallint,
            i int,
            b bigint,
            f float,
            d double,
            dc decimal(38,18),
            bo boolean,
            s string,
            s2 string,
            ts timestamp,
            ts2 timestamp,
            dt date)
STORED AS ORC
POSTHOOK: type: CREATETABLE
POSTHOOK: Output: database:default
POSTHOOK: Output: default@vectortab2korc
PREHOOK: query: INSERT INTO TABLE vectortab2korc SELECT * FROM vectortab2k
PREHOOK: type: QUERY
PREHOOK: Input: default@vectortab2k
PREHOOK: Output: default@vectortab2korc
POSTHOOK: query: INSERT INTO TABLE vectortab2korc SELECT * FROM vectortab2k
POSTHOOK: type: QUERY
POSTHOOK: Input: default@vectortab2k
POSTHOOK: Output: default@vectortab2korc
POSTHOOK: Lineage: vectortab2korc.b SIMPLE [(vectortab2k)vectortab2k.FieldSchema(name:b, type:bigint, comment:null), ]
POSTHOOK: Lineage: vectortab2korc.bo SIMPLE [(vectortab2k)vectortab2k.FieldSchema(name:bo, type:boolean, comment:null), ]
POSTHOOK: Lineage: vectortab2korc.d SIMPLE [(vectortab2k)vectortab2k.FieldSchema(name:d, type:double, comment:null), ]
POSTHOOK: Lineage: vectortab2korc.dc SIMPLE [(vectortab2k)vectortab2k.FieldSchema(name:dc, type:decimal(38,18), comment:null), ]
POSTHOOK: Lineage: vectortab2korc.dt SIMPLE [(vectortab2k)vectortab2k.FieldSchema(name:dt, type:date, comment:null), ]
POSTHOOK: Lineage: vectortab2korc.f SIMPLE [(vectortab2k)vectortab2k.FieldSchema(name:f, type:float, comment:null), ]
POSTHOOK: Lineage: vectortab2korc.i SIMPLE [(vectortab2k)vectortab2k.FieldSchema(name:i, type:int, comment:null), ]
POSTHOOK: Lineage: vectortab2korc.s SIMPLE [(vectortab2k)vectortab2k.FieldSchema(name:s, type:string, comment:null), ]
POSTHOOK: Lineage: vectortab2korc.s2 SIMPLE [(vectortab2k)vectortab2k.FieldSchema(name:s2, type:string, comment:null), ]
POSTHOOK: Lineage: vectortab2korc.si SIMPLE [(vectortab2k)vectortab2k.FieldSchema(name:si, type:smallint, comment:null), ]
POSTHOOK: Lineage: vectortab2korc.t SIMPLE [(vectortab2k)vectortab2k.FieldSchema(name:t, type:tinyint, comment:null), ]
POSTHOOK: Lineage: vectortab2korc.ts SIMPLE [(vectortab2k)vectortab2k.FieldSchema(name:ts, type:timestamp, comment:null), ]
POSTHOOK: Lineage: vectortab2korc.ts2 SIMPLE [(vectortab2k)vectortab2k.FieldSchema(name:ts2, type:timestamp, comment:null), ]
PREHOOK: query: explain
select bo, max(b) from vectortab2korc group by bo order by bo desc
PREHOOK: type: QUERY
POSTHOOK: query: explain
select bo, max(b) from vectortab2korc group by bo order by bo desc
POSTHOOK: type: QUERY
STAGE DEPENDENCIES:
  Stage-1 is a root stage
  Stage-2 depends on stages: Stage-1
  Stage-0 depends on stages: Stage-2

STAGE PLANS:
  Stage: Stage-1
    Map Reduce
      Map Operator Tree:
          TableScan
            alias: vectortab2korc
            Statistics: Num rows: 2000 Data size: 918712 Basic stats: COMPLETE Column stats: NONE
            Select Operator
              expressions: bo (type: boolean), b (type: bigint)
              outputColumnNames: bo, b
              Statistics: Num rows: 2000 Data size: 918712 Basic stats: COMPLETE Column stats: NONE
              Group By Operator
                aggregations: max(b)
                keys: bo (type: boolean)
                mode: hash
                outputColumnNames: _col0, _col1
                Statistics: Num rows: 2000 Data size: 918712 Basic stats: COMPLETE Column stats: NONE
                Reduce Output Operator
                  key expressions: _col0 (type: boolean)
                  sort order: +
                  Map-reduce partition columns: _col0 (type: boolean)
                  Statistics: Num rows: 2000 Data size: 918712 Basic stats: COMPLETE Column stats: NONE
                  value expressions: _col1 (type: bigint)
      Execution mode: vectorized
      Reduce Operator Tree:
        Group By Operator
          aggregations: max(VALUE._col0)
          keys: KEY._col0 (type: boolean)
          mode: mergepartial
          outputColumnNames: _col0, _col1
          Statistics: Num rows: 1000 Data size: 459356 Basic stats: COMPLETE Column stats: NONE
          File Output Operator
            compressed: false
            table:
                input format: org.apache.hadoop.mapred.SequenceFileInputFormat
                output format: org.apache.hadoop.hive.ql.io.HiveSequenceFileOutputFormat
                serde: org.apache.hadoop.hive.serde2.lazybinary.LazyBinarySerDe

  Stage: Stage-2
    Map Reduce
      Map Operator Tree:
          TableScan
            Reduce Output Operator
              key expressions: _col0 (type: boolean)
              sort order: -
              Statistics: Num rows: 1000 Data size: 459356 Basic stats: COMPLETE Column stats: NONE
              value expressions: _col1 (type: bigint)
      Reduce Operator Tree:
        Select Operator
          expressions: KEY.reducesinkkey0 (type: boolean), VALUE._col0 (type: bigint)
          outputColumnNames: _col0, _col1
          Statistics: Num rows: 1000 Data size: 459356 Basic stats: COMPLETE Column stats: NONE
          File Output Operator
            compressed: false
            Statistics: Num rows: 1000 Data size: 459356 Basic stats: COMPLETE Column stats: NONE
            table:
                input format: org.apache.hadoop.mapred.TextInputFormat
                output format: org.apache.hadoop.hive.ql.io.HiveIgnoreKeyTextOutputFormat
                serde: org.apache.hadoop.hive.serde2.lazy.LazySimpleSerDe

  Stage: Stage-0
    Fetch Operator
      limit: -1
      Processor Tree:
        ListSink

PREHOOK: query: select bo, max(b) from vectortab2korc group by bo order by bo desc
PREHOOK: type: QUERY
PREHOOK: Input: default@vectortab2korc
#### A masked pattern was here ####
POSTHOOK: query: select bo, max(b) from vectortab2korc group by bo order by bo desc
POSTHOOK: type: QUERY
POSTHOOK: Input: default@vectortab2korc
#### A masked pattern was here ####
true	9211455920344088576
false	9209153648361848832
NULL	9180098147855769600
