PREHOOK: query: explain vectorization detail
       select rank() over (order by return_ratio) as return_rank from
       (select sum(wr.cint)/sum(ws.c_int)  as return_ratio
                 from cbo_t3  ws join alltypesorc wr on ws.value = wr.cstring1
                  group by ws.c_boolean ) in_web
PREHOOK: type: QUERY
POSTHOOK: query: explain vectorization detail
       select rank() over (order by return_ratio) as return_rank from
       (select sum(wr.cint)/sum(ws.c_int)  as return_ratio
                 from cbo_t3  ws join alltypesorc wr on ws.value = wr.cstring1
                  group by ws.c_boolean ) in_web
POSTHOOK: type: QUERY
Explain
PLAN VECTORIZATION:
  enabled: true
  enabledConditionsMet: [hive.vectorized.execution.enabled IS true]

STAGE DEPENDENCIES:
  Stage-1 is a root stage
  Stage-2 depends on stages: Stage-1
  Stage-3 depends on stages: Stage-2
  Stage-0 depends on stages: Stage-3

STAGE PLANS:
  Stage: Stage-1
    Map Reduce
      Map Operator Tree:
          TableScan
            alias: ws
            Statistics: Num rows: 20 Data size: 262 Basic stats: COMPLETE Column stats: NONE
            Filter Operator
              predicate: value is not null (type: boolean)
              Statistics: Num rows: 20 Data size: 262 Basic stats: COMPLETE Column stats: NONE
              Select Operator
                expressions: value (type: string), c_int (type: int), c_boolean (type: boolean)
                outputColumnNames: _col0, _col1, _col2
                Statistics: Num rows: 20 Data size: 262 Basic stats: COMPLETE Column stats: NONE
                Reduce Output Operator
                  key expressions: _col0 (type: string)
                  sort order: +
                  Map-reduce partition columns: _col0 (type: string)
                  Statistics: Num rows: 20 Data size: 262 Basic stats: COMPLETE Column stats: NONE
                  value expressions: _col1 (type: int), _col2 (type: boolean)
          TableScan
            alias: wr
            Statistics: Num rows: 12288 Data size: 2641964 Basic stats: COMPLETE Column stats: NONE
            Filter Operator
              predicate: cstring1 is not null (type: boolean)
              Statistics: Num rows: 12288 Data size: 2641964 Basic stats: COMPLETE Column stats: NONE
              Select Operator
                expressions: cint (type: int), cstring1 (type: string)
                outputColumnNames: _col0, _col1
                Statistics: Num rows: 12288 Data size: 2641964 Basic stats: COMPLETE Column stats: NONE
                Reduce Output Operator
                  key expressions: _col1 (type: string)
                  sort order: +
                  Map-reduce partition columns: _col1 (type: string)
                  Statistics: Num rows: 12288 Data size: 2641964 Basic stats: COMPLETE Column stats: NONE
                  value expressions: _col0 (type: int)
      Map Vectorization:
          enabled: false
          enabledConditionsNotMet: Vectorized map work only works with 1 TableScanOperator IS false
      Reduce Vectorization:
          enabled: false
          enableConditionsMet: hive.vectorized.execution.reduce.enabled IS true
          enableConditionsNotMet: hive.execution.engine mr IN [tez, spark] IS false
      Reduce Operator Tree:
        Join Operator
          condition map:
               Inner Join 0 to 1
          keys:
            0 _col0 (type: string)
            1 _col1 (type: string)
          outputColumnNames: _col1, _col2, _col3
          Statistics: Num rows: 13516 Data size: 2906160 Basic stats: COMPLETE Column stats: NONE
          Group By Operator
            aggregations: sum(_col3), sum(_col1)
            Group By Vectorization:
                groupByMode: HASH
                vectorOutput: false
                native: false
                vectorProcessingMode: NONE
                projectedOutputColumns: null
            keys: _col2 (type: boolean)
            mode: hash
            outputColumnNames: _col0, _col1, _col2
            Statistics: Num rows: 13516 Data size: 2906160 Basic stats: COMPLETE Column stats: NONE
            File Output Operator
              compressed: false
              table:
                  input format: org.apache.hadoop.mapred.SequenceFileInputFormat
                  output format: org.apache.hadoop.hive.ql.io.HiveSequenceFileOutputFormat
                  serde: org.apache.hadoop.hive.serde2.lazybinary.LazyBinarySerDe

  Stage: Stage-2
    Map Reduce
      Map Operator Tree:
          TableScan
            TableScan Vectorization:
                native: true
                projectedOutputColumns: [0, 1, 2]
            Reduce Output Operator
              key expressions: _col0 (type: boolean)
              sort order: +
              Map-reduce partition columns: _col0 (type: boolean)
              Reduce Sink Vectorization:
                  className: VectorReduceSinkOperator
                  native: false
                  nativeConditionsMet: hive.vectorized.execution.reducesink.new.enabled IS true, No PTF TopN IS true, No DISTINCT columns IS true, BinarySortableSerDe for keys IS true, LazyBinarySerDe for values IS true
                  nativeConditionsNotMet: hive.execution.engine mr IN [tez, spark] IS false
              Statistics: Num rows: 13516 Data size: 2906160 Basic stats: COMPLETE Column stats: NONE
              value expressions: _col1 (type: bigint), _col2 (type: bigint)
      Execution mode: vectorized
      Map Vectorization:
          enabled: true
          enabledConditionsMet: hive.vectorized.use.vector.serde.deserialize IS true
          groupByVectorOutput: true
          inputFileFormats: org.apache.hadoop.mapred.SequenceFileInputFormat
          allNative: false
          usesVectorUDFAdaptor: false
          vectorized: true
          rowBatchContext:
              dataColumnCount: 3
              includeColumns: [0, 1, 2]
              dataColumns: _col0:boolean, _col1:bigint, _col2:bigint
              partitionColumnCount: 0
      Reduce Vectorization:
          enabled: false
          enableConditionsMet: hive.vectorized.execution.reduce.enabled IS true
          enableConditionsNotMet: hive.execution.engine mr IN [tez, spark] IS false
      Reduce Operator Tree:
        Group By Operator
          aggregations: sum(VALUE._col0), sum(VALUE._col1)
          Group By Vectorization:
              groupByMode: MERGEPARTIAL
              vectorOutput: false
              native: false
              vectorProcessingMode: NONE
              projectedOutputColumns: null
          keys: KEY._col0 (type: boolean)
          mode: mergepartial
          outputColumnNames: _col0, _col1, _col2
          Statistics: Num rows: 6758 Data size: 1453080 Basic stats: COMPLETE Column stats: NONE
          Select Operator
            expressions: _col1 (type: bigint), _col2 (type: bigint)
            outputColumnNames: _col1, _col2
            Statistics: Num rows: 6758 Data size: 1453080 Basic stats: COMPLETE Column stats: NONE
            File Output Operator
              compressed: false
              table:
                  input format: org.apache.hadoop.mapred.SequenceFileInputFormat
                  output format: org.apache.hadoop.hive.ql.io.HiveSequenceFileOutputFormat
                  serde: org.apache.hadoop.hive.serde2.lazybinary.LazyBinarySerDe

  Stage: Stage-3
    Map Reduce
      Map Operator Tree:
          TableScan
            TableScan Vectorization:
                native: true
                projectedOutputColumns: [0, 1]
            Reduce Output Operator
              key expressions: 0 (type: int), (UDFToDouble(_col1) / UDFToDouble(_col2)) (type: double)
              sort order: ++
              Map-reduce partition columns: 0 (type: int)
              Reduce Sink Vectorization:
                  className: VectorReduceSinkOperator
                  native: false
                  nativeConditionsMet: hive.vectorized.execution.reducesink.new.enabled IS true, No PTF TopN IS true, No DISTINCT columns IS true, BinarySortableSerDe for keys IS true, LazyBinarySerDe for values IS true
                  nativeConditionsNotMet: hive.execution.engine mr IN [tez, spark] IS false
              Statistics: Num rows: 6758 Data size: 1453080 Basic stats: COMPLETE Column stats: NONE
              value expressions: _col1 (type: bigint), _col2 (type: bigint)
      Execution mode: vectorized
      Map Vectorization:
          enabled: true
          enabledConditionsMet: hive.vectorized.use.vector.serde.deserialize IS true
          groupByVectorOutput: true
          inputFileFormats: org.apache.hadoop.mapred.SequenceFileInputFormat
          allNative: false
          usesVectorUDFAdaptor: false
          vectorized: true
          rowBatchContext:
              dataColumnCount: 2
              includeColumns: [0, 1]
              dataColumns: _col1:bigint, _col2:bigint
              partitionColumnCount: 0
              scratchColumnTypeNames: bigint, double, double, double, bigint
      Reduce Vectorization:
          enabled: false
          enableConditionsMet: hive.vectorized.execution.reduce.enabled IS true
          enableConditionsNotMet: hive.execution.engine mr IN [tez, spark] IS false
      Reduce Operator Tree:
        Select Operator
          expressions: VALUE._col1 (type: bigint), VALUE._col2 (type: bigint)
          outputColumnNames: _col1, _col2
          Statistics: Num rows: 6758 Data size: 1453080 Basic stats: COMPLETE Column stats: NONE
          PTF Operator
            Function definitions:
                Input definition
                  input alias: ptf_0
                  output shape: _col1: bigint, _col2: bigint
                  type: WINDOWING
                Windowing table definition
                  input alias: ptf_1
                  name: windowingtablefunction
                  order by: (UDFToDouble(_col1) / UDFToDouble(_col2)) ASC NULLS FIRST
                  partition by: 0
                  raw input shape:
                  window functions:
                      window function definition
                        alias: rank_window_0
                        arguments: (UDFToDouble(_col1) / UDFToDouble(_col2))
                        name: rank
                        window function: GenericUDAFRankEvaluator
                        window frame: ROWS PRECEDING(MAX)~FOLLOWING(MAX)
                        isPivotResult: true
            Statistics: Num rows: 6758 Data size: 1453080 Basic stats: COMPLETE Column stats: NONE
            Select Operator
              expressions: rank_window_0 (type: int)
              outputColumnNames: _col0
              Statistics: Num rows: 6758 Data size: 1453080 Basic stats: COMPLETE Column stats: NONE
              File Output Operator
                compressed: false
                Statistics: Num rows: 6758 Data size: 1453080 Basic stats: COMPLETE Column stats: NONE
                table:
                    input format: org.apache.hadoop.mapred.SequenceFileInputFormat
                    output format: org.apache.hadoop.hive.ql.io.HiveSequenceFileOutputFormat
                    serde: org.apache.hadoop.hive.serde2.lazy.LazySimpleSerDe

  Stage: Stage-0
    Fetch Operator
      limit: -1
      Processor Tree:
        ListSink

PREHOOK: query: select rank() over (order by return_ratio) as return_rank from
       (select sum(wr.cint)/sum(ws.c_int)  as return_ratio
                 from cbo_t3  ws join alltypesorc wr on ws.value = wr.cstring1
                  group by ws.c_boolean ) in_web
PREHOOK: type: QUERY
PREHOOK: Input: default@alltypesorc
PREHOOK: Input: default@cbo_t3
#### A masked pattern was here ####
POSTHOOK: query: select rank() over (order by return_ratio) as return_rank from
       (select sum(wr.cint)/sum(ws.c_int)  as return_ratio
                 from cbo_t3  ws join alltypesorc wr on ws.value = wr.cstring1
                  group by ws.c_boolean ) in_web
POSTHOOK: type: QUERY
POSTHOOK: Input: default@alltypesorc
POSTHOOK: Input: default@cbo_t3
#### A masked pattern was here ####
return_rank
