PREHOOK: query: create temporary table x (a int) stored as orc
PREHOOK: type: CREATETABLE
PREHOOK: Output: database:default
PREHOOK: Output: default@x
POSTHOOK: query: create temporary table x (a int) stored as orc
POSTHOOK: type: CREATETABLE
POSTHOOK: Output: database:default
POSTHOOK: Output: default@x
PREHOOK: query: create temporary table y (b int) stored as orc
PREHOOK: type: CREATETABLE
PREHOOK: Output: database:default
PREHOOK: Output: default@y
POSTHOOK: query: create temporary table y (b int) stored as orc
POSTHOOK: type: CREATETABLE
POSTHOOK: Output: database:default
POSTHOOK: Output: default@y
PREHOOK: query: insert into x values(1)
PREHOOK: type: QUERY
PREHOOK: Input: _dummy_database@_dummy_table
PREHOOK: Output: default@x
POSTHOOK: query: insert into x values(1)
POSTHOOK: type: QUERY
POSTHOOK: Input: _dummy_database@_dummy_table
POSTHOOK: Output: default@x
POSTHOOK: Lineage: x.a SCRIPT []
PREHOOK: query: insert into y values(1)
PREHOOK: type: QUERY
PREHOOK: Input: _dummy_database@_dummy_table
PREHOOK: Output: default@y
POSTHOOK: query: insert into y values(1)
POSTHOOK: type: QUERY
POSTHOOK: Input: _dummy_database@_dummy_table
POSTHOOK: Output: default@y
POSTHOOK: Lineage: y.b SCRIPT []
PREHOOK: query: explain vectorization expression
select count(1) from x, y where a = b
PREHOOK: type: QUERY
POSTHOOK: query: explain vectorization expression
select count(1) from x, y where a = b
POSTHOOK: type: QUERY
PLAN VECTORIZATION:
  enabled: true
  enabledConditionsMet: [hive.vectorized.execution.enabled IS true]

STAGE DEPENDENCIES:
  Stage-5 is a root stage
  Stage-2 depends on stages: Stage-5
  Stage-0 depends on stages: Stage-2

STAGE PLANS:
  Stage: Stage-5
    Map Reduce Local Work
      Alias -> Map Local Tables:
        $hdt$_0:x 
          Fetch Operator
            limit: -1
      Alias -> Map Local Operator Tree:
        $hdt$_0:x 
          TableScan
            alias: x
            Statistics: Num rows: 1 Data size: 4 Basic stats: COMPLETE Column stats: NONE
            Filter Operator
              predicate: a is not null (type: boolean)
              Statistics: Num rows: 1 Data size: 4 Basic stats: COMPLETE Column stats: NONE
              Select Operator
                expressions: a (type: int)
                outputColumnNames: _col0
                Statistics: Num rows: 1 Data size: 4 Basic stats: COMPLETE Column stats: NONE
                HashTable Sink Operator
                  keys:
                    0 _col0 (type: int)
                    1 _col0 (type: int)

  Stage: Stage-2
    Map Reduce
      Map Operator Tree:
          TableScan
            alias: y
            Statistics: Num rows: 1 Data size: 4 Basic stats: COMPLETE Column stats: NONE
            TableScan Vectorization:
                native: true
            Filter Operator
              Filter Vectorization:
                  className: VectorFilterOperator
                  native: true
                  predicateExpression: SelectColumnIsNotNull(col 0:int)
              predicate: b is not null (type: boolean)
              Statistics: Num rows: 1 Data size: 4 Basic stats: COMPLETE Column stats: NONE
              Select Operator
                expressions: b (type: int)
                outputColumnNames: _col0
                Select Vectorization:
                    className: VectorSelectOperator
                    native: true
                    projectedOutputColumnNums: [0]
                Statistics: Num rows: 1 Data size: 4 Basic stats: COMPLETE Column stats: NONE
                Map Join Operator
                  condition map:
                       Inner Join 0 to 1
                  keys:
                    0 _col0 (type: int)
                    1 _col0 (type: int)
                  Map Join Vectorization:
                      bigTableKeyExpressions: col 0:int
                      className: VectorMapJoinOperator
                      native: false
                      nativeConditionsMet: hive.mapjoin.optimized.hashtable IS true, hive.vectorized.execution.mapjoin.native.enabled IS true, One MapJoin Condition IS true, No nullsafe IS true, Small table vectorizes IS true, Fast Hash Table and No Hybrid Hash Join IS true
                      nativeConditionsNotMet: hive.execution.engine mr IN [tez, spark] IS false
                  Statistics: Num rows: 1 Data size: 4 Basic stats: COMPLETE Column stats: NONE
                  Group By Operator
                    aggregations: count()
                    Group By Vectorization:
                        aggregators: VectorUDAFCountStar(*) -> bigint
                        className: VectorGroupByOperator
                        groupByMode: HASH
                        native: false
                        vectorProcessingMode: HASH
                        projectedOutputColumnNums: [0]
                    mode: hash
                    outputColumnNames: _col0
                    Statistics: Num rows: 1 Data size: 8 Basic stats: COMPLETE Column stats: NONE
                    Reduce Output Operator
                      sort order: 
                      Reduce Sink Vectorization:
                          className: VectorReduceSinkOperator
                          native: false
                          nativeConditionsMet: hive.vectorized.execution.reducesink.new.enabled IS true, No PTF TopN IS true, No DISTINCT columns IS true, BinarySortableSerDe for keys IS true, LazyBinarySerDe for values IS true
                          nativeConditionsNotMet: hive.execution.engine mr IN [tez, spark] IS false
                      Statistics: Num rows: 1 Data size: 8 Basic stats: COMPLETE Column stats: NONE
                      value expressions: _col0 (type: bigint)
      Execution mode: vectorized
      Map Vectorization:
          enabled: true
          enabledConditionsMet: hive.vectorized.use.vectorized.input.format IS true
          inputFormatFeatureSupport: [DECIMAL_64]
          featureSupportInUse: [DECIMAL_64]
          inputFileFormats: org.apache.hadoop.hive.ql.io.orc.OrcInputFormat
          allNative: false
          usesVectorUDFAdaptor: false
          vectorized: true
      Local Work:
        Map Reduce Local Work
      Reduce Vectorization:
          enabled: false
          enableConditionsMet: hive.vectorized.execution.reduce.enabled IS true
          enableConditionsNotMet: hive.execution.engine mr IN [tez, spark] IS false
      Reduce Operator Tree:
        Group By Operator
          aggregations: count(VALUE._col0)
          mode: mergepartial
          outputColumnNames: _col0
          Statistics: Num rows: 1 Data size: 8 Basic stats: COMPLETE Column stats: NONE
          File Output Operator
            compressed: false
            Statistics: Num rows: 1 Data size: 8 Basic stats: COMPLETE Column stats: NONE
            table:
                input format: org.apache.hadoop.mapred.SequenceFileInputFormat
                output format: org.apache.hadoop.hive.ql.io.HiveSequenceFileOutputFormat
                serde: org.apache.hadoop.hive.serde2.lazy.LazySimpleSerDe

  Stage: Stage-0
    Fetch Operator
      limit: -1
      Processor Tree:
        ListSink

PREHOOK: query: select count(1) from x, y where a = b
PREHOOK: type: QUERY
PREHOOK: Input: default@x
PREHOOK: Input: default@y
#### A masked pattern was here ####
POSTHOOK: query: select count(1) from x, y where a = b
POSTHOOK: type: QUERY
POSTHOOK: Input: default@x
POSTHOOK: Input: default@y
#### A masked pattern was here ####
1
