PREHOOK: query: drop table if exists mini_store
PREHOOK: type: DROPTABLE
POSTHOOK: query: drop table if exists mini_store
POSTHOOK: type: DROPTABLE
PREHOOK: query: create table mini_store
(
    s_store_sk                int,
    s_store_id                string
)
row format delimited fields terminated by '\t'
STORED AS ORC
PREHOOK: type: CREATETABLE
PREHOOK: Output: database:default
PREHOOK: Output: default@mini_store
POSTHOOK: query: create table mini_store
(
    s_store_sk                int,
    s_store_id                string
)
row format delimited fields terminated by '\t'
STORED AS ORC
POSTHOOK: type: CREATETABLE
POSTHOOK: Output: database:default
POSTHOOK: Output: default@mini_store
PREHOOK: query: drop table if exists mini_sales
PREHOOK: type: DROPTABLE
POSTHOOK: query: drop table if exists mini_sales
POSTHOOK: type: DROPTABLE
PREHOOK: query: create table mini_sales
(
    ss_store_sk               int,
    ss_quantity               int,
    ss_sales_price            decimal(7,2)
)
row format delimited fields terminated by '\t'
STORED AS ORC
PREHOOK: type: CREATETABLE
PREHOOK: Output: database:default
PREHOOK: Output: default@mini_sales
POSTHOOK: query: create table mini_sales
(
    ss_store_sk               int,
    ss_quantity               int,
    ss_sales_price            decimal(7,2)
)
row format delimited fields terminated by '\t'
STORED AS ORC
POSTHOOK: type: CREATETABLE
POSTHOOK: Output: database:default
POSTHOOK: Output: default@mini_sales
PREHOOK: query: insert into mini_store values (1, 'store')
PREHOOK: type: QUERY
PREHOOK: Input: _dummy_database@_dummy_table
PREHOOK: Output: default@mini_store
POSTHOOK: query: insert into mini_store values (1, 'store')
POSTHOOK: type: QUERY
POSTHOOK: Input: _dummy_database@_dummy_table
POSTHOOK: Output: default@mini_store
POSTHOOK: Lineage: mini_store.s_store_id SCRIPT []
POSTHOOK: Lineage: mini_store.s_store_sk SCRIPT []
PREHOOK: query: insert into mini_sales values (1, 2, 1.2)
PREHOOK: type: QUERY
PREHOOK: Input: _dummy_database@_dummy_table
PREHOOK: Output: default@mini_sales
POSTHOOK: query: insert into mini_sales values (1, 2, 1.2)
POSTHOOK: type: QUERY
POSTHOOK: Input: _dummy_database@_dummy_table
POSTHOOK: Output: default@mini_sales
POSTHOOK: Lineage: mini_sales.ss_quantity SCRIPT []
POSTHOOK: Lineage: mini_sales.ss_sales_price SCRIPT []
POSTHOOK: Lineage: mini_sales.ss_store_sk SCRIPT []
PREHOOK: query: explain vectorization detail
select s_store_id, coalesce(ss_sales_price*ss_quantity,0) sumsales
            from mini_sales, mini_store
       where ss_store_sk = s_store_sk
PREHOOK: type: QUERY
PREHOOK: Input: default@mini_sales
PREHOOK: Input: default@mini_store
#### A masked pattern was here ####
POSTHOOK: query: explain vectorization detail
select s_store_id, coalesce(ss_sales_price*ss_quantity,0) sumsales
            from mini_sales, mini_store
       where ss_store_sk = s_store_sk
POSTHOOK: type: QUERY
POSTHOOK: Input: default@mini_sales
POSTHOOK: Input: default@mini_store
#### A masked pattern was here ####
PLAN VECTORIZATION:
  enabled: true
  enabledConditionsMet: [hive.vectorized.execution.enabled IS true]

STAGE DEPENDENCIES:
  Stage-1 is a root stage
  Stage-0 depends on stages: Stage-1

STAGE PLANS:
  Stage: Stage-1
    Map Reduce
      Map Operator Tree:
          TableScan
            alias: mini_sales
            filterExpr: ss_store_sk is not null (type: boolean)
            Statistics: Num rows: 1 Data size: 120 Basic stats: COMPLETE Column stats: COMPLETE
            Filter Operator
              predicate: ss_store_sk is not null (type: boolean)
              Statistics: Num rows: 1 Data size: 120 Basic stats: COMPLETE Column stats: COMPLETE
              Select Operator
                expressions: ss_store_sk (type: int), CASE WHEN ((ss_sales_price is not null and CAST( ss_quantity AS decimal(10,0)) is not null)) THEN ((ss_sales_price * CAST( ss_quantity AS decimal(10,0)))) ELSE (0) END (type: decimal(18,2))
                outputColumnNames: _col0, _col1
                Statistics: Num rows: 1 Data size: 116 Basic stats: COMPLETE Column stats: COMPLETE
                Reduce Output Operator
                  key expressions: _col0 (type: int)
                  null sort order: z
                  sort order: +
                  Map-reduce partition columns: _col0 (type: int)
                  Statistics: Num rows: 1 Data size: 116 Basic stats: COMPLETE Column stats: COMPLETE
                  value expressions: _col1 (type: decimal(18,2))
          TableScan
            alias: mini_store
            filterExpr: s_store_sk is not null (type: boolean)
            Statistics: Num rows: 1 Data size: 93 Basic stats: COMPLETE Column stats: COMPLETE
            Filter Operator
              predicate: s_store_sk is not null (type: boolean)
              Statistics: Num rows: 1 Data size: 93 Basic stats: COMPLETE Column stats: COMPLETE
              Select Operator
                expressions: s_store_sk (type: int), s_store_id (type: string)
                outputColumnNames: _col0, _col1
                Statistics: Num rows: 1 Data size: 93 Basic stats: COMPLETE Column stats: COMPLETE
                Reduce Output Operator
                  key expressions: _col0 (type: int)
                  null sort order: z
                  sort order: +
                  Map-reduce partition columns: _col0 (type: int)
                  Statistics: Num rows: 1 Data size: 93 Basic stats: COMPLETE Column stats: COMPLETE
                  value expressions: _col1 (type: string)
      Map Vectorization:
          enabled: false
          enabledConditionsNotMet: Vectorized map work only works with 1 TableScanOperator IS false
      Reduce Vectorization:
          enabled: false
          enableConditionsMet: hive.vectorized.execution.reduce.enabled IS true
          enableConditionsNotMet: hive.execution.engine mr IN [tez, spark] IS false
      Reduce Operator Tree:
        Join Operator
          condition map:
               Inner Join 0 to 1
          keys:
            0 _col0 (type: int)
            1 _col0 (type: int)
          outputColumnNames: _col1, _col3
          Statistics: Num rows: 1 Data size: 201 Basic stats: COMPLETE Column stats: COMPLETE
          Select Operator
            expressions: _col3 (type: string), _col1 (type: decimal(18,2))
            outputColumnNames: _col0, _col1
            Statistics: Num rows: 1 Data size: 201 Basic stats: COMPLETE Column stats: COMPLETE
            File Output Operator
              compressed: false
              Statistics: Num rows: 1 Data size: 201 Basic stats: COMPLETE Column stats: COMPLETE
              table:
                  input format: org.apache.hadoop.mapred.SequenceFileInputFormat
                  output format: org.apache.hadoop.hive.ql.io.HiveSequenceFileOutputFormat
                  serde: org.apache.hadoop.hive.serde2.lazy.LazySimpleSerDe

  Stage: Stage-0
    Fetch Operator
      limit: -1
      Processor Tree:
        ListSink

PREHOOK: query: select s_store_id, coalesce(ss_sales_price*ss_quantity,0) sumsales
from mini_sales, mini_store
where ss_store_sk = s_store_sk
PREHOOK: type: QUERY
PREHOOK: Input: default@mini_sales
PREHOOK: Input: default@mini_store
#### A masked pattern was here ####
POSTHOOK: query: select s_store_id, coalesce(ss_sales_price*ss_quantity,0) sumsales
from mini_sales, mini_store
where ss_store_sk = s_store_sk
POSTHOOK: type: QUERY
POSTHOOK: Input: default@mini_sales
POSTHOOK: Input: default@mini_store
#### A masked pattern was here ####
store	2.40
