PREHOOK: query: create table src_null (a int, b string)
PREHOOK: type: CREATETABLE
PREHOOK: Output: database:default
PREHOOK: Output: default@src_null
POSTHOOK: query: create table src_null (a int, b string)
POSTHOOK: type: CREATETABLE
POSTHOOK: Output: database:default
POSTHOOK: Output: default@src_null
PREHOOK: query: insert into src_null values (1, 'A')
PREHOOK: type: QUERY
PREHOOK: Output: default@src_null
POSTHOOK: query: insert into src_null values (1, 'A')
POSTHOOK: type: QUERY
POSTHOOK: Output: default@src_null
POSTHOOK: Lineage: src_null.a EXPRESSION [(values__tmp__table__1)values__tmp__table__1.FieldSchema(name:tmp_values_col1, type:string, comment:), ]
POSTHOOK: Lineage: src_null.b SIMPLE [(values__tmp__table__1)values__tmp__table__1.FieldSchema(name:tmp_values_col2, type:string, comment:), ]
_col0	_col1
PREHOOK: query: insert into src_null values (null, null)
PREHOOK: type: QUERY
PREHOOK: Output: default@src_null
POSTHOOK: query: insert into src_null values (null, null)
POSTHOOK: type: QUERY
POSTHOOK: Output: default@src_null
POSTHOOK: Lineage: src_null.a EXPRESSION [(values__tmp__table__2)values__tmp__table__2.FieldSchema(name:tmp_values_col1, type:string, comment:), ]
POSTHOOK: Lineage: src_null.b SIMPLE [(values__tmp__table__2)values__tmp__table__2.FieldSchema(name:tmp_values_col2, type:string, comment:), ]
_col0	_col1
PREHOOK: query: insert into src_null values (3, null)
PREHOOK: type: QUERY
PREHOOK: Output: default@src_null
POSTHOOK: query: insert into src_null values (3, null)
POSTHOOK: type: QUERY
POSTHOOK: Output: default@src_null
POSTHOOK: Lineage: src_null.a EXPRESSION [(values__tmp__table__3)values__tmp__table__3.FieldSchema(name:tmp_values_col1, type:string, comment:), ]
POSTHOOK: Lineage: src_null.b SIMPLE [(values__tmp__table__3)values__tmp__table__3.FieldSchema(name:tmp_values_col2, type:string, comment:), ]
_col0	_col1
PREHOOK: query: insert into src_null values (2, null)
PREHOOK: type: QUERY
PREHOOK: Output: default@src_null
POSTHOOK: query: insert into src_null values (2, null)
POSTHOOK: type: QUERY
POSTHOOK: Output: default@src_null
POSTHOOK: Lineage: src_null.a EXPRESSION [(values__tmp__table__4)values__tmp__table__4.FieldSchema(name:tmp_values_col1, type:string, comment:), ]
POSTHOOK: Lineage: src_null.b SIMPLE [(values__tmp__table__4)values__tmp__table__4.FieldSchema(name:tmp_values_col2, type:string, comment:), ]
_col0	_col1
PREHOOK: query: insert into src_null values (2, 'A')
PREHOOK: type: QUERY
PREHOOK: Output: default@src_null
POSTHOOK: query: insert into src_null values (2, 'A')
POSTHOOK: type: QUERY
POSTHOOK: Output: default@src_null
POSTHOOK: Lineage: src_null.a EXPRESSION [(values__tmp__table__5)values__tmp__table__5.FieldSchema(name:tmp_values_col1, type:string, comment:), ]
POSTHOOK: Lineage: src_null.b SIMPLE [(values__tmp__table__5)values__tmp__table__5.FieldSchema(name:tmp_values_col2, type:string, comment:), ]
_col0	_col1
PREHOOK: query: insert into src_null values (2, 'B')
PREHOOK: type: QUERY
PREHOOK: Output: default@src_null
POSTHOOK: query: insert into src_null values (2, 'B')
POSTHOOK: type: QUERY
POSTHOOK: Output: default@src_null
POSTHOOK: Lineage: src_null.a EXPRESSION [(values__tmp__table__6)values__tmp__table__6.FieldSchema(name:tmp_values_col1, type:string, comment:), ]
POSTHOOK: Lineage: src_null.b SIMPLE [(values__tmp__table__6)values__tmp__table__6.FieldSchema(name:tmp_values_col2, type:string, comment:), ]
_col0	_col1
PREHOOK: query: EXPLAIN VECTORIZATION DETAIL
SELECT x.* FROM src_null x ORDER BY a asc, b asc
PREHOOK: type: QUERY
POSTHOOK: query: EXPLAIN VECTORIZATION DETAIL
SELECT x.* FROM src_null x ORDER BY a asc, b asc
POSTHOOK: type: QUERY
Explain
PLAN VECTORIZATION:
  enabled: true
  enabledConditionsMet: [hive.vectorized.execution.enabled IS true]

STAGE DEPENDENCIES:
  Stage-1 is a root stage
  Stage-0 depends on stages: Stage-1

STAGE PLANS:
  Stage: Stage-1
    Map Reduce
      Map Operator Tree:
          TableScan
            alias: x
            Statistics: Num rows: 6 Data size: 22 Basic stats: COMPLETE Column stats: NONE
            TableScan Vectorization:
                native: true
                projectedOutputColumns: [0, 1]
            Select Operator
              expressions: a (type: int), b (type: string)
              outputColumnNames: _col0, _col1
              Select Vectorization:
                  className: VectorSelectOperator
                  native: true
                  projectedOutputColumns: [0, 1]
              Statistics: Num rows: 6 Data size: 22 Basic stats: COMPLETE Column stats: NONE
              Reduce Output Operator
                key expressions: _col0 (type: int), _col1 (type: string)
                sort order: ++
                Reduce Sink Vectorization:
                    className: VectorReduceSinkOperator
                    native: false
                    nativeConditionsMet: hive.vectorized.execution.reducesink.new.enabled IS true, No PTF TopN IS true, No DISTINCT columns IS true, BinarySortableSerDe for keys IS true, LazyBinarySerDe for values IS true
                    nativeConditionsNotMet: hive.execution.engine mr IN [tez, spark] IS false
                Statistics: Num rows: 6 Data size: 22 Basic stats: COMPLETE Column stats: NONE
      Execution mode: vectorized
      Map Vectorization:
          enabled: true
          enabledConditionsMet: hive.vectorized.use.vector.serde.deserialize IS true
          groupByVectorOutput: true
          inputFileFormats: org.apache.hadoop.mapred.TextInputFormat
          allNative: false
          usesVectorUDFAdaptor: false
          vectorized: true
          rowBatchContext:
              dataColumnCount: 2
              includeColumns: [0, 1]
              dataColumns: a:int, b:string
              partitionColumnCount: 0
      Reduce Vectorization:
          enabled: false
          enableConditionsMet: hive.vectorized.execution.reduce.enabled IS true
          enableConditionsNotMet: hive.execution.engine mr IN [tez, spark] IS false
      Reduce Operator Tree:
        Select Operator
          expressions: KEY.reducesinkkey0 (type: int), KEY.reducesinkkey1 (type: string)
          outputColumnNames: _col0, _col1
          Statistics: Num rows: 6 Data size: 22 Basic stats: COMPLETE Column stats: NONE
          File Output Operator
            compressed: false
            Statistics: Num rows: 6 Data size: 22 Basic stats: COMPLETE Column stats: NONE
            table:
                input format: org.apache.hadoop.mapred.SequenceFileInputFormat
                output format: org.apache.hadoop.hive.ql.io.HiveSequenceFileOutputFormat
                serde: org.apache.hadoop.hive.serde2.lazy.LazySimpleSerDe

  Stage: Stage-0
    Fetch Operator
      limit: -1
      Processor Tree:
        ListSink

PREHOOK: query: SELECT x.* FROM src_null x ORDER BY a asc, b asc
PREHOOK: type: QUERY
PREHOOK: Input: default@src_null
#### A masked pattern was here ####
POSTHOOK: query: SELECT x.* FROM src_null x ORDER BY a asc, b asc
POSTHOOK: type: QUERY
POSTHOOK: Input: default@src_null
#### A masked pattern was here ####
x.a	x.b
NULL	NULL
1	A
2	NULL
2	A
2	B
3	NULL
PREHOOK: query: EXPLAIN VECTORIZATION DETAIL
SELECT x.* FROM src_null x ORDER BY a desc, b asc
PREHOOK: type: QUERY
POSTHOOK: query: EXPLAIN VECTORIZATION DETAIL
SELECT x.* FROM src_null x ORDER BY a desc, b asc
POSTHOOK: type: QUERY
Explain
PLAN VECTORIZATION:
  enabled: true
  enabledConditionsMet: [hive.vectorized.execution.enabled IS true]

STAGE DEPENDENCIES:
  Stage-1 is a root stage
  Stage-0 depends on stages: Stage-1

STAGE PLANS:
  Stage: Stage-1
    Map Reduce
      Map Operator Tree:
          TableScan
            alias: x
            Statistics: Num rows: 6 Data size: 22 Basic stats: COMPLETE Column stats: NONE
            TableScan Vectorization:
                native: true
                projectedOutputColumns: [0, 1]
            Select Operator
              expressions: a (type: int), b (type: string)
              outputColumnNames: _col0, _col1
              Select Vectorization:
                  className: VectorSelectOperator
                  native: true
                  projectedOutputColumns: [0, 1]
              Statistics: Num rows: 6 Data size: 22 Basic stats: COMPLETE Column stats: NONE
              Reduce Output Operator
                key expressions: _col0 (type: int), _col1 (type: string)
                sort order: -+
                Reduce Sink Vectorization:
                    className: VectorReduceSinkOperator
                    native: false
                    nativeConditionsMet: hive.vectorized.execution.reducesink.new.enabled IS true, No PTF TopN IS true, No DISTINCT columns IS true, BinarySortableSerDe for keys IS true, LazyBinarySerDe for values IS true
                    nativeConditionsNotMet: hive.execution.engine mr IN [tez, spark] IS false
                Statistics: Num rows: 6 Data size: 22 Basic stats: COMPLETE Column stats: NONE
      Execution mode: vectorized
      Map Vectorization:
          enabled: true
          enabledConditionsMet: hive.vectorized.use.vector.serde.deserialize IS true
          groupByVectorOutput: true
          inputFileFormats: org.apache.hadoop.mapred.TextInputFormat
          allNative: false
          usesVectorUDFAdaptor: false
          vectorized: true
          rowBatchContext:
              dataColumnCount: 2
              includeColumns: [0, 1]
              dataColumns: a:int, b:string
              partitionColumnCount: 0
      Reduce Vectorization:
          enabled: false
          enableConditionsMet: hive.vectorized.execution.reduce.enabled IS true
          enableConditionsNotMet: hive.execution.engine mr IN [tez, spark] IS false
      Reduce Operator Tree:
        Select Operator
          expressions: KEY.reducesinkkey0 (type: int), KEY.reducesinkkey1 (type: string)
          outputColumnNames: _col0, _col1
          Statistics: Num rows: 6 Data size: 22 Basic stats: COMPLETE Column stats: NONE
          File Output Operator
            compressed: false
            Statistics: Num rows: 6 Data size: 22 Basic stats: COMPLETE Column stats: NONE
            table:
                input format: org.apache.hadoop.mapred.SequenceFileInputFormat
                output format: org.apache.hadoop.hive.ql.io.HiveSequenceFileOutputFormat
                serde: org.apache.hadoop.hive.serde2.lazy.LazySimpleSerDe

  Stage: Stage-0
    Fetch Operator
      limit: -1
      Processor Tree:
        ListSink

PREHOOK: query: SELECT x.* FROM src_null x ORDER BY a desc, b asc
PREHOOK: type: QUERY
PREHOOK: Input: default@src_null
#### A masked pattern was here ####
POSTHOOK: query: SELECT x.* FROM src_null x ORDER BY a desc, b asc
POSTHOOK: type: QUERY
POSTHOOK: Input: default@src_null
#### A masked pattern was here ####
x.a	x.b
3	NULL
2	NULL
2	A
2	B
1	A
NULL	NULL
PREHOOK: query: EXPLAIN VECTORIZATION DETAIL
SELECT x.* FROM src_null x ORDER BY b asc, a asc nulls last
PREHOOK: type: QUERY
POSTHOOK: query: EXPLAIN VECTORIZATION DETAIL
SELECT x.* FROM src_null x ORDER BY b asc, a asc nulls last
POSTHOOK: type: QUERY
Explain
PLAN VECTORIZATION:
  enabled: true
  enabledConditionsMet: [hive.vectorized.execution.enabled IS true]

STAGE DEPENDENCIES:
  Stage-1 is a root stage
  Stage-0 depends on stages: Stage-1

STAGE PLANS:
  Stage: Stage-1
    Map Reduce
      Map Operator Tree:
          TableScan
            alias: x
            Statistics: Num rows: 6 Data size: 22 Basic stats: COMPLETE Column stats: NONE
            TableScan Vectorization:
                native: true
                projectedOutputColumns: [0, 1]
            Select Operator
              expressions: a (type: int), b (type: string)
              outputColumnNames: _col0, _col1
              Select Vectorization:
                  className: VectorSelectOperator
                  native: true
                  projectedOutputColumns: [0, 1]
              Statistics: Num rows: 6 Data size: 22 Basic stats: COMPLETE Column stats: NONE
              Reduce Output Operator
                key expressions: _col1 (type: string), _col0 (type: int)
                sort order: ++
                Reduce Sink Vectorization:
                    className: VectorReduceSinkOperator
                    native: false
                    nativeConditionsMet: hive.vectorized.execution.reducesink.new.enabled IS true, No PTF TopN IS true, No DISTINCT columns IS true, BinarySortableSerDe for keys IS true, LazyBinarySerDe for values IS true
                    nativeConditionsNotMet: hive.execution.engine mr IN [tez, spark] IS false
                Statistics: Num rows: 6 Data size: 22 Basic stats: COMPLETE Column stats: NONE
      Execution mode: vectorized
      Map Vectorization:
          enabled: true
          enabledConditionsMet: hive.vectorized.use.vector.serde.deserialize IS true
          groupByVectorOutput: true
          inputFileFormats: org.apache.hadoop.mapred.TextInputFormat
          allNative: false
          usesVectorUDFAdaptor: false
          vectorized: true
          rowBatchContext:
              dataColumnCount: 2
              includeColumns: [0, 1]
              dataColumns: a:int, b:string
              partitionColumnCount: 0
      Reduce Vectorization:
          enabled: false
          enableConditionsMet: hive.vectorized.execution.reduce.enabled IS true
          enableConditionsNotMet: hive.execution.engine mr IN [tez, spark] IS false
      Reduce Operator Tree:
        Select Operator
          expressions: KEY.reducesinkkey1 (type: int), KEY.reducesinkkey0 (type: string)
          outputColumnNames: _col0, _col1
          Statistics: Num rows: 6 Data size: 22 Basic stats: COMPLETE Column stats: NONE
          File Output Operator
            compressed: false
            Statistics: Num rows: 6 Data size: 22 Basic stats: COMPLETE Column stats: NONE
            table:
                input format: org.apache.hadoop.mapred.SequenceFileInputFormat
                output format: org.apache.hadoop.hive.ql.io.HiveSequenceFileOutputFormat
                serde: org.apache.hadoop.hive.serde2.lazy.LazySimpleSerDe

  Stage: Stage-0
    Fetch Operator
      limit: -1
      Processor Tree:
        ListSink

PREHOOK: query: SELECT x.* FROM src_null x ORDER BY b asc, a asc nulls last
PREHOOK: type: QUERY
PREHOOK: Input: default@src_null
#### A masked pattern was here ####
POSTHOOK: query: SELECT x.* FROM src_null x ORDER BY b asc, a asc nulls last
POSTHOOK: type: QUERY
POSTHOOK: Input: default@src_null
#### A masked pattern was here ####
x.a	x.b
2	NULL
3	NULL
NULL	NULL
1	A
2	A
2	B
PREHOOK: query: EXPLAIN VECTORIZATION DETAIL
SELECT x.* FROM src_null x ORDER BY b desc, a asc
PREHOOK: type: QUERY
POSTHOOK: query: EXPLAIN VECTORIZATION DETAIL
SELECT x.* FROM src_null x ORDER BY b desc, a asc
POSTHOOK: type: QUERY
Explain
PLAN VECTORIZATION:
  enabled: true
  enabledConditionsMet: [hive.vectorized.execution.enabled IS true]

STAGE DEPENDENCIES:
  Stage-1 is a root stage
  Stage-0 depends on stages: Stage-1

STAGE PLANS:
  Stage: Stage-1
    Map Reduce
      Map Operator Tree:
          TableScan
            alias: x
            Statistics: Num rows: 6 Data size: 22 Basic stats: COMPLETE Column stats: NONE
            TableScan Vectorization:
                native: true
                projectedOutputColumns: [0, 1]
            Select Operator
              expressions: a (type: int), b (type: string)
              outputColumnNames: _col0, _col1
              Select Vectorization:
                  className: VectorSelectOperator
                  native: true
                  projectedOutputColumns: [0, 1]
              Statistics: Num rows: 6 Data size: 22 Basic stats: COMPLETE Column stats: NONE
              Reduce Output Operator
                key expressions: _col1 (type: string), _col0 (type: int)
                sort order: -+
                Reduce Sink Vectorization:
                    className: VectorReduceSinkOperator
                    native: false
                    nativeConditionsMet: hive.vectorized.execution.reducesink.new.enabled IS true, No PTF TopN IS true, No DISTINCT columns IS true, BinarySortableSerDe for keys IS true, LazyBinarySerDe for values IS true
                    nativeConditionsNotMet: hive.execution.engine mr IN [tez, spark] IS false
                Statistics: Num rows: 6 Data size: 22 Basic stats: COMPLETE Column stats: NONE
      Execution mode: vectorized
      Map Vectorization:
          enabled: true
          enabledConditionsMet: hive.vectorized.use.vector.serde.deserialize IS true
          groupByVectorOutput: true
          inputFileFormats: org.apache.hadoop.mapred.TextInputFormat
          allNative: false
          usesVectorUDFAdaptor: false
          vectorized: true
          rowBatchContext:
              dataColumnCount: 2
              includeColumns: [0, 1]
              dataColumns: a:int, b:string
              partitionColumnCount: 0
      Reduce Vectorization:
          enabled: false
          enableConditionsMet: hive.vectorized.execution.reduce.enabled IS true
          enableConditionsNotMet: hive.execution.engine mr IN [tez, spark] IS false
      Reduce Operator Tree:
        Select Operator
          expressions: KEY.reducesinkkey1 (type: int), KEY.reducesinkkey0 (type: string)
          outputColumnNames: _col0, _col1
          Statistics: Num rows: 6 Data size: 22 Basic stats: COMPLETE Column stats: NONE
          File Output Operator
            compressed: false
            Statistics: Num rows: 6 Data size: 22 Basic stats: COMPLETE Column stats: NONE
            table:
                input format: org.apache.hadoop.mapred.SequenceFileInputFormat
                output format: org.apache.hadoop.hive.ql.io.HiveSequenceFileOutputFormat
                serde: org.apache.hadoop.hive.serde2.lazy.LazySimpleSerDe

  Stage: Stage-0
    Fetch Operator
      limit: -1
      Processor Tree:
        ListSink

PREHOOK: query: SELECT x.* FROM src_null x ORDER BY b desc, a asc
PREHOOK: type: QUERY
PREHOOK: Input: default@src_null
#### A masked pattern was here ####
POSTHOOK: query: SELECT x.* FROM src_null x ORDER BY b desc, a asc
POSTHOOK: type: QUERY
POSTHOOK: Input: default@src_null
#### A masked pattern was here ####
x.a	x.b
2	B
1	A
2	A
NULL	NULL
2	NULL
3	NULL
PREHOOK: query: EXPLAIN VECTORIZATION DETAIL
SELECT x.* FROM src_null x ORDER BY a asc nulls first, b asc
PREHOOK: type: QUERY
POSTHOOK: query: EXPLAIN VECTORIZATION DETAIL
SELECT x.* FROM src_null x ORDER BY a asc nulls first, b asc
POSTHOOK: type: QUERY
Explain
PLAN VECTORIZATION:
  enabled: true
  enabledConditionsMet: [hive.vectorized.execution.enabled IS true]

STAGE DEPENDENCIES:
  Stage-1 is a root stage
  Stage-0 depends on stages: Stage-1

STAGE PLANS:
  Stage: Stage-1
    Map Reduce
      Map Operator Tree:
          TableScan
            alias: x
            Statistics: Num rows: 6 Data size: 22 Basic stats: COMPLETE Column stats: NONE
            TableScan Vectorization:
                native: true
                projectedOutputColumns: [0, 1]
            Select Operator
              expressions: a (type: int), b (type: string)
              outputColumnNames: _col0, _col1
              Select Vectorization:
                  className: VectorSelectOperator
                  native: true
                  projectedOutputColumns: [0, 1]
              Statistics: Num rows: 6 Data size: 22 Basic stats: COMPLETE Column stats: NONE
              Reduce Output Operator
                key expressions: _col0 (type: int), _col1 (type: string)
                sort order: ++
                Reduce Sink Vectorization:
                    className: VectorReduceSinkOperator
                    native: false
                    nativeConditionsMet: hive.vectorized.execution.reducesink.new.enabled IS true, No PTF TopN IS true, No DISTINCT columns IS true, BinarySortableSerDe for keys IS true, LazyBinarySerDe for values IS true
                    nativeConditionsNotMet: hive.execution.engine mr IN [tez, spark] IS false
                Statistics: Num rows: 6 Data size: 22 Basic stats: COMPLETE Column stats: NONE
      Execution mode: vectorized
      Map Vectorization:
          enabled: true
          enabledConditionsMet: hive.vectorized.use.vector.serde.deserialize IS true
          groupByVectorOutput: true
          inputFileFormats: org.apache.hadoop.mapred.TextInputFormat
          allNative: false
          usesVectorUDFAdaptor: false
          vectorized: true
          rowBatchContext:
              dataColumnCount: 2
              includeColumns: [0, 1]
              dataColumns: a:int, b:string
              partitionColumnCount: 0
      Reduce Vectorization:
          enabled: false
          enableConditionsMet: hive.vectorized.execution.reduce.enabled IS true
          enableConditionsNotMet: hive.execution.engine mr IN [tez, spark] IS false
      Reduce Operator Tree:
        Select Operator
          expressions: KEY.reducesinkkey0 (type: int), KEY.reducesinkkey1 (type: string)
          outputColumnNames: _col0, _col1
          Statistics: Num rows: 6 Data size: 22 Basic stats: COMPLETE Column stats: NONE
          File Output Operator
            compressed: false
            Statistics: Num rows: 6 Data size: 22 Basic stats: COMPLETE Column stats: NONE
            table:
                input format: org.apache.hadoop.mapred.SequenceFileInputFormat
                output format: org.apache.hadoop.hive.ql.io.HiveSequenceFileOutputFormat
                serde: org.apache.hadoop.hive.serde2.lazy.LazySimpleSerDe

  Stage: Stage-0
    Fetch Operator
      limit: -1
      Processor Tree:
        ListSink

PREHOOK: query: SELECT x.* FROM src_null x ORDER BY a asc nulls first, b asc
PREHOOK: type: QUERY
PREHOOK: Input: default@src_null
#### A masked pattern was here ####
POSTHOOK: query: SELECT x.* FROM src_null x ORDER BY a asc nulls first, b asc
POSTHOOK: type: QUERY
POSTHOOK: Input: default@src_null
#### A masked pattern was here ####
x.a	x.b
NULL	NULL
1	A
2	NULL
2	A
2	B
3	NULL
PREHOOK: query: EXPLAIN VECTORIZATION DETAIL
SELECT x.* FROM src_null x ORDER BY a desc nulls first, b asc
PREHOOK: type: QUERY
POSTHOOK: query: EXPLAIN VECTORIZATION DETAIL
SELECT x.* FROM src_null x ORDER BY a desc nulls first, b asc
POSTHOOK: type: QUERY
Explain
PLAN VECTORIZATION:
  enabled: true
  enabledConditionsMet: [hive.vectorized.execution.enabled IS true]

STAGE DEPENDENCIES:
  Stage-1 is a root stage
  Stage-0 depends on stages: Stage-1

STAGE PLANS:
  Stage: Stage-1
    Map Reduce
      Map Operator Tree:
          TableScan
            alias: x
            Statistics: Num rows: 6 Data size: 22 Basic stats: COMPLETE Column stats: NONE
            TableScan Vectorization:
                native: true
                projectedOutputColumns: [0, 1]
            Select Operator
              expressions: a (type: int), b (type: string)
              outputColumnNames: _col0, _col1
              Select Vectorization:
                  className: VectorSelectOperator
                  native: true
                  projectedOutputColumns: [0, 1]
              Statistics: Num rows: 6 Data size: 22 Basic stats: COMPLETE Column stats: NONE
              Reduce Output Operator
                key expressions: _col0 (type: int), _col1 (type: string)
                sort order: -+
                Reduce Sink Vectorization:
                    className: VectorReduceSinkOperator
                    native: false
                    nativeConditionsMet: hive.vectorized.execution.reducesink.new.enabled IS true, No PTF TopN IS true, No DISTINCT columns IS true, BinarySortableSerDe for keys IS true, LazyBinarySerDe for values IS true
                    nativeConditionsNotMet: hive.execution.engine mr IN [tez, spark] IS false
                Statistics: Num rows: 6 Data size: 22 Basic stats: COMPLETE Column stats: NONE
      Execution mode: vectorized
      Map Vectorization:
          enabled: true
          enabledConditionsMet: hive.vectorized.use.vector.serde.deserialize IS true
          groupByVectorOutput: true
          inputFileFormats: org.apache.hadoop.mapred.TextInputFormat
          allNative: false
          usesVectorUDFAdaptor: false
          vectorized: true
          rowBatchContext:
              dataColumnCount: 2
              includeColumns: [0, 1]
              dataColumns: a:int, b:string
              partitionColumnCount: 0
      Reduce Vectorization:
          enabled: false
          enableConditionsMet: hive.vectorized.execution.reduce.enabled IS true
          enableConditionsNotMet: hive.execution.engine mr IN [tez, spark] IS false
      Reduce Operator Tree:
        Select Operator
          expressions: KEY.reducesinkkey0 (type: int), KEY.reducesinkkey1 (type: string)
          outputColumnNames: _col0, _col1
          Statistics: Num rows: 6 Data size: 22 Basic stats: COMPLETE Column stats: NONE
          File Output Operator
            compressed: false
            Statistics: Num rows: 6 Data size: 22 Basic stats: COMPLETE Column stats: NONE
            table:
                input format: org.apache.hadoop.mapred.SequenceFileInputFormat
                output format: org.apache.hadoop.hive.ql.io.HiveSequenceFileOutputFormat
                serde: org.apache.hadoop.hive.serde2.lazy.LazySimpleSerDe

  Stage: Stage-0
    Fetch Operator
      limit: -1
      Processor Tree:
        ListSink

PREHOOK: query: SELECT x.* FROM src_null x ORDER BY a desc nulls first, b asc
PREHOOK: type: QUERY
PREHOOK: Input: default@src_null
#### A masked pattern was here ####
POSTHOOK: query: SELECT x.* FROM src_null x ORDER BY a desc nulls first, b asc
POSTHOOK: type: QUERY
POSTHOOK: Input: default@src_null
#### A masked pattern was here ####
x.a	x.b
NULL	NULL
3	NULL
2	NULL
2	A
2	B
1	A
PREHOOK: query: EXPLAIN VECTORIZATION DETAIL
SELECT x.* FROM src_null x ORDER BY b asc nulls last, a
PREHOOK: type: QUERY
POSTHOOK: query: EXPLAIN VECTORIZATION DETAIL
SELECT x.* FROM src_null x ORDER BY b asc nulls last, a
POSTHOOK: type: QUERY
Explain
PLAN VECTORIZATION:
  enabled: true
  enabledConditionsMet: [hive.vectorized.execution.enabled IS true]

STAGE DEPENDENCIES:
  Stage-1 is a root stage
  Stage-0 depends on stages: Stage-1

STAGE PLANS:
  Stage: Stage-1
    Map Reduce
      Map Operator Tree:
          TableScan
            alias: x
            Statistics: Num rows: 6 Data size: 22 Basic stats: COMPLETE Column stats: NONE
            TableScan Vectorization:
                native: true
                projectedOutputColumns: [0, 1]
            Select Operator
              expressions: a (type: int), b (type: string)
              outputColumnNames: _col0, _col1
              Select Vectorization:
                  className: VectorSelectOperator
                  native: true
                  projectedOutputColumns: [0, 1]
              Statistics: Num rows: 6 Data size: 22 Basic stats: COMPLETE Column stats: NONE
              Reduce Output Operator
                key expressions: _col1 (type: string), _col0 (type: int)
                sort order: ++
                Reduce Sink Vectorization:
                    className: VectorReduceSinkOperator
                    native: false
                    nativeConditionsMet: hive.vectorized.execution.reducesink.new.enabled IS true, No PTF TopN IS true, No DISTINCT columns IS true, BinarySortableSerDe for keys IS true, LazyBinarySerDe for values IS true
                    nativeConditionsNotMet: hive.execution.engine mr IN [tez, spark] IS false
                Statistics: Num rows: 6 Data size: 22 Basic stats: COMPLETE Column stats: NONE
      Execution mode: vectorized
      Map Vectorization:
          enabled: true
          enabledConditionsMet: hive.vectorized.use.vector.serde.deserialize IS true
          groupByVectorOutput: true
          inputFileFormats: org.apache.hadoop.mapred.TextInputFormat
          allNative: false
          usesVectorUDFAdaptor: false
          vectorized: true
          rowBatchContext:
              dataColumnCount: 2
              includeColumns: [0, 1]
              dataColumns: a:int, b:string
              partitionColumnCount: 0
      Reduce Vectorization:
          enabled: false
          enableConditionsMet: hive.vectorized.execution.reduce.enabled IS true
          enableConditionsNotMet: hive.execution.engine mr IN [tez, spark] IS false
      Reduce Operator Tree:
        Select Operator
          expressions: KEY.reducesinkkey1 (type: int), KEY.reducesinkkey0 (type: string)
          outputColumnNames: _col0, _col1
          Statistics: Num rows: 6 Data size: 22 Basic stats: COMPLETE Column stats: NONE
          File Output Operator
            compressed: false
            Statistics: Num rows: 6 Data size: 22 Basic stats: COMPLETE Column stats: NONE
            table:
                input format: org.apache.hadoop.mapred.SequenceFileInputFormat
                output format: org.apache.hadoop.hive.ql.io.HiveSequenceFileOutputFormat
                serde: org.apache.hadoop.hive.serde2.lazy.LazySimpleSerDe

  Stage: Stage-0
    Fetch Operator
      limit: -1
      Processor Tree:
        ListSink

PREHOOK: query: SELECT x.* FROM src_null x ORDER BY b asc nulls last, a
PREHOOK: type: QUERY
PREHOOK: Input: default@src_null
#### A masked pattern was here ####
POSTHOOK: query: SELECT x.* FROM src_null x ORDER BY b asc nulls last, a
POSTHOOK: type: QUERY
POSTHOOK: Input: default@src_null
#### A masked pattern was here ####
x.a	x.b
1	A
2	A
2	B
NULL	NULL
2	NULL
3	NULL
PREHOOK: query: EXPLAIN VECTORIZATION DETAIL
SELECT x.* FROM src_null x ORDER BY b desc nulls last, a
PREHOOK: type: QUERY
POSTHOOK: query: EXPLAIN VECTORIZATION DETAIL
SELECT x.* FROM src_null x ORDER BY b desc nulls last, a
POSTHOOK: type: QUERY
Explain
PLAN VECTORIZATION:
  enabled: true
  enabledConditionsMet: [hive.vectorized.execution.enabled IS true]

STAGE DEPENDENCIES:
  Stage-1 is a root stage
  Stage-0 depends on stages: Stage-1

STAGE PLANS:
  Stage: Stage-1
    Map Reduce
      Map Operator Tree:
          TableScan
            alias: x
            Statistics: Num rows: 6 Data size: 22 Basic stats: COMPLETE Column stats: NONE
            TableScan Vectorization:
                native: true
                projectedOutputColumns: [0, 1]
            Select Operator
              expressions: a (type: int), b (type: string)
              outputColumnNames: _col0, _col1
              Select Vectorization:
                  className: VectorSelectOperator
                  native: true
                  projectedOutputColumns: [0, 1]
              Statistics: Num rows: 6 Data size: 22 Basic stats: COMPLETE Column stats: NONE
              Reduce Output Operator
                key expressions: _col1 (type: string), _col0 (type: int)
                sort order: -+
                Reduce Sink Vectorization:
                    className: VectorReduceSinkOperator
                    native: false
                    nativeConditionsMet: hive.vectorized.execution.reducesink.new.enabled IS true, No PTF TopN IS true, No DISTINCT columns IS true, BinarySortableSerDe for keys IS true, LazyBinarySerDe for values IS true
                    nativeConditionsNotMet: hive.execution.engine mr IN [tez, spark] IS false
                Statistics: Num rows: 6 Data size: 22 Basic stats: COMPLETE Column stats: NONE
      Execution mode: vectorized
      Map Vectorization:
          enabled: true
          enabledConditionsMet: hive.vectorized.use.vector.serde.deserialize IS true
          groupByVectorOutput: true
          inputFileFormats: org.apache.hadoop.mapred.TextInputFormat
          allNative: false
          usesVectorUDFAdaptor: false
          vectorized: true
          rowBatchContext:
              dataColumnCount: 2
              includeColumns: [0, 1]
              dataColumns: a:int, b:string
              partitionColumnCount: 0
      Reduce Vectorization:
          enabled: false
          enableConditionsMet: hive.vectorized.execution.reduce.enabled IS true
          enableConditionsNotMet: hive.execution.engine mr IN [tez, spark] IS false
      Reduce Operator Tree:
        Select Operator
          expressions: KEY.reducesinkkey1 (type: int), KEY.reducesinkkey0 (type: string)
          outputColumnNames: _col0, _col1
          Statistics: Num rows: 6 Data size: 22 Basic stats: COMPLETE Column stats: NONE
          File Output Operator
            compressed: false
            Statistics: Num rows: 6 Data size: 22 Basic stats: COMPLETE Column stats: NONE
            table:
                input format: org.apache.hadoop.mapred.SequenceFileInputFormat
                output format: org.apache.hadoop.hive.ql.io.HiveSequenceFileOutputFormat
                serde: org.apache.hadoop.hive.serde2.lazy.LazySimpleSerDe

  Stage: Stage-0
    Fetch Operator
      limit: -1
      Processor Tree:
        ListSink

PREHOOK: query: SELECT x.* FROM src_null x ORDER BY b desc nulls last, a
PREHOOK: type: QUERY
PREHOOK: Input: default@src_null
#### A masked pattern was here ####
POSTHOOK: query: SELECT x.* FROM src_null x ORDER BY b desc nulls last, a
POSTHOOK: type: QUERY
POSTHOOK: Input: default@src_null
#### A masked pattern was here ####
x.a	x.b
2	B
1	A
2	A
NULL	NULL
2	NULL
3	NULL
PREHOOK: query: EXPLAIN VECTORIZATION DETAIL
SELECT x.* FROM src_null x ORDER BY a asc nulls last, b desc
PREHOOK: type: QUERY
POSTHOOK: query: EXPLAIN VECTORIZATION DETAIL
SELECT x.* FROM src_null x ORDER BY a asc nulls last, b desc
POSTHOOK: type: QUERY
Explain
PLAN VECTORIZATION:
  enabled: true
  enabledConditionsMet: [hive.vectorized.execution.enabled IS true]

STAGE DEPENDENCIES:
  Stage-1 is a root stage
  Stage-0 depends on stages: Stage-1

STAGE PLANS:
  Stage: Stage-1
    Map Reduce
      Map Operator Tree:
          TableScan
            alias: x
            Statistics: Num rows: 6 Data size: 22 Basic stats: COMPLETE Column stats: NONE
            TableScan Vectorization:
                native: true
                projectedOutputColumns: [0, 1]
            Select Operator
              expressions: a (type: int), b (type: string)
              outputColumnNames: _col0, _col1
              Select Vectorization:
                  className: VectorSelectOperator
                  native: true
                  projectedOutputColumns: [0, 1]
              Statistics: Num rows: 6 Data size: 22 Basic stats: COMPLETE Column stats: NONE
              Reduce Output Operator
                key expressions: _col0 (type: int), _col1 (type: string)
                sort order: +-
                Reduce Sink Vectorization:
                    className: VectorReduceSinkOperator
                    native: false
                    nativeConditionsMet: hive.vectorized.execution.reducesink.new.enabled IS true, No PTF TopN IS true, No DISTINCT columns IS true, BinarySortableSerDe for keys IS true, LazyBinarySerDe for values IS true
                    nativeConditionsNotMet: hive.execution.engine mr IN [tez, spark] IS false
                Statistics: Num rows: 6 Data size: 22 Basic stats: COMPLETE Column stats: NONE
      Execution mode: vectorized
      Map Vectorization:
          enabled: true
          enabledConditionsMet: hive.vectorized.use.vector.serde.deserialize IS true
          groupByVectorOutput: true
          inputFileFormats: org.apache.hadoop.mapred.TextInputFormat
          allNative: false
          usesVectorUDFAdaptor: false
          vectorized: true
          rowBatchContext:
              dataColumnCount: 2
              includeColumns: [0, 1]
              dataColumns: a:int, b:string
              partitionColumnCount: 0
      Reduce Vectorization:
          enabled: false
          enableConditionsMet: hive.vectorized.execution.reduce.enabled IS true
          enableConditionsNotMet: hive.execution.engine mr IN [tez, spark] IS false
      Reduce Operator Tree:
        Select Operator
          expressions: KEY.reducesinkkey0 (type: int), KEY.reducesinkkey1 (type: string)
          outputColumnNames: _col0, _col1
          Statistics: Num rows: 6 Data size: 22 Basic stats: COMPLETE Column stats: NONE
          File Output Operator
            compressed: false
            Statistics: Num rows: 6 Data size: 22 Basic stats: COMPLETE Column stats: NONE
            table:
                input format: org.apache.hadoop.mapred.SequenceFileInputFormat
                output format: org.apache.hadoop.hive.ql.io.HiveSequenceFileOutputFormat
                serde: org.apache.hadoop.hive.serde2.lazy.LazySimpleSerDe

  Stage: Stage-0
    Fetch Operator
      limit: -1
      Processor Tree:
        ListSink

PREHOOK: query: SELECT x.* FROM src_null x ORDER BY a asc nulls last, b desc
PREHOOK: type: QUERY
PREHOOK: Input: default@src_null
#### A masked pattern was here ####
POSTHOOK: query: SELECT x.* FROM src_null x ORDER BY a asc nulls last, b desc
POSTHOOK: type: QUERY
POSTHOOK: Input: default@src_null
#### A masked pattern was here ####
x.a	x.b
1	A
2	B
2	A
2	NULL
3	NULL
NULL	NULL
PREHOOK: query: EXPLAIN VECTORIZATION DETAIL
SELECT x.* FROM src_null x ORDER BY b desc nulls last, a desc nulls last
PREHOOK: type: QUERY
POSTHOOK: query: EXPLAIN VECTORIZATION DETAIL
SELECT x.* FROM src_null x ORDER BY b desc nulls last, a desc nulls last
POSTHOOK: type: QUERY
Explain
PLAN VECTORIZATION:
  enabled: true
  enabledConditionsMet: [hive.vectorized.execution.enabled IS true]

STAGE DEPENDENCIES:
  Stage-1 is a root stage
  Stage-0 depends on stages: Stage-1

STAGE PLANS:
  Stage: Stage-1
    Map Reduce
      Map Operator Tree:
          TableScan
            alias: x
            Statistics: Num rows: 6 Data size: 22 Basic stats: COMPLETE Column stats: NONE
            TableScan Vectorization:
                native: true
                projectedOutputColumns: [0, 1]
            Select Operator
              expressions: a (type: int), b (type: string)
              outputColumnNames: _col0, _col1
              Select Vectorization:
                  className: VectorSelectOperator
                  native: true
                  projectedOutputColumns: [0, 1]
              Statistics: Num rows: 6 Data size: 22 Basic stats: COMPLETE Column stats: NONE
              Reduce Output Operator
                key expressions: _col1 (type: string), _col0 (type: int)
                sort order: --
                Reduce Sink Vectorization:
                    className: VectorReduceSinkOperator
                    native: false
                    nativeConditionsMet: hive.vectorized.execution.reducesink.new.enabled IS true, No PTF TopN IS true, No DISTINCT columns IS true, BinarySortableSerDe for keys IS true, LazyBinarySerDe for values IS true
                    nativeConditionsNotMet: hive.execution.engine mr IN [tez, spark] IS false
                Statistics: Num rows: 6 Data size: 22 Basic stats: COMPLETE Column stats: NONE
      Execution mode: vectorized
      Map Vectorization:
          enabled: true
          enabledConditionsMet: hive.vectorized.use.vector.serde.deserialize IS true
          groupByVectorOutput: true
          inputFileFormats: org.apache.hadoop.mapred.TextInputFormat
          allNative: false
          usesVectorUDFAdaptor: false
          vectorized: true
          rowBatchContext:
              dataColumnCount: 2
              includeColumns: [0, 1]
              dataColumns: a:int, b:string
              partitionColumnCount: 0
      Reduce Vectorization:
          enabled: false
          enableConditionsMet: hive.vectorized.execution.reduce.enabled IS true
          enableConditionsNotMet: hive.execution.engine mr IN [tez, spark] IS false
      Reduce Operator Tree:
        Select Operator
          expressions: KEY.reducesinkkey1 (type: int), KEY.reducesinkkey0 (type: string)
          outputColumnNames: _col0, _col1
          Statistics: Num rows: 6 Data size: 22 Basic stats: COMPLETE Column stats: NONE
          File Output Operator
            compressed: false
            Statistics: Num rows: 6 Data size: 22 Basic stats: COMPLETE Column stats: NONE
            table:
                input format: org.apache.hadoop.mapred.SequenceFileInputFormat
                output format: org.apache.hadoop.hive.ql.io.HiveSequenceFileOutputFormat
                serde: org.apache.hadoop.hive.serde2.lazy.LazySimpleSerDe

  Stage: Stage-0
    Fetch Operator
      limit: -1
      Processor Tree:
        ListSink

PREHOOK: query: SELECT x.* FROM src_null x ORDER BY b desc nulls last, a desc nulls last
PREHOOK: type: QUERY
PREHOOK: Input: default@src_null
#### A masked pattern was here ####
POSTHOOK: query: SELECT x.* FROM src_null x ORDER BY b desc nulls last, a desc nulls last
POSTHOOK: type: QUERY
POSTHOOK: Input: default@src_null
#### A masked pattern was here ####
x.a	x.b
2	B
2	A
1	A
3	NULL
2	NULL
NULL	NULL
PREHOOK: query: EXPLAIN VECTORIZATION DETAIL
SELECT x.* FROM src_null x ORDER BY b asc nulls first, a asc nulls last
PREHOOK: type: QUERY
POSTHOOK: query: EXPLAIN VECTORIZATION DETAIL
SELECT x.* FROM src_null x ORDER BY b asc nulls first, a asc nulls last
POSTHOOK: type: QUERY
Explain
PLAN VECTORIZATION:
  enabled: true
  enabledConditionsMet: [hive.vectorized.execution.enabled IS true]

STAGE DEPENDENCIES:
  Stage-1 is a root stage
  Stage-0 depends on stages: Stage-1

STAGE PLANS:
  Stage: Stage-1
    Map Reduce
      Map Operator Tree:
          TableScan
            alias: x
            Statistics: Num rows: 6 Data size: 22 Basic stats: COMPLETE Column stats: NONE
            TableScan Vectorization:
                native: true
                projectedOutputColumns: [0, 1]
            Select Operator
              expressions: a (type: int), b (type: string)
              outputColumnNames: _col0, _col1
              Select Vectorization:
                  className: VectorSelectOperator
                  native: true
                  projectedOutputColumns: [0, 1]
              Statistics: Num rows: 6 Data size: 22 Basic stats: COMPLETE Column stats: NONE
              Reduce Output Operator
                key expressions: _col1 (type: string), _col0 (type: int)
                sort order: ++
                Reduce Sink Vectorization:
                    className: VectorReduceSinkOperator
                    native: false
                    nativeConditionsMet: hive.vectorized.execution.reducesink.new.enabled IS true, No PTF TopN IS true, No DISTINCT columns IS true, BinarySortableSerDe for keys IS true, LazyBinarySerDe for values IS true
                    nativeConditionsNotMet: hive.execution.engine mr IN [tez, spark] IS false
                Statistics: Num rows: 6 Data size: 22 Basic stats: COMPLETE Column stats: NONE
      Execution mode: vectorized
      Map Vectorization:
          enabled: true
          enabledConditionsMet: hive.vectorized.use.vector.serde.deserialize IS true
          groupByVectorOutput: true
          inputFileFormats: org.apache.hadoop.mapred.TextInputFormat
          allNative: false
          usesVectorUDFAdaptor: false
          vectorized: true
          rowBatchContext:
              dataColumnCount: 2
              includeColumns: [0, 1]
              dataColumns: a:int, b:string
              partitionColumnCount: 0
      Reduce Vectorization:
          enabled: false
          enableConditionsMet: hive.vectorized.execution.reduce.enabled IS true
          enableConditionsNotMet: hive.execution.engine mr IN [tez, spark] IS false
      Reduce Operator Tree:
        Select Operator
          expressions: KEY.reducesinkkey1 (type: int), KEY.reducesinkkey0 (type: string)
          outputColumnNames: _col0, _col1
          Statistics: Num rows: 6 Data size: 22 Basic stats: COMPLETE Column stats: NONE
          File Output Operator
            compressed: false
            Statistics: Num rows: 6 Data size: 22 Basic stats: COMPLETE Column stats: NONE
            table:
                input format: org.apache.hadoop.mapred.SequenceFileInputFormat
                output format: org.apache.hadoop.hive.ql.io.HiveSequenceFileOutputFormat
                serde: org.apache.hadoop.hive.serde2.lazy.LazySimpleSerDe

  Stage: Stage-0
    Fetch Operator
      limit: -1
      Processor Tree:
        ListSink

PREHOOK: query: SELECT x.* FROM src_null x ORDER BY b asc nulls first, a asc nulls last
PREHOOK: type: QUERY
PREHOOK: Input: default@src_null
#### A masked pattern was here ####
POSTHOOK: query: SELECT x.* FROM src_null x ORDER BY b asc nulls first, a asc nulls last
POSTHOOK: type: QUERY
POSTHOOK: Input: default@src_null
#### A masked pattern was here ####
x.a	x.b
2	NULL
3	NULL
NULL	NULL
1	A
2	A
2	B
