PREHOOK: query: EXPLAIN VECTORIZATION EXPRESSION  SELECT COUNT(t1.cint) AS CNT, MAX(t2.cint) , MIN(t1.cint), AVG(t1.cint+t2.cint)
  FROM alltypesorc t1
  JOIN alltypesorc t2 ON t1.cint = t2.cint order by CNT
PREHOOK: type: QUERY
POSTHOOK: query: EXPLAIN VECTORIZATION EXPRESSION  SELECT COUNT(t1.cint) AS CNT, MAX(t2.cint) , MIN(t1.cint), AVG(t1.cint+t2.cint)
  FROM alltypesorc t1
  JOIN alltypesorc t2 ON t1.cint = t2.cint order by CNT
POSTHOOK: type: QUERY
PLAN VECTORIZATION:
  enabled: true
  enabledConditionsMet: [hive.vectorized.execution.enabled IS true]

STAGE DEPENDENCIES:
  Stage-1 is a root stage
  Stage-2 depends on stages: Stage-1
  Stage-3 depends on stages: Stage-2
  Stage-0 depends on stages: Stage-3

STAGE PLANS:
  Stage: Stage-1
    Map Reduce
      Map Operator Tree:
          TableScan
            alias: t1
            Statistics: Num rows: 12288 Data size: 2641964 Basic stats: COMPLETE Column stats: NONE
            Filter Operator
              predicate: cint is not null (type: boolean)
              Statistics: Num rows: 12288 Data size: 2641964 Basic stats: COMPLETE Column stats: NONE
              Select Operator
                expressions: cint (type: int)
                outputColumnNames: _col0
                Statistics: Num rows: 12288 Data size: 2641964 Basic stats: COMPLETE Column stats: NONE
                Reduce Output Operator
                  key expressions: _col0 (type: int)
                  sort order: +
                  Map-reduce partition columns: _col0 (type: int)
                  Statistics: Num rows: 12288 Data size: 2641964 Basic stats: COMPLETE Column stats: NONE
          TableScan
            alias: t2
            Statistics: Num rows: 12288 Data size: 2641964 Basic stats: COMPLETE Column stats: NONE
            Filter Operator
              predicate: cint is not null (type: boolean)
              Statistics: Num rows: 12288 Data size: 2641964 Basic stats: COMPLETE Column stats: NONE
              Select Operator
                expressions: cint (type: int)
                outputColumnNames: _col0
                Statistics: Num rows: 12288 Data size: 2641964 Basic stats: COMPLETE Column stats: NONE
                Reduce Output Operator
                  key expressions: _col0 (type: int)
                  sort order: +
                  Map-reduce partition columns: _col0 (type: int)
                  Statistics: Num rows: 12288 Data size: 2641964 Basic stats: COMPLETE Column stats: NONE
      Map Vectorization:
          enabled: false
          enabledConditionsNotMet: Vectorized map work only works with 1 TableScanOperator IS false
      Reduce Vectorization:
          enabled: false
          enableConditionsMet: hive.vectorized.execution.reduce.enabled IS true
          enableConditionsNotMet: hive.execution.engine mr IN [tez, spark] IS false
      Reduce Operator Tree:
        Join Operator
          condition map:
               Inner Join 0 to 1
          keys:
            0 _col0 (type: int)
            1 _col0 (type: int)
          outputColumnNames: _col0, _col1
          Statistics: Num rows: 13516 Data size: 2906160 Basic stats: COMPLETE Column stats: NONE
          Select Operator
            expressions: _col0 (type: int), _col1 (type: int), (_col0 + _col1) (type: int)
            outputColumnNames: _col0, _col1, _col2
            Statistics: Num rows: 13516 Data size: 2906160 Basic stats: COMPLETE Column stats: NONE
            Group By Operator
              aggregations: count(_col0), max(_col1), min(_col0), sum(_col2), count(_col2)
              mode: hash
              outputColumnNames: _col0, _col1, _col2, _col3, _col4
              Statistics: Num rows: 1 Data size: 32 Basic stats: COMPLETE Column stats: NONE
              File Output Operator
                compressed: false
                table:
                    input format: org.apache.hadoop.mapred.SequenceFileInputFormat
                    output format: org.apache.hadoop.hive.ql.io.HiveSequenceFileOutputFormat
                    serde: org.apache.hadoop.hive.serde2.lazybinary.LazyBinarySerDe

  Stage: Stage-2
    Map Reduce
      Map Operator Tree:
          TableScan
            TableScan Vectorization:
                native: true
            Reduce Output Operator
              sort order: 
              Reduce Sink Vectorization:
                  className: VectorReduceSinkOperator
                  native: false
                  nativeConditionsMet: hive.vectorized.execution.reducesink.new.enabled IS true, No PTF TopN IS true, No DISTINCT columns IS true, BinarySortableSerDe for keys IS true, LazyBinarySerDe for values IS true
                  nativeConditionsNotMet: hive.execution.engine mr IN [tez, spark] IS false
              Statistics: Num rows: 1 Data size: 32 Basic stats: COMPLETE Column stats: NONE
              value expressions: _col0 (type: bigint), _col1 (type: int), _col2 (type: int), _col3 (type: bigint), _col4 (type: bigint)
      Execution mode: vectorized
      Map Vectorization:
          enabled: true
          enabledConditionsMet: hive.vectorized.use.vector.serde.deserialize IS true
          inputFormatFeatureSupport: []
          featureSupportInUse: []
          inputFileFormats: org.apache.hadoop.mapred.SequenceFileInputFormat
          allNative: false
          usesVectorUDFAdaptor: false
          vectorized: true
      Reduce Vectorization:
          enabled: false
          enableConditionsMet: hive.vectorized.execution.reduce.enabled IS true
          enableConditionsNotMet: hive.execution.engine mr IN [tez, spark] IS false
      Reduce Operator Tree:
        Group By Operator
          aggregations: count(VALUE._col0), max(VALUE._col1), min(VALUE._col2), sum(VALUE._col3), count(VALUE._col4)
          mode: mergepartial
          outputColumnNames: _col0, _col1, _col2, _col3, _col4
          Statistics: Num rows: 1 Data size: 32 Basic stats: COMPLETE Column stats: NONE
          Select Operator
            expressions: _col0 (type: bigint), _col1 (type: int), _col2 (type: int), (_col3 / _col4) (type: double)
            outputColumnNames: _col0, _col1, _col2, _col3
            Statistics: Num rows: 1 Data size: 32 Basic stats: COMPLETE Column stats: NONE
            File Output Operator
              compressed: false
              table:
                  input format: org.apache.hadoop.mapred.SequenceFileInputFormat
                  output format: org.apache.hadoop.hive.ql.io.HiveSequenceFileOutputFormat
                  serde: org.apache.hadoop.hive.serde2.lazybinary.LazyBinarySerDe

  Stage: Stage-3
    Map Reduce
      Map Operator Tree:
          TableScan
            TableScan Vectorization:
                native: true
            Reduce Output Operator
              key expressions: _col0 (type: bigint)
              sort order: +
              Reduce Sink Vectorization:
                  className: VectorReduceSinkOperator
                  native: false
                  nativeConditionsMet: hive.vectorized.execution.reducesink.new.enabled IS true, No PTF TopN IS true, No DISTINCT columns IS true, BinarySortableSerDe for keys IS true, LazyBinarySerDe for values IS true
                  nativeConditionsNotMet: hive.execution.engine mr IN [tez, spark] IS false
              Statistics: Num rows: 1 Data size: 32 Basic stats: COMPLETE Column stats: NONE
              value expressions: _col1 (type: int), _col2 (type: int), _col3 (type: double)
      Execution mode: vectorized
      Map Vectorization:
          enabled: true
          enabledConditionsMet: hive.vectorized.use.vector.serde.deserialize IS true
          inputFormatFeatureSupport: []
          featureSupportInUse: []
          inputFileFormats: org.apache.hadoop.mapred.SequenceFileInputFormat
          allNative: false
          usesVectorUDFAdaptor: false
          vectorized: true
      Reduce Vectorization:
          enabled: false
          enableConditionsMet: hive.vectorized.execution.reduce.enabled IS true
          enableConditionsNotMet: hive.execution.engine mr IN [tez, spark] IS false
      Reduce Operator Tree:
        Select Operator
          expressions: KEY.reducesinkkey0 (type: bigint), VALUE._col0 (type: int), VALUE._col1 (type: int), VALUE._col2 (type: double)
          outputColumnNames: _col0, _col1, _col2, _col3
          Statistics: Num rows: 1 Data size: 32 Basic stats: COMPLETE Column stats: NONE
          File Output Operator
            compressed: false
            Statistics: Num rows: 1 Data size: 32 Basic stats: COMPLETE Column stats: NONE
            table:
                input format: org.apache.hadoop.mapred.SequenceFileInputFormat
                output format: org.apache.hadoop.hive.ql.io.HiveSequenceFileOutputFormat
                serde: org.apache.hadoop.hive.serde2.lazy.LazySimpleSerDe

  Stage: Stage-0
    Fetch Operator
      limit: -1
      Processor Tree:
        ListSink

PREHOOK: query: SELECT COUNT(t1.cint), MAX(t2.cint) AS CNT, MIN(t1.cint), AVG(t1.cint+t2.cint)
  FROM alltypesorc t1
  JOIN alltypesorc t2 ON t1.cint = t2.cint order by CNT
PREHOOK: type: QUERY
PREHOOK: Input: default@alltypesorc
#### A masked pattern was here ####
POSTHOOK: query: SELECT COUNT(t1.cint), MAX(t2.cint) AS CNT, MIN(t1.cint), AVG(t1.cint+t2.cint)
  FROM alltypesorc t1
  JOIN alltypesorc t2 ON t1.cint = t2.cint order by CNT
POSTHOOK: type: QUERY
POSTHOOK: Input: default@alltypesorc
#### A masked pattern was here ####
3152013	1073680599	-1073279343	9.375396162525452E8
