PREHOOK: query: -- SORT_QUERY_RESULTS

drop table varchar_udf_1
PREHOOK: type: DROPTABLE
POSTHOOK: query: -- SORT_QUERY_RESULTS

drop table varchar_udf_1
POSTHOOK: type: DROPTABLE
PREHOOK: query: create table varchar_udf_1 (c1 string, c2 string, c3 varchar(10), c4 varchar(20)) STORED AS ORC
PREHOOK: type: CREATETABLE
PREHOOK: Output: database:default
PREHOOK: Output: default@varchar_udf_1
POSTHOOK: query: create table varchar_udf_1 (c1 string, c2 string, c3 varchar(10), c4 varchar(20)) STORED AS ORC
POSTHOOK: type: CREATETABLE
POSTHOOK: Output: database:default
POSTHOOK: Output: default@varchar_udf_1
PREHOOK: query: insert overwrite table varchar_udf_1
  select key, value, key, value from src where key = '238' limit 1
PREHOOK: type: QUERY
PREHOOK: Input: default@src
PREHOOK: Output: default@varchar_udf_1
POSTHOOK: query: insert overwrite table varchar_udf_1
  select key, value, key, value from src where key = '238' limit 1
POSTHOOK: type: QUERY
POSTHOOK: Input: default@src
POSTHOOK: Output: default@varchar_udf_1
POSTHOOK: Lineage: varchar_udf_1.c1 SIMPLE [(src)src.FieldSchema(name:key, type:string, comment:default), ]
POSTHOOK: Lineage: varchar_udf_1.c2 SIMPLE [(src)src.FieldSchema(name:value, type:string, comment:default), ]
POSTHOOK: Lineage: varchar_udf_1.c3 EXPRESSION [(src)src.FieldSchema(name:key, type:string, comment:default), ]
POSTHOOK: Lineage: varchar_udf_1.c4 EXPRESSION [(src)src.FieldSchema(name:value, type:string, comment:default), ]
PREHOOK: query: DROP TABLE IF EXISTS DECIMAL_UDF_txt
PREHOOK: type: DROPTABLE
POSTHOOK: query: DROP TABLE IF EXISTS DECIMAL_UDF_txt
POSTHOOK: type: DROPTABLE
PREHOOK: query: DROP TABLE IF EXISTS DECIMAL_UDF
PREHOOK: type: DROPTABLE
POSTHOOK: query: DROP TABLE IF EXISTS DECIMAL_UDF
POSTHOOK: type: DROPTABLE
PREHOOK: query: CREATE TABLE DECIMAL_UDF_txt (key decimal(20,10), value int)
ROW FORMAT DELIMITED
   FIELDS TERMINATED BY ' '
STORED AS TEXTFILE
PREHOOK: type: CREATETABLE
PREHOOK: Output: database:default
PREHOOK: Output: default@DECIMAL_UDF_txt
POSTHOOK: query: CREATE TABLE DECIMAL_UDF_txt (key decimal(20,10), value int)
ROW FORMAT DELIMITED
   FIELDS TERMINATED BY ' '
STORED AS TEXTFILE
POSTHOOK: type: CREATETABLE
POSTHOOK: Output: database:default
POSTHOOK: Output: default@DECIMAL_UDF_txt
PREHOOK: query: LOAD DATA LOCAL INPATH '../../data/files/kv7.txt' INTO TABLE DECIMAL_UDF_txt
PREHOOK: type: LOAD
#### A masked pattern was here ####
PREHOOK: Output: default@decimal_udf_txt
POSTHOOK: query: LOAD DATA LOCAL INPATH '../../data/files/kv7.txt' INTO TABLE DECIMAL_UDF_txt
POSTHOOK: type: LOAD
#### A masked pattern was here ####
POSTHOOK: Output: default@decimal_udf_txt
PREHOOK: query: CREATE TABLE DECIMAL_UDF (key decimal(20,10), value int)
STORED AS ORC
PREHOOK: type: CREATETABLE
PREHOOK: Output: database:default
PREHOOK: Output: default@DECIMAL_UDF
POSTHOOK: query: CREATE TABLE DECIMAL_UDF (key decimal(20,10), value int)
STORED AS ORC
POSTHOOK: type: CREATETABLE
POSTHOOK: Output: database:default
POSTHOOK: Output: default@DECIMAL_UDF
PREHOOK: query: INSERT OVERWRITE TABLE DECIMAL_UDF SELECT * FROM DECIMAL_UDF_txt
PREHOOK: type: QUERY
PREHOOK: Input: default@decimal_udf_txt
PREHOOK: Output: default@decimal_udf
POSTHOOK: query: INSERT OVERWRITE TABLE DECIMAL_UDF SELECT * FROM DECIMAL_UDF_txt
POSTHOOK: type: QUERY
POSTHOOK: Input: default@decimal_udf_txt
POSTHOOK: Output: default@decimal_udf
POSTHOOK: Lineage: decimal_udf.key SIMPLE [(decimal_udf_txt)decimal_udf_txt.FieldSchema(name:key, type:decimal(20,10), comment:null), ]
POSTHOOK: Lineage: decimal_udf.value SIMPLE [(decimal_udf_txt)decimal_udf_txt.FieldSchema(name:value, type:int, comment:null), ]
PREHOOK: query: drop table if exists count_case_groupby
PREHOOK: type: DROPTABLE
POSTHOOK: query: drop table if exists count_case_groupby
POSTHOOK: type: DROPTABLE
PREHOOK: query: create table count_case_groupby (key string, bool boolean) STORED AS orc
PREHOOK: type: CREATETABLE
PREHOOK: Output: database:default
PREHOOK: Output: default@count_case_groupby
POSTHOOK: query: create table count_case_groupby (key string, bool boolean) STORED AS orc
POSTHOOK: type: CREATETABLE
POSTHOOK: Output: database:default
POSTHOOK: Output: default@count_case_groupby
PREHOOK: query: insert into table count_case_groupby values ('key1', true),('key2', false),('key3', NULL),('key4', false),('key5',NULL)
PREHOOK: type: QUERY
PREHOOK: Output: default@count_case_groupby
POSTHOOK: query: insert into table count_case_groupby values ('key1', true),('key2', false),('key3', NULL),('key4', false),('key5',NULL)
POSTHOOK: type: QUERY
POSTHOOK: Output: default@count_case_groupby
POSTHOOK: Lineage: count_case_groupby.bool EXPRESSION [(values__tmp__table__1)values__tmp__table__1.FieldSchema(name:tmp_values_col2, type:string, comment:), ]
POSTHOOK: Lineage: count_case_groupby.key SIMPLE [(values__tmp__table__1)values__tmp__table__1.FieldSchema(name:tmp_values_col1, type:string, comment:), ]
PREHOOK: query: explain
select
  c2 regexp 'val',
  c4 regexp 'val',
  (c2 regexp 'val') = (c4 regexp 'val')
from varchar_udf_1 limit 1
PREHOOK: type: QUERY
POSTHOOK: query: explain
select
  c2 regexp 'val',
  c4 regexp 'val',
  (c2 regexp 'val') = (c4 regexp 'val')
from varchar_udf_1 limit 1
POSTHOOK: type: QUERY
STAGE DEPENDENCIES:
  Stage-1 is a root stage
  Stage-0 depends on stages: Stage-1

STAGE PLANS:
  Stage: Stage-1
    Map Reduce
      Map Operator Tree:
          TableScan
            alias: varchar_udf_1
            Statistics: Num rows: 1 Data size: 356 Basic stats: COMPLETE Column stats: NONE
            Select Operator
              expressions: c2 regexp 'val' (type: boolean), c4 regexp 'val' (type: boolean), (c2 regexp 'val' = c4 regexp 'val') (type: boolean)
              outputColumnNames: _col0, _col1, _col2
              Statistics: Num rows: 1 Data size: 356 Basic stats: COMPLETE Column stats: NONE
              Limit
                Number of rows: 1
                Statistics: Num rows: 1 Data size: 356 Basic stats: COMPLETE Column stats: NONE
                File Output Operator
                  compressed: false
                  Statistics: Num rows: 1 Data size: 356 Basic stats: COMPLETE Column stats: NONE
                  table:
                      input format: org.apache.hadoop.mapred.SequenceFileInputFormat
                      output format: org.apache.hadoop.hive.ql.io.HiveSequenceFileOutputFormat
                      serde: org.apache.hadoop.hive.serde2.lazy.LazySimpleSerDe

  Stage: Stage-0
    Fetch Operator
      limit: 1
      Processor Tree:
        ListSink

PREHOOK: query: select
  c2 regexp 'val',
  c4 regexp 'val',
  (c2 regexp 'val') = (c4 regexp 'val')
from varchar_udf_1 limit 1
PREHOOK: type: QUERY
PREHOOK: Input: default@varchar_udf_1
#### A masked pattern was here ####
POSTHOOK: query: select
  c2 regexp 'val',
  c4 regexp 'val',
  (c2 regexp 'val') = (c4 regexp 'val')
from varchar_udf_1 limit 1
POSTHOOK: type: QUERY
POSTHOOK: Input: default@varchar_udf_1
#### A masked pattern was here ####
true	true	true
PREHOOK: query: explain
select
  regexp_extract(c2, 'val_([0-9]+)', 1),
  regexp_extract(c4, 'val_([0-9]+)', 1),
  regexp_extract(c2, 'val_([0-9]+)', 1) = regexp_extract(c4, 'val_([0-9]+)', 1)
from varchar_udf_1 limit 1
PREHOOK: type: QUERY
POSTHOOK: query: explain
select
  regexp_extract(c2, 'val_([0-9]+)', 1),
  regexp_extract(c4, 'val_([0-9]+)', 1),
  regexp_extract(c2, 'val_([0-9]+)', 1) = regexp_extract(c4, 'val_([0-9]+)', 1)
from varchar_udf_1 limit 1
POSTHOOK: type: QUERY
STAGE DEPENDENCIES:
  Stage-1 is a root stage
  Stage-0 depends on stages: Stage-1

STAGE PLANS:
  Stage: Stage-1
    Map Reduce
      Map Operator Tree:
          TableScan
            alias: varchar_udf_1
            Statistics: Num rows: 1 Data size: 356 Basic stats: COMPLETE Column stats: NONE
            Select Operator
              expressions: regexp_extract(c2, 'val_([0-9]+)', 1) (type: string), regexp_extract(c4, 'val_([0-9]+)', 1) (type: string), (regexp_extract(c2, 'val_([0-9]+)', 1) = regexp_extract(c4, 'val_([0-9]+)', 1)) (type: boolean)
              outputColumnNames: _col0, _col1, _col2
              Statistics: Num rows: 1 Data size: 356 Basic stats: COMPLETE Column stats: NONE
              Limit
                Number of rows: 1
                Statistics: Num rows: 1 Data size: 356 Basic stats: COMPLETE Column stats: NONE
                File Output Operator
                  compressed: false
                  Statistics: Num rows: 1 Data size: 356 Basic stats: COMPLETE Column stats: NONE
                  table:
                      input format: org.apache.hadoop.mapred.SequenceFileInputFormat
                      output format: org.apache.hadoop.hive.ql.io.HiveSequenceFileOutputFormat
                      serde: org.apache.hadoop.hive.serde2.lazy.LazySimpleSerDe

  Stage: Stage-0
    Fetch Operator
      limit: 1
      Processor Tree:
        ListSink

PREHOOK: query: select
  regexp_extract(c2, 'val_([0-9]+)', 1),
  regexp_extract(c4, 'val_([0-9]+)', 1),
  regexp_extract(c2, 'val_([0-9]+)', 1) = regexp_extract(c4, 'val_([0-9]+)', 1)
from varchar_udf_1 limit 1
PREHOOK: type: QUERY
PREHOOK: Input: default@varchar_udf_1
#### A masked pattern was here ####
POSTHOOK: query: select
  regexp_extract(c2, 'val_([0-9]+)', 1),
  regexp_extract(c4, 'val_([0-9]+)', 1),
  regexp_extract(c2, 'val_([0-9]+)', 1) = regexp_extract(c4, 'val_([0-9]+)', 1)
from varchar_udf_1 limit 1
POSTHOOK: type: QUERY
POSTHOOK: Input: default@varchar_udf_1
#### A masked pattern was here ####
238	238	true
PREHOOK: query: explain
select
  regexp_replace(c2, 'val', 'replaced'),
  regexp_replace(c4, 'val', 'replaced'),
  regexp_replace(c2, 'val', 'replaced') = regexp_replace(c4, 'val', 'replaced')
from varchar_udf_1 limit 1
PREHOOK: type: QUERY
POSTHOOK: query: explain
select
  regexp_replace(c2, 'val', 'replaced'),
  regexp_replace(c4, 'val', 'replaced'),
  regexp_replace(c2, 'val', 'replaced') = regexp_replace(c4, 'val', 'replaced')
from varchar_udf_1 limit 1
POSTHOOK: type: QUERY
STAGE DEPENDENCIES:
  Stage-1 is a root stage
  Stage-0 depends on stages: Stage-1

STAGE PLANS:
  Stage: Stage-1
    Map Reduce
      Map Operator Tree:
          TableScan
            alias: varchar_udf_1
            Statistics: Num rows: 1 Data size: 356 Basic stats: COMPLETE Column stats: NONE
            Select Operator
              expressions: regexp_replace(c2, 'val', 'replaced') (type: string), regexp_replace(c4, 'val', 'replaced') (type: string), (regexp_replace(c2, 'val', 'replaced') = regexp_replace(c4, 'val', 'replaced')) (type: boolean)
              outputColumnNames: _col0, _col1, _col2
              Statistics: Num rows: 1 Data size: 356 Basic stats: COMPLETE Column stats: NONE
              Limit
                Number of rows: 1
                Statistics: Num rows: 1 Data size: 356 Basic stats: COMPLETE Column stats: NONE
                File Output Operator
                  compressed: false
                  Statistics: Num rows: 1 Data size: 356 Basic stats: COMPLETE Column stats: NONE
                  table:
                      input format: org.apache.hadoop.mapred.SequenceFileInputFormat
                      output format: org.apache.hadoop.hive.ql.io.HiveSequenceFileOutputFormat
                      serde: org.apache.hadoop.hive.serde2.lazy.LazySimpleSerDe

  Stage: Stage-0
    Fetch Operator
      limit: 1
      Processor Tree:
        ListSink

PREHOOK: query: select
  regexp_replace(c2, 'val', 'replaced'),
  regexp_replace(c4, 'val', 'replaced'),
  regexp_replace(c2, 'val', 'replaced') = regexp_replace(c4, 'val', 'replaced')
from varchar_udf_1 limit 1
PREHOOK: type: QUERY
PREHOOK: Input: default@varchar_udf_1
#### A masked pattern was here ####
POSTHOOK: query: select
  regexp_replace(c2, 'val', 'replaced'),
  regexp_replace(c4, 'val', 'replaced'),
  regexp_replace(c2, 'val', 'replaced') = regexp_replace(c4, 'val', 'replaced')
from varchar_udf_1 limit 1
POSTHOOK: type: QUERY
POSTHOOK: Input: default@varchar_udf_1
#### A masked pattern was here ####
replaced_238	replaced_238	true
PREHOOK: query: explain
select
  c2 regexp 'val',
  c4 regexp 'val',
  (c2 regexp 'val') = (c4 regexp 'val')
from varchar_udf_1 limit 1
PREHOOK: type: QUERY
POSTHOOK: query: explain
select
  c2 regexp 'val',
  c4 regexp 'val',
  (c2 regexp 'val') = (c4 regexp 'val')
from varchar_udf_1 limit 1
POSTHOOK: type: QUERY
STAGE DEPENDENCIES:
  Stage-1 is a root stage
  Stage-0 depends on stages: Stage-1

STAGE PLANS:
  Stage: Stage-1
    Map Reduce
      Map Operator Tree:
          TableScan
            alias: varchar_udf_1
            Statistics: Num rows: 1 Data size: 356 Basic stats: COMPLETE Column stats: NONE
            Select Operator
              expressions: c2 regexp 'val' (type: boolean), c4 regexp 'val' (type: boolean), (c2 regexp 'val' = c4 regexp 'val') (type: boolean)
              outputColumnNames: _col0, _col1, _col2
              Statistics: Num rows: 1 Data size: 356 Basic stats: COMPLETE Column stats: NONE
              Limit
                Number of rows: 1
                Statistics: Num rows: 1 Data size: 356 Basic stats: COMPLETE Column stats: NONE
                File Output Operator
                  compressed: false
                  Statistics: Num rows: 1 Data size: 356 Basic stats: COMPLETE Column stats: NONE
                  table:
                      input format: org.apache.hadoop.mapred.SequenceFileInputFormat
                      output format: org.apache.hadoop.hive.ql.io.HiveSequenceFileOutputFormat
                      serde: org.apache.hadoop.hive.serde2.lazy.LazySimpleSerDe

  Stage: Stage-0
    Fetch Operator
      limit: 1
      Processor Tree:
        ListSink

PREHOOK: query: select
  c2 regexp 'val',
  c4 regexp 'val',
  (c2 regexp 'val') = (c4 regexp 'val')
from varchar_udf_1 limit 1
PREHOOK: type: QUERY
PREHOOK: Input: default@varchar_udf_1
#### A masked pattern was here ####
POSTHOOK: query: select
  c2 regexp 'val',
  c4 regexp 'val',
  (c2 regexp 'val') = (c4 regexp 'val')
from varchar_udf_1 limit 1
POSTHOOK: type: QUERY
POSTHOOK: Input: default@varchar_udf_1
#### A masked pattern was here ####
true	true	true
PREHOOK: query: explain
select
  regexp_extract(c2, 'val_([0-9]+)', 1),
  regexp_extract(c4, 'val_([0-9]+)', 1),
  regexp_extract(c2, 'val_([0-9]+)', 1) = regexp_extract(c4, 'val_([0-9]+)', 1)
from varchar_udf_1 limit 1
PREHOOK: type: QUERY
POSTHOOK: query: explain
select
  regexp_extract(c2, 'val_([0-9]+)', 1),
  regexp_extract(c4, 'val_([0-9]+)', 1),
  regexp_extract(c2, 'val_([0-9]+)', 1) = regexp_extract(c4, 'val_([0-9]+)', 1)
from varchar_udf_1 limit 1
POSTHOOK: type: QUERY
STAGE DEPENDENCIES:
  Stage-1 is a root stage
  Stage-0 depends on stages: Stage-1

STAGE PLANS:
  Stage: Stage-1
    Map Reduce
      Map Operator Tree:
          TableScan
            alias: varchar_udf_1
            Statistics: Num rows: 1 Data size: 356 Basic stats: COMPLETE Column stats: NONE
            Select Operator
              expressions: regexp_extract(c2, 'val_([0-9]+)', 1) (type: string), regexp_extract(c4, 'val_([0-9]+)', 1) (type: string), (regexp_extract(c2, 'val_([0-9]+)', 1) = regexp_extract(c4, 'val_([0-9]+)', 1)) (type: boolean)
              outputColumnNames: _col0, _col1, _col2
              Statistics: Num rows: 1 Data size: 356 Basic stats: COMPLETE Column stats: NONE
              Limit
                Number of rows: 1
                Statistics: Num rows: 1 Data size: 356 Basic stats: COMPLETE Column stats: NONE
                File Output Operator
                  compressed: false
                  Statistics: Num rows: 1 Data size: 356 Basic stats: COMPLETE Column stats: NONE
                  table:
                      input format: org.apache.hadoop.mapred.SequenceFileInputFormat
                      output format: org.apache.hadoop.hive.ql.io.HiveSequenceFileOutputFormat
                      serde: org.apache.hadoop.hive.serde2.lazy.LazySimpleSerDe
      Execution mode: vectorized

  Stage: Stage-0
    Fetch Operator
      limit: 1
      Processor Tree:
        ListSink

PREHOOK: query: select
  regexp_extract(c2, 'val_([0-9]+)', 1),
  regexp_extract(c4, 'val_([0-9]+)', 1),
  regexp_extract(c2, 'val_([0-9]+)', 1) = regexp_extract(c4, 'val_([0-9]+)', 1)
from varchar_udf_1 limit 1
PREHOOK: type: QUERY
PREHOOK: Input: default@varchar_udf_1
#### A masked pattern was here ####
POSTHOOK: query: select
  regexp_extract(c2, 'val_([0-9]+)', 1),
  regexp_extract(c4, 'val_([0-9]+)', 1),
  regexp_extract(c2, 'val_([0-9]+)', 1) = regexp_extract(c4, 'val_([0-9]+)', 1)
from varchar_udf_1 limit 1
POSTHOOK: type: QUERY
POSTHOOK: Input: default@varchar_udf_1
#### A masked pattern was here ####
238	238	true
PREHOOK: query: explain
select
  regexp_replace(c2, 'val', 'replaced'),
  regexp_replace(c4, 'val', 'replaced'),
  regexp_replace(c2, 'val', 'replaced') = regexp_replace(c4, 'val', 'replaced')
from varchar_udf_1 limit 1
PREHOOK: type: QUERY
POSTHOOK: query: explain
select
  regexp_replace(c2, 'val', 'replaced'),
  regexp_replace(c4, 'val', 'replaced'),
  regexp_replace(c2, 'val', 'replaced') = regexp_replace(c4, 'val', 'replaced')
from varchar_udf_1 limit 1
POSTHOOK: type: QUERY
STAGE DEPENDENCIES:
  Stage-1 is a root stage
  Stage-0 depends on stages: Stage-1

STAGE PLANS:
  Stage: Stage-1
    Map Reduce
      Map Operator Tree:
          TableScan
            alias: varchar_udf_1
            Statistics: Num rows: 1 Data size: 356 Basic stats: COMPLETE Column stats: NONE
            Select Operator
              expressions: regexp_replace(c2, 'val', 'replaced') (type: string), regexp_replace(c4, 'val', 'replaced') (type: string), (regexp_replace(c2, 'val', 'replaced') = regexp_replace(c4, 'val', 'replaced')) (type: boolean)
              outputColumnNames: _col0, _col1, _col2
              Statistics: Num rows: 1 Data size: 356 Basic stats: COMPLETE Column stats: NONE
              Limit
                Number of rows: 1
                Statistics: Num rows: 1 Data size: 356 Basic stats: COMPLETE Column stats: NONE
                File Output Operator
                  compressed: false
                  Statistics: Num rows: 1 Data size: 356 Basic stats: COMPLETE Column stats: NONE
                  table:
                      input format: org.apache.hadoop.mapred.SequenceFileInputFormat
                      output format: org.apache.hadoop.hive.ql.io.HiveSequenceFileOutputFormat
                      serde: org.apache.hadoop.hive.serde2.lazy.LazySimpleSerDe
      Execution mode: vectorized

  Stage: Stage-0
    Fetch Operator
      limit: 1
      Processor Tree:
        ListSink

PREHOOK: query: select
  regexp_replace(c2, 'val', 'replaced'),
  regexp_replace(c4, 'val', 'replaced'),
  regexp_replace(c2, 'val', 'replaced') = regexp_replace(c4, 'val', 'replaced')
from varchar_udf_1 limit 1
PREHOOK: type: QUERY
PREHOOK: Input: default@varchar_udf_1
#### A masked pattern was here ####
POSTHOOK: query: select
  regexp_replace(c2, 'val', 'replaced'),
  regexp_replace(c4, 'val', 'replaced'),
  regexp_replace(c2, 'val', 'replaced') = regexp_replace(c4, 'val', 'replaced')
from varchar_udf_1 limit 1
POSTHOOK: type: QUERY
POSTHOOK: Input: default@varchar_udf_1
#### A masked pattern was here ####
replaced_238	replaced_238	true
PREHOOK: query: EXPLAIN SELECT POWER(key, 2) FROM DECIMAL_UDF
PREHOOK: type: QUERY
POSTHOOK: query: EXPLAIN SELECT POWER(key, 2) FROM DECIMAL_UDF
POSTHOOK: type: QUERY
STAGE DEPENDENCIES:
  Stage-1 is a root stage
  Stage-0 depends on stages: Stage-1

STAGE PLANS:
  Stage: Stage-1
    Map Reduce
      Map Operator Tree:
          TableScan
            alias: decimal_udf
            Statistics: Num rows: 38 Data size: 4296 Basic stats: COMPLETE Column stats: NONE
            Select Operator
              expressions: power(key, 2) (type: double)
              outputColumnNames: _col0
              Statistics: Num rows: 38 Data size: 4296 Basic stats: COMPLETE Column stats: NONE
              File Output Operator
                compressed: false
                Statistics: Num rows: 38 Data size: 4296 Basic stats: COMPLETE Column stats: NONE
                table:
                    input format: org.apache.hadoop.mapred.SequenceFileInputFormat
                    output format: org.apache.hadoop.hive.ql.io.HiveSequenceFileOutputFormat
                    serde: org.apache.hadoop.hive.serde2.lazy.LazySimpleSerDe

  Stage: Stage-0
    Fetch Operator
      limit: -1
      Processor Tree:
        ListSink

PREHOOK: query: SELECT POWER(key, 2) FROM DECIMAL_UDF
PREHOOK: type: QUERY
PREHOOK: Input: default@decimal_udf
#### A masked pattern was here ####
POSTHOOK: query: SELECT POWER(key, 2) FROM DECIMAL_UDF
POSTHOOK: type: QUERY
POSTHOOK: Input: default@decimal_udf
#### A masked pattern was here ####
0.0
0.0
0.0
0.010000000000000002
0.04000000000000001
0.09
0.09
0.10890000000000001
0.10890000000000001
0.11088900000000002
0.11088900000000002
1.0
1.0
1.0
1.0E-4
1.2544000000000002
1.2544000000000002
1.2544000000000002
1.2588840000000003
1.2588840000000003
1.52415787532388352E18
1.52415787532388352E18
1.936E7
100.0
10000.0
15376.0
15675.04
1576255.1401
4.0
4.0
4.0E-4
400.0
40000.0
9.8596
9.8596
9.8596
9.8596
NULL
PREHOOK: query: EXPLAIN
SELECT
  exp(key), ln(key),
  log(key), log(key, key), log(key, value), log(value, key),
  log10(key), sqrt(key)
FROM DECIMAL_UDF WHERE key = 10
PREHOOK: type: QUERY
POSTHOOK: query: EXPLAIN
SELECT
  exp(key), ln(key),
  log(key), log(key, key), log(key, value), log(value, key),
  log10(key), sqrt(key)
FROM DECIMAL_UDF WHERE key = 10
POSTHOOK: type: QUERY
STAGE DEPENDENCIES:
  Stage-1 is a root stage
  Stage-0 depends on stages: Stage-1

STAGE PLANS:
  Stage: Stage-1
    Map Reduce
      Map Operator Tree:
          TableScan
            alias: decimal_udf
            Statistics: Num rows: 38 Data size: 4296 Basic stats: COMPLETE Column stats: NONE
            Filter Operator
              predicate: (key = 10) (type: boolean)
              Statistics: Num rows: 19 Data size: 2148 Basic stats: COMPLETE Column stats: NONE
              Select Operator
                expressions: 22026.465794806718 (type: double), 2.302585092994046 (type: double), 2.302585092994046 (type: double), 1.0 (type: double), log(10, value) (type: double), log(value, 10) (type: double), 1.0 (type: double), 3.1622776601683795 (type: double)
                outputColumnNames: _col0, _col1, _col2, _col3, _col4, _col5, _col6, _col7
                Statistics: Num rows: 19 Data size: 2148 Basic stats: COMPLETE Column stats: NONE
                File Output Operator
                  compressed: false
                  Statistics: Num rows: 19 Data size: 2148 Basic stats: COMPLETE Column stats: NONE
                  table:
                      input format: org.apache.hadoop.mapred.SequenceFileInputFormat
                      output format: org.apache.hadoop.hive.ql.io.HiveSequenceFileOutputFormat
                      serde: org.apache.hadoop.hive.serde2.lazy.LazySimpleSerDe

  Stage: Stage-0
    Fetch Operator
      limit: -1
      Processor Tree:
        ListSink

PREHOOK: query: SELECT
  exp(key), ln(key),
  log(key), log(key, key), log(key, value), log(value, key),
  log10(key), sqrt(key)
FROM DECIMAL_UDF WHERE key = 10
PREHOOK: type: QUERY
PREHOOK: Input: default@decimal_udf
#### A masked pattern was here ####
POSTHOOK: query: SELECT
  exp(key), ln(key),
  log(key), log(key, key), log(key, value), log(value, key),
  log10(key), sqrt(key)
FROM DECIMAL_UDF WHERE key = 10
POSTHOOK: type: QUERY
POSTHOOK: Input: default@decimal_udf
#### A masked pattern was here ####
22026.465794806718	2.302585092994046	2.302585092994046	1.0	1.0	1.0	1.0	3.1622776601683795
PREHOOK: query: EXPLAIN SELECT POWER(key, 2) FROM DECIMAL_UDF
PREHOOK: type: QUERY
POSTHOOK: query: EXPLAIN SELECT POWER(key, 2) FROM DECIMAL_UDF
POSTHOOK: type: QUERY
STAGE DEPENDENCIES:
  Stage-1 is a root stage
  Stage-0 depends on stages: Stage-1

STAGE PLANS:
  Stage: Stage-1
    Map Reduce
      Map Operator Tree:
          TableScan
            alias: decimal_udf
            Statistics: Num rows: 38 Data size: 4296 Basic stats: COMPLETE Column stats: NONE
            Select Operator
              expressions: power(key, 2) (type: double)
              outputColumnNames: _col0
              Statistics: Num rows: 38 Data size: 4296 Basic stats: COMPLETE Column stats: NONE
              File Output Operator
                compressed: false
                Statistics: Num rows: 38 Data size: 4296 Basic stats: COMPLETE Column stats: NONE
                table:
                    input format: org.apache.hadoop.mapred.SequenceFileInputFormat
                    output format: org.apache.hadoop.hive.ql.io.HiveSequenceFileOutputFormat
                    serde: org.apache.hadoop.hive.serde2.lazy.LazySimpleSerDe

  Stage: Stage-0
    Fetch Operator
      limit: -1
      Processor Tree:
        ListSink

PREHOOK: query: SELECT POWER(key, 2) FROM DECIMAL_UDF
PREHOOK: type: QUERY
PREHOOK: Input: default@decimal_udf
#### A masked pattern was here ####
POSTHOOK: query: SELECT POWER(key, 2) FROM DECIMAL_UDF
POSTHOOK: type: QUERY
POSTHOOK: Input: default@decimal_udf
#### A masked pattern was here ####
0.0
0.0
0.0
0.010000000000000002
0.04000000000000001
0.09
0.09
0.10890000000000001
0.10890000000000001
0.11088900000000002
0.11088900000000002
1.0
1.0
1.0
1.0E-4
1.2544000000000002
1.2544000000000002
1.2544000000000002
1.2588840000000003
1.2588840000000003
1.52415787532388352E18
1.52415787532388352E18
1.936E7
100.0
10000.0
15376.0
15675.04
1576255.1401
4.0
4.0
4.0E-4
400.0
40000.0
9.8596
9.8596
9.8596
9.8596
NULL
PREHOOK: query: EXPLAIN
SELECT
  exp(key), ln(key),
  log(key), log(key, key), log(key, value), log(value, key),
  log10(key), sqrt(key)
FROM DECIMAL_UDF WHERE key = 10
PREHOOK: type: QUERY
POSTHOOK: query: EXPLAIN
SELECT
  exp(key), ln(key),
  log(key), log(key, key), log(key, value), log(value, key),
  log10(key), sqrt(key)
FROM DECIMAL_UDF WHERE key = 10
POSTHOOK: type: QUERY
STAGE DEPENDENCIES:
  Stage-1 is a root stage
  Stage-0 depends on stages: Stage-1

STAGE PLANS:
  Stage: Stage-1
    Map Reduce
      Map Operator Tree:
          TableScan
            alias: decimal_udf
            Statistics: Num rows: 38 Data size: 4296 Basic stats: COMPLETE Column stats: NONE
            Filter Operator
              predicate: (key = 10) (type: boolean)
              Statistics: Num rows: 19 Data size: 2148 Basic stats: COMPLETE Column stats: NONE
              Select Operator
                expressions: 22026.465794806718 (type: double), 2.302585092994046 (type: double), 2.302585092994046 (type: double), 1.0 (type: double), log(10, value) (type: double), log(value, 10) (type: double), 1.0 (type: double), 3.1622776601683795 (type: double)
                outputColumnNames: _col0, _col1, _col2, _col3, _col4, _col5, _col6, _col7
                Statistics: Num rows: 19 Data size: 2148 Basic stats: COMPLETE Column stats: NONE
                File Output Operator
                  compressed: false
                  Statistics: Num rows: 19 Data size: 2148 Basic stats: COMPLETE Column stats: NONE
                  table:
                      input format: org.apache.hadoop.mapred.SequenceFileInputFormat
                      output format: org.apache.hadoop.hive.ql.io.HiveSequenceFileOutputFormat
                      serde: org.apache.hadoop.hive.serde2.lazy.LazySimpleSerDe

  Stage: Stage-0
    Fetch Operator
      limit: -1
      Processor Tree:
        ListSink

PREHOOK: query: SELECT
  exp(key), ln(key),
  log(key), log(key, key), log(key, value), log(value, key),
  log10(key), sqrt(key)
FROM DECIMAL_UDF WHERE key = 10
PREHOOK: type: QUERY
PREHOOK: Input: default@decimal_udf
#### A masked pattern was here ####
POSTHOOK: query: SELECT
  exp(key), ln(key),
  log(key), log(key, key), log(key, value), log(value, key),
  log10(key), sqrt(key)
FROM DECIMAL_UDF WHERE key = 10
POSTHOOK: type: QUERY
POSTHOOK: Input: default@decimal_udf
#### A masked pattern was here ####
22026.465794806718	2.302585092994046	2.302585092994046	1.0	1.0	1.0	1.0	3.1622776601683795
PREHOOK: query: explain
SELECT key, COUNT(CASE WHEN bool THEN 1 WHEN NOT bool THEN 0 ELSE NULL END) AS cnt_bool0_ok FROM count_case_groupby GROUP BY key
PREHOOK: type: QUERY
POSTHOOK: query: explain
SELECT key, COUNT(CASE WHEN bool THEN 1 WHEN NOT bool THEN 0 ELSE NULL END) AS cnt_bool0_ok FROM count_case_groupby GROUP BY key
POSTHOOK: type: QUERY
STAGE DEPENDENCIES:
  Stage-1 is a root stage
  Stage-0 depends on stages: Stage-1

STAGE PLANS:
  Stage: Stage-1
    Map Reduce
      Map Operator Tree:
          TableScan
            alias: count_case_groupby
            Statistics: Num rows: 5 Data size: 452 Basic stats: COMPLETE Column stats: NONE
            Select Operator
              expressions: key (type: string), CASE WHEN (bool) THEN (1) WHEN ((not bool)) THEN (0) ELSE (null) END (type: int)
              outputColumnNames: _col0, _col1
              Statistics: Num rows: 5 Data size: 452 Basic stats: COMPLETE Column stats: NONE
              Group By Operator
                aggregations: count(_col1)
                keys: _col0 (type: string)
                mode: hash
                outputColumnNames: _col0, _col1
                Statistics: Num rows: 5 Data size: 452 Basic stats: COMPLETE Column stats: NONE
                Reduce Output Operator
                  key expressions: _col0 (type: string)
                  sort order: +
                  Map-reduce partition columns: _col0 (type: string)
                  Statistics: Num rows: 5 Data size: 452 Basic stats: COMPLETE Column stats: NONE
                  value expressions: _col1 (type: bigint)
      Reduce Operator Tree:
        Group By Operator
          aggregations: count(VALUE._col0)
          keys: KEY._col0 (type: string)
          mode: mergepartial
          outputColumnNames: _col0, _col1
          Statistics: Num rows: 2 Data size: 180 Basic stats: COMPLETE Column stats: NONE
          File Output Operator
            compressed: false
            Statistics: Num rows: 2 Data size: 180 Basic stats: COMPLETE Column stats: NONE
            table:
                input format: org.apache.hadoop.mapred.SequenceFileInputFormat
                output format: org.apache.hadoop.hive.ql.io.HiveSequenceFileOutputFormat
                serde: org.apache.hadoop.hive.serde2.lazy.LazySimpleSerDe

  Stage: Stage-0
    Fetch Operator
      limit: -1
      Processor Tree:
        ListSink

PREHOOK: query: SELECT key, COUNT(CASE WHEN bool THEN 1 WHEN NOT bool THEN 0 ELSE NULL END) AS cnt_bool0_ok FROM count_case_groupby GROUP BY key
PREHOOK: type: QUERY
PREHOOK: Input: default@count_case_groupby
#### A masked pattern was here ####
POSTHOOK: query: SELECT key, COUNT(CASE WHEN bool THEN 1 WHEN NOT bool THEN 0 ELSE NULL END) AS cnt_bool0_ok FROM count_case_groupby GROUP BY key
POSTHOOK: type: QUERY
POSTHOOK: Input: default@count_case_groupby
#### A masked pattern was here ####
key1	1
key2	1
key3	0
key4	1
key5	0
PREHOOK: query: explain
SELECT key, COUNT(CASE WHEN bool THEN 1 WHEN NOT bool THEN 0 ELSE NULL END) AS cnt_bool0_ok FROM count_case_groupby GROUP BY key
PREHOOK: type: QUERY
POSTHOOK: query: explain
SELECT key, COUNT(CASE WHEN bool THEN 1 WHEN NOT bool THEN 0 ELSE NULL END) AS cnt_bool0_ok FROM count_case_groupby GROUP BY key
POSTHOOK: type: QUERY
STAGE DEPENDENCIES:
  Stage-1 is a root stage
  Stage-0 depends on stages: Stage-1

STAGE PLANS:
  Stage: Stage-1
    Map Reduce
      Map Operator Tree:
          TableScan
            alias: count_case_groupby
            Statistics: Num rows: 5 Data size: 452 Basic stats: COMPLETE Column stats: NONE
            Select Operator
              expressions: key (type: string), CASE WHEN (bool) THEN (1) WHEN ((not bool)) THEN (0) ELSE (null) END (type: int)
              outputColumnNames: _col0, _col1
              Statistics: Num rows: 5 Data size: 452 Basic stats: COMPLETE Column stats: NONE
              Group By Operator
                aggregations: count(_col1)
                keys: _col0 (type: string)
                mode: hash
                outputColumnNames: _col0, _col1
                Statistics: Num rows: 5 Data size: 452 Basic stats: COMPLETE Column stats: NONE
                Reduce Output Operator
                  key expressions: _col0 (type: string)
                  sort order: +
                  Map-reduce partition columns: _col0 (type: string)
                  Statistics: Num rows: 5 Data size: 452 Basic stats: COMPLETE Column stats: NONE
                  value expressions: _col1 (type: bigint)
      Execution mode: vectorized
      Reduce Operator Tree:
        Group By Operator
          aggregations: count(VALUE._col0)
          keys: KEY._col0 (type: string)
          mode: mergepartial
          outputColumnNames: _col0, _col1
          Statistics: Num rows: 2 Data size: 180 Basic stats: COMPLETE Column stats: NONE
          File Output Operator
            compressed: false
            Statistics: Num rows: 2 Data size: 180 Basic stats: COMPLETE Column stats: NONE
            table:
                input format: org.apache.hadoop.mapred.SequenceFileInputFormat
                output format: org.apache.hadoop.hive.ql.io.HiveSequenceFileOutputFormat
                serde: org.apache.hadoop.hive.serde2.lazy.LazySimpleSerDe

  Stage: Stage-0
    Fetch Operator
      limit: -1
      Processor Tree:
        ListSink

PREHOOK: query: SELECT key, COUNT(CASE WHEN bool THEN 1 WHEN NOT bool THEN 0 ELSE NULL END) AS cnt_bool0_ok FROM count_case_groupby GROUP BY key
PREHOOK: type: QUERY
PREHOOK: Input: default@count_case_groupby
#### A masked pattern was here ####
POSTHOOK: query: SELECT key, COUNT(CASE WHEN bool THEN 1 WHEN NOT bool THEN 0 ELSE NULL END) AS cnt_bool0_ok FROM count_case_groupby GROUP BY key
POSTHOOK: type: QUERY
POSTHOOK: Input: default@count_case_groupby
#### A masked pattern was here ####
key1	1
key2	1
key3	0
key4	1
key5	0
PREHOOK: query: drop table varchar_udf_1
PREHOOK: type: DROPTABLE
PREHOOK: Input: default@varchar_udf_1
PREHOOK: Output: default@varchar_udf_1
POSTHOOK: query: drop table varchar_udf_1
POSTHOOK: type: DROPTABLE
POSTHOOK: Input: default@varchar_udf_1
POSTHOOK: Output: default@varchar_udf_1
PREHOOK: query: DROP TABLE DECIMAL_UDF_txt
PREHOOK: type: DROPTABLE
PREHOOK: Input: default@decimal_udf_txt
PREHOOK: Output: default@decimal_udf_txt
POSTHOOK: query: DROP TABLE DECIMAL_UDF_txt
POSTHOOK: type: DROPTABLE
POSTHOOK: Input: default@decimal_udf_txt
POSTHOOK: Output: default@decimal_udf_txt
PREHOOK: query: DROP TABLE DECIMAL_UDF
PREHOOK: type: DROPTABLE
PREHOOK: Input: default@decimal_udf
PREHOOK: Output: default@decimal_udf
POSTHOOK: query: DROP TABLE DECIMAL_UDF
POSTHOOK: type: DROPTABLE
POSTHOOK: Input: default@decimal_udf
POSTHOOK: Output: default@decimal_udf
PREHOOK: query: drop table count_case_groupby
PREHOOK: type: DROPTABLE
PREHOOK: Input: default@count_case_groupby
PREHOOK: Output: default@count_case_groupby
POSTHOOK: query: drop table count_case_groupby
POSTHOOK: type: DROPTABLE
POSTHOOK: Input: default@count_case_groupby
POSTHOOK: Output: default@count_case_groupby
