PREHOOK: query: explain
select key, value, avg(key + 1) from src
group by value, key with rollup
order by key, value limit 20
PREHOOK: type: QUERY
POSTHOOK: query: explain
select key, value, avg(key + 1) from src
group by value, key with rollup
order by key, value limit 20
POSTHOOK: type: QUERY
STAGE DEPENDENCIES:
  Stage-1 is a root stage
  Stage-2 depends on stages: Stage-1
  Stage-0 depends on stages: Stage-2

STAGE PLANS:
  Stage: Stage-1
    Map Reduce
      Map Operator Tree:
          TableScan
            alias: src
            Statistics: Num rows: 500 Data size: 5312 Basic stats: COMPLETE Column stats: NONE
            Select Operator
              expressions: value (type: string), key (type: string), (UDFToDouble(key) + 1.0D) (type: double)
              outputColumnNames: _col0, _col1, _col2
              Statistics: Num rows: 500 Data size: 5312 Basic stats: COMPLETE Column stats: NONE
              Group By Operator
                aggregations: sum(_col2), count(_col2)
                keys: _col0 (type: string), _col1 (type: string), 0L (type: bigint)
                mode: hash
                outputColumnNames: _col0, _col1, _col2, _col3, _col4
                Statistics: Num rows: 1500 Data size: 15936 Basic stats: COMPLETE Column stats: NONE
                Reduce Output Operator
                  key expressions: _col0 (type: string), _col1 (type: string), _col2 (type: bigint)
                  sort order: +++
                  Map-reduce partition columns: _col0 (type: string), _col1 (type: string), _col2 (type: bigint)
                  Statistics: Num rows: 1500 Data size: 15936 Basic stats: COMPLETE Column stats: NONE
                  value expressions: _col3 (type: double), _col4 (type: bigint)
      Reduce Operator Tree:
        Group By Operator
          aggregations: sum(VALUE._col0), count(VALUE._col1)
          keys: KEY._col0 (type: string), KEY._col1 (type: string), KEY._col2 (type: bigint)
          mode: mergepartial
          outputColumnNames: _col0, _col1, _col3, _col4
          Statistics: Num rows: 750 Data size: 7968 Basic stats: COMPLETE Column stats: NONE
          pruneGroupingSetId: true
          Select Operator
            expressions: _col1 (type: string), _col0 (type: string), (_col3 / _col4) (type: double)
            outputColumnNames: _col0, _col1, _col2
            Statistics: Num rows: 750 Data size: 7968 Basic stats: COMPLETE Column stats: NONE
            File Output Operator
              compressed: false
              table:
                  input format: org.apache.hadoop.mapred.SequenceFileInputFormat
                  output format: org.apache.hadoop.hive.ql.io.HiveSequenceFileOutputFormat
                  serde: org.apache.hadoop.hive.serde2.lazybinary.LazyBinarySerDe

  Stage: Stage-2
    Map Reduce
      Map Operator Tree:
          TableScan
            Reduce Output Operator
              key expressions: _col0 (type: string), _col1 (type: string)
              sort order: ++
              Statistics: Num rows: 750 Data size: 7968 Basic stats: COMPLETE Column stats: NONE
              TopN Hash Memory Usage: 0.1
              value expressions: _col2 (type: double)
      Reduce Operator Tree:
        Select Operator
          expressions: KEY.reducesinkkey0 (type: string), KEY.reducesinkkey1 (type: string), VALUE._col0 (type: double)
          outputColumnNames: _col0, _col1, _col2
          Statistics: Num rows: 750 Data size: 7968 Basic stats: COMPLETE Column stats: NONE
          Limit
            Number of rows: 20
            Statistics: Num rows: 20 Data size: 200 Basic stats: COMPLETE Column stats: NONE
            File Output Operator
              compressed: false
              Statistics: Num rows: 20 Data size: 200 Basic stats: COMPLETE Column stats: NONE
              table:
                  input format: org.apache.hadoop.mapred.SequenceFileInputFormat
                  output format: org.apache.hadoop.hive.ql.io.HiveSequenceFileOutputFormat
                  serde: org.apache.hadoop.hive.serde2.lazy.LazySimpleSerDe

  Stage: Stage-0
    Fetch Operator
      limit: 20
      Processor Tree:
        ListSink

PREHOOK: query: drop view v
PREHOOK: type: DROPVIEW
POSTHOOK: query: drop view v
POSTHOOK: type: DROPVIEW
PREHOOK: query: create view v as
with q1 as ( select key from src where key = '5')
select * from q1
PREHOOK: type: CREATEVIEW
PREHOOK: Input: default@src
PREHOOK: Output: database:default
PREHOOK: Output: default@v
POSTHOOK: query: create view v as
with q1 as ( select key from src where key = '5')
select * from q1
POSTHOOK: type: CREATEVIEW
POSTHOOK: Input: default@src
POSTHOOK: Output: database:default
POSTHOOK: Output: default@v
POSTHOOK: Lineage: v.key SIMPLE []
PREHOOK: query: desc formatted v
PREHOOK: type: DESCTABLE
PREHOOK: Input: default@v
POSTHOOK: query: desc formatted v
POSTHOOK: type: DESCTABLE
POSTHOOK: Input: default@v
# col_name            	data_type           	comment             
key                 	string              	                    
	 	 
# Detailed Table Information	 	 
Database:           	default             	 
#### A masked pattern was here ####
Retention:          	0                   	 
Table Type:         	VIRTUAL_VIEW        	 
Table Parameters:	 	 
#### A masked pattern was here ####
	 	 
# Storage Information	 	 
SerDe Library:      	null                	 
InputFormat:        	org.apache.hadoop.mapred.TextInputFormat	 
OutputFormat:       	org.apache.hadoop.hive.ql.io.HiveIgnoreKeyTextOutputFormat	 
Compressed:         	No                  	 
Num Buckets:        	-1                  	 
Bucket Columns:     	[]                  	 
Sort Columns:       	[]                  	 
	 	 
# View Information	 	 
View Original Text: 	with q1 as ( select key from src where key = '5')	 
	                    	select * from q1    
View Expanded Text: 	with q1 as ( select `src`.`key` from `default`.`src` where `src`.`key` = '5')	 
	                    	select `q1`.`key` from q1
View Rewrite Enabled:	No                  	 
PREHOOK: query: drop view v
PREHOOK: type: DROPVIEW
PREHOOK: Input: default@v
PREHOOK: Output: default@v
POSTHOOK: query: drop view v
POSTHOOK: type: DROPVIEW
POSTHOOK: Input: default@v
POSTHOOK: Output: default@v
PREHOOK: query: create view v as
select b.key, count(*) as c
from src b
group by b.key
having exists
  (select a.key
  from src a
  where a.key = b.key and a.value > 'val_9'
  )
PREHOOK: type: CREATEVIEW
PREHOOK: Input: default@src
PREHOOK: Output: database:default
PREHOOK: Output: default@v
POSTHOOK: query: create view v as
select b.key, count(*) as c
from src b
group by b.key
having exists
  (select a.key
  from src a
  where a.key = b.key and a.value > 'val_9'
  )
POSTHOOK: type: CREATEVIEW
POSTHOOK: Input: default@src
POSTHOOK: Output: database:default
POSTHOOK: Output: default@v
POSTHOOK: Lineage: v.c EXPRESSION [(src)b.null, ]
POSTHOOK: Lineage: v.key SIMPLE [(src)b.FieldSchema(name:key, type:string, comment:default), ]
PREHOOK: query: desc formatted v
PREHOOK: type: DESCTABLE
PREHOOK: Input: default@v
POSTHOOK: query: desc formatted v
POSTHOOK: type: DESCTABLE
POSTHOOK: Input: default@v
# col_name            	data_type           	comment             
key                 	string              	                    
c                   	bigint              	                    
	 	 
# Detailed Table Information	 	 
Database:           	default             	 
#### A masked pattern was here ####
Retention:          	0                   	 
Table Type:         	VIRTUAL_VIEW        	 
Table Parameters:	 	 
#### A masked pattern was here ####
	 	 
# Storage Information	 	 
SerDe Library:      	null                	 
InputFormat:        	org.apache.hadoop.mapred.TextInputFormat	 
OutputFormat:       	org.apache.hadoop.hive.ql.io.HiveIgnoreKeyTextOutputFormat	 
Compressed:         	No                  	 
Num Buckets:        	-1                  	 
Bucket Columns:     	[]                  	 
Sort Columns:       	[]                  	 
	 	 
# View Information	 	 
View Original Text: 	select b.key, count(*) as c	 
	                    	from src b          
	                    	group by b.key      
	                    	having exists       
	                    	  (select a.key     
	                    	  from src a        
	                    	  where a.key = b.key and a.value > 'val_9'
	                    	  )                 
View Expanded Text: 	select `b`.`key`, count(*) as `c`	 
	                    	from `default`.`src` `b`
	                    	group by `b`.`key`  
	                    	having exists       
	                    	  (select `a`.`key` 
	                    	  from `default`.`src` `a`
	                    	  where `a`.`key` = b.key and `a`.`value` > 'val_9'
	                    	  )                 
View Rewrite Enabled:	No                  	 
PREHOOK: query: drop view v
PREHOOK: type: DROPVIEW
PREHOOK: Input: default@v
PREHOOK: Output: default@v
POSTHOOK: query: drop view v
POSTHOOK: type: DROPVIEW
POSTHOOK: Input: default@v
POSTHOOK: Output: default@v
PREHOOK: query: create view v as
select *
from src b
where not exists
  (select distinct a.key
  from src a
  where b.value = a.value and a.value > 'val_2'
  )
PREHOOK: type: CREATEVIEW
PREHOOK: Input: default@src
PREHOOK: Output: database:default
PREHOOK: Output: default@v
POSTHOOK: query: create view v as
select *
from src b
where not exists
  (select distinct a.key
  from src a
  where b.value = a.value and a.value > 'val_2'
  )
POSTHOOK: type: CREATEVIEW
POSTHOOK: Input: default@src
POSTHOOK: Output: database:default
POSTHOOK: Output: default@v
POSTHOOK: Lineage: v.key SIMPLE [(src)b.FieldSchema(name:key, type:string, comment:default), ]
POSTHOOK: Lineage: v.value SIMPLE [(src)b.FieldSchema(name:value, type:string, comment:default), ]
PREHOOK: query: desc formatted v
PREHOOK: type: DESCTABLE
PREHOOK: Input: default@v
POSTHOOK: query: desc formatted v
POSTHOOK: type: DESCTABLE
POSTHOOK: Input: default@v
# col_name            	data_type           	comment             
key                 	string              	                    
value               	string              	                    
	 	 
# Detailed Table Information	 	 
Database:           	default             	 
#### A masked pattern was here ####
Retention:          	0                   	 
Table Type:         	VIRTUAL_VIEW        	 
Table Parameters:	 	 
#### A masked pattern was here ####
	 	 
# Storage Information	 	 
SerDe Library:      	null                	 
InputFormat:        	org.apache.hadoop.mapred.TextInputFormat	 
OutputFormat:       	org.apache.hadoop.hive.ql.io.HiveIgnoreKeyTextOutputFormat	 
Compressed:         	No                  	 
Num Buckets:        	-1                  	 
Bucket Columns:     	[]                  	 
Sort Columns:       	[]                  	 
	 	 
# View Information	 	 
View Original Text: 	select *            	 
	                    	from src b          
	                    	where not exists    
	                    	  (select distinct a.key
	                    	  from src a        
	                    	  where b.value = a.value and a.value > 'val_2'
	                    	  )                 
View Expanded Text: 	select `b`.`key`, `b`.`value`	 
	                    	from `default`.`src` `b`
	                    	where not exists    
	                    	  (select distinct `a`.`key`
	                    	  from `default`.`src` `a`
	                    	  where `b`.`value` = `a`.`value` and `a`.`value` > 'val_2'
	                    	  )                 
View Rewrite Enabled:	No                  	 
PREHOOK: query: drop view v
PREHOOK: type: DROPVIEW
PREHOOK: Input: default@v
PREHOOK: Output: default@v
POSTHOOK: query: drop view v
POSTHOOK: type: DROPVIEW
POSTHOOK: Input: default@v
POSTHOOK: Output: default@v
PREHOOK: query: create view v as select a.key from src a join src b on a.key=b.key
PREHOOK: type: CREATEVIEW
PREHOOK: Input: default@src
PREHOOK: Output: database:default
PREHOOK: Output: default@v
POSTHOOK: query: create view v as select a.key from src a join src b on a.key=b.key
POSTHOOK: type: CREATEVIEW
POSTHOOK: Input: default@src
POSTHOOK: Output: database:default
POSTHOOK: Output: default@v
POSTHOOK: Lineage: v.key SIMPLE [(src)a.FieldSchema(name:key, type:string, comment:default), ]
PREHOOK: query: desc formatted v
PREHOOK: type: DESCTABLE
PREHOOK: Input: default@v
POSTHOOK: query: desc formatted v
POSTHOOK: type: DESCTABLE
POSTHOOK: Input: default@v
# col_name            	data_type           	comment             
key                 	string              	                    
	 	 
# Detailed Table Information	 	 
Database:           	default             	 
#### A masked pattern was here ####
Retention:          	0                   	 
Table Type:         	VIRTUAL_VIEW        	 
Table Parameters:	 	 
#### A masked pattern was here ####
	 	 
# Storage Information	 	 
SerDe Library:      	null                	 
InputFormat:        	org.apache.hadoop.mapred.TextInputFormat	 
OutputFormat:       	org.apache.hadoop.hive.ql.io.HiveIgnoreKeyTextOutputFormat	 
Compressed:         	No                  	 
Num Buckets:        	-1                  	 
Bucket Columns:     	[]                  	 
Sort Columns:       	[]                  	 
	 	 
# View Information	 	 
View Original Text: 	select a.key from src a join src b on a.key=b.key	 
View Expanded Text: 	select `a`.`key` from `default`.`src` `a` join `default`.`src` `b` on `a`.`key`=`b`.`key`	 
View Rewrite Enabled:	No                  	 
PREHOOK: query: CREATE VIEW view15 AS
SELECT key,COUNT(value) AS value_count
FROM src
GROUP BY key
PREHOOK: type: CREATEVIEW
PREHOOK: Input: default@src
PREHOOK: Output: database:default
PREHOOK: Output: default@view15
POSTHOOK: query: CREATE VIEW view15 AS
SELECT key,COUNT(value) AS value_count
FROM src
GROUP BY key
POSTHOOK: type: CREATEVIEW
POSTHOOK: Input: default@src
POSTHOOK: Output: database:default
POSTHOOK: Output: default@view15
POSTHOOK: Lineage: view15.key SIMPLE [(src)src.FieldSchema(name:key, type:string, comment:default), ]
POSTHOOK: Lineage: view15.value_count EXPRESSION [(src)src.FieldSchema(name:value, type:string, comment:default), ]
PREHOOK: query: desc formatted view15
PREHOOK: type: DESCTABLE
PREHOOK: Input: default@view15
POSTHOOK: query: desc formatted view15
POSTHOOK: type: DESCTABLE
POSTHOOK: Input: default@view15
# col_name            	data_type           	comment             
key                 	string              	                    
value_count         	bigint              	                    
	 	 
# Detailed Table Information	 	 
Database:           	default             	 
#### A masked pattern was here ####
Retention:          	0                   	 
Table Type:         	VIRTUAL_VIEW        	 
Table Parameters:	 	 
#### A masked pattern was here ####
	 	 
# Storage Information	 	 
SerDe Library:      	null                	 
InputFormat:        	org.apache.hadoop.mapred.TextInputFormat	 
OutputFormat:       	org.apache.hadoop.hive.ql.io.HiveIgnoreKeyTextOutputFormat	 
Compressed:         	No                  	 
Num Buckets:        	-1                  	 
Bucket Columns:     	[]                  	 
Sort Columns:       	[]                  	 
	 	 
# View Information	 	 
View Original Text: 	SELECT key,COUNT(value) AS value_count	 
	                    	FROM src            
	                    	GROUP BY key        
View Expanded Text: 	SELECT `src`.`key`,COUNT(`src`.`value`) AS `value_count`	 
	                    	FROM `default`.`src`
	                    	GROUP BY `src`.`key`
View Rewrite Enabled:	No                  	 
PREHOOK: query: CREATE VIEW view16 AS
SELECT DISTINCT value
FROM src
PREHOOK: type: CREATEVIEW
PREHOOK: Input: default@src
PREHOOK: Output: database:default
PREHOOK: Output: default@view16
POSTHOOK: query: CREATE VIEW view16 AS
SELECT DISTINCT value
FROM src
POSTHOOK: type: CREATEVIEW
POSTHOOK: Input: default@src
POSTHOOK: Output: database:default
POSTHOOK: Output: default@view16
POSTHOOK: Lineage: view16.value SIMPLE [(src)src.FieldSchema(name:value, type:string, comment:default), ]
PREHOOK: query: desc formatted view16
PREHOOK: type: DESCTABLE
PREHOOK: Input: default@view16
POSTHOOK: query: desc formatted view16
POSTHOOK: type: DESCTABLE
POSTHOOK: Input: default@view16
# col_name            	data_type           	comment             
value               	string              	                    
	 	 
# Detailed Table Information	 	 
Database:           	default             	 
#### A masked pattern was here ####
Retention:          	0                   	 
Table Type:         	VIRTUAL_VIEW        	 
Table Parameters:	 	 
#### A masked pattern was here ####
	 	 
# Storage Information	 	 
SerDe Library:      	null                	 
InputFormat:        	org.apache.hadoop.mapred.TextInputFormat	 
OutputFormat:       	org.apache.hadoop.hive.ql.io.HiveIgnoreKeyTextOutputFormat	 
Compressed:         	No                  	 
Num Buckets:        	-1                  	 
Bucket Columns:     	[]                  	 
Sort Columns:       	[]                  	 
	 	 
# View Information	 	 
View Original Text: 	SELECT DISTINCT value	 
	                    	FROM src            
View Expanded Text: 	SELECT DISTINCT `src`.`value`	 
	                    	FROM `default`.`src`
View Rewrite Enabled:	No                  	 
PREHOOK: query: drop view v
PREHOOK: type: DROPVIEW
PREHOOK: Input: default@v
PREHOOK: Output: default@v
POSTHOOK: query: drop view v
POSTHOOK: type: DROPVIEW
POSTHOOK: Input: default@v
POSTHOOK: Output: default@v
PREHOOK: query: create view v as select key from src
PREHOOK: type: CREATEVIEW
PREHOOK: Input: default@src
PREHOOK: Output: database:default
PREHOOK: Output: default@v
POSTHOOK: query: create view v as select key from src
POSTHOOK: type: CREATEVIEW
POSTHOOK: Input: default@src
POSTHOOK: Output: database:default
POSTHOOK: Output: default@v
POSTHOOK: Lineage: v.key SIMPLE [(src)src.FieldSchema(name:key, type:string, comment:default), ]
PREHOOK: query: desc formatted v
PREHOOK: type: DESCTABLE
PREHOOK: Input: default@v
POSTHOOK: query: desc formatted v
POSTHOOK: type: DESCTABLE
POSTHOOK: Input: default@v
# col_name            	data_type           	comment             
key                 	string              	                    
	 	 
# Detailed Table Information	 	 
Database:           	default             	 
#### A masked pattern was here ####
Retention:          	0                   	 
Table Type:         	VIRTUAL_VIEW        	 
Table Parameters:	 	 
#### A masked pattern was here ####
	 	 
# Storage Information	 	 
SerDe Library:      	null                	 
InputFormat:        	org.apache.hadoop.mapred.TextInputFormat	 
OutputFormat:       	org.apache.hadoop.hive.ql.io.HiveIgnoreKeyTextOutputFormat	 
Compressed:         	No                  	 
Num Buckets:        	-1                  	 
Bucket Columns:     	[]                  	 
Sort Columns:       	[]                  	 
	 	 
# View Information	 	 
View Original Text: 	select key from src 	 
View Expanded Text: 	select `src`.`key` from `default`.`src`	 
View Rewrite Enabled:	No                  	 
PREHOOK: query: drop view v
PREHOOK: type: DROPVIEW
PREHOOK: Input: default@v
PREHOOK: Output: default@v
POSTHOOK: query: drop view v
POSTHOOK: type: DROPVIEW
POSTHOOK: Input: default@v
POSTHOOK: Output: default@v
PREHOOK: query: create view v as select * from src
PREHOOK: type: CREATEVIEW
PREHOOK: Input: default@src
PREHOOK: Output: database:default
PREHOOK: Output: default@v
POSTHOOK: query: create view v as select * from src
POSTHOOK: type: CREATEVIEW
POSTHOOK: Input: default@src
POSTHOOK: Output: database:default
POSTHOOK: Output: default@v
POSTHOOK: Lineage: v.key SIMPLE [(src)src.FieldSchema(name:key, type:string, comment:default), ]
POSTHOOK: Lineage: v.value SIMPLE [(src)src.FieldSchema(name:value, type:string, comment:default), ]
PREHOOK: query: desc formatted v
PREHOOK: type: DESCTABLE
PREHOOK: Input: default@v
POSTHOOK: query: desc formatted v
POSTHOOK: type: DESCTABLE
POSTHOOK: Input: default@v
# col_name            	data_type           	comment             
key                 	string              	                    
value               	string              	                    
	 	 
# Detailed Table Information	 	 
Database:           	default             	 
#### A masked pattern was here ####
Retention:          	0                   	 
Table Type:         	VIRTUAL_VIEW        	 
Table Parameters:	 	 
#### A masked pattern was here ####
	 	 
# Storage Information	 	 
SerDe Library:      	null                	 
InputFormat:        	org.apache.hadoop.mapred.TextInputFormat	 
OutputFormat:       	org.apache.hadoop.hive.ql.io.HiveIgnoreKeyTextOutputFormat	 
Compressed:         	No                  	 
Num Buckets:        	-1                  	 
Bucket Columns:     	[]                  	 
Sort Columns:       	[]                  	 
	 	 
# View Information	 	 
View Original Text: 	select * from src   	 
View Expanded Text: 	select `src`.`key`, `src`.`value` from `default`.`src`	 
View Rewrite Enabled:	No                  	 
PREHOOK: query: drop view v
PREHOOK: type: DROPVIEW
PREHOOK: Input: default@v
PREHOOK: Output: default@v
POSTHOOK: query: drop view v
POSTHOOK: type: DROPVIEW
POSTHOOK: Input: default@v
POSTHOOK: Output: default@v
PREHOOK: query: create view v as select * from src intersect select * from src
PREHOOK: type: CREATEVIEW
PREHOOK: Input: default@src
PREHOOK: Output: database:default
PREHOOK: Output: default@v
POSTHOOK: query: create view v as select * from src intersect select * from src
POSTHOOK: type: CREATEVIEW
POSTHOOK: Input: default@src
POSTHOOK: Output: database:default
POSTHOOK: Output: default@v
POSTHOOK: Lineage: v.key EXPRESSION [(src)src.FieldSchema(name:key, type:string, comment:default), ]
POSTHOOK: Lineage: v.value EXPRESSION [(src)src.FieldSchema(name:value, type:string, comment:default), ]
PREHOOK: query: desc formatted v
PREHOOK: type: DESCTABLE
PREHOOK: Input: default@v
POSTHOOK: query: desc formatted v
POSTHOOK: type: DESCTABLE
POSTHOOK: Input: default@v
# col_name            	data_type           	comment             
key                 	string              	                    
value               	string              	                    
	 	 
# Detailed Table Information	 	 
Database:           	default             	 
#### A masked pattern was here ####
Retention:          	0                   	 
Table Type:         	VIRTUAL_VIEW        	 
Table Parameters:	 	 
#### A masked pattern was here ####
	 	 
# Storage Information	 	 
SerDe Library:      	null                	 
InputFormat:        	org.apache.hadoop.mapred.TextInputFormat	 
OutputFormat:       	org.apache.hadoop.hive.ql.io.HiveIgnoreKeyTextOutputFormat	 
Compressed:         	No                  	 
Num Buckets:        	-1                  	 
Bucket Columns:     	[]                  	 
Sort Columns:       	[]                  	 
	 	 
# View Information	 	 
View Original Text: 	select * from src intersect select * from src	 
View Expanded Text: 	select `src`.`key`, `src`.`value` from `default`.`src` intersect select `src`.`key`, `src`.`value` from `default`.`src`	 
View Rewrite Enabled:	No                  	 
PREHOOK: query: drop view v
PREHOOK: type: DROPVIEW
PREHOOK: Input: default@v
PREHOOK: Output: default@v
POSTHOOK: query: drop view v
POSTHOOK: type: DROPVIEW
POSTHOOK: Input: default@v
POSTHOOK: Output: default@v
PREHOOK: query: create view v as select * from src except select * from src
PREHOOK: type: CREATEVIEW
PREHOOK: Input: default@src
PREHOOK: Output: database:default
PREHOOK: Output: default@v
POSTHOOK: query: create view v as select * from src except select * from src
POSTHOOK: type: CREATEVIEW
POSTHOOK: Input: default@src
POSTHOOK: Output: database:default
POSTHOOK: Output: default@v
POSTHOOK: Lineage: v.key EXPRESSION [(src)src.FieldSchema(name:key, type:string, comment:default), ]
POSTHOOK: Lineage: v.value EXPRESSION [(src)src.FieldSchema(name:value, type:string, comment:default), ]
PREHOOK: query: desc formatted v
PREHOOK: type: DESCTABLE
PREHOOK: Input: default@v
POSTHOOK: query: desc formatted v
POSTHOOK: type: DESCTABLE
POSTHOOK: Input: default@v
# col_name            	data_type           	comment             
key                 	string              	                    
value               	string              	                    
	 	 
# Detailed Table Information	 	 
Database:           	default             	 
#### A masked pattern was here ####
Retention:          	0                   	 
Table Type:         	VIRTUAL_VIEW        	 
Table Parameters:	 	 
#### A masked pattern was here ####
	 	 
# Storage Information	 	 
SerDe Library:      	null                	 
InputFormat:        	org.apache.hadoop.mapred.TextInputFormat	 
OutputFormat:       	org.apache.hadoop.hive.ql.io.HiveIgnoreKeyTextOutputFormat	 
Compressed:         	No                  	 
Num Buckets:        	-1                  	 
Bucket Columns:     	[]                  	 
Sort Columns:       	[]                  	 
	 	 
# View Information	 	 
View Original Text: 	select * from src except select * from src	 
View Expanded Text: 	select `src`.`key`, `src`.`value` from `default`.`src` except select `src`.`key`, `src`.`value` from `default`.`src`	 
View Rewrite Enabled:	No                  	 
PREHOOK: query: explain select * from v
PREHOOK: type: QUERY
POSTHOOK: query: explain select * from v
POSTHOOK: type: QUERY
STAGE DEPENDENCIES:
  Stage-1 is a root stage
  Stage-2 depends on stages: Stage-1, Stage-3
  Stage-3 is a root stage
  Stage-0 depends on stages: Stage-2

STAGE PLANS:
  Stage: Stage-1
    Map Reduce
      Map Operator Tree:
          TableScan
            alias: src
            properties:
              insideView TRUE
            Statistics: Num rows: 500 Data size: 5312 Basic stats: COMPLETE Column stats: NONE
            Select Operator
              expressions: key (type: string), value (type: string)
              outputColumnNames: key, value
              Statistics: Num rows: 500 Data size: 5312 Basic stats: COMPLETE Column stats: NONE
              Group By Operator
                aggregations: count()
                keys: key (type: string), value (type: string)
                mode: hash
                outputColumnNames: _col0, _col1, _col2
                Statistics: Num rows: 500 Data size: 5312 Basic stats: COMPLETE Column stats: NONE
                Reduce Output Operator
                  key expressions: _col0 (type: string), _col1 (type: string)
                  sort order: ++
                  Map-reduce partition columns: _col0 (type: string), _col1 (type: string)
                  Statistics: Num rows: 500 Data size: 5312 Basic stats: COMPLETE Column stats: NONE
                  value expressions: _col2 (type: bigint)
      Reduce Operator Tree:
        Group By Operator
          aggregations: count(VALUE._col0)
          keys: KEY._col0 (type: string), KEY._col1 (type: string)
          mode: mergepartial
          outputColumnNames: _col0, _col1, _col2
          Statistics: Num rows: 250 Data size: 2656 Basic stats: COMPLETE Column stats: NONE
          Select Operator
            expressions: _col0 (type: string), _col1 (type: string), 2L (type: bigint), _col2 (type: bigint)
            outputColumnNames: _col0, _col1, _col2, _col3
            Statistics: Num rows: 250 Data size: 2656 Basic stats: COMPLETE Column stats: NONE
            File Output Operator
              compressed: false
              table:
                  input format: org.apache.hadoop.mapred.SequenceFileInputFormat
                  output format: org.apache.hadoop.hive.ql.io.HiveSequenceFileOutputFormat
                  serde: org.apache.hadoop.hive.serde2.lazybinary.LazyBinarySerDe

  Stage: Stage-2
    Map Reduce
      Map Operator Tree:
          TableScan
            Union
              Statistics: Num rows: 500 Data size: 5312 Basic stats: COMPLETE Column stats: NONE
              Select Operator
                expressions: _col0 (type: string), _col1 (type: string), _col3 (type: bigint), (_col2 * _col3) (type: bigint)
                outputColumnNames: _col0, _col1, _col2, _col3
                Statistics: Num rows: 500 Data size: 5312 Basic stats: COMPLETE Column stats: NONE
                Group By Operator
                  aggregations: sum(_col2), sum(_col3)
                  keys: _col0 (type: string), _col1 (type: string)
                  mode: hash
                  outputColumnNames: _col0, _col1, _col2, _col3
                  Statistics: Num rows: 500 Data size: 5312 Basic stats: COMPLETE Column stats: NONE
                  Reduce Output Operator
                    key expressions: _col0 (type: string), _col1 (type: string)
                    sort order: ++
                    Map-reduce partition columns: _col0 (type: string), _col1 (type: string)
                    Statistics: Num rows: 500 Data size: 5312 Basic stats: COMPLETE Column stats: NONE
                    value expressions: _col2 (type: bigint), _col3 (type: bigint)
          TableScan
            Union
              Statistics: Num rows: 500 Data size: 5312 Basic stats: COMPLETE Column stats: NONE
              Select Operator
                expressions: _col0 (type: string), _col1 (type: string), _col3 (type: bigint), (_col2 * _col3) (type: bigint)
                outputColumnNames: _col0, _col1, _col2, _col3
                Statistics: Num rows: 500 Data size: 5312 Basic stats: COMPLETE Column stats: NONE
                Group By Operator
                  aggregations: sum(_col2), sum(_col3)
                  keys: _col0 (type: string), _col1 (type: string)
                  mode: hash
                  outputColumnNames: _col0, _col1, _col2, _col3
                  Statistics: Num rows: 500 Data size: 5312 Basic stats: COMPLETE Column stats: NONE
                  Reduce Output Operator
                    key expressions: _col0 (type: string), _col1 (type: string)
                    sort order: ++
                    Map-reduce partition columns: _col0 (type: string), _col1 (type: string)
                    Statistics: Num rows: 500 Data size: 5312 Basic stats: COMPLETE Column stats: NONE
                    value expressions: _col2 (type: bigint), _col3 (type: bigint)
      Reduce Operator Tree:
        Group By Operator
          aggregations: sum(VALUE._col0), sum(VALUE._col1)
          keys: KEY._col0 (type: string), KEY._col1 (type: string)
          mode: mergepartial
          outputColumnNames: _col0, _col1, _col2, _col3
          Statistics: Num rows: 250 Data size: 2656 Basic stats: COMPLETE Column stats: NONE
          Filter Operator
            predicate: (((_col2 * 2) = _col3) and (_col2 > 0L)) (type: boolean)
            Statistics: Num rows: 41 Data size: 435 Basic stats: COMPLETE Column stats: NONE
            Select Operator
              expressions: _col0 (type: string), _col1 (type: string)
              outputColumnNames: _col0, _col1
              Statistics: Num rows: 41 Data size: 435 Basic stats: COMPLETE Column stats: NONE
              File Output Operator
                compressed: false
                Statistics: Num rows: 41 Data size: 435 Basic stats: COMPLETE Column stats: NONE
                table:
                    input format: org.apache.hadoop.mapred.SequenceFileInputFormat
                    output format: org.apache.hadoop.hive.ql.io.HiveSequenceFileOutputFormat
                    serde: org.apache.hadoop.hive.serde2.lazy.LazySimpleSerDe

  Stage: Stage-3
    Map Reduce
      Map Operator Tree:
          TableScan
            alias: src
            properties:
              insideView TRUE
            Statistics: Num rows: 500 Data size: 5312 Basic stats: COMPLETE Column stats: NONE
            Select Operator
              expressions: key (type: string), value (type: string)
              outputColumnNames: key, value
              Statistics: Num rows: 500 Data size: 5312 Basic stats: COMPLETE Column stats: NONE
              Group By Operator
                aggregations: count()
                keys: key (type: string), value (type: string)
                mode: hash
                outputColumnNames: _col0, _col1, _col2
                Statistics: Num rows: 500 Data size: 5312 Basic stats: COMPLETE Column stats: NONE
                Reduce Output Operator
                  key expressions: _col0 (type: string), _col1 (type: string)
                  sort order: ++
                  Map-reduce partition columns: _col0 (type: string), _col1 (type: string)
                  Statistics: Num rows: 500 Data size: 5312 Basic stats: COMPLETE Column stats: NONE
                  value expressions: _col2 (type: bigint)
      Reduce Operator Tree:
        Group By Operator
          aggregations: count(VALUE._col0)
          keys: KEY._col0 (type: string), KEY._col1 (type: string)
          mode: mergepartial
          outputColumnNames: _col0, _col1, _col2
          Statistics: Num rows: 250 Data size: 2656 Basic stats: COMPLETE Column stats: NONE
          Select Operator
            expressions: _col0 (type: string), _col1 (type: string), 1L (type: bigint), _col2 (type: bigint)
            outputColumnNames: _col0, _col1, _col2, _col3
            Statistics: Num rows: 250 Data size: 2656 Basic stats: COMPLETE Column stats: NONE
            File Output Operator
              compressed: false
              table:
                  input format: org.apache.hadoop.mapred.SequenceFileInputFormat
                  output format: org.apache.hadoop.hive.ql.io.HiveSequenceFileOutputFormat
                  serde: org.apache.hadoop.hive.serde2.lazybinary.LazyBinarySerDe

  Stage: Stage-0
    Fetch Operator
      limit: -1
      Processor Tree:
        ListSink

