PREHOOK: query: CREATE EXTERNAL TABLE hbase_pushdown(key int, value string)
STORED BY 'org.apache.hadoop.hive.hbase.HBaseStorageHandler'
WITH SERDEPROPERTIES ("hbase.columns.mapping" = ":key#binary,cf:string")
TBLPROPERTIES ("external.table.purge" = "true")
PREHOOK: type: CREATETABLE
PREHOOK: Output: database:default
PREHOOK: Output: default@hbase_pushdown
POSTHOOK: query: CREATE EXTERNAL TABLE hbase_pushdown(key int, value string)
STORED BY 'org.apache.hadoop.hive.hbase.HBaseStorageHandler'
WITH SERDEPROPERTIES ("hbase.columns.mapping" = ":key#binary,cf:string")
TBLPROPERTIES ("external.table.purge" = "true")
POSTHOOK: type: CREATETABLE
POSTHOOK: Output: database:default
POSTHOOK: Output: default@hbase_pushdown
PREHOOK: query: INSERT OVERWRITE TABLE hbase_pushdown SELECT * FROM src
PREHOOK: type: QUERY
PREHOOK: Input: default@src
PREHOOK: Output: default@hbase_pushdown
POSTHOOK: query: INSERT OVERWRITE TABLE hbase_pushdown SELECT * FROM src
POSTHOOK: type: QUERY
POSTHOOK: Input: default@src
POSTHOOK: Output: default@hbase_pushdown
PREHOOK: query: INSERT INTO hbase_pushdown VALUES(-10, 'NegativeValue10'),(-9, 'NegativeValue9'),(-5, 'NegativeValue5'),(-2, 'NegativeValue2')
PREHOOK: type: QUERY
PREHOOK: Input: _dummy_database@_dummy_table
PREHOOK: Output: default@hbase_pushdown
POSTHOOK: query: INSERT INTO hbase_pushdown VALUES(-10, 'NegativeValue10'),(-9, 'NegativeValue9'),(-5, 'NegativeValue5'),(-2, 'NegativeValue2')
POSTHOOK: type: QUERY
POSTHOOK: Input: _dummy_database@_dummy_table
POSTHOOK: Output: default@hbase_pushdown
PREHOOK: query: explain select * from hbase_pushdown where key >= 90 and key <= 100
PREHOOK: type: QUERY
PREHOOK: Input: default@hbase_pushdown
#### A masked pattern was here ####
POSTHOOK: query: explain select * from hbase_pushdown where key >= 90 and key <= 100
POSTHOOK: type: QUERY
POSTHOOK: Input: default@hbase_pushdown
#### A masked pattern was here ####
STAGE DEPENDENCIES:
  Stage-0 is a root stage

STAGE PLANS:
  Stage: Stage-0
    Fetch Operator
      limit: -1
      Processor Tree:
        TableScan
          alias: hbase_pushdown
          filterExpr: ((key <= 100) and (key >= 90)) (type: boolean)
          Statistics: Num rows: 1 Data size: 188 Basic stats: COMPLETE Column stats: NONE
          Select Operator
            expressions: key (type: int), value (type: string)
            outputColumnNames: _col0, _col1
            Statistics: Num rows: 1 Data size: 188 Basic stats: COMPLETE Column stats: NONE
            ListSink

PREHOOK: query: select * from hbase_pushdown where key >= 90 and key <= 100
PREHOOK: type: QUERY
PREHOOK: Input: default@hbase_pushdown
#### A masked pattern was here ####
POSTHOOK: query: select * from hbase_pushdown where key >= 90 and key <= 100
POSTHOOK: type: QUERY
POSTHOOK: Input: default@hbase_pushdown
#### A masked pattern was here ####
90	val_90
92	val_92
95	val_95
96	val_96
97	val_97
98	val_98
100	val_100
PREHOOK: query: explain select * from hbase_pushdown where key >= -5 and key <= 5
PREHOOK: type: QUERY
PREHOOK: Input: default@hbase_pushdown
#### A masked pattern was here ####
POSTHOOK: query: explain select * from hbase_pushdown where key >= -5 and key <= 5
POSTHOOK: type: QUERY
POSTHOOK: Input: default@hbase_pushdown
#### A masked pattern was here ####
STAGE DEPENDENCIES:
  Stage-1 is a root stage
  Stage-0 depends on stages: Stage-1

STAGE PLANS:
  Stage: Stage-1
    Map Reduce
      Map Operator Tree:
          TableScan
            alias: hbase_pushdown
            Statistics: Num rows: 1 Data size: 188 Basic stats: COMPLETE Column stats: NONE
            Filter Operator
              predicate: ((key <= 5) and (key >= -5)) (type: boolean)
              Statistics: Num rows: 1 Data size: 188 Basic stats: COMPLETE Column stats: NONE
              Select Operator
                expressions: key (type: int), value (type: string)
                outputColumnNames: _col0, _col1
                Statistics: Num rows: 1 Data size: 188 Basic stats: COMPLETE Column stats: NONE
                File Output Operator
                  compressed: false
                  Statistics: Num rows: 1 Data size: 188 Basic stats: COMPLETE Column stats: NONE
                  table:
                      input format: org.apache.hadoop.mapred.SequenceFileInputFormat
                      output format: org.apache.hadoop.hive.ql.io.HiveSequenceFileOutputFormat
                      serde: org.apache.hadoop.hive.serde2.lazy.LazySimpleSerDe
      Execution mode: vectorized

  Stage: Stage-0
    Fetch Operator
      limit: -1
      Processor Tree:
        ListSink

PREHOOK: query: select * from hbase_pushdown where key >= -5 and key <= 5
PREHOOK: type: QUERY
PREHOOK: Input: default@hbase_pushdown
#### A masked pattern was here ####
POSTHOOK: query: select * from hbase_pushdown where key >= -5 and key <= 5
POSTHOOK: type: QUERY
POSTHOOK: Input: default@hbase_pushdown
#### A masked pattern was here ####
0	val_0
2	val_2
4	val_4
5	val_5
-5	NegativeValue5
-2	NegativeValue2
PREHOOK: query: explain select * from hbase_pushdown where key = -5
PREHOOK: type: QUERY
PREHOOK: Input: default@hbase_pushdown
#### A masked pattern was here ####
POSTHOOK: query: explain select * from hbase_pushdown where key = -5
POSTHOOK: type: QUERY
POSTHOOK: Input: default@hbase_pushdown
#### A masked pattern was here ####
STAGE DEPENDENCIES:
  Stage-0 is a root stage

STAGE PLANS:
  Stage: Stage-0
    Fetch Operator
      limit: -1
      Processor Tree:
        TableScan
          alias: hbase_pushdown
          filterExpr: (key = -5) (type: boolean)
          Statistics: Num rows: 1 Data size: 184 Basic stats: COMPLETE Column stats: NONE
          Select Operator
            expressions: -5 (type: int), value (type: string)
            outputColumnNames: _col0, _col1
            Statistics: Num rows: 1 Data size: 184 Basic stats: COMPLETE Column stats: NONE
            ListSink

PREHOOK: query: select * from hbase_pushdown where key = -5
PREHOOK: type: QUERY
PREHOOK: Input: default@hbase_pushdown
#### A masked pattern was here ####
POSTHOOK: query: select * from hbase_pushdown where key = -5
POSTHOOK: type: QUERY
POSTHOOK: Input: default@hbase_pushdown
#### A masked pattern was here ####
-5	NegativeValue5
PREHOOK: query: explain select * from hbase_pushdown where key >= 90 and key <= 100
PREHOOK: type: QUERY
PREHOOK: Input: default@hbase_pushdown
#### A masked pattern was here ####
POSTHOOK: query: explain select * from hbase_pushdown where key >= 90 and key <= 100
POSTHOOK: type: QUERY
POSTHOOK: Input: default@hbase_pushdown
#### A masked pattern was here ####
STAGE DEPENDENCIES:
  Stage-1 is a root stage
  Stage-0 depends on stages: Stage-1

STAGE PLANS:
  Stage: Stage-1
    Map Reduce
      Map Operator Tree:
          TableScan
            alias: hbase_pushdown
            Statistics: Num rows: 1 Data size: 188 Basic stats: COMPLETE Column stats: NONE
            Filter Operator
              predicate: key BETWEEN 90 AND 100 (type: boolean)
              Statistics: Num rows: 1 Data size: 188 Basic stats: COMPLETE Column stats: NONE
              Select Operator
                expressions: key (type: int), value (type: string)
                outputColumnNames: _col0, _col1
                Statistics: Num rows: 1 Data size: 188 Basic stats: COMPLETE Column stats: NONE
                File Output Operator
                  compressed: false
                  Statistics: Num rows: 1 Data size: 188 Basic stats: COMPLETE Column stats: NONE
                  table:
                      input format: org.apache.hadoop.mapred.SequenceFileInputFormat
                      output format: org.apache.hadoop.hive.ql.io.HiveSequenceFileOutputFormat
                      serde: org.apache.hadoop.hive.serde2.lazy.LazySimpleSerDe
      Execution mode: vectorized

  Stage: Stage-0
    Fetch Operator
      limit: -1
      Processor Tree:
        ListSink

PREHOOK: query: select * from hbase_pushdown where key >= 90 and key <= 100
PREHOOK: type: QUERY
PREHOOK: Input: default@hbase_pushdown
#### A masked pattern was here ####
POSTHOOK: query: select * from hbase_pushdown where key >= 90 and key <= 100
POSTHOOK: type: QUERY
POSTHOOK: Input: default@hbase_pushdown
#### A masked pattern was here ####
90	val_90
92	val_92
95	val_95
96	val_96
97	val_97
98	val_98
100	val_100
