PREHOOK: query: explain
select substr(w_warehouse_name, 1, 20),
       sm_type,
       web_name,
       sum(case when (ws_ship_date_sk - ws_sold_date_sk <= 30) then 1 else 0 end) as `30 days`,
       sum(case
               when (ws_ship_date_sk - ws_sold_date_sk > 30) and (ws_ship_date_sk - ws_sold_date_sk <= 60) then 1
               else 0 end)                                                        as `31-60 days`,
       sum(case
               when (ws_ship_date_sk - ws_sold_date_sk > 60) and (ws_ship_date_sk - ws_sold_date_sk <= 90) then 1
               else 0 end)                                                        as `61-90 days`,
       sum(case
               when (ws_ship_date_sk - ws_sold_date_sk > 90) and (ws_ship_date_sk - ws_sold_date_sk <= 120) then 1
               else 0 end)                                                        as `91-120 days`,
       sum(case when (ws_ship_date_sk - ws_sold_date_sk > 120) then 1 else 0 end) as `>120 days`
from web_sales,
     warehouse,
     ship_mode,
     web_site,
     date_dim
where d_month_seq between 1215 and 1215 + 11
  and ws_ship_date_sk = d_date_sk
  and ws_warehouse_sk = w_warehouse_sk
  and ws_ship_mode_sk = sm_ship_mode_sk
  and ws_web_site_sk = web_site_sk
group by substr(w_warehouse_name, 1, 20), sm_type, web_name
order by substr(w_warehouse_name, 1, 20), sm_type, web_name
limit 100
PREHOOK: type: QUERY
PREHOOK: Input: default@date_dim
PREHOOK: Input: default@ship_mode
PREHOOK: Input: default@warehouse
PREHOOK: Input: default@web_sales
PREHOOK: Input: default@web_site
#### A masked pattern was here ####
POSTHOOK: query: explain
select substr(w_warehouse_name, 1, 20),
       sm_type,
       web_name,
       sum(case when (ws_ship_date_sk - ws_sold_date_sk <= 30) then 1 else 0 end) as `30 days`,
       sum(case
               when (ws_ship_date_sk - ws_sold_date_sk > 30) and (ws_ship_date_sk - ws_sold_date_sk <= 60) then 1
               else 0 end)                                                        as `31-60 days`,
       sum(case
               when (ws_ship_date_sk - ws_sold_date_sk > 60) and (ws_ship_date_sk - ws_sold_date_sk <= 90) then 1
               else 0 end)                                                        as `61-90 days`,
       sum(case
               when (ws_ship_date_sk - ws_sold_date_sk > 90) and (ws_ship_date_sk - ws_sold_date_sk <= 120) then 1
               else 0 end)                                                        as `91-120 days`,
       sum(case when (ws_ship_date_sk - ws_sold_date_sk > 120) then 1 else 0 end) as `>120 days`
from web_sales,
     warehouse,
     ship_mode,
     web_site,
     date_dim
where d_month_seq between 1215 and 1215 + 11
  and ws_ship_date_sk = d_date_sk
  and ws_warehouse_sk = w_warehouse_sk
  and ws_ship_mode_sk = sm_ship_mode_sk
  and ws_web_site_sk = web_site_sk
group by substr(w_warehouse_name, 1, 20), sm_type, web_name
order by substr(w_warehouse_name, 1, 20), sm_type, web_name
limit 100
POSTHOOK: type: QUERY
POSTHOOK: Input: default@date_dim
POSTHOOK: Input: default@ship_mode
POSTHOOK: Input: default@warehouse
POSTHOOK: Input: default@web_sales
POSTHOOK: Input: default@web_site
#### A masked pattern was here ####
STAGE DEPENDENCIES:
  Stage-1 is a root stage
  Stage-0 depends on stages: Stage-1

STAGE PLANS:
  Stage: Stage-1
    Tez
#### A masked pattern was here ####
      Edges:
        Reducer 2 <- Map 1 (SIMPLE_EDGE), Map 7 (SIMPLE_EDGE)
        Reducer 3 <- Map 8 (SIMPLE_EDGE), Reducer 2 (SIMPLE_EDGE)
        Reducer 4 <- Map 9 (SIMPLE_EDGE), Reducer 3 (SIMPLE_EDGE)
        Reducer 5 <- Reducer 4 (SIMPLE_EDGE)
        Reducer 6 <- Reducer 5 (SIMPLE_EDGE)
#### A masked pattern was here ####
      Vertices:
        Map 1 
            Map Operator Tree:
                TableScan
                  alias: web_sales
                  properties:
                    hive.sql.query SELECT "t1"."ws_ship_date_sk", "t1"."ws_web_site_sk", "t1"."ws_ship_mode_sk", "t1"."ws_warehouse_sk", "t1"."CASE", "t1"."CASE5", "t1"."CASE6", "t1"."CASE7", "t1"."CASE8", "t4"."d_date_sk"
FROM (SELECT "ws_ship_date_sk", "ws_web_site_sk", "ws_ship_mode_sk", "ws_warehouse_sk", CASE WHEN "ws_ship_date_sk" - "ws_sold_date_sk" <= 30 THEN 1 ELSE 0 END AS "CASE", CASE WHEN "ws_ship_date_sk" - "ws_sold_date_sk" > 30 AND "ws_ship_date_sk" - "ws_sold_date_sk" <= 60 THEN 1 ELSE 0 END AS "CASE5", CASE WHEN "ws_ship_date_sk" - "ws_sold_date_sk" > 60 AND "ws_ship_date_sk" - "ws_sold_date_sk" <= 90 THEN 1 ELSE 0 END AS "CASE6", CASE WHEN "ws_ship_date_sk" - "ws_sold_date_sk" > 90 AND "ws_ship_date_sk" - "ws_sold_date_sk" <= 120 THEN 1 ELSE 0 END AS "CASE7", CASE WHEN "ws_ship_date_sk" - "ws_sold_date_sk" > 120 THEN 1 ELSE 0 END AS "CASE8"
FROM (SELECT "ws_sold_date_sk", "ws_ship_date_sk", "ws_web_site_sk", "ws_ship_mode_sk", "ws_warehouse_sk"
FROM "web_sales") AS "t"
WHERE "ws_warehouse_sk" IS NOT NULL AND "ws_ship_mode_sk" IS NOT NULL AND ("ws_web_site_sk" IS NOT NULL AND "ws_ship_date_sk" IS NOT NULL)) AS "t1"
INNER JOIN (SELECT "d_date_sk"
FROM (SELECT "d_date_sk", "d_month_seq"
FROM "date_dim") AS "t2"
WHERE "d_month_seq" BETWEEN 1215 AND 1226 AND "d_date_sk" IS NOT NULL) AS "t4" ON "t1"."ws_ship_date_sk" = "t4"."d_date_sk"
                    hive.sql.query.fieldNames ws_ship_date_sk,ws_web_site_sk,ws_ship_mode_sk,ws_warehouse_sk,CASE,CASE5,CASE6,CASE7,CASE8,d_date_sk
                    hive.sql.query.fieldTypes int,int,int,int,int,int,int,int,int,int
                    hive.sql.query.split false
                  Statistics: Num rows: 1 Data size: 32 Basic stats: COMPLETE Column stats: NONE
                  Select Operator
                    expressions: ws_web_site_sk (type: int), ws_ship_mode_sk (type: int), ws_warehouse_sk (type: int), case (type: int), case5 (type: int), case6 (type: int), case7 (type: int), case8 (type: int)
                    outputColumnNames: _col1, _col2, _col3, _col4, _col5, _col6, _col7, _col8
                    Statistics: Num rows: 1 Data size: 32 Basic stats: COMPLETE Column stats: NONE
                    Reduce Output Operator
                      key expressions: _col3 (type: int)
                      null sort order: z
                      sort order: +
                      Map-reduce partition columns: _col3 (type: int)
                      Statistics: Num rows: 1 Data size: 32 Basic stats: COMPLETE Column stats: NONE
                      value expressions: _col1 (type: int), _col2 (type: int), _col4 (type: int), _col5 (type: int), _col6 (type: int), _col7 (type: int), _col8 (type: int)
            Execution mode: vectorized, llap
            LLAP IO: no inputs
        Map 7 
            Map Operator Tree:
                TableScan
                  alias: warehouse
                  properties:
                    hive.sql.query SELECT "w_warehouse_sk", "w_warehouse_name"
FROM (SELECT "w_warehouse_sk", "w_warehouse_name"
FROM "warehouse") AS "t"
WHERE "w_warehouse_sk" IS NOT NULL
                    hive.sql.query.fieldNames w_warehouse_sk,w_warehouse_name
                    hive.sql.query.fieldTypes int,string
                    hive.sql.query.split true
                  Statistics: Num rows: 1 Data size: 188 Basic stats: COMPLETE Column stats: NONE
                  Select Operator
                    expressions: w_warehouse_sk (type: int), substr(w_warehouse_name, 1, 20) (type: string)
                    outputColumnNames: _col0, _col1
                    Statistics: Num rows: 1 Data size: 188 Basic stats: COMPLETE Column stats: NONE
                    Reduce Output Operator
                      key expressions: _col0 (type: int)
                      null sort order: z
                      sort order: +
                      Map-reduce partition columns: _col0 (type: int)
                      Statistics: Num rows: 1 Data size: 188 Basic stats: COMPLETE Column stats: NONE
                      value expressions: _col1 (type: string)
            Execution mode: vectorized, llap
            LLAP IO: no inputs
        Map 8 
            Map Operator Tree:
                TableScan
                  alias: ship_mode
                  properties:
                    hive.sql.query SELECT "sm_ship_mode_sk", "sm_type"
FROM (SELECT "sm_ship_mode_sk", "sm_type"
FROM "ship_mode") AS "t"
WHERE "sm_ship_mode_sk" IS NOT NULL
                    hive.sql.query.fieldNames sm_ship_mode_sk,sm_type
                    hive.sql.query.fieldTypes int,string
                    hive.sql.query.split true
                  Statistics: Num rows: 1 Data size: 188 Basic stats: COMPLETE Column stats: NONE
                  Select Operator
                    expressions: sm_ship_mode_sk (type: int), sm_type (type: string)
                    outputColumnNames: _col0, _col1
                    Statistics: Num rows: 1 Data size: 188 Basic stats: COMPLETE Column stats: NONE
                    Reduce Output Operator
                      key expressions: _col0 (type: int)
                      null sort order: z
                      sort order: +
                      Map-reduce partition columns: _col0 (type: int)
                      Statistics: Num rows: 1 Data size: 188 Basic stats: COMPLETE Column stats: NONE
                      value expressions: _col1 (type: string)
            Execution mode: vectorized, llap
            LLAP IO: no inputs
        Map 9 
            Map Operator Tree:
                TableScan
                  alias: web_site
                  properties:
                    hive.sql.query SELECT "web_site_sk", "web_name"
FROM (SELECT "web_site_sk", "web_name"
FROM "web_site") AS "t"
WHERE "web_site_sk" IS NOT NULL
                    hive.sql.query.fieldNames web_site_sk,web_name
                    hive.sql.query.fieldTypes int,string
                    hive.sql.query.split true
                  Statistics: Num rows: 1 Data size: 188 Basic stats: COMPLETE Column stats: NONE
                  Select Operator
                    expressions: web_site_sk (type: int), web_name (type: string)
                    outputColumnNames: _col0, _col1
                    Statistics: Num rows: 1 Data size: 188 Basic stats: COMPLETE Column stats: NONE
                    Reduce Output Operator
                      key expressions: _col0 (type: int)
                      null sort order: z
                      sort order: +
                      Map-reduce partition columns: _col0 (type: int)
                      Statistics: Num rows: 1 Data size: 188 Basic stats: COMPLETE Column stats: NONE
                      value expressions: _col1 (type: string)
            Execution mode: vectorized, llap
            LLAP IO: no inputs
        Reducer 2 
            Execution mode: llap
            Reduce Operator Tree:
              Merge Join Operator
                condition map:
                     Inner Join 0 to 1
                keys:
                  0 _col3 (type: int)
                  1 _col0 (type: int)
                outputColumnNames: _col1, _col2, _col4, _col5, _col6, _col7, _col8, _col11
                Statistics: Num rows: 1 Data size: 35 Basic stats: COMPLETE Column stats: NONE
                Reduce Output Operator
                  key expressions: _col2 (type: int)
                  null sort order: z
                  sort order: +
                  Map-reduce partition columns: _col2 (type: int)
                  Statistics: Num rows: 1 Data size: 35 Basic stats: COMPLETE Column stats: NONE
                  value expressions: _col1 (type: int), _col4 (type: int), _col5 (type: int), _col6 (type: int), _col7 (type: int), _col8 (type: int), _col11 (type: string)
        Reducer 3 
            Execution mode: llap
            Reduce Operator Tree:
              Merge Join Operator
                condition map:
                     Inner Join 0 to 1
                keys:
                  0 _col2 (type: int)
                  1 _col0 (type: int)
                outputColumnNames: _col1, _col4, _col5, _col6, _col7, _col8, _col11, _col13
                Statistics: Num rows: 1 Data size: 38 Basic stats: COMPLETE Column stats: NONE
                Reduce Output Operator
                  key expressions: _col1 (type: int)
                  null sort order: z
                  sort order: +
                  Map-reduce partition columns: _col1 (type: int)
                  Statistics: Num rows: 1 Data size: 38 Basic stats: COMPLETE Column stats: NONE
                  value expressions: _col4 (type: int), _col5 (type: int), _col6 (type: int), _col7 (type: int), _col8 (type: int), _col11 (type: string), _col13 (type: string)
        Reducer 4 
            Execution mode: llap
            Reduce Operator Tree:
              Merge Join Operator
                condition map:
                     Inner Join 0 to 1
                keys:
                  0 _col1 (type: int)
                  1 _col0 (type: int)
                outputColumnNames: _col4, _col5, _col6, _col7, _col8, _col11, _col13, _col15
                Statistics: Num rows: 1 Data size: 41 Basic stats: COMPLETE Column stats: NONE
                Top N Key Operator
                  sort order: +++
                  keys: _col11 (type: string), _col13 (type: string), _col15 (type: string)
                  null sort order: zzz
                  Statistics: Num rows: 1 Data size: 41 Basic stats: COMPLETE Column stats: NONE
                  top n: 100
                  Group By Operator
                    aggregations: sum(_col4), sum(_col5), sum(_col6), sum(_col7), sum(_col8)
                    keys: _col11 (type: string), _col13 (type: string), _col15 (type: string)
                    minReductionHashAggr: 0.99
                    mode: hash
                    outputColumnNames: _col0, _col1, _col2, _col3, _col4, _col5, _col6, _col7
                    Statistics: Num rows: 1 Data size: 41 Basic stats: COMPLETE Column stats: NONE
                    Reduce Output Operator
                      key expressions: _col0 (type: string), _col1 (type: string), _col2 (type: string)
                      null sort order: zzz
                      sort order: +++
                      Map-reduce partition columns: _col0 (type: string), _col1 (type: string), _col2 (type: string)
                      Statistics: Num rows: 1 Data size: 41 Basic stats: COMPLETE Column stats: NONE
                      value expressions: _col3 (type: bigint), _col4 (type: bigint), _col5 (type: bigint), _col6 (type: bigint), _col7 (type: bigint)
        Reducer 5 
            Execution mode: vectorized, llap
            Reduce Operator Tree:
              Group By Operator
                aggregations: sum(VALUE._col0), sum(VALUE._col1), sum(VALUE._col2), sum(VALUE._col3), sum(VALUE._col4)
                keys: KEY._col0 (type: string), KEY._col1 (type: string), KEY._col2 (type: string)
                mode: mergepartial
                outputColumnNames: _col0, _col1, _col2, _col3, _col4, _col5, _col6, _col7
                Statistics: Num rows: 1 Data size: 41 Basic stats: COMPLETE Column stats: NONE
                Select Operator
                  expressions: _col1 (type: string), _col2 (type: string), _col3 (type: bigint), _col4 (type: bigint), _col5 (type: bigint), _col6 (type: bigint), _col7 (type: bigint), _col0 (type: string)
                  outputColumnNames: _col1, _col2, _col3, _col4, _col5, _col6, _col7, _col8
                  Statistics: Num rows: 1 Data size: 41 Basic stats: COMPLETE Column stats: NONE
                  Reduce Output Operator
                    key expressions: _col8 (type: string), _col1 (type: string), _col2 (type: string)
                    null sort order: zzz
                    sort order: +++
                    Statistics: Num rows: 1 Data size: 41 Basic stats: COMPLETE Column stats: NONE
                    value expressions: _col3 (type: bigint), _col4 (type: bigint), _col5 (type: bigint), _col6 (type: bigint), _col7 (type: bigint)
        Reducer 6 
            Execution mode: vectorized, llap
            Reduce Operator Tree:
              Select Operator
                expressions: KEY.reducesinkkey0 (type: string), KEY.reducesinkkey1 (type: string), KEY.reducesinkkey2 (type: string), VALUE._col0 (type: bigint), VALUE._col1 (type: bigint), VALUE._col2 (type: bigint), VALUE._col3 (type: bigint), VALUE._col4 (type: bigint)
                outputColumnNames: _col0, _col1, _col2, _col3, _col4, _col5, _col6, _col7
                Statistics: Num rows: 1 Data size: 41 Basic stats: COMPLETE Column stats: NONE
                Limit
                  Number of rows: 100
                  Statistics: Num rows: 1 Data size: 41 Basic stats: COMPLETE Column stats: NONE
                  File Output Operator
                    compressed: false
                    Statistics: Num rows: 1 Data size: 41 Basic stats: COMPLETE Column stats: NONE
                    table:
                        input format: org.apache.hadoop.mapred.SequenceFileInputFormat
                        output format: org.apache.hadoop.hive.ql.io.HiveSequenceFileOutputFormat
                        serde: org.apache.hadoop.hive.serde2.lazy.LazySimpleSerDe

  Stage: Stage-0
    Fetch Operator
      limit: -1
      Processor Tree:
        ListSink

