PREHOOK: query: explain
select  
  cd_gender,
  cd_marital_status,
  cd_education_status,
  count(*) cnt1,
  cd_purchase_estimate,
  count(*) cnt2,
  cd_credit_rating,
  count(*) cnt3
 from
  customer c,customer_address ca,customer_demographics
 where
  c.c_current_addr_sk = ca.ca_address_sk and
  ca_state in ('CO','IL','MN') and
  cd_demo_sk = c.c_current_cdemo_sk and 
  exists (select *
          from store_sales,date_dim
          where c.c_customer_sk = ss_customer_sk and
                ss_sold_date_sk = d_date_sk and
                d_year = 1999 and
                d_moy between 1 and 1+2) and
   (not exists (select *
            from web_sales,date_dim
            where c.c_customer_sk = ws_bill_customer_sk and
                  ws_sold_date_sk = d_date_sk and
                  d_year = 1999 and
                  d_moy between 1 and 1+2) and
    not exists (select * 
            from catalog_sales,date_dim
            where c.c_customer_sk = cs_ship_customer_sk and
                  cs_sold_date_sk = d_date_sk and
                  d_year = 1999 and
                  d_moy between 1 and 1+2))
 group by cd_gender,
          cd_marital_status,
          cd_education_status,
          cd_purchase_estimate,
          cd_credit_rating
 order by cd_gender,
          cd_marital_status,
          cd_education_status,
          cd_purchase_estimate,
          cd_credit_rating
 limit 100
PREHOOK: type: QUERY
PREHOOK: Input: default@catalog_sales
PREHOOK: Input: default@customer
PREHOOK: Input: default@customer_address
PREHOOK: Input: default@customer_demographics
PREHOOK: Input: default@date_dim
PREHOOK: Input: default@store_sales
PREHOOK: Input: default@web_sales
#### A masked pattern was here ####
POSTHOOK: query: explain
select  
  cd_gender,
  cd_marital_status,
  cd_education_status,
  count(*) cnt1,
  cd_purchase_estimate,
  count(*) cnt2,
  cd_credit_rating,
  count(*) cnt3
 from
  customer c,customer_address ca,customer_demographics
 where
  c.c_current_addr_sk = ca.ca_address_sk and
  ca_state in ('CO','IL','MN') and
  cd_demo_sk = c.c_current_cdemo_sk and 
  exists (select *
          from store_sales,date_dim
          where c.c_customer_sk = ss_customer_sk and
                ss_sold_date_sk = d_date_sk and
                d_year = 1999 and
                d_moy between 1 and 1+2) and
   (not exists (select *
            from web_sales,date_dim
            where c.c_customer_sk = ws_bill_customer_sk and
                  ws_sold_date_sk = d_date_sk and
                  d_year = 1999 and
                  d_moy between 1 and 1+2) and
    not exists (select * 
            from catalog_sales,date_dim
            where c.c_customer_sk = cs_ship_customer_sk and
                  cs_sold_date_sk = d_date_sk and
                  d_year = 1999 and
                  d_moy between 1 and 1+2))
 group by cd_gender,
          cd_marital_status,
          cd_education_status,
          cd_purchase_estimate,
          cd_credit_rating
 order by cd_gender,
          cd_marital_status,
          cd_education_status,
          cd_purchase_estimate,
          cd_credit_rating
 limit 100
POSTHOOK: type: QUERY
POSTHOOK: Input: default@catalog_sales
POSTHOOK: Input: default@customer
POSTHOOK: Input: default@customer_address
POSTHOOK: Input: default@customer_demographics
POSTHOOK: Input: default@date_dim
POSTHOOK: Input: default@store_sales
POSTHOOK: Input: default@web_sales
#### A masked pattern was here ####
STAGE DEPENDENCIES:
  Stage-1 is a root stage
  Stage-0 depends on stages: Stage-1

STAGE PLANS:
  Stage: Stage-1
    Tez
#### A masked pattern was here ####
      Edges:
        Reducer 2 <- Map 1 (SIMPLE_EDGE), Map 7 (SIMPLE_EDGE)
        Reducer 3 <- Map 8 (SIMPLE_EDGE), Reducer 2 (SIMPLE_EDGE)
        Reducer 4 <- Map 9 (SIMPLE_EDGE), Reducer 3 (SIMPLE_EDGE)
        Reducer 5 <- Reducer 4 (SIMPLE_EDGE)
        Reducer 6 <- Reducer 5 (SIMPLE_EDGE)
#### A masked pattern was here ####
      Vertices:
        Map 1 
            Map Operator Tree:
                TableScan
                  alias: c
                  properties:
                    hive.sql.query SELECT "t1"."c_customer_sk", "t1"."c_current_cdemo_sk", "t1"."c_current_addr_sk", "t4"."ca_address_sk", "t4"."ca_state", "t7"."cd_demo_sk", "t7"."cd_gender", "t7"."cd_marital_status", "t7"."cd_education_status", "t7"."cd_purchase_estimate", "t7"."cd_credit_rating"
FROM (SELECT "c_customer_sk", "c_current_cdemo_sk", "c_current_addr_sk"
FROM (SELECT "c_customer_sk", "c_current_cdemo_sk", "c_current_addr_sk"
FROM "customer") AS "t"
WHERE "c_current_addr_sk" IS NOT NULL AND ("c_current_cdemo_sk" IS NOT NULL AND "c_customer_sk" IS NOT NULL)) AS "t1"
INNER JOIN (SELECT "ca_address_sk", "ca_state"
FROM (SELECT "ca_address_sk", "ca_state"
FROM "customer_address") AS "t2"
WHERE "ca_state" IN ('CO', 'IL', 'MN') AND "ca_address_sk" IS NOT NULL) AS "t4" ON "t1"."c_current_addr_sk" = "t4"."ca_address_sk"
INNER JOIN (SELECT "cd_demo_sk", "cd_gender", "cd_marital_status", "cd_education_status", "cd_purchase_estimate", "cd_credit_rating"
FROM (SELECT "cd_demo_sk", "cd_gender", "cd_marital_status", "cd_education_status", "cd_purchase_estimate", "cd_credit_rating"
FROM "customer_demographics") AS "t5"
WHERE "cd_demo_sk" IS NOT NULL) AS "t7" ON "t1"."c_current_cdemo_sk" = "t7"."cd_demo_sk"
                    hive.sql.query.fieldNames c_customer_sk,c_current_cdemo_sk,c_current_addr_sk,ca_address_sk,ca_state,cd_demo_sk,cd_gender,cd_marital_status,cd_education_status,cd_purchase_estimate,cd_credit_rating
                    hive.sql.query.fieldTypes int,int,int,int,string,int,string,string,string,int,string
                    hive.sql.query.split false
                  Statistics: Num rows: 1 Data size: 744 Basic stats: COMPLETE Column stats: NONE
                  Select Operator
                    expressions: c_customer_sk (type: int), cd_gender (type: string), cd_marital_status (type: string), cd_education_status (type: string), cd_purchase_estimate (type: int), cd_credit_rating (type: string)
                    outputColumnNames: _col0, _col6, _col7, _col8, _col9, _col10
                    Statistics: Num rows: 1 Data size: 744 Basic stats: COMPLETE Column stats: NONE
                    Reduce Output Operator
                      key expressions: _col0 (type: int)
                      null sort order: z
                      sort order: +
                      Map-reduce partition columns: _col0 (type: int)
                      Statistics: Num rows: 1 Data size: 744 Basic stats: COMPLETE Column stats: NONE
                      value expressions: _col6 (type: string), _col7 (type: string), _col8 (type: string), _col9 (type: int), _col10 (type: string)
            Execution mode: vectorized, llap
            LLAP IO: no inputs
        Map 7 
            Map Operator Tree:
                TableScan
                  alias: store_sales
                  properties:
                    hive.sql.query SELECT "t1"."ss_customer_sk"
FROM (SELECT "ss_sold_date_sk", "ss_customer_sk"
FROM (SELECT "ss_sold_date_sk", "ss_customer_sk"
FROM "store_sales") AS "t"
WHERE "ss_customer_sk" IS NOT NULL AND "ss_sold_date_sk" IS NOT NULL) AS "t1"
INNER JOIN (SELECT "d_date_sk"
FROM (SELECT "d_date_sk", "d_year", "d_moy"
FROM "date_dim") AS "t2"
WHERE "d_year" = 1999 AND ("d_moy" BETWEEN 1 AND 3 AND "d_date_sk" IS NOT NULL)) AS "t4" ON "t1"."ss_sold_date_sk" = "t4"."d_date_sk"
                    hive.sql.query.fieldNames ss_customer_sk
                    hive.sql.query.fieldTypes int
                    hive.sql.query.split false
                  Statistics: Num rows: 1 Data size: 4 Basic stats: COMPLETE Column stats: NONE
                  Select Operator
                    expressions: ss_customer_sk (type: int)
                    outputColumnNames: _col0
                    Statistics: Num rows: 1 Data size: 4 Basic stats: COMPLETE Column stats: NONE
                    Group By Operator
                      keys: _col0 (type: int)
                      minReductionHashAggr: 0.99
                      mode: hash
                      outputColumnNames: _col0
                      Statistics: Num rows: 1 Data size: 4 Basic stats: COMPLETE Column stats: NONE
                      Reduce Output Operator
                        key expressions: _col0 (type: int)
                        null sort order: z
                        sort order: +
                        Map-reduce partition columns: _col0 (type: int)
                        Statistics: Num rows: 1 Data size: 4 Basic stats: COMPLETE Column stats: NONE
            Execution mode: vectorized, llap
            LLAP IO: no inputs
        Map 8 
            Map Operator Tree:
                TableScan
                  alias: web_sales
                  properties:
                    hive.sql.query SELECT TRUE AS "literalTrue", "t1"."ws_bill_customer_sk"
FROM (SELECT "ws_sold_date_sk", "ws_bill_customer_sk"
FROM (SELECT "ws_sold_date_sk", "ws_bill_customer_sk"
FROM "web_sales") AS "t"
WHERE "ws_bill_customer_sk" IS NOT NULL AND "ws_sold_date_sk" IS NOT NULL) AS "t1"
INNER JOIN (SELECT "d_date_sk"
FROM (SELECT "d_date_sk", "d_year", "d_moy"
FROM "date_dim") AS "t2"
WHERE "d_year" = 1999 AND ("d_moy" BETWEEN 1 AND 3 AND "d_date_sk" IS NOT NULL)) AS "t4" ON "t1"."ws_sold_date_sk" = "t4"."d_date_sk"
                    hive.sql.query.fieldNames literalTrue,ws_bill_customer_sk
                    hive.sql.query.fieldTypes boolean,int
                    hive.sql.query.split false
                  Statistics: Num rows: 1 Data size: 8 Basic stats: COMPLETE Column stats: NONE
                  Select Operator
                    expressions: literaltrue (type: boolean), ws_bill_customer_sk (type: int)
                    outputColumnNames: _col0, _col1
                    Statistics: Num rows: 1 Data size: 8 Basic stats: COMPLETE Column stats: NONE
                    Reduce Output Operator
                      key expressions: _col1 (type: int)
                      null sort order: z
                      sort order: +
                      Map-reduce partition columns: _col1 (type: int)
                      Statistics: Num rows: 1 Data size: 8 Basic stats: COMPLETE Column stats: NONE
                      value expressions: _col0 (type: boolean)
            Execution mode: vectorized, llap
            LLAP IO: no inputs
        Map 9 
            Map Operator Tree:
                TableScan
                  alias: catalog_sales
                  properties:
                    hive.sql.query SELECT TRUE AS "literalTrue", "t1"."cs_ship_customer_sk"
FROM (SELECT "cs_sold_date_sk", "cs_ship_customer_sk"
FROM (SELECT "cs_sold_date_sk", "cs_ship_customer_sk"
FROM "catalog_sales") AS "t"
WHERE "cs_ship_customer_sk" IS NOT NULL AND "cs_sold_date_sk" IS NOT NULL) AS "t1"
INNER JOIN (SELECT "d_date_sk"
FROM (SELECT "d_date_sk", "d_year", "d_moy"
FROM "date_dim") AS "t2"
WHERE "d_year" = 1999 AND ("d_moy" BETWEEN 1 AND 3 AND "d_date_sk" IS NOT NULL)) AS "t4" ON "t1"."cs_sold_date_sk" = "t4"."d_date_sk"
                    hive.sql.query.fieldNames literalTrue,cs_ship_customer_sk
                    hive.sql.query.fieldTypes boolean,int
                    hive.sql.query.split false
                  Statistics: Num rows: 1 Data size: 4 Basic stats: COMPLETE Column stats: NONE
                  Select Operator
                    expressions: cs_ship_customer_sk (type: int)
                    outputColumnNames: _col0
                    Statistics: Num rows: 1 Data size: 4 Basic stats: COMPLETE Column stats: NONE
                    Group By Operator
                      keys: _col0 (type: int)
                      minReductionHashAggr: 0.99
                      mode: hash
                      outputColumnNames: _col0
                      Statistics: Num rows: 1 Data size: 4 Basic stats: COMPLETE Column stats: NONE
                      Reduce Output Operator
                        key expressions: _col0 (type: int)
                        null sort order: z
                        sort order: +
                        Map-reduce partition columns: _col0 (type: int)
                        Statistics: Num rows: 1 Data size: 4 Basic stats: COMPLETE Column stats: NONE
            Execution mode: vectorized, llap
            LLAP IO: no inputs
        Reducer 2 
            Execution mode: llap
            Reduce Operator Tree:
              Merge Join Operator
                condition map:
                     Left Semi Join 0 to 1
                keys:
                  0 _col0 (type: int)
                  1 _col0 (type: int)
                outputColumnNames: _col0, _col6, _col7, _col8, _col9, _col10
                Statistics: Num rows: 1 Data size: 818 Basic stats: COMPLETE Column stats: NONE
                Reduce Output Operator
                  key expressions: _col0 (type: int)
                  null sort order: z
                  sort order: +
                  Map-reduce partition columns: _col0 (type: int)
                  Statistics: Num rows: 1 Data size: 818 Basic stats: COMPLETE Column stats: NONE
                  value expressions: _col6 (type: string), _col7 (type: string), _col8 (type: string), _col9 (type: int), _col10 (type: string)
        Reducer 3 
            Execution mode: llap
            Reduce Operator Tree:
              Merge Join Operator
                condition map:
                     Left Outer Join 0 to 1
                keys:
                  0 _col0 (type: int)
                  1 _col1 (type: int)
                outputColumnNames: _col0, _col6, _col7, _col8, _col9, _col10, _col11
                Statistics: Num rows: 1 Data size: 899 Basic stats: COMPLETE Column stats: NONE
                Filter Operator
                  predicate: _col11 is null (type: boolean)
                  Statistics: Num rows: 1 Data size: 899 Basic stats: COMPLETE Column stats: NONE
                  Select Operator
                    expressions: _col0 (type: int), _col6 (type: string), _col7 (type: string), _col8 (type: string), _col9 (type: int), _col10 (type: string)
                    outputColumnNames: _col0, _col6, _col7, _col8, _col9, _col10
                    Statistics: Num rows: 1 Data size: 899 Basic stats: COMPLETE Column stats: NONE
                    Reduce Output Operator
                      key expressions: _col0 (type: int)
                      null sort order: z
                      sort order: +
                      Map-reduce partition columns: _col0 (type: int)
                      Statistics: Num rows: 1 Data size: 899 Basic stats: COMPLETE Column stats: NONE
                      value expressions: _col6 (type: string), _col7 (type: string), _col8 (type: string), _col9 (type: int), _col10 (type: string)
        Reducer 4 
            Execution mode: llap
            Reduce Operator Tree:
              Merge Join Operator
                condition map:
                     Anti Join 0 to 1
                keys:
                  0 _col0 (type: int)
                  1 _col0 (type: int)
                outputColumnNames: _col6, _col7, _col8, _col9, _col10
                Statistics: Num rows: 1 Data size: 988 Basic stats: COMPLETE Column stats: NONE
                Top N Key Operator
                  sort order: +++++
                  keys: _col6 (type: string), _col7 (type: string), _col8 (type: string), _col9 (type: int), _col10 (type: string)
                  null sort order: zzzzz
                  Statistics: Num rows: 1 Data size: 988 Basic stats: COMPLETE Column stats: NONE
                  top n: 100
                  Group By Operator
                    aggregations: count()
                    keys: _col6 (type: string), _col7 (type: string), _col8 (type: string), _col9 (type: int), _col10 (type: string)
                    minReductionHashAggr: 0.99
                    mode: hash
                    outputColumnNames: _col0, _col1, _col2, _col3, _col4, _col5
                    Statistics: Num rows: 1 Data size: 988 Basic stats: COMPLETE Column stats: NONE
                    Reduce Output Operator
                      key expressions: _col0 (type: string), _col1 (type: string), _col2 (type: string), _col3 (type: int), _col4 (type: string)
                      null sort order: zzzzz
                      sort order: +++++
                      Map-reduce partition columns: _col0 (type: string), _col1 (type: string), _col2 (type: string), _col3 (type: int), _col4 (type: string)
                      Statistics: Num rows: 1 Data size: 988 Basic stats: COMPLETE Column stats: NONE
                      value expressions: _col5 (type: bigint)
        Reducer 5 
            Execution mode: vectorized, llap
            Reduce Operator Tree:
              Group By Operator
                aggregations: count(VALUE._col0)
                keys: KEY._col0 (type: string), KEY._col1 (type: string), KEY._col2 (type: string), KEY._col3 (type: int), KEY._col4 (type: string)
                mode: mergepartial
                outputColumnNames: _col0, _col1, _col2, _col3, _col4, _col5
                Statistics: Num rows: 1 Data size: 988 Basic stats: COMPLETE Column stats: NONE
                Select Operator
                  expressions: _col0 (type: string), _col1 (type: string), _col2 (type: string), _col5 (type: bigint), _col3 (type: int), _col4 (type: string)
                  outputColumnNames: _col0, _col1, _col2, _col3, _col4, _col6
                  Statistics: Num rows: 1 Data size: 988 Basic stats: COMPLETE Column stats: NONE
                  Reduce Output Operator
                    key expressions: _col0 (type: string), _col1 (type: string), _col2 (type: string), _col4 (type: int), _col6 (type: string)
                    null sort order: zzzzz
                    sort order: +++++
                    Statistics: Num rows: 1 Data size: 988 Basic stats: COMPLETE Column stats: NONE
                    value expressions: _col3 (type: bigint)
        Reducer 6 
            Execution mode: vectorized, llap
            Reduce Operator Tree:
              Select Operator
                expressions: KEY.reducesinkkey0 (type: string), KEY.reducesinkkey1 (type: string), KEY.reducesinkkey2 (type: string), VALUE._col0 (type: bigint), KEY.reducesinkkey3 (type: int), VALUE._col0 (type: bigint), KEY.reducesinkkey4 (type: string), VALUE._col0 (type: bigint)
                outputColumnNames: _col0, _col1, _col2, _col3, _col4, _col5, _col6, _col7
                Statistics: Num rows: 1 Data size: 988 Basic stats: COMPLETE Column stats: NONE
                Limit
                  Number of rows: 100
                  Statistics: Num rows: 1 Data size: 988 Basic stats: COMPLETE Column stats: NONE
                  File Output Operator
                    compressed: false
                    Statistics: Num rows: 1 Data size: 988 Basic stats: COMPLETE Column stats: NONE
                    table:
                        input format: org.apache.hadoop.mapred.SequenceFileInputFormat
                        output format: org.apache.hadoop.hive.ql.io.HiveSequenceFileOutputFormat
                        serde: org.apache.hadoop.hive.serde2.lazy.LazySimpleSerDe

  Stage: Stage-0
    Fetch Operator
      limit: 100
      Processor Tree:
        ListSink

