Warning: Shuffle Join MERGEJOIN[10][tables = [$hdt$_0, $hdt$_1]] in Stage 'Reducer 2' is a cross product
PREHOOK: query: explain
select  cast(amc as decimal(15,4))/cast(pmc as decimal(15,4)) am_pm_ratio
 from ( select count(*) amc
       from web_sales, household_demographics , time_dim, web_page
       where ws_sold_time_sk = time_dim.t_time_sk
         and ws_ship_hdemo_sk = household_demographics.hd_demo_sk
         and ws_web_page_sk = web_page.wp_web_page_sk
         and time_dim.t_hour between 6 and 6+1
         and household_demographics.hd_dep_count = 8
         and web_page.wp_char_count between 5000 and 5200) at,
      ( select count(*) pmc
       from web_sales, household_demographics , time_dim, web_page
       where ws_sold_time_sk = time_dim.t_time_sk
         and ws_ship_hdemo_sk = household_demographics.hd_demo_sk
         and ws_web_page_sk = web_page.wp_web_page_sk
         and time_dim.t_hour between 14 and 14+1
         and household_demographics.hd_dep_count = 8
         and web_page.wp_char_count between 5000 and 5200) pt
 order by am_pm_ratio
 limit 100
PREHOOK: type: QUERY
PREHOOK: Input: default@household_demographics
PREHOOK: Input: default@time_dim
PREHOOK: Input: default@web_page
PREHOOK: Input: default@web_sales
#### A masked pattern was here ####
POSTHOOK: query: explain
select  cast(amc as decimal(15,4))/cast(pmc as decimal(15,4)) am_pm_ratio
 from ( select count(*) amc
       from web_sales, household_demographics , time_dim, web_page
       where ws_sold_time_sk = time_dim.t_time_sk
         and ws_ship_hdemo_sk = household_demographics.hd_demo_sk
         and ws_web_page_sk = web_page.wp_web_page_sk
         and time_dim.t_hour between 6 and 6+1
         and household_demographics.hd_dep_count = 8
         and web_page.wp_char_count between 5000 and 5200) at,
      ( select count(*) pmc
       from web_sales, household_demographics , time_dim, web_page
       where ws_sold_time_sk = time_dim.t_time_sk
         and ws_ship_hdemo_sk = household_demographics.hd_demo_sk
         and ws_web_page_sk = web_page.wp_web_page_sk
         and time_dim.t_hour between 14 and 14+1
         and household_demographics.hd_dep_count = 8
         and web_page.wp_char_count between 5000 and 5200) pt
 order by am_pm_ratio
 limit 100
POSTHOOK: type: QUERY
POSTHOOK: Input: default@household_demographics
POSTHOOK: Input: default@time_dim
POSTHOOK: Input: default@web_page
POSTHOOK: Input: default@web_sales
#### A masked pattern was here ####
STAGE DEPENDENCIES:
  Stage-1 is a root stage
  Stage-0 depends on stages: Stage-1

STAGE PLANS:
  Stage: Stage-1
    Tez
#### A masked pattern was here ####
      Edges:
        Reducer 2 <- Map 1 (XPROD_EDGE), Map 3 (XPROD_EDGE)
#### A masked pattern was here ####
      Vertices:
        Map 1 
            Map Operator Tree:
                TableScan
                  alias: web_sales
                  properties:
                    hive.sql.query SELECT COUNT(*) AS "$f0"
FROM (SELECT "ws_sold_time_sk", "ws_ship_hdemo_sk", "ws_web_page_sk"
FROM (SELECT "ws_sold_time_sk", "ws_ship_hdemo_sk", "ws_web_page_sk"
FROM "web_sales") AS "t"
WHERE "ws_ship_hdemo_sk" IS NOT NULL AND ("ws_sold_time_sk" IS NOT NULL AND "ws_web_page_sk" IS NOT NULL)) AS "t1"
INNER JOIN (SELECT "hd_demo_sk"
FROM (SELECT "hd_demo_sk", "hd_dep_count"
FROM "household_demographics") AS "t2"
WHERE "hd_dep_count" = 8 AND "hd_demo_sk" IS NOT NULL) AS "t4" ON "t1"."ws_ship_hdemo_sk" = "t4"."hd_demo_sk"
INNER JOIN (SELECT "t_time_sk"
FROM (SELECT "t_time_sk", "t_hour"
FROM "time_dim") AS "t5"
WHERE "t_hour" BETWEEN 6 AND 7 AND "t_time_sk" IS NOT NULL) AS "t7" ON "t1"."ws_sold_time_sk" = "t7"."t_time_sk"
INNER JOIN (SELECT "wp_web_page_sk"
FROM (SELECT "wp_web_page_sk", "wp_char_count"
FROM "web_page") AS "t8"
WHERE "wp_char_count" BETWEEN 5000 AND 5200 AND "wp_web_page_sk" IS NOT NULL) AS "t10" ON "t1"."ws_web_page_sk" = "t10"."wp_web_page_sk"
                    hive.sql.query.fieldNames $f0
                    hive.sql.query.fieldTypes bigint
                    hive.sql.query.split false
                  Statistics: Num rows: 1 Data size: 8 Basic stats: COMPLETE Column stats: NONE
                  Select Operator
                    expressions: $f0 (type: bigint)
                    outputColumnNames: _col0
                    Statistics: Num rows: 1 Data size: 8 Basic stats: COMPLETE Column stats: NONE
                    Reduce Output Operator
                      null sort order: 
                      sort order: 
                      Statistics: Num rows: 1 Data size: 8 Basic stats: COMPLETE Column stats: NONE
                      value expressions: _col0 (type: bigint)
            Execution mode: vectorized, llap
            LLAP IO: no inputs
        Map 3 
            Map Operator Tree:
                TableScan
                  alias: web_sales
                  properties:
                    hive.sql.query SELECT COUNT(*) AS "$f0"
FROM (SELECT "ws_sold_time_sk", "ws_ship_hdemo_sk", "ws_web_page_sk"
FROM (SELECT "ws_sold_time_sk", "ws_ship_hdemo_sk", "ws_web_page_sk"
FROM "web_sales") AS "t"
WHERE "ws_ship_hdemo_sk" IS NOT NULL AND ("ws_sold_time_sk" IS NOT NULL AND "ws_web_page_sk" IS NOT NULL)) AS "t1"
INNER JOIN (SELECT "hd_demo_sk"
FROM (SELECT "hd_demo_sk", "hd_dep_count"
FROM "household_demographics") AS "t2"
WHERE "hd_dep_count" = 8 AND "hd_demo_sk" IS NOT NULL) AS "t4" ON "t1"."ws_ship_hdemo_sk" = "t4"."hd_demo_sk"
INNER JOIN (SELECT "t_time_sk"
FROM (SELECT "t_time_sk", "t_hour"
FROM "time_dim") AS "t5"
WHERE "t_hour" BETWEEN 14 AND 15 AND "t_time_sk" IS NOT NULL) AS "t7" ON "t1"."ws_sold_time_sk" = "t7"."t_time_sk"
INNER JOIN (SELECT "wp_web_page_sk"
FROM (SELECT "wp_web_page_sk", "wp_char_count"
FROM "web_page") AS "t8"
WHERE "wp_char_count" BETWEEN 5000 AND 5200 AND "wp_web_page_sk" IS NOT NULL) AS "t10" ON "t1"."ws_web_page_sk" = "t10"."wp_web_page_sk"
                    hive.sql.query.fieldNames $f0
                    hive.sql.query.fieldTypes bigint
                    hive.sql.query.split false
                  Statistics: Num rows: 1 Data size: 8 Basic stats: COMPLETE Column stats: NONE
                  Select Operator
                    expressions: $f0 (type: bigint)
                    outputColumnNames: _col0
                    Statistics: Num rows: 1 Data size: 8 Basic stats: COMPLETE Column stats: NONE
                    Reduce Output Operator
                      null sort order: 
                      sort order: 
                      Statistics: Num rows: 1 Data size: 8 Basic stats: COMPLETE Column stats: NONE
                      value expressions: _col0 (type: bigint)
            Execution mode: vectorized, llap
            LLAP IO: no inputs
        Reducer 2 
            Execution mode: llap
            Reduce Operator Tree:
              Merge Join Operator
                condition map:
                     Inner Join 0 to 1
                keys:
                  0 
                  1 
                outputColumnNames: _col0, _col1
                Statistics: Num rows: 1 Data size: 17 Basic stats: COMPLETE Column stats: NONE
                Select Operator
                  expressions: (CAST( _col0 AS decimal(15,4)) / CAST( _col1 AS decimal(15,4))) (type: decimal(35,20))
                  outputColumnNames: _col0
                  Statistics: Num rows: 1 Data size: 17 Basic stats: COMPLETE Column stats: NONE
                  File Output Operator
                    compressed: false
                    Statistics: Num rows: 1 Data size: 17 Basic stats: COMPLETE Column stats: NONE
                    table:
                        input format: org.apache.hadoop.mapred.SequenceFileInputFormat
                        output format: org.apache.hadoop.hive.ql.io.HiveSequenceFileOutputFormat
                        serde: org.apache.hadoop.hive.serde2.lazy.LazySimpleSerDe

  Stage: Stage-0
    Fetch Operator
      limit: -1
      Processor Tree:
        ListSink

