Warning: Shuffle Join MERGEJOIN[40][tables = [$hdt$_0, $hdt$_1]] in Stage 'Reducer 2' is a cross product
Warning: Shuffle Join MERGEJOIN[41][tables = [$hdt$_0, $hdt$_1, $hdt$_2]] in Stage 'Reducer 3' is a cross product
Warning: Shuffle Join MERGEJOIN[42][tables = [$hdt$_0, $hdt$_1, $hdt$_2, $hdt$_3]] in Stage 'Reducer 4' is a cross product
Warning: Shuffle Join MERGEJOIN[43][tables = [$hdt$_0, $hdt$_1, $hdt$_2, $hdt$_3, $hdt$_4]] in Stage 'Reducer 5' is a cross product
Warning: Shuffle Join MERGEJOIN[44][tables = [$hdt$_0, $hdt$_1, $hdt$_2, $hdt$_3, $hdt$_4, $hdt$_5]] in Stage 'Reducer 6' is a cross product
Warning: Shuffle Join MERGEJOIN[45][tables = [$hdt$_0, $hdt$_1, $hdt$_2, $hdt$_3, $hdt$_4, $hdt$_5, $hdt$_6]] in Stage 'Reducer 7' is a cross product
Warning: Shuffle Join MERGEJOIN[46][tables = [$hdt$_0, $hdt$_1, $hdt$_2, $hdt$_3, $hdt$_4, $hdt$_5, $hdt$_6, $hdt$_7]] in Stage 'Reducer 8' is a cross product
PREHOOK: query: explain
select  *
from
 (select count(*) h8_30_to_9
 from store_sales, household_demographics , time_dim, store
 where ss_sold_time_sk = time_dim.t_time_sk   
     and ss_hdemo_sk = household_demographics.hd_demo_sk 
     and ss_store_sk = s_store_sk
     and time_dim.t_hour = 8
     and time_dim.t_minute >= 30
     and ((household_demographics.hd_dep_count = 3 and household_demographics.hd_vehicle_count<=3+2) or
          (household_demographics.hd_dep_count = 0 and household_demographics.hd_vehicle_count<=0+2) or
          (household_demographics.hd_dep_count = 1 and household_demographics.hd_vehicle_count<=1+2)) 
     and store.s_store_name = 'ese') s1,
 (select count(*) h9_to_9_30 
 from store_sales, household_demographics , time_dim, store
 where ss_sold_time_sk = time_dim.t_time_sk
     and ss_hdemo_sk = household_demographics.hd_demo_sk
     and ss_store_sk = s_store_sk 
     and time_dim.t_hour = 9 
     and time_dim.t_minute < 30
     and ((household_demographics.hd_dep_count = 3 and household_demographics.hd_vehicle_count<=3+2) or
          (household_demographics.hd_dep_count = 0 and household_demographics.hd_vehicle_count<=0+2) or
          (household_demographics.hd_dep_count = 1 and household_demographics.hd_vehicle_count<=1+2))
     and store.s_store_name = 'ese') s2,
 (select count(*) h9_30_to_10 
 from store_sales, household_demographics , time_dim, store
 where ss_sold_time_sk = time_dim.t_time_sk
     and ss_hdemo_sk = household_demographics.hd_demo_sk
     and ss_store_sk = s_store_sk
     and time_dim.t_hour = 9
     and time_dim.t_minute >= 30
     and ((household_demographics.hd_dep_count = 3 and household_demographics.hd_vehicle_count<=3+2) or
          (household_demographics.hd_dep_count = 0 and household_demographics.hd_vehicle_count<=0+2) or
          (household_demographics.hd_dep_count = 1 and household_demographics.hd_vehicle_count<=1+2))
     and store.s_store_name = 'ese') s3,
 (select count(*) h10_to_10_30
 from store_sales, household_demographics , time_dim, store
 where ss_sold_time_sk = time_dim.t_time_sk
     and ss_hdemo_sk = household_demographics.hd_demo_sk
     and ss_store_sk = s_store_sk
     and time_dim.t_hour = 10 
     and time_dim.t_minute < 30
     and ((household_demographics.hd_dep_count = 3 and household_demographics.hd_vehicle_count<=3+2) or
          (household_demographics.hd_dep_count = 0 and household_demographics.hd_vehicle_count<=0+2) or
          (household_demographics.hd_dep_count = 1 and household_demographics.hd_vehicle_count<=1+2))
     and store.s_store_name = 'ese') s4,
 (select count(*) h10_30_to_11
 from store_sales, household_demographics , time_dim, store
 where ss_sold_time_sk = time_dim.t_time_sk
     and ss_hdemo_sk = household_demographics.hd_demo_sk
     and ss_store_sk = s_store_sk
     and time_dim.t_hour = 10 
     and time_dim.t_minute >= 30
     and ((household_demographics.hd_dep_count = 3 and household_demographics.hd_vehicle_count<=3+2) or
          (household_demographics.hd_dep_count = 0 and household_demographics.hd_vehicle_count<=0+2) or
          (household_demographics.hd_dep_count = 1 and household_demographics.hd_vehicle_count<=1+2))
     and store.s_store_name = 'ese') s5,
 (select count(*) h11_to_11_30
 from store_sales, household_demographics , time_dim, store
 where ss_sold_time_sk = time_dim.t_time_sk
     and ss_hdemo_sk = household_demographics.hd_demo_sk
     and ss_store_sk = s_store_sk 
     and time_dim.t_hour = 11
     and time_dim.t_minute < 30
     and ((household_demographics.hd_dep_count = 3 and household_demographics.hd_vehicle_count<=3+2) or
          (household_demographics.hd_dep_count = 0 and household_demographics.hd_vehicle_count<=0+2) or
          (household_demographics.hd_dep_count = 1 and household_demographics.hd_vehicle_count<=1+2))
     and store.s_store_name = 'ese') s6,
 (select count(*) h11_30_to_12
 from store_sales, household_demographics , time_dim, store
 where ss_sold_time_sk = time_dim.t_time_sk
     and ss_hdemo_sk = household_demographics.hd_demo_sk
     and ss_store_sk = s_store_sk
     and time_dim.t_hour = 11
     and time_dim.t_minute >= 30
     and ((household_demographics.hd_dep_count = 3 and household_demographics.hd_vehicle_count<=3+2) or
          (household_demographics.hd_dep_count = 0 and household_demographics.hd_vehicle_count<=0+2) or
          (household_demographics.hd_dep_count = 1 and household_demographics.hd_vehicle_count<=1+2))
     and store.s_store_name = 'ese') s7,
 (select count(*) h12_to_12_30
 from store_sales, household_demographics , time_dim, store
 where ss_sold_time_sk = time_dim.t_time_sk
     and ss_hdemo_sk = household_demographics.hd_demo_sk
     and ss_store_sk = s_store_sk
     and time_dim.t_hour = 12
     and time_dim.t_minute < 30
     and ((household_demographics.hd_dep_count = 3 and household_demographics.hd_vehicle_count<=3+2) or
          (household_demographics.hd_dep_count = 0 and household_demographics.hd_vehicle_count<=0+2) or
          (household_demographics.hd_dep_count = 1 and household_demographics.hd_vehicle_count<=1+2))
     and store.s_store_name = 'ese') s8
PREHOOK: type: QUERY
PREHOOK: Input: default@household_demographics
PREHOOK: Input: default@store
PREHOOK: Input: default@store_sales
PREHOOK: Input: default@time_dim
#### A masked pattern was here ####
POSTHOOK: query: explain
select  *
from
 (select count(*) h8_30_to_9
 from store_sales, household_demographics , time_dim, store
 where ss_sold_time_sk = time_dim.t_time_sk   
     and ss_hdemo_sk = household_demographics.hd_demo_sk 
     and ss_store_sk = s_store_sk
     and time_dim.t_hour = 8
     and time_dim.t_minute >= 30
     and ((household_demographics.hd_dep_count = 3 and household_demographics.hd_vehicle_count<=3+2) or
          (household_demographics.hd_dep_count = 0 and household_demographics.hd_vehicle_count<=0+2) or
          (household_demographics.hd_dep_count = 1 and household_demographics.hd_vehicle_count<=1+2)) 
     and store.s_store_name = 'ese') s1,
 (select count(*) h9_to_9_30 
 from store_sales, household_demographics , time_dim, store
 where ss_sold_time_sk = time_dim.t_time_sk
     and ss_hdemo_sk = household_demographics.hd_demo_sk
     and ss_store_sk = s_store_sk 
     and time_dim.t_hour = 9 
     and time_dim.t_minute < 30
     and ((household_demographics.hd_dep_count = 3 and household_demographics.hd_vehicle_count<=3+2) or
          (household_demographics.hd_dep_count = 0 and household_demographics.hd_vehicle_count<=0+2) or
          (household_demographics.hd_dep_count = 1 and household_demographics.hd_vehicle_count<=1+2))
     and store.s_store_name = 'ese') s2,
 (select count(*) h9_30_to_10 
 from store_sales, household_demographics , time_dim, store
 where ss_sold_time_sk = time_dim.t_time_sk
     and ss_hdemo_sk = household_demographics.hd_demo_sk
     and ss_store_sk = s_store_sk
     and time_dim.t_hour = 9
     and time_dim.t_minute >= 30
     and ((household_demographics.hd_dep_count = 3 and household_demographics.hd_vehicle_count<=3+2) or
          (household_demographics.hd_dep_count = 0 and household_demographics.hd_vehicle_count<=0+2) or
          (household_demographics.hd_dep_count = 1 and household_demographics.hd_vehicle_count<=1+2))
     and store.s_store_name = 'ese') s3,
 (select count(*) h10_to_10_30
 from store_sales, household_demographics , time_dim, store
 where ss_sold_time_sk = time_dim.t_time_sk
     and ss_hdemo_sk = household_demographics.hd_demo_sk
     and ss_store_sk = s_store_sk
     and time_dim.t_hour = 10 
     and time_dim.t_minute < 30
     and ((household_demographics.hd_dep_count = 3 and household_demographics.hd_vehicle_count<=3+2) or
          (household_demographics.hd_dep_count = 0 and household_demographics.hd_vehicle_count<=0+2) or
          (household_demographics.hd_dep_count = 1 and household_demographics.hd_vehicle_count<=1+2))
     and store.s_store_name = 'ese') s4,
 (select count(*) h10_30_to_11
 from store_sales, household_demographics , time_dim, store
 where ss_sold_time_sk = time_dim.t_time_sk
     and ss_hdemo_sk = household_demographics.hd_demo_sk
     and ss_store_sk = s_store_sk
     and time_dim.t_hour = 10 
     and time_dim.t_minute >= 30
     and ((household_demographics.hd_dep_count = 3 and household_demographics.hd_vehicle_count<=3+2) or
          (household_demographics.hd_dep_count = 0 and household_demographics.hd_vehicle_count<=0+2) or
          (household_demographics.hd_dep_count = 1 and household_demographics.hd_vehicle_count<=1+2))
     and store.s_store_name = 'ese') s5,
 (select count(*) h11_to_11_30
 from store_sales, household_demographics , time_dim, store
 where ss_sold_time_sk = time_dim.t_time_sk
     and ss_hdemo_sk = household_demographics.hd_demo_sk
     and ss_store_sk = s_store_sk 
     and time_dim.t_hour = 11
     and time_dim.t_minute < 30
     and ((household_demographics.hd_dep_count = 3 and household_demographics.hd_vehicle_count<=3+2) or
          (household_demographics.hd_dep_count = 0 and household_demographics.hd_vehicle_count<=0+2) or
          (household_demographics.hd_dep_count = 1 and household_demographics.hd_vehicle_count<=1+2))
     and store.s_store_name = 'ese') s6,
 (select count(*) h11_30_to_12
 from store_sales, household_demographics , time_dim, store
 where ss_sold_time_sk = time_dim.t_time_sk
     and ss_hdemo_sk = household_demographics.hd_demo_sk
     and ss_store_sk = s_store_sk
     and time_dim.t_hour = 11
     and time_dim.t_minute >= 30
     and ((household_demographics.hd_dep_count = 3 and household_demographics.hd_vehicle_count<=3+2) or
          (household_demographics.hd_dep_count = 0 and household_demographics.hd_vehicle_count<=0+2) or
          (household_demographics.hd_dep_count = 1 and household_demographics.hd_vehicle_count<=1+2))
     and store.s_store_name = 'ese') s7,
 (select count(*) h12_to_12_30
 from store_sales, household_demographics , time_dim, store
 where ss_sold_time_sk = time_dim.t_time_sk
     and ss_hdemo_sk = household_demographics.hd_demo_sk
     and ss_store_sk = s_store_sk
     and time_dim.t_hour = 12
     and time_dim.t_minute < 30
     and ((household_demographics.hd_dep_count = 3 and household_demographics.hd_vehicle_count<=3+2) or
          (household_demographics.hd_dep_count = 0 and household_demographics.hd_vehicle_count<=0+2) or
          (household_demographics.hd_dep_count = 1 and household_demographics.hd_vehicle_count<=1+2))
     and store.s_store_name = 'ese') s8
POSTHOOK: type: QUERY
POSTHOOK: Input: default@household_demographics
POSTHOOK: Input: default@store
POSTHOOK: Input: default@store_sales
POSTHOOK: Input: default@time_dim
#### A masked pattern was here ####
STAGE DEPENDENCIES:
  Stage-1 is a root stage
  Stage-0 depends on stages: Stage-1

STAGE PLANS:
  Stage: Stage-1
    Tez
#### A masked pattern was here ####
      Edges:
        Reducer 2 <- Map 1 (XPROD_EDGE), Map 9 (XPROD_EDGE)
        Reducer 3 <- Map 10 (XPROD_EDGE), Reducer 2 (XPROD_EDGE)
        Reducer 4 <- Map 11 (XPROD_EDGE), Reducer 3 (XPROD_EDGE)
        Reducer 5 <- Map 12 (XPROD_EDGE), Reducer 4 (XPROD_EDGE)
        Reducer 6 <- Map 13 (XPROD_EDGE), Reducer 5 (XPROD_EDGE)
        Reducer 7 <- Map 14 (XPROD_EDGE), Reducer 6 (XPROD_EDGE)
        Reducer 8 <- Map 15 (XPROD_EDGE), Reducer 7 (XPROD_EDGE)
#### A masked pattern was here ####
      Vertices:
        Map 1 
            Map Operator Tree:
                TableScan
                  alias: store_sales
                  properties:
                    hive.sql.query SELECT COUNT(*) AS "$f0"
FROM (SELECT "ss_sold_time_sk", "ss_hdemo_sk", "ss_store_sk"
FROM (SELECT "ss_sold_time_sk", "ss_hdemo_sk", "ss_store_sk"
FROM "store_sales") AS "t"
WHERE "ss_hdemo_sk" IS NOT NULL AND ("ss_sold_time_sk" IS NOT NULL AND "ss_store_sk" IS NOT NULL)) AS "t1"
INNER JOIN (SELECT "hd_demo_sk"
FROM (SELECT "hd_demo_sk", "hd_dep_count", "hd_vehicle_count"
FROM "household_demographics") AS "t2"
WHERE ("hd_vehicle_count" <= 5 OR ("hd_vehicle_count" <= 2 OR "hd_vehicle_count" <= 3)) AND ("hd_dep_count" = 3 AND "hd_vehicle_count" <= 5 OR ("hd_dep_count" = 0 AND "hd_vehicle_count" <= 2 OR "hd_dep_count" = 1 AND "hd_vehicle_count" <= 3)) AND ("hd_dep_count" IN (3, 0, 1) AND "hd_demo_sk" IS NOT NULL)) AS "t4" ON "t1"."ss_hdemo_sk" = "t4"."hd_demo_sk"
INNER JOIN (SELECT "t_time_sk"
FROM (SELECT "t_time_sk", "t_hour", "t_minute"
FROM "time_dim") AS "t5"
WHERE "t_minute" >= 30 AND ("t_hour" = 8 AND "t_time_sk" IS NOT NULL)) AS "t7" ON "t1"."ss_sold_time_sk" = "t7"."t_time_sk"
INNER JOIN (SELECT "s_store_sk"
FROM (SELECT "s_store_sk", "s_store_name"
FROM "store") AS "t8"
WHERE "s_store_name" = 'ese' AND "s_store_sk" IS NOT NULL) AS "t10" ON "t1"."ss_store_sk" = "t10"."s_store_sk"
                    hive.sql.query.fieldNames $f0
                    hive.sql.query.fieldTypes bigint
                    hive.sql.query.split false
                  Statistics: Num rows: 1 Data size: 8 Basic stats: COMPLETE Column stats: NONE
                  Select Operator
                    expressions: $f0 (type: bigint)
                    outputColumnNames: _col0
                    Statistics: Num rows: 1 Data size: 8 Basic stats: COMPLETE Column stats: NONE
                    Reduce Output Operator
                      null sort order: 
                      sort order: 
                      Statistics: Num rows: 1 Data size: 8 Basic stats: COMPLETE Column stats: NONE
                      value expressions: _col0 (type: bigint)
            Execution mode: vectorized, llap
            LLAP IO: no inputs
        Map 10 
            Map Operator Tree:
                TableScan
                  alias: store_sales
                  properties:
                    hive.sql.query SELECT COUNT(*) AS "$f0"
FROM (SELECT "ss_sold_time_sk", "ss_hdemo_sk", "ss_store_sk"
FROM (SELECT "ss_sold_time_sk", "ss_hdemo_sk", "ss_store_sk"
FROM "store_sales") AS "t"
WHERE "ss_hdemo_sk" IS NOT NULL AND ("ss_sold_time_sk" IS NOT NULL AND "ss_store_sk" IS NOT NULL)) AS "t1"
INNER JOIN (SELECT "hd_demo_sk"
FROM (SELECT "hd_demo_sk", "hd_dep_count", "hd_vehicle_count"
FROM "household_demographics") AS "t2"
WHERE ("hd_vehicle_count" <= 5 OR ("hd_vehicle_count" <= 2 OR "hd_vehicle_count" <= 3)) AND ("hd_dep_count" = 3 AND "hd_vehicle_count" <= 5 OR ("hd_dep_count" = 0 AND "hd_vehicle_count" <= 2 OR "hd_dep_count" = 1 AND "hd_vehicle_count" <= 3)) AND ("hd_dep_count" IN (3, 0, 1) AND "hd_demo_sk" IS NOT NULL)) AS "t4" ON "t1"."ss_hdemo_sk" = "t4"."hd_demo_sk"
INNER JOIN (SELECT "t_time_sk"
FROM (SELECT "t_time_sk", "t_hour", "t_minute"
FROM "time_dim") AS "t5"
WHERE "t_minute" >= 30 AND ("t_hour" = 11 AND "t_time_sk" IS NOT NULL)) AS "t7" ON "t1"."ss_sold_time_sk" = "t7"."t_time_sk"
INNER JOIN (SELECT "s_store_sk"
FROM (SELECT "s_store_sk", "s_store_name"
FROM "store") AS "t8"
WHERE "s_store_name" = 'ese' AND "s_store_sk" IS NOT NULL) AS "t10" ON "t1"."ss_store_sk" = "t10"."s_store_sk"
                    hive.sql.query.fieldNames $f0
                    hive.sql.query.fieldTypes bigint
                    hive.sql.query.split false
                  Statistics: Num rows: 1 Data size: 8 Basic stats: COMPLETE Column stats: NONE
                  Select Operator
                    expressions: $f0 (type: bigint)
                    outputColumnNames: _col0
                    Statistics: Num rows: 1 Data size: 8 Basic stats: COMPLETE Column stats: NONE
                    Reduce Output Operator
                      null sort order: 
                      sort order: 
                      Statistics: Num rows: 1 Data size: 8 Basic stats: COMPLETE Column stats: NONE
                      value expressions: _col0 (type: bigint)
            Execution mode: vectorized, llap
            LLAP IO: no inputs
        Map 11 
            Map Operator Tree:
                TableScan
                  alias: store_sales
                  properties:
                    hive.sql.query SELECT COUNT(*) AS "$f0"
FROM (SELECT "ss_sold_time_sk", "ss_hdemo_sk", "ss_store_sk"
FROM (SELECT "ss_sold_time_sk", "ss_hdemo_sk", "ss_store_sk"
FROM "store_sales") AS "t"
WHERE "ss_hdemo_sk" IS NOT NULL AND ("ss_sold_time_sk" IS NOT NULL AND "ss_store_sk" IS NOT NULL)) AS "t1"
INNER JOIN (SELECT "hd_demo_sk"
FROM (SELECT "hd_demo_sk", "hd_dep_count", "hd_vehicle_count"
FROM "household_demographics") AS "t2"
WHERE ("hd_vehicle_count" <= 5 OR ("hd_vehicle_count" <= 2 OR "hd_vehicle_count" <= 3)) AND ("hd_dep_count" = 3 AND "hd_vehicle_count" <= 5 OR ("hd_dep_count" = 0 AND "hd_vehicle_count" <= 2 OR "hd_dep_count" = 1 AND "hd_vehicle_count" <= 3)) AND ("hd_dep_count" IN (3, 0, 1) AND "hd_demo_sk" IS NOT NULL)) AS "t4" ON "t1"."ss_hdemo_sk" = "t4"."hd_demo_sk"
INNER JOIN (SELECT "t_time_sk"
FROM (SELECT "t_time_sk", "t_hour", "t_minute"
FROM "time_dim") AS "t5"
WHERE "t_minute" < 30 AND ("t_hour" = 11 AND "t_time_sk" IS NOT NULL)) AS "t7" ON "t1"."ss_sold_time_sk" = "t7"."t_time_sk"
INNER JOIN (SELECT "s_store_sk"
FROM (SELECT "s_store_sk", "s_store_name"
FROM "store") AS "t8"
WHERE "s_store_name" = 'ese' AND "s_store_sk" IS NOT NULL) AS "t10" ON "t1"."ss_store_sk" = "t10"."s_store_sk"
                    hive.sql.query.fieldNames $f0
                    hive.sql.query.fieldTypes bigint
                    hive.sql.query.split false
                  Statistics: Num rows: 1 Data size: 8 Basic stats: COMPLETE Column stats: NONE
                  Select Operator
                    expressions: $f0 (type: bigint)
                    outputColumnNames: _col0
                    Statistics: Num rows: 1 Data size: 8 Basic stats: COMPLETE Column stats: NONE
                    Reduce Output Operator
                      null sort order: 
                      sort order: 
                      Statistics: Num rows: 1 Data size: 8 Basic stats: COMPLETE Column stats: NONE
                      value expressions: _col0 (type: bigint)
            Execution mode: vectorized, llap
            LLAP IO: no inputs
        Map 12 
            Map Operator Tree:
                TableScan
                  alias: store_sales
                  properties:
                    hive.sql.query SELECT COUNT(*) AS "$f0"
FROM (SELECT "ss_sold_time_sk", "ss_hdemo_sk", "ss_store_sk"
FROM (SELECT "ss_sold_time_sk", "ss_hdemo_sk", "ss_store_sk"
FROM "store_sales") AS "t"
WHERE "ss_hdemo_sk" IS NOT NULL AND ("ss_sold_time_sk" IS NOT NULL AND "ss_store_sk" IS NOT NULL)) AS "t1"
INNER JOIN (SELECT "hd_demo_sk"
FROM (SELECT "hd_demo_sk", "hd_dep_count", "hd_vehicle_count"
FROM "household_demographics") AS "t2"
WHERE ("hd_vehicle_count" <= 5 OR ("hd_vehicle_count" <= 2 OR "hd_vehicle_count" <= 3)) AND ("hd_dep_count" = 3 AND "hd_vehicle_count" <= 5 OR ("hd_dep_count" = 0 AND "hd_vehicle_count" <= 2 OR "hd_dep_count" = 1 AND "hd_vehicle_count" <= 3)) AND ("hd_dep_count" IN (3, 0, 1) AND "hd_demo_sk" IS NOT NULL)) AS "t4" ON "t1"."ss_hdemo_sk" = "t4"."hd_demo_sk"
INNER JOIN (SELECT "t_time_sk"
FROM (SELECT "t_time_sk", "t_hour", "t_minute"
FROM "time_dim") AS "t5"
WHERE "t_minute" >= 30 AND ("t_hour" = 10 AND "t_time_sk" IS NOT NULL)) AS "t7" ON "t1"."ss_sold_time_sk" = "t7"."t_time_sk"
INNER JOIN (SELECT "s_store_sk"
FROM (SELECT "s_store_sk", "s_store_name"
FROM "store") AS "t8"
WHERE "s_store_name" = 'ese' AND "s_store_sk" IS NOT NULL) AS "t10" ON "t1"."ss_store_sk" = "t10"."s_store_sk"
                    hive.sql.query.fieldNames $f0
                    hive.sql.query.fieldTypes bigint
                    hive.sql.query.split false
                  Statistics: Num rows: 1 Data size: 8 Basic stats: COMPLETE Column stats: NONE
                  Select Operator
                    expressions: $f0 (type: bigint)
                    outputColumnNames: _col0
                    Statistics: Num rows: 1 Data size: 8 Basic stats: COMPLETE Column stats: NONE
                    Reduce Output Operator
                      null sort order: 
                      sort order: 
                      Statistics: Num rows: 1 Data size: 8 Basic stats: COMPLETE Column stats: NONE
                      value expressions: _col0 (type: bigint)
            Execution mode: vectorized, llap
            LLAP IO: no inputs
        Map 13 
            Map Operator Tree:
                TableScan
                  alias: store_sales
                  properties:
                    hive.sql.query SELECT COUNT(*) AS "$f0"
FROM (SELECT "ss_sold_time_sk", "ss_hdemo_sk", "ss_store_sk"
FROM (SELECT "ss_sold_time_sk", "ss_hdemo_sk", "ss_store_sk"
FROM "store_sales") AS "t"
WHERE "ss_hdemo_sk" IS NOT NULL AND ("ss_sold_time_sk" IS NOT NULL AND "ss_store_sk" IS NOT NULL)) AS "t1"
INNER JOIN (SELECT "hd_demo_sk"
FROM (SELECT "hd_demo_sk", "hd_dep_count", "hd_vehicle_count"
FROM "household_demographics") AS "t2"
WHERE ("hd_vehicle_count" <= 5 OR ("hd_vehicle_count" <= 2 OR "hd_vehicle_count" <= 3)) AND ("hd_dep_count" = 3 AND "hd_vehicle_count" <= 5 OR ("hd_dep_count" = 0 AND "hd_vehicle_count" <= 2 OR "hd_dep_count" = 1 AND "hd_vehicle_count" <= 3)) AND ("hd_dep_count" IN (3, 0, 1) AND "hd_demo_sk" IS NOT NULL)) AS "t4" ON "t1"."ss_hdemo_sk" = "t4"."hd_demo_sk"
INNER JOIN (SELECT "t_time_sk"
FROM (SELECT "t_time_sk", "t_hour", "t_minute"
FROM "time_dim") AS "t5"
WHERE "t_minute" < 30 AND ("t_hour" = 10 AND "t_time_sk" IS NOT NULL)) AS "t7" ON "t1"."ss_sold_time_sk" = "t7"."t_time_sk"
INNER JOIN (SELECT "s_store_sk"
FROM (SELECT "s_store_sk", "s_store_name"
FROM "store") AS "t8"
WHERE "s_store_name" = 'ese' AND "s_store_sk" IS NOT NULL) AS "t10" ON "t1"."ss_store_sk" = "t10"."s_store_sk"
                    hive.sql.query.fieldNames $f0
                    hive.sql.query.fieldTypes bigint
                    hive.sql.query.split false
                  Statistics: Num rows: 1 Data size: 8 Basic stats: COMPLETE Column stats: NONE
                  Select Operator
                    expressions: $f0 (type: bigint)
                    outputColumnNames: _col0
                    Statistics: Num rows: 1 Data size: 8 Basic stats: COMPLETE Column stats: NONE
                    Reduce Output Operator
                      null sort order: 
                      sort order: 
                      Statistics: Num rows: 1 Data size: 8 Basic stats: COMPLETE Column stats: NONE
                      value expressions: _col0 (type: bigint)
            Execution mode: vectorized, llap
            LLAP IO: no inputs
        Map 14 
            Map Operator Tree:
                TableScan
                  alias: store_sales
                  properties:
                    hive.sql.query SELECT COUNT(*) AS "$f0"
FROM (SELECT "ss_sold_time_sk", "ss_hdemo_sk", "ss_store_sk"
FROM (SELECT "ss_sold_time_sk", "ss_hdemo_sk", "ss_store_sk"
FROM "store_sales") AS "t"
WHERE "ss_hdemo_sk" IS NOT NULL AND ("ss_sold_time_sk" IS NOT NULL AND "ss_store_sk" IS NOT NULL)) AS "t1"
INNER JOIN (SELECT "hd_demo_sk"
FROM (SELECT "hd_demo_sk", "hd_dep_count", "hd_vehicle_count"
FROM "household_demographics") AS "t2"
WHERE ("hd_vehicle_count" <= 5 OR ("hd_vehicle_count" <= 2 OR "hd_vehicle_count" <= 3)) AND ("hd_dep_count" = 3 AND "hd_vehicle_count" <= 5 OR ("hd_dep_count" = 0 AND "hd_vehicle_count" <= 2 OR "hd_dep_count" = 1 AND "hd_vehicle_count" <= 3)) AND ("hd_dep_count" IN (3, 0, 1) AND "hd_demo_sk" IS NOT NULL)) AS "t4" ON "t1"."ss_hdemo_sk" = "t4"."hd_demo_sk"
INNER JOIN (SELECT "t_time_sk"
FROM (SELECT "t_time_sk", "t_hour", "t_minute"
FROM "time_dim") AS "t5"
WHERE "t_minute" >= 30 AND ("t_hour" = 9 AND "t_time_sk" IS NOT NULL)) AS "t7" ON "t1"."ss_sold_time_sk" = "t7"."t_time_sk"
INNER JOIN (SELECT "s_store_sk"
FROM (SELECT "s_store_sk", "s_store_name"
FROM "store") AS "t8"
WHERE "s_store_name" = 'ese' AND "s_store_sk" IS NOT NULL) AS "t10" ON "t1"."ss_store_sk" = "t10"."s_store_sk"
                    hive.sql.query.fieldNames $f0
                    hive.sql.query.fieldTypes bigint
                    hive.sql.query.split false
                  Statistics: Num rows: 1 Data size: 8 Basic stats: COMPLETE Column stats: NONE
                  Select Operator
                    expressions: $f0 (type: bigint)
                    outputColumnNames: _col0
                    Statistics: Num rows: 1 Data size: 8 Basic stats: COMPLETE Column stats: NONE
                    Reduce Output Operator
                      null sort order: 
                      sort order: 
                      Statistics: Num rows: 1 Data size: 8 Basic stats: COMPLETE Column stats: NONE
                      value expressions: _col0 (type: bigint)
            Execution mode: vectorized, llap
            LLAP IO: no inputs
        Map 15 
            Map Operator Tree:
                TableScan
                  alias: store_sales
                  properties:
                    hive.sql.query SELECT COUNT(*) AS "$f0"
FROM (SELECT "ss_sold_time_sk", "ss_hdemo_sk", "ss_store_sk"
FROM (SELECT "ss_sold_time_sk", "ss_hdemo_sk", "ss_store_sk"
FROM "store_sales") AS "t"
WHERE "ss_hdemo_sk" IS NOT NULL AND ("ss_sold_time_sk" IS NOT NULL AND "ss_store_sk" IS NOT NULL)) AS "t1"
INNER JOIN (SELECT "hd_demo_sk"
FROM (SELECT "hd_demo_sk", "hd_dep_count", "hd_vehicle_count"
FROM "household_demographics") AS "t2"
WHERE ("hd_vehicle_count" <= 5 OR ("hd_vehicle_count" <= 2 OR "hd_vehicle_count" <= 3)) AND ("hd_dep_count" = 3 AND "hd_vehicle_count" <= 5 OR ("hd_dep_count" = 0 AND "hd_vehicle_count" <= 2 OR "hd_dep_count" = 1 AND "hd_vehicle_count" <= 3)) AND ("hd_dep_count" IN (3, 0, 1) AND "hd_demo_sk" IS NOT NULL)) AS "t4" ON "t1"."ss_hdemo_sk" = "t4"."hd_demo_sk"
INNER JOIN (SELECT "t_time_sk"
FROM (SELECT "t_time_sk", "t_hour", "t_minute"
FROM "time_dim") AS "t5"
WHERE "t_minute" < 30 AND ("t_hour" = 9 AND "t_time_sk" IS NOT NULL)) AS "t7" ON "t1"."ss_sold_time_sk" = "t7"."t_time_sk"
INNER JOIN (SELECT "s_store_sk"
FROM (SELECT "s_store_sk", "s_store_name"
FROM "store") AS "t8"
WHERE "s_store_name" = 'ese' AND "s_store_sk" IS NOT NULL) AS "t10" ON "t1"."ss_store_sk" = "t10"."s_store_sk"
                    hive.sql.query.fieldNames $f0
                    hive.sql.query.fieldTypes bigint
                    hive.sql.query.split false
                  Statistics: Num rows: 1 Data size: 8 Basic stats: COMPLETE Column stats: NONE
                  Select Operator
                    expressions: $f0 (type: bigint)
                    outputColumnNames: _col0
                    Statistics: Num rows: 1 Data size: 8 Basic stats: COMPLETE Column stats: NONE
                    Reduce Output Operator
                      null sort order: 
                      sort order: 
                      Statistics: Num rows: 1 Data size: 8 Basic stats: COMPLETE Column stats: NONE
                      value expressions: _col0 (type: bigint)
            Execution mode: vectorized, llap
            LLAP IO: no inputs
        Map 9 
            Map Operator Tree:
                TableScan
                  alias: store_sales
                  properties:
                    hive.sql.query SELECT COUNT(*) AS "$f0"
FROM (SELECT "ss_sold_time_sk", "ss_hdemo_sk", "ss_store_sk"
FROM (SELECT "ss_sold_time_sk", "ss_hdemo_sk", "ss_store_sk"
FROM "store_sales") AS "t"
WHERE "ss_hdemo_sk" IS NOT NULL AND ("ss_sold_time_sk" IS NOT NULL AND "ss_store_sk" IS NOT NULL)) AS "t1"
INNER JOIN (SELECT "hd_demo_sk"
FROM (SELECT "hd_demo_sk", "hd_dep_count", "hd_vehicle_count"
FROM "household_demographics") AS "t2"
WHERE ("hd_vehicle_count" <= 5 OR ("hd_vehicle_count" <= 2 OR "hd_vehicle_count" <= 3)) AND ("hd_dep_count" = 3 AND "hd_vehicle_count" <= 5 OR ("hd_dep_count" = 0 AND "hd_vehicle_count" <= 2 OR "hd_dep_count" = 1 AND "hd_vehicle_count" <= 3)) AND ("hd_dep_count" IN (3, 0, 1) AND "hd_demo_sk" IS NOT NULL)) AS "t4" ON "t1"."ss_hdemo_sk" = "t4"."hd_demo_sk"
INNER JOIN (SELECT "t_time_sk"
FROM (SELECT "t_time_sk", "t_hour", "t_minute"
FROM "time_dim") AS "t5"
WHERE "t_minute" < 30 AND ("t_hour" = 12 AND "t_time_sk" IS NOT NULL)) AS "t7" ON "t1"."ss_sold_time_sk" = "t7"."t_time_sk"
INNER JOIN (SELECT "s_store_sk"
FROM (SELECT "s_store_sk", "s_store_name"
FROM "store") AS "t8"
WHERE "s_store_name" = 'ese' AND "s_store_sk" IS NOT NULL) AS "t10" ON "t1"."ss_store_sk" = "t10"."s_store_sk"
                    hive.sql.query.fieldNames $f0
                    hive.sql.query.fieldTypes bigint
                    hive.sql.query.split false
                  Statistics: Num rows: 1 Data size: 8 Basic stats: COMPLETE Column stats: NONE
                  Select Operator
                    expressions: $f0 (type: bigint)
                    outputColumnNames: _col0
                    Statistics: Num rows: 1 Data size: 8 Basic stats: COMPLETE Column stats: NONE
                    Reduce Output Operator
                      null sort order: 
                      sort order: 
                      Statistics: Num rows: 1 Data size: 8 Basic stats: COMPLETE Column stats: NONE
                      value expressions: _col0 (type: bigint)
            Execution mode: vectorized, llap
            LLAP IO: no inputs
        Reducer 2 
            Execution mode: llap
            Reduce Operator Tree:
              Merge Join Operator
                condition map:
                     Inner Join 0 to 1
                keys:
                  0 
                  1 
                outputColumnNames: _col0, _col1
                Statistics: Num rows: 1 Data size: 17 Basic stats: COMPLETE Column stats: NONE
                Reduce Output Operator
                  null sort order: 
                  sort order: 
                  Statistics: Num rows: 1 Data size: 17 Basic stats: COMPLETE Column stats: NONE
                  value expressions: _col0 (type: bigint), _col1 (type: bigint)
        Reducer 3 
            Execution mode: llap
            Reduce Operator Tree:
              Merge Join Operator
                condition map:
                     Inner Join 0 to 1
                keys:
                  0 
                  1 
                outputColumnNames: _col0, _col1, _col2
                Statistics: Num rows: 1 Data size: 26 Basic stats: COMPLETE Column stats: NONE
                Reduce Output Operator
                  null sort order: 
                  sort order: 
                  Statistics: Num rows: 1 Data size: 26 Basic stats: COMPLETE Column stats: NONE
                  value expressions: _col0 (type: bigint), _col1 (type: bigint), _col2 (type: bigint)
        Reducer 4 
            Execution mode: llap
            Reduce Operator Tree:
              Merge Join Operator
                condition map:
                     Inner Join 0 to 1
                keys:
                  0 
                  1 
                outputColumnNames: _col0, _col1, _col2, _col3
                Statistics: Num rows: 1 Data size: 35 Basic stats: COMPLETE Column stats: NONE
                Reduce Output Operator
                  null sort order: 
                  sort order: 
                  Statistics: Num rows: 1 Data size: 35 Basic stats: COMPLETE Column stats: NONE
                  value expressions: _col0 (type: bigint), _col1 (type: bigint), _col2 (type: bigint), _col3 (type: bigint)
        Reducer 5 
            Execution mode: llap
            Reduce Operator Tree:
              Merge Join Operator
                condition map:
                     Inner Join 0 to 1
                keys:
                  0 
                  1 
                outputColumnNames: _col0, _col1, _col2, _col3, _col4
                Statistics: Num rows: 1 Data size: 44 Basic stats: COMPLETE Column stats: NONE
                Reduce Output Operator
                  null sort order: 
                  sort order: 
                  Statistics: Num rows: 1 Data size: 44 Basic stats: COMPLETE Column stats: NONE
                  value expressions: _col0 (type: bigint), _col1 (type: bigint), _col2 (type: bigint), _col3 (type: bigint), _col4 (type: bigint)
        Reducer 6 
            Execution mode: llap
            Reduce Operator Tree:
              Merge Join Operator
                condition map:
                     Inner Join 0 to 1
                keys:
                  0 
                  1 
                outputColumnNames: _col0, _col1, _col2, _col3, _col4, _col5
                Statistics: Num rows: 1 Data size: 53 Basic stats: COMPLETE Column stats: NONE
                Reduce Output Operator
                  null sort order: 
                  sort order: 
                  Statistics: Num rows: 1 Data size: 53 Basic stats: COMPLETE Column stats: NONE
                  value expressions: _col0 (type: bigint), _col1 (type: bigint), _col2 (type: bigint), _col3 (type: bigint), _col4 (type: bigint), _col5 (type: bigint)
        Reducer 7 
            Execution mode: llap
            Reduce Operator Tree:
              Merge Join Operator
                condition map:
                     Inner Join 0 to 1
                keys:
                  0 
                  1 
                outputColumnNames: _col0, _col1, _col2, _col3, _col4, _col5, _col6
                Statistics: Num rows: 1 Data size: 62 Basic stats: COMPLETE Column stats: NONE
                Reduce Output Operator
                  null sort order: 
                  sort order: 
                  Statistics: Num rows: 1 Data size: 62 Basic stats: COMPLETE Column stats: NONE
                  value expressions: _col0 (type: bigint), _col1 (type: bigint), _col2 (type: bigint), _col3 (type: bigint), _col4 (type: bigint), _col5 (type: bigint), _col6 (type: bigint)
        Reducer 8 
            Execution mode: llap
            Reduce Operator Tree:
              Merge Join Operator
                condition map:
                     Inner Join 0 to 1
                keys:
                  0 
                  1 
                outputColumnNames: _col0, _col1, _col2, _col3, _col4, _col5, _col6, _col7
                Statistics: Num rows: 1 Data size: 71 Basic stats: COMPLETE Column stats: NONE
                Select Operator
                  expressions: _col0 (type: bigint), _col7 (type: bigint), _col6 (type: bigint), _col5 (type: bigint), _col4 (type: bigint), _col3 (type: bigint), _col2 (type: bigint), _col1 (type: bigint)
                  outputColumnNames: _col0, _col1, _col2, _col3, _col4, _col5, _col6, _col7
                  Statistics: Num rows: 1 Data size: 71 Basic stats: COMPLETE Column stats: NONE
                  File Output Operator
                    compressed: false
                    Statistics: Num rows: 1 Data size: 71 Basic stats: COMPLETE Column stats: NONE
                    table:
                        input format: org.apache.hadoop.mapred.SequenceFileInputFormat
                        output format: org.apache.hadoop.hive.ql.io.HiveSequenceFileOutputFormat
                        serde: org.apache.hadoop.hive.serde2.lazy.LazySimpleSerDe

  Stage: Stage-0
    Fetch Operator
      limit: -1
      Processor Tree:
        ListSink

