Warning: Shuffle Join MERGEJOIN[43][tables = [$hdt$_1, $hdt$_2]] in Stage 'Reducer 2' is a cross product
PREHOOK: query: explain
select  ca_zip, ca_county, sum(ws_sales_price)
 from web_sales, customer, customer_address, date_dim, item
 where ws_bill_customer_sk = c_customer_sk
 	and c_current_addr_sk = ca_address_sk 
 	and ws_item_sk = i_item_sk 
 	and ( substr(ca_zip,1,5) in ('85669', '86197','88274','83405','86475', '85392', '85460', '80348', '81792')
 	      or 
 	      i_item_id in (select i_item_id
                             from item
                             where i_item_sk in (2, 3, 5, 7, 11, 13, 17, 19, 23, 29)
                             )
 	    )
 	and ws_sold_date_sk = d_date_sk
 	and d_qoy = 2 and d_year = 2000
 group by ca_zip, ca_county
 order by ca_zip, ca_county
 limit 100
PREHOOK: type: QUERY
PREHOOK: Input: default@customer
PREHOOK: Input: default@customer_address
PREHOOK: Input: default@date_dim
PREHOOK: Input: default@item
PREHOOK: Input: default@web_sales
#### A masked pattern was here ####
POSTHOOK: query: explain
select  ca_zip, ca_county, sum(ws_sales_price)
 from web_sales, customer, customer_address, date_dim, item
 where ws_bill_customer_sk = c_customer_sk
 	and c_current_addr_sk = ca_address_sk 
 	and ws_item_sk = i_item_sk 
 	and ( substr(ca_zip,1,5) in ('85669', '86197','88274','83405','86475', '85392', '85460', '80348', '81792')
 	      or 
 	      i_item_id in (select i_item_id
                             from item
                             where i_item_sk in (2, 3, 5, 7, 11, 13, 17, 19, 23, 29)
                             )
 	    )
 	and ws_sold_date_sk = d_date_sk
 	and d_qoy = 2 and d_year = 2000
 group by ca_zip, ca_county
 order by ca_zip, ca_county
 limit 100
POSTHOOK: type: QUERY
POSTHOOK: Input: default@customer
POSTHOOK: Input: default@customer_address
POSTHOOK: Input: default@date_dim
POSTHOOK: Input: default@item
POSTHOOK: Input: default@web_sales
#### A masked pattern was here ####
STAGE DEPENDENCIES:
  Stage-1 is a root stage
  Stage-0 depends on stages: Stage-1

STAGE PLANS:
  Stage: Stage-1
    Tez
#### A masked pattern was here ####
      Edges:
        Reducer 2 <- Map 1 (XPROD_EDGE), Map 7 (XPROD_EDGE)
        Reducer 3 <- Map 8 (SIMPLE_EDGE), Reducer 2 (SIMPLE_EDGE)
        Reducer 4 <- Map 9 (SIMPLE_EDGE), Reducer 3 (SIMPLE_EDGE)
        Reducer 5 <- Reducer 4 (SIMPLE_EDGE)
        Reducer 6 <- Reducer 5 (SIMPLE_EDGE)
#### A masked pattern was here ####
      Vertices:
        Map 1 
            Map Operator Tree:
                TableScan
                  alias: item
                  properties:
                    hive.sql.query SELECT "i_item_sk", "i_item_id"
FROM (SELECT "i_item_sk", "i_item_id"
FROM "item") AS "t"
WHERE "i_item_sk" IS NOT NULL
                    hive.sql.query.fieldNames i_item_sk,i_item_id
                    hive.sql.query.fieldTypes bigint,string
                    hive.sql.query.split true
                  Statistics: Num rows: 1 Data size: 192 Basic stats: COMPLETE Column stats: NONE
                  Select Operator
                    expressions: i_item_sk (type: bigint), i_item_id (type: string)
                    outputColumnNames: _col0, _col1
                    Statistics: Num rows: 1 Data size: 192 Basic stats: COMPLETE Column stats: NONE
                    Reduce Output Operator
                      null sort order: 
                      sort order: 
                      Statistics: Num rows: 1 Data size: 192 Basic stats: COMPLETE Column stats: NONE
                      value expressions: _col0 (type: bigint), _col1 (type: string)
            Execution mode: vectorized, llap
            LLAP IO: no inputs
        Map 7 
            Map Operator Tree:
                TableScan
                  alias: item
                  properties:
                    hive.sql.query SELECT COUNT(*) AS "c"
FROM (SELECT "i_item_sk", "i_item_id"
FROM "item") AS "t"
WHERE "i_item_sk" IN (2, 3, 5, 7, 11, 13, 17, 19, 23, 29)
                    hive.sql.query.fieldNames c
                    hive.sql.query.fieldTypes bigint
                    hive.sql.query.split false
                  Statistics: Num rows: 1 Data size: 8 Basic stats: COMPLETE Column stats: NONE
                  Select Operator
                    expressions: c (type: bigint)
                    outputColumnNames: _col0
                    Statistics: Num rows: 1 Data size: 8 Basic stats: COMPLETE Column stats: NONE
                    Reduce Output Operator
                      null sort order: 
                      sort order: 
                      Statistics: Num rows: 1 Data size: 8 Basic stats: COMPLETE Column stats: NONE
                      value expressions: _col0 (type: bigint)
            Execution mode: vectorized, llap
            LLAP IO: no inputs
        Map 8 
            Map Operator Tree:
                TableScan
                  alias: item
                  properties:
                    hive.sql.query SELECT "i_item_id", TRUE AS "literalTrue"
FROM (SELECT "i_item_sk", "i_item_id"
FROM "item") AS "t"
WHERE "i_item_sk" IN (2, 3, 5, 7, 11, 13, 17, 19, 23, 29) AND "i_item_id" IS NOT NULL
GROUP BY "i_item_id"
                    hive.sql.query.fieldNames i_item_id,literalTrue
                    hive.sql.query.fieldTypes string,boolean
                    hive.sql.query.split false
                  Statistics: Num rows: 1 Data size: 188 Basic stats: COMPLETE Column stats: NONE
                  Select Operator
                    expressions: i_item_id (type: string), literaltrue (type: boolean)
                    outputColumnNames: _col0, _col1
                    Statistics: Num rows: 1 Data size: 188 Basic stats: COMPLETE Column stats: NONE
                    Reduce Output Operator
                      key expressions: _col0 (type: string)
                      null sort order: z
                      sort order: +
                      Map-reduce partition columns: _col0 (type: string)
                      Statistics: Num rows: 1 Data size: 188 Basic stats: COMPLETE Column stats: NONE
                      value expressions: _col1 (type: boolean)
            Execution mode: vectorized, llap
            LLAP IO: no inputs
        Map 9 
            Map Operator Tree:
                TableScan
                  alias: web_sales
                  properties:
                    hive.sql.query SELECT "t1"."ws_sold_date_sk", "t1"."ws_item_sk", "t1"."ws_bill_customer_sk", "t1"."ws_sales_price", "t4"."d_date_sk", "t4"."d_year", "t4"."d_qoy", "t11"."ca_address_sk", "t11"."ca_county", "t11"."ca_zip", "t11"."c_customer_sk", "t11"."c_current_addr_sk"
FROM (SELECT "ws_sold_date_sk", "ws_item_sk", "ws_bill_customer_sk", "ws_sales_price"
FROM (SELECT "ws_sold_date_sk", "ws_item_sk", "ws_bill_customer_sk", "ws_sales_price"
FROM "web_sales") AS "t"
WHERE "ws_bill_customer_sk" IS NOT NULL AND ("ws_sold_date_sk" IS NOT NULL AND "ws_item_sk" IS NOT NULL)) AS "t1"
INNER JOIN (SELECT "d_date_sk", "d_year", "d_qoy"
FROM (SELECT "d_date_sk", "d_year", "d_qoy"
FROM "date_dim") AS "t2"
WHERE "d_qoy" = 2 AND ("d_year" = 2000 AND "d_date_sk" IS NOT NULL)) AS "t4" ON "t1"."ws_sold_date_sk" = "t4"."d_date_sk"
INNER JOIN (SELECT "t7"."ca_address_sk", "t7"."ca_county", "t7"."ca_zip", "t10"."c_customer_sk", "t10"."c_current_addr_sk"
FROM (SELECT "ca_address_sk", "ca_county", "ca_zip"
FROM (SELECT "ca_address_sk", "ca_county", "ca_zip"
FROM "customer_address") AS "t5"
WHERE "ca_address_sk" IS NOT NULL) AS "t7"
INNER JOIN (SELECT "c_customer_sk", "c_current_addr_sk"
FROM (SELECT "c_customer_sk", "c_current_addr_sk"
FROM "customer") AS "t8"
WHERE "c_customer_sk" IS NOT NULL AND "c_current_addr_sk" IS NOT NULL) AS "t10" ON "t7"."ca_address_sk" = "t10"."c_current_addr_sk") AS "t11" ON "t1"."ws_bill_customer_sk" = "t11"."c_customer_sk"
                    hive.sql.query.fieldNames ws_sold_date_sk,ws_item_sk,ws_bill_customer_sk,ws_sales_price,d_date_sk,d_year,d_qoy,ca_address_sk,ca_county,ca_zip,c_customer_sk,c_current_addr_sk
                    hive.sql.query.fieldTypes int,bigint,int,decimal(7,2),int,int,int,int,string,string,int,int
                    hive.sql.query.split false
                  Statistics: Num rows: 1 Data size: 488 Basic stats: COMPLETE Column stats: NONE
                  Select Operator
                    expressions: ws_item_sk (type: bigint), ws_sales_price (type: decimal(7,2)), ca_county (type: string), ca_zip (type: string)
                    outputColumnNames: _col1, _col3, _col8, _col9
                    Statistics: Num rows: 1 Data size: 488 Basic stats: COMPLETE Column stats: NONE
                    Reduce Output Operator
                      key expressions: _col1 (type: bigint)
                      null sort order: z
                      sort order: +
                      Map-reduce partition columns: _col1 (type: bigint)
                      Statistics: Num rows: 1 Data size: 488 Basic stats: COMPLETE Column stats: NONE
                      value expressions: _col3 (type: decimal(7,2)), _col8 (type: string), _col9 (type: string)
            Execution mode: vectorized, llap
            LLAP IO: no inputs
        Reducer 2 
            Execution mode: llap
            Reduce Operator Tree:
              Merge Join Operator
                condition map:
                     Inner Join 0 to 1
                keys:
                  0 
                  1 
                outputColumnNames: _col0, _col1, _col2
                Statistics: Num rows: 1 Data size: 201 Basic stats: COMPLETE Column stats: NONE
                Reduce Output Operator
                  key expressions: _col1 (type: string)
                  null sort order: z
                  sort order: +
                  Map-reduce partition columns: _col1 (type: string)
                  Statistics: Num rows: 1 Data size: 201 Basic stats: COMPLETE Column stats: NONE
                  value expressions: _col0 (type: bigint), _col2 (type: bigint)
        Reducer 3 
            Execution mode: llap
            Reduce Operator Tree:
              Merge Join Operator
                condition map:
                     Left Outer Join 0 to 1
                keys:
                  0 _col1 (type: string)
                  1 _col0 (type: string)
                outputColumnNames: _col0, _col2, _col4
                Statistics: Num rows: 1 Data size: 221 Basic stats: COMPLETE Column stats: NONE
                Reduce Output Operator
                  key expressions: _col0 (type: bigint)
                  null sort order: z
                  sort order: +
                  Map-reduce partition columns: _col0 (type: bigint)
                  Statistics: Num rows: 1 Data size: 221 Basic stats: COMPLETE Column stats: NONE
                  value expressions: _col2 (type: bigint), _col4 (type: boolean)
        Reducer 4 
            Execution mode: llap
            Reduce Operator Tree:
              Merge Join Operator
                condition map:
                     Inner Join 0 to 1
                keys:
                  0 _col0 (type: bigint)
                  1 _col1 (type: bigint)
                outputColumnNames: _col2, _col4, _col8, _col13, _col14
                Statistics: Num rows: 1 Data size: 243 Basic stats: COMPLETE Column stats: NONE
                Select Operator
                  expressions: _col8 (type: decimal(7,2)), _col13 (type: string), _col14 (type: string), _col2 (type: bigint), _col4 (type: boolean)
                  outputColumnNames: _col3, _col7, _col8, _col14, _col16
                  Statistics: Num rows: 1 Data size: 243 Basic stats: COMPLETE Column stats: NONE
                  Filter Operator
                    predicate: (((_col14 <> 0L) and _col16 is not null) or (substr(_col8, 1, 5)) IN ('85669', '86197', '88274', '83405', '86475', '85392', '85460', '80348', '81792')) (type: boolean)
                    Statistics: Num rows: 1 Data size: 243 Basic stats: COMPLETE Column stats: NONE
                    Top N Key Operator
                      sort order: ++
                      keys: _col8 (type: string), _col7 (type: string)
                      null sort order: zz
                      Statistics: Num rows: 1 Data size: 243 Basic stats: COMPLETE Column stats: NONE
                      top n: 100
                      Select Operator
                        expressions: _col3 (type: decimal(7,2)), _col7 (type: string), _col8 (type: string)
                        outputColumnNames: _col3, _col7, _col8
                        Statistics: Num rows: 1 Data size: 243 Basic stats: COMPLETE Column stats: NONE
                        Group By Operator
                          aggregations: sum(_col3)
                          keys: _col8 (type: string), _col7 (type: string)
                          minReductionHashAggr: 0.99
                          mode: hash
                          outputColumnNames: _col0, _col1, _col2
                          Statistics: Num rows: 1 Data size: 243 Basic stats: COMPLETE Column stats: NONE
                          Reduce Output Operator
                            key expressions: _col0 (type: string), _col1 (type: string)
                            null sort order: zz
                            sort order: ++
                            Map-reduce partition columns: _col0 (type: string), _col1 (type: string)
                            Statistics: Num rows: 1 Data size: 243 Basic stats: COMPLETE Column stats: NONE
                            value expressions: _col2 (type: decimal(17,2))
        Reducer 5 
            Execution mode: vectorized, llap
            Reduce Operator Tree:
              Group By Operator
                aggregations: sum(VALUE._col0)
                keys: KEY._col0 (type: string), KEY._col1 (type: string)
                mode: mergepartial
                outputColumnNames: _col0, _col1, _col2
                Statistics: Num rows: 1 Data size: 243 Basic stats: COMPLETE Column stats: NONE
                Reduce Output Operator
                  key expressions: _col0 (type: string), _col1 (type: string)
                  null sort order: zz
                  sort order: ++
                  Statistics: Num rows: 1 Data size: 243 Basic stats: COMPLETE Column stats: NONE
                  value expressions: _col2 (type: decimal(17,2))
        Reducer 6 
            Execution mode: vectorized, llap
            Reduce Operator Tree:
              Select Operator
                expressions: KEY.reducesinkkey0 (type: string), KEY.reducesinkkey1 (type: string), VALUE._col0 (type: decimal(17,2))
                outputColumnNames: _col0, _col1, _col2
                Statistics: Num rows: 1 Data size: 243 Basic stats: COMPLETE Column stats: NONE
                Limit
                  Number of rows: 100
                  Statistics: Num rows: 1 Data size: 243 Basic stats: COMPLETE Column stats: NONE
                  File Output Operator
                    compressed: false
                    Statistics: Num rows: 1 Data size: 243 Basic stats: COMPLETE Column stats: NONE
                    table:
                        input format: org.apache.hadoop.mapred.SequenceFileInputFormat
                        output format: org.apache.hadoop.hive.ql.io.HiveSequenceFileOutputFormat
                        serde: org.apache.hadoop.hive.serde2.lazy.LazySimpleSerDe

  Stage: Stage-0
    Fetch Operator
      limit: 100
      Processor Tree:
        ListSink

