PREHOOK: query: explain
select  
    sum(ss_net_profit)/sum(ss_ext_sales_price) as gross_margin
   ,i_category
   ,i_class
   ,grouping(i_category)+grouping(i_class) as lochierarchy
   ,rank() over (
 	partition by grouping(i_category)+grouping(i_class),
 	case when grouping(i_class) = 0 then i_category end 
 	order by sum(ss_net_profit)/sum(ss_ext_sales_price) asc) as rank_within_parent
 from
    store_sales
   ,date_dim       d1
   ,item
   ,store
 where
    d1.d_year = 1999 
 and d1.d_date_sk = ss_sold_date_sk
 and i_item_sk  = ss_item_sk 
 and s_store_sk  = ss_store_sk
 and s_state in ('SD','FL','MI','LA',
                 'MO','SC','AL','GA')
 group by rollup(i_category,i_class)
 order by
   lochierarchy desc
  ,case when lochierarchy = 0 then i_category end
  ,rank_within_parent
  limit 100
PREHOOK: type: QUERY
PREHOOK: Input: default@date_dim
PREHOOK: Input: default@item
PREHOOK: Input: default@store
PREHOOK: Input: default@store_sales
#### A masked pattern was here ####
POSTHOOK: query: explain
select  
    sum(ss_net_profit)/sum(ss_ext_sales_price) as gross_margin
   ,i_category
   ,i_class
   ,grouping(i_category)+grouping(i_class) as lochierarchy
   ,rank() over (
 	partition by grouping(i_category)+grouping(i_class),
 	case when grouping(i_class) = 0 then i_category end 
 	order by sum(ss_net_profit)/sum(ss_ext_sales_price) asc) as rank_within_parent
 from
    store_sales
   ,date_dim       d1
   ,item
   ,store
 where
    d1.d_year = 1999 
 and d1.d_date_sk = ss_sold_date_sk
 and i_item_sk  = ss_item_sk 
 and s_store_sk  = ss_store_sk
 and s_state in ('SD','FL','MI','LA',
                 'MO','SC','AL','GA')
 group by rollup(i_category,i_class)
 order by
   lochierarchy desc
  ,case when lochierarchy = 0 then i_category end
  ,rank_within_parent
  limit 100
POSTHOOK: type: QUERY
POSTHOOK: Input: default@date_dim
POSTHOOK: Input: default@item
POSTHOOK: Input: default@store
POSTHOOK: Input: default@store_sales
#### A masked pattern was here ####
STAGE DEPENDENCIES:
  Stage-1 is a root stage
  Stage-0 depends on stages: Stage-1

STAGE PLANS:
  Stage: Stage-1
    Tez
#### A masked pattern was here ####
      Edges:
        Reducer 2 <- Map 1 (SIMPLE_EDGE)
        Reducer 3 <- Reducer 2 (SIMPLE_EDGE)
        Reducer 4 <- Reducer 3 (SIMPLE_EDGE)
#### A masked pattern was here ####
      Vertices:
        Map 1 
            Map Operator Tree:
                TableScan
                  alias: store_sales
                  properties:
                    hive.sql.query SELECT "t10"."i_category" AS "$f0", "t10"."i_class" AS "$f1", "t1"."ss_net_profit" AS "$f2", "t1"."ss_ext_sales_price" AS "$f3"
FROM (SELECT "ss_sold_date_sk", "ss_item_sk", "ss_store_sk", "ss_ext_sales_price", "ss_net_profit"
FROM (SELECT "ss_sold_date_sk", "ss_item_sk", "ss_store_sk", "ss_ext_sales_price", "ss_net_profit"
FROM "store_sales") AS "t"
WHERE "ss_sold_date_sk" IS NOT NULL AND ("ss_item_sk" IS NOT NULL AND "ss_store_sk" IS NOT NULL)) AS "t1"
INNER JOIN (SELECT "d_date_sk"
FROM (SELECT "d_date_sk", "d_year"
FROM "date_dim") AS "t2"
WHERE "d_year" = 1999 AND "d_date_sk" IS NOT NULL) AS "t4" ON "t1"."ss_sold_date_sk" = "t4"."d_date_sk"
INNER JOIN (SELECT "s_store_sk"
FROM (SELECT "s_store_sk", "s_state"
FROM "store") AS "t5"
WHERE "s_state" IN ('SD', 'FL', 'MI', 'LA', 'MO', 'SC', 'AL', 'GA') AND "s_store_sk" IS NOT NULL) AS "t7" ON "t1"."ss_store_sk" = "t7"."s_store_sk"
INNER JOIN (SELECT "i_item_sk", "i_class", "i_category"
FROM (SELECT "i_item_sk", "i_class", "i_category"
FROM "item") AS "t8"
WHERE "i_item_sk" IS NOT NULL) AS "t10" ON "t1"."ss_item_sk" = "t10"."i_item_sk"
                    hive.sql.query.fieldNames $f0,$f1,$f2,$f3
                    hive.sql.query.fieldTypes string,string,decimal(7,2),decimal(7,2)
                    hive.sql.query.split false
                  Statistics: Num rows: 1 Data size: 592 Basic stats: COMPLETE Column stats: NONE
                  Select Operator
                    expressions: $f0 (type: string), $f1 (type: string), $f2 (type: decimal(7,2)), $f3 (type: decimal(7,2))
                    outputColumnNames: _col0, _col1, _col2, _col3
                    Statistics: Num rows: 1 Data size: 592 Basic stats: COMPLETE Column stats: NONE
                    Group By Operator
                      aggregations: sum(_col2), sum(_col3)
                      keys: _col0 (type: string), _col1 (type: string), 0L (type: bigint)
                      grouping sets: 0, 1, 3
                      minReductionHashAggr: 0.99
                      mode: hash
                      outputColumnNames: _col0, _col1, _col2, _col3, _col4
                      Statistics: Num rows: 3 Data size: 1776 Basic stats: COMPLETE Column stats: NONE
                      Reduce Output Operator
                        key expressions: _col0 (type: string), _col1 (type: string), _col2 (type: bigint)
                        null sort order: zzz
                        sort order: +++
                        Map-reduce partition columns: _col0 (type: string), _col1 (type: string), _col2 (type: bigint)
                        Statistics: Num rows: 3 Data size: 1776 Basic stats: COMPLETE Column stats: NONE
                        value expressions: _col3 (type: decimal(17,2)), _col4 (type: decimal(17,2))
            Execution mode: vectorized, llap
            LLAP IO: no inputs
        Reducer 2 
            Execution mode: vectorized, llap
            Reduce Operator Tree:
              Group By Operator
                aggregations: sum(VALUE._col0), sum(VALUE._col1)
                keys: KEY._col0 (type: string), KEY._col1 (type: string), KEY._col2 (type: bigint)
                mode: mergepartial
                outputColumnNames: _col0, _col1, _col2, _col3, _col4
                Statistics: Num rows: 1 Data size: 592 Basic stats: COMPLETE Column stats: NONE
                Select Operator
                  expressions: _col0 (type: string), _col1 (type: string), _col3 (type: decimal(17,2)), _col4 (type: decimal(17,2)), _col2 (type: bigint)
                  outputColumnNames: _col0, _col1, _col2, _col3, _col4
                  Statistics: Num rows: 1 Data size: 592 Basic stats: COMPLETE Column stats: NONE
                  Reduce Output Operator
                    key expressions: (grouping(_col4, 1L) + grouping(_col4, 0L)) (type: bigint), CASE WHEN ((grouping(_col4, 0L) = UDFToLong(0))) THEN (_col0) ELSE (CAST( null AS STRING)) END (type: string), (_col2 / _col3) (type: decimal(37,20))
                    null sort order: aaz
                    sort order: +++
                    Map-reduce partition columns: (grouping(_col4, 1L) + grouping(_col4, 0L)) (type: bigint), CASE WHEN ((grouping(_col4, 0L) = UDFToLong(0))) THEN (_col0) ELSE (CAST( null AS STRING)) END (type: string)
                    Statistics: Num rows: 1 Data size: 592 Basic stats: COMPLETE Column stats: NONE
                    value expressions: _col0 (type: string), _col1 (type: string), _col2 (type: decimal(17,2)), _col3 (type: decimal(17,2)), _col4 (type: bigint)
        Reducer 3 
            Execution mode: vectorized, llap
            Reduce Operator Tree:
              Select Operator
                expressions: VALUE._col0 (type: string), VALUE._col1 (type: string), VALUE._col2 (type: decimal(17,2)), VALUE._col3 (type: decimal(17,2)), VALUE._col4 (type: bigint)
                outputColumnNames: _col0, _col1, _col2, _col3, _col4
                Statistics: Num rows: 1 Data size: 592 Basic stats: COMPLETE Column stats: NONE
                PTF Operator
                  Function definitions:
                      Input definition
                        input alias: ptf_0
                        output shape: _col0: string, _col1: string, _col2: decimal(17,2), _col3: decimal(17,2), _col4: bigint
                        type: WINDOWING
                      Windowing table definition
                        input alias: ptf_1
                        name: windowingtablefunction
                        order by: (_col2 / _col3) ASC NULLS LAST
                        partition by: (grouping(_col4, 1L) + grouping(_col4, 0L)), CASE WHEN ((grouping(_col4, 0L) = UDFToLong(0))) THEN (_col0) ELSE (CAST( null AS STRING)) END
                        raw input shape:
                        window functions:
                            window function definition
                              alias: rank_window_0
                              arguments: (_col2 / _col3)
                              name: rank
                              window function: GenericUDAFRankEvaluator
                              window frame: ROWS PRECEDING(MAX)~FOLLOWING(MAX)
                              isPivotResult: true
                  Statistics: Num rows: 1 Data size: 592 Basic stats: COMPLETE Column stats: NONE
                  Top N Key Operator
                    sort order: -++
                    keys: (grouping(_col4, 1L) + grouping(_col4, 0L)) (type: bigint), if(((grouping(_col4, 1L) + grouping(_col4, 0L)) = 0L), _col0, null) (type: string), rank_window_0 (type: int)
                    null sort order: azz
                    Statistics: Num rows: 1 Data size: 592 Basic stats: COMPLETE Column stats: NONE
                    top n: 100
                    Select Operator
                      expressions: (_col2 / _col3) (type: decimal(37,20)), _col0 (type: string), _col1 (type: string), (grouping(_col4, 1L) + grouping(_col4, 0L)) (type: bigint), rank_window_0 (type: int), if(((grouping(_col4, 1L) + grouping(_col4, 0L)) = 0L), _col0, null) (type: string)
                      outputColumnNames: _col0, _col1, _col2, _col3, _col4, _col5
                      Statistics: Num rows: 1 Data size: 592 Basic stats: COMPLETE Column stats: NONE
                      Reduce Output Operator
                        key expressions: _col3 (type: bigint), _col5 (type: string), _col4 (type: int)
                        null sort order: azz
                        sort order: -++
                        Statistics: Num rows: 1 Data size: 592 Basic stats: COMPLETE Column stats: NONE
                        value expressions: _col0 (type: decimal(37,20)), _col1 (type: string), _col2 (type: string)
        Reducer 4 
            Execution mode: vectorized, llap
            Reduce Operator Tree:
              Select Operator
                expressions: VALUE._col0 (type: decimal(37,20)), VALUE._col1 (type: string), VALUE._col2 (type: string), KEY.reducesinkkey0 (type: bigint), KEY.reducesinkkey2 (type: int)
                outputColumnNames: _col0, _col1, _col2, _col3, _col4
                Statistics: Num rows: 1 Data size: 592 Basic stats: COMPLETE Column stats: NONE
                Limit
                  Number of rows: 100
                  Statistics: Num rows: 1 Data size: 592 Basic stats: COMPLETE Column stats: NONE
                  File Output Operator
                    compressed: false
                    Statistics: Num rows: 1 Data size: 592 Basic stats: COMPLETE Column stats: NONE
                    table:
                        input format: org.apache.hadoop.mapred.SequenceFileInputFormat
                        output format: org.apache.hadoop.hive.ql.io.HiveSequenceFileOutputFormat
                        serde: org.apache.hadoop.hive.serde2.lazy.LazySimpleSerDe

  Stage: Stage-0
    Fetch Operator
      limit: -1
      Processor Tree:
        ListSink

