PREHOOK: query: explain
select  i_brand_id brand_id, i_brand brand,
 	sum(ss_ext_sales_price) ext_price
 from date_dim, store_sales, item
 where d_date_sk = ss_sold_date_sk
 	and ss_item_sk = i_item_sk
 	and i_manager_id=36
 	and d_moy=12
 	and d_year=2001
 group by i_brand, i_brand_id
 order by ext_price desc, i_brand_id
limit 100
PREHOOK: type: QUERY
POSTHOOK: query: explain
select  i_brand_id brand_id, i_brand brand,
 	sum(ss_ext_sales_price) ext_price
 from date_dim, store_sales, item
 where d_date_sk = ss_sold_date_sk
 	and ss_item_sk = i_item_sk
 	and i_manager_id=36
 	and d_moy=12
 	and d_year=2001
 group by i_brand, i_brand_id
 order by ext_price desc, i_brand_id
limit 100
POSTHOOK: type: QUERY
STAGE DEPENDENCIES:
  Stage-1 is a root stage
  Stage-0 depends on stages: Stage-1

STAGE PLANS:
  Stage: Stage-1
    Spark
      Edges:
        Reducer 2 <- Map 1 (PARTITION-LEVEL SORT, 398), Map 6 (PARTITION-LEVEL SORT, 398)
        Reducer 3 <- Map 7 (PARTITION-LEVEL SORT, 440), Reducer 2 (PARTITION-LEVEL SORT, 440)
        Reducer 4 <- Reducer 3 (GROUP, 481)
        Reducer 5 <- Reducer 4 (SORT, 1)
#### A masked pattern was here ####
      Vertices:
        Map 1 
            Map Operator Tree:
                TableScan
                  alias: store_sales
                  Statistics: Num rows: 575995635 Data size: 50814502088 Basic stats: COMPLETE Column stats: NONE
                  Filter Operator
                    predicate: (ss_item_sk is not null and ss_sold_date_sk is not null) (type: boolean)
                    Statistics: Num rows: 575995635 Data size: 50814502088 Basic stats: COMPLETE Column stats: NONE
                    Select Operator
                      expressions: ss_sold_date_sk (type: int), ss_item_sk (type: int), ss_ext_sales_price (type: decimal(7,2))
                      outputColumnNames: _col0, _col1, _col2
                      Statistics: Num rows: 575995635 Data size: 50814502088 Basic stats: COMPLETE Column stats: NONE
                      Reduce Output Operator
                        key expressions: _col0 (type: int)
                        sort order: +
                        Map-reduce partition columns: _col0 (type: int)
                        Statistics: Num rows: 575995635 Data size: 50814502088 Basic stats: COMPLETE Column stats: NONE
                        value expressions: _col1 (type: int), _col2 (type: decimal(7,2))
            Execution mode: vectorized
        Map 6 
            Map Operator Tree:
                TableScan
                  alias: date_dim
                  Statistics: Num rows: 73049 Data size: 81741831 Basic stats: COMPLETE Column stats: NONE
                  Filter Operator
                    predicate: ((d_moy = 12) and (d_year = 2001) and d_date_sk is not null) (type: boolean)
                    Statistics: Num rows: 18262 Data size: 20435178 Basic stats: COMPLETE Column stats: NONE
                    Select Operator
                      expressions: d_date_sk (type: int)
                      outputColumnNames: _col0
                      Statistics: Num rows: 18262 Data size: 20435178 Basic stats: COMPLETE Column stats: NONE
                      Reduce Output Operator
                        key expressions: _col0 (type: int)
                        sort order: +
                        Map-reduce partition columns: _col0 (type: int)
                        Statistics: Num rows: 18262 Data size: 20435178 Basic stats: COMPLETE Column stats: NONE
            Execution mode: vectorized
        Map 7 
            Map Operator Tree:
                TableScan
                  alias: item
                  Statistics: Num rows: 462000 Data size: 663560457 Basic stats: COMPLETE Column stats: NONE
                  Filter Operator
                    predicate: ((i_manager_id = 36) and i_item_sk is not null) (type: boolean)
                    Statistics: Num rows: 231000 Data size: 331780228 Basic stats: COMPLETE Column stats: NONE
                    Select Operator
                      expressions: i_item_sk (type: int), i_brand_id (type: int), i_brand (type: string)
                      outputColumnNames: _col0, _col1, _col2
                      Statistics: Num rows: 231000 Data size: 331780228 Basic stats: COMPLETE Column stats: NONE
                      Reduce Output Operator
                        key expressions: _col0 (type: int)
                        sort order: +
                        Map-reduce partition columns: _col0 (type: int)
                        Statistics: Num rows: 231000 Data size: 331780228 Basic stats: COMPLETE Column stats: NONE
                        value expressions: _col1 (type: int), _col2 (type: string)
            Execution mode: vectorized
        Reducer 2 
            Reduce Operator Tree:
              Join Operator
                condition map:
                     Inner Join 0 to 1
                keys:
                  0 _col0 (type: int)
                  1 _col0 (type: int)
                outputColumnNames: _col1, _col2
                Statistics: Num rows: 633595212 Data size: 55895953508 Basic stats: COMPLETE Column stats: NONE
                Reduce Output Operator
                  key expressions: _col1 (type: int)
                  sort order: +
                  Map-reduce partition columns: _col1 (type: int)
                  Statistics: Num rows: 633595212 Data size: 55895953508 Basic stats: COMPLETE Column stats: NONE
                  value expressions: _col2 (type: decimal(7,2))
        Reducer 3 
            Reduce Operator Tree:
              Join Operator
                condition map:
                     Inner Join 0 to 1
                keys:
                  0 _col1 (type: int)
                  1 _col0 (type: int)
                outputColumnNames: _col2, _col7, _col8
                Statistics: Num rows: 696954748 Data size: 61485550191 Basic stats: COMPLETE Column stats: NONE
                Group By Operator
                  aggregations: sum(_col2)
                  keys: _col7 (type: int), _col8 (type: string)
                  mode: hash
                  outputColumnNames: _col0, _col1, _col2
                  Statistics: Num rows: 696954748 Data size: 61485550191 Basic stats: COMPLETE Column stats: NONE
                  Reduce Output Operator
                    key expressions: _col0 (type: int), _col1 (type: string)
                    sort order: ++
                    Map-reduce partition columns: _col0 (type: int), _col1 (type: string)
                    Statistics: Num rows: 696954748 Data size: 61485550191 Basic stats: COMPLETE Column stats: NONE
                    value expressions: _col2 (type: decimal(17,2))
        Reducer 4 
            Execution mode: vectorized
            Reduce Operator Tree:
              Group By Operator
                aggregations: sum(VALUE._col0)
                keys: KEY._col0 (type: int), KEY._col1 (type: string)
                mode: mergepartial
                outputColumnNames: _col0, _col1, _col2
                Statistics: Num rows: 348477374 Data size: 30742775095 Basic stats: COMPLETE Column stats: NONE
                Select Operator
                  expressions: _col1 (type: string), _col2 (type: decimal(17,2)), _col0 (type: int)
                  outputColumnNames: _col1, _col2, _col3
                  Statistics: Num rows: 348477374 Data size: 30742775095 Basic stats: COMPLETE Column stats: NONE
                  Reduce Output Operator
                    key expressions: _col2 (type: decimal(17,2)), _col3 (type: int)
                    sort order: -+
                    Statistics: Num rows: 348477374 Data size: 30742775095 Basic stats: COMPLETE Column stats: NONE
                    TopN Hash Memory Usage: 0.1
                    value expressions: _col1 (type: string)
        Reducer 5 
            Execution mode: vectorized
            Reduce Operator Tree:
              Select Operator
                expressions: KEY.reducesinkkey1 (type: int), VALUE._col0 (type: string), KEY.reducesinkkey0 (type: decimal(17,2))
                outputColumnNames: _col0, _col1, _col2
                Statistics: Num rows: 348477374 Data size: 30742775095 Basic stats: COMPLETE Column stats: NONE
                Limit
                  Number of rows: 100
                  Statistics: Num rows: 100 Data size: 8800 Basic stats: COMPLETE Column stats: NONE
                  File Output Operator
                    compressed: false
                    Statistics: Num rows: 100 Data size: 8800 Basic stats: COMPLETE Column stats: NONE
                    table:
                        input format: org.apache.hadoop.mapred.SequenceFileInputFormat
                        output format: org.apache.hadoop.hive.ql.io.HiveSequenceFileOutputFormat
                        serde: org.apache.hadoop.hive.serde2.lazy.LazySimpleSerDe

  Stage: Stage-0
    Fetch Operator
      limit: -1
      Processor Tree:
        ListSink

