Warning: Map Join MAPJOIN[68][bigTable=?] in task 'Stage-1:MAPRED' is a cross product
PREHOOK: query: explain
select  cast(amc as decimal(15,4))/cast(pmc as decimal(15,4)) am_pm_ratio
 from ( select count(*) amc
       from web_sales, household_demographics , time_dim, web_page
       where ws_sold_time_sk = time_dim.t_time_sk
         and ws_ship_hdemo_sk = household_demographics.hd_demo_sk
         and ws_web_page_sk = web_page.wp_web_page_sk
         and time_dim.t_hour between 6 and 6+1
         and household_demographics.hd_dep_count = 8
         and web_page.wp_char_count between 5000 and 5200) at,
      ( select count(*) pmc
       from web_sales, household_demographics , time_dim, web_page
       where ws_sold_time_sk = time_dim.t_time_sk
         and ws_ship_hdemo_sk = household_demographics.hd_demo_sk
         and ws_web_page_sk = web_page.wp_web_page_sk
         and time_dim.t_hour between 14 and 14+1
         and household_demographics.hd_dep_count = 8
         and web_page.wp_char_count between 5000 and 5200) pt
 order by am_pm_ratio
 limit 100
PREHOOK: type: QUERY
POSTHOOK: query: explain
select  cast(amc as decimal(15,4))/cast(pmc as decimal(15,4)) am_pm_ratio
 from ( select count(*) amc
       from web_sales, household_demographics , time_dim, web_page
       where ws_sold_time_sk = time_dim.t_time_sk
         and ws_ship_hdemo_sk = household_demographics.hd_demo_sk
         and ws_web_page_sk = web_page.wp_web_page_sk
         and time_dim.t_hour between 6 and 6+1
         and household_demographics.hd_dep_count = 8
         and web_page.wp_char_count between 5000 and 5200) at,
      ( select count(*) pmc
       from web_sales, household_demographics , time_dim, web_page
       where ws_sold_time_sk = time_dim.t_time_sk
         and ws_ship_hdemo_sk = household_demographics.hd_demo_sk
         and ws_web_page_sk = web_page.wp_web_page_sk
         and time_dim.t_hour between 14 and 14+1
         and household_demographics.hd_dep_count = 8
         and web_page.wp_char_count between 5000 and 5200) pt
 order by am_pm_ratio
 limit 100
POSTHOOK: type: QUERY
STAGE DEPENDENCIES:
  Stage-3 is a root stage
  Stage-2 depends on stages: Stage-3
  Stage-4 depends on stages: Stage-2
  Stage-1 depends on stages: Stage-4
  Stage-0 depends on stages: Stage-1

STAGE PLANS:
  Stage: Stage-3
    Spark
#### A masked pattern was here ####
      Vertices:
        Map 10 
            Map Operator Tree:
                TableScan
                  alias: time_dim
                  Statistics: Num rows: 86400 Data size: 40694400 Basic stats: COMPLETE Column stats: NONE
                  Filter Operator
                    predicate: (t_hour BETWEEN 14 AND 15 and t_time_sk is not null) (type: boolean)
                    Statistics: Num rows: 9600 Data size: 4521600 Basic stats: COMPLETE Column stats: NONE
                    Select Operator
                      expressions: t_time_sk (type: int)
                      outputColumnNames: _col0
                      Statistics: Num rows: 9600 Data size: 4521600 Basic stats: COMPLETE Column stats: NONE
                      Spark HashTable Sink Operator
                        keys:
                          0 _col0 (type: int)
                          1 _col0 (type: int)
            Execution mode: vectorized
            Local Work:
              Map Reduce Local Work
        Map 11 
            Map Operator Tree:
                TableScan
                  alias: household_demographics
                  Statistics: Num rows: 7200 Data size: 770400 Basic stats: COMPLETE Column stats: NONE
                  Filter Operator
                    predicate: ((hd_dep_count = 8) and hd_demo_sk is not null) (type: boolean)
                    Statistics: Num rows: 3600 Data size: 385200 Basic stats: COMPLETE Column stats: NONE
                    Select Operator
                      expressions: hd_demo_sk (type: int)
                      outputColumnNames: _col0
                      Statistics: Num rows: 3600 Data size: 385200 Basic stats: COMPLETE Column stats: NONE
                      Spark HashTable Sink Operator
                        keys:
                          0 _col1 (type: int)
                          1 _col0 (type: int)
            Execution mode: vectorized
            Local Work:
              Map Reduce Local Work
        Map 9 
            Map Operator Tree:
                TableScan
                  alias: web_page
                  Statistics: Num rows: 4602 Data size: 2696178 Basic stats: COMPLETE Column stats: NONE
                  Filter Operator
                    predicate: (wp_char_count BETWEEN 5000 AND 5200 and wp_web_page_sk is not null) (type: boolean)
                    Statistics: Num rows: 511 Data size: 299380 Basic stats: COMPLETE Column stats: NONE
                    Select Operator
                      expressions: wp_web_page_sk (type: int)
                      outputColumnNames: _col0
                      Statistics: Num rows: 511 Data size: 299380 Basic stats: COMPLETE Column stats: NONE
                      Spark HashTable Sink Operator
                        keys:
                          0 _col2 (type: int)
                          1 _col0 (type: int)
            Execution mode: vectorized
            Local Work:
              Map Reduce Local Work

  Stage: Stage-2
    Spark
      Edges:
        Reducer 8 <- Map 7 (GROUP, 1)
#### A masked pattern was here ####
      Vertices:
        Map 7 
            Map Operator Tree:
                TableScan
                  alias: web_sales
                  Statistics: Num rows: 144002668 Data size: 19580198212 Basic stats: COMPLETE Column stats: NONE
                  Filter Operator
                    predicate: (ws_ship_hdemo_sk is not null and ws_sold_time_sk is not null and ws_web_page_sk is not null) (type: boolean)
                    Statistics: Num rows: 144002668 Data size: 19580198212 Basic stats: COMPLETE Column stats: NONE
                    Select Operator
                      expressions: ws_sold_time_sk (type: int), ws_ship_hdemo_sk (type: int), ws_web_page_sk (type: int)
                      outputColumnNames: _col0, _col1, _col2
                      Statistics: Num rows: 144002668 Data size: 19580198212 Basic stats: COMPLETE Column stats: NONE
                      Map Join Operator
                        condition map:
                             Inner Join 0 to 1
                        keys:
                          0 _col2 (type: int)
                          1 _col0 (type: int)
                        outputColumnNames: _col0, _col1
                        input vertices:
                          1 Map 9
                        Statistics: Num rows: 158402938 Data size: 21538218500 Basic stats: COMPLETE Column stats: NONE
                        Map Join Operator
                          condition map:
                               Inner Join 0 to 1
                          keys:
                            0 _col0 (type: int)
                            1 _col0 (type: int)
                          outputColumnNames: _col1
                          input vertices:
                            1 Map 10
                          Statistics: Num rows: 174243235 Data size: 23692040863 Basic stats: COMPLETE Column stats: NONE
                          Map Join Operator
                            condition map:
                                 Inner Join 0 to 1
                            keys:
                              0 _col1 (type: int)
                              1 _col0 (type: int)
                            input vertices:
                              1 Map 11
                            Statistics: Num rows: 191667562 Data size: 26061245514 Basic stats: COMPLETE Column stats: NONE
                            Group By Operator
                              aggregations: count()
                              mode: hash
                              outputColumnNames: _col0
                              Statistics: Num rows: 1 Data size: 8 Basic stats: COMPLETE Column stats: NONE
                              Reduce Output Operator
                                sort order: 
                                Statistics: Num rows: 1 Data size: 8 Basic stats: COMPLETE Column stats: NONE
                                value expressions: _col0 (type: bigint)
            Execution mode: vectorized
            Local Work:
              Map Reduce Local Work
        Reducer 8 
            Execution mode: vectorized
            Local Work:
              Map Reduce Local Work
            Reduce Operator Tree:
              Group By Operator
                aggregations: count(VALUE._col0)
                mode: mergepartial
                outputColumnNames: _col0
                Statistics: Num rows: 1 Data size: 8 Basic stats: COMPLETE Column stats: NONE
                Spark HashTable Sink Operator
                  keys:
                    0 
                    1 

  Stage: Stage-4
    Spark
#### A masked pattern was here ####
      Vertices:
        Map 4 
            Map Operator Tree:
                TableScan
                  alias: web_page
                  Statistics: Num rows: 4602 Data size: 2696178 Basic stats: COMPLETE Column stats: NONE
                  Filter Operator
                    predicate: (wp_char_count BETWEEN 5000 AND 5200 and wp_web_page_sk is not null) (type: boolean)
                    Statistics: Num rows: 511 Data size: 299380 Basic stats: COMPLETE Column stats: NONE
                    Select Operator
                      expressions: wp_web_page_sk (type: int)
                      outputColumnNames: _col0
                      Statistics: Num rows: 511 Data size: 299380 Basic stats: COMPLETE Column stats: NONE
                      Spark HashTable Sink Operator
                        keys:
                          0 _col2 (type: int)
                          1 _col0 (type: int)
            Execution mode: vectorized
            Local Work:
              Map Reduce Local Work
        Map 5 
            Map Operator Tree:
                TableScan
                  alias: time_dim
                  Statistics: Num rows: 86400 Data size: 40694400 Basic stats: COMPLETE Column stats: NONE
                  Filter Operator
                    predicate: (t_hour BETWEEN 6 AND 7 and t_time_sk is not null) (type: boolean)
                    Statistics: Num rows: 9600 Data size: 4521600 Basic stats: COMPLETE Column stats: NONE
                    Select Operator
                      expressions: t_time_sk (type: int)
                      outputColumnNames: _col0
                      Statistics: Num rows: 9600 Data size: 4521600 Basic stats: COMPLETE Column stats: NONE
                      Spark HashTable Sink Operator
                        keys:
                          0 _col0 (type: int)
                          1 _col0 (type: int)
            Execution mode: vectorized
            Local Work:
              Map Reduce Local Work
        Map 6 
            Map Operator Tree:
                TableScan
                  alias: household_demographics
                  Statistics: Num rows: 7200 Data size: 770400 Basic stats: COMPLETE Column stats: NONE
                  Filter Operator
                    predicate: ((hd_dep_count = 8) and hd_demo_sk is not null) (type: boolean)
                    Statistics: Num rows: 3600 Data size: 385200 Basic stats: COMPLETE Column stats: NONE
                    Select Operator
                      expressions: hd_demo_sk (type: int)
                      outputColumnNames: _col0
                      Statistics: Num rows: 3600 Data size: 385200 Basic stats: COMPLETE Column stats: NONE
                      Spark HashTable Sink Operator
                        keys:
                          0 _col1 (type: int)
                          1 _col0 (type: int)
            Execution mode: vectorized
            Local Work:
              Map Reduce Local Work

  Stage: Stage-1
    Spark
      Edges:
        Reducer 2 <- Map 1 (GROUP, 1)
        Reducer 3 <- Reducer 2 (SORT, 1)
#### A masked pattern was here ####
      Vertices:
        Map 1 
            Map Operator Tree:
                TableScan
                  alias: web_sales
                  Statistics: Num rows: 144002668 Data size: 19580198212 Basic stats: COMPLETE Column stats: NONE
                  Filter Operator
                    predicate: (ws_ship_hdemo_sk is not null and ws_sold_time_sk is not null and ws_web_page_sk is not null) (type: boolean)
                    Statistics: Num rows: 144002668 Data size: 19580198212 Basic stats: COMPLETE Column stats: NONE
                    Select Operator
                      expressions: ws_sold_time_sk (type: int), ws_ship_hdemo_sk (type: int), ws_web_page_sk (type: int)
                      outputColumnNames: _col0, _col1, _col2
                      Statistics: Num rows: 144002668 Data size: 19580198212 Basic stats: COMPLETE Column stats: NONE
                      Map Join Operator
                        condition map:
                             Inner Join 0 to 1
                        keys:
                          0 _col2 (type: int)
                          1 _col0 (type: int)
                        outputColumnNames: _col0, _col1
                        input vertices:
                          1 Map 4
                        Statistics: Num rows: 158402938 Data size: 21538218500 Basic stats: COMPLETE Column stats: NONE
                        Map Join Operator
                          condition map:
                               Inner Join 0 to 1
                          keys:
                            0 _col0 (type: int)
                            1 _col0 (type: int)
                          outputColumnNames: _col1
                          input vertices:
                            1 Map 5
                          Statistics: Num rows: 174243235 Data size: 23692040863 Basic stats: COMPLETE Column stats: NONE
                          Map Join Operator
                            condition map:
                                 Inner Join 0 to 1
                            keys:
                              0 _col1 (type: int)
                              1 _col0 (type: int)
                            input vertices:
                              1 Map 6
                            Statistics: Num rows: 191667562 Data size: 26061245514 Basic stats: COMPLETE Column stats: NONE
                            Group By Operator
                              aggregations: count()
                              mode: hash
                              outputColumnNames: _col0
                              Statistics: Num rows: 1 Data size: 8 Basic stats: COMPLETE Column stats: NONE
                              Reduce Output Operator
                                sort order: 
                                Statistics: Num rows: 1 Data size: 8 Basic stats: COMPLETE Column stats: NONE
                                value expressions: _col0 (type: bigint)
            Execution mode: vectorized
            Local Work:
              Map Reduce Local Work
        Reducer 2 
            Execution mode: vectorized
            Local Work:
              Map Reduce Local Work
            Reduce Operator Tree:
              Group By Operator
                aggregations: count(VALUE._col0)
                mode: mergepartial
                outputColumnNames: _col0
                Statistics: Num rows: 1 Data size: 8 Basic stats: COMPLETE Column stats: NONE
                Map Join Operator
                  condition map:
                       Inner Join 0 to 1
                  keys:
                    0 
                    1 
                  outputColumnNames: _col0, _col1
                  input vertices:
                    1 Reducer 8
                  Statistics: Num rows: 1 Data size: 17 Basic stats: COMPLETE Column stats: NONE
                  Select Operator
                    expressions: (CAST( _col0 AS decimal(15,4)) / CAST( _col1 AS decimal(15,4))) (type: decimal(35,20))
                    outputColumnNames: _col0
                    Statistics: Num rows: 1 Data size: 17 Basic stats: COMPLETE Column stats: NONE
                    Reduce Output Operator
                      key expressions: _col0 (type: decimal(35,20))
                      sort order: +
                      Statistics: Num rows: 1 Data size: 17 Basic stats: COMPLETE Column stats: NONE
                      TopN Hash Memory Usage: 0.1
        Reducer 3 
            Execution mode: vectorized
            Reduce Operator Tree:
              Select Operator
                expressions: KEY.reducesinkkey0 (type: decimal(35,20))
                outputColumnNames: _col0
                Statistics: Num rows: 1 Data size: 17 Basic stats: COMPLETE Column stats: NONE
                Limit
                  Number of rows: 100
                  Statistics: Num rows: 1 Data size: 17 Basic stats: COMPLETE Column stats: NONE
                  File Output Operator
                    compressed: false
                    Statistics: Num rows: 1 Data size: 17 Basic stats: COMPLETE Column stats: NONE
                    table:
                        input format: org.apache.hadoop.mapred.SequenceFileInputFormat
                        output format: org.apache.hadoop.hive.ql.io.HiveSequenceFileOutputFormat
                        serde: org.apache.hadoop.hive.serde2.lazy.LazySimpleSerDe

  Stage: Stage-0
    Fetch Operator
      limit: 100
      Processor Tree:
        ListSink

