PREHOOK: query: explain
select  distinct(i_product_name)
 from item i1
 where i_manufact_id between 970 and 970+40 
   and (select count(*) as item_cnt
        from item
        where (i_manufact = i1.i_manufact and
        ((i_category = 'Women' and 
        (i_color = 'frosted' or i_color = 'rose') and 
        (i_units = 'Lb' or i_units = 'Gross') and
        (i_size = 'medium' or i_size = 'large')
        ) or
        (i_category = 'Women' and
        (i_color = 'chocolate' or i_color = 'black') and
        (i_units = 'Box' or i_units = 'Dram') and
        (i_size = 'economy' or i_size = 'petite')
        ) or
        (i_category = 'Men' and
        (i_color = 'slate' or i_color = 'magenta') and
        (i_units = 'Carton' or i_units = 'Bundle') and
        (i_size = 'N/A' or i_size = 'small')
        ) or
        (i_category = 'Men' and
        (i_color = 'cornflower' or i_color = 'firebrick') and
        (i_units = 'Pound' or i_units = 'Oz') and
        (i_size = 'medium' or i_size = 'large')
        ))) or
       (i_manufact = i1.i_manufact and
        ((i_category = 'Women' and 
        (i_color = 'almond' or i_color = 'steel') and 
        (i_units = 'Tsp' or i_units = 'Case') and
        (i_size = 'medium' or i_size = 'large')
        ) or
        (i_category = 'Women' and
        (i_color = 'purple' or i_color = 'aquamarine') and
        (i_units = 'Bunch' or i_units = 'Gram') and
        (i_size = 'economy' or i_size = 'petite')
        ) or
        (i_category = 'Men' and
        (i_color = 'lavender' or i_color = 'papaya') and
        (i_units = 'Pallet' or i_units = 'Cup') and
        (i_size = 'N/A' or i_size = 'small')
        ) or
        (i_category = 'Men' and
        (i_color = 'maroon' or i_color = 'cyan') and
        (i_units = 'Each' or i_units = 'N/A') and
        (i_size = 'medium' or i_size = 'large')
        )))) > 0
 order by i_product_name
 limit 100
PREHOOK: type: QUERY
PREHOOK: Input: default@item
#### A masked pattern was here ####
POSTHOOK: query: explain
select  distinct(i_product_name)
 from item i1
 where i_manufact_id between 970 and 970+40 
   and (select count(*) as item_cnt
        from item
        where (i_manufact = i1.i_manufact and
        ((i_category = 'Women' and 
        (i_color = 'frosted' or i_color = 'rose') and 
        (i_units = 'Lb' or i_units = 'Gross') and
        (i_size = 'medium' or i_size = 'large')
        ) or
        (i_category = 'Women' and
        (i_color = 'chocolate' or i_color = 'black') and
        (i_units = 'Box' or i_units = 'Dram') and
        (i_size = 'economy' or i_size = 'petite')
        ) or
        (i_category = 'Men' and
        (i_color = 'slate' or i_color = 'magenta') and
        (i_units = 'Carton' or i_units = 'Bundle') and
        (i_size = 'N/A' or i_size = 'small')
        ) or
        (i_category = 'Men' and
        (i_color = 'cornflower' or i_color = 'firebrick') and
        (i_units = 'Pound' or i_units = 'Oz') and
        (i_size = 'medium' or i_size = 'large')
        ))) or
       (i_manufact = i1.i_manufact and
        ((i_category = 'Women' and 
        (i_color = 'almond' or i_color = 'steel') and 
        (i_units = 'Tsp' or i_units = 'Case') and
        (i_size = 'medium' or i_size = 'large')
        ) or
        (i_category = 'Women' and
        (i_color = 'purple' or i_color = 'aquamarine') and
        (i_units = 'Bunch' or i_units = 'Gram') and
        (i_size = 'economy' or i_size = 'petite')
        ) or
        (i_category = 'Men' and
        (i_color = 'lavender' or i_color = 'papaya') and
        (i_units = 'Pallet' or i_units = 'Cup') and
        (i_size = 'N/A' or i_size = 'small')
        ) or
        (i_category = 'Men' and
        (i_color = 'maroon' or i_color = 'cyan') and
        (i_units = 'Each' or i_units = 'N/A') and
        (i_size = 'medium' or i_size = 'large')
        )))) > 0
 order by i_product_name
 limit 100
POSTHOOK: type: QUERY
POSTHOOK: Input: default@item
#### A masked pattern was here ####
STAGE DEPENDENCIES:
  Stage-1 is a root stage
  Stage-0 depends on stages: Stage-1

STAGE PLANS:
  Stage: Stage-1
    Spark
      Edges:
        Reducer 2 <- Map 1 (PARTITION-LEVEL SORT, 7), Reducer 6 (PARTITION-LEVEL SORT, 7)
        Reducer 3 <- Reducer 2 (GROUP, 6)
        Reducer 4 <- Reducer 3 (SORT, 1)
        Reducer 6 <- Map 5 (GROUP, 6)
#### A masked pattern was here ####
      Vertices:
        Map 1 
            Map Operator Tree:
                TableScan
                  alias: i1
                  filterExpr: (i_manufact_id BETWEEN 970 AND 1010 and i_manufact is not null) (type: boolean)
                  Statistics: Num rows: 462000 Data size: 663560457 Basic stats: COMPLETE Column stats: NONE
                  Filter Operator
                    predicate: (i_manufact_id BETWEEN 970 AND 1010 and i_manufact is not null) (type: boolean)
                    Statistics: Num rows: 462000 Data size: 663560457 Basic stats: COMPLETE Column stats: NONE
                    Select Operator
                      expressions: i_manufact (type: string), i_product_name (type: string)
                      outputColumnNames: _col0, _col1
                      Statistics: Num rows: 462000 Data size: 663560457 Basic stats: COMPLETE Column stats: NONE
                      Reduce Output Operator
                        key expressions: _col0 (type: string)
                        null sort order: z
                        sort order: +
                        Map-reduce partition columns: _col0 (type: string)
                        Statistics: Num rows: 462000 Data size: 663560457 Basic stats: COMPLETE Column stats: NONE
                        value expressions: _col1 (type: string)
            Execution mode: vectorized
        Map 5 
            Map Operator Tree:
                TableScan
                  alias: item
                  filterExpr: (i_manufact is not null and (((i_category = 'Women') and (i_color) IN ('frosted', 'rose') and (i_units) IN ('Lb', 'Gross') and (i_size) IN ('medium', 'large')) or ((i_category = 'Women') and (i_color) IN ('chocolate', 'black') and (i_units) IN ('Box', 'Dram') and (i_size) IN ('economy', 'petite')) or ((i_category = 'Men') and (i_color) IN ('slate', 'magenta') and (i_units) IN ('Carton', 'Bundle') and (i_size) IN ('N/A', 'small')) or ((i_category = 'Men') and (i_color) IN ('cornflower', 'firebrick') and (i_units) IN ('Pound', 'Oz') and (i_size) IN ('medium', 'large')) or ((i_category = 'Women') and (i_color) IN ('almond', 'steel') and (i_units) IN ('Tsp', 'Case') and (i_size) IN ('medium', 'large')) or ((i_category = 'Women') and (i_color) IN ('purple', 'aquamarine') and (i_units) IN ('Bunch', 'Gram') and (i_size) IN ('economy', 'petite')) or ((i_category = 'Men') and (i_color) IN ('lavender', 'papaya') and (i_units) IN ('Pallet', 'Cup') and (i_size) IN ('N/A', 'small')) or ((i_category = 'Men') and (i_color) IN ('maroon', 'cyan') and (i_units) IN ('Each', 'N/A') and (i_size) IN ('medium', 'large')))) (type: boolean)
                  Statistics: Num rows: 462000 Data size: 663560457 Basic stats: COMPLETE Column stats: NONE
                  Filter Operator
                    predicate: (i_manufact is not null and (((i_category = 'Women') and (i_color) IN ('frosted', 'rose') and (i_units) IN ('Lb', 'Gross') and (i_size) IN ('medium', 'large')) or ((i_category = 'Women') and (i_color) IN ('chocolate', 'black') and (i_units) IN ('Box', 'Dram') and (i_size) IN ('economy', 'petite')) or ((i_category = 'Men') and (i_color) IN ('slate', 'magenta') and (i_units) IN ('Carton', 'Bundle') and (i_size) IN ('N/A', 'small')) or ((i_category = 'Men') and (i_color) IN ('cornflower', 'firebrick') and (i_units) IN ('Pound', 'Oz') and (i_size) IN ('medium', 'large')) or ((i_category = 'Women') and (i_color) IN ('almond', 'steel') and (i_units) IN ('Tsp', 'Case') and (i_size) IN ('medium', 'large')) or ((i_category = 'Women') and (i_color) IN ('purple', 'aquamarine') and (i_units) IN ('Bunch', 'Gram') and (i_size) IN ('economy', 'petite')) or ((i_category = 'Men') and (i_color) IN ('lavender', 'papaya') and (i_units) IN ('Pallet', 'Cup') and (i_size) IN ('N/A', 'small')) or ((i_category = 'Men') and (i_color) IN ('maroon', 'cyan') and (i_units) IN ('Each', 'N/A') and (i_size) IN ('medium', 'large')))) (type: boolean)
                    Statistics: Num rows: 462000 Data size: 663560457 Basic stats: COMPLETE Column stats: NONE
                    Select Operator
                      expressions: i_manufact (type: string)
                      outputColumnNames: i_manufact
                      Statistics: Num rows: 462000 Data size: 663560457 Basic stats: COMPLETE Column stats: NONE
                      Group By Operator
                        aggregations: count()
                        keys: i_manufact (type: string)
                        minReductionHashAggr: 0.99
                        mode: hash
                        outputColumnNames: _col0, _col1
                        Statistics: Num rows: 462000 Data size: 663560457 Basic stats: COMPLETE Column stats: NONE
                        Reduce Output Operator
                          key expressions: _col0 (type: string)
                          null sort order: z
                          sort order: +
                          Map-reduce partition columns: _col0 (type: string)
                          Statistics: Num rows: 462000 Data size: 663560457 Basic stats: COMPLETE Column stats: NONE
                          value expressions: _col1 (type: bigint)
            Execution mode: vectorized
        Reducer 2 
            Reduce Operator Tree:
              Join Operator
                condition map:
                     Inner Join 0 to 1
                keys:
                  0 _col0 (type: string)
                  1 _col0 (type: string)
                outputColumnNames: _col1
                Statistics: Num rows: 508200 Data size: 729916518 Basic stats: COMPLETE Column stats: NONE
                Group By Operator
                  keys: _col1 (type: string)
                  minReductionHashAggr: 0.99
                  mode: hash
                  outputColumnNames: _col0
                  Statistics: Num rows: 508200 Data size: 729916518 Basic stats: COMPLETE Column stats: NONE
                  Reduce Output Operator
                    key expressions: _col0 (type: string)
                    null sort order: z
                    sort order: +
                    Map-reduce partition columns: _col0 (type: string)
                    Statistics: Num rows: 508200 Data size: 729916518 Basic stats: COMPLETE Column stats: NONE
                    TopN Hash Memory Usage: 0.1
        Reducer 3 
            Execution mode: vectorized
            Reduce Operator Tree:
              Group By Operator
                keys: KEY._col0 (type: string)
                mode: mergepartial
                outputColumnNames: _col0
                Statistics: Num rows: 254100 Data size: 364958259 Basic stats: COMPLETE Column stats: NONE
                Reduce Output Operator
                  key expressions: _col0 (type: string)
                  null sort order: z
                  sort order: +
                  Statistics: Num rows: 254100 Data size: 364958259 Basic stats: COMPLETE Column stats: NONE
                  TopN Hash Memory Usage: 0.1
        Reducer 4 
            Execution mode: vectorized
            Reduce Operator Tree:
              Select Operator
                expressions: KEY.reducesinkkey0 (type: string)
                outputColumnNames: _col0
                Statistics: Num rows: 254100 Data size: 364958259 Basic stats: COMPLETE Column stats: NONE
                Limit
                  Number of rows: 100
                  Statistics: Num rows: 100 Data size: 143600 Basic stats: COMPLETE Column stats: NONE
                  File Output Operator
                    compressed: false
                    Statistics: Num rows: 100 Data size: 143600 Basic stats: COMPLETE Column stats: NONE
                    table:
                        input format: org.apache.hadoop.mapred.SequenceFileInputFormat
                        output format: org.apache.hadoop.hive.ql.io.HiveSequenceFileOutputFormat
                        serde: org.apache.hadoop.hive.serde2.lazy.LazySimpleSerDe
        Reducer 6 
            Execution mode: vectorized
            Reduce Operator Tree:
              Group By Operator
                aggregations: count(VALUE._col0)
                keys: KEY._col0 (type: string)
                mode: mergepartial
                outputColumnNames: _col0, _col1
                Statistics: Num rows: 231000 Data size: 331780228 Basic stats: COMPLETE Column stats: NONE
                Filter Operator
                  predicate: (_col1 > 0L) (type: boolean)
                  Statistics: Num rows: 77000 Data size: 110593409 Basic stats: COMPLETE Column stats: NONE
                  Select Operator
                    expressions: _col0 (type: string)
                    outputColumnNames: _col0
                    Statistics: Num rows: 77000 Data size: 110593409 Basic stats: COMPLETE Column stats: NONE
                    Reduce Output Operator
                      key expressions: _col0 (type: string)
                      null sort order: z
                      sort order: +
                      Map-reduce partition columns: _col0 (type: string)
                      Statistics: Num rows: 77000 Data size: 110593409 Basic stats: COMPLETE Column stats: NONE

  Stage: Stage-0
    Fetch Operator
      limit: 100
      Processor Tree:
        ListSink

