Warning: Map Join MAPJOIN[105][bigTable=?] in task 'Stage-1:MAPRED' is a cross product
PREHOOK: query: explain
select  promotions,total,cast(promotions as decimal(15,4))/cast(total as decimal(15,4))*100
from
  (select sum(ss_ext_sales_price) promotions
   from  store_sales
        ,store
        ,promotion
        ,date_dim
        ,customer
        ,customer_address 
        ,item
   where ss_sold_date_sk = d_date_sk
   and   ss_store_sk = s_store_sk
   and   ss_promo_sk = p_promo_sk
   and   ss_customer_sk= c_customer_sk
   and   ca_address_sk = c_current_addr_sk
   and   ss_item_sk = i_item_sk 
   and   ca_gmt_offset = -7
   and   i_category = 'Electronics'
   and   (p_channel_dmail = 'Y' or p_channel_email = 'Y' or p_channel_tv = 'Y')
   and   s_gmt_offset = -7
   and   d_year = 1999
   and   d_moy  = 11) promotional_sales,
  (select sum(ss_ext_sales_price) total
   from  store_sales
        ,store
        ,date_dim
        ,customer
        ,customer_address
        ,item
   where ss_sold_date_sk = d_date_sk
   and   ss_store_sk = s_store_sk
   and   ss_customer_sk= c_customer_sk
   and   ca_address_sk = c_current_addr_sk
   and   ss_item_sk = i_item_sk
   and   ca_gmt_offset = -7
   and   i_category = 'Electronics'
   and   s_gmt_offset = -7
   and   d_year = 1999
   and   d_moy  = 11) all_sales
order by promotions, total
limit 100
PREHOOK: type: QUERY
POSTHOOK: query: explain
select  promotions,total,cast(promotions as decimal(15,4))/cast(total as decimal(15,4))*100
from
  (select sum(ss_ext_sales_price) promotions
   from  store_sales
        ,store
        ,promotion
        ,date_dim
        ,customer
        ,customer_address 
        ,item
   where ss_sold_date_sk = d_date_sk
   and   ss_store_sk = s_store_sk
   and   ss_promo_sk = p_promo_sk
   and   ss_customer_sk= c_customer_sk
   and   ca_address_sk = c_current_addr_sk
   and   ss_item_sk = i_item_sk 
   and   ca_gmt_offset = -7
   and   i_category = 'Electronics'
   and   (p_channel_dmail = 'Y' or p_channel_email = 'Y' or p_channel_tv = 'Y')
   and   s_gmt_offset = -7
   and   d_year = 1999
   and   d_moy  = 11) promotional_sales,
  (select sum(ss_ext_sales_price) total
   from  store_sales
        ,store
        ,date_dim
        ,customer
        ,customer_address
        ,item
   where ss_sold_date_sk = d_date_sk
   and   ss_store_sk = s_store_sk
   and   ss_customer_sk= c_customer_sk
   and   ca_address_sk = c_current_addr_sk
   and   ss_item_sk = i_item_sk
   and   ca_gmt_offset = -7
   and   i_category = 'Electronics'
   and   s_gmt_offset = -7
   and   d_year = 1999
   and   d_moy  = 11) all_sales
order by promotions, total
limit 100
POSTHOOK: type: QUERY
STAGE DEPENDENCIES:
  Stage-3 is a root stage
  Stage-2 depends on stages: Stage-3
  Stage-4 depends on stages: Stage-2
  Stage-1 depends on stages: Stage-4
  Stage-0 depends on stages: Stage-1

STAGE PLANS:
  Stage: Stage-3
    Spark
#### A masked pattern was here ####
      Vertices:
        Map 24 
            Map Operator Tree:
                TableScan
                  alias: store
                  Statistics: Num rows: 1704 Data size: 3256276 Basic stats: COMPLETE Column stats: NONE
                  Filter Operator
                    predicate: ((s_gmt_offset = -7) and s_store_sk is not null) (type: boolean)
                    Statistics: Num rows: 852 Data size: 1628138 Basic stats: COMPLETE Column stats: NONE
                    Select Operator
                      expressions: s_store_sk (type: int)
                      outputColumnNames: _col0
                      Statistics: Num rows: 852 Data size: 1628138 Basic stats: COMPLETE Column stats: NONE
                      Spark HashTable Sink Operator
                        keys:
                          0 _col3 (type: int)
                          1 _col0 (type: int)
            Execution mode: vectorized
            Local Work:
              Map Reduce Local Work

  Stage: Stage-2
    Spark
      Edges:
        Reducer 15 <- Map 14 (PARTITION-LEVEL SORT, 697), Map 18 (PARTITION-LEVEL SORT, 697)
        Reducer 16 <- Reducer 15 (PARTITION-LEVEL SORT, 1009), Reducer 21 (PARTITION-LEVEL SORT, 1009)
        Reducer 17 <- Reducer 16 (GROUP, 1)
        Reducer 20 <- Map 19 (PARTITION-LEVEL SORT, 398), Map 22 (PARTITION-LEVEL SORT, 398)
        Reducer 21 <- Map 23 (PARTITION-LEVEL SORT, 440), Reducer 20 (PARTITION-LEVEL SORT, 440)
#### A masked pattern was here ####
      Vertices:
        Map 14 
            Map Operator Tree:
                TableScan
                  alias: customer
                  Statistics: Num rows: 80000000 Data size: 68801615852 Basic stats: COMPLETE Column stats: NONE
                  Filter Operator
                    predicate: (c_current_addr_sk is not null and c_customer_sk is not null) (type: boolean)
                    Statistics: Num rows: 80000000 Data size: 68801615852 Basic stats: COMPLETE Column stats: NONE
                    Select Operator
                      expressions: c_customer_sk (type: int), c_current_addr_sk (type: int)
                      outputColumnNames: _col0, _col1
                      Statistics: Num rows: 80000000 Data size: 68801615852 Basic stats: COMPLETE Column stats: NONE
                      Reduce Output Operator
                        key expressions: _col1 (type: int)
                        sort order: +
                        Map-reduce partition columns: _col1 (type: int)
                        Statistics: Num rows: 80000000 Data size: 68801615852 Basic stats: COMPLETE Column stats: NONE
                        value expressions: _col0 (type: int)
            Execution mode: vectorized
        Map 18 
            Map Operator Tree:
                TableScan
                  alias: customer_address
                  Statistics: Num rows: 40000000 Data size: 40595195284 Basic stats: COMPLETE Column stats: NONE
                  Filter Operator
                    predicate: ((ca_gmt_offset = -7) and ca_address_sk is not null) (type: boolean)
                    Statistics: Num rows: 20000000 Data size: 20297597642 Basic stats: COMPLETE Column stats: NONE
                    Select Operator
                      expressions: ca_address_sk (type: int)
                      outputColumnNames: _col0
                      Statistics: Num rows: 20000000 Data size: 20297597642 Basic stats: COMPLETE Column stats: NONE
                      Reduce Output Operator
                        key expressions: _col0 (type: int)
                        sort order: +
                        Map-reduce partition columns: _col0 (type: int)
                        Statistics: Num rows: 20000000 Data size: 20297597642 Basic stats: COMPLETE Column stats: NONE
            Execution mode: vectorized
        Map 19 
            Map Operator Tree:
                TableScan
                  alias: store_sales
                  Statistics: Num rows: 575995635 Data size: 50814502088 Basic stats: COMPLETE Column stats: NONE
                  Filter Operator
                    predicate: (ss_customer_sk is not null and ss_item_sk is not null and ss_sold_date_sk is not null and ss_store_sk is not null) (type: boolean)
                    Statistics: Num rows: 575995635 Data size: 50814502088 Basic stats: COMPLETE Column stats: NONE
                    Select Operator
                      expressions: ss_sold_date_sk (type: int), ss_item_sk (type: int), ss_customer_sk (type: int), ss_store_sk (type: int), ss_ext_sales_price (type: decimal(7,2))
                      outputColumnNames: _col0, _col1, _col2, _col3, _col4
                      Statistics: Num rows: 575995635 Data size: 50814502088 Basic stats: COMPLETE Column stats: NONE
                      Reduce Output Operator
                        key expressions: _col0 (type: int)
                        sort order: +
                        Map-reduce partition columns: _col0 (type: int)
                        Statistics: Num rows: 575995635 Data size: 50814502088 Basic stats: COMPLETE Column stats: NONE
                        value expressions: _col1 (type: int), _col2 (type: int), _col3 (type: int), _col4 (type: decimal(7,2))
            Execution mode: vectorized
        Map 22 
            Map Operator Tree:
                TableScan
                  alias: date_dim
                  Statistics: Num rows: 73049 Data size: 81741831 Basic stats: COMPLETE Column stats: NONE
                  Filter Operator
                    predicate: ((d_moy = 11) and (d_year = 1999) and d_date_sk is not null) (type: boolean)
                    Statistics: Num rows: 18262 Data size: 20435178 Basic stats: COMPLETE Column stats: NONE
                    Select Operator
                      expressions: d_date_sk (type: int)
                      outputColumnNames: _col0
                      Statistics: Num rows: 18262 Data size: 20435178 Basic stats: COMPLETE Column stats: NONE
                      Reduce Output Operator
                        key expressions: _col0 (type: int)
                        sort order: +
                        Map-reduce partition columns: _col0 (type: int)
                        Statistics: Num rows: 18262 Data size: 20435178 Basic stats: COMPLETE Column stats: NONE
            Execution mode: vectorized
        Map 23 
            Map Operator Tree:
                TableScan
                  alias: item
                  Statistics: Num rows: 462000 Data size: 663560457 Basic stats: COMPLETE Column stats: NONE
                  Filter Operator
                    predicate: ((i_category = 'Electronics') and i_item_sk is not null) (type: boolean)
                    Statistics: Num rows: 231000 Data size: 331780228 Basic stats: COMPLETE Column stats: NONE
                    Select Operator
                      expressions: i_item_sk (type: int)
                      outputColumnNames: _col0
                      Statistics: Num rows: 231000 Data size: 331780228 Basic stats: COMPLETE Column stats: NONE
                      Reduce Output Operator
                        key expressions: _col0 (type: int)
                        sort order: +
                        Map-reduce partition columns: _col0 (type: int)
                        Statistics: Num rows: 231000 Data size: 331780228 Basic stats: COMPLETE Column stats: NONE
            Execution mode: vectorized
        Reducer 15 
            Reduce Operator Tree:
              Join Operator
                condition map:
                     Inner Join 0 to 1
                keys:
                  0 _col1 (type: int)
                  1 _col0 (type: int)
                outputColumnNames: _col0
                Statistics: Num rows: 88000001 Data size: 75681779077 Basic stats: COMPLETE Column stats: NONE
                Reduce Output Operator
                  key expressions: _col0 (type: int)
                  sort order: +
                  Map-reduce partition columns: _col0 (type: int)
                  Statistics: Num rows: 88000001 Data size: 75681779077 Basic stats: COMPLETE Column stats: NONE
        Reducer 16 
            Reduce Operator Tree:
              Join Operator
                condition map:
                     Inner Join 0 to 1
                keys:
                  0 _col0 (type: int)
                  1 _col2 (type: int)
                outputColumnNames: _col8
                Statistics: Num rows: 843315281 Data size: 74397518956 Basic stats: COMPLETE Column stats: NONE
                Group By Operator
                  aggregations: sum(_col8)
                  mode: hash
                  outputColumnNames: _col0
                  Statistics: Num rows: 1 Data size: 112 Basic stats: COMPLETE Column stats: NONE
                  Reduce Output Operator
                    sort order: 
                    Statistics: Num rows: 1 Data size: 112 Basic stats: COMPLETE Column stats: NONE
                    value expressions: _col0 (type: decimal(17,2))
        Reducer 17 
            Execution mode: vectorized
            Local Work:
              Map Reduce Local Work
            Reduce Operator Tree:
              Group By Operator
                aggregations: sum(VALUE._col0)
                mode: mergepartial
                outputColumnNames: _col0
                Statistics: Num rows: 1 Data size: 112 Basic stats: COMPLETE Column stats: NONE
                Spark HashTable Sink Operator
                  keys:
                    0 
                    1 
        Reducer 20 
            Reduce Operator Tree:
              Join Operator
                condition map:
                     Inner Join 0 to 1
                keys:
                  0 _col0 (type: int)
                  1 _col0 (type: int)
                outputColumnNames: _col1, _col2, _col3, _col4
                Statistics: Num rows: 633595212 Data size: 55895953508 Basic stats: COMPLETE Column stats: NONE
                Reduce Output Operator
                  key expressions: _col1 (type: int)
                  sort order: +
                  Map-reduce partition columns: _col1 (type: int)
                  Statistics: Num rows: 633595212 Data size: 55895953508 Basic stats: COMPLETE Column stats: NONE
                  value expressions: _col2 (type: int), _col3 (type: int), _col4 (type: decimal(7,2))
        Reducer 21 
            Local Work:
              Map Reduce Local Work
            Reduce Operator Tree:
              Join Operator
                condition map:
                     Inner Join 0 to 1
                keys:
                  0 _col1 (type: int)
                  1 _col0 (type: int)
                outputColumnNames: _col2, _col3, _col4
                Statistics: Num rows: 696954748 Data size: 61485550191 Basic stats: COMPLETE Column stats: NONE
                Map Join Operator
                  condition map:
                       Inner Join 0 to 1
                  keys:
                    0 _col3 (type: int)
                    1 _col0 (type: int)
                  outputColumnNames: _col2, _col4
                  input vertices:
                    1 Map 24
                  Statistics: Num rows: 766650239 Data size: 67634106676 Basic stats: COMPLETE Column stats: NONE
                  Reduce Output Operator
                    key expressions: _col2 (type: int)
                    sort order: +
                    Map-reduce partition columns: _col2 (type: int)
                    Statistics: Num rows: 766650239 Data size: 67634106676 Basic stats: COMPLETE Column stats: NONE
                    value expressions: _col4 (type: decimal(7,2))

  Stage: Stage-4
    Spark
#### A masked pattern was here ####
      Vertices:
        Map 12 
            Map Operator Tree:
                TableScan
                  alias: store
                  Statistics: Num rows: 1704 Data size: 3256276 Basic stats: COMPLETE Column stats: NONE
                  Filter Operator
                    predicate: ((s_gmt_offset = -7) and s_store_sk is not null) (type: boolean)
                    Statistics: Num rows: 852 Data size: 1628138 Basic stats: COMPLETE Column stats: NONE
                    Select Operator
                      expressions: s_store_sk (type: int)
                      outputColumnNames: _col0
                      Statistics: Num rows: 852 Data size: 1628138 Basic stats: COMPLETE Column stats: NONE
                      Spark HashTable Sink Operator
                        keys:
                          0 _col3 (type: int)
                          1 _col0 (type: int)
            Execution mode: vectorized
            Local Work:
              Map Reduce Local Work
        Map 13 
            Map Operator Tree:
                TableScan
                  alias: promotion
                  Statistics: Num rows: 2300 Data size: 2713420 Basic stats: COMPLETE Column stats: NONE
                  Filter Operator
                    predicate: (((p_channel_dmail = 'Y') or (p_channel_email = 'Y') or (p_channel_tv = 'Y')) and p_promo_sk is not null) (type: boolean)
                    Statistics: Num rows: 2300 Data size: 2713420 Basic stats: COMPLETE Column stats: NONE
                    Select Operator
                      expressions: p_promo_sk (type: int)
                      outputColumnNames: _col0
                      Statistics: Num rows: 2300 Data size: 2713420 Basic stats: COMPLETE Column stats: NONE
                      Spark HashTable Sink Operator
                        keys:
                          0 _col4 (type: int)
                          1 _col0 (type: int)
            Execution mode: vectorized
            Local Work:
              Map Reduce Local Work

  Stage: Stage-1
    Spark
      Edges:
        Reducer 2 <- Map 1 (PARTITION-LEVEL SORT, 697), Map 6 (PARTITION-LEVEL SORT, 697)
        Reducer 3 <- Reducer 2 (PARTITION-LEVEL SORT, 1009), Reducer 9 (PARTITION-LEVEL SORT, 1009)
        Reducer 4 <- Reducer 3 (GROUP, 1)
        Reducer 5 <- Reducer 4 (SORT, 1)
        Reducer 8 <- Map 10 (PARTITION-LEVEL SORT, 398), Map 7 (PARTITION-LEVEL SORT, 398)
        Reducer 9 <- Map 11 (PARTITION-LEVEL SORT, 440), Reducer 8 (PARTITION-LEVEL SORT, 440)
#### A masked pattern was here ####
      Vertices:
        Map 1 
            Map Operator Tree:
                TableScan
                  alias: customer
                  Statistics: Num rows: 80000000 Data size: 68801615852 Basic stats: COMPLETE Column stats: NONE
                  Filter Operator
                    predicate: (c_current_addr_sk is not null and c_customer_sk is not null) (type: boolean)
                    Statistics: Num rows: 80000000 Data size: 68801615852 Basic stats: COMPLETE Column stats: NONE
                    Select Operator
                      expressions: c_customer_sk (type: int), c_current_addr_sk (type: int)
                      outputColumnNames: _col0, _col1
                      Statistics: Num rows: 80000000 Data size: 68801615852 Basic stats: COMPLETE Column stats: NONE
                      Reduce Output Operator
                        key expressions: _col1 (type: int)
                        sort order: +
                        Map-reduce partition columns: _col1 (type: int)
                        Statistics: Num rows: 80000000 Data size: 68801615852 Basic stats: COMPLETE Column stats: NONE
                        value expressions: _col0 (type: int)
            Execution mode: vectorized
        Map 10 
            Map Operator Tree:
                TableScan
                  alias: date_dim
                  Statistics: Num rows: 73049 Data size: 81741831 Basic stats: COMPLETE Column stats: NONE
                  Filter Operator
                    predicate: ((d_moy = 11) and (d_year = 1999) and d_date_sk is not null) (type: boolean)
                    Statistics: Num rows: 18262 Data size: 20435178 Basic stats: COMPLETE Column stats: NONE
                    Select Operator
                      expressions: d_date_sk (type: int)
                      outputColumnNames: _col0
                      Statistics: Num rows: 18262 Data size: 20435178 Basic stats: COMPLETE Column stats: NONE
                      Reduce Output Operator
                        key expressions: _col0 (type: int)
                        sort order: +
                        Map-reduce partition columns: _col0 (type: int)
                        Statistics: Num rows: 18262 Data size: 20435178 Basic stats: COMPLETE Column stats: NONE
            Execution mode: vectorized
        Map 11 
            Map Operator Tree:
                TableScan
                  alias: item
                  Statistics: Num rows: 462000 Data size: 663560457 Basic stats: COMPLETE Column stats: NONE
                  Filter Operator
                    predicate: ((i_category = 'Electronics') and i_item_sk is not null) (type: boolean)
                    Statistics: Num rows: 231000 Data size: 331780228 Basic stats: COMPLETE Column stats: NONE
                    Select Operator
                      expressions: i_item_sk (type: int)
                      outputColumnNames: _col0
                      Statistics: Num rows: 231000 Data size: 331780228 Basic stats: COMPLETE Column stats: NONE
                      Reduce Output Operator
                        key expressions: _col0 (type: int)
                        sort order: +
                        Map-reduce partition columns: _col0 (type: int)
                        Statistics: Num rows: 231000 Data size: 331780228 Basic stats: COMPLETE Column stats: NONE
            Execution mode: vectorized
        Map 6 
            Map Operator Tree:
                TableScan
                  alias: customer_address
                  Statistics: Num rows: 40000000 Data size: 40595195284 Basic stats: COMPLETE Column stats: NONE
                  Filter Operator
                    predicate: ((ca_gmt_offset = -7) and ca_address_sk is not null) (type: boolean)
                    Statistics: Num rows: 20000000 Data size: 20297597642 Basic stats: COMPLETE Column stats: NONE
                    Select Operator
                      expressions: ca_address_sk (type: int)
                      outputColumnNames: _col0
                      Statistics: Num rows: 20000000 Data size: 20297597642 Basic stats: COMPLETE Column stats: NONE
                      Reduce Output Operator
                        key expressions: _col0 (type: int)
                        sort order: +
                        Map-reduce partition columns: _col0 (type: int)
                        Statistics: Num rows: 20000000 Data size: 20297597642 Basic stats: COMPLETE Column stats: NONE
            Execution mode: vectorized
        Map 7 
            Map Operator Tree:
                TableScan
                  alias: store_sales
                  Statistics: Num rows: 575995635 Data size: 50814502088 Basic stats: COMPLETE Column stats: NONE
                  Filter Operator
                    predicate: (ss_customer_sk is not null and ss_item_sk is not null and ss_promo_sk is not null and ss_sold_date_sk is not null and ss_store_sk is not null) (type: boolean)
                    Statistics: Num rows: 575995635 Data size: 50814502088 Basic stats: COMPLETE Column stats: NONE
                    Select Operator
                      expressions: ss_sold_date_sk (type: int), ss_item_sk (type: int), ss_customer_sk (type: int), ss_store_sk (type: int), ss_promo_sk (type: int), ss_ext_sales_price (type: decimal(7,2))
                      outputColumnNames: _col0, _col1, _col2, _col3, _col4, _col5
                      Statistics: Num rows: 575995635 Data size: 50814502088 Basic stats: COMPLETE Column stats: NONE
                      Reduce Output Operator
                        key expressions: _col0 (type: int)
                        sort order: +
                        Map-reduce partition columns: _col0 (type: int)
                        Statistics: Num rows: 575995635 Data size: 50814502088 Basic stats: COMPLETE Column stats: NONE
                        value expressions: _col1 (type: int), _col2 (type: int), _col3 (type: int), _col4 (type: int), _col5 (type: decimal(7,2))
            Execution mode: vectorized
        Reducer 2 
            Reduce Operator Tree:
              Join Operator
                condition map:
                     Inner Join 0 to 1
                keys:
                  0 _col1 (type: int)
                  1 _col0 (type: int)
                outputColumnNames: _col0
                Statistics: Num rows: 88000001 Data size: 75681779077 Basic stats: COMPLETE Column stats: NONE
                Reduce Output Operator
                  key expressions: _col0 (type: int)
                  sort order: +
                  Map-reduce partition columns: _col0 (type: int)
                  Statistics: Num rows: 88000001 Data size: 75681779077 Basic stats: COMPLETE Column stats: NONE
        Reducer 3 
            Reduce Operator Tree:
              Join Operator
                condition map:
                     Inner Join 0 to 1
                keys:
                  0 _col0 (type: int)
                  1 _col2 (type: int)
                outputColumnNames: _col9
                Statistics: Num rows: 927646829 Data size: 81837272625 Basic stats: COMPLETE Column stats: NONE
                Group By Operator
                  aggregations: sum(_col9)
                  mode: hash
                  outputColumnNames: _col0
                  Statistics: Num rows: 1 Data size: 112 Basic stats: COMPLETE Column stats: NONE
                  Reduce Output Operator
                    sort order: 
                    Statistics: Num rows: 1 Data size: 112 Basic stats: COMPLETE Column stats: NONE
                    value expressions: _col0 (type: decimal(17,2))
        Reducer 4 
            Execution mode: vectorized
            Local Work:
              Map Reduce Local Work
            Reduce Operator Tree:
              Group By Operator
                aggregations: sum(VALUE._col0)
                mode: mergepartial
                outputColumnNames: _col0
                Statistics: Num rows: 1 Data size: 112 Basic stats: COMPLETE Column stats: NONE
                Map Join Operator
                  condition map:
                       Inner Join 0 to 1
                  keys:
                    0 
                    1 
                  outputColumnNames: _col0, _col1
                  input vertices:
                    1 Reducer 17
                  Statistics: Num rows: 1 Data size: 225 Basic stats: COMPLETE Column stats: NONE
                  Select Operator
                    expressions: _col0 (type: decimal(17,2)), _col1 (type: decimal(17,2)), ((CAST( _col0 AS decimal(15,4)) / CAST( _col1 AS decimal(15,4))) * 100) (type: decimal(38,19))
                    outputColumnNames: _col0, _col1, _col2
                    Statistics: Num rows: 1 Data size: 225 Basic stats: COMPLETE Column stats: NONE
                    Reduce Output Operator
                      key expressions: _col0 (type: decimal(17,2)), _col1 (type: decimal(17,2))
                      sort order: ++
                      Statistics: Num rows: 1 Data size: 225 Basic stats: COMPLETE Column stats: NONE
                      TopN Hash Memory Usage: 0.1
                      value expressions: _col2 (type: decimal(38,19))
        Reducer 5 
            Execution mode: vectorized
            Reduce Operator Tree:
              Select Operator
                expressions: KEY.reducesinkkey0 (type: decimal(17,2)), KEY.reducesinkkey1 (type: decimal(17,2)), VALUE._col0 (type: decimal(38,19))
                outputColumnNames: _col0, _col1, _col2
                Statistics: Num rows: 1 Data size: 225 Basic stats: COMPLETE Column stats: NONE
                Limit
                  Number of rows: 100
                  Statistics: Num rows: 1 Data size: 225 Basic stats: COMPLETE Column stats: NONE
                  File Output Operator
                    compressed: false
                    Statistics: Num rows: 1 Data size: 225 Basic stats: COMPLETE Column stats: NONE
                    table:
                        input format: org.apache.hadoop.mapred.SequenceFileInputFormat
                        output format: org.apache.hadoop.hive.ql.io.HiveSequenceFileOutputFormat
                        serde: org.apache.hadoop.hive.serde2.lazy.LazySimpleSerDe
        Reducer 8 
            Reduce Operator Tree:
              Join Operator
                condition map:
                     Inner Join 0 to 1
                keys:
                  0 _col0 (type: int)
                  1 _col0 (type: int)
                outputColumnNames: _col1, _col2, _col3, _col4, _col5
                Statistics: Num rows: 633595212 Data size: 55895953508 Basic stats: COMPLETE Column stats: NONE
                Reduce Output Operator
                  key expressions: _col1 (type: int)
                  sort order: +
                  Map-reduce partition columns: _col1 (type: int)
                  Statistics: Num rows: 633595212 Data size: 55895953508 Basic stats: COMPLETE Column stats: NONE
                  value expressions: _col2 (type: int), _col3 (type: int), _col4 (type: int), _col5 (type: decimal(7,2))
        Reducer 9 
            Local Work:
              Map Reduce Local Work
            Reduce Operator Tree:
              Join Operator
                condition map:
                     Inner Join 0 to 1
                keys:
                  0 _col1 (type: int)
                  1 _col0 (type: int)
                outputColumnNames: _col2, _col3, _col4, _col5
                Statistics: Num rows: 696954748 Data size: 61485550191 Basic stats: COMPLETE Column stats: NONE
                Map Join Operator
                  condition map:
                       Inner Join 0 to 1
                  keys:
                    0 _col3 (type: int)
                    1 _col0 (type: int)
                  outputColumnNames: _col2, _col4, _col5
                  input vertices:
                    1 Map 12
                  Statistics: Num rows: 766650239 Data size: 67634106676 Basic stats: COMPLETE Column stats: NONE
                  Map Join Operator
                    condition map:
                         Inner Join 0 to 1
                    keys:
                      0 _col4 (type: int)
                      1 _col0 (type: int)
                    outputColumnNames: _col2, _col5
                    input vertices:
                      1 Map 13
                    Statistics: Num rows: 843315281 Data size: 74397518956 Basic stats: COMPLETE Column stats: NONE
                    Reduce Output Operator
                      key expressions: _col2 (type: int)
                      sort order: +
                      Map-reduce partition columns: _col2 (type: int)
                      Statistics: Num rows: 843315281 Data size: 74397518956 Basic stats: COMPLETE Column stats: NONE
                      value expressions: _col5 (type: decimal(7,2))

  Stage: Stage-0
    Fetch Operator
      limit: 100
      Processor Tree:
        ListSink

