PREHOOK: query: explain
select   
    sum(ws_net_paid) as total_sum
   ,i_category
   ,i_class
   ,grouping(i_category)+grouping(i_class) as lochierarchy
   ,rank() over (
 	partition by grouping(i_category)+grouping(i_class),
 	case when grouping(i_class) = 0 then i_category end 
 	order by sum(ws_net_paid) desc) as rank_within_parent
 from
    web_sales
   ,date_dim       d1
   ,item
 where
    d1.d_month_seq between 1212 and 1212+11
 and d1.d_date_sk = ws_sold_date_sk
 and i_item_sk  = ws_item_sk
 group by rollup(i_category,i_class)
 order by
   lochierarchy desc,
   case when lochierarchy = 0 then i_category end,
   rank_within_parent
 limit 100
PREHOOK: type: QUERY
POSTHOOK: query: explain
select   
    sum(ws_net_paid) as total_sum
   ,i_category
   ,i_class
   ,grouping(i_category)+grouping(i_class) as lochierarchy
   ,rank() over (
 	partition by grouping(i_category)+grouping(i_class),
 	case when grouping(i_class) = 0 then i_category end 
 	order by sum(ws_net_paid) desc) as rank_within_parent
 from
    web_sales
   ,date_dim       d1
   ,item
 where
    d1.d_month_seq between 1212 and 1212+11
 and d1.d_date_sk = ws_sold_date_sk
 and i_item_sk  = ws_item_sk
 group by rollup(i_category,i_class)
 order by
   lochierarchy desc,
   case when lochierarchy = 0 then i_category end,
   rank_within_parent
 limit 100
POSTHOOK: type: QUERY
STAGE DEPENDENCIES:
  Stage-2 is a root stage
  Stage-1 depends on stages: Stage-2
  Stage-0 depends on stages: Stage-1

STAGE PLANS:
  Stage: Stage-2
    Spark
#### A masked pattern was here ####
      Vertices:
        Map 6 
            Map Operator Tree:
                TableScan
                  alias: d1
                  Statistics: Num rows: 73049 Data size: 81741831 Basic stats: COMPLETE Column stats: NONE
                  Filter Operator
                    predicate: (d_date_sk is not null and d_month_seq BETWEEN 1212 AND 1223) (type: boolean)
                    Statistics: Num rows: 8116 Data size: 9081804 Basic stats: COMPLETE Column stats: NONE
                    Select Operator
                      expressions: d_date_sk (type: int)
                      outputColumnNames: _col0
                      Statistics: Num rows: 8116 Data size: 9081804 Basic stats: COMPLETE Column stats: NONE
                      Spark HashTable Sink Operator
                        keys:
                          0 _col0 (type: int)
                          1 _col0 (type: int)
            Local Work:
              Map Reduce Local Work

  Stage: Stage-1
    Spark
      Edges:
        Reducer 2 <- Map 1 (PARTITION-LEVEL SORT, 174), Map 7 (PARTITION-LEVEL SORT, 174)
        Reducer 3 <- Reducer 2 (GROUP, 556)
        Reducer 4 <- Reducer 3 (PARTITION-LEVEL SORT, 278)
        Reducer 5 <- Reducer 4 (SORT, 1)
#### A masked pattern was here ####
      Vertices:
        Map 1 
            Map Operator Tree:
                TableScan
                  alias: web_sales
                  Statistics: Num rows: 144002668 Data size: 19580198212 Basic stats: COMPLETE Column stats: NONE
                  Filter Operator
                    predicate: (ws_item_sk is not null and ws_sold_date_sk is not null) (type: boolean)
                    Statistics: Num rows: 144002668 Data size: 19580198212 Basic stats: COMPLETE Column stats: NONE
                    Select Operator
                      expressions: ws_sold_date_sk (type: int), ws_item_sk (type: int), ws_net_paid (type: decimal(7,2))
                      outputColumnNames: _col0, _col1, _col2
                      Statistics: Num rows: 144002668 Data size: 19580198212 Basic stats: COMPLETE Column stats: NONE
                      Map Join Operator
                        condition map:
                             Inner Join 0 to 1
                        keys:
                          0 _col0 (type: int)
                          1 _col0 (type: int)
                        outputColumnNames: _col1, _col2
                        input vertices:
                          1 Map 6
                        Statistics: Num rows: 158402938 Data size: 21538218500 Basic stats: COMPLETE Column stats: NONE
                        Reduce Output Operator
                          key expressions: _col1 (type: int)
                          sort order: +
                          Map-reduce partition columns: _col1 (type: int)
                          Statistics: Num rows: 158402938 Data size: 21538218500 Basic stats: COMPLETE Column stats: NONE
                          value expressions: _col2 (type: decimal(7,2))
            Local Work:
              Map Reduce Local Work
        Map 7 
            Map Operator Tree:
                TableScan
                  alias: item
                  Statistics: Num rows: 462000 Data size: 663560457 Basic stats: COMPLETE Column stats: NONE
                  Filter Operator
                    predicate: i_item_sk is not null (type: boolean)
                    Statistics: Num rows: 462000 Data size: 663560457 Basic stats: COMPLETE Column stats: NONE
                    Select Operator
                      expressions: i_item_sk (type: int), i_class (type: string), i_category (type: string)
                      outputColumnNames: _col0, _col1, _col2
                      Statistics: Num rows: 462000 Data size: 663560457 Basic stats: COMPLETE Column stats: NONE
                      Reduce Output Operator
                        key expressions: _col0 (type: int)
                        sort order: +
                        Map-reduce partition columns: _col0 (type: int)
                        Statistics: Num rows: 462000 Data size: 663560457 Basic stats: COMPLETE Column stats: NONE
                        value expressions: _col1 (type: string), _col2 (type: string)
        Reducer 2 
            Reduce Operator Tree:
              Join Operator
                condition map:
                     Inner Join 0 to 1
                keys:
                  0 _col1 (type: int)
                  1 _col0 (type: int)
                outputColumnNames: _col2, _col6, _col7
                Statistics: Num rows: 174243235 Data size: 23692040863 Basic stats: COMPLETE Column stats: NONE
                Select Operator
                  expressions: _col7 (type: string), _col6 (type: string), _col2 (type: decimal(7,2))
                  outputColumnNames: _col0, _col1, _col2
                  Statistics: Num rows: 174243235 Data size: 23692040863 Basic stats: COMPLETE Column stats: NONE
                  Group By Operator
                    aggregations: sum(_col2)
                    keys: _col0 (type: string), _col1 (type: string), 0L (type: bigint)
                    mode: hash
                    outputColumnNames: _col0, _col1, _col2, _col3
                    Statistics: Num rows: 522729705 Data size: 71076122589 Basic stats: COMPLETE Column stats: NONE
                    Reduce Output Operator
                      key expressions: _col0 (type: string), _col1 (type: string), _col2 (type: bigint)
                      sort order: +++
                      Map-reduce partition columns: _col0 (type: string), _col1 (type: string), _col2 (type: bigint)
                      Statistics: Num rows: 522729705 Data size: 71076122589 Basic stats: COMPLETE Column stats: NONE
                      value expressions: _col3 (type: decimal(17,2))
        Reducer 3 
            Reduce Operator Tree:
              Group By Operator
                aggregations: sum(VALUE._col0)
                keys: KEY._col0 (type: string), KEY._col1 (type: string), KEY._col2 (type: bigint)
                mode: mergepartial
                outputColumnNames: _col0, _col1, _col2, _col3
                Statistics: Num rows: 261364852 Data size: 35538061226 Basic stats: COMPLETE Column stats: NONE
                Select Operator
                  expressions: _col0 (type: string), _col1 (type: string), _col3 (type: decimal(17,2)), _col2 (type: bigint)
                  outputColumnNames: _col0, _col1, _col2, _col3
                  Statistics: Num rows: 261364852 Data size: 35538061226 Basic stats: COMPLETE Column stats: NONE
                  Reduce Output Operator
                    key expressions: (grouping(_col3, 1) + grouping(_col3, 0)) (type: bigint), CASE WHEN ((grouping(_col3, 0) = 0)) THEN (_col0) ELSE (UDFToString(null)) END (type: string), _col2 (type: decimal(17,2))
                    sort order: ++-
                    Map-reduce partition columns: (grouping(_col3, 1) + grouping(_col3, 0)) (type: bigint), CASE WHEN ((grouping(_col3, 0) = 0)) THEN (_col0) ELSE (UDFToString(null)) END (type: string)
                    Statistics: Num rows: 261364852 Data size: 35538061226 Basic stats: COMPLETE Column stats: NONE
                    value expressions: _col0 (type: string), _col1 (type: string), _col3 (type: bigint)
        Reducer 4 
            Reduce Operator Tree:
              Select Operator
                expressions: VALUE._col0 (type: string), VALUE._col1 (type: string), KEY.reducesinkkey2 (type: decimal(17,2)), VALUE._col2 (type: bigint)
                outputColumnNames: _col0, _col1, _col2, _col3
                Statistics: Num rows: 261364852 Data size: 35538061226 Basic stats: COMPLETE Column stats: NONE
                PTF Operator
                  Function definitions:
                      Input definition
                        input alias: ptf_0
                        output shape: _col0: string, _col1: string, _col2: decimal(17,2), _col3: bigint
                        type: WINDOWING
                      Windowing table definition
                        input alias: ptf_1
                        name: windowingtablefunction
                        order by: _col2 DESC NULLS LAST
                        partition by: (grouping(_col3, 1) + grouping(_col3, 0)), CASE WHEN ((grouping(_col3, 0) = 0)) THEN (_col0) ELSE (UDFToString(null)) END
                        raw input shape:
                        window functions:
                            window function definition
                              alias: rank_window_0
                              arguments: _col2
                              name: rank
                              window function: GenericUDAFRankEvaluator
                              window frame: ROWS PRECEDING(MAX)~FOLLOWING(MAX)
                              isPivotResult: true
                  Statistics: Num rows: 261364852 Data size: 35538061226 Basic stats: COMPLETE Column stats: NONE
                  Select Operator
                    expressions: _col2 (type: decimal(17,2)), _col0 (type: string), _col1 (type: string), (grouping(_col3, 1) + grouping(_col3, 0)) (type: bigint), rank_window_0 (type: int), CASE WHEN (((grouping(_col3, 1) + grouping(_col3, 0)) = 0)) THEN (_col0) ELSE (null) END (type: string)
                    outputColumnNames: _col0, _col1, _col2, _col3, _col4, _col5
                    Statistics: Num rows: 261364852 Data size: 35538061226 Basic stats: COMPLETE Column stats: NONE
                    Reduce Output Operator
                      key expressions: _col3 (type: bigint), _col5 (type: string), _col4 (type: int)
                      sort order: -++
                      Statistics: Num rows: 261364852 Data size: 35538061226 Basic stats: COMPLETE Column stats: NONE
                      TopN Hash Memory Usage: 0.1
                      value expressions: _col0 (type: decimal(17,2)), _col1 (type: string), _col2 (type: string)
        Reducer 5 
            Reduce Operator Tree:
              Select Operator
                expressions: VALUE._col0 (type: decimal(17,2)), VALUE._col1 (type: string), VALUE._col2 (type: string), KEY.reducesinkkey0 (type: bigint), KEY.reducesinkkey2 (type: int)
                outputColumnNames: _col0, _col1, _col2, _col3, _col4
                Statistics: Num rows: 261364852 Data size: 35538061226 Basic stats: COMPLETE Column stats: NONE
                Limit
                  Number of rows: 100
                  Statistics: Num rows: 100 Data size: 13500 Basic stats: COMPLETE Column stats: NONE
                  File Output Operator
                    compressed: false
                    Statistics: Num rows: 100 Data size: 13500 Basic stats: COMPLETE Column stats: NONE
                    table:
                        input format: org.apache.hadoop.mapred.SequenceFileInputFormat
                        output format: org.apache.hadoop.hive.ql.io.HiveSequenceFileOutputFormat
                        serde: org.apache.hadoop.hive.serde2.lazy.LazySimpleSerDe

  Stage: Stage-0
    Fetch Operator
      limit: -1
      Processor Tree:
        ListSink

