PREHOOK: query: explain
select  
    sum(ss_net_profit) as total_sum
   ,s_state
   ,s_county
   ,grouping(s_state)+grouping(s_county) as lochierarchy
   ,rank() over (
 	partition by grouping(s_state)+grouping(s_county),
 	case when grouping(s_county) = 0 then s_state end 
 	order by sum(ss_net_profit) desc) as rank_within_parent
 from
    store_sales
   ,date_dim       d1
   ,store
 where
    d1.d_month_seq between 1212 and 1212+11
 and d1.d_date_sk = ss_sold_date_sk
 and s_store_sk  = ss_store_sk
 and s_state in
             ( select s_state
               from  (select s_state as s_state,
 			    rank() over ( partition by s_state order by sum(ss_net_profit) desc) as ranking
                      from   store_sales, store, date_dim
                      where  d_month_seq between 1212 and 1212+11
 			    and d_date_sk = ss_sold_date_sk
 			    and s_store_sk  = ss_store_sk
                      group by s_state
                     ) tmp1 
               where ranking <= 5
             )
 group by rollup(s_state,s_county)
 order by
   lochierarchy desc
  ,case when lochierarchy = 0 then s_state end
  ,rank_within_parent
 limit 100
PREHOOK: type: QUERY
POSTHOOK: query: explain
select  
    sum(ss_net_profit) as total_sum
   ,s_state
   ,s_county
   ,grouping(s_state)+grouping(s_county) as lochierarchy
   ,rank() over (
 	partition by grouping(s_state)+grouping(s_county),
 	case when grouping(s_county) = 0 then s_state end 
 	order by sum(ss_net_profit) desc) as rank_within_parent
 from
    store_sales
   ,date_dim       d1
   ,store
 where
    d1.d_month_seq between 1212 and 1212+11
 and d1.d_date_sk = ss_sold_date_sk
 and s_store_sk  = ss_store_sk
 and s_state in
             ( select s_state
               from  (select s_state as s_state,
 			    rank() over ( partition by s_state order by sum(ss_net_profit) desc) as ranking
                      from   store_sales, store, date_dim
                      where  d_month_seq between 1212 and 1212+11
 			    and d_date_sk = ss_sold_date_sk
 			    and s_store_sk  = ss_store_sk
                      group by s_state
                     ) tmp1 
               where ranking <= 5
             )
 group by rollup(s_state,s_county)
 order by
   lochierarchy desc
  ,case when lochierarchy = 0 then s_state end
  ,rank_within_parent
 limit 100
POSTHOOK: type: QUERY
STAGE DEPENDENCIES:
  Stage-2 is a root stage
  Stage-3 depends on stages: Stage-2
  Stage-1 depends on stages: Stage-3
  Stage-0 depends on stages: Stage-1

STAGE PLANS:
  Stage: Stage-2
    Spark
#### A masked pattern was here ####
      Vertices:
        Map 8 
            Map Operator Tree:
                TableScan
                  alias: store
                  Statistics: Num rows: 1704 Data size: 3256276 Basic stats: COMPLETE Column stats: NONE
                  Filter Operator
                    predicate: (s_state is not null and s_store_sk is not null) (type: boolean)
                    Statistics: Num rows: 1704 Data size: 3256276 Basic stats: COMPLETE Column stats: NONE
                    Select Operator
                      expressions: s_store_sk (type: int), s_county (type: string), s_state (type: string)
                      outputColumnNames: _col0, _col1, _col2
                      Statistics: Num rows: 1704 Data size: 3256276 Basic stats: COMPLETE Column stats: NONE
                      Spark HashTable Sink Operator
                        keys:
                          0 _col1 (type: int)
                          1 _col0 (type: int)
            Local Work:
              Map Reduce Local Work

  Stage: Stage-3
    Spark
#### A masked pattern was here ####
      Vertices:
        Map 14 
            Map Operator Tree:
                TableScan
                  alias: store
                  Statistics: Num rows: 1704 Data size: 3256276 Basic stats: COMPLETE Column stats: NONE
                  Filter Operator
                    predicate: (s_state is not null and s_store_sk is not null) (type: boolean)
                    Statistics: Num rows: 1704 Data size: 3256276 Basic stats: COMPLETE Column stats: NONE
                    Select Operator
                      expressions: s_store_sk (type: int), s_state (type: string)
                      outputColumnNames: _col0, _col1
                      Statistics: Num rows: 1704 Data size: 3256276 Basic stats: COMPLETE Column stats: NONE
                      Spark HashTable Sink Operator
                        keys:
                          0 _col1 (type: int)
                          1 _col0 (type: int)
            Local Work:
              Map Reduce Local Work

  Stage: Stage-1
    Spark
      Edges:
        Reducer 10 <- Map 13 (PARTITION-LEVEL SORT, 398), Map 9 (PARTITION-LEVEL SORT, 398)
        Reducer 11 <- Reducer 10 (GROUP, 481)
        Reducer 12 <- Reducer 11 (PARTITION-LEVEL SORT, 241)
        Reducer 2 <- Map 1 (PARTITION-LEVEL SORT, 398), Map 7 (PARTITION-LEVEL SORT, 398)
        Reducer 3 <- Reducer 12 (PARTITION-LEVEL SORT, 561), Reducer 2 (PARTITION-LEVEL SORT, 561)
        Reducer 4 <- Reducer 3 (GROUP, 1009)
        Reducer 5 <- Reducer 4 (PARTITION-LEVEL SORT, 793)
        Reducer 6 <- Reducer 5 (SORT, 1)
#### A masked pattern was here ####
      Vertices:
        Map 1 
            Map Operator Tree:
                TableScan
                  alias: store_sales
                  Statistics: Num rows: 575995635 Data size: 50814502088 Basic stats: COMPLETE Column stats: NONE
                  Filter Operator
                    predicate: (ss_sold_date_sk is not null and ss_store_sk is not null) (type: boolean)
                    Statistics: Num rows: 575995635 Data size: 50814502088 Basic stats: COMPLETE Column stats: NONE
                    Select Operator
                      expressions: ss_sold_date_sk (type: int), ss_store_sk (type: int), ss_net_profit (type: decimal(7,2))
                      outputColumnNames: _col0, _col1, _col2
                      Statistics: Num rows: 575995635 Data size: 50814502088 Basic stats: COMPLETE Column stats: NONE
                      Reduce Output Operator
                        key expressions: _col0 (type: int)
                        sort order: +
                        Map-reduce partition columns: _col0 (type: int)
                        Statistics: Num rows: 575995635 Data size: 50814502088 Basic stats: COMPLETE Column stats: NONE
                        value expressions: _col1 (type: int), _col2 (type: decimal(7,2))
        Map 13 
            Map Operator Tree:
                TableScan
                  alias: date_dim
                  Statistics: Num rows: 73049 Data size: 81741831 Basic stats: COMPLETE Column stats: NONE
                  Filter Operator
                    predicate: (d_date_sk is not null and d_month_seq BETWEEN 1212 AND 1223) (type: boolean)
                    Statistics: Num rows: 8116 Data size: 9081804 Basic stats: COMPLETE Column stats: NONE
                    Select Operator
                      expressions: d_date_sk (type: int)
                      outputColumnNames: _col0
                      Statistics: Num rows: 8116 Data size: 9081804 Basic stats: COMPLETE Column stats: NONE
                      Reduce Output Operator
                        key expressions: _col0 (type: int)
                        sort order: +
                        Map-reduce partition columns: _col0 (type: int)
                        Statistics: Num rows: 8116 Data size: 9081804 Basic stats: COMPLETE Column stats: NONE
        Map 7 
            Map Operator Tree:
                TableScan
                  alias: d1
                  Statistics: Num rows: 73049 Data size: 81741831 Basic stats: COMPLETE Column stats: NONE
                  Filter Operator
                    predicate: (d_date_sk is not null and d_month_seq BETWEEN 1212 AND 1223) (type: boolean)
                    Statistics: Num rows: 8116 Data size: 9081804 Basic stats: COMPLETE Column stats: NONE
                    Select Operator
                      expressions: d_date_sk (type: int)
                      outputColumnNames: _col0
                      Statistics: Num rows: 8116 Data size: 9081804 Basic stats: COMPLETE Column stats: NONE
                      Reduce Output Operator
                        key expressions: _col0 (type: int)
                        sort order: +
                        Map-reduce partition columns: _col0 (type: int)
                        Statistics: Num rows: 8116 Data size: 9081804 Basic stats: COMPLETE Column stats: NONE
        Map 9 
            Map Operator Tree:
                TableScan
                  alias: store_sales
                  Statistics: Num rows: 575995635 Data size: 50814502088 Basic stats: COMPLETE Column stats: NONE
                  Filter Operator
                    predicate: (ss_sold_date_sk is not null and ss_store_sk is not null) (type: boolean)
                    Statistics: Num rows: 575995635 Data size: 50814502088 Basic stats: COMPLETE Column stats: NONE
                    Select Operator
                      expressions: ss_sold_date_sk (type: int), ss_store_sk (type: int), ss_net_profit (type: decimal(7,2))
                      outputColumnNames: _col0, _col1, _col2
                      Statistics: Num rows: 575995635 Data size: 50814502088 Basic stats: COMPLETE Column stats: NONE
                      Reduce Output Operator
                        key expressions: _col0 (type: int)
                        sort order: +
                        Map-reduce partition columns: _col0 (type: int)
                        Statistics: Num rows: 575995635 Data size: 50814502088 Basic stats: COMPLETE Column stats: NONE
                        value expressions: _col1 (type: int), _col2 (type: decimal(7,2))
        Reducer 10 
            Local Work:
              Map Reduce Local Work
            Reduce Operator Tree:
              Join Operator
                condition map:
                     Inner Join 0 to 1
                keys:
                  0 _col0 (type: int)
                  1 _col0 (type: int)
                outputColumnNames: _col1, _col2
                Statistics: Num rows: 633595212 Data size: 55895953508 Basic stats: COMPLETE Column stats: NONE
                Map Join Operator
                  condition map:
                       Inner Join 0 to 1
                  keys:
                    0 _col1 (type: int)
                    1 _col0 (type: int)
                  outputColumnNames: _col2, _col6
                  input vertices:
                    1 Map 14
                  Statistics: Num rows: 696954748 Data size: 61485550191 Basic stats: COMPLETE Column stats: NONE
                  Group By Operator
                    aggregations: sum(_col2)
                    keys: _col6 (type: string)
                    mode: hash
                    outputColumnNames: _col0, _col1
                    Statistics: Num rows: 696954748 Data size: 61485550191 Basic stats: COMPLETE Column stats: NONE
                    Reduce Output Operator
                      key expressions: _col0 (type: string)
                      sort order: +
                      Map-reduce partition columns: _col0 (type: string)
                      Statistics: Num rows: 696954748 Data size: 61485550191 Basic stats: COMPLETE Column stats: NONE
                      value expressions: _col1 (type: decimal(17,2))
        Reducer 11 
            Reduce Operator Tree:
              Group By Operator
                aggregations: sum(VALUE._col0)
                keys: KEY._col0 (type: string)
                mode: mergepartial
                outputColumnNames: _col0, _col1
                Statistics: Num rows: 348477374 Data size: 30742775095 Basic stats: COMPLETE Column stats: NONE
                Reduce Output Operator
                  key expressions: _col0 (type: string), _col1 (type: decimal(17,2))
                  sort order: +-
                  Map-reduce partition columns: _col0 (type: string)
                  Statistics: Num rows: 348477374 Data size: 30742775095 Basic stats: COMPLETE Column stats: NONE
                  TopN Hash Memory Usage: 0.1
        Reducer 12 
            Reduce Operator Tree:
              Select Operator
                expressions: KEY.reducesinkkey0 (type: string), KEY.reducesinkkey1 (type: decimal(17,2))
                outputColumnNames: _col0, _col1
                Statistics: Num rows: 348477374 Data size: 30742775095 Basic stats: COMPLETE Column stats: NONE
                PTF Operator
                  Function definitions:
                      Input definition
                        input alias: ptf_0
                        output shape: _col0: string, _col1: decimal(17,2)
                        type: WINDOWING
                      Windowing table definition
                        input alias: ptf_1
                        name: windowingtablefunction
                        order by: _col1 DESC NULLS LAST
                        partition by: _col0
                        raw input shape:
                        window functions:
                            window function definition
                              alias: rank_window_0
                              arguments: _col1
                              name: rank
                              window function: GenericUDAFRankEvaluator
                              window frame: ROWS PRECEDING(MAX)~FOLLOWING(MAX)
                              isPivotResult: true
                  Statistics: Num rows: 348477374 Data size: 30742775095 Basic stats: COMPLETE Column stats: NONE
                  Filter Operator
                    predicate: (rank_window_0 <= 5) (type: boolean)
                    Statistics: Num rows: 116159124 Data size: 10247591639 Basic stats: COMPLETE Column stats: NONE
                    Select Operator
                      expressions: _col0 (type: string)
                      outputColumnNames: _col0
                      Statistics: Num rows: 116159124 Data size: 10247591639 Basic stats: COMPLETE Column stats: NONE
                      Reduce Output Operator
                        key expressions: _col0 (type: string)
                        sort order: +
                        Map-reduce partition columns: _col0 (type: string)
                        Statistics: Num rows: 116159124 Data size: 10247591639 Basic stats: COMPLETE Column stats: NONE
        Reducer 2 
            Local Work:
              Map Reduce Local Work
            Reduce Operator Tree:
              Join Operator
                condition map:
                     Inner Join 0 to 1
                keys:
                  0 _col0 (type: int)
                  1 _col0 (type: int)
                outputColumnNames: _col1, _col2
                Statistics: Num rows: 633595212 Data size: 55895953508 Basic stats: COMPLETE Column stats: NONE
                Map Join Operator
                  condition map:
                       Inner Join 0 to 1
                  keys:
                    0 _col1 (type: int)
                    1 _col0 (type: int)
                  outputColumnNames: _col2, _col6, _col7
                  input vertices:
                    1 Map 8
                  Statistics: Num rows: 696954748 Data size: 61485550191 Basic stats: COMPLETE Column stats: NONE
                  Reduce Output Operator
                    key expressions: _col7 (type: string)
                    sort order: +
                    Map-reduce partition columns: _col7 (type: string)
                    Statistics: Num rows: 696954748 Data size: 61485550191 Basic stats: COMPLETE Column stats: NONE
                    value expressions: _col2 (type: decimal(7,2)), _col6 (type: string)
        Reducer 3 
            Reduce Operator Tree:
              Join Operator
                condition map:
                     Inner Join 0 to 1
                keys:
                  0 _col7 (type: string)
                  1 _col0 (type: string)
                outputColumnNames: _col2, _col6, _col7
                Statistics: Num rows: 766650239 Data size: 67634106676 Basic stats: COMPLETE Column stats: NONE
                Select Operator
                  expressions: _col7 (type: string), _col6 (type: string), _col2 (type: decimal(7,2))
                  outputColumnNames: _col0, _col1, _col2
                  Statistics: Num rows: 766650239 Data size: 67634106676 Basic stats: COMPLETE Column stats: NONE
                  Group By Operator
                    aggregations: sum(_col2)
                    keys: _col0 (type: string), _col1 (type: string), 0 (type: bigint)
                    mode: hash
                    outputColumnNames: _col0, _col1, _col2, _col3
                    Statistics: Num rows: 2299950717 Data size: 202902320028 Basic stats: COMPLETE Column stats: NONE
                    Reduce Output Operator
                      key expressions: _col0 (type: string), _col1 (type: string), _col2 (type: bigint)
                      sort order: +++
                      Map-reduce partition columns: _col0 (type: string), _col1 (type: string), _col2 (type: bigint)
                      Statistics: Num rows: 2299950717 Data size: 202902320028 Basic stats: COMPLETE Column stats: NONE
                      value expressions: _col3 (type: decimal(17,2))
        Reducer 4 
            Reduce Operator Tree:
              Group By Operator
                aggregations: sum(VALUE._col0)
                keys: KEY._col0 (type: string), KEY._col1 (type: string), KEY._col2 (type: bigint)
                mode: mergepartial
                outputColumnNames: _col0, _col1, _col2, _col3
                Statistics: Num rows: 1149975358 Data size: 101451159969 Basic stats: COMPLETE Column stats: NONE
                Select Operator
                  expressions: _col0 (type: string), _col1 (type: string), _col3 (type: decimal(17,2)), _col2 (type: bigint)
                  outputColumnNames: _col0, _col1, _col2, _col3
                  Statistics: Num rows: 1149975358 Data size: 101451159969 Basic stats: COMPLETE Column stats: NONE
                  Reduce Output Operator
                    key expressions: (grouping(_col3, 1) + grouping(_col3, 0)) (type: bigint), CASE WHEN ((grouping(_col3, 0) = 0)) THEN (_col0) ELSE (UDFToString(null)) END (type: string), _col2 (type: decimal(17,2))
                    sort order: ++-
                    Map-reduce partition columns: (grouping(_col3, 1) + grouping(_col3, 0)) (type: bigint), CASE WHEN ((grouping(_col3, 0) = 0)) THEN (_col0) ELSE (UDFToString(null)) END (type: string)
                    Statistics: Num rows: 1149975358 Data size: 101451159969 Basic stats: COMPLETE Column stats: NONE
                    value expressions: _col0 (type: string), _col1 (type: string), _col3 (type: bigint)
        Reducer 5 
            Reduce Operator Tree:
              Select Operator
                expressions: VALUE._col0 (type: string), VALUE._col1 (type: string), KEY.reducesinkkey2 (type: decimal(17,2)), VALUE._col2 (type: bigint)
                outputColumnNames: _col0, _col1, _col2, _col3
                Statistics: Num rows: 1149975358 Data size: 101451159969 Basic stats: COMPLETE Column stats: NONE
                PTF Operator
                  Function definitions:
                      Input definition
                        input alias: ptf_0
                        output shape: _col0: string, _col1: string, _col2: decimal(17,2), _col3: bigint
                        type: WINDOWING
                      Windowing table definition
                        input alias: ptf_1
                        name: windowingtablefunction
                        order by: _col2 DESC NULLS LAST
                        partition by: (grouping(_col3, 1) + grouping(_col3, 0)), CASE WHEN ((grouping(_col3, 0) = 0)) THEN (_col0) ELSE (UDFToString(null)) END
                        raw input shape:
                        window functions:
                            window function definition
                              alias: rank_window_0
                              arguments: _col2
                              name: rank
                              window function: GenericUDAFRankEvaluator
                              window frame: ROWS PRECEDING(MAX)~FOLLOWING(MAX)
                              isPivotResult: true
                  Statistics: Num rows: 1149975358 Data size: 101451159969 Basic stats: COMPLETE Column stats: NONE
                  Select Operator
                    expressions: _col2 (type: decimal(17,2)), _col0 (type: string), _col1 (type: string), (grouping(_col3, 1) + grouping(_col3, 0)) (type: bigint), rank_window_0 (type: int), CASE WHEN (((grouping(_col3, 1) + grouping(_col3, 0)) = 0)) THEN (_col0) ELSE (null) END (type: string)
                    outputColumnNames: _col0, _col1, _col2, _col3, _col4, _col5
                    Statistics: Num rows: 1149975358 Data size: 101451159969 Basic stats: COMPLETE Column stats: NONE
                    Reduce Output Operator
                      key expressions: _col3 (type: bigint), _col5 (type: string), _col4 (type: int)
                      sort order: -++
                      Statistics: Num rows: 1149975358 Data size: 101451159969 Basic stats: COMPLETE Column stats: NONE
                      TopN Hash Memory Usage: 0.1
                      value expressions: _col0 (type: decimal(17,2)), _col1 (type: string), _col2 (type: string)
        Reducer 6 
            Reduce Operator Tree:
              Select Operator
                expressions: VALUE._col0 (type: decimal(17,2)), VALUE._col1 (type: string), VALUE._col2 (type: string), KEY.reducesinkkey0 (type: bigint), KEY.reducesinkkey2 (type: int)
                outputColumnNames: _col0, _col1, _col2, _col3, _col4
                Statistics: Num rows: 1149975358 Data size: 101451159969 Basic stats: COMPLETE Column stats: NONE
                Limit
                  Number of rows: 100
                  Statistics: Num rows: 100 Data size: 8800 Basic stats: COMPLETE Column stats: NONE
                  File Output Operator
                    compressed: false
                    Statistics: Num rows: 100 Data size: 8800 Basic stats: COMPLETE Column stats: NONE
                    table:
                        input format: org.apache.hadoop.mapred.SequenceFileInputFormat
                        output format: org.apache.hadoop.hive.ql.io.HiveSequenceFileOutputFormat
                        serde: org.apache.hadoop.hive.serde2.lazy.LazySimpleSerDe

  Stage: Stage-0
    Fetch Operator
      limit: -1
      Processor Tree:
        ListSink

