PREHOOK: query: explain
with ssr as
 (select  s_store_id as store_id,
          sum(ss_ext_sales_price) as sales,
          sum(coalesce(sr_return_amt, 0)) as returns,
          sum(ss_net_profit - coalesce(sr_net_loss, 0)) as profit
  from store_sales left outer join store_returns on
         (ss_item_sk = sr_item_sk and ss_ticket_number = sr_ticket_number),
     date_dim,
     store,
     item,
     promotion
 where ss_sold_date_sk = d_date_sk
       and d_date between cast('1998-08-04' as date) 
                  and (cast('1998-08-04' as date) +  30 days)
       and ss_store_sk = s_store_sk
       and ss_item_sk = i_item_sk
       and i_current_price > 50
       and ss_promo_sk = p_promo_sk
       and p_channel_tv = 'N'
 group by s_store_id)
 ,
 csr as
 (select  cp_catalog_page_id as catalog_page_id,
          sum(cs_ext_sales_price) as sales,
          sum(coalesce(cr_return_amount, 0)) as returns,
          sum(cs_net_profit - coalesce(cr_net_loss, 0)) as profit
  from catalog_sales left outer join catalog_returns on
         (cs_item_sk = cr_item_sk and cs_order_number = cr_order_number),
     date_dim,
     catalog_page,
     item,
     promotion
 where cs_sold_date_sk = d_date_sk
       and d_date between cast('1998-08-04' as date)
                  and (cast('1998-08-04' as date) +  30 days)
        and cs_catalog_page_sk = cp_catalog_page_sk
       and cs_item_sk = i_item_sk
       and i_current_price > 50
       and cs_promo_sk = p_promo_sk
       and p_channel_tv = 'N'
group by cp_catalog_page_id)
 ,
 wsr as
 (select  web_site_id,
          sum(ws_ext_sales_price) as sales,
          sum(coalesce(wr_return_amt, 0)) as returns,
          sum(ws_net_profit - coalesce(wr_net_loss, 0)) as profit
  from web_sales left outer join web_returns on
         (ws_item_sk = wr_item_sk and ws_order_number = wr_order_number),
     date_dim,
     web_site,
     item,
     promotion
 where ws_sold_date_sk = d_date_sk
       and d_date between cast('1998-08-04' as date)
                  and (cast('1998-08-04' as date) +  30 days)
        and ws_web_site_sk = web_site_sk
       and ws_item_sk = i_item_sk
       and i_current_price > 50
       and ws_promo_sk = p_promo_sk
       and p_channel_tv = 'N'
group by web_site_id)
  select  channel
        , id
        , sum(sales) as sales
        , sum(returns) as returns
        , sum(profit) as profit
 from 
 (select 'store channel' as channel
        , 'store' || store_id as id
        , sales
        , returns
        , profit
 from   ssr
 union all
 select 'catalog channel' as channel
        , 'catalog_page' || catalog_page_id as id
        , sales
        , returns
        , profit
 from  csr
 union all
 select 'web channel' as channel
        , 'web_site' || web_site_id as id
        , sales
        , returns
        , profit
 from   wsr
 ) x
 group by rollup (channel, id)
 order by channel
         ,id
 limit 100
PREHOOK: type: QUERY
POSTHOOK: query: explain
with ssr as
 (select  s_store_id as store_id,
          sum(ss_ext_sales_price) as sales,
          sum(coalesce(sr_return_amt, 0)) as returns,
          sum(ss_net_profit - coalesce(sr_net_loss, 0)) as profit
  from store_sales left outer join store_returns on
         (ss_item_sk = sr_item_sk and ss_ticket_number = sr_ticket_number),
     date_dim,
     store,
     item,
     promotion
 where ss_sold_date_sk = d_date_sk
       and d_date between cast('1998-08-04' as date) 
                  and (cast('1998-08-04' as date) +  30 days)
       and ss_store_sk = s_store_sk
       and ss_item_sk = i_item_sk
       and i_current_price > 50
       and ss_promo_sk = p_promo_sk
       and p_channel_tv = 'N'
 group by s_store_id)
 ,
 csr as
 (select  cp_catalog_page_id as catalog_page_id,
          sum(cs_ext_sales_price) as sales,
          sum(coalesce(cr_return_amount, 0)) as returns,
          sum(cs_net_profit - coalesce(cr_net_loss, 0)) as profit
  from catalog_sales left outer join catalog_returns on
         (cs_item_sk = cr_item_sk and cs_order_number = cr_order_number),
     date_dim,
     catalog_page,
     item,
     promotion
 where cs_sold_date_sk = d_date_sk
       and d_date between cast('1998-08-04' as date)
                  and (cast('1998-08-04' as date) +  30 days)
        and cs_catalog_page_sk = cp_catalog_page_sk
       and cs_item_sk = i_item_sk
       and i_current_price > 50
       and cs_promo_sk = p_promo_sk
       and p_channel_tv = 'N'
group by cp_catalog_page_id)
 ,
 wsr as
 (select  web_site_id,
          sum(ws_ext_sales_price) as sales,
          sum(coalesce(wr_return_amt, 0)) as returns,
          sum(ws_net_profit - coalesce(wr_net_loss, 0)) as profit
  from web_sales left outer join web_returns on
         (ws_item_sk = wr_item_sk and ws_order_number = wr_order_number),
     date_dim,
     web_site,
     item,
     promotion
 where ws_sold_date_sk = d_date_sk
       and d_date between cast('1998-08-04' as date)
                  and (cast('1998-08-04' as date) +  30 days)
        and ws_web_site_sk = web_site_sk
       and ws_item_sk = i_item_sk
       and i_current_price > 50
       and ws_promo_sk = p_promo_sk
       and p_channel_tv = 'N'
group by web_site_id)
  select  channel
        , id
        , sum(sales) as sales
        , sum(returns) as returns
        , sum(profit) as profit
 from 
 (select 'store channel' as channel
        , 'store' || store_id as id
        , sales
        , returns
        , profit
 from   ssr
 union all
 select 'catalog channel' as channel
        , 'catalog_page' || catalog_page_id as id
        , sales
        , returns
        , profit
 from  csr
 union all
 select 'web channel' as channel
        , 'web_site' || web_site_id as id
        , sales
        , returns
        , profit
 from   wsr
 ) x
 group by rollup (channel, id)
 order by channel
         ,id
 limit 100
POSTHOOK: type: QUERY
STAGE DEPENDENCIES:
  Stage-2 is a root stage
  Stage-3 depends on stages: Stage-2
  Stage-4 depends on stages: Stage-3
  Stage-5 depends on stages: Stage-4
  Stage-6 depends on stages: Stage-5
  Stage-7 depends on stages: Stage-6
  Stage-1 depends on stages: Stage-7
  Stage-0 depends on stages: Stage-1

STAGE PLANS:
  Stage: Stage-2
    Spark
#### A masked pattern was here ####
      Vertices:
        Map 10 
            Map Operator Tree:
                TableScan
                  alias: promotion
                  Statistics: Num rows: 2300 Data size: 2713420 Basic stats: COMPLETE Column stats: NONE
                  Filter Operator
                    predicate: ((p_channel_tv = 'N') and p_promo_sk is not null) (type: boolean)
                    Statistics: Num rows: 1150 Data size: 1356710 Basic stats: COMPLETE Column stats: NONE
                    Select Operator
                      expressions: p_promo_sk (type: int)
                      outputColumnNames: _col0
                      Statistics: Num rows: 1150 Data size: 1356710 Basic stats: COMPLETE Column stats: NONE
                      Spark HashTable Sink Operator
                        keys:
                          0 _col3 (type: int)
                          1 _col0 (type: int)
            Local Work:
              Map Reduce Local Work
        Map 11 
            Map Operator Tree:
                TableScan
                  alias: store
                  Statistics: Num rows: 1704 Data size: 3256276 Basic stats: COMPLETE Column stats: NONE
                  Filter Operator
                    predicate: s_store_sk is not null (type: boolean)
                    Statistics: Num rows: 1704 Data size: 3256276 Basic stats: COMPLETE Column stats: NONE
                    Select Operator
                      expressions: s_store_sk (type: int), s_store_id (type: string)
                      outputColumnNames: _col0, _col1
                      Statistics: Num rows: 1704 Data size: 3256276 Basic stats: COMPLETE Column stats: NONE
                      Spark HashTable Sink Operator
                        keys:
                          0 _col2 (type: int)
                          1 _col0 (type: int)
            Local Work:
              Map Reduce Local Work

  Stage: Stage-3
    Spark
#### A masked pattern was here ####
      Vertices:
        Map 8 
            Map Operator Tree:
                TableScan
                  alias: date_dim
                  Statistics: Num rows: 73049 Data size: 81741831 Basic stats: COMPLETE Column stats: NONE
                  Filter Operator
                    predicate: (CAST( d_date AS TIMESTAMP) BETWEEN 1998-08-04 00:00:00.0 AND 1998-09-03 00:00:00.0 and d_date_sk is not null) (type: boolean)
                    Statistics: Num rows: 8116 Data size: 9081804 Basic stats: COMPLETE Column stats: NONE
                    Select Operator
                      expressions: d_date_sk (type: int)
                      outputColumnNames: _col0
                      Statistics: Num rows: 8116 Data size: 9081804 Basic stats: COMPLETE Column stats: NONE
                      Spark HashTable Sink Operator
                        keys:
                          0 _col0 (type: int)
                          1 _col0 (type: int)
            Local Work:
              Map Reduce Local Work

  Stage: Stage-4
    Spark
#### A masked pattern was here ####
      Vertices:
        Map 20 
            Map Operator Tree:
                TableScan
                  alias: promotion
                  Statistics: Num rows: 2300 Data size: 2713420 Basic stats: COMPLETE Column stats: NONE
                  Filter Operator
                    predicate: ((p_channel_tv = 'N') and p_promo_sk is not null) (type: boolean)
                    Statistics: Num rows: 1150 Data size: 1356710 Basic stats: COMPLETE Column stats: NONE
                    Select Operator
                      expressions: p_promo_sk (type: int)
                      outputColumnNames: _col0
                      Statistics: Num rows: 1150 Data size: 1356710 Basic stats: COMPLETE Column stats: NONE
                      Spark HashTable Sink Operator
                        keys:
                          0 _col3 (type: int)
                          1 _col0 (type: int)
            Local Work:
              Map Reduce Local Work

  Stage: Stage-5
    Spark
#### A masked pattern was here ####
      Vertices:
        Map 18 
            Map Operator Tree:
                TableScan
                  alias: date_dim
                  Statistics: Num rows: 73049 Data size: 81741831 Basic stats: COMPLETE Column stats: NONE
                  Filter Operator
                    predicate: (CAST( d_date AS TIMESTAMP) BETWEEN 1998-08-04 00:00:00.0 AND 1998-09-03 00:00:00.0 and d_date_sk is not null) (type: boolean)
                    Statistics: Num rows: 8116 Data size: 9081804 Basic stats: COMPLETE Column stats: NONE
                    Select Operator
                      expressions: d_date_sk (type: int)
                      outputColumnNames: _col0
                      Statistics: Num rows: 8116 Data size: 9081804 Basic stats: COMPLETE Column stats: NONE
                      Spark HashTable Sink Operator
                        keys:
                          0 _col0 (type: int)
                          1 _col0 (type: int)
            Local Work:
              Map Reduce Local Work

  Stage: Stage-6
    Spark
#### A masked pattern was here ####
      Vertices:
        Map 29 
            Map Operator Tree:
                TableScan
                  alias: promotion
                  Statistics: Num rows: 2300 Data size: 2713420 Basic stats: COMPLETE Column stats: NONE
                  Filter Operator
                    predicate: ((p_channel_tv = 'N') and p_promo_sk is not null) (type: boolean)
                    Statistics: Num rows: 1150 Data size: 1356710 Basic stats: COMPLETE Column stats: NONE
                    Select Operator
                      expressions: p_promo_sk (type: int)
                      outputColumnNames: _col0
                      Statistics: Num rows: 1150 Data size: 1356710 Basic stats: COMPLETE Column stats: NONE
                      Spark HashTable Sink Operator
                        keys:
                          0 _col3 (type: int)
                          1 _col0 (type: int)
            Local Work:
              Map Reduce Local Work
        Map 30 
            Map Operator Tree:
                TableScan
                  alias: web_site
                  Statistics: Num rows: 84 Data size: 155408 Basic stats: COMPLETE Column stats: NONE
                  Filter Operator
                    predicate: web_site_sk is not null (type: boolean)
                    Statistics: Num rows: 84 Data size: 155408 Basic stats: COMPLETE Column stats: NONE
                    Select Operator
                      expressions: web_site_sk (type: int), web_site_id (type: string)
                      outputColumnNames: _col0, _col1
                      Statistics: Num rows: 84 Data size: 155408 Basic stats: COMPLETE Column stats: NONE
                      Spark HashTable Sink Operator
                        keys:
                          0 _col2 (type: int)
                          1 _col0 (type: int)
            Local Work:
              Map Reduce Local Work

  Stage: Stage-7
    Spark
#### A masked pattern was here ####
      Vertices:
        Map 27 
            Map Operator Tree:
                TableScan
                  alias: date_dim
                  Statistics: Num rows: 73049 Data size: 81741831 Basic stats: COMPLETE Column stats: NONE
                  Filter Operator
                    predicate: (CAST( d_date AS TIMESTAMP) BETWEEN 1998-08-04 00:00:00.0 AND 1998-09-03 00:00:00.0 and d_date_sk is not null) (type: boolean)
                    Statistics: Num rows: 8116 Data size: 9081804 Basic stats: COMPLETE Column stats: NONE
                    Select Operator
                      expressions: d_date_sk (type: int)
                      outputColumnNames: _col0
                      Statistics: Num rows: 8116 Data size: 9081804 Basic stats: COMPLETE Column stats: NONE
                      Spark HashTable Sink Operator
                        keys:
                          0 _col0 (type: int)
                          1 _col0 (type: int)
            Local Work:
              Map Reduce Local Work

  Stage: Stage-1
    Spark
      Edges:
        Reducer 13 <- Map 12 (PARTITION-LEVEL SORT, 329), Map 17 (PARTITION-LEVEL SORT, 329)
        Reducer 14 <- Map 19 (PARTITION-LEVEL SORT, 371), Reducer 13 (PARTITION-LEVEL SORT, 371)
        Reducer 15 <- Map 21 (PARTITION-LEVEL SORT, 447), Reducer 14 (PARTITION-LEVEL SORT, 447)
        Reducer 16 <- Reducer 15 (GROUP, 491)
        Reducer 2 <- Map 1 (PARTITION-LEVEL SORT, 432), Map 7 (PARTITION-LEVEL SORT, 432)
        Reducer 23 <- Map 22 (PARTITION-LEVEL SORT, 164), Map 26 (PARTITION-LEVEL SORT, 164)
        Reducer 24 <- Map 28 (PARTITION-LEVEL SORT, 187), Reducer 23 (PARTITION-LEVEL SORT, 187)
        Reducer 25 <- Reducer 24 (GROUP, 247)
        Reducer 3 <- Map 19 (PARTITION-LEVEL SORT, 483), Reducer 2 (PARTITION-LEVEL SORT, 483)
        Reducer 4 <- Reducer 3 (GROUP, 640)
        Reducer 5 <- Reducer 16 (GROUP, 1009), Reducer 25 (GROUP, 1009), Reducer 4 (GROUP, 1009)
        Reducer 6 <- Reducer 5 (SORT, 1)
#### A masked pattern was here ####
      Vertices:
        Map 1 
            Map Operator Tree:
                TableScan
                  alias: store_sales
                  Statistics: Num rows: 575995635 Data size: 50814502088 Basic stats: COMPLETE Column stats: NONE
                  Filter Operator
                    predicate: (ss_item_sk is not null and ss_promo_sk is not null and ss_sold_date_sk is not null and ss_store_sk is not null) (type: boolean)
                    Statistics: Num rows: 575995635 Data size: 50814502088 Basic stats: COMPLETE Column stats: NONE
                    Select Operator
                      expressions: ss_sold_date_sk (type: int), ss_item_sk (type: int), ss_store_sk (type: int), ss_promo_sk (type: int), ss_ticket_number (type: int), ss_ext_sales_price (type: decimal(7,2)), ss_net_profit (type: decimal(7,2))
                      outputColumnNames: _col0, _col1, _col2, _col3, _col4, _col5, _col6
                      Statistics: Num rows: 575995635 Data size: 50814502088 Basic stats: COMPLETE Column stats: NONE
                      Reduce Output Operator
                        key expressions: _col1 (type: int), _col4 (type: int)
                        sort order: ++
                        Map-reduce partition columns: _col1 (type: int), _col4 (type: int)
                        Statistics: Num rows: 575995635 Data size: 50814502088 Basic stats: COMPLETE Column stats: NONE
                        value expressions: _col0 (type: int), _col2 (type: int), _col3 (type: int), _col5 (type: decimal(7,2)), _col6 (type: decimal(7,2))
        Map 12 
            Map Operator Tree:
                TableScan
                  alias: catalog_sales
                  Statistics: Num rows: 287989836 Data size: 38999608952 Basic stats: COMPLETE Column stats: NONE
                  Filter Operator
                    predicate: (cs_catalog_page_sk is not null and cs_item_sk is not null and cs_promo_sk is not null and cs_sold_date_sk is not null) (type: boolean)
                    Statistics: Num rows: 287989836 Data size: 38999608952 Basic stats: COMPLETE Column stats: NONE
                    Select Operator
                      expressions: cs_sold_date_sk (type: int), cs_catalog_page_sk (type: int), cs_item_sk (type: int), cs_promo_sk (type: int), cs_order_number (type: int), cs_ext_sales_price (type: decimal(7,2)), cs_net_profit (type: decimal(7,2))
                      outputColumnNames: _col0, _col1, _col2, _col3, _col4, _col5, _col6
                      Statistics: Num rows: 287989836 Data size: 38999608952 Basic stats: COMPLETE Column stats: NONE
                      Reduce Output Operator
                        key expressions: _col2 (type: int), _col4 (type: int)
                        sort order: ++
                        Map-reduce partition columns: _col2 (type: int), _col4 (type: int)
                        Statistics: Num rows: 287989836 Data size: 38999608952 Basic stats: COMPLETE Column stats: NONE
                        value expressions: _col0 (type: int), _col1 (type: int), _col3 (type: int), _col5 (type: decimal(7,2)), _col6 (type: decimal(7,2))
        Map 17 
            Map Operator Tree:
                TableScan
                  alias: catalog_returns
                  Statistics: Num rows: 28798881 Data size: 3057234680 Basic stats: COMPLETE Column stats: NONE
                  Filter Operator
                    predicate: cr_item_sk is not null (type: boolean)
                    Statistics: Num rows: 28798881 Data size: 3057234680 Basic stats: COMPLETE Column stats: NONE
                    Select Operator
                      expressions: cr_item_sk (type: int), cr_order_number (type: int), cr_return_amount (type: decimal(7,2)), cr_net_loss (type: decimal(7,2))
                      outputColumnNames: _col0, _col1, _col2, _col3
                      Statistics: Num rows: 28798881 Data size: 3057234680 Basic stats: COMPLETE Column stats: NONE
                      Reduce Output Operator
                        key expressions: _col0 (type: int), _col1 (type: int)
                        sort order: ++
                        Map-reduce partition columns: _col0 (type: int), _col1 (type: int)
                        Statistics: Num rows: 28798881 Data size: 3057234680 Basic stats: COMPLETE Column stats: NONE
                        value expressions: _col2 (type: decimal(7,2)), _col3 (type: decimal(7,2))
        Map 19 
            Map Operator Tree:
                TableScan
                  alias: item
                  Statistics: Num rows: 462000 Data size: 663560457 Basic stats: COMPLETE Column stats: NONE
                  Filter Operator
                    predicate: ((i_current_price > 50) and i_item_sk is not null) (type: boolean)
                    Statistics: Num rows: 154000 Data size: 221186819 Basic stats: COMPLETE Column stats: NONE
                    Select Operator
                      expressions: i_item_sk (type: int)
                      outputColumnNames: _col0
                      Statistics: Num rows: 154000 Data size: 221186819 Basic stats: COMPLETE Column stats: NONE
                      Reduce Output Operator
                        key expressions: _col0 (type: int)
                        sort order: +
                        Map-reduce partition columns: _col0 (type: int)
                        Statistics: Num rows: 154000 Data size: 221186819 Basic stats: COMPLETE Column stats: NONE
        Map 21 
            Map Operator Tree:
                TableScan
                  alias: catalog_page
                  Statistics: Num rows: 46000 Data size: 21198808 Basic stats: COMPLETE Column stats: NONE
                  Filter Operator
                    predicate: cp_catalog_page_sk is not null (type: boolean)
                    Statistics: Num rows: 46000 Data size: 21198808 Basic stats: COMPLETE Column stats: NONE
                    Select Operator
                      expressions: cp_catalog_page_sk (type: int), cp_catalog_page_id (type: string)
                      outputColumnNames: _col0, _col1
                      Statistics: Num rows: 46000 Data size: 21198808 Basic stats: COMPLETE Column stats: NONE
                      Reduce Output Operator
                        key expressions: _col0 (type: int)
                        sort order: +
                        Map-reduce partition columns: _col0 (type: int)
                        Statistics: Num rows: 46000 Data size: 21198808 Basic stats: COMPLETE Column stats: NONE
                        value expressions: _col1 (type: string)
        Map 22 
            Map Operator Tree:
                TableScan
                  alias: web_sales
                  Statistics: Num rows: 144002668 Data size: 19580198212 Basic stats: COMPLETE Column stats: NONE
                  Filter Operator
                    predicate: (ws_item_sk is not null and ws_promo_sk is not null and ws_sold_date_sk is not null and ws_web_site_sk is not null) (type: boolean)
                    Statistics: Num rows: 144002668 Data size: 19580198212 Basic stats: COMPLETE Column stats: NONE
                    Select Operator
                      expressions: ws_sold_date_sk (type: int), ws_item_sk (type: int), ws_web_site_sk (type: int), ws_promo_sk (type: int), ws_order_number (type: int), ws_ext_sales_price (type: decimal(7,2)), ws_net_profit (type: decimal(7,2))
                      outputColumnNames: _col0, _col1, _col2, _col3, _col4, _col5, _col6
                      Statistics: Num rows: 144002668 Data size: 19580198212 Basic stats: COMPLETE Column stats: NONE
                      Reduce Output Operator
                        key expressions: _col1 (type: int), _col4 (type: int)
                        sort order: ++
                        Map-reduce partition columns: _col1 (type: int), _col4 (type: int)
                        Statistics: Num rows: 144002668 Data size: 19580198212 Basic stats: COMPLETE Column stats: NONE
                        value expressions: _col0 (type: int), _col2 (type: int), _col3 (type: int), _col5 (type: decimal(7,2)), _col6 (type: decimal(7,2))
        Map 26 
            Map Operator Tree:
                TableScan
                  alias: web_returns
                  Statistics: Num rows: 14398467 Data size: 1325194184 Basic stats: COMPLETE Column stats: NONE
                  Filter Operator
                    predicate: wr_item_sk is not null (type: boolean)
                    Statistics: Num rows: 14398467 Data size: 1325194184 Basic stats: COMPLETE Column stats: NONE
                    Select Operator
                      expressions: wr_item_sk (type: int), wr_order_number (type: int), wr_return_amt (type: decimal(7,2)), wr_net_loss (type: decimal(7,2))
                      outputColumnNames: _col0, _col1, _col2, _col3
                      Statistics: Num rows: 14398467 Data size: 1325194184 Basic stats: COMPLETE Column stats: NONE
                      Reduce Output Operator
                        key expressions: _col0 (type: int), _col1 (type: int)
                        sort order: ++
                        Map-reduce partition columns: _col0 (type: int), _col1 (type: int)
                        Statistics: Num rows: 14398467 Data size: 1325194184 Basic stats: COMPLETE Column stats: NONE
                        value expressions: _col2 (type: decimal(7,2)), _col3 (type: decimal(7,2))
        Map 28 
            Map Operator Tree:
                TableScan
                  alias: item
                  Statistics: Num rows: 462000 Data size: 663560457 Basic stats: COMPLETE Column stats: NONE
                  Filter Operator
                    predicate: ((i_current_price > 50) and i_item_sk is not null) (type: boolean)
                    Statistics: Num rows: 154000 Data size: 221186819 Basic stats: COMPLETE Column stats: NONE
                    Select Operator
                      expressions: i_item_sk (type: int)
                      outputColumnNames: _col0
                      Statistics: Num rows: 154000 Data size: 221186819 Basic stats: COMPLETE Column stats: NONE
                      Reduce Output Operator
                        key expressions: _col0 (type: int)
                        sort order: +
                        Map-reduce partition columns: _col0 (type: int)
                        Statistics: Num rows: 154000 Data size: 221186819 Basic stats: COMPLETE Column stats: NONE
        Map 7 
            Map Operator Tree:
                TableScan
                  alias: store_returns
                  Statistics: Num rows: 57591150 Data size: 4462194832 Basic stats: COMPLETE Column stats: NONE
                  Filter Operator
                    predicate: sr_item_sk is not null (type: boolean)
                    Statistics: Num rows: 57591150 Data size: 4462194832 Basic stats: COMPLETE Column stats: NONE
                    Select Operator
                      expressions: sr_item_sk (type: int), sr_ticket_number (type: int), sr_return_amt (type: decimal(7,2)), sr_net_loss (type: decimal(7,2))
                      outputColumnNames: _col0, _col1, _col2, _col3
                      Statistics: Num rows: 57591150 Data size: 4462194832 Basic stats: COMPLETE Column stats: NONE
                      Reduce Output Operator
                        key expressions: _col0 (type: int), _col1 (type: int)
                        sort order: ++
                        Map-reduce partition columns: _col0 (type: int), _col1 (type: int)
                        Statistics: Num rows: 57591150 Data size: 4462194832 Basic stats: COMPLETE Column stats: NONE
                        value expressions: _col2 (type: decimal(7,2)), _col3 (type: decimal(7,2))
        Reducer 13 
            Local Work:
              Map Reduce Local Work
            Reduce Operator Tree:
              Join Operator
                condition map:
                     Left Outer Join 0 to 1
                keys:
                  0 _col2 (type: int), _col4 (type: int)
                  1 _col0 (type: int), _col1 (type: int)
                outputColumnNames: _col0, _col1, _col2, _col3, _col5, _col6, _col9, _col10
                Statistics: Num rows: 316788826 Data size: 42899570777 Basic stats: COMPLETE Column stats: NONE
                Map Join Operator
                  condition map:
                       Inner Join 0 to 1
                  keys:
                    0 _col0 (type: int)
                    1 _col0 (type: int)
                  outputColumnNames: _col1, _col2, _col3, _col5, _col6, _col9, _col10
                  input vertices:
                    1 Map 18
                  Statistics: Num rows: 348467716 Data size: 47189528877 Basic stats: COMPLETE Column stats: NONE
                  Reduce Output Operator
                    key expressions: _col2 (type: int)
                    sort order: +
                    Map-reduce partition columns: _col2 (type: int)
                    Statistics: Num rows: 348467716 Data size: 47189528877 Basic stats: COMPLETE Column stats: NONE
                    value expressions: _col1 (type: int), _col3 (type: int), _col5 (type: decimal(7,2)), _col6 (type: decimal(7,2)), _col9 (type: decimal(7,2)), _col10 (type: decimal(7,2))
        Reducer 14 
            Local Work:
              Map Reduce Local Work
            Reduce Operator Tree:
              Join Operator
                condition map:
                     Inner Join 0 to 1
                keys:
                  0 _col2 (type: int)
                  1 _col0 (type: int)
                outputColumnNames: _col1, _col3, _col5, _col6, _col9, _col10
                Statistics: Num rows: 383314495 Data size: 51908482889 Basic stats: COMPLETE Column stats: NONE
                Map Join Operator
                  condition map:
                       Inner Join 0 to 1
                  keys:
                    0 _col3 (type: int)
                    1 _col0 (type: int)
                  outputColumnNames: _col1, _col5, _col6, _col9, _col10
                  input vertices:
                    1 Map 20
                  Statistics: Num rows: 421645953 Data size: 57099332415 Basic stats: COMPLETE Column stats: NONE
                  Reduce Output Operator
                    key expressions: _col1 (type: int)
                    sort order: +
                    Map-reduce partition columns: _col1 (type: int)
                    Statistics: Num rows: 421645953 Data size: 57099332415 Basic stats: COMPLETE Column stats: NONE
                    value expressions: _col5 (type: decimal(7,2)), _col6 (type: decimal(7,2)), _col9 (type: decimal(7,2)), _col10 (type: decimal(7,2))
        Reducer 15 
            Reduce Operator Tree:
              Join Operator
                condition map:
                     Inner Join 0 to 1
                keys:
                  0 _col1 (type: int)
                  1 _col0 (type: int)
                outputColumnNames: _col5, _col6, _col9, _col10, _col18
                Statistics: Num rows: 463810558 Data size: 62809267017 Basic stats: COMPLETE Column stats: NONE
                Select Operator
                  expressions: _col18 (type: string), _col5 (type: decimal(7,2)), COALESCE(_col9,0) (type: decimal(12,2)), (_col6 - COALESCE(_col10,0)) (type: decimal(13,2))
                  outputColumnNames: _col0, _col1, _col2, _col3
                  Statistics: Num rows: 463810558 Data size: 62809267017 Basic stats: COMPLETE Column stats: NONE
                  Group By Operator
                    aggregations: sum(_col1), sum(_col2), sum(_col3)
                    keys: _col0 (type: string)
                    mode: hash
                    outputColumnNames: _col0, _col1, _col2, _col3
                    Statistics: Num rows: 463810558 Data size: 62809267017 Basic stats: COMPLETE Column stats: NONE
                    Reduce Output Operator
                      key expressions: _col0 (type: string)
                      sort order: +
                      Map-reduce partition columns: _col0 (type: string)
                      Statistics: Num rows: 463810558 Data size: 62809267017 Basic stats: COMPLETE Column stats: NONE
                      value expressions: _col1 (type: decimal(17,2)), _col2 (type: decimal(22,2)), _col3 (type: decimal(23,2))
        Reducer 16 
            Reduce Operator Tree:
              Group By Operator
                aggregations: sum(VALUE._col0), sum(VALUE._col1), sum(VALUE._col2)
                keys: KEY._col0 (type: string)
                mode: mergepartial
                outputColumnNames: _col0, _col1, _col2, _col3
                Statistics: Num rows: 231905279 Data size: 31404633508 Basic stats: COMPLETE Column stats: NONE
                Select Operator
                  expressions: 'catalog channel' (type: string), concat('catalog_page', _col0) (type: string), _col1 (type: decimal(17,2)), _col2 (type: decimal(22,2)), _col3 (type: decimal(23,2))
                  outputColumnNames: _col0, _col1, _col2, _col3, _col4
                  Statistics: Num rows: 231905279 Data size: 31404633508 Basic stats: COMPLETE Column stats: NONE
                  Group By Operator
                    aggregations: sum(_col2), sum(_col3), sum(_col4)
                    keys: _col0 (type: string), _col1 (type: string), 0 (type: bigint)
                    mode: hash
                    outputColumnNames: _col0, _col1, _col2, _col3, _col4, _col5
                    Statistics: Num rows: 2435062716 Data size: 264270971781 Basic stats: COMPLETE Column stats: NONE
                    Reduce Output Operator
                      key expressions: _col0 (type: string), _col1 (type: string), _col2 (type: bigint)
                      sort order: +++
                      Map-reduce partition columns: _col0 (type: string), _col1 (type: string), _col2 (type: bigint)
                      Statistics: Num rows: 2435062716 Data size: 264270971781 Basic stats: COMPLETE Column stats: NONE
                      TopN Hash Memory Usage: 0.1
                      value expressions: _col3 (type: decimal(27,2)), _col4 (type: decimal(32,2)), _col5 (type: decimal(33,2))
        Reducer 2 
            Local Work:
              Map Reduce Local Work
            Reduce Operator Tree:
              Join Operator
                condition map:
                     Left Outer Join 0 to 1
                keys:
                  0 _col1 (type: int), _col4 (type: int)
                  1 _col0 (type: int), _col1 (type: int)
                outputColumnNames: _col0, _col1, _col2, _col3, _col5, _col6, _col9, _col10
                Statistics: Num rows: 633595212 Data size: 55895953508 Basic stats: COMPLETE Column stats: NONE
                Map Join Operator
                  condition map:
                       Inner Join 0 to 1
                  keys:
                    0 _col0 (type: int)
                    1 _col0 (type: int)
                  outputColumnNames: _col1, _col2, _col3, _col5, _col6, _col9, _col10
                  input vertices:
                    1 Map 8
                  Statistics: Num rows: 696954748 Data size: 61485550191 Basic stats: COMPLETE Column stats: NONE
                  Reduce Output Operator
                    key expressions: _col1 (type: int)
                    sort order: +
                    Map-reduce partition columns: _col1 (type: int)
                    Statistics: Num rows: 696954748 Data size: 61485550191 Basic stats: COMPLETE Column stats: NONE
                    value expressions: _col2 (type: int), _col3 (type: int), _col5 (type: decimal(7,2)), _col6 (type: decimal(7,2)), _col9 (type: decimal(7,2)), _col10 (type: decimal(7,2))
        Reducer 23 
            Local Work:
              Map Reduce Local Work
            Reduce Operator Tree:
              Join Operator
                condition map:
                     Left Outer Join 0 to 1
                keys:
                  0 _col1 (type: int), _col4 (type: int)
                  1 _col0 (type: int), _col1 (type: int)
                outputColumnNames: _col0, _col1, _col2, _col3, _col5, _col6, _col9, _col10
                Statistics: Num rows: 158402938 Data size: 21538218500 Basic stats: COMPLETE Column stats: NONE
                Map Join Operator
                  condition map:
                       Inner Join 0 to 1
                  keys:
                    0 _col0 (type: int)
                    1 _col0 (type: int)
                  outputColumnNames: _col1, _col2, _col3, _col5, _col6, _col9, _col10
                  input vertices:
                    1 Map 27
                  Statistics: Num rows: 174243235 Data size: 23692040863 Basic stats: COMPLETE Column stats: NONE
                  Reduce Output Operator
                    key expressions: _col1 (type: int)
                    sort order: +
                    Map-reduce partition columns: _col1 (type: int)
                    Statistics: Num rows: 174243235 Data size: 23692040863 Basic stats: COMPLETE Column stats: NONE
                    value expressions: _col2 (type: int), _col3 (type: int), _col5 (type: decimal(7,2)), _col6 (type: decimal(7,2)), _col9 (type: decimal(7,2)), _col10 (type: decimal(7,2))
        Reducer 24 
            Local Work:
              Map Reduce Local Work
            Reduce Operator Tree:
              Join Operator
                condition map:
                     Inner Join 0 to 1
                keys:
                  0 _col1 (type: int)
                  1 _col0 (type: int)
                outputColumnNames: _col2, _col3, _col5, _col6, _col9, _col10
                Statistics: Num rows: 191667562 Data size: 26061245514 Basic stats: COMPLETE Column stats: NONE
                Map Join Operator
                  condition map:
                       Inner Join 0 to 1
                  keys:
                    0 _col3 (type: int)
                    1 _col0 (type: int)
                  outputColumnNames: _col2, _col5, _col6, _col9, _col10
                  input vertices:
                    1 Map 29
                  Statistics: Num rows: 210834322 Data size: 28667370686 Basic stats: COMPLETE Column stats: NONE
                  Map Join Operator
                    condition map:
                         Inner Join 0 to 1
                    keys:
                      0 _col2 (type: int)
                      1 _col0 (type: int)
                    outputColumnNames: _col5, _col6, _col9, _col10, _col18
                    input vertices:
                      1 Map 30
                    Statistics: Num rows: 231917759 Data size: 31534108438 Basic stats: COMPLETE Column stats: NONE
                    Select Operator
                      expressions: _col18 (type: string), _col5 (type: decimal(7,2)), COALESCE(_col9,0) (type: decimal(12,2)), (_col6 - COALESCE(_col10,0)) (type: decimal(13,2))
                      outputColumnNames: _col0, _col1, _col2, _col3
                      Statistics: Num rows: 231917759 Data size: 31534108438 Basic stats: COMPLETE Column stats: NONE
                      Group By Operator
                        aggregations: sum(_col1), sum(_col2), sum(_col3)
                        keys: _col0 (type: string)
                        mode: hash
                        outputColumnNames: _col0, _col1, _col2, _col3
                        Statistics: Num rows: 231917759 Data size: 31534108438 Basic stats: COMPLETE Column stats: NONE
                        Reduce Output Operator
                          key expressions: _col0 (type: string)
                          sort order: +
                          Map-reduce partition columns: _col0 (type: string)
                          Statistics: Num rows: 231917759 Data size: 31534108438 Basic stats: COMPLETE Column stats: NONE
                          value expressions: _col1 (type: decimal(17,2)), _col2 (type: decimal(22,2)), _col3 (type: decimal(23,2))
        Reducer 25 
            Reduce Operator Tree:
              Group By Operator
                aggregations: sum(VALUE._col0), sum(VALUE._col1), sum(VALUE._col2)
                keys: KEY._col0 (type: string)
                mode: mergepartial
                outputColumnNames: _col0, _col1, _col2, _col3
                Statistics: Num rows: 115958879 Data size: 15767054151 Basic stats: COMPLETE Column stats: NONE
                Select Operator
                  expressions: 'web channel' (type: string), concat('web_site', _col0) (type: string), _col1 (type: decimal(17,2)), _col2 (type: decimal(22,2)), _col3 (type: decimal(23,2))
                  outputColumnNames: _col0, _col1, _col2, _col3, _col4
                  Statistics: Num rows: 115958879 Data size: 15767054151 Basic stats: COMPLETE Column stats: NONE
                  Group By Operator
                    aggregations: sum(_col2), sum(_col3), sum(_col4)
                    keys: _col0 (type: string), _col1 (type: string), 0 (type: bigint)
                    mode: hash
                    outputColumnNames: _col0, _col1, _col2, _col3, _col4, _col5
                    Statistics: Num rows: 2435062716 Data size: 264270971781 Basic stats: COMPLETE Column stats: NONE
                    Reduce Output Operator
                      key expressions: _col0 (type: string), _col1 (type: string), _col2 (type: bigint)
                      sort order: +++
                      Map-reduce partition columns: _col0 (type: string), _col1 (type: string), _col2 (type: bigint)
                      Statistics: Num rows: 2435062716 Data size: 264270971781 Basic stats: COMPLETE Column stats: NONE
                      TopN Hash Memory Usage: 0.1
                      value expressions: _col3 (type: decimal(27,2)), _col4 (type: decimal(32,2)), _col5 (type: decimal(33,2))
        Reducer 3 
            Local Work:
              Map Reduce Local Work
            Reduce Operator Tree:
              Join Operator
                condition map:
                     Inner Join 0 to 1
                keys:
                  0 _col1 (type: int)
                  1 _col0 (type: int)
                outputColumnNames: _col2, _col3, _col5, _col6, _col9, _col10
                Statistics: Num rows: 766650239 Data size: 67634106676 Basic stats: COMPLETE Column stats: NONE
                Map Join Operator
                  condition map:
                       Inner Join 0 to 1
                  keys:
                    0 _col3 (type: int)
                    1 _col0 (type: int)
                  outputColumnNames: _col2, _col5, _col6, _col9, _col10
                  input vertices:
                    1 Map 10
                  Statistics: Num rows: 843315281 Data size: 74397518956 Basic stats: COMPLETE Column stats: NONE
                  Map Join Operator
                    condition map:
                         Inner Join 0 to 1
                    keys:
                      0 _col2 (type: int)
                      1 _col0 (type: int)
                    outputColumnNames: _col5, _col6, _col9, _col10, _col18
                    input vertices:
                      1 Map 11
                    Statistics: Num rows: 927646829 Data size: 81837272625 Basic stats: COMPLETE Column stats: NONE
                    Select Operator
                      expressions: _col18 (type: string), _col5 (type: decimal(7,2)), COALESCE(_col9,0) (type: decimal(12,2)), (_col6 - COALESCE(_col10,0)) (type: decimal(13,2))
                      outputColumnNames: _col0, _col1, _col2, _col3
                      Statistics: Num rows: 927646829 Data size: 81837272625 Basic stats: COMPLETE Column stats: NONE
                      Group By Operator
                        aggregations: sum(_col1), sum(_col2), sum(_col3)
                        keys: _col0 (type: string)
                        mode: hash
                        outputColumnNames: _col0, _col1, _col2, _col3
                        Statistics: Num rows: 927646829 Data size: 81837272625 Basic stats: COMPLETE Column stats: NONE
                        Reduce Output Operator
                          key expressions: _col0 (type: string)
                          sort order: +
                          Map-reduce partition columns: _col0 (type: string)
                          Statistics: Num rows: 927646829 Data size: 81837272625 Basic stats: COMPLETE Column stats: NONE
                          value expressions: _col1 (type: decimal(17,2)), _col2 (type: decimal(22,2)), _col3 (type: decimal(23,2))
        Reducer 4 
            Reduce Operator Tree:
              Group By Operator
                aggregations: sum(VALUE._col0), sum(VALUE._col1), sum(VALUE._col2)
                keys: KEY._col0 (type: string)
                mode: mergepartial
                outputColumnNames: _col0, _col1, _col2, _col3
                Statistics: Num rows: 463823414 Data size: 40918636268 Basic stats: COMPLETE Column stats: NONE
                Select Operator
                  expressions: 'store channel' (type: string), concat('store', _col0) (type: string), _col1 (type: decimal(17,2)), _col2 (type: decimal(22,2)), _col3 (type: decimal(23,2))
                  outputColumnNames: _col0, _col1, _col2, _col3, _col4
                  Statistics: Num rows: 463823414 Data size: 40918636268 Basic stats: COMPLETE Column stats: NONE
                  Group By Operator
                    aggregations: sum(_col2), sum(_col3), sum(_col4)
                    keys: _col0 (type: string), _col1 (type: string), 0 (type: bigint)
                    mode: hash
                    outputColumnNames: _col0, _col1, _col2, _col3, _col4, _col5
                    Statistics: Num rows: 2435062716 Data size: 264270971781 Basic stats: COMPLETE Column stats: NONE
                    Reduce Output Operator
                      key expressions: _col0 (type: string), _col1 (type: string), _col2 (type: bigint)
                      sort order: +++
                      Map-reduce partition columns: _col0 (type: string), _col1 (type: string), _col2 (type: bigint)
                      Statistics: Num rows: 2435062716 Data size: 264270971781 Basic stats: COMPLETE Column stats: NONE
                      TopN Hash Memory Usage: 0.1
                      value expressions: _col3 (type: decimal(27,2)), _col4 (type: decimal(32,2)), _col5 (type: decimal(33,2))
        Reducer 5 
            Reduce Operator Tree:
              Group By Operator
                aggregations: sum(VALUE._col0), sum(VALUE._col1), sum(VALUE._col2)
                keys: KEY._col0 (type: string), KEY._col1 (type: string), KEY._col2 (type: bigint)
                mode: mergepartial
                outputColumnNames: _col0, _col1, _col3, _col4, _col5
                Statistics: Num rows: 1217531358 Data size: 132135485890 Basic stats: COMPLETE Column stats: NONE
                pruneGroupingSetId: true
                Select Operator
                  expressions: _col0 (type: string), _col1 (type: string), _col3 (type: decimal(27,2)), _col4 (type: decimal(32,2)), _col5 (type: decimal(33,2))
                  outputColumnNames: _col0, _col1, _col2, _col3, _col4
                  Statistics: Num rows: 1217531358 Data size: 132135485890 Basic stats: COMPLETE Column stats: NONE
                  Reduce Output Operator
                    key expressions: _col0 (type: string), _col1 (type: string)
                    sort order: ++
                    Statistics: Num rows: 1217531358 Data size: 132135485890 Basic stats: COMPLETE Column stats: NONE
                    TopN Hash Memory Usage: 0.1
                    value expressions: _col2 (type: decimal(27,2)), _col3 (type: decimal(32,2)), _col4 (type: decimal(33,2))
        Reducer 6 
            Reduce Operator Tree:
              Select Operator
                expressions: KEY.reducesinkkey0 (type: string), KEY.reducesinkkey1 (type: string), VALUE._col0 (type: decimal(27,2)), VALUE._col1 (type: decimal(32,2)), VALUE._col2 (type: decimal(33,2))
                outputColumnNames: _col0, _col1, _col2, _col3, _col4
                Statistics: Num rows: 1217531358 Data size: 132135485890 Basic stats: COMPLETE Column stats: NONE
                Limit
                  Number of rows: 100
                  Statistics: Num rows: 100 Data size: 10800 Basic stats: COMPLETE Column stats: NONE
                  File Output Operator
                    compressed: false
                    Statistics: Num rows: 100 Data size: 10800 Basic stats: COMPLETE Column stats: NONE
                    table:
                        input format: org.apache.hadoop.mapred.SequenceFileInputFormat
                        output format: org.apache.hadoop.hive.ql.io.HiveSequenceFileOutputFormat
                        serde: org.apache.hadoop.hive.serde2.lazy.LazySimpleSerDe

  Stage: Stage-0
    Fetch Operator
      limit: 100
      Processor Tree:
        ListSink

