PREHOOK: query: explain
select  substr(r_reason_desc,1,20)
       ,avg(ws_quantity)
       ,avg(wr_refunded_cash)
       ,avg(wr_fee)
 from web_sales, web_returns, web_page, customer_demographics cd1,
      customer_demographics cd2, customer_address, date_dim, reason 
 where ws_web_page_sk = wp_web_page_sk
   and ws_item_sk = wr_item_sk
   and ws_order_number = wr_order_number
   and ws_sold_date_sk = d_date_sk and d_year = 1998
   and cd1.cd_demo_sk = wr_refunded_cdemo_sk 
   and cd2.cd_demo_sk = wr_returning_cdemo_sk
   and ca_address_sk = wr_refunded_addr_sk
   and r_reason_sk = wr_reason_sk
   and
   (
    (
     cd1.cd_marital_status = 'M'
     and
     cd1.cd_marital_status = cd2.cd_marital_status
     and
     cd1.cd_education_status = '4 yr Degree'
     and 
     cd1.cd_education_status = cd2.cd_education_status
     and
     ws_sales_price between 100.00 and 150.00
    )
   or
    (
     cd1.cd_marital_status = 'D'
     and
     cd1.cd_marital_status = cd2.cd_marital_status
     and
     cd1.cd_education_status = 'Primary' 
     and
     cd1.cd_education_status = cd2.cd_education_status
     and
     ws_sales_price between 50.00 and 100.00
    )
   or
    (
     cd1.cd_marital_status = 'U'
     and
     cd1.cd_marital_status = cd2.cd_marital_status
     and
     cd1.cd_education_status = 'Advanced Degree'
     and
     cd1.cd_education_status = cd2.cd_education_status
     and
     ws_sales_price between 150.00 and 200.00
    )
   )
   and
   (
    (
     ca_country = 'United States'
     and
     ca_state in ('KY', 'GA', 'NM')
     and ws_net_profit between 100 and 200  
    )
    or
    (
     ca_country = 'United States'
     and
     ca_state in ('MT', 'OR', 'IN')
     and ws_net_profit between 150 and 300  
    )
    or
    (
     ca_country = 'United States'
     and
     ca_state in ('WI', 'MO', 'WV')
     and ws_net_profit between 50 and 250  
    )
   )
group by r_reason_desc
order by substr(r_reason_desc,1,20)
        ,avg(ws_quantity)
        ,avg(wr_refunded_cash)
        ,avg(wr_fee)
limit 100
PREHOOK: type: QUERY
POSTHOOK: query: explain
select  substr(r_reason_desc,1,20)
       ,avg(ws_quantity)
       ,avg(wr_refunded_cash)
       ,avg(wr_fee)
 from web_sales, web_returns, web_page, customer_demographics cd1,
      customer_demographics cd2, customer_address, date_dim, reason 
 where ws_web_page_sk = wp_web_page_sk
   and ws_item_sk = wr_item_sk
   and ws_order_number = wr_order_number
   and ws_sold_date_sk = d_date_sk and d_year = 1998
   and cd1.cd_demo_sk = wr_refunded_cdemo_sk 
   and cd2.cd_demo_sk = wr_returning_cdemo_sk
   and ca_address_sk = wr_refunded_addr_sk
   and r_reason_sk = wr_reason_sk
   and
   (
    (
     cd1.cd_marital_status = 'M'
     and
     cd1.cd_marital_status = cd2.cd_marital_status
     and
     cd1.cd_education_status = '4 yr Degree'
     and 
     cd1.cd_education_status = cd2.cd_education_status
     and
     ws_sales_price between 100.00 and 150.00
    )
   or
    (
     cd1.cd_marital_status = 'D'
     and
     cd1.cd_marital_status = cd2.cd_marital_status
     and
     cd1.cd_education_status = 'Primary' 
     and
     cd1.cd_education_status = cd2.cd_education_status
     and
     ws_sales_price between 50.00 and 100.00
    )
   or
    (
     cd1.cd_marital_status = 'U'
     and
     cd1.cd_marital_status = cd2.cd_marital_status
     and
     cd1.cd_education_status = 'Advanced Degree'
     and
     cd1.cd_education_status = cd2.cd_education_status
     and
     ws_sales_price between 150.00 and 200.00
    )
   )
   and
   (
    (
     ca_country = 'United States'
     and
     ca_state in ('KY', 'GA', 'NM')
     and ws_net_profit between 100 and 200  
    )
    or
    (
     ca_country = 'United States'
     and
     ca_state in ('MT', 'OR', 'IN')
     and ws_net_profit between 150 and 300  
    )
    or
    (
     ca_country = 'United States'
     and
     ca_state in ('WI', 'MO', 'WV')
     and ws_net_profit between 50 and 250  
    )
   )
group by r_reason_desc
order by substr(r_reason_desc,1,20)
        ,avg(ws_quantity)
        ,avg(wr_refunded_cash)
        ,avg(wr_fee)
limit 100
POSTHOOK: type: QUERY
STAGE DEPENDENCIES:
  Stage-2 is a root stage
  Stage-3 depends on stages: Stage-2
  Stage-1 depends on stages: Stage-3
  Stage-0 depends on stages: Stage-1

STAGE PLANS:
  Stage: Stage-2
    Spark
#### A masked pattern was here ####
      Vertices:
        Map 13 
            Map Operator Tree:
                TableScan
                  alias: reason
                  Statistics: Num rows: 72 Data size: 14400 Basic stats: COMPLETE Column stats: NONE
                  Filter Operator
                    predicate: r_reason_sk is not null (type: boolean)
                    Statistics: Num rows: 72 Data size: 14400 Basic stats: COMPLETE Column stats: NONE
                    Select Operator
                      expressions: r_reason_sk (type: int), r_reason_desc (type: string)
                      outputColumnNames: _col0, _col1
                      Statistics: Num rows: 72 Data size: 14400 Basic stats: COMPLETE Column stats: NONE
                      Spark HashTable Sink Operator
                        keys:
                          0 _col4 (type: int)
                          1 _col0 (type: int)
            Local Work:
              Map Reduce Local Work

  Stage: Stage-3
    Spark
#### A masked pattern was here ####
      Vertices:
        Map 11 
            Map Operator Tree:
                TableScan
                  alias: web_page
                  Statistics: Num rows: 4602 Data size: 2696178 Basic stats: COMPLETE Column stats: NONE
                  Filter Operator
                    predicate: wp_web_page_sk is not null (type: boolean)
                    Statistics: Num rows: 4602 Data size: 2696178 Basic stats: COMPLETE Column stats: NONE
                    Select Operator
                      expressions: wp_web_page_sk (type: int)
                      outputColumnNames: _col0
                      Statistics: Num rows: 4602 Data size: 2696178 Basic stats: COMPLETE Column stats: NONE
                      Spark HashTable Sink Operator
                        keys:
                          0 _col10 (type: int)
                          1 _col0 (type: int)
            Local Work:
              Map Reduce Local Work

  Stage: Stage-1
    Spark
      Edges:
        Reducer 2 <- Map 1 (PARTITION-LEVEL SORT, 28), Map 9 (PARTITION-LEVEL SORT, 28)
        Reducer 3 <- Map 10 (PARTITION-LEVEL SORT, 98), Reducer 2 (PARTITION-LEVEL SORT, 98)
        Reducer 4 <- Map 12 (PARTITION-LEVEL SORT, 5), Reducer 3 (PARTITION-LEVEL SORT, 5)
        Reducer 5 <- Map 14 (PARTITION-LEVEL SORT, 11), Reducer 4 (PARTITION-LEVEL SORT, 11)
        Reducer 6 <- Map 15 (PARTITION-LEVEL SORT, 7), Reducer 5 (PARTITION-LEVEL SORT, 7)
        Reducer 7 <- Reducer 6 (GROUP, 7)
        Reducer 8 <- Reducer 7 (SORT, 1)
#### A masked pattern was here ####
      Vertices:
        Map 1 
            Map Operator Tree:
                TableScan
                  alias: web_returns
                  Statistics: Num rows: 14398467 Data size: 1325194184 Basic stats: COMPLETE Column stats: NONE
                  Filter Operator
                    predicate: (wr_item_sk is not null and wr_order_number is not null and wr_reason_sk is not null and wr_refunded_addr_sk is not null and wr_refunded_cdemo_sk is not null and wr_returning_cdemo_sk is not null) (type: boolean)
                    Statistics: Num rows: 14398467 Data size: 1325194184 Basic stats: COMPLETE Column stats: NONE
                    Select Operator
                      expressions: wr_item_sk (type: int), wr_refunded_cdemo_sk (type: int), wr_refunded_addr_sk (type: int), wr_returning_cdemo_sk (type: int), wr_reason_sk (type: int), wr_order_number (type: int), wr_fee (type: decimal(7,2)), wr_refunded_cash (type: decimal(7,2))
                      outputColumnNames: _col0, _col1, _col2, _col3, _col4, _col5, _col6, _col7
                      Statistics: Num rows: 14398467 Data size: 1325194184 Basic stats: COMPLETE Column stats: NONE
                      Reduce Output Operator
                        key expressions: _col0 (type: int), _col5 (type: int)
                        sort order: ++
                        Map-reduce partition columns: _col0 (type: int), _col5 (type: int)
                        Statistics: Num rows: 14398467 Data size: 1325194184 Basic stats: COMPLETE Column stats: NONE
                        value expressions: _col1 (type: int), _col2 (type: int), _col3 (type: int), _col4 (type: int), _col6 (type: decimal(7,2)), _col7 (type: decimal(7,2))
        Map 10 
            Map Operator Tree:
                TableScan
                  alias: customer_address
                  Statistics: Num rows: 40000000 Data size: 40595195284 Basic stats: COMPLETE Column stats: NONE
                  Filter Operator
                    predicate: ((ca_country = 'United States') and (ca_state) IN ('KY', 'GA', 'NM', 'MT', 'OR', 'IN', 'WI', 'MO', 'WV') and ca_address_sk is not null) (type: boolean)
                    Statistics: Num rows: 10000000 Data size: 10148798821 Basic stats: COMPLETE Column stats: NONE
                    Select Operator
                      expressions: ca_address_sk (type: int), ca_state (type: string)
                      outputColumnNames: _col0, _col1
                      Statistics: Num rows: 10000000 Data size: 10148798821 Basic stats: COMPLETE Column stats: NONE
                      Reduce Output Operator
                        key expressions: _col0 (type: int)
                        sort order: +
                        Map-reduce partition columns: _col0 (type: int)
                        Statistics: Num rows: 10000000 Data size: 10148798821 Basic stats: COMPLETE Column stats: NONE
                        value expressions: _col1 (type: string)
        Map 12 
            Map Operator Tree:
                TableScan
                  alias: date_dim
                  Statistics: Num rows: 73049 Data size: 81741831 Basic stats: COMPLETE Column stats: NONE
                  Filter Operator
                    predicate: ((d_year = 1998) and d_date_sk is not null) (type: boolean)
                    Statistics: Num rows: 36524 Data size: 40870356 Basic stats: COMPLETE Column stats: NONE
                    Select Operator
                      expressions: d_date_sk (type: int)
                      outputColumnNames: _col0
                      Statistics: Num rows: 36524 Data size: 40870356 Basic stats: COMPLETE Column stats: NONE
                      Reduce Output Operator
                        key expressions: _col0 (type: int)
                        sort order: +
                        Map-reduce partition columns: _col0 (type: int)
                        Statistics: Num rows: 36524 Data size: 40870356 Basic stats: COMPLETE Column stats: NONE
        Map 14 
            Map Operator Tree:
                TableScan
                  alias: cd1
                  Statistics: Num rows: 1861800 Data size: 717186159 Basic stats: COMPLETE Column stats: NONE
                  Filter Operator
                    predicate: (((cd_education_status = '4 yr Degree') or (cd_education_status = 'Primary') or (cd_education_status = 'Advanced Degree')) and ((cd_marital_status = 'M') or (cd_marital_status = 'D') or (cd_marital_status = 'U')) and cd_demo_sk is not null and cd_education_status is not null and cd_marital_status is not null) (type: boolean)
                    Statistics: Num rows: 1861800 Data size: 717186159 Basic stats: COMPLETE Column stats: NONE
                    Select Operator
                      expressions: cd_demo_sk (type: int), cd_marital_status (type: string), cd_education_status (type: string)
                      outputColumnNames: _col0, _col1, _col2
                      Statistics: Num rows: 1861800 Data size: 717186159 Basic stats: COMPLETE Column stats: NONE
                      Reduce Output Operator
                        key expressions: _col0 (type: int)
                        sort order: +
                        Map-reduce partition columns: _col0 (type: int)
                        Statistics: Num rows: 1861800 Data size: 717186159 Basic stats: COMPLETE Column stats: NONE
                        value expressions: _col1 (type: string), _col2 (type: string)
        Map 15 
            Map Operator Tree:
                TableScan
                  alias: cd2
                  Statistics: Num rows: 1861800 Data size: 717186159 Basic stats: COMPLETE Column stats: NONE
                  Filter Operator
                    predicate: (((cd_education_status = '4 yr Degree') or (cd_education_status = 'Primary') or (cd_education_status = 'Advanced Degree')) and ((cd_marital_status = 'M') or (cd_marital_status = 'D') or (cd_marital_status = 'U')) and cd_demo_sk is not null and cd_education_status is not null and cd_marital_status is not null) (type: boolean)
                    Statistics: Num rows: 1861800 Data size: 717186159 Basic stats: COMPLETE Column stats: NONE
                    Select Operator
                      expressions: cd_demo_sk (type: int), cd_marital_status (type: string), cd_education_status (type: string)
                      outputColumnNames: _col0, _col1, _col2
                      Statistics: Num rows: 1861800 Data size: 717186159 Basic stats: COMPLETE Column stats: NONE
                      Reduce Output Operator
                        key expressions: _col0 (type: int), _col1 (type: string), _col2 (type: string)
                        sort order: +++
                        Map-reduce partition columns: _col0 (type: int), _col1 (type: string), _col2 (type: string)
                        Statistics: Num rows: 1861800 Data size: 717186159 Basic stats: COMPLETE Column stats: NONE
        Map 9 
            Map Operator Tree:
                TableScan
                  alias: web_sales
                  Statistics: Num rows: 144002668 Data size: 19580198212 Basic stats: COMPLETE Column stats: NONE
                  Filter Operator
                    predicate: ((ws_net_profit BETWEEN 100 AND 200 or ws_net_profit BETWEEN 150 AND 300 or ws_net_profit BETWEEN 50 AND 250) and (ws_sales_price BETWEEN 100 AND 150 or ws_sales_price BETWEEN 50 AND 100 or ws_sales_price BETWEEN 150 AND 200) and ws_item_sk is not null and ws_order_number is not null and ws_sold_date_sk is not null and ws_web_page_sk is not null) (type: boolean)
                    Statistics: Num rows: 16000296 Data size: 2175577518 Basic stats: COMPLETE Column stats: NONE
                    Select Operator
                      expressions: ws_sold_date_sk (type: int), ws_item_sk (type: int), ws_web_page_sk (type: int), ws_order_number (type: int), ws_quantity (type: int), ws_sales_price (type: decimal(7,2)), ws_net_profit (type: decimal(7,2))
                      outputColumnNames: _col0, _col1, _col2, _col3, _col4, _col5, _col6
                      Statistics: Num rows: 16000296 Data size: 2175577518 Basic stats: COMPLETE Column stats: NONE
                      Reduce Output Operator
                        key expressions: _col1 (type: int), _col3 (type: int)
                        sort order: ++
                        Map-reduce partition columns: _col1 (type: int), _col3 (type: int)
                        Statistics: Num rows: 16000296 Data size: 2175577518 Basic stats: COMPLETE Column stats: NONE
                        value expressions: _col0 (type: int), _col2 (type: int), _col4 (type: int), _col5 (type: decimal(7,2)), _col6 (type: decimal(7,2))
        Reducer 2 
            Reduce Operator Tree:
              Join Operator
                condition map:
                     Inner Join 0 to 1
                keys:
                  0 _col0 (type: int), _col5 (type: int)
                  1 _col1 (type: int), _col3 (type: int)
                outputColumnNames: _col1, _col2, _col3, _col4, _col6, _col7, _col8, _col10, _col12, _col13, _col14
                Statistics: Num rows: 17600325 Data size: 2393135321 Basic stats: COMPLETE Column stats: NONE
                Reduce Output Operator
                  key expressions: _col2 (type: int)
                  sort order: +
                  Map-reduce partition columns: _col2 (type: int)
                  Statistics: Num rows: 17600325 Data size: 2393135321 Basic stats: COMPLETE Column stats: NONE
                  value expressions: _col1 (type: int), _col3 (type: int), _col4 (type: int), _col6 (type: decimal(7,2)), _col7 (type: decimal(7,2)), _col8 (type: int), _col10 (type: int), _col12 (type: int), _col13 (type: decimal(7,2)), _col14 (type: decimal(7,2))
        Reducer 3 
            Local Work:
              Map Reduce Local Work
            Reduce Operator Tree:
              Join Operator
                condition map:
                     Inner Join 0 to 1
                keys:
                  0 _col2 (type: int)
                  1 _col0 (type: int)
                outputColumnNames: _col1, _col3, _col4, _col6, _col7, _col8, _col10, _col12, _col13, _col14, _col16
                Statistics: Num rows: 19360357 Data size: 2632448910 Basic stats: COMPLETE Column stats: NONE
                Filter Operator
                  predicate: (((_col16) IN ('KY', 'GA', 'NM') and _col14 BETWEEN 100 AND 200) or ((_col16) IN ('MT', 'OR', 'IN') and _col14 BETWEEN 150 AND 300) or ((_col16) IN ('WI', 'MO', 'WV') and _col14 BETWEEN 50 AND 250)) (type: boolean)
                  Statistics: Num rows: 3226725 Data size: 438741326 Basic stats: COMPLETE Column stats: NONE
                  Map Join Operator
                    condition map:
                         Inner Join 0 to 1
                    keys:
                      0 _col10 (type: int)
                      1 _col0 (type: int)
                    outputColumnNames: _col1, _col3, _col4, _col6, _col7, _col8, _col12, _col13
                    input vertices:
                      1 Map 11
                    Statistics: Num rows: 3549397 Data size: 482615469 Basic stats: COMPLETE Column stats: NONE
                    Reduce Output Operator
                      key expressions: _col8 (type: int)
                      sort order: +
                      Map-reduce partition columns: _col8 (type: int)
                      Statistics: Num rows: 3549397 Data size: 482615469 Basic stats: COMPLETE Column stats: NONE
                      value expressions: _col1 (type: int), _col3 (type: int), _col4 (type: int), _col6 (type: decimal(7,2)), _col7 (type: decimal(7,2)), _col12 (type: int), _col13 (type: decimal(7,2))
        Reducer 4 
            Local Work:
              Map Reduce Local Work
            Reduce Operator Tree:
              Join Operator
                condition map:
                     Inner Join 0 to 1
                keys:
                  0 _col8 (type: int)
                  1 _col0 (type: int)
                outputColumnNames: _col1, _col3, _col4, _col6, _col7, _col12, _col13
                Statistics: Num rows: 3904336 Data size: 530877027 Basic stats: COMPLETE Column stats: NONE
                Map Join Operator
                  condition map:
                       Inner Join 0 to 1
                  keys:
                    0 _col4 (type: int)
                    1 _col0 (type: int)
                  outputColumnNames: _col1, _col3, _col6, _col7, _col12, _col13, _col22
                  input vertices:
                    1 Map 13
                  Statistics: Num rows: 4294769 Data size: 583964742 Basic stats: COMPLETE Column stats: NONE
                  Reduce Output Operator
                    key expressions: _col1 (type: int)
                    sort order: +
                    Map-reduce partition columns: _col1 (type: int)
                    Statistics: Num rows: 4294769 Data size: 583964742 Basic stats: COMPLETE Column stats: NONE
                    value expressions: _col3 (type: int), _col6 (type: decimal(7,2)), _col7 (type: decimal(7,2)), _col12 (type: int), _col13 (type: decimal(7,2)), _col22 (type: string)
        Reducer 5 
            Reduce Operator Tree:
              Join Operator
                condition map:
                     Inner Join 0 to 1
                keys:
                  0 _col1 (type: int)
                  1 _col0 (type: int)
                outputColumnNames: _col3, _col6, _col7, _col12, _col13, _col22, _col24, _col25
                Statistics: Num rows: 4724246 Data size: 642361230 Basic stats: COMPLETE Column stats: NONE
                Filter Operator
                  predicate: (((_col24 = 'D') and (_col25 = 'Primary') and _col13 BETWEEN 50 AND 100) or ((_col24 = 'M') and (_col25 = '4 yr Degree') and _col13 BETWEEN 100 AND 150) or ((_col24 = 'U') and (_col25 = 'Advanced Degree') and _col13 BETWEEN 150 AND 200)) (type: boolean)
                  Statistics: Num rows: 393687 Data size: 53530079 Basic stats: COMPLETE Column stats: NONE
                  Reduce Output Operator
                    key expressions: _col3 (type: int), _col24 (type: string), _col25 (type: string)
                    sort order: +++
                    Map-reduce partition columns: _col3 (type: int), _col24 (type: string), _col25 (type: string)
                    Statistics: Num rows: 393687 Data size: 53530079 Basic stats: COMPLETE Column stats: NONE
                    value expressions: _col6 (type: decimal(7,2)), _col7 (type: decimal(7,2)), _col12 (type: int), _col22 (type: string)
        Reducer 6 
            Reduce Operator Tree:
              Join Operator
                condition map:
                     Inner Join 0 to 1
                keys:
                  0 _col3 (type: int), _col24 (type: string), _col25 (type: string)
                  1 _col0 (type: int), _col1 (type: string), _col2 (type: string)
                outputColumnNames: _col6, _col7, _col12, _col22
                Statistics: Num rows: 2047980 Data size: 788904791 Basic stats: COMPLETE Column stats: NONE
                Group By Operator
                  aggregations: sum(_col12), count(_col12), sum(_col7), count(_col7), sum(_col6), count(_col6)
                  keys: _col22 (type: string)
                  mode: hash
                  outputColumnNames: _col0, _col1, _col2, _col3, _col4, _col5, _col6
                  Statistics: Num rows: 2047980 Data size: 788904791 Basic stats: COMPLETE Column stats: NONE
                  Reduce Output Operator
                    key expressions: _col0 (type: string)
                    sort order: +
                    Map-reduce partition columns: _col0 (type: string)
                    Statistics: Num rows: 2047980 Data size: 788904791 Basic stats: COMPLETE Column stats: NONE
                    value expressions: _col1 (type: bigint), _col2 (type: bigint), _col3 (type: decimal(17,2)), _col4 (type: bigint), _col5 (type: decimal(17,2)), _col6 (type: bigint)
        Reducer 7 
            Reduce Operator Tree:
              Group By Operator
                aggregations: sum(VALUE._col0), count(VALUE._col1), sum(VALUE._col2), count(VALUE._col3), sum(VALUE._col4), count(VALUE._col5)
                keys: KEY._col0 (type: string)
                mode: mergepartial
                outputColumnNames: _col0, _col1, _col2, _col3, _col4, _col5, _col6
                Statistics: Num rows: 1023990 Data size: 394452395 Basic stats: COMPLETE Column stats: NONE
                Select Operator
                  expressions: (_col1 / _col2) (type: double), (_col3 / _col4) (type: decimal(37,22)), (_col5 / _col6) (type: decimal(37,22)), substr(_col0, 1, 20) (type: string)
                  outputColumnNames: _col4, _col5, _col6, _col7
                  Statistics: Num rows: 1023990 Data size: 394452395 Basic stats: COMPLETE Column stats: NONE
                  Reduce Output Operator
                    key expressions: _col7 (type: string), _col4 (type: double), _col5 (type: decimal(37,22)), _col6 (type: decimal(37,22))
                    sort order: ++++
                    Statistics: Num rows: 1023990 Data size: 394452395 Basic stats: COMPLETE Column stats: NONE
                    TopN Hash Memory Usage: 0.1
        Reducer 8 
            Reduce Operator Tree:
              Select Operator
                expressions: KEY.reducesinkkey0 (type: string), KEY.reducesinkkey1 (type: double), KEY.reducesinkkey2 (type: decimal(37,22)), KEY.reducesinkkey3 (type: decimal(37,22))
                outputColumnNames: _col0, _col1, _col2, _col3
                Statistics: Num rows: 1023990 Data size: 394452395 Basic stats: COMPLETE Column stats: NONE
                Limit
                  Number of rows: 100
                  Statistics: Num rows: 100 Data size: 38500 Basic stats: COMPLETE Column stats: NONE
                  File Output Operator
                    compressed: false
                    Statistics: Num rows: 100 Data size: 38500 Basic stats: COMPLETE Column stats: NONE
                    table:
                        input format: org.apache.hadoop.mapred.SequenceFileInputFormat
                        output format: org.apache.hadoop.hive.ql.io.HiveSequenceFileOutputFormat
                        serde: org.apache.hadoop.hive.serde2.lazy.LazySimpleSerDe

  Stage: Stage-0
    Fetch Operator
      limit: -1
      Processor Tree:
        ListSink

