PREHOOK: query: explain
with v1 as(
 select i_category, i_brand,
        s_store_name, s_company_name,
        d_year, d_moy,
        sum(ss_sales_price) sum_sales,
        avg(sum(ss_sales_price)) over
          (partition by i_category, i_brand,
                     s_store_name, s_company_name, d_year)
          avg_monthly_sales,
        rank() over
          (partition by i_category, i_brand,
                     s_store_name, s_company_name
           order by d_year, d_moy) rn
 from item, store_sales, date_dim, store
 where ss_item_sk = i_item_sk and
       ss_sold_date_sk = d_date_sk and
       ss_store_sk = s_store_sk and
       (
         d_year = 2000 or
         ( d_year = 2000-1 and d_moy =12) or
         ( d_year = 2000+1 and d_moy =1)
       )
 group by i_category, i_brand,
          s_store_name, s_company_name,
          d_year, d_moy),
 v2 as(
 select v1.i_category
        ,v1.d_year, v1.d_moy
        ,v1.avg_monthly_sales
        ,v1.sum_sales, v1_lag.sum_sales psum, v1_lead.sum_sales nsum
 from v1, v1 v1_lag, v1 v1_lead
 where v1.i_category = v1_lag.i_category and
       v1.i_category = v1_lead.i_category and
       v1.i_brand = v1_lag.i_brand and
       v1.i_brand = v1_lead.i_brand and
       v1.s_store_name = v1_lag.s_store_name and
       v1.s_store_name = v1_lead.s_store_name and
       v1.s_company_name = v1_lag.s_company_name and
       v1.s_company_name = v1_lead.s_company_name and
       v1.rn = v1_lag.rn + 1 and
       v1.rn = v1_lead.rn - 1)
  select  *
 from v2
 where  d_year = 2000 and    
        avg_monthly_sales > 0 and
        case when avg_monthly_sales > 0 then abs(sum_sales - avg_monthly_sales) / avg_monthly_sales else null end > 0.1
 order by sum_sales - avg_monthly_sales, 3
 limit 100
PREHOOK: type: QUERY
POSTHOOK: query: explain
with v1 as(
 select i_category, i_brand,
        s_store_name, s_company_name,
        d_year, d_moy,
        sum(ss_sales_price) sum_sales,
        avg(sum(ss_sales_price)) over
          (partition by i_category, i_brand,
                     s_store_name, s_company_name, d_year)
          avg_monthly_sales,
        rank() over
          (partition by i_category, i_brand,
                     s_store_name, s_company_name
           order by d_year, d_moy) rn
 from item, store_sales, date_dim, store
 where ss_item_sk = i_item_sk and
       ss_sold_date_sk = d_date_sk and
       ss_store_sk = s_store_sk and
       (
         d_year = 2000 or
         ( d_year = 2000-1 and d_moy =12) or
         ( d_year = 2000+1 and d_moy =1)
       )
 group by i_category, i_brand,
          s_store_name, s_company_name,
          d_year, d_moy),
 v2 as(
 select v1.i_category
        ,v1.d_year, v1.d_moy
        ,v1.avg_monthly_sales
        ,v1.sum_sales, v1_lag.sum_sales psum, v1_lead.sum_sales nsum
 from v1, v1 v1_lag, v1 v1_lead
 where v1.i_category = v1_lag.i_category and
       v1.i_category = v1_lead.i_category and
       v1.i_brand = v1_lag.i_brand and
       v1.i_brand = v1_lead.i_brand and
       v1.s_store_name = v1_lag.s_store_name and
       v1.s_store_name = v1_lead.s_store_name and
       v1.s_company_name = v1_lag.s_company_name and
       v1.s_company_name = v1_lead.s_company_name and
       v1.rn = v1_lag.rn + 1 and
       v1.rn = v1_lead.rn - 1)
  select  *
 from v2
 where  d_year = 2000 and    
        avg_monthly_sales > 0 and
        case when avg_monthly_sales > 0 then abs(sum_sales - avg_monthly_sales) / avg_monthly_sales else null end > 0.1
 order by sum_sales - avg_monthly_sales, 3
 limit 100
POSTHOOK: type: QUERY
STAGE DEPENDENCIES:
  Stage-2 is a root stage
  Stage-3 depends on stages: Stage-2
  Stage-4 depends on stages: Stage-3
  Stage-1 depends on stages: Stage-4
  Stage-0 depends on stages: Stage-1

STAGE PLANS:
  Stage: Stage-2
    Spark
#### A masked pattern was here ####
      Vertices:
        Map 10 
            Map Operator Tree:
                TableScan
                  alias: store
                  Statistics: Num rows: 1704 Data size: 3256276 Basic stats: COMPLETE Column stats: NONE
                  Filter Operator
                    predicate: (s_company_name is not null and s_store_name is not null and s_store_sk is not null) (type: boolean)
                    Statistics: Num rows: 1704 Data size: 3256276 Basic stats: COMPLETE Column stats: NONE
                    Select Operator
                      expressions: s_store_sk (type: int), s_store_name (type: string), s_company_name (type: string)
                      outputColumnNames: _col0, _col1, _col2
                      Statistics: Num rows: 1704 Data size: 3256276 Basic stats: COMPLETE Column stats: NONE
                      Spark HashTable Sink Operator
                        keys:
                          0 _col2 (type: int)
                          1 _col0 (type: int)
            Local Work:
              Map Reduce Local Work

  Stage: Stage-3
    Spark
#### A masked pattern was here ####
      Vertices:
        Map 19 
            Map Operator Tree:
                TableScan
                  alias: store
                  Statistics: Num rows: 1704 Data size: 3256276 Basic stats: COMPLETE Column stats: NONE
                  Filter Operator
                    predicate: (s_company_name is not null and s_store_name is not null and s_store_sk is not null) (type: boolean)
                    Statistics: Num rows: 1704 Data size: 3256276 Basic stats: COMPLETE Column stats: NONE
                    Select Operator
                      expressions: s_store_sk (type: int), s_store_name (type: string), s_company_name (type: string)
                      outputColumnNames: _col0, _col1, _col2
                      Statistics: Num rows: 1704 Data size: 3256276 Basic stats: COMPLETE Column stats: NONE
                      Spark HashTable Sink Operator
                        keys:
                          0 _col2 (type: int)
                          1 _col0 (type: int)
            Local Work:
              Map Reduce Local Work

  Stage: Stage-4
    Spark
#### A masked pattern was here ####
      Vertices:
        Map 27 
            Map Operator Tree:
                TableScan
                  alias: store
                  Statistics: Num rows: 1704 Data size: 3256276 Basic stats: COMPLETE Column stats: NONE
                  Filter Operator
                    predicate: (s_company_name is not null and s_store_name is not null and s_store_sk is not null) (type: boolean)
                    Statistics: Num rows: 1704 Data size: 3256276 Basic stats: COMPLETE Column stats: NONE
                    Select Operator
                      expressions: s_store_sk (type: int), s_store_name (type: string), s_company_name (type: string)
                      outputColumnNames: _col0, _col1, _col2
                      Statistics: Num rows: 1704 Data size: 3256276 Basic stats: COMPLETE Column stats: NONE
                      Spark HashTable Sink Operator
                        keys:
                          0 _col2 (type: int)
                          1 _col0 (type: int)
            Local Work:
              Map Reduce Local Work

  Stage: Stage-1
    Spark
      Edges:
        Reducer 12 <- Map 11 (PARTITION-LEVEL SORT, 398), Map 17 (PARTITION-LEVEL SORT, 398)
        Reducer 13 <- Map 18 (PARTITION-LEVEL SORT, 442), Reducer 12 (PARTITION-LEVEL SORT, 442)
        Reducer 14 <- Reducer 13 (GROUP, 529)
        Reducer 15 <- Reducer 14 (PARTITION-LEVEL SORT, 265)
        Reducer 16 <- Reducer 15 (PARTITION-LEVEL SORT, 265)
        Reducer 2 <- Map 1 (PARTITION-LEVEL SORT, 398), Map 8 (PARTITION-LEVEL SORT, 398)
        Reducer 21 <- Map 20 (PARTITION-LEVEL SORT, 398), Map 25 (PARTITION-LEVEL SORT, 398)
        Reducer 22 <- Map 26 (PARTITION-LEVEL SORT, 442), Reducer 21 (PARTITION-LEVEL SORT, 442)
        Reducer 23 <- Reducer 22 (GROUP, 529)
        Reducer 24 <- Reducer 23 (PARTITION-LEVEL SORT, 265)
        Reducer 3 <- Map 9 (PARTITION-LEVEL SORT, 442), Reducer 2 (PARTITION-LEVEL SORT, 442)
        Reducer 4 <- Reducer 3 (GROUP, 529)
        Reducer 5 <- Reducer 4 (PARTITION-LEVEL SORT, 265)
        Reducer 6 <- Reducer 16 (PARTITION-LEVEL SORT, 551), Reducer 24 (PARTITION-LEVEL SORT, 551), Reducer 5 (PARTITION-LEVEL SORT, 551)
        Reducer 7 <- Reducer 6 (SORT, 1)
#### A masked pattern was here ####
      Vertices:
        Map 1 
            Map Operator Tree:
                TableScan
                  alias: store_sales
                  Statistics: Num rows: 575995635 Data size: 50814502088 Basic stats: COMPLETE Column stats: NONE
                  Filter Operator
                    predicate: (ss_item_sk is not null and ss_sold_date_sk is not null and ss_store_sk is not null) (type: boolean)
                    Statistics: Num rows: 575995635 Data size: 50814502088 Basic stats: COMPLETE Column stats: NONE
                    Select Operator
                      expressions: ss_sold_date_sk (type: int), ss_item_sk (type: int), ss_store_sk (type: int), ss_sales_price (type: decimal(7,2))
                      outputColumnNames: _col0, _col1, _col2, _col3
                      Statistics: Num rows: 575995635 Data size: 50814502088 Basic stats: COMPLETE Column stats: NONE
                      Reduce Output Operator
                        key expressions: _col0 (type: int)
                        sort order: +
                        Map-reduce partition columns: _col0 (type: int)
                        Statistics: Num rows: 575995635 Data size: 50814502088 Basic stats: COMPLETE Column stats: NONE
                        value expressions: _col1 (type: int), _col2 (type: int), _col3 (type: decimal(7,2))
        Map 11 
            Map Operator Tree:
                TableScan
                  alias: store_sales
                  Statistics: Num rows: 575995635 Data size: 50814502088 Basic stats: COMPLETE Column stats: NONE
                  Filter Operator
                    predicate: (ss_item_sk is not null and ss_sold_date_sk is not null and ss_store_sk is not null) (type: boolean)
                    Statistics: Num rows: 575995635 Data size: 50814502088 Basic stats: COMPLETE Column stats: NONE
                    Select Operator
                      expressions: ss_sold_date_sk (type: int), ss_item_sk (type: int), ss_store_sk (type: int), ss_sales_price (type: decimal(7,2))
                      outputColumnNames: _col0, _col1, _col2, _col3
                      Statistics: Num rows: 575995635 Data size: 50814502088 Basic stats: COMPLETE Column stats: NONE
                      Reduce Output Operator
                        key expressions: _col0 (type: int)
                        sort order: +
                        Map-reduce partition columns: _col0 (type: int)
                        Statistics: Num rows: 575995635 Data size: 50814502088 Basic stats: COMPLETE Column stats: NONE
                        value expressions: _col1 (type: int), _col2 (type: int), _col3 (type: decimal(7,2))
        Map 17 
            Map Operator Tree:
                TableScan
                  alias: date_dim
                  Statistics: Num rows: 73049 Data size: 81741831 Basic stats: COMPLETE Column stats: NONE
                  Filter Operator
                    predicate: (((d_year = 2000) or ((d_year = 1999) and (d_moy = 12)) or ((d_year = 2001) and (d_moy = 1))) and d_date_sk is not null) (type: boolean)
                    Statistics: Num rows: 73048 Data size: 81740712 Basic stats: COMPLETE Column stats: NONE
                    Select Operator
                      expressions: d_date_sk (type: int), d_year (type: int), d_moy (type: int)
                      outputColumnNames: _col0, _col1, _col2
                      Statistics: Num rows: 73048 Data size: 81740712 Basic stats: COMPLETE Column stats: NONE
                      Reduce Output Operator
                        key expressions: _col0 (type: int)
                        sort order: +
                        Map-reduce partition columns: _col0 (type: int)
                        Statistics: Num rows: 73048 Data size: 81740712 Basic stats: COMPLETE Column stats: NONE
                        value expressions: _col1 (type: int), _col2 (type: int)
        Map 18 
            Map Operator Tree:
                TableScan
                  alias: item
                  Statistics: Num rows: 462000 Data size: 663560457 Basic stats: COMPLETE Column stats: NONE
                  Filter Operator
                    predicate: (i_brand is not null and i_category is not null and i_item_sk is not null) (type: boolean)
                    Statistics: Num rows: 462000 Data size: 663560457 Basic stats: COMPLETE Column stats: NONE
                    Select Operator
                      expressions: i_item_sk (type: int), i_brand (type: string), i_category (type: string)
                      outputColumnNames: _col0, _col1, _col2
                      Statistics: Num rows: 462000 Data size: 663560457 Basic stats: COMPLETE Column stats: NONE
                      Reduce Output Operator
                        key expressions: _col0 (type: int)
                        sort order: +
                        Map-reduce partition columns: _col0 (type: int)
                        Statistics: Num rows: 462000 Data size: 663560457 Basic stats: COMPLETE Column stats: NONE
                        value expressions: _col1 (type: string), _col2 (type: string)
        Map 20 
            Map Operator Tree:
                TableScan
                  alias: store_sales
                  Statistics: Num rows: 575995635 Data size: 50814502088 Basic stats: COMPLETE Column stats: NONE
                  Filter Operator
                    predicate: (ss_item_sk is not null and ss_sold_date_sk is not null and ss_store_sk is not null) (type: boolean)
                    Statistics: Num rows: 575995635 Data size: 50814502088 Basic stats: COMPLETE Column stats: NONE
                    Select Operator
                      expressions: ss_sold_date_sk (type: int), ss_item_sk (type: int), ss_store_sk (type: int), ss_sales_price (type: decimal(7,2))
                      outputColumnNames: _col0, _col1, _col2, _col3
                      Statistics: Num rows: 575995635 Data size: 50814502088 Basic stats: COMPLETE Column stats: NONE
                      Reduce Output Operator
                        key expressions: _col0 (type: int)
                        sort order: +
                        Map-reduce partition columns: _col0 (type: int)
                        Statistics: Num rows: 575995635 Data size: 50814502088 Basic stats: COMPLETE Column stats: NONE
                        value expressions: _col1 (type: int), _col2 (type: int), _col3 (type: decimal(7,2))
        Map 25 
            Map Operator Tree:
                TableScan
                  alias: date_dim
                  Statistics: Num rows: 73049 Data size: 81741831 Basic stats: COMPLETE Column stats: NONE
                  Filter Operator
                    predicate: (((d_year = 2000) or ((d_year = 1999) and (d_moy = 12)) or ((d_year = 2001) and (d_moy = 1))) and d_date_sk is not null) (type: boolean)
                    Statistics: Num rows: 73048 Data size: 81740712 Basic stats: COMPLETE Column stats: NONE
                    Select Operator
                      expressions: d_date_sk (type: int), d_year (type: int), d_moy (type: int)
                      outputColumnNames: _col0, _col1, _col2
                      Statistics: Num rows: 73048 Data size: 81740712 Basic stats: COMPLETE Column stats: NONE
                      Reduce Output Operator
                        key expressions: _col0 (type: int)
                        sort order: +
                        Map-reduce partition columns: _col0 (type: int)
                        Statistics: Num rows: 73048 Data size: 81740712 Basic stats: COMPLETE Column stats: NONE
                        value expressions: _col1 (type: int), _col2 (type: int)
        Map 26 
            Map Operator Tree:
                TableScan
                  alias: item
                  Statistics: Num rows: 462000 Data size: 663560457 Basic stats: COMPLETE Column stats: NONE
                  Filter Operator
                    predicate: (i_brand is not null and i_category is not null and i_item_sk is not null) (type: boolean)
                    Statistics: Num rows: 462000 Data size: 663560457 Basic stats: COMPLETE Column stats: NONE
                    Select Operator
                      expressions: i_item_sk (type: int), i_brand (type: string), i_category (type: string)
                      outputColumnNames: _col0, _col1, _col2
                      Statistics: Num rows: 462000 Data size: 663560457 Basic stats: COMPLETE Column stats: NONE
                      Reduce Output Operator
                        key expressions: _col0 (type: int)
                        sort order: +
                        Map-reduce partition columns: _col0 (type: int)
                        Statistics: Num rows: 462000 Data size: 663560457 Basic stats: COMPLETE Column stats: NONE
                        value expressions: _col1 (type: string), _col2 (type: string)
        Map 8 
            Map Operator Tree:
                TableScan
                  alias: date_dim
                  Statistics: Num rows: 73049 Data size: 81741831 Basic stats: COMPLETE Column stats: NONE
                  Filter Operator
                    predicate: (((d_year = 2000) or ((d_year = 1999) and (d_moy = 12)) or ((d_year = 2001) and (d_moy = 1))) and d_date_sk is not null) (type: boolean)
                    Statistics: Num rows: 73048 Data size: 81740712 Basic stats: COMPLETE Column stats: NONE
                    Select Operator
                      expressions: d_date_sk (type: int), d_year (type: int), d_moy (type: int)
                      outputColumnNames: _col0, _col1, _col2
                      Statistics: Num rows: 73048 Data size: 81740712 Basic stats: COMPLETE Column stats: NONE
                      Reduce Output Operator
                        key expressions: _col0 (type: int)
                        sort order: +
                        Map-reduce partition columns: _col0 (type: int)
                        Statistics: Num rows: 73048 Data size: 81740712 Basic stats: COMPLETE Column stats: NONE
                        value expressions: _col1 (type: int), _col2 (type: int)
        Map 9 
            Map Operator Tree:
                TableScan
                  alias: item
                  Statistics: Num rows: 462000 Data size: 663560457 Basic stats: COMPLETE Column stats: NONE
                  Filter Operator
                    predicate: (i_brand is not null and i_category is not null and i_item_sk is not null) (type: boolean)
                    Statistics: Num rows: 462000 Data size: 663560457 Basic stats: COMPLETE Column stats: NONE
                    Select Operator
                      expressions: i_item_sk (type: int), i_brand (type: string), i_category (type: string)
                      outputColumnNames: _col0, _col1, _col2
                      Statistics: Num rows: 462000 Data size: 663560457 Basic stats: COMPLETE Column stats: NONE
                      Reduce Output Operator
                        key expressions: _col0 (type: int)
                        sort order: +
                        Map-reduce partition columns: _col0 (type: int)
                        Statistics: Num rows: 462000 Data size: 663560457 Basic stats: COMPLETE Column stats: NONE
                        value expressions: _col1 (type: string), _col2 (type: string)
        Reducer 12 
            Reduce Operator Tree:
              Join Operator
                condition map:
                     Inner Join 0 to 1
                keys:
                  0 _col0 (type: int)
                  1 _col0 (type: int)
                outputColumnNames: _col1, _col2, _col3, _col5, _col6
                Statistics: Num rows: 633595212 Data size: 55895953508 Basic stats: COMPLETE Column stats: NONE
                Reduce Output Operator
                  key expressions: _col1 (type: int)
                  sort order: +
                  Map-reduce partition columns: _col1 (type: int)
                  Statistics: Num rows: 633595212 Data size: 55895953508 Basic stats: COMPLETE Column stats: NONE
                  value expressions: _col2 (type: int), _col3 (type: decimal(7,2)), _col5 (type: int), _col6 (type: int)
        Reducer 13 
            Local Work:
              Map Reduce Local Work
            Reduce Operator Tree:
              Join Operator
                condition map:
                     Inner Join 0 to 1
                keys:
                  0 _col1 (type: int)
                  1 _col0 (type: int)
                outputColumnNames: _col2, _col3, _col5, _col6, _col8, _col9
                Statistics: Num rows: 696954748 Data size: 61485550191 Basic stats: COMPLETE Column stats: NONE
                Map Join Operator
                  condition map:
                       Inner Join 0 to 1
                  keys:
                    0 _col2 (type: int)
                    1 _col0 (type: int)
                  outputColumnNames: _col3, _col5, _col6, _col8, _col9, _col11, _col12
                  input vertices:
                    1 Map 19
                  Statistics: Num rows: 766650239 Data size: 67634106676 Basic stats: COMPLETE Column stats: NONE
                  Group By Operator
                    aggregations: sum(_col3)
                    keys: _col11 (type: string), _col12 (type: string), _col8 (type: string), _col9 (type: string), _col5 (type: int), _col6 (type: int)
                    mode: hash
                    outputColumnNames: _col0, _col1, _col2, _col3, _col4, _col5, _col6
                    Statistics: Num rows: 766650239 Data size: 67634106676 Basic stats: COMPLETE Column stats: NONE
                    Reduce Output Operator
                      key expressions: _col0 (type: string), _col1 (type: string), _col2 (type: string), _col3 (type: string), _col4 (type: int), _col5 (type: int)
                      sort order: ++++++
                      Map-reduce partition columns: _col0 (type: string), _col1 (type: string), _col2 (type: string), _col3 (type: string), _col4 (type: int), _col5 (type: int)
                      Statistics: Num rows: 766650239 Data size: 67634106676 Basic stats: COMPLETE Column stats: NONE
                      value expressions: _col6 (type: decimal(17,2))
        Reducer 14 
            Reduce Operator Tree:
              Group By Operator
                aggregations: sum(VALUE._col0)
                keys: KEY._col0 (type: string), KEY._col1 (type: string), KEY._col2 (type: string), KEY._col3 (type: string), KEY._col4 (type: int), KEY._col5 (type: int)
                mode: mergepartial
                outputColumnNames: _col0, _col1, _col2, _col3, _col4, _col5, _col6
                Statistics: Num rows: 383325119 Data size: 33817053293 Basic stats: COMPLETE Column stats: NONE
                Reduce Output Operator
                  key expressions: _col3 (type: string), _col2 (type: string), _col0 (type: string), _col1 (type: string), _col4 (type: int)
                  sort order: +++++
                  Map-reduce partition columns: _col3 (type: string), _col2 (type: string), _col0 (type: string), _col1 (type: string), _col4 (type: int)
                  Statistics: Num rows: 383325119 Data size: 33817053293 Basic stats: COMPLETE Column stats: NONE
                  value expressions: _col5 (type: int), _col6 (type: decimal(17,2))
        Reducer 15 
            Reduce Operator Tree:
              Select Operator
                expressions: KEY.reducesinkkey2 (type: string), KEY.reducesinkkey3 (type: string), KEY.reducesinkkey1 (type: string), KEY.reducesinkkey0 (type: string), KEY.reducesinkkey4 (type: int), VALUE._col0 (type: int), VALUE._col1 (type: decimal(17,2))
                outputColumnNames: _col0, _col1, _col2, _col3, _col4, _col5, _col6
                Statistics: Num rows: 383325119 Data size: 33817053293 Basic stats: COMPLETE Column stats: NONE
                PTF Operator
                  Function definitions:
                      Input definition
                        input alias: ptf_0
                        output shape: _col0: string, _col1: string, _col2: string, _col3: string, _col4: int, _col5: int, _col6: decimal(17,2)
                        type: WINDOWING
                      Windowing table definition
                        input alias: ptf_1
                        name: windowingtablefunction
                        order by: _col3 ASC NULLS FIRST, _col2 ASC NULLS FIRST, _col0 ASC NULLS FIRST, _col1 ASC NULLS FIRST, _col4 ASC NULLS FIRST
                        partition by: _col3, _col2, _col0, _col1, _col4
                        raw input shape:
                        window functions:
                            window function definition
                              alias: avg_window_0
                              arguments: _col6
                              name: avg
                              window function: GenericUDAFAverageEvaluatorDecimal
                              window frame: ROWS PRECEDING(MAX)~FOLLOWING(MAX)
                  Statistics: Num rows: 383325119 Data size: 33817053293 Basic stats: COMPLETE Column stats: NONE
                  Select Operator
                    expressions: avg_window_0 (type: decimal(21,6)), _col0 (type: string), _col1 (type: string), _col2 (type: string), _col3 (type: string), _col4 (type: int), _col5 (type: int), _col6 (type: decimal(17,2))
                    outputColumnNames: avg_window_0, _col0, _col1, _col2, _col3, _col4, _col5, _col6
                    Statistics: Num rows: 383325119 Data size: 33817053293 Basic stats: COMPLETE Column stats: NONE
                    Reduce Output Operator
                      key expressions: _col3 (type: string), _col2 (type: string), _col0 (type: string), _col1 (type: string), _col4 (type: int), _col5 (type: int)
                      sort order: ++++++
                      Map-reduce partition columns: _col3 (type: string), _col2 (type: string), _col0 (type: string), _col1 (type: string)
                      Statistics: Num rows: 383325119 Data size: 33817053293 Basic stats: COMPLETE Column stats: NONE
                      value expressions: avg_window_0 (type: decimal(21,6)), _col6 (type: decimal(17,2))
        Reducer 16 
            Reduce Operator Tree:
              Select Operator
                expressions: VALUE._col0 (type: decimal(21,6)), KEY.reducesinkkey2 (type: string), KEY.reducesinkkey3 (type: string), KEY.reducesinkkey1 (type: string), KEY.reducesinkkey0 (type: string), KEY.reducesinkkey4 (type: int), KEY.reducesinkkey5 (type: int), VALUE._col1 (type: decimal(17,2))
                outputColumnNames: _col0, _col1, _col2, _col3, _col4, _col5, _col6, _col7
                Statistics: Num rows: 383325119 Data size: 33817053293 Basic stats: COMPLETE Column stats: NONE
                PTF Operator
                  Function definitions:
                      Input definition
                        input alias: ptf_0
                        output shape: _col0: decimal(21,6), _col1: string, _col2: string, _col3: string, _col4: string, _col5: int, _col6: int, _col7: decimal(17,2)
                        type: WINDOWING
                      Windowing table definition
                        input alias: ptf_1
                        name: windowingtablefunction
                        order by: _col5 ASC NULLS FIRST, _col6 ASC NULLS FIRST
                        partition by: _col4, _col3, _col1, _col2
                        raw input shape:
                        window functions:
                            window function definition
                              alias: rank_window_1
                              arguments: _col5, _col6
                              name: rank
                              window function: GenericUDAFRankEvaluator
                              window frame: ROWS PRECEDING(MAX)~FOLLOWING(MAX)
                              isPivotResult: true
                  Statistics: Num rows: 383325119 Data size: 33817053293 Basic stats: COMPLETE Column stats: NONE
                  Filter Operator
                    predicate: ((_col0 > 0) and (_col5 = 2000) and rank_window_1 is not null) (type: boolean)
                    Statistics: Num rows: 63887519 Data size: 5636175475 Basic stats: COMPLETE Column stats: NONE
                    Select Operator
                      expressions: rank_window_1 (type: int), _col0 (type: decimal(21,6)), _col1 (type: string), _col2 (type: string), _col3 (type: string), _col4 (type: string), _col5 (type: int), _col6 (type: int), _col7 (type: decimal(17,2))
                      outputColumnNames: rank_window_1, _col0, _col1, _col2, _col3, _col4, _col5, _col6, _col7
                      Statistics: Num rows: 63887519 Data size: 5636175475 Basic stats: COMPLETE Column stats: NONE
                      Filter Operator
                        predicate: CASE WHEN ((_col0 > 0)) THEN (((abs((_col7 - _col0)) / _col0) > 0.1)) ELSE (null) END (type: boolean)
                        Statistics: Num rows: 31943759 Data size: 2818087693 Basic stats: COMPLETE Column stats: NONE
                        Select Operator
                          expressions: _col4 (type: string), _col3 (type: string), _col1 (type: string), _col2 (type: string), _col5 (type: int), _col6 (type: int), _col7 (type: decimal(17,2)), _col0 (type: decimal(21,6)), rank_window_1 (type: int)
                          outputColumnNames: _col0, _col1, _col2, _col3, _col4, _col5, _col6, _col7, _col8
                          Statistics: Num rows: 31943759 Data size: 2818087693 Basic stats: COMPLETE Column stats: NONE
                          Reduce Output Operator
                            key expressions: _col0 (type: string), _col1 (type: string), _col2 (type: string), _col3 (type: string), _col8 (type: int)
                            sort order: +++++
                            Map-reduce partition columns: _col0 (type: string), _col1 (type: string), _col2 (type: string), _col3 (type: string), _col8 (type: int)
                            Statistics: Num rows: 31943759 Data size: 2818087693 Basic stats: COMPLETE Column stats: NONE
                            value expressions: _col4 (type: int), _col5 (type: int), _col6 (type: decimal(17,2)), _col7 (type: decimal(21,6))
        Reducer 2 
            Reduce Operator Tree:
              Join Operator
                condition map:
                     Inner Join 0 to 1
                keys:
                  0 _col0 (type: int)
                  1 _col0 (type: int)
                outputColumnNames: _col1, _col2, _col3, _col5, _col6
                Statistics: Num rows: 633595212 Data size: 55895953508 Basic stats: COMPLETE Column stats: NONE
                Reduce Output Operator
                  key expressions: _col1 (type: int)
                  sort order: +
                  Map-reduce partition columns: _col1 (type: int)
                  Statistics: Num rows: 633595212 Data size: 55895953508 Basic stats: COMPLETE Column stats: NONE
                  value expressions: _col2 (type: int), _col3 (type: decimal(7,2)), _col5 (type: int), _col6 (type: int)
        Reducer 21 
            Reduce Operator Tree:
              Join Operator
                condition map:
                     Inner Join 0 to 1
                keys:
                  0 _col0 (type: int)
                  1 _col0 (type: int)
                outputColumnNames: _col1, _col2, _col3, _col5, _col6
                Statistics: Num rows: 633595212 Data size: 55895953508 Basic stats: COMPLETE Column stats: NONE
                Reduce Output Operator
                  key expressions: _col1 (type: int)
                  sort order: +
                  Map-reduce partition columns: _col1 (type: int)
                  Statistics: Num rows: 633595212 Data size: 55895953508 Basic stats: COMPLETE Column stats: NONE
                  value expressions: _col2 (type: int), _col3 (type: decimal(7,2)), _col5 (type: int), _col6 (type: int)
        Reducer 22 
            Local Work:
              Map Reduce Local Work
            Reduce Operator Tree:
              Join Operator
                condition map:
                     Inner Join 0 to 1
                keys:
                  0 _col1 (type: int)
                  1 _col0 (type: int)
                outputColumnNames: _col2, _col3, _col5, _col6, _col8, _col9
                Statistics: Num rows: 696954748 Data size: 61485550191 Basic stats: COMPLETE Column stats: NONE
                Map Join Operator
                  condition map:
                       Inner Join 0 to 1
                  keys:
                    0 _col2 (type: int)
                    1 _col0 (type: int)
                  outputColumnNames: _col3, _col5, _col6, _col8, _col9, _col11, _col12
                  input vertices:
                    1 Map 27
                  Statistics: Num rows: 766650239 Data size: 67634106676 Basic stats: COMPLETE Column stats: NONE
                  Group By Operator
                    aggregations: sum(_col3)
                    keys: _col11 (type: string), _col12 (type: string), _col8 (type: string), _col9 (type: string), _col5 (type: int), _col6 (type: int)
                    mode: hash
                    outputColumnNames: _col0, _col1, _col2, _col3, _col4, _col5, _col6
                    Statistics: Num rows: 766650239 Data size: 67634106676 Basic stats: COMPLETE Column stats: NONE
                    Reduce Output Operator
                      key expressions: _col0 (type: string), _col1 (type: string), _col2 (type: string), _col3 (type: string), _col4 (type: int), _col5 (type: int)
                      sort order: ++++++
                      Map-reduce partition columns: _col0 (type: string), _col1 (type: string), _col2 (type: string), _col3 (type: string), _col4 (type: int), _col5 (type: int)
                      Statistics: Num rows: 766650239 Data size: 67634106676 Basic stats: COMPLETE Column stats: NONE
                      value expressions: _col6 (type: decimal(17,2))
        Reducer 23 
            Reduce Operator Tree:
              Group By Operator
                aggregations: sum(VALUE._col0)
                keys: KEY._col0 (type: string), KEY._col1 (type: string), KEY._col2 (type: string), KEY._col3 (type: string), KEY._col4 (type: int), KEY._col5 (type: int)
                mode: mergepartial
                outputColumnNames: _col0, _col1, _col2, _col3, _col4, _col5, _col6
                Statistics: Num rows: 383325119 Data size: 33817053293 Basic stats: COMPLETE Column stats: NONE
                Reduce Output Operator
                  key expressions: _col3 (type: string), _col2 (type: string), _col0 (type: string), _col1 (type: string), _col4 (type: int), _col5 (type: int)
                  sort order: ++++++
                  Map-reduce partition columns: _col3 (type: string), _col2 (type: string), _col0 (type: string), _col1 (type: string)
                  Statistics: Num rows: 383325119 Data size: 33817053293 Basic stats: COMPLETE Column stats: NONE
                  value expressions: _col6 (type: decimal(17,2))
        Reducer 24 
            Reduce Operator Tree:
              Select Operator
                expressions: KEY.reducesinkkey2 (type: string), KEY.reducesinkkey3 (type: string), KEY.reducesinkkey1 (type: string), KEY.reducesinkkey0 (type: string), KEY.reducesinkkey4 (type: int), KEY.reducesinkkey5 (type: int), VALUE._col0 (type: decimal(17,2))
                outputColumnNames: _col0, _col1, _col2, _col3, _col4, _col5, _col6
                Statistics: Num rows: 383325119 Data size: 33817053293 Basic stats: COMPLETE Column stats: NONE
                PTF Operator
                  Function definitions:
                      Input definition
                        input alias: ptf_0
                        output shape: _col0: string, _col1: string, _col2: string, _col3: string, _col4: int, _col5: int, _col6: decimal(17,2)
                        type: WINDOWING
                      Windowing table definition
                        input alias: ptf_1
                        name: windowingtablefunction
                        order by: _col4 ASC NULLS FIRST, _col5 ASC NULLS FIRST
                        partition by: _col3, _col2, _col0, _col1
                        raw input shape:
                        window functions:
                            window function definition
                              alias: rank_window_0
                              arguments: _col4, _col5
                              name: rank
                              window function: GenericUDAFRankEvaluator
                              window frame: ROWS PRECEDING(MAX)~FOLLOWING(MAX)
                              isPivotResult: true
                  Statistics: Num rows: 383325119 Data size: 33817053293 Basic stats: COMPLETE Column stats: NONE
                  Filter Operator
                    predicate: rank_window_0 is not null (type: boolean)
                    Statistics: Num rows: 383325119 Data size: 33817053293 Basic stats: COMPLETE Column stats: NONE
                    Select Operator
                      expressions: _col3 (type: string), _col2 (type: string), _col0 (type: string), _col1 (type: string), _col6 (type: decimal(17,2)), rank_window_0 (type: int)
                      outputColumnNames: _col0, _col1, _col2, _col3, _col4, _col5
                      Statistics: Num rows: 383325119 Data size: 33817053293 Basic stats: COMPLETE Column stats: NONE
                      Reduce Output Operator
                        key expressions: _col0 (type: string), _col1 (type: string), _col2 (type: string), _col3 (type: string), (_col5 - 1) (type: int)
                        sort order: +++++
                        Map-reduce partition columns: _col0 (type: string), _col1 (type: string), _col2 (type: string), _col3 (type: string), (_col5 - 1) (type: int)
                        Statistics: Num rows: 383325119 Data size: 33817053293 Basic stats: COMPLETE Column stats: NONE
                        value expressions: _col4 (type: decimal(17,2))
        Reducer 3 
            Local Work:
              Map Reduce Local Work
            Reduce Operator Tree:
              Join Operator
                condition map:
                     Inner Join 0 to 1
                keys:
                  0 _col1 (type: int)
                  1 _col0 (type: int)
                outputColumnNames: _col2, _col3, _col5, _col6, _col8, _col9
                Statistics: Num rows: 696954748 Data size: 61485550191 Basic stats: COMPLETE Column stats: NONE
                Map Join Operator
                  condition map:
                       Inner Join 0 to 1
                  keys:
                    0 _col2 (type: int)
                    1 _col0 (type: int)
                  outputColumnNames: _col3, _col5, _col6, _col8, _col9, _col11, _col12
                  input vertices:
                    1 Map 10
                  Statistics: Num rows: 766650239 Data size: 67634106676 Basic stats: COMPLETE Column stats: NONE
                  Group By Operator
                    aggregations: sum(_col3)
                    keys: _col11 (type: string), _col12 (type: string), _col8 (type: string), _col9 (type: string), _col5 (type: int), _col6 (type: int)
                    mode: hash
                    outputColumnNames: _col0, _col1, _col2, _col3, _col4, _col5, _col6
                    Statistics: Num rows: 766650239 Data size: 67634106676 Basic stats: COMPLETE Column stats: NONE
                    Reduce Output Operator
                      key expressions: _col0 (type: string), _col1 (type: string), _col2 (type: string), _col3 (type: string), _col4 (type: int), _col5 (type: int)
                      sort order: ++++++
                      Map-reduce partition columns: _col0 (type: string), _col1 (type: string), _col2 (type: string), _col3 (type: string), _col4 (type: int), _col5 (type: int)
                      Statistics: Num rows: 766650239 Data size: 67634106676 Basic stats: COMPLETE Column stats: NONE
                      value expressions: _col6 (type: decimal(17,2))
        Reducer 4 
            Reduce Operator Tree:
              Group By Operator
                aggregations: sum(VALUE._col0)
                keys: KEY._col0 (type: string), KEY._col1 (type: string), KEY._col2 (type: string), KEY._col3 (type: string), KEY._col4 (type: int), KEY._col5 (type: int)
                mode: mergepartial
                outputColumnNames: _col0, _col1, _col2, _col3, _col4, _col5, _col6
                Statistics: Num rows: 383325119 Data size: 33817053293 Basic stats: COMPLETE Column stats: NONE
                Reduce Output Operator
                  key expressions: _col3 (type: string), _col2 (type: string), _col0 (type: string), _col1 (type: string), _col4 (type: int), _col5 (type: int)
                  sort order: ++++++
                  Map-reduce partition columns: _col3 (type: string), _col2 (type: string), _col0 (type: string), _col1 (type: string)
                  Statistics: Num rows: 383325119 Data size: 33817053293 Basic stats: COMPLETE Column stats: NONE
                  value expressions: _col6 (type: decimal(17,2))
        Reducer 5 
            Reduce Operator Tree:
              Select Operator
                expressions: KEY.reducesinkkey2 (type: string), KEY.reducesinkkey3 (type: string), KEY.reducesinkkey1 (type: string), KEY.reducesinkkey0 (type: string), KEY.reducesinkkey4 (type: int), KEY.reducesinkkey5 (type: int), VALUE._col0 (type: decimal(17,2))
                outputColumnNames: _col0, _col1, _col2, _col3, _col4, _col5, _col6
                Statistics: Num rows: 383325119 Data size: 33817053293 Basic stats: COMPLETE Column stats: NONE
                PTF Operator
                  Function definitions:
                      Input definition
                        input alias: ptf_0
                        output shape: _col0: string, _col1: string, _col2: string, _col3: string, _col4: int, _col5: int, _col6: decimal(17,2)
                        type: WINDOWING
                      Windowing table definition
                        input alias: ptf_1
                        name: windowingtablefunction
                        order by: _col4 ASC NULLS FIRST, _col5 ASC NULLS FIRST
                        partition by: _col3, _col2, _col0, _col1
                        raw input shape:
                        window functions:
                            window function definition
                              alias: rank_window_0
                              arguments: _col4, _col5
                              name: rank
                              window function: GenericUDAFRankEvaluator
                              window frame: ROWS PRECEDING(MAX)~FOLLOWING(MAX)
                              isPivotResult: true
                  Statistics: Num rows: 383325119 Data size: 33817053293 Basic stats: COMPLETE Column stats: NONE
                  Filter Operator
                    predicate: rank_window_0 is not null (type: boolean)
                    Statistics: Num rows: 383325119 Data size: 33817053293 Basic stats: COMPLETE Column stats: NONE
                    Select Operator
                      expressions: _col3 (type: string), _col2 (type: string), _col0 (type: string), _col1 (type: string), _col6 (type: decimal(17,2)), rank_window_0 (type: int)
                      outputColumnNames: _col0, _col1, _col2, _col3, _col4, _col5
                      Statistics: Num rows: 383325119 Data size: 33817053293 Basic stats: COMPLETE Column stats: NONE
                      Reduce Output Operator
                        key expressions: _col0 (type: string), _col1 (type: string), _col2 (type: string), _col3 (type: string), (_col5 + 1) (type: int)
                        sort order: +++++
                        Map-reduce partition columns: _col0 (type: string), _col1 (type: string), _col2 (type: string), _col3 (type: string), (_col5 + 1) (type: int)
                        Statistics: Num rows: 383325119 Data size: 33817053293 Basic stats: COMPLETE Column stats: NONE
                        value expressions: _col4 (type: decimal(17,2))
        Reducer 6 
            Reduce Operator Tree:
              Join Operator
                condition map:
                     Inner Join 0 to 1
                     Inner Join 1 to 2
                keys:
                  0 _col0 (type: string), _col1 (type: string), _col2 (type: string), _col3 (type: string), (_col5 + 1) (type: int)
                  1 _col0 (type: string), _col1 (type: string), _col2 (type: string), _col3 (type: string), _col8 (type: int)
                  2 _col0 (type: string), _col1 (type: string), _col2 (type: string), _col3 (type: string), (_col5 - 1) (type: int)
                outputColumnNames: _col4, _col6, _col10, _col11, _col12, _col13, _col19
                Statistics: Num rows: 843315280 Data size: 74397518857 Basic stats: COMPLETE Column stats: NONE
                Select Operator
                  expressions: _col6 (type: string), _col10 (type: int), _col11 (type: int), _col13 (type: decimal(21,6)), _col12 (type: decimal(17,2)), _col4 (type: decimal(17,2)), _col19 (type: decimal(17,2)), (_col12 - _col13) (type: decimal(22,6))
                  outputColumnNames: _col0, _col1, _col2, _col3, _col4, _col5, _col6, _col7
                  Statistics: Num rows: 843315280 Data size: 74397518857 Basic stats: COMPLETE Column stats: NONE
                  Reduce Output Operator
                    key expressions: _col7 (type: decimal(22,6)), _col2 (type: int)
                    sort order: ++
                    Statistics: Num rows: 843315280 Data size: 74397518857 Basic stats: COMPLETE Column stats: NONE
                    TopN Hash Memory Usage: 0.1
                    value expressions: _col0 (type: string), _col1 (type: int), _col3 (type: decimal(21,6)), _col4 (type: decimal(17,2)), _col5 (type: decimal(17,2)), _col6 (type: decimal(17,2))
        Reducer 7 
            Reduce Operator Tree:
              Select Operator
                expressions: VALUE._col0 (type: string), VALUE._col1 (type: int), KEY.reducesinkkey1 (type: int), VALUE._col2 (type: decimal(21,6)), VALUE._col3 (type: decimal(17,2)), VALUE._col4 (type: decimal(17,2)), VALUE._col5 (type: decimal(17,2))
                outputColumnNames: _col0, _col1, _col2, _col3, _col4, _col5, _col6
                Statistics: Num rows: 843315280 Data size: 74397518857 Basic stats: COMPLETE Column stats: NONE
                Limit
                  Number of rows: 100
                  Statistics: Num rows: 100 Data size: 8800 Basic stats: COMPLETE Column stats: NONE
                  File Output Operator
                    compressed: false
                    Statistics: Num rows: 100 Data size: 8800 Basic stats: COMPLETE Column stats: NONE
                    table:
                        input format: org.apache.hadoop.mapred.SequenceFileInputFormat
                        output format: org.apache.hadoop.hive.ql.io.HiveSequenceFileOutputFormat
                        serde: org.apache.hadoop.hive.serde2.lazy.LazySimpleSerDe

  Stage: Stage-0
    Fetch Operator
      limit: -1
      Processor Tree:
        ListSink

