PREHOOK: query: explain
select  i_item_id,
        ca_country,
        ca_state, 
        ca_county,
        avg( cast(cs_quantity as numeric(12,2))) agg1,
        avg( cast(cs_list_price as numeric(12,2))) agg2,
        avg( cast(cs_coupon_amt as numeric(12,2))) agg3,
        avg( cast(cs_sales_price as numeric(12,2))) agg4,
        avg( cast(cs_net_profit as numeric(12,2))) agg5,
        avg( cast(c_birth_year as numeric(12,2))) agg6,
        avg( cast(cd1.cd_dep_count as numeric(12,2))) agg7
 from catalog_sales, customer_demographics cd1, 
      customer_demographics cd2, customer, customer_address, date_dim, item
 where cs_sold_date_sk = d_date_sk and
       cs_item_sk = i_item_sk and
       cs_bill_cdemo_sk = cd1.cd_demo_sk and
       cs_bill_customer_sk = c_customer_sk and
       cd1.cd_gender = 'M' and 
       cd1.cd_education_status = 'College' and
       c_current_cdemo_sk = cd2.cd_demo_sk and
       c_current_addr_sk = ca_address_sk and
       c_birth_month in (9,5,12,4,1,10) and
       d_year = 2001 and
       ca_state in ('ND','WI','AL'
                   ,'NC','OK','MS','TN')
 group by rollup (i_item_id, ca_country, ca_state, ca_county)
 order by ca_country,
        ca_state, 
        ca_county,
	i_item_id
 limit 100
PREHOOK: type: QUERY
POSTHOOK: query: explain
select  i_item_id,
        ca_country,
        ca_state, 
        ca_county,
        avg( cast(cs_quantity as numeric(12,2))) agg1,
        avg( cast(cs_list_price as numeric(12,2))) agg2,
        avg( cast(cs_coupon_amt as numeric(12,2))) agg3,
        avg( cast(cs_sales_price as numeric(12,2))) agg4,
        avg( cast(cs_net_profit as numeric(12,2))) agg5,
        avg( cast(c_birth_year as numeric(12,2))) agg6,
        avg( cast(cd1.cd_dep_count as numeric(12,2))) agg7
 from catalog_sales, customer_demographics cd1, 
      customer_demographics cd2, customer, customer_address, date_dim, item
 where cs_sold_date_sk = d_date_sk and
       cs_item_sk = i_item_sk and
       cs_bill_cdemo_sk = cd1.cd_demo_sk and
       cs_bill_customer_sk = c_customer_sk and
       cd1.cd_gender = 'M' and 
       cd1.cd_education_status = 'College' and
       c_current_cdemo_sk = cd2.cd_demo_sk and
       c_current_addr_sk = ca_address_sk and
       c_birth_month in (9,5,12,4,1,10) and
       d_year = 2001 and
       ca_state in ('ND','WI','AL'
                   ,'NC','OK','MS','TN')
 group by rollup (i_item_id, ca_country, ca_state, ca_county)
 order by ca_country,
        ca_state, 
        ca_county,
	i_item_id
 limit 100
POSTHOOK: type: QUERY
STAGE DEPENDENCIES:
  Stage-1 is a root stage
  Stage-0 depends on stages: Stage-1

STAGE PLANS:
  Stage: Stage-1
    Spark
      Edges:
        Reducer 10 <- Map 13 (PARTITION-LEVEL SORT, 306), Map 9 (PARTITION-LEVEL SORT, 306)
        Reducer 11 <- Map 14 (PARTITION-LEVEL SORT, 337), Reducer 10 (PARTITION-LEVEL SORT, 337)
        Reducer 12 <- Map 15 (PARTITION-LEVEL SORT, 374), Reducer 11 (PARTITION-LEVEL SORT, 374)
        Reducer 2 <- Map 1 (PARTITION-LEVEL SORT, 428), Map 7 (PARTITION-LEVEL SORT, 428)
        Reducer 3 <- Map 8 (PARTITION-LEVEL SORT, 302), Reducer 2 (PARTITION-LEVEL SORT, 302)
        Reducer 4 <- Reducer 12 (PARTITION-LEVEL SORT, 731), Reducer 3 (PARTITION-LEVEL SORT, 731)
        Reducer 5 <- Reducer 4 (GROUP, 1009)
        Reducer 6 <- Reducer 5 (SORT, 1)
#### A masked pattern was here ####
      Vertices:
        Map 1 
            Map Operator Tree:
                TableScan
                  alias: customer
                  Statistics: Num rows: 80000000 Data size: 68801615852 Basic stats: COMPLETE Column stats: NONE
                  Filter Operator
                    predicate: ((c_birth_month) IN (9, 5, 12, 4, 1, 10) and c_current_addr_sk is not null and c_current_cdemo_sk is not null and c_customer_sk is not null) (type: boolean)
                    Statistics: Num rows: 40000000 Data size: 34400807926 Basic stats: COMPLETE Column stats: NONE
                    Select Operator
                      expressions: c_customer_sk (type: int), c_current_cdemo_sk (type: int), c_current_addr_sk (type: int), c_birth_year (type: int)
                      outputColumnNames: _col0, _col1, _col2, _col4
                      Statistics: Num rows: 40000000 Data size: 34400807926 Basic stats: COMPLETE Column stats: NONE
                      Reduce Output Operator
                        key expressions: _col2 (type: int)
                        sort order: +
                        Map-reduce partition columns: _col2 (type: int)
                        Statistics: Num rows: 40000000 Data size: 34400807926 Basic stats: COMPLETE Column stats: NONE
                        value expressions: _col0 (type: int), _col1 (type: int), _col4 (type: int)
        Map 13 
            Map Operator Tree:
                TableScan
                  alias: date_dim
                  Statistics: Num rows: 73049 Data size: 81741831 Basic stats: COMPLETE Column stats: NONE
                  Filter Operator
                    predicate: ((d_year = 2001) and d_date_sk is not null) (type: boolean)
                    Statistics: Num rows: 36524 Data size: 40870356 Basic stats: COMPLETE Column stats: NONE
                    Select Operator
                      expressions: d_date_sk (type: int)
                      outputColumnNames: _col0
                      Statistics: Num rows: 36524 Data size: 40870356 Basic stats: COMPLETE Column stats: NONE
                      Reduce Output Operator
                        key expressions: _col0 (type: int)
                        sort order: +
                        Map-reduce partition columns: _col0 (type: int)
                        Statistics: Num rows: 36524 Data size: 40870356 Basic stats: COMPLETE Column stats: NONE
        Map 14 
            Map Operator Tree:
                TableScan
                  alias: cd1
                  Statistics: Num rows: 1861800 Data size: 717186159 Basic stats: COMPLETE Column stats: NONE
                  Filter Operator
                    predicate: ((cd_education_status = 'College') and (cd_gender = 'M') and cd_demo_sk is not null) (type: boolean)
                    Statistics: Num rows: 465450 Data size: 179296539 Basic stats: COMPLETE Column stats: NONE
                    Select Operator
                      expressions: cd_demo_sk (type: int), cd_dep_count (type: int)
                      outputColumnNames: _col0, _col3
                      Statistics: Num rows: 465450 Data size: 179296539 Basic stats: COMPLETE Column stats: NONE
                      Reduce Output Operator
                        key expressions: _col0 (type: int)
                        sort order: +
                        Map-reduce partition columns: _col0 (type: int)
                        Statistics: Num rows: 465450 Data size: 179296539 Basic stats: COMPLETE Column stats: NONE
                        value expressions: _col3 (type: int)
        Map 15 
            Map Operator Tree:
                TableScan
                  alias: item
                  Statistics: Num rows: 462000 Data size: 663560457 Basic stats: COMPLETE Column stats: NONE
                  Filter Operator
                    predicate: i_item_sk is not null (type: boolean)
                    Statistics: Num rows: 462000 Data size: 663560457 Basic stats: COMPLETE Column stats: NONE
                    Select Operator
                      expressions: i_item_sk (type: int), i_item_id (type: string)
                      outputColumnNames: _col0, _col1
                      Statistics: Num rows: 462000 Data size: 663560457 Basic stats: COMPLETE Column stats: NONE
                      Reduce Output Operator
                        key expressions: _col0 (type: int)
                        sort order: +
                        Map-reduce partition columns: _col0 (type: int)
                        Statistics: Num rows: 462000 Data size: 663560457 Basic stats: COMPLETE Column stats: NONE
                        value expressions: _col1 (type: string)
        Map 7 
            Map Operator Tree:
                TableScan
                  alias: customer_address
                  Statistics: Num rows: 40000000 Data size: 40595195284 Basic stats: COMPLETE Column stats: NONE
                  Filter Operator
                    predicate: ((ca_state) IN ('ND', 'WI', 'AL', 'NC', 'OK', 'MS', 'TN') and ca_address_sk is not null) (type: boolean)
                    Statistics: Num rows: 20000000 Data size: 20297597642 Basic stats: COMPLETE Column stats: NONE
                    Select Operator
                      expressions: ca_address_sk (type: int), ca_county (type: string), ca_state (type: string), ca_country (type: string)
                      outputColumnNames: _col0, _col1, _col2, _col3
                      Statistics: Num rows: 20000000 Data size: 20297597642 Basic stats: COMPLETE Column stats: NONE
                      Reduce Output Operator
                        key expressions: _col0 (type: int)
                        sort order: +
                        Map-reduce partition columns: _col0 (type: int)
                        Statistics: Num rows: 20000000 Data size: 20297597642 Basic stats: COMPLETE Column stats: NONE
                        value expressions: _col1 (type: string), _col2 (type: string), _col3 (type: string)
        Map 8 
            Map Operator Tree:
                TableScan
                  alias: cd2
                  Statistics: Num rows: 1861800 Data size: 717186159 Basic stats: COMPLETE Column stats: NONE
                  Filter Operator
                    predicate: cd_demo_sk is not null (type: boolean)
                    Statistics: Num rows: 1861800 Data size: 717186159 Basic stats: COMPLETE Column stats: NONE
                    Select Operator
                      expressions: cd_demo_sk (type: int)
                      outputColumnNames: _col0
                      Statistics: Num rows: 1861800 Data size: 717186159 Basic stats: COMPLETE Column stats: NONE
                      Reduce Output Operator
                        key expressions: _col0 (type: int)
                        sort order: +
                        Map-reduce partition columns: _col0 (type: int)
                        Statistics: Num rows: 1861800 Data size: 717186159 Basic stats: COMPLETE Column stats: NONE
        Map 9 
            Map Operator Tree:
                TableScan
                  alias: catalog_sales
                  Statistics: Num rows: 287989836 Data size: 38999608952 Basic stats: COMPLETE Column stats: NONE
                  Filter Operator
                    predicate: (cs_bill_cdemo_sk is not null and cs_bill_customer_sk is not null and cs_item_sk is not null and cs_sold_date_sk is not null) (type: boolean)
                    Statistics: Num rows: 287989836 Data size: 38999608952 Basic stats: COMPLETE Column stats: NONE
                    Select Operator
                      expressions: cs_sold_date_sk (type: int), cs_bill_customer_sk (type: int), cs_bill_cdemo_sk (type: int), cs_item_sk (type: int), cs_quantity (type: int), cs_list_price (type: decimal(7,2)), cs_sales_price (type: decimal(7,2)), cs_coupon_amt (type: decimal(7,2)), cs_net_profit (type: decimal(7,2))
                      outputColumnNames: _col0, _col1, _col2, _col3, _col4, _col5, _col6, _col7, _col8
                      Statistics: Num rows: 287989836 Data size: 38999608952 Basic stats: COMPLETE Column stats: NONE
                      Reduce Output Operator
                        key expressions: _col0 (type: int)
                        sort order: +
                        Map-reduce partition columns: _col0 (type: int)
                        Statistics: Num rows: 287989836 Data size: 38999608952 Basic stats: COMPLETE Column stats: NONE
                        value expressions: _col1 (type: int), _col2 (type: int), _col3 (type: int), _col4 (type: int), _col5 (type: decimal(7,2)), _col6 (type: decimal(7,2)), _col7 (type: decimal(7,2)), _col8 (type: decimal(7,2))
        Reducer 10 
            Reduce Operator Tree:
              Join Operator
                condition map:
                     Inner Join 0 to 1
                keys:
                  0 _col0 (type: int)
                  1 _col0 (type: int)
                outputColumnNames: _col1, _col2, _col3, _col4, _col5, _col6, _col7, _col8
                Statistics: Num rows: 316788826 Data size: 42899570777 Basic stats: COMPLETE Column stats: NONE
                Reduce Output Operator
                  key expressions: _col2 (type: int)
                  sort order: +
                  Map-reduce partition columns: _col2 (type: int)
                  Statistics: Num rows: 316788826 Data size: 42899570777 Basic stats: COMPLETE Column stats: NONE
                  value expressions: _col1 (type: int), _col3 (type: int), _col4 (type: int), _col5 (type: decimal(7,2)), _col6 (type: decimal(7,2)), _col7 (type: decimal(7,2)), _col8 (type: decimal(7,2))
        Reducer 11 
            Reduce Operator Tree:
              Join Operator
                condition map:
                     Inner Join 0 to 1
                keys:
                  0 _col2 (type: int)
                  1 _col0 (type: int)
                outputColumnNames: _col1, _col3, _col4, _col5, _col6, _col7, _col8, _col14
                Statistics: Num rows: 348467716 Data size: 47189528877 Basic stats: COMPLETE Column stats: NONE
                Reduce Output Operator
                  key expressions: _col3 (type: int)
                  sort order: +
                  Map-reduce partition columns: _col3 (type: int)
                  Statistics: Num rows: 348467716 Data size: 47189528877 Basic stats: COMPLETE Column stats: NONE
                  value expressions: _col1 (type: int), _col4 (type: int), _col5 (type: decimal(7,2)), _col6 (type: decimal(7,2)), _col7 (type: decimal(7,2)), _col8 (type: decimal(7,2)), _col14 (type: int)
        Reducer 12 
            Reduce Operator Tree:
              Join Operator
                condition map:
                     Inner Join 0 to 1
                keys:
                  0 _col3 (type: int)
                  1 _col0 (type: int)
                outputColumnNames: _col1, _col4, _col5, _col6, _col7, _col8, _col14, _col16
                Statistics: Num rows: 383314495 Data size: 51908482889 Basic stats: COMPLETE Column stats: NONE
                Select Operator
                  expressions: _col16 (type: string), _col1 (type: int), _col4 (type: int), _col5 (type: decimal(7,2)), _col6 (type: decimal(7,2)), _col7 (type: decimal(7,2)), _col8 (type: decimal(7,2)), _col14 (type: int)
                  outputColumnNames: _col1, _col3, _col6, _col7, _col8, _col9, _col10, _col16
                  Statistics: Num rows: 383314495 Data size: 51908482889 Basic stats: COMPLETE Column stats: NONE
                  Reduce Output Operator
                    key expressions: _col3 (type: int)
                    sort order: +
                    Map-reduce partition columns: _col3 (type: int)
                    Statistics: Num rows: 383314495 Data size: 51908482889 Basic stats: COMPLETE Column stats: NONE
                    value expressions: _col1 (type: string), _col6 (type: int), _col7 (type: decimal(7,2)), _col8 (type: decimal(7,2)), _col9 (type: decimal(7,2)), _col10 (type: decimal(7,2)), _col16 (type: int)
        Reducer 2 
            Reduce Operator Tree:
              Join Operator
                condition map:
                     Inner Join 0 to 1
                keys:
                  0 _col2 (type: int)
                  1 _col0 (type: int)
                outputColumnNames: _col0, _col1, _col4, _col6, _col7, _col8
                Statistics: Num rows: 44000000 Data size: 37840889538 Basic stats: COMPLETE Column stats: NONE
                Reduce Output Operator
                  key expressions: _col1 (type: int)
                  sort order: +
                  Map-reduce partition columns: _col1 (type: int)
                  Statistics: Num rows: 44000000 Data size: 37840889538 Basic stats: COMPLETE Column stats: NONE
                  value expressions: _col0 (type: int), _col4 (type: int), _col6 (type: string), _col7 (type: string), _col8 (type: string)
        Reducer 3 
            Reduce Operator Tree:
              Join Operator
                condition map:
                     Inner Join 0 to 1
                keys:
                  0 _col1 (type: int)
                  1 _col0 (type: int)
                outputColumnNames: _col0, _col4, _col6, _col7, _col8
                Statistics: Num rows: 48400001 Data size: 41624979393 Basic stats: COMPLETE Column stats: NONE
                Reduce Output Operator
                  key expressions: _col0 (type: int)
                  sort order: +
                  Map-reduce partition columns: _col0 (type: int)
                  Statistics: Num rows: 48400001 Data size: 41624979393 Basic stats: COMPLETE Column stats: NONE
                  value expressions: _col4 (type: int), _col6 (type: string), _col7 (type: string), _col8 (type: string)
        Reducer 4 
            Reduce Operator Tree:
              Join Operator
                condition map:
                     Inner Join 0 to 1
                keys:
                  0 _col0 (type: int)
                  1 _col3 (type: int)
                outputColumnNames: _col4, _col6, _col7, _col8, _col11, _col16, _col17, _col18, _col19, _col20, _col26
                Statistics: Num rows: 421645953 Data size: 57099332415 Basic stats: COMPLETE Column stats: NONE
                Select Operator
                  expressions: _col11 (type: string), _col8 (type: string), _col7 (type: string), _col6 (type: string), CAST( _col16 AS decimal(12,2)) (type: decimal(12,2)), CAST( _col17 AS decimal(12,2)) (type: decimal(12,2)), CAST( _col19 AS decimal(12,2)) (type: decimal(12,2)), CAST( _col18 AS decimal(12,2)) (type: decimal(12,2)), CAST( _col20 AS decimal(12,2)) (type: decimal(12,2)), CAST( _col4 AS decimal(12,2)) (type: decimal(12,2)), CAST( _col26 AS decimal(12,2)) (type: decimal(12,2))
                  outputColumnNames: _col0, _col1, _col2, _col3, _col4, _col5, _col6, _col7, _col8, _col9, _col10
                  Statistics: Num rows: 421645953 Data size: 57099332415 Basic stats: COMPLETE Column stats: NONE
                  Group By Operator
                    aggregations: avg(_col4), avg(_col5), avg(_col6), avg(_col7), avg(_col8), avg(_col9), avg(_col10)
                    keys: _col0 (type: string), _col1 (type: string), _col2 (type: string), _col3 (type: string), 0 (type: bigint)
                    mode: hash
                    outputColumnNames: _col0, _col1, _col2, _col3, _col4, _col5, _col6, _col7, _col8, _col9, _col10, _col11
                    Statistics: Num rows: 2108229765 Data size: 285496662075 Basic stats: COMPLETE Column stats: NONE
                    Reduce Output Operator
                      key expressions: _col0 (type: string), _col1 (type: string), _col2 (type: string), _col3 (type: string), _col4 (type: bigint)
                      sort order: +++++
                      Map-reduce partition columns: _col0 (type: string), _col1 (type: string), _col2 (type: string), _col3 (type: string), _col4 (type: bigint)
                      Statistics: Num rows: 2108229765 Data size: 285496662075 Basic stats: COMPLETE Column stats: NONE
                      value expressions: _col5 (type: struct<count:bigint,sum:decimal(22,2),input:decimal(12,2)>), _col6 (type: struct<count:bigint,sum:decimal(22,2),input:decimal(12,2)>), _col7 (type: struct<count:bigint,sum:decimal(22,2),input:decimal(12,2)>), _col8 (type: struct<count:bigint,sum:decimal(22,2),input:decimal(12,2)>), _col9 (type: struct<count:bigint,sum:decimal(22,2),input:decimal(12,2)>), _col10 (type: struct<count:bigint,sum:decimal(22,2),input:decimal(12,2)>), _col11 (type: struct<count:bigint,sum:decimal(22,2),input:decimal(12,2)>)
        Reducer 5 
            Reduce Operator Tree:
              Group By Operator
                aggregations: avg(VALUE._col0), avg(VALUE._col1), avg(VALUE._col2), avg(VALUE._col3), avg(VALUE._col4), avg(VALUE._col5), avg(VALUE._col6)
                keys: KEY._col0 (type: string), KEY._col1 (type: string), KEY._col2 (type: string), KEY._col3 (type: string), KEY._col4 (type: bigint)
                mode: mergepartial
                outputColumnNames: _col0, _col1, _col2, _col3, _col5, _col6, _col7, _col8, _col9, _col10, _col11
                Statistics: Num rows: 1054114882 Data size: 142748330969 Basic stats: COMPLETE Column stats: NONE
                pruneGroupingSetId: true
                Select Operator
                  expressions: _col0 (type: string), _col1 (type: string), _col2 (type: string), _col3 (type: string), _col5 (type: decimal(16,6)), _col6 (type: decimal(16,6)), _col7 (type: decimal(16,6)), _col8 (type: decimal(16,6)), _col9 (type: decimal(16,6)), _col10 (type: decimal(16,6)), _col11 (type: decimal(16,6))
                  outputColumnNames: _col0, _col1, _col2, _col3, _col4, _col5, _col6, _col7, _col8, _col9, _col10
                  Statistics: Num rows: 1054114882 Data size: 142748330969 Basic stats: COMPLETE Column stats: NONE
                  Reduce Output Operator
                    key expressions: _col1 (type: string), _col2 (type: string), _col3 (type: string), _col0 (type: string)
                    sort order: ++++
                    Statistics: Num rows: 1054114882 Data size: 142748330969 Basic stats: COMPLETE Column stats: NONE
                    TopN Hash Memory Usage: 0.1
                    value expressions: _col4 (type: decimal(16,6)), _col5 (type: decimal(16,6)), _col6 (type: decimal(16,6)), _col7 (type: decimal(16,6)), _col8 (type: decimal(16,6)), _col9 (type: decimal(16,6)), _col10 (type: decimal(16,6))
        Reducer 6 
            Reduce Operator Tree:
              Select Operator
                expressions: KEY.reducesinkkey3 (type: string), KEY.reducesinkkey0 (type: string), KEY.reducesinkkey1 (type: string), KEY.reducesinkkey2 (type: string), VALUE._col0 (type: decimal(16,6)), VALUE._col1 (type: decimal(16,6)), VALUE._col2 (type: decimal(16,6)), VALUE._col3 (type: decimal(16,6)), VALUE._col4 (type: decimal(16,6)), VALUE._col5 (type: decimal(16,6)), VALUE._col6 (type: decimal(16,6))
                outputColumnNames: _col0, _col1, _col2, _col3, _col4, _col5, _col6, _col7, _col8, _col9, _col10
                Statistics: Num rows: 1054114882 Data size: 142748330969 Basic stats: COMPLETE Column stats: NONE
                Limit
                  Number of rows: 100
                  Statistics: Num rows: 100 Data size: 13500 Basic stats: COMPLETE Column stats: NONE
                  File Output Operator
                    compressed: false
                    Statistics: Num rows: 100 Data size: 13500 Basic stats: COMPLETE Column stats: NONE
                    table:
                        input format: org.apache.hadoop.mapred.SequenceFileInputFormat
                        output format: org.apache.hadoop.hive.ql.io.HiveSequenceFileOutputFormat
                        serde: org.apache.hadoop.hive.serde2.lazy.LazySimpleSerDe

  Stage: Stage-0
    Fetch Operator
      limit: 100
      Processor Tree:
        ListSink

