PREHOOK: query: explain
select  i_brand_id brand_id, i_brand brand, i_manufact_id, i_manufact,
 	sum(ss_ext_sales_price) ext_price
 from date_dim, store_sales, item,customer,customer_address,store
 where d_date_sk = ss_sold_date_sk
   and ss_item_sk = i_item_sk
   and i_manager_id=7
   and d_moy=11
   and d_year=1999
   and ss_customer_sk = c_customer_sk 
   and c_current_addr_sk = ca_address_sk
   and substr(ca_zip,1,5) <> substr(s_zip,1,5) 
   and ss_store_sk = s_store_sk 
 group by i_brand
      ,i_brand_id
      ,i_manufact_id
      ,i_manufact
 order by ext_price desc
         ,i_brand
         ,i_brand_id
         ,i_manufact_id
         ,i_manufact
limit 100
PREHOOK: type: QUERY
POSTHOOK: query: explain
select  i_brand_id brand_id, i_brand brand, i_manufact_id, i_manufact,
 	sum(ss_ext_sales_price) ext_price
 from date_dim, store_sales, item,customer,customer_address,store
 where d_date_sk = ss_sold_date_sk
   and ss_item_sk = i_item_sk
   and i_manager_id=7
   and d_moy=11
   and d_year=1999
   and ss_customer_sk = c_customer_sk 
   and c_current_addr_sk = ca_address_sk
   and substr(ca_zip,1,5) <> substr(s_zip,1,5) 
   and ss_store_sk = s_store_sk 
 group by i_brand
      ,i_brand_id
      ,i_manufact_id
      ,i_manufact
 order by ext_price desc
         ,i_brand
         ,i_brand_id
         ,i_manufact_id
         ,i_manufact
limit 100
POSTHOOK: type: QUERY
STAGE DEPENDENCIES:
  Stage-2 is a root stage
  Stage-1 depends on stages: Stage-2
  Stage-0 depends on stages: Stage-1

STAGE PLANS:
  Stage: Stage-2
    Spark
#### A masked pattern was here ####
      Vertices:
        Map 12 
            Map Operator Tree:
                TableScan
                  alias: store
                  Statistics: Num rows: 1704 Data size: 3256276 Basic stats: COMPLETE Column stats: NONE
                  Filter Operator
                    predicate: s_store_sk is not null (type: boolean)
                    Statistics: Num rows: 1704 Data size: 3256276 Basic stats: COMPLETE Column stats: NONE
                    Select Operator
                      expressions: s_store_sk (type: int), s_zip (type: string)
                      outputColumnNames: _col0, _col1
                      Statistics: Num rows: 1704 Data size: 3256276 Basic stats: COMPLETE Column stats: NONE
                      Spark HashTable Sink Operator
                        keys:
                          0 _col3 (type: int)
                          1 _col0 (type: int)
            Local Work:
              Map Reduce Local Work

  Stage: Stage-1
    Spark
      Edges:
        Reducer 2 <- Map 1 (PARTITION-LEVEL SORT, 398), Map 8 (PARTITION-LEVEL SORT, 398)
        Reducer 3 <- Map 9 (PARTITION-LEVEL SORT, 440), Reducer 2 (PARTITION-LEVEL SORT, 440)
        Reducer 4 <- Map 10 (PARTITION-LEVEL SORT, 1009), Reducer 3 (PARTITION-LEVEL SORT, 1009)
        Reducer 5 <- Map 11 (PARTITION-LEVEL SORT, 846), Reducer 4 (PARTITION-LEVEL SORT, 846)
        Reducer 6 <- Reducer 5 (GROUP, 640)
        Reducer 7 <- Reducer 6 (SORT, 1)
#### A masked pattern was here ####
      Vertices:
        Map 1 
            Map Operator Tree:
                TableScan
                  alias: store_sales
                  Statistics: Num rows: 575995635 Data size: 50814502088 Basic stats: COMPLETE Column stats: NONE
                  Filter Operator
                    predicate: (ss_customer_sk is not null and ss_item_sk is not null and ss_sold_date_sk is not null and ss_store_sk is not null) (type: boolean)
                    Statistics: Num rows: 575995635 Data size: 50814502088 Basic stats: COMPLETE Column stats: NONE
                    Select Operator
                      expressions: ss_sold_date_sk (type: int), ss_item_sk (type: int), ss_customer_sk (type: int), ss_store_sk (type: int), ss_ext_sales_price (type: decimal(7,2))
                      outputColumnNames: _col0, _col1, _col2, _col3, _col4
                      Statistics: Num rows: 575995635 Data size: 50814502088 Basic stats: COMPLETE Column stats: NONE
                      Reduce Output Operator
                        key expressions: _col0 (type: int)
                        sort order: +
                        Map-reduce partition columns: _col0 (type: int)
                        Statistics: Num rows: 575995635 Data size: 50814502088 Basic stats: COMPLETE Column stats: NONE
                        value expressions: _col1 (type: int), _col2 (type: int), _col3 (type: int), _col4 (type: decimal(7,2))
        Map 10 
            Map Operator Tree:
                TableScan
                  alias: customer
                  Statistics: Num rows: 80000000 Data size: 68801615852 Basic stats: COMPLETE Column stats: NONE
                  Filter Operator
                    predicate: (c_current_addr_sk is not null and c_customer_sk is not null) (type: boolean)
                    Statistics: Num rows: 80000000 Data size: 68801615852 Basic stats: COMPLETE Column stats: NONE
                    Select Operator
                      expressions: c_customer_sk (type: int), c_current_addr_sk (type: int)
                      outputColumnNames: _col0, _col1
                      Statistics: Num rows: 80000000 Data size: 68801615852 Basic stats: COMPLETE Column stats: NONE
                      Reduce Output Operator
                        key expressions: _col0 (type: int)
                        sort order: +
                        Map-reduce partition columns: _col0 (type: int)
                        Statistics: Num rows: 80000000 Data size: 68801615852 Basic stats: COMPLETE Column stats: NONE
                        value expressions: _col1 (type: int)
        Map 11 
            Map Operator Tree:
                TableScan
                  alias: customer_address
                  Statistics: Num rows: 40000000 Data size: 40595195284 Basic stats: COMPLETE Column stats: NONE
                  Filter Operator
                    predicate: ca_address_sk is not null (type: boolean)
                    Statistics: Num rows: 40000000 Data size: 40595195284 Basic stats: COMPLETE Column stats: NONE
                    Select Operator
                      expressions: ca_address_sk (type: int), ca_zip (type: string)
                      outputColumnNames: _col0, _col1
                      Statistics: Num rows: 40000000 Data size: 40595195284 Basic stats: COMPLETE Column stats: NONE
                      Reduce Output Operator
                        key expressions: _col0 (type: int)
                        sort order: +
                        Map-reduce partition columns: _col0 (type: int)
                        Statistics: Num rows: 40000000 Data size: 40595195284 Basic stats: COMPLETE Column stats: NONE
                        value expressions: _col1 (type: string)
        Map 8 
            Map Operator Tree:
                TableScan
                  alias: date_dim
                  Statistics: Num rows: 73049 Data size: 81741831 Basic stats: COMPLETE Column stats: NONE
                  Filter Operator
                    predicate: ((d_moy = 11) and (d_year = 1999) and d_date_sk is not null) (type: boolean)
                    Statistics: Num rows: 18262 Data size: 20435178 Basic stats: COMPLETE Column stats: NONE
                    Select Operator
                      expressions: d_date_sk (type: int)
                      outputColumnNames: _col0
                      Statistics: Num rows: 18262 Data size: 20435178 Basic stats: COMPLETE Column stats: NONE
                      Reduce Output Operator
                        key expressions: _col0 (type: int)
                        sort order: +
                        Map-reduce partition columns: _col0 (type: int)
                        Statistics: Num rows: 18262 Data size: 20435178 Basic stats: COMPLETE Column stats: NONE
        Map 9 
            Map Operator Tree:
                TableScan
                  alias: item
                  Statistics: Num rows: 462000 Data size: 663560457 Basic stats: COMPLETE Column stats: NONE
                  Filter Operator
                    predicate: ((i_manager_id = 7) and i_item_sk is not null) (type: boolean)
                    Statistics: Num rows: 231000 Data size: 331780228 Basic stats: COMPLETE Column stats: NONE
                    Select Operator
                      expressions: i_item_sk (type: int), i_brand_id (type: int), i_brand (type: string), i_manufact_id (type: int), i_manufact (type: string)
                      outputColumnNames: _col0, _col1, _col2, _col3, _col4
                      Statistics: Num rows: 231000 Data size: 331780228 Basic stats: COMPLETE Column stats: NONE
                      Reduce Output Operator
                        key expressions: _col0 (type: int)
                        sort order: +
                        Map-reduce partition columns: _col0 (type: int)
                        Statistics: Num rows: 231000 Data size: 331780228 Basic stats: COMPLETE Column stats: NONE
                        value expressions: _col1 (type: int), _col2 (type: string), _col3 (type: int), _col4 (type: string)
        Reducer 2 
            Reduce Operator Tree:
              Join Operator
                condition map:
                     Inner Join 0 to 1
                keys:
                  0 _col0 (type: int)
                  1 _col0 (type: int)
                outputColumnNames: _col1, _col2, _col3, _col4
                Statistics: Num rows: 633595212 Data size: 55895953508 Basic stats: COMPLETE Column stats: NONE
                Reduce Output Operator
                  key expressions: _col1 (type: int)
                  sort order: +
                  Map-reduce partition columns: _col1 (type: int)
                  Statistics: Num rows: 633595212 Data size: 55895953508 Basic stats: COMPLETE Column stats: NONE
                  value expressions: _col2 (type: int), _col3 (type: int), _col4 (type: decimal(7,2))
        Reducer 3 
            Reduce Operator Tree:
              Join Operator
                condition map:
                     Inner Join 0 to 1
                keys:
                  0 _col1 (type: int)
                  1 _col0 (type: int)
                outputColumnNames: _col2, _col3, _col4, _col9, _col10, _col11, _col12
                Statistics: Num rows: 696954748 Data size: 61485550191 Basic stats: COMPLETE Column stats: NONE
                Reduce Output Operator
                  key expressions: _col2 (type: int)
                  sort order: +
                  Map-reduce partition columns: _col2 (type: int)
                  Statistics: Num rows: 696954748 Data size: 61485550191 Basic stats: COMPLETE Column stats: NONE
                  value expressions: _col3 (type: int), _col4 (type: decimal(7,2)), _col9 (type: int), _col10 (type: string), _col11 (type: int), _col12 (type: string)
        Reducer 4 
            Reduce Operator Tree:
              Join Operator
                condition map:
                     Inner Join 0 to 1
                keys:
                  0 _col2 (type: int)
                  1 _col0 (type: int)
                outputColumnNames: _col3, _col4, _col9, _col10, _col11, _col12, _col15
                Statistics: Num rows: 766650239 Data size: 67634106676 Basic stats: COMPLETE Column stats: NONE
                Reduce Output Operator
                  key expressions: _col15 (type: int)
                  sort order: +
                  Map-reduce partition columns: _col15 (type: int)
                  Statistics: Num rows: 766650239 Data size: 67634106676 Basic stats: COMPLETE Column stats: NONE
                  value expressions: _col3 (type: int), _col4 (type: decimal(7,2)), _col9 (type: int), _col10 (type: string), _col11 (type: int), _col12 (type: string)
        Reducer 5 
            Local Work:
              Map Reduce Local Work
            Reduce Operator Tree:
              Join Operator
                condition map:
                     Inner Join 0 to 1
                keys:
                  0 _col15 (type: int)
                  1 _col0 (type: int)
                outputColumnNames: _col3, _col4, _col9, _col10, _col11, _col12, _col17
                Statistics: Num rows: 843315281 Data size: 74397518956 Basic stats: COMPLETE Column stats: NONE
                Map Join Operator
                  condition map:
                       Inner Join 0 to 1
                  keys:
                    0 _col3 (type: int)
                    1 _col0 (type: int)
                  outputColumnNames: _col4, _col9, _col10, _col11, _col12, _col17, _col19
                  input vertices:
                    1 Map 12
                  Statistics: Num rows: 927646829 Data size: 81837272625 Basic stats: COMPLETE Column stats: NONE
                  Filter Operator
                    predicate: (substr(_col17, 1, 5) <> substr(_col19, 1, 5)) (type: boolean)
                    Statistics: Num rows: 927646829 Data size: 81837272625 Basic stats: COMPLETE Column stats: NONE
                    Select Operator
                      expressions: _col4 (type: decimal(7,2)), _col9 (type: int), _col10 (type: string), _col11 (type: int), _col12 (type: string)
                      outputColumnNames: _col4, _col9, _col10, _col11, _col12
                      Statistics: Num rows: 927646829 Data size: 81837272625 Basic stats: COMPLETE Column stats: NONE
                      Group By Operator
                        aggregations: sum(_col4)
                        keys: _col10 (type: string), _col9 (type: int), _col11 (type: int), _col12 (type: string)
                        mode: hash
                        outputColumnNames: _col0, _col1, _col2, _col3, _col4
                        Statistics: Num rows: 927646829 Data size: 81837272625 Basic stats: COMPLETE Column stats: NONE
                        Reduce Output Operator
                          key expressions: _col0 (type: string), _col1 (type: int), _col2 (type: int), _col3 (type: string)
                          sort order: ++++
                          Map-reduce partition columns: _col0 (type: string), _col1 (type: int), _col2 (type: int), _col3 (type: string)
                          Statistics: Num rows: 927646829 Data size: 81837272625 Basic stats: COMPLETE Column stats: NONE
                          value expressions: _col4 (type: decimal(17,2))
        Reducer 6 
            Reduce Operator Tree:
              Group By Operator
                aggregations: sum(VALUE._col0)
                keys: KEY._col0 (type: string), KEY._col1 (type: int), KEY._col2 (type: int), KEY._col3 (type: string)
                mode: mergepartial
                outputColumnNames: _col0, _col1, _col2, _col3, _col4
                Statistics: Num rows: 463823414 Data size: 40918636268 Basic stats: COMPLETE Column stats: NONE
                Select Operator
                  expressions: _col2 (type: int), _col3 (type: string), _col4 (type: decimal(17,2)), _col0 (type: string), _col1 (type: int)
                  outputColumnNames: _col2, _col3, _col4, _col5, _col6
                  Statistics: Num rows: 463823414 Data size: 40918636268 Basic stats: COMPLETE Column stats: NONE
                  Reduce Output Operator
                    key expressions: _col4 (type: decimal(17,2)), _col5 (type: string), _col6 (type: int), _col2 (type: int), _col3 (type: string)
                    sort order: -++++
                    Statistics: Num rows: 463823414 Data size: 40918636268 Basic stats: COMPLETE Column stats: NONE
                    TopN Hash Memory Usage: 0.1
        Reducer 7 
            Reduce Operator Tree:
              Select Operator
                expressions: KEY.reducesinkkey2 (type: int), KEY.reducesinkkey1 (type: string), KEY.reducesinkkey3 (type: int), KEY.reducesinkkey4 (type: string), KEY.reducesinkkey0 (type: decimal(17,2))
                outputColumnNames: _col0, _col1, _col2, _col3, _col4
                Statistics: Num rows: 463823414 Data size: 40918636268 Basic stats: COMPLETE Column stats: NONE
                Limit
                  Number of rows: 100
                  Statistics: Num rows: 100 Data size: 8800 Basic stats: COMPLETE Column stats: NONE
                  File Output Operator
                    compressed: false
                    Statistics: Num rows: 100 Data size: 8800 Basic stats: COMPLETE Column stats: NONE
                    table:
                        input format: org.apache.hadoop.mapred.SequenceFileInputFormat
                        output format: org.apache.hadoop.hive.ql.io.HiveSequenceFileOutputFormat
                        serde: org.apache.hadoop.hive.serde2.lazy.LazySimpleSerDe

  Stage: Stage-0
    Fetch Operator
      limit: -1
      Processor Tree:
        ListSink

