PREHOOK: query: explain
select  sum(cs_ext_discount_amt)  as `excess discount amount` 
from 
   catalog_sales 
   ,item 
   ,date_dim
where
i_manufact_id = 269
and i_item_sk = cs_item_sk 
and d_date between '1998-03-18' and 
        (cast('1998-03-18' as date) + 90 days)
and d_date_sk = cs_sold_date_sk 
and cs_ext_discount_amt  
     > ( 
         select 
            1.3 * avg(cs_ext_discount_amt) 
         from 
            catalog_sales 
           ,date_dim
         where 
              cs_item_sk = i_item_sk 
          and d_date between '1998-03-18' and
                             (cast('1998-03-18' as date) + 90 days)
          and d_date_sk = cs_sold_date_sk 
      ) 
limit 100
PREHOOK: type: QUERY
POSTHOOK: query: explain
select  sum(cs_ext_discount_amt)  as `excess discount amount` 
from 
   catalog_sales 
   ,item 
   ,date_dim
where
i_manufact_id = 269
and i_item_sk = cs_item_sk 
and d_date between '1998-03-18' and 
        (cast('1998-03-18' as date) + 90 days)
and d_date_sk = cs_sold_date_sk 
and cs_ext_discount_amt  
     > ( 
         select 
            1.3 * avg(cs_ext_discount_amt) 
         from 
            catalog_sales 
           ,date_dim
         where 
              cs_item_sk = i_item_sk 
          and d_date between '1998-03-18' and
                             (cast('1998-03-18' as date) + 90 days)
          and d_date_sk = cs_sold_date_sk 
      ) 
limit 100
POSTHOOK: type: QUERY
STAGE DEPENDENCIES:
  Stage-2 is a root stage
  Stage-3 depends on stages: Stage-2
  Stage-1 depends on stages: Stage-3
  Stage-0 depends on stages: Stage-1

STAGE PLANS:
  Stage: Stage-2
    Spark
#### A masked pattern was here ####
      Vertices:
        Map 4 
            Map Operator Tree:
                TableScan
                  alias: date_dim
                  Statistics: Num rows: 73049 Data size: 81741831 Basic stats: COMPLETE Column stats: NONE
                  Filter Operator
                    predicate: (CAST( d_date AS TIMESTAMP) BETWEEN TIMESTAMP'1998-03-18 00:00:00.0' AND TIMESTAMP'1998-06-16 01:00:00.0' and d_date_sk is not null) (type: boolean)
                    Statistics: Num rows: 8116 Data size: 9081804 Basic stats: COMPLETE Column stats: NONE
                    Select Operator
                      expressions: d_date_sk (type: int)
                      outputColumnNames: _col0
                      Statistics: Num rows: 8116 Data size: 9081804 Basic stats: COMPLETE Column stats: NONE
                      Spark HashTable Sink Operator
                        keys:
                          0 _col0 (type: int)
                          1 _col0 (type: int)
            Local Work:
              Map Reduce Local Work

  Stage: Stage-3
    Spark
#### A masked pattern was here ####
      Vertices:
        Map 8 
            Map Operator Tree:
                TableScan
                  alias: date_dim
                  Statistics: Num rows: 73049 Data size: 81741831 Basic stats: COMPLETE Column stats: NONE
                  Filter Operator
                    predicate: (CAST( d_date AS TIMESTAMP) BETWEEN TIMESTAMP'1998-03-18 00:00:00.0' AND TIMESTAMP'1998-06-16 01:00:00.0' and d_date_sk is not null) (type: boolean)
                    Statistics: Num rows: 8116 Data size: 9081804 Basic stats: COMPLETE Column stats: NONE
                    Select Operator
                      expressions: d_date_sk (type: int)
                      outputColumnNames: _col0
                      Statistics: Num rows: 8116 Data size: 9081804 Basic stats: COMPLETE Column stats: NONE
                      Spark HashTable Sink Operator
                        keys:
                          0 _col0 (type: int)
                          1 _col0 (type: int)
            Local Work:
              Map Reduce Local Work

  Stage: Stage-1
    Spark
      Edges:
        Reducer 2 <- Map 1 (PARTITION-LEVEL SORT, 520), Reducer 7 (PARTITION-LEVEL SORT, 520)
        Reducer 3 <- Reducer 2 (GROUP, 1)
        Reducer 6 <- Map 5 (GROUP, 336)
        Reducer 7 <- Map 9 (PARTITION-LEVEL SORT, 171), Reducer 6 (PARTITION-LEVEL SORT, 171)
#### A masked pattern was here ####
      Vertices:
        Map 1 
            Map Operator Tree:
                TableScan
                  alias: catalog_sales
                  Statistics: Num rows: 287989836 Data size: 38999608952 Basic stats: COMPLETE Column stats: NONE
                  Filter Operator
                    predicate: (cs_item_sk is not null and cs_sold_date_sk is not null) (type: boolean)
                    Statistics: Num rows: 287989836 Data size: 38999608952 Basic stats: COMPLETE Column stats: NONE
                    Select Operator
                      expressions: cs_sold_date_sk (type: int), cs_item_sk (type: int), cs_ext_discount_amt (type: decimal(7,2))
                      outputColumnNames: _col0, _col1, _col2
                      Statistics: Num rows: 287989836 Data size: 38999608952 Basic stats: COMPLETE Column stats: NONE
                      Map Join Operator
                        condition map:
                             Inner Join 0 to 1
                        keys:
                          0 _col0 (type: int)
                          1 _col0 (type: int)
                        outputColumnNames: _col1, _col2
                        input vertices:
                          1 Map 4
                        Statistics: Num rows: 316788826 Data size: 42899570777 Basic stats: COMPLETE Column stats: NONE
                        Reduce Output Operator
                          key expressions: _col1 (type: int)
                          sort order: +
                          Map-reduce partition columns: _col1 (type: int)
                          Statistics: Num rows: 316788826 Data size: 42899570777 Basic stats: COMPLETE Column stats: NONE
                          value expressions: _col2 (type: decimal(7,2))
            Local Work:
              Map Reduce Local Work
        Map 5 
            Map Operator Tree:
                TableScan
                  alias: catalog_sales
                  Statistics: Num rows: 287989836 Data size: 38999608952 Basic stats: COMPLETE Column stats: NONE
                  Filter Operator
                    predicate: (cs_item_sk is not null and cs_sold_date_sk is not null) (type: boolean)
                    Statistics: Num rows: 287989836 Data size: 38999608952 Basic stats: COMPLETE Column stats: NONE
                    Select Operator
                      expressions: cs_sold_date_sk (type: int), cs_item_sk (type: int), cs_ext_discount_amt (type: decimal(7,2))
                      outputColumnNames: _col0, _col1, _col2
                      Statistics: Num rows: 287989836 Data size: 38999608952 Basic stats: COMPLETE Column stats: NONE
                      Map Join Operator
                        condition map:
                             Inner Join 0 to 1
                        keys:
                          0 _col0 (type: int)
                          1 _col0 (type: int)
                        outputColumnNames: _col1, _col2
                        input vertices:
                          1 Map 8
                        Statistics: Num rows: 316788826 Data size: 42899570777 Basic stats: COMPLETE Column stats: NONE
                        Group By Operator
                          aggregations: avg(_col2)
                          keys: _col1 (type: int)
                          mode: hash
                          outputColumnNames: _col0, _col1
                          Statistics: Num rows: 316788826 Data size: 42899570777 Basic stats: COMPLETE Column stats: NONE
                          Reduce Output Operator
                            key expressions: _col0 (type: int)
                            sort order: +
                            Map-reduce partition columns: _col0 (type: int)
                            Statistics: Num rows: 316788826 Data size: 42899570777 Basic stats: COMPLETE Column stats: NONE
                            value expressions: _col1 (type: struct<count:bigint,sum:decimal(17,2),input:decimal(7,2)>)
            Local Work:
              Map Reduce Local Work
        Map 9 
            Map Operator Tree:
                TableScan
                  alias: item
                  Statistics: Num rows: 462000 Data size: 663560457 Basic stats: COMPLETE Column stats: NONE
                  Filter Operator
                    predicate: ((i_manufact_id = 269) and i_item_sk is not null) (type: boolean)
                    Statistics: Num rows: 231000 Data size: 331780228 Basic stats: COMPLETE Column stats: NONE
                    Select Operator
                      expressions: i_item_sk (type: int)
                      outputColumnNames: _col0
                      Statistics: Num rows: 231000 Data size: 331780228 Basic stats: COMPLETE Column stats: NONE
                      Reduce Output Operator
                        key expressions: _col0 (type: int)
                        sort order: +
                        Map-reduce partition columns: _col0 (type: int)
                        Statistics: Num rows: 231000 Data size: 331780228 Basic stats: COMPLETE Column stats: NONE
        Reducer 2 
            Reduce Operator Tree:
              Join Operator
                condition map:
                     Inner Join 0 to 1
                keys:
                  0 _col1 (type: int)
                  1 _col2 (type: int)
                outputColumnNames: _col2, _col5
                Statistics: Num rows: 348467716 Data size: 47189528877 Basic stats: COMPLETE Column stats: NONE
                Filter Operator
                  predicate: (_col2 > _col5) (type: boolean)
                  Statistics: Num rows: 116155905 Data size: 15729842913 Basic stats: COMPLETE Column stats: NONE
                  Select Operator
                    expressions: _col2 (type: decimal(7,2))
                    outputColumnNames: _col2
                    Statistics: Num rows: 116155905 Data size: 15729842913 Basic stats: COMPLETE Column stats: NONE
                    Group By Operator
                      aggregations: sum(_col2)
                      mode: hash
                      outputColumnNames: _col0
                      Statistics: Num rows: 1 Data size: 112 Basic stats: COMPLETE Column stats: NONE
                      Reduce Output Operator
                        sort order: 
                        Statistics: Num rows: 1 Data size: 112 Basic stats: COMPLETE Column stats: NONE
                        TopN Hash Memory Usage: 0.1
                        value expressions: _col0 (type: decimal(17,2))
        Reducer 3 
            Reduce Operator Tree:
              Group By Operator
                aggregations: sum(VALUE._col0)
                mode: mergepartial
                outputColumnNames: _col0
                Statistics: Num rows: 1 Data size: 112 Basic stats: COMPLETE Column stats: NONE
                Limit
                  Number of rows: 100
                  Statistics: Num rows: 1 Data size: 112 Basic stats: COMPLETE Column stats: NONE
                  File Output Operator
                    compressed: false
                    Statistics: Num rows: 1 Data size: 112 Basic stats: COMPLETE Column stats: NONE
                    table:
                        input format: org.apache.hadoop.mapred.SequenceFileInputFormat
                        output format: org.apache.hadoop.hive.ql.io.HiveSequenceFileOutputFormat
                        serde: org.apache.hadoop.hive.serde2.lazy.LazySimpleSerDe
        Reducer 6 
            Reduce Operator Tree:
              Group By Operator
                aggregations: avg(VALUE._col0)
                keys: KEY._col0 (type: int)
                mode: mergepartial
                outputColumnNames: _col0, _col1
                Statistics: Num rows: 158394413 Data size: 21449785388 Basic stats: COMPLETE Column stats: NONE
                Select Operator
                  expressions: (1.3 * _col1) (type: decimal(14,7)), _col0 (type: int)
                  outputColumnNames: _col0, _col1
                  Statistics: Num rows: 158394413 Data size: 21449785388 Basic stats: COMPLETE Column stats: NONE
                  Reduce Output Operator
                    key expressions: _col1 (type: int)
                    sort order: +
                    Map-reduce partition columns: _col1 (type: int)
                    Statistics: Num rows: 158394413 Data size: 21449785388 Basic stats: COMPLETE Column stats: NONE
                    value expressions: _col0 (type: decimal(14,7))
        Reducer 7 
            Reduce Operator Tree:
              Join Operator
                condition map:
                     Inner Join 0 to 1
                keys:
                  0 _col1 (type: int)
                  1 _col0 (type: int)
                outputColumnNames: _col0, _col2
                Statistics: Num rows: 174233858 Data size: 23594764438 Basic stats: COMPLETE Column stats: NONE
                Reduce Output Operator
                  key expressions: _col2 (type: int)
                  sort order: +
                  Map-reduce partition columns: _col2 (type: int)
                  Statistics: Num rows: 174233858 Data size: 23594764438 Basic stats: COMPLETE Column stats: NONE
                  value expressions: _col0 (type: decimal(14,7))

  Stage: Stage-0
    Fetch Operator
      limit: 100
      Processor Tree:
        ListSink

