PREHOOK: query: explain
select  
   count(distinct cs_order_number) as `order count`
  ,sum(cs_ext_ship_cost) as `total shipping cost`
  ,sum(cs_net_profit) as `total net profit`
from
   catalog_sales cs1
  ,date_dim
  ,customer_address
  ,call_center
where
    d_date between '2001-4-01' and 
           (cast('2001-4-01' as date) + 60 days)
and cs1.cs_ship_date_sk = d_date_sk
and cs1.cs_ship_addr_sk = ca_address_sk
and ca_state = 'NY'
and cs1.cs_call_center_sk = cc_call_center_sk
and cc_county in ('Ziebach County','Levy County','Huron County','Franklin Parish',
                  'Daviess County'
)
and exists (select *
            from catalog_sales cs2
            where cs1.cs_order_number = cs2.cs_order_number
              and cs1.cs_warehouse_sk <> cs2.cs_warehouse_sk)
and not exists(select *
               from catalog_returns cr1
               where cs1.cs_order_number = cr1.cr_order_number)
order by count(distinct cs_order_number)
limit 100
PREHOOK: type: QUERY
POSTHOOK: query: explain
select  
   count(distinct cs_order_number) as `order count`
  ,sum(cs_ext_ship_cost) as `total shipping cost`
  ,sum(cs_net_profit) as `total net profit`
from
   catalog_sales cs1
  ,date_dim
  ,customer_address
  ,call_center
where
    d_date between '2001-4-01' and 
           (cast('2001-4-01' as date) + 60 days)
and cs1.cs_ship_date_sk = d_date_sk
and cs1.cs_ship_addr_sk = ca_address_sk
and ca_state = 'NY'
and cs1.cs_call_center_sk = cc_call_center_sk
and cc_county in ('Ziebach County','Levy County','Huron County','Franklin Parish',
                  'Daviess County'
)
and exists (select *
            from catalog_sales cs2
            where cs1.cs_order_number = cs2.cs_order_number
              and cs1.cs_warehouse_sk <> cs2.cs_warehouse_sk)
and not exists(select *
               from catalog_returns cr1
               where cs1.cs_order_number = cr1.cr_order_number)
order by count(distinct cs_order_number)
limit 100
POSTHOOK: type: QUERY
STAGE DEPENDENCIES:
  Stage-2 is a root stage
  Stage-3 depends on stages: Stage-2
  Stage-1 depends on stages: Stage-3
  Stage-0 depends on stages: Stage-1

STAGE PLANS:
  Stage: Stage-2
    Spark
#### A masked pattern was here ####
      Vertices:
        Map 10 
            Map Operator Tree:
                TableScan
                  alias: call_center
                  Statistics: Num rows: 60 Data size: 122700 Basic stats: COMPLETE Column stats: NONE
                  Filter Operator
                    predicate: ((cc_county) IN ('Ziebach County', 'Levy County', 'Huron County', 'Franklin Parish', 'Daviess County') and cc_call_center_sk is not null) (type: boolean)
                    Statistics: Num rows: 30 Data size: 61350 Basic stats: COMPLETE Column stats: NONE
                    Select Operator
                      expressions: cc_call_center_sk (type: int)
                      outputColumnNames: _col0
                      Statistics: Num rows: 30 Data size: 61350 Basic stats: COMPLETE Column stats: NONE
                      Spark HashTable Sink Operator
                        keys:
                          0 _col2 (type: int)
                          1 _col0 (type: int)
            Local Work:
              Map Reduce Local Work

  Stage: Stage-3
    Spark
#### A masked pattern was here ####
      Vertices:
        Map 8 
            Map Operator Tree:
                TableScan
                  alias: date_dim
                  Statistics: Num rows: 73049 Data size: 81741831 Basic stats: COMPLETE Column stats: NONE
                  Filter Operator
                    predicate: (CAST( d_date AS TIMESTAMP) BETWEEN TIMESTAMP'2001-04-01 00:00:00.0' AND TIMESTAMP'2001-05-31 01:00:00.0' and d_date_sk is not null) (type: boolean)
                    Statistics: Num rows: 8116 Data size: 9081804 Basic stats: COMPLETE Column stats: NONE
                    Select Operator
                      expressions: d_date_sk (type: int)
                      outputColumnNames: _col0
                      Statistics: Num rows: 8116 Data size: 9081804 Basic stats: COMPLETE Column stats: NONE
                      Spark HashTable Sink Operator
                        keys:
                          0 _col0 (type: int)
                          1 _col0 (type: int)
            Local Work:
              Map Reduce Local Work

  Stage: Stage-1
    Spark
      Edges:
        Reducer 13 <- Map 12 (GROUP, 24)
        Reducer 2 <- Map 1 (PARTITION-LEVEL SORT, 494), Map 9 (PARTITION-LEVEL SORT, 494)
        Reducer 3 <- Map 11 (PARTITION-LEVEL SORT, 711), Reducer 2 (PARTITION-LEVEL SORT, 711)
        Reducer 4 <- Reducer 13 (PARTITION-LEVEL SORT, 459), Reducer 3 (PARTITION-LEVEL SORT, 459)
        Reducer 5 <- Reducer 4 (GROUP, 246)
        Reducer 6 <- Reducer 5 (GROUP, 1)
        Reducer 7 <- Reducer 6 (SORT, 1)
#### A masked pattern was here ####
      Vertices:
        Map 1 
            Map Operator Tree:
                TableScan
                  alias: cs1
                  Statistics: Num rows: 287989836 Data size: 38999608952 Basic stats: COMPLETE Column stats: NONE
                  Filter Operator
                    predicate: (cs_call_center_sk is not null and cs_order_number is not null and cs_ship_addr_sk is not null and cs_ship_date_sk is not null) (type: boolean)
                    Statistics: Num rows: 287989836 Data size: 38999608952 Basic stats: COMPLETE Column stats: NONE
                    Select Operator
                      expressions: cs_ship_date_sk (type: int), cs_ship_addr_sk (type: int), cs_call_center_sk (type: int), cs_warehouse_sk (type: int), cs_order_number (type: int), cs_ext_ship_cost (type: decimal(7,2)), cs_net_profit (type: decimal(7,2))
                      outputColumnNames: _col0, _col1, _col2, _col3, _col4, _col5, _col6
                      Statistics: Num rows: 287989836 Data size: 38999608952 Basic stats: COMPLETE Column stats: NONE
                      Map Join Operator
                        condition map:
                             Inner Join 0 to 1
                        keys:
                          0 _col0 (type: int)
                          1 _col0 (type: int)
                        outputColumnNames: _col1, _col2, _col3, _col4, _col5, _col6
                        input vertices:
                          1 Map 8
                        Statistics: Num rows: 316788826 Data size: 42899570777 Basic stats: COMPLETE Column stats: NONE
                        Reduce Output Operator
                          key expressions: _col1 (type: int)
                          sort order: +
                          Map-reduce partition columns: _col1 (type: int)
                          Statistics: Num rows: 316788826 Data size: 42899570777 Basic stats: COMPLETE Column stats: NONE
                          value expressions: _col2 (type: int), _col3 (type: int), _col4 (type: int), _col5 (type: decimal(7,2)), _col6 (type: decimal(7,2))
            Local Work:
              Map Reduce Local Work
        Map 11 
            Map Operator Tree:
                TableScan
                  alias: cs2
                  Statistics: Num rows: 287989836 Data size: 38999608952 Basic stats: COMPLETE Column stats: NONE
                  Filter Operator
                    predicate: (cs_order_number is not null and cs_warehouse_sk is not null) (type: boolean)
                    Statistics: Num rows: 287989836 Data size: 38999608952 Basic stats: COMPLETE Column stats: NONE
                    Select Operator
                      expressions: cs_order_number (type: int), cs_warehouse_sk (type: int)
                      outputColumnNames: _col0, _col1
                      Statistics: Num rows: 287989836 Data size: 38999608952 Basic stats: COMPLETE Column stats: NONE
                      Group By Operator
                        keys: _col0 (type: int), _col1 (type: int)
                        mode: hash
                        outputColumnNames: _col0, _col1
                        Statistics: Num rows: 287989836 Data size: 38999608952 Basic stats: COMPLETE Column stats: NONE
                        Reduce Output Operator
                          key expressions: _col0 (type: int)
                          sort order: +
                          Map-reduce partition columns: _col0 (type: int)
                          Statistics: Num rows: 287989836 Data size: 38999608952 Basic stats: COMPLETE Column stats: NONE
                          value expressions: _col1 (type: int)
        Map 12 
            Map Operator Tree:
                TableScan
                  alias: cr1
                  Statistics: Num rows: 28798881 Data size: 3057234680 Basic stats: COMPLETE Column stats: NONE
                  Filter Operator
                    predicate: cr_order_number is not null (type: boolean)
                    Statistics: Num rows: 28798881 Data size: 3057234680 Basic stats: COMPLETE Column stats: NONE
                    Group By Operator
                      keys: cr_order_number (type: int)
                      mode: hash
                      outputColumnNames: _col0
                      Statistics: Num rows: 28798881 Data size: 3057234680 Basic stats: COMPLETE Column stats: NONE
                      Reduce Output Operator
                        key expressions: _col0 (type: int)
                        sort order: +
                        Map-reduce partition columns: _col0 (type: int)
                        Statistics: Num rows: 28798881 Data size: 3057234680 Basic stats: COMPLETE Column stats: NONE
        Map 9 
            Map Operator Tree:
                TableScan
                  alias: customer_address
                  Statistics: Num rows: 40000000 Data size: 40595195284 Basic stats: COMPLETE Column stats: NONE
                  Filter Operator
                    predicate: ((ca_state = 'NY') and ca_address_sk is not null) (type: boolean)
                    Statistics: Num rows: 20000000 Data size: 20297597642 Basic stats: COMPLETE Column stats: NONE
                    Select Operator
                      expressions: ca_address_sk (type: int)
                      outputColumnNames: _col0
                      Statistics: Num rows: 20000000 Data size: 20297597642 Basic stats: COMPLETE Column stats: NONE
                      Reduce Output Operator
                        key expressions: _col0 (type: int)
                        sort order: +
                        Map-reduce partition columns: _col0 (type: int)
                        Statistics: Num rows: 20000000 Data size: 20297597642 Basic stats: COMPLETE Column stats: NONE
        Reducer 13 
            Reduce Operator Tree:
              Group By Operator
                keys: KEY._col0 (type: int)
                mode: mergepartial
                outputColumnNames: _col0
                Statistics: Num rows: 14399440 Data size: 1528617286 Basic stats: COMPLETE Column stats: NONE
                Select Operator
                  expressions: _col0 (type: int), true (type: boolean)
                  outputColumnNames: _col0, _col1
                  Statistics: Num rows: 14399440 Data size: 1528617286 Basic stats: COMPLETE Column stats: NONE
                  Reduce Output Operator
                    key expressions: _col0 (type: int)
                    sort order: +
                    Map-reduce partition columns: _col0 (type: int)
                    Statistics: Num rows: 14399440 Data size: 1528617286 Basic stats: COMPLETE Column stats: NONE
                    value expressions: _col1 (type: boolean)
        Reducer 2 
            Local Work:
              Map Reduce Local Work
            Reduce Operator Tree:
              Join Operator
                condition map:
                     Inner Join 0 to 1
                keys:
                  0 _col1 (type: int)
                  1 _col0 (type: int)
                outputColumnNames: _col2, _col3, _col4, _col5, _col6
                Statistics: Num rows: 348467716 Data size: 47189528877 Basic stats: COMPLETE Column stats: NONE
                Map Join Operator
                  condition map:
                       Inner Join 0 to 1
                  keys:
                    0 _col2 (type: int)
                    1 _col0 (type: int)
                  outputColumnNames: _col3, _col4, _col5, _col6
                  input vertices:
                    1 Map 10
                  Statistics: Num rows: 383314495 Data size: 51908482889 Basic stats: COMPLETE Column stats: NONE
                  Reduce Output Operator
                    key expressions: _col4 (type: int)
                    sort order: +
                    Map-reduce partition columns: _col4 (type: int)
                    Statistics: Num rows: 383314495 Data size: 51908482889 Basic stats: COMPLETE Column stats: NONE
                    value expressions: _col3 (type: int), _col5 (type: decimal(7,2)), _col6 (type: decimal(7,2))
        Reducer 3 
            Reduce Operator Tree:
              Join Operator
                condition map:
                     Left Semi Join 0 to 1
                keys:
                  0 _col4 (type: int)
                  1 _col0 (type: int)
                outputColumnNames: _col3, _col4, _col5, _col6, _col14
                residual filter predicates: {(_col3 <> _col14)}
                Statistics: Num rows: 421645953 Data size: 57099332415 Basic stats: COMPLETE Column stats: NONE
                Select Operator
                  expressions: _col4 (type: int), _col5 (type: decimal(7,2)), _col6 (type: decimal(7,2))
                  outputColumnNames: _col4, _col5, _col6
                  Statistics: Num rows: 421645953 Data size: 57099332415 Basic stats: COMPLETE Column stats: NONE
                  Reduce Output Operator
                    key expressions: _col4 (type: int)
                    sort order: +
                    Map-reduce partition columns: _col4 (type: int)
                    Statistics: Num rows: 421645953 Data size: 57099332415 Basic stats: COMPLETE Column stats: NONE
                    value expressions: _col5 (type: decimal(7,2)), _col6 (type: decimal(7,2))
        Reducer 4 
            Reduce Operator Tree:
              Join Operator
                condition map:
                     Left Outer Join 0 to 1
                keys:
                  0 _col4 (type: int)
                  1 _col0 (type: int)
                outputColumnNames: _col4, _col5, _col6, _col14
                Statistics: Num rows: 463810558 Data size: 62809267017 Basic stats: COMPLETE Column stats: NONE
                Filter Operator
                  predicate: _col14 is null (type: boolean)
                  Statistics: Num rows: 231905279 Data size: 31404633508 Basic stats: COMPLETE Column stats: NONE
                  Select Operator
                    expressions: _col4 (type: int), _col5 (type: decimal(7,2)), _col6 (type: decimal(7,2))
                    outputColumnNames: _col4, _col5, _col6
                    Statistics: Num rows: 231905279 Data size: 31404633508 Basic stats: COMPLETE Column stats: NONE
                    Group By Operator
                      aggregations: sum(_col5), sum(_col6)
                      keys: _col4 (type: int)
                      mode: hash
                      outputColumnNames: _col0, _col2, _col3
                      Statistics: Num rows: 231905279 Data size: 31404633508 Basic stats: COMPLETE Column stats: NONE
                      Reduce Output Operator
                        key expressions: _col0 (type: int)
                        sort order: +
                        Map-reduce partition columns: _col0 (type: int)
                        Statistics: Num rows: 231905279 Data size: 31404633508 Basic stats: COMPLETE Column stats: NONE
                        value expressions: _col2 (type: decimal(17,2)), _col3 (type: decimal(17,2))
        Reducer 5 
            Reduce Operator Tree:
              Group By Operator
                aggregations: sum(VALUE._col0), sum(VALUE._col1)
                keys: KEY._col0 (type: int)
                mode: partial2
                outputColumnNames: _col0, _col1, _col2
                Statistics: Num rows: 231905279 Data size: 31404633508 Basic stats: COMPLETE Column stats: NONE
                Group By Operator
                  aggregations: count(_col0), sum(_col1), sum(_col2)
                  mode: partial2
                  outputColumnNames: _col0, _col1, _col2
                  Statistics: Num rows: 1 Data size: 344 Basic stats: COMPLETE Column stats: NONE
                  Reduce Output Operator
                    sort order: 
                    Statistics: Num rows: 1 Data size: 344 Basic stats: COMPLETE Column stats: NONE
                    value expressions: _col0 (type: bigint), _col1 (type: decimal(17,2)), _col2 (type: decimal(17,2))
        Reducer 6 
            Reduce Operator Tree:
              Group By Operator
                aggregations: count(VALUE._col0), sum(VALUE._col1), sum(VALUE._col2)
                mode: mergepartial
                outputColumnNames: _col0, _col1, _col2
                Statistics: Num rows: 1 Data size: 344 Basic stats: COMPLETE Column stats: NONE
                Select Operator
                  expressions: _col1 (type: decimal(17,2)), _col2 (type: decimal(17,2)), _col0 (type: bigint)
                  outputColumnNames: _col1, _col2, _col3
                  Statistics: Num rows: 1 Data size: 344 Basic stats: COMPLETE Column stats: NONE
                  Reduce Output Operator
                    key expressions: _col3 (type: bigint)
                    sort order: +
                    Statistics: Num rows: 1 Data size: 344 Basic stats: COMPLETE Column stats: NONE
                    TopN Hash Memory Usage: 0.1
                    value expressions: _col1 (type: decimal(17,2)), _col2 (type: decimal(17,2))
        Reducer 7 
            Reduce Operator Tree:
              Select Operator
                expressions: KEY.reducesinkkey0 (type: bigint), VALUE._col0 (type: decimal(17,2)), VALUE._col1 (type: decimal(17,2))
                outputColumnNames: _col0, _col1, _col2
                Statistics: Num rows: 1 Data size: 344 Basic stats: COMPLETE Column stats: NONE
                Limit
                  Number of rows: 100
                  Statistics: Num rows: 1 Data size: 344 Basic stats: COMPLETE Column stats: NONE
                  File Output Operator
                    compressed: false
                    Statistics: Num rows: 1 Data size: 344 Basic stats: COMPLETE Column stats: NONE
                    table:
                        input format: org.apache.hadoop.mapred.SequenceFileInputFormat
                        output format: org.apache.hadoop.hive.ql.io.HiveSequenceFileOutputFormat
                        serde: org.apache.hadoop.hive.serde2.lazy.LazySimpleSerDe

  Stage: Stage-0
    Fetch Operator
      limit: -1
      Processor Tree:
        ListSink

