PREHOOK: query: explain
select  count(*) from (
    select distinct c_last_name, c_first_name, d_date
    from store_sales, date_dim, customer
          where store_sales.ss_sold_date_sk = date_dim.d_date_sk
      and store_sales.ss_customer_sk = customer.c_customer_sk
      and d_month_seq between 1212 and 1212 + 11
  intersect
    select distinct c_last_name, c_first_name, d_date
    from catalog_sales, date_dim, customer
          where catalog_sales.cs_sold_date_sk = date_dim.d_date_sk
      and catalog_sales.cs_bill_customer_sk = customer.c_customer_sk
      and d_month_seq between 1212 and 1212 + 11
  intersect
    select distinct c_last_name, c_first_name, d_date
    from web_sales, date_dim, customer
          where web_sales.ws_sold_date_sk = date_dim.d_date_sk
      and web_sales.ws_bill_customer_sk = customer.c_customer_sk
      and d_month_seq between 1212 and 1212 + 11
) hot_cust
limit 100
PREHOOK: type: QUERY
POSTHOOK: query: explain
select  count(*) from (
    select distinct c_last_name, c_first_name, d_date
    from store_sales, date_dim, customer
          where store_sales.ss_sold_date_sk = date_dim.d_date_sk
      and store_sales.ss_customer_sk = customer.c_customer_sk
      and d_month_seq between 1212 and 1212 + 11
  intersect
    select distinct c_last_name, c_first_name, d_date
    from catalog_sales, date_dim, customer
          where catalog_sales.cs_sold_date_sk = date_dim.d_date_sk
      and catalog_sales.cs_bill_customer_sk = customer.c_customer_sk
      and d_month_seq between 1212 and 1212 + 11
  intersect
    select distinct c_last_name, c_first_name, d_date
    from web_sales, date_dim, customer
          where web_sales.ws_sold_date_sk = date_dim.d_date_sk
      and web_sales.ws_bill_customer_sk = customer.c_customer_sk
      and d_month_seq between 1212 and 1212 + 11
) hot_cust
limit 100
POSTHOOK: type: QUERY
STAGE DEPENDENCIES:
  Stage-2 is a root stage
  Stage-3 depends on stages: Stage-2
  Stage-4 depends on stages: Stage-3
  Stage-1 depends on stages: Stage-4
  Stage-0 depends on stages: Stage-1

STAGE PLANS:
  Stage: Stage-2
    Spark
#### A masked pattern was here ####
      Vertices:
        Map 6 
            Map Operator Tree:
                TableScan
                  alias: date_dim
                  Statistics: Num rows: 73049 Data size: 81741831 Basic stats: COMPLETE Column stats: NONE
                  Filter Operator
                    predicate: (d_date_sk is not null and d_month_seq BETWEEN 1212 AND 1223) (type: boolean)
                    Statistics: Num rows: 8116 Data size: 9081804 Basic stats: COMPLETE Column stats: NONE
                    Select Operator
                      expressions: d_date_sk (type: int), d_date (type: string)
                      outputColumnNames: _col0, _col1
                      Statistics: Num rows: 8116 Data size: 9081804 Basic stats: COMPLETE Column stats: NONE
                      Spark HashTable Sink Operator
                        keys:
                          0 _col0 (type: int)
                          1 _col0 (type: int)
            Local Work:
              Map Reduce Local Work

  Stage: Stage-3
    Spark
#### A masked pattern was here ####
      Vertices:
        Map 11 
            Map Operator Tree:
                TableScan
                  alias: date_dim
                  Statistics: Num rows: 73049 Data size: 81741831 Basic stats: COMPLETE Column stats: NONE
                  Filter Operator
                    predicate: (d_date_sk is not null and d_month_seq BETWEEN 1212 AND 1223) (type: boolean)
                    Statistics: Num rows: 8116 Data size: 9081804 Basic stats: COMPLETE Column stats: NONE
                    Select Operator
                      expressions: d_date_sk (type: int), d_date (type: string)
                      outputColumnNames: _col0, _col1
                      Statistics: Num rows: 8116 Data size: 9081804 Basic stats: COMPLETE Column stats: NONE
                      Spark HashTable Sink Operator
                        keys:
                          0 _col0 (type: int)
                          1 _col0 (type: int)
            Local Work:
              Map Reduce Local Work

  Stage: Stage-4
    Spark
#### A masked pattern was here ####
      Vertices:
        Map 16 
            Map Operator Tree:
                TableScan
                  alias: date_dim
                  Statistics: Num rows: 73049 Data size: 81741831 Basic stats: COMPLETE Column stats: NONE
                  Filter Operator
                    predicate: (d_date_sk is not null and d_month_seq BETWEEN 1212 AND 1223) (type: boolean)
                    Statistics: Num rows: 8116 Data size: 9081804 Basic stats: COMPLETE Column stats: NONE
                    Select Operator
                      expressions: d_date_sk (type: int), d_date (type: string)
                      outputColumnNames: _col0, _col1
                      Statistics: Num rows: 8116 Data size: 9081804 Basic stats: COMPLETE Column stats: NONE
                      Spark HashTable Sink Operator
                        keys:
                          0 _col0 (type: int)
                          1 _col0 (type: int)
            Local Work:
              Map Reduce Local Work

  Stage: Stage-1
    Spark
      Edges:
        Reducer 10 <- Reducer 9 (GROUP PARTITION-LEVEL SORT, 369)
        Reducer 14 <- Map 13 (PARTITION-LEVEL SORT, 706), Map 17 (PARTITION-LEVEL SORT, 706)
        Reducer 15 <- Reducer 14 (GROUP PARTITION-LEVEL SORT, 186)
        Reducer 2 <- Map 1 (PARTITION-LEVEL SORT, 975), Map 12 (PARTITION-LEVEL SORT, 975)
        Reducer 3 <- Reducer 2 (GROUP PARTITION-LEVEL SORT, 481)
        Reducer 4 <- Reducer 10 (GROUP, 259), Reducer 15 (GROUP, 259), Reducer 3 (GROUP, 259)
        Reducer 5 <- Reducer 4 (GROUP, 1)
        Reducer 9 <- Map 12 (PARTITION-LEVEL SORT, 873), Map 8 (PARTITION-LEVEL SORT, 873)
#### A masked pattern was here ####
      Vertices:
        Map 1 
            Map Operator Tree:
                TableScan
                  alias: store_sales
                  Statistics: Num rows: 575995635 Data size: 50814502088 Basic stats: COMPLETE Column stats: NONE
                  Filter Operator
                    predicate: (ss_customer_sk is not null and ss_sold_date_sk is not null) (type: boolean)
                    Statistics: Num rows: 575995635 Data size: 50814502088 Basic stats: COMPLETE Column stats: NONE
                    Select Operator
                      expressions: ss_sold_date_sk (type: int), ss_customer_sk (type: int)
                      outputColumnNames: _col0, _col1
                      Statistics: Num rows: 575995635 Data size: 50814502088 Basic stats: COMPLETE Column stats: NONE
                      Map Join Operator
                        condition map:
                             Inner Join 0 to 1
                        keys:
                          0 _col0 (type: int)
                          1 _col0 (type: int)
                        outputColumnNames: _col1, _col3
                        input vertices:
                          1 Map 6
                        Statistics: Num rows: 633595212 Data size: 55895953508 Basic stats: COMPLETE Column stats: NONE
                        Reduce Output Operator
                          key expressions: _col1 (type: int)
                          sort order: +
                          Map-reduce partition columns: _col1 (type: int)
                          Statistics: Num rows: 633595212 Data size: 55895953508 Basic stats: COMPLETE Column stats: NONE
                          value expressions: _col3 (type: string)
            Local Work:
              Map Reduce Local Work
        Map 12 
            Map Operator Tree:
                TableScan
                  alias: customer
                  Statistics: Num rows: 80000000 Data size: 68801615852 Basic stats: COMPLETE Column stats: NONE
                  Filter Operator
                    predicate: c_customer_sk is not null (type: boolean)
                    Statistics: Num rows: 80000000 Data size: 68801615852 Basic stats: COMPLETE Column stats: NONE
                    Select Operator
                      expressions: c_customer_sk (type: int), c_first_name (type: string), c_last_name (type: string)
                      outputColumnNames: _col0, _col1, _col2
                      Statistics: Num rows: 80000000 Data size: 68801615852 Basic stats: COMPLETE Column stats: NONE
                      Reduce Output Operator
                        key expressions: _col0 (type: int)
                        sort order: +
                        Map-reduce partition columns: _col0 (type: int)
                        Statistics: Num rows: 80000000 Data size: 68801615852 Basic stats: COMPLETE Column stats: NONE
                        value expressions: _col1 (type: string), _col2 (type: string)
        Map 13 
            Map Operator Tree:
                TableScan
                  alias: web_sales
                  Statistics: Num rows: 144002668 Data size: 19580198212 Basic stats: COMPLETE Column stats: NONE
                  Filter Operator
                    predicate: (ws_bill_customer_sk is not null and ws_sold_date_sk is not null) (type: boolean)
                    Statistics: Num rows: 144002668 Data size: 19580198212 Basic stats: COMPLETE Column stats: NONE
                    Select Operator
                      expressions: ws_sold_date_sk (type: int), ws_bill_customer_sk (type: int)
                      outputColumnNames: _col0, _col1
                      Statistics: Num rows: 144002668 Data size: 19580198212 Basic stats: COMPLETE Column stats: NONE
                      Map Join Operator
                        condition map:
                             Inner Join 0 to 1
                        keys:
                          0 _col0 (type: int)
                          1 _col0 (type: int)
                        outputColumnNames: _col1, _col3
                        input vertices:
                          1 Map 16
                        Statistics: Num rows: 158402938 Data size: 21538218500 Basic stats: COMPLETE Column stats: NONE
                        Reduce Output Operator
                          key expressions: _col1 (type: int)
                          sort order: +
                          Map-reduce partition columns: _col1 (type: int)
                          Statistics: Num rows: 158402938 Data size: 21538218500 Basic stats: COMPLETE Column stats: NONE
                          value expressions: _col3 (type: string)
            Local Work:
              Map Reduce Local Work
        Map 17 
            Map Operator Tree:
                TableScan
                  alias: customer
                  Statistics: Num rows: 80000000 Data size: 68801615852 Basic stats: COMPLETE Column stats: NONE
                  Filter Operator
                    predicate: c_customer_sk is not null (type: boolean)
                    Statistics: Num rows: 80000000 Data size: 68801615852 Basic stats: COMPLETE Column stats: NONE
                    Select Operator
                      expressions: c_customer_sk (type: int), c_first_name (type: string), c_last_name (type: string)
                      outputColumnNames: _col0, _col1, _col2
                      Statistics: Num rows: 80000000 Data size: 68801615852 Basic stats: COMPLETE Column stats: NONE
                      Reduce Output Operator
                        key expressions: _col0 (type: int)
                        sort order: +
                        Map-reduce partition columns: _col0 (type: int)
                        Statistics: Num rows: 80000000 Data size: 68801615852 Basic stats: COMPLETE Column stats: NONE
                        value expressions: _col1 (type: string), _col2 (type: string)
        Map 8 
            Map Operator Tree:
                TableScan
                  alias: catalog_sales
                  Statistics: Num rows: 287989836 Data size: 38999608952 Basic stats: COMPLETE Column stats: NONE
                  Filter Operator
                    predicate: (cs_bill_customer_sk is not null and cs_sold_date_sk is not null) (type: boolean)
                    Statistics: Num rows: 287989836 Data size: 38999608952 Basic stats: COMPLETE Column stats: NONE
                    Select Operator
                      expressions: cs_sold_date_sk (type: int), cs_bill_customer_sk (type: int)
                      outputColumnNames: _col0, _col1
                      Statistics: Num rows: 287989836 Data size: 38999608952 Basic stats: COMPLETE Column stats: NONE
                      Map Join Operator
                        condition map:
                             Inner Join 0 to 1
                        keys:
                          0 _col0 (type: int)
                          1 _col0 (type: int)
                        outputColumnNames: _col1, _col3
                        input vertices:
                          1 Map 11
                        Statistics: Num rows: 316788826 Data size: 42899570777 Basic stats: COMPLETE Column stats: NONE
                        Reduce Output Operator
                          key expressions: _col1 (type: int)
                          sort order: +
                          Map-reduce partition columns: _col1 (type: int)
                          Statistics: Num rows: 316788826 Data size: 42899570777 Basic stats: COMPLETE Column stats: NONE
                          value expressions: _col3 (type: string)
            Local Work:
              Map Reduce Local Work
        Reducer 10 
            Reduce Operator Tree:
              Group By Operator
                keys: KEY._col0 (type: string), KEY._col1 (type: string), KEY._col2 (type: string)
                mode: mergepartial
                outputColumnNames: _col0, _col1, _col2
                Statistics: Num rows: 174233858 Data size: 23594764438 Basic stats: COMPLETE Column stats: NONE
                Select Operator
                  expressions: _col1 (type: string), _col0 (type: string), _col2 (type: string)
                  outputColumnNames: _col0, _col1, _col2
                  Statistics: Num rows: 174233858 Data size: 23594764438 Basic stats: COMPLETE Column stats: NONE
                  Group By Operator
                    aggregations: count()
                    keys: _col1 (type: string), _col0 (type: string), _col2 (type: string)
                    mode: complete
                    outputColumnNames: _col0, _col1, _col2, _col3
                    Statistics: Num rows: 87116929 Data size: 11797382219 Basic stats: COMPLETE Column stats: NONE
                    Group By Operator
                      aggregations: count(_col3)
                      keys: _col0 (type: string), _col1 (type: string), _col2 (type: string)
                      mode: hash
                      outputColumnNames: _col0, _col1, _col2, _col3
                      Statistics: Num rows: 304916424 Data size: 33091779879 Basic stats: COMPLETE Column stats: NONE
                      Reduce Output Operator
                        key expressions: _col0 (type: string), _col1 (type: string), _col2 (type: string)
                        sort order: +++
                        Map-reduce partition columns: _col0 (type: string), _col1 (type: string), _col2 (type: string)
                        Statistics: Num rows: 304916424 Data size: 33091779879 Basic stats: COMPLETE Column stats: NONE
                        value expressions: _col3 (type: bigint)
        Reducer 14 
            Reduce Operator Tree:
              Join Operator
                condition map:
                     Inner Join 0 to 1
                keys:
                  0 _col1 (type: int)
                  1 _col0 (type: int)
                outputColumnNames: _col3, _col6, _col7
                Statistics: Num rows: 174243235 Data size: 23692040863 Basic stats: COMPLETE Column stats: NONE
                Group By Operator
                  keys: _col7 (type: string), _col6 (type: string), _col3 (type: string)
                  mode: hash
                  outputColumnNames: _col0, _col1, _col2
                  Statistics: Num rows: 174243235 Data size: 23692040863 Basic stats: COMPLETE Column stats: NONE
                  Reduce Output Operator
                    key expressions: _col0 (type: string), _col1 (type: string), _col2 (type: string)
                    sort order: +++
                    Map-reduce partition columns: _col0 (type: string), _col1 (type: string), _col2 (type: string)
                    Statistics: Num rows: 174243235 Data size: 23692040863 Basic stats: COMPLETE Column stats: NONE
        Reducer 15 
            Reduce Operator Tree:
              Group By Operator
                keys: KEY._col0 (type: string), KEY._col1 (type: string), KEY._col2 (type: string)
                mode: mergepartial
                outputColumnNames: _col0, _col1, _col2
                Statistics: Num rows: 87121617 Data size: 11846020363 Basic stats: COMPLETE Column stats: NONE
                Select Operator
                  expressions: _col1 (type: string), _col0 (type: string), _col2 (type: string)
                  outputColumnNames: _col0, _col1, _col2
                  Statistics: Num rows: 87121617 Data size: 11846020363 Basic stats: COMPLETE Column stats: NONE
                  Group By Operator
                    aggregations: count()
                    keys: _col1 (type: string), _col0 (type: string), _col2 (type: string)
                    mode: complete
                    outputColumnNames: _col0, _col1, _col2, _col3
                    Statistics: Num rows: 43560808 Data size: 5923010113 Basic stats: COMPLETE Column stats: NONE
                    Group By Operator
                      aggregations: count(_col3)
                      keys: _col0 (type: string), _col1 (type: string), _col2 (type: string)
                      mode: hash
                      outputColumnNames: _col0, _col1, _col2, _col3
                      Statistics: Num rows: 304916424 Data size: 33091779879 Basic stats: COMPLETE Column stats: NONE
                      Reduce Output Operator
                        key expressions: _col0 (type: string), _col1 (type: string), _col2 (type: string)
                        sort order: +++
                        Map-reduce partition columns: _col0 (type: string), _col1 (type: string), _col2 (type: string)
                        Statistics: Num rows: 304916424 Data size: 33091779879 Basic stats: COMPLETE Column stats: NONE
                        value expressions: _col3 (type: bigint)
        Reducer 2 
            Reduce Operator Tree:
              Join Operator
                condition map:
                     Inner Join 0 to 1
                keys:
                  0 _col1 (type: int)
                  1 _col0 (type: int)
                outputColumnNames: _col3, _col6, _col7
                Statistics: Num rows: 696954748 Data size: 61485550191 Basic stats: COMPLETE Column stats: NONE
                Group By Operator
                  keys: _col7 (type: string), _col6 (type: string), _col3 (type: string)
                  mode: hash
                  outputColumnNames: _col0, _col1, _col2
                  Statistics: Num rows: 696954748 Data size: 61485550191 Basic stats: COMPLETE Column stats: NONE
                  Reduce Output Operator
                    key expressions: _col0 (type: string), _col1 (type: string), _col2 (type: string)
                    sort order: +++
                    Map-reduce partition columns: _col0 (type: string), _col1 (type: string), _col2 (type: string)
                    Statistics: Num rows: 696954748 Data size: 61485550191 Basic stats: COMPLETE Column stats: NONE
        Reducer 3 
            Reduce Operator Tree:
              Group By Operator
                keys: KEY._col0 (type: string), KEY._col1 (type: string), KEY._col2 (type: string)
                mode: mergepartial
                outputColumnNames: _col0, _col1, _col2
                Statistics: Num rows: 348477374 Data size: 30742775095 Basic stats: COMPLETE Column stats: NONE
                Select Operator
                  expressions: _col1 (type: string), _col0 (type: string), _col2 (type: string)
                  outputColumnNames: _col0, _col1, _col2
                  Statistics: Num rows: 348477374 Data size: 30742775095 Basic stats: COMPLETE Column stats: NONE
                  Group By Operator
                    aggregations: count()
                    keys: _col1 (type: string), _col0 (type: string), _col2 (type: string)
                    mode: complete
                    outputColumnNames: _col0, _col1, _col2, _col3
                    Statistics: Num rows: 174238687 Data size: 15371387547 Basic stats: COMPLETE Column stats: NONE
                    Group By Operator
                      aggregations: count(_col3)
                      keys: _col0 (type: string), _col1 (type: string), _col2 (type: string)
                      mode: hash
                      outputColumnNames: _col0, _col1, _col2, _col3
                      Statistics: Num rows: 304916424 Data size: 33091779879 Basic stats: COMPLETE Column stats: NONE
                      Reduce Output Operator
                        key expressions: _col0 (type: string), _col1 (type: string), _col2 (type: string)
                        sort order: +++
                        Map-reduce partition columns: _col0 (type: string), _col1 (type: string), _col2 (type: string)
                        Statistics: Num rows: 304916424 Data size: 33091779879 Basic stats: COMPLETE Column stats: NONE
                        value expressions: _col3 (type: bigint)
        Reducer 4 
            Reduce Operator Tree:
              Group By Operator
                aggregations: count(VALUE._col0)
                keys: KEY._col0 (type: string), KEY._col1 (type: string), KEY._col2 (type: string)
                mode: mergepartial
                outputColumnNames: _col0, _col1, _col2, _col3
                Statistics: Num rows: 152458212 Data size: 16545889939 Basic stats: COMPLETE Column stats: NONE
                Select Operator
                  expressions: _col3 (type: bigint)
                  outputColumnNames: _col3
                  Statistics: Num rows: 152458212 Data size: 16545889939 Basic stats: COMPLETE Column stats: NONE
                  Filter Operator
                    predicate: (_col3 = 3L) (type: boolean)
                    Statistics: Num rows: 1 Data size: 108 Basic stats: COMPLETE Column stats: NONE
                    Select Operator
                      Statistics: Num rows: 1 Data size: 108 Basic stats: COMPLETE Column stats: NONE
                      Group By Operator
                        aggregations: count()
                        mode: hash
                        outputColumnNames: _col0
                        Statistics: Num rows: 1 Data size: 16 Basic stats: COMPLETE Column stats: NONE
                        Reduce Output Operator
                          sort order: 
                          Statistics: Num rows: 1 Data size: 16 Basic stats: COMPLETE Column stats: NONE
                          TopN Hash Memory Usage: 0.1
                          value expressions: _col0 (type: bigint)
        Reducer 5 
            Reduce Operator Tree:
              Group By Operator
                aggregations: count(VALUE._col0)
                mode: mergepartial
                outputColumnNames: _col0
                Statistics: Num rows: 1 Data size: 16 Basic stats: COMPLETE Column stats: NONE
                Limit
                  Number of rows: 100
                  Statistics: Num rows: 1 Data size: 16 Basic stats: COMPLETE Column stats: NONE
                  File Output Operator
                    compressed: false
                    Statistics: Num rows: 1 Data size: 16 Basic stats: COMPLETE Column stats: NONE
                    table:
                        input format: org.apache.hadoop.mapred.SequenceFileInputFormat
                        output format: org.apache.hadoop.hive.ql.io.HiveSequenceFileOutputFormat
                        serde: org.apache.hadoop.hive.serde2.lazy.LazySimpleSerDe
        Reducer 9 
            Reduce Operator Tree:
              Join Operator
                condition map:
                     Inner Join 0 to 1
                keys:
                  0 _col1 (type: int)
                  1 _col0 (type: int)
                outputColumnNames: _col3, _col6, _col7
                Statistics: Num rows: 348467716 Data size: 47189528877 Basic stats: COMPLETE Column stats: NONE
                Group By Operator
                  keys: _col7 (type: string), _col6 (type: string), _col3 (type: string)
                  mode: hash
                  outputColumnNames: _col0, _col1, _col2
                  Statistics: Num rows: 348467716 Data size: 47189528877 Basic stats: COMPLETE Column stats: NONE
                  Reduce Output Operator
                    key expressions: _col0 (type: string), _col1 (type: string), _col2 (type: string)
                    sort order: +++
                    Map-reduce partition columns: _col0 (type: string), _col1 (type: string), _col2 (type: string)
                    Statistics: Num rows: 348467716 Data size: 47189528877 Basic stats: COMPLETE Column stats: NONE

  Stage: Stage-0
    Fetch Operator
      limit: 100
      Processor Tree:
        ListSink

