PREHOOK: query: explain
WITH web_v1 as (
select
  ws_item_sk item_sk, d_date,
  sum(sum(ws_sales_price))
      over (partition by ws_item_sk order by d_date rows between unbounded preceding and current row) cume_sales
from web_sales
    ,date_dim
where ws_sold_date_sk=d_date_sk
  and d_month_seq between 1212 and 1212+11
  and ws_item_sk is not NULL
group by ws_item_sk, d_date),
store_v1 as (
select
  ss_item_sk item_sk, d_date,
  sum(sum(ss_sales_price))
      over (partition by ss_item_sk order by d_date rows between unbounded preceding and current row) cume_sales
from store_sales
    ,date_dim
where ss_sold_date_sk=d_date_sk
  and d_month_seq between 1212 and 1212+11
  and ss_item_sk is not NULL
group by ss_item_sk, d_date)
 select  *
from (select item_sk
     ,d_date
     ,web_sales
     ,store_sales
     ,max(web_sales)
         over (partition by item_sk order by d_date rows between unbounded preceding and current row) web_cumulative
     ,max(store_sales)
         over (partition by item_sk order by d_date rows between unbounded preceding and current row) store_cumulative
     from (select case when web.item_sk is not null then web.item_sk else store.item_sk end item_sk
                 ,case when web.d_date is not null then web.d_date else store.d_date end d_date
                 ,web.cume_sales web_sales
                 ,store.cume_sales store_sales
           from web_v1 web full outer join store_v1 store on (web.item_sk = store.item_sk
                                                          and web.d_date = store.d_date)
          )x )y
where web_cumulative > store_cumulative
order by item_sk
        ,d_date
limit 100
PREHOOK: type: QUERY
POSTHOOK: query: explain
WITH web_v1 as (
select
  ws_item_sk item_sk, d_date,
  sum(sum(ws_sales_price))
      over (partition by ws_item_sk order by d_date rows between unbounded preceding and current row) cume_sales
from web_sales
    ,date_dim
where ws_sold_date_sk=d_date_sk
  and d_month_seq between 1212 and 1212+11
  and ws_item_sk is not NULL
group by ws_item_sk, d_date),
store_v1 as (
select
  ss_item_sk item_sk, d_date,
  sum(sum(ss_sales_price))
      over (partition by ss_item_sk order by d_date rows between unbounded preceding and current row) cume_sales
from store_sales
    ,date_dim
where ss_sold_date_sk=d_date_sk
  and d_month_seq between 1212 and 1212+11
  and ss_item_sk is not NULL
group by ss_item_sk, d_date)
 select  *
from (select item_sk
     ,d_date
     ,web_sales
     ,store_sales
     ,max(web_sales)
         over (partition by item_sk order by d_date rows between unbounded preceding and current row) web_cumulative
     ,max(store_sales)
         over (partition by item_sk order by d_date rows between unbounded preceding and current row) store_cumulative
     from (select case when web.item_sk is not null then web.item_sk else store.item_sk end item_sk
                 ,case when web.d_date is not null then web.d_date else store.d_date end d_date
                 ,web.cume_sales web_sales
                 ,store.cume_sales store_sales
           from web_v1 web full outer join store_v1 store on (web.item_sk = store.item_sk
                                                          and web.d_date = store.d_date)
          )x )y
where web_cumulative > store_cumulative
order by item_sk
        ,d_date
limit 100
POSTHOOK: type: QUERY
STAGE DEPENDENCIES:
  Stage-2 is a root stage
  Stage-3 depends on stages: Stage-2
  Stage-1 depends on stages: Stage-3
  Stage-0 depends on stages: Stage-1

STAGE PLANS:
  Stage: Stage-2
    Spark
#### A masked pattern was here ####
      Vertices:
        Map 6 
            Map Operator Tree:
                TableScan
                  alias: date_dim
                  Statistics: Num rows: 73049 Data size: 81741831 Basic stats: COMPLETE Column stats: NONE
                  Filter Operator
                    predicate: (d_date_sk is not null and d_month_seq BETWEEN 1212 AND 1223) (type: boolean)
                    Statistics: Num rows: 8116 Data size: 9081804 Basic stats: COMPLETE Column stats: NONE
                    Select Operator
                      expressions: d_date_sk (type: int), d_date (type: string)
                      outputColumnNames: _col0, _col1
                      Statistics: Num rows: 8116 Data size: 9081804 Basic stats: COMPLETE Column stats: NONE
                      Spark HashTable Sink Operator
                        keys:
                          0 _col0 (type: int)
                          1 _col0 (type: int)
            Execution mode: vectorized
            Local Work:
              Map Reduce Local Work

  Stage: Stage-3
    Spark
#### A masked pattern was here ####
      Vertices:
        Map 9 
            Map Operator Tree:
                TableScan
                  alias: date_dim
                  Statistics: Num rows: 73049 Data size: 81741831 Basic stats: COMPLETE Column stats: NONE
                  Filter Operator
                    predicate: (d_date_sk is not null and d_month_seq BETWEEN 1212 AND 1223) (type: boolean)
                    Statistics: Num rows: 8116 Data size: 9081804 Basic stats: COMPLETE Column stats: NONE
                    Select Operator
                      expressions: d_date_sk (type: int), d_date (type: string)
                      outputColumnNames: _col0, _col1
                      Statistics: Num rows: 8116 Data size: 9081804 Basic stats: COMPLETE Column stats: NONE
                      Spark HashTable Sink Operator
                        keys:
                          0 _col0 (type: int)
                          1 _col0 (type: int)
            Execution mode: vectorized
            Local Work:
              Map Reduce Local Work

  Stage: Stage-1
    Spark
      Edges:
        Reducer 2 <- Map 1 (GROUP PARTITION-LEVEL SORT, 437)
        Reducer 3 <- Reducer 2 (PARTITION-LEVEL SORT, 303), Reducer 8 (PARTITION-LEVEL SORT, 303)
        Reducer 4 <- Reducer 3 (PARTITION-LEVEL SORT, 241)
        Reducer 5 <- Reducer 4 (SORT, 1)
        Reducer 8 <- Map 7 (GROUP PARTITION-LEVEL SORT, 169)
#### A masked pattern was here ####
      Vertices:
        Map 1 
            Map Operator Tree:
                TableScan
                  alias: store_sales
                  Statistics: Num rows: 575995635 Data size: 50814502088 Basic stats: COMPLETE Column stats: NONE
                  Filter Operator
                    predicate: (ss_item_sk is not null and ss_sold_date_sk is not null) (type: boolean)
                    Statistics: Num rows: 575995635 Data size: 50814502088 Basic stats: COMPLETE Column stats: NONE
                    Select Operator
                      expressions: ss_sold_date_sk (type: int), ss_item_sk (type: int), ss_sales_price (type: decimal(7,2))
                      outputColumnNames: _col0, _col1, _col2
                      Statistics: Num rows: 575995635 Data size: 50814502088 Basic stats: COMPLETE Column stats: NONE
                      Map Join Operator
                        condition map:
                             Inner Join 0 to 1
                        keys:
                          0 _col0 (type: int)
                          1 _col0 (type: int)
                        outputColumnNames: _col1, _col2, _col4
                        input vertices:
                          1 Map 6
                        Statistics: Num rows: 633595212 Data size: 55895953508 Basic stats: COMPLETE Column stats: NONE
                        Group By Operator
                          aggregations: sum(_col2)
                          keys: _col1 (type: int), _col4 (type: string)
                          mode: hash
                          outputColumnNames: _col0, _col1, _col2
                          Statistics: Num rows: 633595212 Data size: 55895953508 Basic stats: COMPLETE Column stats: NONE
                          Reduce Output Operator
                            key expressions: _col0 (type: int), _col1 (type: string)
                            sort order: ++
                            Map-reduce partition columns: _col0 (type: int)
                            Statistics: Num rows: 633595212 Data size: 55895953508 Basic stats: COMPLETE Column stats: NONE
                            value expressions: _col2 (type: decimal(17,2))
            Execution mode: vectorized
            Local Work:
              Map Reduce Local Work
        Map 7 
            Map Operator Tree:
                TableScan
                  alias: web_sales
                  Statistics: Num rows: 144002668 Data size: 19580198212 Basic stats: COMPLETE Column stats: NONE
                  Filter Operator
                    predicate: (ws_item_sk is not null and ws_sold_date_sk is not null) (type: boolean)
                    Statistics: Num rows: 144002668 Data size: 19580198212 Basic stats: COMPLETE Column stats: NONE
                    Select Operator
                      expressions: ws_sold_date_sk (type: int), ws_item_sk (type: int), ws_sales_price (type: decimal(7,2))
                      outputColumnNames: _col0, _col1, _col2
                      Statistics: Num rows: 144002668 Data size: 19580198212 Basic stats: COMPLETE Column stats: NONE
                      Map Join Operator
                        condition map:
                             Inner Join 0 to 1
                        keys:
                          0 _col0 (type: int)
                          1 _col0 (type: int)
                        outputColumnNames: _col1, _col2, _col4
                        input vertices:
                          1 Map 9
                        Statistics: Num rows: 158402938 Data size: 21538218500 Basic stats: COMPLETE Column stats: NONE
                        Group By Operator
                          aggregations: sum(_col2)
                          keys: _col1 (type: int), _col4 (type: string)
                          mode: hash
                          outputColumnNames: _col0, _col1, _col2
                          Statistics: Num rows: 158402938 Data size: 21538218500 Basic stats: COMPLETE Column stats: NONE
                          Reduce Output Operator
                            key expressions: _col0 (type: int), _col1 (type: string)
                            sort order: ++
                            Map-reduce partition columns: _col0 (type: int)
                            Statistics: Num rows: 158402938 Data size: 21538218500 Basic stats: COMPLETE Column stats: NONE
                            value expressions: _col2 (type: decimal(17,2))
            Execution mode: vectorized
            Local Work:
              Map Reduce Local Work
        Reducer 2 
            Reduce Operator Tree:
              Group By Operator
                aggregations: sum(VALUE._col0)
                keys: KEY._col0 (type: int), KEY._col1 (type: string)
                mode: mergepartial
                outputColumnNames: _col0, _col1, _col2
                Statistics: Num rows: 316797606 Data size: 27947976754 Basic stats: COMPLETE Column stats: NONE
                PTF Operator
                  Function definitions:
                      Input definition
                        input alias: ptf_0
                        output shape: _col0: int, _col1: string, _col2: decimal(17,2)
                        type: WINDOWING
                      Windowing table definition
                        input alias: ptf_1
                        name: windowingtablefunction
                        order by: _col1 ASC NULLS FIRST
                        partition by: _col0
                        raw input shape:
                        window functions:
                            window function definition
                              alias: sum_window_0
                              arguments: _col2
                              name: sum
                              window function: GenericUDAFSumHiveDecimal
                              window frame: ROWS PRECEDING(MAX)~CURRENT
                  Statistics: Num rows: 316797606 Data size: 27947976754 Basic stats: COMPLETE Column stats: NONE
                  Select Operator
                    expressions: _col0 (type: int), _col1 (type: string), sum_window_0 (type: decimal(27,2))
                    outputColumnNames: _col0, _col1, _col2
                    Statistics: Num rows: 316797606 Data size: 27947976754 Basic stats: COMPLETE Column stats: NONE
                    Reduce Output Operator
                      key expressions: _col0 (type: int), _col1 (type: string)
                      sort order: ++
                      Map-reduce partition columns: _col0 (type: int), _col1 (type: string)
                      Statistics: Num rows: 316797606 Data size: 27947976754 Basic stats: COMPLETE Column stats: NONE
                      value expressions: _col2 (type: decimal(27,2))
        Reducer 3 
            Reduce Operator Tree:
              Join Operator
                condition map:
                     Outer Join 0 to 1
                keys:
                  0 _col0 (type: int), _col1 (type: string)
                  1 _col0 (type: int), _col1 (type: string)
                outputColumnNames: _col0, _col1, _col2, _col3, _col4, _col5
                Statistics: Num rows: 348477374 Data size: 30742775095 Basic stats: COMPLETE Column stats: NONE
                Reduce Output Operator
                  key expressions: CASE WHEN (_col3 is not null) THEN (_col3) ELSE (_col0) END (type: int), CASE WHEN (_col4 is not null) THEN (_col4) ELSE (_col1) END (type: string)
                  sort order: ++
                  Map-reduce partition columns: CASE WHEN (_col3 is not null) THEN (_col3) ELSE (_col0) END (type: int)
                  Statistics: Num rows: 348477374 Data size: 30742775095 Basic stats: COMPLETE Column stats: NONE
                  value expressions: _col0 (type: int), _col1 (type: string), _col2 (type: decimal(27,2)), _col3 (type: int), _col4 (type: string), _col5 (type: decimal(27,2))
        Reducer 4 
            Reduce Operator Tree:
              Select Operator
                expressions: VALUE._col0 (type: int), VALUE._col1 (type: string), VALUE._col2 (type: decimal(27,2)), VALUE._col3 (type: int), VALUE._col4 (type: string), VALUE._col5 (type: decimal(27,2))
                outputColumnNames: _col0, _col1, _col2, _col3, _col4, _col5
                Statistics: Num rows: 348477374 Data size: 30742775095 Basic stats: COMPLETE Column stats: NONE
                PTF Operator
                  Function definitions:
                      Input definition
                        input alias: ptf_0
                        output shape: _col0: int, _col1: string, _col2: decimal(27,2), _col3: int, _col4: string, _col5: decimal(27,2)
                        type: WINDOWING
                      Windowing table definition
                        input alias: ptf_1
                        name: windowingtablefunction
                        order by: CASE WHEN (_col4 is not null) THEN (_col4) ELSE (_col1) END ASC NULLS FIRST
                        partition by: CASE WHEN (_col3 is not null) THEN (_col3) ELSE (_col0) END
                        raw input shape:
                        window functions:
                            window function definition
                              alias: max_window_0
                              arguments: _col5
                              name: max
                              window function: GenericUDAFMaxEvaluator
                              window frame: ROWS PRECEDING(MAX)~CURRENT
                            window function definition
                              alias: max_window_1
                              arguments: _col2
                              name: max
                              window function: GenericUDAFMaxEvaluator
                              window frame: ROWS PRECEDING(MAX)~CURRENT
                  Statistics: Num rows: 348477374 Data size: 30742775095 Basic stats: COMPLETE Column stats: NONE
                  Filter Operator
                    predicate: (max_window_0 > max_window_1) (type: boolean)
                    Statistics: Num rows: 116159124 Data size: 10247591639 Basic stats: COMPLETE Column stats: NONE
                    Select Operator
                      expressions: CASE WHEN (_col3 is not null) THEN (_col3) ELSE (_col0) END (type: int), CASE WHEN (_col4 is not null) THEN (_col4) ELSE (_col1) END (type: string), _col5 (type: decimal(27,2)), _col2 (type: decimal(27,2)), max_window_0 (type: decimal(27,2)), max_window_1 (type: decimal(27,2))
                      outputColumnNames: _col0, _col1, _col2, _col3, _col4, _col5
                      Statistics: Num rows: 116159124 Data size: 10247591639 Basic stats: COMPLETE Column stats: NONE
                      Reduce Output Operator
                        key expressions: _col0 (type: int), _col1 (type: string)
                        sort order: ++
                        Statistics: Num rows: 116159124 Data size: 10247591639 Basic stats: COMPLETE Column stats: NONE
                        TopN Hash Memory Usage: 0.1
                        value expressions: _col2 (type: decimal(27,2)), _col3 (type: decimal(27,2)), _col4 (type: decimal(27,2)), _col5 (type: decimal(27,2))
        Reducer 5 
            Execution mode: vectorized
            Reduce Operator Tree:
              Select Operator
                expressions: KEY.reducesinkkey0 (type: int), KEY.reducesinkkey1 (type: string), VALUE._col0 (type: decimal(27,2)), VALUE._col1 (type: decimal(27,2)), VALUE._col2 (type: decimal(27,2)), VALUE._col3 (type: decimal(27,2))
                outputColumnNames: _col0, _col1, _col2, _col3, _col4, _col5
                Statistics: Num rows: 116159124 Data size: 10247591639 Basic stats: COMPLETE Column stats: NONE
                Limit
                  Number of rows: 100
                  Statistics: Num rows: 100 Data size: 8800 Basic stats: COMPLETE Column stats: NONE
                  File Output Operator
                    compressed: false
                    Statistics: Num rows: 100 Data size: 8800 Basic stats: COMPLETE Column stats: NONE
                    table:
                        input format: org.apache.hadoop.mapred.SequenceFileInputFormat
                        output format: org.apache.hadoop.hive.ql.io.HiveSequenceFileOutputFormat
                        serde: org.apache.hadoop.hive.serde2.lazy.LazySimpleSerDe
        Reducer 8 
            Reduce Operator Tree:
              Group By Operator
                aggregations: sum(VALUE._col0)
                keys: KEY._col0 (type: int), KEY._col1 (type: string)
                mode: mergepartial
                outputColumnNames: _col0, _col1, _col2
                Statistics: Num rows: 79201469 Data size: 10769109250 Basic stats: COMPLETE Column stats: NONE
                PTF Operator
                  Function definitions:
                      Input definition
                        input alias: ptf_0
                        output shape: _col0: int, _col1: string, _col2: decimal(17,2)
                        type: WINDOWING
                      Windowing table definition
                        input alias: ptf_1
                        name: windowingtablefunction
                        order by: _col1 ASC NULLS FIRST
                        partition by: _col0
                        raw input shape:
                        window functions:
                            window function definition
                              alias: sum_window_0
                              arguments: _col2
                              name: sum
                              window function: GenericUDAFSumHiveDecimal
                              window frame: ROWS PRECEDING(MAX)~CURRENT
                  Statistics: Num rows: 79201469 Data size: 10769109250 Basic stats: COMPLETE Column stats: NONE
                  Select Operator
                    expressions: _col0 (type: int), _col1 (type: string), sum_window_0 (type: decimal(27,2))
                    outputColumnNames: _col0, _col1, _col2
                    Statistics: Num rows: 79201469 Data size: 10769109250 Basic stats: COMPLETE Column stats: NONE
                    Reduce Output Operator
                      key expressions: _col0 (type: int), _col1 (type: string)
                      sort order: ++
                      Map-reduce partition columns: _col0 (type: int), _col1 (type: string)
                      Statistics: Num rows: 79201469 Data size: 10769109250 Basic stats: COMPLETE Column stats: NONE
                      value expressions: _col2 (type: decimal(27,2))

  Stage: Stage-0
    Fetch Operator
      limit: 100
      Processor Tree:
        ListSink

