PREHOOK: query: explain
select c_last_name
       ,c_first_name
       ,c_salutation
       ,c_preferred_cust_flag 
       ,ss_ticket_number
       ,cnt from
   (select ss_ticket_number
          ,ss_customer_sk
          ,count(*) cnt
    from store_sales,date_dim,store,household_demographics
    where store_sales.ss_sold_date_sk = date_dim.d_date_sk
    and store_sales.ss_store_sk = store.s_store_sk  
    and store_sales.ss_hdemo_sk = household_demographics.hd_demo_sk
    and date_dim.d_dom between 1 and 2 
    and (household_demographics.hd_buy_potential = '>10000' or
         household_demographics.hd_buy_potential = 'unknown')
    and household_demographics.hd_vehicle_count > 0
    and case when household_demographics.hd_vehicle_count > 0 then 
             household_demographics.hd_dep_count/ household_demographics.hd_vehicle_count else null end > 1
    and date_dim.d_year in (2000,2000+1,2000+2)
    and store.s_county in ('Mobile County','Maverick County','Huron County','Kittitas County')
    group by ss_ticket_number,ss_customer_sk) dj,customer
    where ss_customer_sk = c_customer_sk
      and cnt between 1 and 5
    order by cnt desc
PREHOOK: type: QUERY
POSTHOOK: query: explain
select c_last_name
       ,c_first_name
       ,c_salutation
       ,c_preferred_cust_flag 
       ,ss_ticket_number
       ,cnt from
   (select ss_ticket_number
          ,ss_customer_sk
          ,count(*) cnt
    from store_sales,date_dim,store,household_demographics
    where store_sales.ss_sold_date_sk = date_dim.d_date_sk
    and store_sales.ss_store_sk = store.s_store_sk  
    and store_sales.ss_hdemo_sk = household_demographics.hd_demo_sk
    and date_dim.d_dom between 1 and 2 
    and (household_demographics.hd_buy_potential = '>10000' or
         household_demographics.hd_buy_potential = 'unknown')
    and household_demographics.hd_vehicle_count > 0
    and case when household_demographics.hd_vehicle_count > 0 then 
             household_demographics.hd_dep_count/ household_demographics.hd_vehicle_count else null end > 1
    and date_dim.d_year in (2000,2000+1,2000+2)
    and store.s_county in ('Mobile County','Maverick County','Huron County','Kittitas County')
    group by ss_ticket_number,ss_customer_sk) dj,customer
    where ss_customer_sk = c_customer_sk
      and cnt between 1 and 5
    order by cnt desc
POSTHOOK: type: QUERY
STAGE DEPENDENCIES:
  Stage-2 is a root stage
  Stage-1 depends on stages: Stage-2
  Stage-0 depends on stages: Stage-1

STAGE PLANS:
  Stage: Stage-2
    Spark
#### A masked pattern was here ####
      Vertices:
        Map 6 
            Map Operator Tree:
                TableScan
                  alias: date_dim
                  Statistics: Num rows: 73049 Data size: 81741831 Basic stats: COMPLETE Column stats: NONE
                  Filter Operator
                    predicate: ((d_year) IN (2000, 2001, 2002) and d_date_sk is not null and d_dom BETWEEN 1 AND 2) (type: boolean)
                    Statistics: Num rows: 4058 Data size: 4540902 Basic stats: COMPLETE Column stats: NONE
                    Select Operator
                      expressions: d_date_sk (type: int)
                      outputColumnNames: _col0
                      Statistics: Num rows: 4058 Data size: 4540902 Basic stats: COMPLETE Column stats: NONE
                      Spark HashTable Sink Operator
                        keys:
                          0 _col0 (type: int)
                          1 _col0 (type: int)
            Execution mode: vectorized
            Local Work:
              Map Reduce Local Work
        Map 7 
            Map Operator Tree:
                TableScan
                  alias: household_demographics
                  Statistics: Num rows: 7200 Data size: 770400 Basic stats: COMPLETE Column stats: NONE
                  Filter Operator
                    predicate: (((hd_buy_potential = '>10000') or (hd_buy_potential = 'unknown')) and (hd_vehicle_count > 0) and CASE WHEN ((hd_vehicle_count > 0)) THEN (((UDFToDouble(hd_dep_count) / UDFToDouble(hd_vehicle_count)) > 1.0D)) ELSE (null) END and hd_demo_sk is not null) (type: boolean)
                    Statistics: Num rows: 1200 Data size: 128400 Basic stats: COMPLETE Column stats: NONE
                    Select Operator
                      expressions: hd_demo_sk (type: int)
                      outputColumnNames: _col0
                      Statistics: Num rows: 1200 Data size: 128400 Basic stats: COMPLETE Column stats: NONE
                      Spark HashTable Sink Operator
                        keys:
                          0 _col2 (type: int)
                          1 _col0 (type: int)
            Local Work:
              Map Reduce Local Work
        Map 8 
            Map Operator Tree:
                TableScan
                  alias: store
                  Statistics: Num rows: 1704 Data size: 3256276 Basic stats: COMPLETE Column stats: NONE
                  Filter Operator
                    predicate: ((s_county) IN ('Mobile County', 'Maverick County', 'Huron County', 'Kittitas County') and s_store_sk is not null) (type: boolean)
                    Statistics: Num rows: 852 Data size: 1628138 Basic stats: COMPLETE Column stats: NONE
                    Select Operator
                      expressions: s_store_sk (type: int)
                      outputColumnNames: _col0
                      Statistics: Num rows: 852 Data size: 1628138 Basic stats: COMPLETE Column stats: NONE
                      Spark HashTable Sink Operator
                        keys:
                          0 _col3 (type: int)
                          1 _col0 (type: int)
            Execution mode: vectorized
            Local Work:
              Map Reduce Local Work

  Stage: Stage-1
    Spark
      Edges:
        Reducer 2 <- Map 1 (PARTITION-LEVEL SORT, 567), Reducer 5 (PARTITION-LEVEL SORT, 567)
        Reducer 3 <- Reducer 2 (SORT, 1)
        Reducer 5 <- Map 4 (GROUP, 529)
#### A masked pattern was here ####
      Vertices:
        Map 1 
            Map Operator Tree:
                TableScan
                  alias: customer
                  Statistics: Num rows: 80000000 Data size: 68801615852 Basic stats: COMPLETE Column stats: NONE
                  Filter Operator
                    predicate: c_customer_sk is not null (type: boolean)
                    Statistics: Num rows: 80000000 Data size: 68801615852 Basic stats: COMPLETE Column stats: NONE
                    Select Operator
                      expressions: c_customer_sk (type: int), c_salutation (type: string), c_first_name (type: string), c_last_name (type: string), c_preferred_cust_flag (type: string)
                      outputColumnNames: _col0, _col1, _col2, _col3, _col4
                      Statistics: Num rows: 80000000 Data size: 68801615852 Basic stats: COMPLETE Column stats: NONE
                      Reduce Output Operator
                        key expressions: _col0 (type: int)
                        sort order: +
                        Map-reduce partition columns: _col0 (type: int)
                        Statistics: Num rows: 80000000 Data size: 68801615852 Basic stats: COMPLETE Column stats: NONE
                        value expressions: _col1 (type: string), _col2 (type: string), _col3 (type: string), _col4 (type: string)
            Execution mode: vectorized
        Map 4 
            Map Operator Tree:
                TableScan
                  alias: store_sales
                  Statistics: Num rows: 575995635 Data size: 50814502088 Basic stats: COMPLETE Column stats: NONE
                  Filter Operator
                    predicate: (ss_customer_sk is not null and ss_hdemo_sk is not null and ss_sold_date_sk is not null and ss_store_sk is not null) (type: boolean)
                    Statistics: Num rows: 575995635 Data size: 50814502088 Basic stats: COMPLETE Column stats: NONE
                    Select Operator
                      expressions: ss_sold_date_sk (type: int), ss_customer_sk (type: int), ss_hdemo_sk (type: int), ss_store_sk (type: int), ss_ticket_number (type: int)
                      outputColumnNames: _col0, _col1, _col2, _col3, _col4
                      Statistics: Num rows: 575995635 Data size: 50814502088 Basic stats: COMPLETE Column stats: NONE
                      Map Join Operator
                        condition map:
                             Inner Join 0 to 1
                        keys:
                          0 _col0 (type: int)
                          1 _col0 (type: int)
                        outputColumnNames: _col1, _col2, _col3, _col4
                        input vertices:
                          1 Map 6
                        Statistics: Num rows: 633595212 Data size: 55895953508 Basic stats: COMPLETE Column stats: NONE
                        Map Join Operator
                          condition map:
                               Inner Join 0 to 1
                          keys:
                            0 _col2 (type: int)
                            1 _col0 (type: int)
                          outputColumnNames: _col1, _col3, _col4
                          input vertices:
                            1 Map 7
                          Statistics: Num rows: 696954748 Data size: 61485550191 Basic stats: COMPLETE Column stats: NONE
                          Map Join Operator
                            condition map:
                                 Inner Join 0 to 1
                            keys:
                              0 _col3 (type: int)
                              1 _col0 (type: int)
                            outputColumnNames: _col1, _col4
                            input vertices:
                              1 Map 8
                            Statistics: Num rows: 766650239 Data size: 67634106676 Basic stats: COMPLETE Column stats: NONE
                            Group By Operator
                              aggregations: count()
                              keys: _col1 (type: int), _col4 (type: int)
                              mode: hash
                              outputColumnNames: _col0, _col1, _col2
                              Statistics: Num rows: 766650239 Data size: 67634106676 Basic stats: COMPLETE Column stats: NONE
                              Reduce Output Operator
                                key expressions: _col0 (type: int), _col1 (type: int)
                                sort order: ++
                                Map-reduce partition columns: _col0 (type: int), _col1 (type: int)
                                Statistics: Num rows: 766650239 Data size: 67634106676 Basic stats: COMPLETE Column stats: NONE
                                value expressions: _col2 (type: bigint)
            Execution mode: vectorized
            Local Work:
              Map Reduce Local Work
        Reducer 2 
            Reduce Operator Tree:
              Join Operator
                condition map:
                     Inner Join 0 to 1
                keys:
                  0 _col0 (type: int)
                  1 _col1 (type: int)
                outputColumnNames: _col1, _col2, _col3, _col4, _col5, _col7
                Statistics: Num rows: 88000001 Data size: 75681779077 Basic stats: COMPLETE Column stats: NONE
                Select Operator
                  expressions: _col3 (type: string), _col2 (type: string), _col1 (type: string), _col4 (type: string), _col5 (type: int), _col7 (type: bigint)
                  outputColumnNames: _col0, _col1, _col2, _col3, _col4, _col5
                  Statistics: Num rows: 88000001 Data size: 75681779077 Basic stats: COMPLETE Column stats: NONE
                  Reduce Output Operator
                    key expressions: _col5 (type: bigint)
                    sort order: -
                    Statistics: Num rows: 88000001 Data size: 75681779077 Basic stats: COMPLETE Column stats: NONE
                    value expressions: _col0 (type: string), _col1 (type: string), _col2 (type: string), _col3 (type: string), _col4 (type: int)
        Reducer 3 
            Execution mode: vectorized
            Reduce Operator Tree:
              Select Operator
                expressions: VALUE._col0 (type: string), VALUE._col1 (type: string), VALUE._col2 (type: string), VALUE._col3 (type: string), VALUE._col4 (type: int), KEY.reducesinkkey0 (type: bigint)
                outputColumnNames: _col0, _col1, _col2, _col3, _col4, _col5
                Statistics: Num rows: 88000001 Data size: 75681779077 Basic stats: COMPLETE Column stats: NONE
                File Output Operator
                  compressed: false
                  Statistics: Num rows: 88000001 Data size: 75681779077 Basic stats: COMPLETE Column stats: NONE
                  table:
                      input format: org.apache.hadoop.mapred.SequenceFileInputFormat
                      output format: org.apache.hadoop.hive.ql.io.HiveSequenceFileOutputFormat
                      serde: org.apache.hadoop.hive.serde2.lazy.LazySimpleSerDe
        Reducer 5 
            Execution mode: vectorized
            Reduce Operator Tree:
              Group By Operator
                aggregations: count(VALUE._col0)
                keys: KEY._col0 (type: int), KEY._col1 (type: int)
                mode: mergepartial
                outputColumnNames: _col0, _col1, _col2
                Statistics: Num rows: 383325119 Data size: 33817053293 Basic stats: COMPLETE Column stats: NONE
                Select Operator
                  expressions: _col1 (type: int), _col0 (type: int), _col2 (type: bigint)
                  outputColumnNames: _col0, _col1, _col2
                  Statistics: Num rows: 383325119 Data size: 33817053293 Basic stats: COMPLETE Column stats: NONE
                  Filter Operator
                    predicate: _col2 BETWEEN 1 AND 5 (type: boolean)
                    Statistics: Num rows: 42591679 Data size: 3757450287 Basic stats: COMPLETE Column stats: NONE
                    Reduce Output Operator
                      key expressions: _col1 (type: int)
                      sort order: +
                      Map-reduce partition columns: _col1 (type: int)
                      Statistics: Num rows: 42591679 Data size: 3757450287 Basic stats: COMPLETE Column stats: NONE
                      value expressions: _col0 (type: int), _col2 (type: bigint)

  Stage: Stage-0
    Fetch Operator
      limit: -1
      Processor Tree:
        ListSink

