Warning: Shuffle Join JOIN[36][tables = [$hdt$_2, $hdt$_3, $hdt$_1]] in Work 'Reducer 8' is a cross product
Warning: Shuffle Join JOIN[81][tables = [$hdt$_4, $hdt$_5, $hdt$_3]] in Work 'Reducer 19' is a cross product
PREHOOK: query: explain
select  asceding.rnk, i1.i_product_name best_performing, i2.i_product_name worst_performing
from(select *
     from (select item_sk,rank() over (order by rank_col asc) rnk
           from (select ss_item_sk item_sk,avg(ss_net_profit) rank_col 
                 from store_sales ss1
                 where ss_store_sk = 410
                 group by ss_item_sk
                 having avg(ss_net_profit) > 0.9*(select avg(ss_net_profit) rank_col
                                                  from store_sales
                                                  where ss_store_sk = 410
                                                    and ss_hdemo_sk is null
                                                  group by ss_store_sk))V1)V11
     where rnk  < 11) asceding,
    (select *
     from (select item_sk,rank() over (order by rank_col desc) rnk
           from (select ss_item_sk item_sk,avg(ss_net_profit) rank_col
                 from store_sales ss1
                 where ss_store_sk = 410
                 group by ss_item_sk
                 having avg(ss_net_profit) > 0.9*(select avg(ss_net_profit) rank_col
                                                  from store_sales
                                                  where ss_store_sk = 410
                                                    and ss_hdemo_sk is null
                                                  group by ss_store_sk))V2)V21
     where rnk  < 11) descending,
item i1,
item i2
where asceding.rnk = descending.rnk 
  and i1.i_item_sk=asceding.item_sk
  and i2.i_item_sk=descending.item_sk
order by asceding.rnk
limit 100
PREHOOK: type: QUERY
POSTHOOK: query: explain
select  asceding.rnk, i1.i_product_name best_performing, i2.i_product_name worst_performing
from(select *
     from (select item_sk,rank() over (order by rank_col asc) rnk
           from (select ss_item_sk item_sk,avg(ss_net_profit) rank_col 
                 from store_sales ss1
                 where ss_store_sk = 410
                 group by ss_item_sk
                 having avg(ss_net_profit) > 0.9*(select avg(ss_net_profit) rank_col
                                                  from store_sales
                                                  where ss_store_sk = 410
                                                    and ss_hdemo_sk is null
                                                  group by ss_store_sk))V1)V11
     where rnk  < 11) asceding,
    (select *
     from (select item_sk,rank() over (order by rank_col desc) rnk
           from (select ss_item_sk item_sk,avg(ss_net_profit) rank_col
                 from store_sales ss1
                 where ss_store_sk = 410
                 group by ss_item_sk
                 having avg(ss_net_profit) > 0.9*(select avg(ss_net_profit) rank_col
                                                  from store_sales
                                                  where ss_store_sk = 410
                                                    and ss_hdemo_sk is null
                                                  group by ss_store_sk))V2)V21
     where rnk  < 11) descending,
item i1,
item i2
where asceding.rnk = descending.rnk 
  and i1.i_item_sk=asceding.item_sk
  and i2.i_item_sk=descending.item_sk
order by asceding.rnk
limit 100
POSTHOOK: type: QUERY
STAGE DEPENDENCIES:
  Stage-1 is a root stage
  Stage-0 depends on stages: Stage-1

STAGE PLANS:
  Stage: Stage-1
    Spark
      Edges:
        Reducer 11 <- Map 10 (GROUP, 100)
        Reducer 13 <- Map 12 (GROUP, 199)
        Reducer 15 <- Map 14 (PARTITION-LEVEL SORT, 1009), Reducer 20 (PARTITION-LEVEL SORT, 1009)
        Reducer 17 <- Map 16 (GROUP, 100)
        Reducer 18 <- Reducer 17 (GROUP, 1)
        Reducer 19 <- Reducer 18 (PARTITION-LEVEL SORT, 1), Reducer 22 (PARTITION-LEVEL SORT, 1), Reducer 24 (PARTITION-LEVEL SORT, 1)
        Reducer 2 <- Map 1 (PARTITION-LEVEL SORT, 1009), Reducer 9 (PARTITION-LEVEL SORT, 1009)
        Reducer 20 <- Reducer 19 (PARTITION-LEVEL SORT, 1009)
        Reducer 22 <- Map 10 (GROUP, 100)
        Reducer 24 <- Map 12 (GROUP, 199)
        Reducer 3 <- Reducer 15 (PARTITION-LEVEL SORT, 1009), Reducer 2 (PARTITION-LEVEL SORT, 1009)
        Reducer 4 <- Reducer 3 (SORT, 1)
        Reducer 8 <- Reducer 11 (PARTITION-LEVEL SORT, 1), Reducer 13 (PARTITION-LEVEL SORT, 1), Reducer 18 (PARTITION-LEVEL SORT, 1)
        Reducer 9 <- Reducer 8 (PARTITION-LEVEL SORT, 1009)
#### A masked pattern was here ####
      Vertices:
        Map 1 
            Map Operator Tree:
                TableScan
                  alias: i1
                  Statistics: Num rows: 462000 Data size: 663560457 Basic stats: COMPLETE Column stats: NONE
                  Filter Operator
                    predicate: i_item_sk is not null (type: boolean)
                    Statistics: Num rows: 462000 Data size: 663560457 Basic stats: COMPLETE Column stats: NONE
                    Select Operator
                      expressions: i_item_sk (type: int), i_product_name (type: string)
                      outputColumnNames: _col0, _col1
                      Statistics: Num rows: 462000 Data size: 663560457 Basic stats: COMPLETE Column stats: NONE
                      Reduce Output Operator
                        key expressions: _col0 (type: int)
                        sort order: +
                        Map-reduce partition columns: _col0 (type: int)
                        Statistics: Num rows: 462000 Data size: 663560457 Basic stats: COMPLETE Column stats: NONE
                        value expressions: _col1 (type: string)
            Execution mode: vectorized
        Map 10 
            Map Operator Tree:
                TableScan
                  alias: store_sales
                  Statistics: Num rows: 575995635 Data size: 50814502088 Basic stats: COMPLETE Column stats: NONE
                  Filter Operator
                    predicate: ((ss_store_sk = 410) and ss_hdemo_sk is null) (type: boolean)
                    Statistics: Num rows: 143998908 Data size: 12703625455 Basic stats: COMPLETE Column stats: NONE
                    Select Operator
                      expressions: ss_net_profit (type: decimal(7,2))
                      outputColumnNames: _col1
                      Statistics: Num rows: 143998908 Data size: 12703625455 Basic stats: COMPLETE Column stats: NONE
                      Group By Operator
                        aggregations: sum(_col1), count(_col1)
                        keys: 410 (type: int)
                        mode: hash
                        outputColumnNames: _col0, _col1, _col2
                        Statistics: Num rows: 143998908 Data size: 12703625455 Basic stats: COMPLETE Column stats: NONE
                        Reduce Output Operator
                          key expressions: _col0 (type: int)
                          sort order: +
                          Map-reduce partition columns: _col0 (type: int)
                          Statistics: Num rows: 143998908 Data size: 12703625455 Basic stats: COMPLETE Column stats: NONE
                          value expressions: _col1 (type: decimal(17,2)), _col2 (type: bigint)
            Execution mode: vectorized
        Map 12 
            Map Operator Tree:
                TableScan
                  alias: ss1
                  Statistics: Num rows: 575995635 Data size: 50814502088 Basic stats: COMPLETE Column stats: NONE
                  Filter Operator
                    predicate: (ss_store_sk = 410) (type: boolean)
                    Statistics: Num rows: 287997817 Data size: 25407250999 Basic stats: COMPLETE Column stats: NONE
                    Select Operator
                      expressions: ss_item_sk (type: int), ss_net_profit (type: decimal(7,2))
                      outputColumnNames: ss_item_sk, ss_net_profit
                      Statistics: Num rows: 287997817 Data size: 25407250999 Basic stats: COMPLETE Column stats: NONE
                      Group By Operator
                        aggregations: sum(ss_net_profit), count(ss_net_profit)
                        keys: ss_item_sk (type: int)
                        mode: hash
                        outputColumnNames: _col0, _col1, _col2
                        Statistics: Num rows: 287997817 Data size: 25407250999 Basic stats: COMPLETE Column stats: NONE
                        Reduce Output Operator
                          key expressions: _col0 (type: int)
                          sort order: +
                          Map-reduce partition columns: _col0 (type: int)
                          Statistics: Num rows: 287997817 Data size: 25407250999 Basic stats: COMPLETE Column stats: NONE
                          value expressions: _col1 (type: decimal(17,2)), _col2 (type: bigint)
            Execution mode: vectorized
        Map 14 
            Map Operator Tree:
                TableScan
                  alias: i2
                  Statistics: Num rows: 462000 Data size: 663560457 Basic stats: COMPLETE Column stats: NONE
                  Filter Operator
                    predicate: i_item_sk is not null (type: boolean)
                    Statistics: Num rows: 462000 Data size: 663560457 Basic stats: COMPLETE Column stats: NONE
                    Select Operator
                      expressions: i_item_sk (type: int), i_product_name (type: string)
                      outputColumnNames: _col0, _col1
                      Statistics: Num rows: 462000 Data size: 663560457 Basic stats: COMPLETE Column stats: NONE
                      Reduce Output Operator
                        key expressions: _col0 (type: int)
                        sort order: +
                        Map-reduce partition columns: _col0 (type: int)
                        Statistics: Num rows: 462000 Data size: 663560457 Basic stats: COMPLETE Column stats: NONE
                        value expressions: _col1 (type: string)
            Execution mode: vectorized
        Map 16 
            Map Operator Tree:
                TableScan
                  alias: store_sales
                  Statistics: Num rows: 575995635 Data size: 50814502088 Basic stats: COMPLETE Column stats: NONE
                  Filter Operator
                    predicate: ((ss_store_sk = 410) and ss_hdemo_sk is null) (type: boolean)
                    Statistics: Num rows: 143998908 Data size: 12703625455 Basic stats: COMPLETE Column stats: NONE
                    Select Operator
                      Statistics: Num rows: 143998908 Data size: 12703625455 Basic stats: COMPLETE Column stats: NONE
                      Group By Operator
                        keys: 410 (type: int)
                        mode: hash
                        outputColumnNames: _col0
                        Statistics: Num rows: 143998908 Data size: 12703625455 Basic stats: COMPLETE Column stats: NONE
                        Reduce Output Operator
                          key expressions: _col0 (type: int)
                          sort order: +
                          Map-reduce partition columns: _col0 (type: int)
                          Statistics: Num rows: 143998908 Data size: 12703625455 Basic stats: COMPLETE Column stats: NONE
            Execution mode: vectorized
        Reducer 11 
            Execution mode: vectorized
            Reduce Operator Tree:
              Group By Operator
                aggregations: sum(VALUE._col0), count(VALUE._col1)
                keys: KEY._col0 (type: int)
                mode: mergepartial
                outputColumnNames: _col0, _col1, _col2
                Statistics: Num rows: 71999454 Data size: 6351812727 Basic stats: COMPLETE Column stats: NONE
                Select Operator
                  expressions: (_col1 / _col2) (type: decimal(37,22))
                  outputColumnNames: _col0
                  Statistics: Num rows: 71999454 Data size: 6351812727 Basic stats: COMPLETE Column stats: NONE
                  Reduce Output Operator
                    sort order: 
                    Statistics: Num rows: 71999454 Data size: 6351812727 Basic stats: COMPLETE Column stats: NONE
                    value expressions: _col0 (type: decimal(37,22))
        Reducer 13 
            Execution mode: vectorized
            Reduce Operator Tree:
              Group By Operator
                aggregations: sum(VALUE._col0), count(VALUE._col1)
                keys: KEY._col0 (type: int)
                mode: mergepartial
                outputColumnNames: _col0, _col1, _col2
                Statistics: Num rows: 143998908 Data size: 12703625455 Basic stats: COMPLETE Column stats: NONE
                Select Operator
                  expressions: _col0 (type: int), (_col1 / _col2) (type: decimal(37,22))
                  outputColumnNames: _col0, _col1
                  Statistics: Num rows: 143998908 Data size: 12703625455 Basic stats: COMPLETE Column stats: NONE
                  Reduce Output Operator
                    sort order: 
                    Statistics: Num rows: 143998908 Data size: 12703625455 Basic stats: COMPLETE Column stats: NONE
                    value expressions: _col0 (type: int), _col1 (type: decimal(37,22))
        Reducer 15 
            Reduce Operator Tree:
              Join Operator
                condition map:
                     Inner Join 0 to 1
                keys:
                  0 _col0 (type: int)
                  1 _col0 (type: int)
                outputColumnNames: _col1, _col3
                Statistics: Num rows: 1267180808338276 Data size: 234986744609712256 Basic stats: COMPLETE Column stats: NONE
                Reduce Output Operator
                  key expressions: _col3 (type: int)
                  sort order: +
                  Map-reduce partition columns: _col3 (type: int)
                  Statistics: Num rows: 1267180808338276 Data size: 234986744609712256 Basic stats: COMPLETE Column stats: NONE
                  value expressions: _col1 (type: string)
        Reducer 17 
            Execution mode: vectorized
            Reduce Operator Tree:
              Group By Operator
                keys: KEY._col0 (type: int)
                mode: mergepartial
                outputColumnNames: _col0
                Statistics: Num rows: 71999454 Data size: 6351812727 Basic stats: COMPLETE Column stats: NONE
                Select Operator
                  Statistics: Num rows: 71999454 Data size: 6351812727 Basic stats: COMPLETE Column stats: NONE
                  Group By Operator
                    aggregations: count()
                    mode: hash
                    outputColumnNames: _col0
                    Statistics: Num rows: 1 Data size: 8 Basic stats: COMPLETE Column stats: NONE
                    Reduce Output Operator
                      sort order: 
                      Statistics: Num rows: 1 Data size: 8 Basic stats: COMPLETE Column stats: NONE
                      value expressions: _col0 (type: bigint)
        Reducer 18 
            Execution mode: vectorized
            Reduce Operator Tree:
              Group By Operator
                aggregations: count(VALUE._col0)
                mode: mergepartial
                outputColumnNames: _col0
                Statistics: Num rows: 1 Data size: 8 Basic stats: COMPLETE Column stats: NONE
                Filter Operator
                  predicate: (sq_count_check(_col0) <= 1) (type: boolean)
                  Statistics: Num rows: 1 Data size: 8 Basic stats: COMPLETE Column stats: NONE
                  Select Operator
                    Statistics: Num rows: 1 Data size: 8 Basic stats: COMPLETE Column stats: NONE
                    Reduce Output Operator
                      sort order: 
                      Statistics: Num rows: 1 Data size: 8 Basic stats: COMPLETE Column stats: NONE
        Reducer 19 
            Reduce Operator Tree:
              Join Operator
                condition map:
                     Inner Join 0 to 1
                     Inner Join 0 to 2
                keys:
                  0 
                  1 
                  2 
                outputColumnNames: _col1, _col2, _col3
                Statistics: Num rows: 10367842752596232 Data size: 1922618777862369774 Basic stats: COMPLETE Column stats: NONE
                Filter Operator
                  predicate: (_col3 > (0.9 * _col1)) (type: boolean)
                  Statistics: Num rows: 3455947584198744 Data size: 640872925954123264 Basic stats: COMPLETE Column stats: NONE
                  Reduce Output Operator
                    key expressions: 0 (type: int), _col3 (type: decimal(37,22))
                    sort order: +-
                    Map-reduce partition columns: 0 (type: int)
                    Statistics: Num rows: 3455947584198744 Data size: 640872925954123264 Basic stats: COMPLETE Column stats: NONE
                    TopN Hash Memory Usage: 0.1
                    value expressions: _col2 (type: int)
        Reducer 2 
            Reduce Operator Tree:
              Join Operator
                condition map:
                     Inner Join 0 to 1
                keys:
                  0 _col0 (type: int)
                  1 _col0 (type: int)
                outputColumnNames: _col1, _col3
                Statistics: Num rows: 1267180808338276 Data size: 234986744609712256 Basic stats: COMPLETE Column stats: NONE
                Reduce Output Operator
                  key expressions: _col3 (type: int)
                  sort order: +
                  Map-reduce partition columns: _col3 (type: int)
                  Statistics: Num rows: 1267180808338276 Data size: 234986744609712256 Basic stats: COMPLETE Column stats: NONE
                  value expressions: _col1 (type: string)
        Reducer 20 
            Execution mode: vectorized
            Reduce Operator Tree:
              Select Operator
                expressions: VALUE._col2 (type: int), KEY.reducesinkkey1 (type: decimal(37,22))
                outputColumnNames: _col2, _col3
                Statistics: Num rows: 3455947584198744 Data size: 640872925954123264 Basic stats: COMPLETE Column stats: NONE
                PTF Operator
                  Function definitions:
                      Input definition
                        input alias: ptf_0
                        output shape: _col2: int, _col3: decimal(37,22)
                        type: WINDOWING
                      Windowing table definition
                        input alias: ptf_1
                        name: windowingtablefunction
                        order by: _col3 DESC NULLS LAST
                        partition by: 0
                        raw input shape:
                        window functions:
                            window function definition
                              alias: rank_window_0
                              arguments: _col3
                              name: rank
                              window function: GenericUDAFRankEvaluator
                              window frame: ROWS PRECEDING(MAX)~FOLLOWING(MAX)
                              isPivotResult: true
                  Statistics: Num rows: 3455947584198744 Data size: 640872925954123264 Basic stats: COMPLETE Column stats: NONE
                  Filter Operator
                    predicate: ((rank_window_0 < 11) and _col2 is not null) (type: boolean)
                    Statistics: Num rows: 1151982528066248 Data size: 213624308651374400 Basic stats: COMPLETE Column stats: NONE
                    Select Operator
                      expressions: _col2 (type: int), rank_window_0 (type: int)
                      outputColumnNames: _col0, _col1
                      Statistics: Num rows: 1151982528066248 Data size: 213624308651374400 Basic stats: COMPLETE Column stats: NONE
                      Reduce Output Operator
                        key expressions: _col0 (type: int)
                        sort order: +
                        Map-reduce partition columns: _col0 (type: int)
                        Statistics: Num rows: 1151982528066248 Data size: 213624308651374400 Basic stats: COMPLETE Column stats: NONE
                        value expressions: _col1 (type: int)
        Reducer 22 
            Execution mode: vectorized
            Reduce Operator Tree:
              Group By Operator
                aggregations: sum(VALUE._col0), count(VALUE._col1)
                keys: KEY._col0 (type: int)
                mode: mergepartial
                outputColumnNames: _col0, _col1, _col2
                Statistics: Num rows: 71999454 Data size: 6351812727 Basic stats: COMPLETE Column stats: NONE
                Select Operator
                  expressions: (_col1 / _col2) (type: decimal(37,22))
                  outputColumnNames: _col0
                  Statistics: Num rows: 71999454 Data size: 6351812727 Basic stats: COMPLETE Column stats: NONE
                  Reduce Output Operator
                    sort order: 
                    Statistics: Num rows: 71999454 Data size: 6351812727 Basic stats: COMPLETE Column stats: NONE
                    value expressions: _col0 (type: decimal(37,22))
        Reducer 24 
            Execution mode: vectorized
            Reduce Operator Tree:
              Group By Operator
                aggregations: sum(VALUE._col0), count(VALUE._col1)
                keys: KEY._col0 (type: int)
                mode: mergepartial
                outputColumnNames: _col0, _col1, _col2
                Statistics: Num rows: 143998908 Data size: 12703625455 Basic stats: COMPLETE Column stats: NONE
                Select Operator
                  expressions: _col0 (type: int), (_col1 / _col2) (type: decimal(37,22))
                  outputColumnNames: _col0, _col1
                  Statistics: Num rows: 143998908 Data size: 12703625455 Basic stats: COMPLETE Column stats: NONE
                  Reduce Output Operator
                    sort order: 
                    Statistics: Num rows: 143998908 Data size: 12703625455 Basic stats: COMPLETE Column stats: NONE
                    value expressions: _col0 (type: int), _col1 (type: decimal(37,22))
        Reducer 3 
            Reduce Operator Tree:
              Join Operator
                condition map:
                     Inner Join 0 to 1
                keys:
                  0 _col3 (type: int)
                  1 _col3 (type: int)
                outputColumnNames: _col1, _col3, _col5
                Statistics: Num rows: 1393898919384048 Data size: 258485424673204064 Basic stats: COMPLETE Column stats: NONE
                Select Operator
                  expressions: _col3 (type: int), _col1 (type: string), _col5 (type: string)
                  outputColumnNames: _col0, _col1, _col2
                  Statistics: Num rows: 1393898919384048 Data size: 258485424673204064 Basic stats: COMPLETE Column stats: NONE
                  Reduce Output Operator
                    key expressions: _col0 (type: int)
                    sort order: +
                    Statistics: Num rows: 1393898919384048 Data size: 258485424673204064 Basic stats: COMPLETE Column stats: NONE
                    TopN Hash Memory Usage: 0.1
                    value expressions: _col1 (type: string), _col2 (type: string)
        Reducer 4 
            Execution mode: vectorized
            Reduce Operator Tree:
              Select Operator
                expressions: KEY.reducesinkkey0 (type: int), VALUE._col0 (type: string), VALUE._col1 (type: string)
                outputColumnNames: _col0, _col1, _col2
                Statistics: Num rows: 1393898919384048 Data size: 258485424673204064 Basic stats: COMPLETE Column stats: NONE
                Limit
                  Number of rows: 100
                  Statistics: Num rows: 100 Data size: 18500 Basic stats: COMPLETE Column stats: NONE
                  File Output Operator
                    compressed: false
                    Statistics: Num rows: 100 Data size: 18500 Basic stats: COMPLETE Column stats: NONE
                    table:
                        input format: org.apache.hadoop.mapred.SequenceFileInputFormat
                        output format: org.apache.hadoop.hive.ql.io.HiveSequenceFileOutputFormat
                        serde: org.apache.hadoop.hive.serde2.lazy.LazySimpleSerDe
        Reducer 8 
            Reduce Operator Tree:
              Join Operator
                condition map:
                     Inner Join 0 to 1
                     Inner Join 0 to 2
                keys:
                  0 
                  1 
                  2 
                outputColumnNames: _col1, _col2, _col3
                Statistics: Num rows: 10367842752596232 Data size: 1922618777862369774 Basic stats: COMPLETE Column stats: NONE
                Filter Operator
                  predicate: (_col3 > (0.9 * _col1)) (type: boolean)
                  Statistics: Num rows: 3455947584198744 Data size: 640872925954123264 Basic stats: COMPLETE Column stats: NONE
                  Reduce Output Operator
                    key expressions: 0 (type: int), _col3 (type: decimal(37,22))
                    sort order: ++
                    Map-reduce partition columns: 0 (type: int)
                    Statistics: Num rows: 3455947584198744 Data size: 640872925954123264 Basic stats: COMPLETE Column stats: NONE
                    TopN Hash Memory Usage: 0.1
                    value expressions: _col2 (type: int)
        Reducer 9 
            Execution mode: vectorized
            Reduce Operator Tree:
              Select Operator
                expressions: VALUE._col2 (type: int), KEY.reducesinkkey1 (type: decimal(37,22))
                outputColumnNames: _col2, _col3
                Statistics: Num rows: 3455947584198744 Data size: 640872925954123264 Basic stats: COMPLETE Column stats: NONE
                PTF Operator
                  Function definitions:
                      Input definition
                        input alias: ptf_0
                        output shape: _col2: int, _col3: decimal(37,22)
                        type: WINDOWING
                      Windowing table definition
                        input alias: ptf_1
                        name: windowingtablefunction
                        order by: _col3 ASC NULLS FIRST
                        partition by: 0
                        raw input shape:
                        window functions:
                            window function definition
                              alias: rank_window_0
                              arguments: _col3
                              name: rank
                              window function: GenericUDAFRankEvaluator
                              window frame: ROWS PRECEDING(MAX)~FOLLOWING(MAX)
                              isPivotResult: true
                  Statistics: Num rows: 3455947584198744 Data size: 640872925954123264 Basic stats: COMPLETE Column stats: NONE
                  Filter Operator
                    predicate: ((rank_window_0 < 11) and _col2 is not null) (type: boolean)
                    Statistics: Num rows: 1151982528066248 Data size: 213624308651374400 Basic stats: COMPLETE Column stats: NONE
                    Select Operator
                      expressions: _col2 (type: int), rank_window_0 (type: int)
                      outputColumnNames: _col0, _col1
                      Statistics: Num rows: 1151982528066248 Data size: 213624308651374400 Basic stats: COMPLETE Column stats: NONE
                      Reduce Output Operator
                        key expressions: _col0 (type: int)
                        sort order: +
                        Map-reduce partition columns: _col0 (type: int)
                        Statistics: Num rows: 1151982528066248 Data size: 213624308651374400 Basic stats: COMPLETE Column stats: NONE
                        value expressions: _col1 (type: int)

  Stage: Stage-0
    Fetch Operator
      limit: 100
      Processor Tree:
        ListSink

