PREHOOK: query: explain
select  
 i_item_id
 ,i_item_desc
 ,s_store_id
 ,s_store_name
 ,sum(ss_net_profit) as store_sales_profit
 ,sum(sr_net_loss) as store_returns_loss
 ,sum(cs_net_profit) as catalog_sales_profit
 from
 store_sales
 ,store_returns
 ,catalog_sales
 ,date_dim d1
 ,date_dim d2
 ,date_dim d3
 ,store
 ,item
 where
 d1.d_moy = 4
 and d1.d_year = 2000
 and d1.d_date_sk = ss_sold_date_sk
 and i_item_sk = ss_item_sk
 and s_store_sk = ss_store_sk
 and ss_customer_sk = sr_customer_sk
 and ss_item_sk = sr_item_sk
 and ss_ticket_number = sr_ticket_number
 and sr_returned_date_sk = d2.d_date_sk
 and d2.d_moy               between 4 and  10
 and d2.d_year              = 2000
 and sr_customer_sk = cs_bill_customer_sk
 and sr_item_sk = cs_item_sk
 and cs_sold_date_sk = d3.d_date_sk
 and d3.d_moy               between 4 and  10 
 and d3.d_year              = 2000
 group by
 i_item_id
 ,i_item_desc
 ,s_store_id
 ,s_store_name
 order by
 i_item_id
 ,i_item_desc
 ,s_store_id
 ,s_store_name
 limit 100
PREHOOK: type: QUERY
POSTHOOK: query: explain
select  
 i_item_id
 ,i_item_desc
 ,s_store_id
 ,s_store_name
 ,sum(ss_net_profit) as store_sales_profit
 ,sum(sr_net_loss) as store_returns_loss
 ,sum(cs_net_profit) as catalog_sales_profit
 from
 store_sales
 ,store_returns
 ,catalog_sales
 ,date_dim d1
 ,date_dim d2
 ,date_dim d3
 ,store
 ,item
 where
 d1.d_moy = 4
 and d1.d_year = 2000
 and d1.d_date_sk = ss_sold_date_sk
 and i_item_sk = ss_item_sk
 and s_store_sk = ss_store_sk
 and ss_customer_sk = sr_customer_sk
 and ss_item_sk = sr_item_sk
 and ss_ticket_number = sr_ticket_number
 and sr_returned_date_sk = d2.d_date_sk
 and d2.d_moy               between 4 and  10
 and d2.d_year              = 2000
 and sr_customer_sk = cs_bill_customer_sk
 and sr_item_sk = cs_item_sk
 and cs_sold_date_sk = d3.d_date_sk
 and d3.d_moy               between 4 and  10 
 and d3.d_year              = 2000
 group by
 i_item_id
 ,i_item_desc
 ,s_store_id
 ,s_store_name
 order by
 i_item_id
 ,i_item_desc
 ,s_store_id
 ,s_store_name
 limit 100
POSTHOOK: type: QUERY
STAGE DEPENDENCIES:
  Stage-2 is a root stage
  Stage-3 depends on stages: Stage-2
  Stage-4 depends on stages: Stage-3
  Stage-1 depends on stages: Stage-4
  Stage-0 depends on stages: Stage-1

STAGE PLANS:
  Stage: Stage-2
    Spark
#### A masked pattern was here ####
      Vertices:
        Map 14 
            Map Operator Tree:
                TableScan
                  alias: store
                  Statistics: Num rows: 1704 Data size: 3256276 Basic stats: COMPLETE Column stats: NONE
                  Filter Operator
                    predicate: s_store_sk is not null (type: boolean)
                    Statistics: Num rows: 1704 Data size: 3256276 Basic stats: COMPLETE Column stats: NONE
                    Select Operator
                      expressions: s_store_sk (type: int), s_store_id (type: string), s_store_name (type: string)
                      outputColumnNames: _col0, _col1, _col2
                      Statistics: Num rows: 1704 Data size: 3256276 Basic stats: COMPLETE Column stats: NONE
                      Spark HashTable Sink Operator
                        keys:
                          0 _col3 (type: int)
                          1 _col0 (type: int)
            Execution mode: vectorized
            Local Work:
              Map Reduce Local Work

  Stage: Stage-3
    Spark
#### A masked pattern was here ####
      Vertices:
        Map 10 
            Map Operator Tree:
                TableScan
                  alias: d3
                  Statistics: Num rows: 73049 Data size: 81741831 Basic stats: COMPLETE Column stats: NONE
                  Filter Operator
                    predicate: ((d_year = 2000) and d_date_sk is not null and d_moy BETWEEN 4 AND 10) (type: boolean)
                    Statistics: Num rows: 4058 Data size: 4540902 Basic stats: COMPLETE Column stats: NONE
                    Select Operator
                      expressions: d_date_sk (type: int)
                      outputColumnNames: _col0
                      Statistics: Num rows: 4058 Data size: 4540902 Basic stats: COMPLETE Column stats: NONE
                      Spark HashTable Sink Operator
                        keys:
                          0 _col0 (type: int)
                          1 _col0 (type: int)
            Execution mode: vectorized
            Local Work:
              Map Reduce Local Work

  Stage: Stage-4
    Spark
#### A masked pattern was here ####
      Vertices:
        Map 12 
            Map Operator Tree:
                TableScan
                  alias: d2
                  Statistics: Num rows: 73049 Data size: 81741831 Basic stats: COMPLETE Column stats: NONE
                  Filter Operator
                    predicate: ((d_year = 2000) and d_date_sk is not null and d_moy BETWEEN 4 AND 10) (type: boolean)
                    Statistics: Num rows: 4058 Data size: 4540902 Basic stats: COMPLETE Column stats: NONE
                    Select Operator
                      expressions: d_date_sk (type: int)
                      outputColumnNames: _col0
                      Statistics: Num rows: 4058 Data size: 4540902 Basic stats: COMPLETE Column stats: NONE
                      Spark HashTable Sink Operator
                        keys:
                          0 _col0 (type: int)
                          1 _col0 (type: int)
            Execution mode: vectorized
            Local Work:
              Map Reduce Local Work

  Stage: Stage-1
    Spark
      Edges:
        Reducer 2 <- Map 1 (PARTITION-LEVEL SORT, 398), Map 7 (PARTITION-LEVEL SORT, 398)
        Reducer 3 <- Reducer 2 (PARTITION-LEVEL SORT, 806), Reducer 9 (PARTITION-LEVEL SORT, 806)
        Reducer 4 <- Map 13 (PARTITION-LEVEL SORT, 486), Reducer 3 (PARTITION-LEVEL SORT, 486)
        Reducer 5 <- Reducer 4 (GROUP, 582)
        Reducer 6 <- Reducer 5 (SORT, 1)
        Reducer 9 <- Map 11 (PARTITION-LEVEL SORT, 374), Map 8 (PARTITION-LEVEL SORT, 374)
#### A masked pattern was here ####
      Vertices:
        Map 1 
            Map Operator Tree:
                TableScan
                  alias: store_sales
                  Statistics: Num rows: 575995635 Data size: 50814502088 Basic stats: COMPLETE Column stats: NONE
                  Filter Operator
                    predicate: (ss_customer_sk is not null and ss_item_sk is not null and ss_sold_date_sk is not null and ss_store_sk is not null and ss_ticket_number is not null) (type: boolean)
                    Statistics: Num rows: 575995635 Data size: 50814502088 Basic stats: COMPLETE Column stats: NONE
                    Select Operator
                      expressions: ss_sold_date_sk (type: int), ss_item_sk (type: int), ss_customer_sk (type: int), ss_store_sk (type: int), ss_ticket_number (type: int), ss_net_profit (type: decimal(7,2))
                      outputColumnNames: _col0, _col1, _col2, _col3, _col4, _col5
                      Statistics: Num rows: 575995635 Data size: 50814502088 Basic stats: COMPLETE Column stats: NONE
                      Reduce Output Operator
                        key expressions: _col0 (type: int)
                        sort order: +
                        Map-reduce partition columns: _col0 (type: int)
                        Statistics: Num rows: 575995635 Data size: 50814502088 Basic stats: COMPLETE Column stats: NONE
                        value expressions: _col1 (type: int), _col2 (type: int), _col3 (type: int), _col4 (type: int), _col5 (type: decimal(7,2))
            Execution mode: vectorized
        Map 11 
            Map Operator Tree:
                TableScan
                  alias: store_returns
                  Statistics: Num rows: 57591150 Data size: 4462194832 Basic stats: COMPLETE Column stats: NONE
                  Filter Operator
                    predicate: (sr_customer_sk is not null and sr_item_sk is not null and sr_returned_date_sk is not null and sr_ticket_number is not null) (type: boolean)
                    Statistics: Num rows: 57591150 Data size: 4462194832 Basic stats: COMPLETE Column stats: NONE
                    Select Operator
                      expressions: sr_returned_date_sk (type: int), sr_item_sk (type: int), sr_customer_sk (type: int), sr_ticket_number (type: int), sr_net_loss (type: decimal(7,2))
                      outputColumnNames: _col0, _col1, _col2, _col3, _col4
                      Statistics: Num rows: 57591150 Data size: 4462194832 Basic stats: COMPLETE Column stats: NONE
                      Map Join Operator
                        condition map:
                             Inner Join 0 to 1
                        keys:
                          0 _col0 (type: int)
                          1 _col0 (type: int)
                        outputColumnNames: _col1, _col2, _col3, _col4
                        input vertices:
                          1 Map 12
                        Statistics: Num rows: 63350266 Data size: 4908414421 Basic stats: COMPLETE Column stats: NONE
                        Reduce Output Operator
                          key expressions: _col1 (type: int), _col2 (type: int)
                          sort order: ++
                          Map-reduce partition columns: _col1 (type: int), _col2 (type: int)
                          Statistics: Num rows: 63350266 Data size: 4908414421 Basic stats: COMPLETE Column stats: NONE
                          value expressions: _col3 (type: int), _col4 (type: decimal(7,2))
            Execution mode: vectorized
            Local Work:
              Map Reduce Local Work
        Map 13 
            Map Operator Tree:
                TableScan
                  alias: item
                  Statistics: Num rows: 462000 Data size: 663560457 Basic stats: COMPLETE Column stats: NONE
                  Filter Operator
                    predicate: i_item_sk is not null (type: boolean)
                    Statistics: Num rows: 462000 Data size: 663560457 Basic stats: COMPLETE Column stats: NONE
                    Select Operator
                      expressions: i_item_sk (type: int), i_item_id (type: string), i_item_desc (type: string)
                      outputColumnNames: _col0, _col1, _col2
                      Statistics: Num rows: 462000 Data size: 663560457 Basic stats: COMPLETE Column stats: NONE
                      Reduce Output Operator
                        key expressions: _col0 (type: int)
                        sort order: +
                        Map-reduce partition columns: _col0 (type: int)
                        Statistics: Num rows: 462000 Data size: 663560457 Basic stats: COMPLETE Column stats: NONE
                        value expressions: _col1 (type: string), _col2 (type: string)
            Execution mode: vectorized
        Map 7 
            Map Operator Tree:
                TableScan
                  alias: d1
                  Statistics: Num rows: 73049 Data size: 81741831 Basic stats: COMPLETE Column stats: NONE
                  Filter Operator
                    predicate: ((d_moy = 4) and (d_year = 2000) and d_date_sk is not null) (type: boolean)
                    Statistics: Num rows: 18262 Data size: 20435178 Basic stats: COMPLETE Column stats: NONE
                    Select Operator
                      expressions: d_date_sk (type: int)
                      outputColumnNames: _col0
                      Statistics: Num rows: 18262 Data size: 20435178 Basic stats: COMPLETE Column stats: NONE
                      Reduce Output Operator
                        key expressions: _col0 (type: int)
                        sort order: +
                        Map-reduce partition columns: _col0 (type: int)
                        Statistics: Num rows: 18262 Data size: 20435178 Basic stats: COMPLETE Column stats: NONE
            Execution mode: vectorized
        Map 8 
            Map Operator Tree:
                TableScan
                  alias: catalog_sales
                  Statistics: Num rows: 287989836 Data size: 38999608952 Basic stats: COMPLETE Column stats: NONE
                  Filter Operator
                    predicate: (cs_bill_customer_sk is not null and cs_item_sk is not null and cs_sold_date_sk is not null) (type: boolean)
                    Statistics: Num rows: 287989836 Data size: 38999608952 Basic stats: COMPLETE Column stats: NONE
                    Select Operator
                      expressions: cs_sold_date_sk (type: int), cs_bill_customer_sk (type: int), cs_item_sk (type: int), cs_net_profit (type: decimal(7,2))
                      outputColumnNames: _col0, _col1, _col2, _col3
                      Statistics: Num rows: 287989836 Data size: 38999608952 Basic stats: COMPLETE Column stats: NONE
                      Map Join Operator
                        condition map:
                             Inner Join 0 to 1
                        keys:
                          0 _col0 (type: int)
                          1 _col0 (type: int)
                        outputColumnNames: _col1, _col2, _col3
                        input vertices:
                          1 Map 10
                        Statistics: Num rows: 316788826 Data size: 42899570777 Basic stats: COMPLETE Column stats: NONE
                        Reduce Output Operator
                          key expressions: _col2 (type: int), _col1 (type: int)
                          sort order: ++
                          Map-reduce partition columns: _col2 (type: int), _col1 (type: int)
                          Statistics: Num rows: 316788826 Data size: 42899570777 Basic stats: COMPLETE Column stats: NONE
                          value expressions: _col3 (type: decimal(7,2))
            Execution mode: vectorized
            Local Work:
              Map Reduce Local Work
        Reducer 2 
            Reduce Operator Tree:
              Join Operator
                condition map:
                     Inner Join 0 to 1
                keys:
                  0 _col0 (type: int)
                  1 _col0 (type: int)
                outputColumnNames: _col1, _col2, _col3, _col4, _col5
                Statistics: Num rows: 633595212 Data size: 55895953508 Basic stats: COMPLETE Column stats: NONE
                Reduce Output Operator
                  key expressions: _col1 (type: int), _col2 (type: int), _col4 (type: int)
                  sort order: +++
                  Map-reduce partition columns: _col1 (type: int), _col2 (type: int), _col4 (type: int)
                  Statistics: Num rows: 633595212 Data size: 55895953508 Basic stats: COMPLETE Column stats: NONE
                  value expressions: _col3 (type: int), _col5 (type: decimal(7,2))
        Reducer 3 
            Reduce Operator Tree:
              Join Operator
                condition map:
                     Inner Join 0 to 1
                keys:
                  0 _col1 (type: int), _col2 (type: int), _col4 (type: int)
                  1 _col8 (type: int), _col9 (type: int), _col10 (type: int)
                outputColumnNames: _col1, _col3, _col5, _col12, _col20
                Statistics: Num rows: 696954748 Data size: 61485550191 Basic stats: COMPLETE Column stats: NONE
                Reduce Output Operator
                  key expressions: _col1 (type: int)
                  sort order: +
                  Map-reduce partition columns: _col1 (type: int)
                  Statistics: Num rows: 696954748 Data size: 61485550191 Basic stats: COMPLETE Column stats: NONE
                  value expressions: _col3 (type: int), _col5 (type: decimal(7,2)), _col12 (type: decimal(7,2)), _col20 (type: decimal(7,2))
        Reducer 4 
            Local Work:
              Map Reduce Local Work
            Reduce Operator Tree:
              Join Operator
                condition map:
                     Inner Join 0 to 1
                keys:
                  0 _col1 (type: int)
                  1 _col0 (type: int)
                outputColumnNames: _col3, _col5, _col12, _col20, _col25, _col26
                Statistics: Num rows: 766650239 Data size: 67634106676 Basic stats: COMPLETE Column stats: NONE
                Map Join Operator
                  condition map:
                       Inner Join 0 to 1
                  keys:
                    0 _col3 (type: int)
                    1 _col0 (type: int)
                  outputColumnNames: _col5, _col12, _col20, _col25, _col26, _col28, _col29
                  input vertices:
                    1 Map 14
                  Statistics: Num rows: 843315281 Data size: 74397518956 Basic stats: COMPLETE Column stats: NONE
                  Group By Operator
                    aggregations: sum(_col5), sum(_col20), sum(_col12)
                    keys: _col25 (type: string), _col26 (type: string), _col28 (type: string), _col29 (type: string)
                    mode: hash
                    outputColumnNames: _col0, _col1, _col2, _col3, _col4, _col5, _col6
                    Statistics: Num rows: 843315281 Data size: 74397518956 Basic stats: COMPLETE Column stats: NONE
                    Reduce Output Operator
                      key expressions: _col0 (type: string), _col1 (type: string), _col2 (type: string), _col3 (type: string)
                      sort order: ++++
                      Map-reduce partition columns: _col0 (type: string), _col1 (type: string), _col2 (type: string), _col3 (type: string)
                      Statistics: Num rows: 843315281 Data size: 74397518956 Basic stats: COMPLETE Column stats: NONE
                      TopN Hash Memory Usage: 0.1
                      value expressions: _col4 (type: decimal(17,2)), _col5 (type: decimal(17,2)), _col6 (type: decimal(17,2))
        Reducer 5 
            Execution mode: vectorized
            Reduce Operator Tree:
              Group By Operator
                aggregations: sum(VALUE._col0), sum(VALUE._col1), sum(VALUE._col2)
                keys: KEY._col0 (type: string), KEY._col1 (type: string), KEY._col2 (type: string), KEY._col3 (type: string)
                mode: mergepartial
                outputColumnNames: _col0, _col1, _col2, _col3, _col4, _col5, _col6
                Statistics: Num rows: 421657640 Data size: 37198759433 Basic stats: COMPLETE Column stats: NONE
                Reduce Output Operator
                  key expressions: _col0 (type: string), _col1 (type: string), _col2 (type: string), _col3 (type: string)
                  sort order: ++++
                  Statistics: Num rows: 421657640 Data size: 37198759433 Basic stats: COMPLETE Column stats: NONE
                  TopN Hash Memory Usage: 0.1
                  value expressions: _col4 (type: decimal(17,2)), _col5 (type: decimal(17,2)), _col6 (type: decimal(17,2))
        Reducer 6 
            Execution mode: vectorized
            Reduce Operator Tree:
              Select Operator
                expressions: KEY.reducesinkkey0 (type: string), KEY.reducesinkkey1 (type: string), KEY.reducesinkkey2 (type: string), KEY.reducesinkkey3 (type: string), VALUE._col0 (type: decimal(17,2)), VALUE._col1 (type: decimal(17,2)), VALUE._col2 (type: decimal(17,2))
                outputColumnNames: _col0, _col1, _col2, _col3, _col4, _col5, _col6
                Statistics: Num rows: 421657640 Data size: 37198759433 Basic stats: COMPLETE Column stats: NONE
                Limit
                  Number of rows: 100
                  Statistics: Num rows: 100 Data size: 8800 Basic stats: COMPLETE Column stats: NONE
                  File Output Operator
                    compressed: false
                    Statistics: Num rows: 100 Data size: 8800 Basic stats: COMPLETE Column stats: NONE
                    table:
                        input format: org.apache.hadoop.mapred.SequenceFileInputFormat
                        output format: org.apache.hadoop.hive.ql.io.HiveSequenceFileOutputFormat
                        serde: org.apache.hadoop.hive.serde2.lazy.LazySimpleSerDe
        Reducer 9 
            Reduce Operator Tree:
              Join Operator
                condition map:
                     Inner Join 0 to 1
                keys:
                  0 _col2 (type: int), _col1 (type: int)
                  1 _col1 (type: int), _col2 (type: int)
                outputColumnNames: _col3, _col8, _col9, _col10, _col11
                Statistics: Num rows: 348467716 Data size: 47189528877 Basic stats: COMPLETE Column stats: NONE
                Reduce Output Operator
                  key expressions: _col8 (type: int), _col9 (type: int), _col10 (type: int)
                  sort order: +++
                  Map-reduce partition columns: _col8 (type: int), _col9 (type: int), _col10 (type: int)
                  Statistics: Num rows: 348467716 Data size: 47189528877 Basic stats: COMPLETE Column stats: NONE
                  value expressions: _col3 (type: decimal(7,2)), _col11 (type: decimal(7,2))

  Stage: Stage-0
    Fetch Operator
      limit: 100
      Processor Tree:
        ListSink

