PREHOOK: query: DROP TABLE IF EXISTS alltypesorc_small
PREHOOK: type: DROPTABLE
POSTHOOK: query: DROP TABLE IF EXISTS alltypesorc_small
POSTHOOK: type: DROPTABLE
PREHOOK: query: CREATE TABLE alltypesorc_small(
    ctinyint TINYINT,
    csmallint SMALLINT,
    cint INT,
    cbigint BIGINT,
    cfloat FLOAT,
    cdouble DOUBLE,
    cstring1 STRING,
    cstring2 STRING,
    ctimestamp1 TIMESTAMP,
    cboolean1 BOOLEAN,
    cboolean2 BOOLEAN)
    STORED AS ORC
PREHOOK: type: CREATETABLE
PREHOOK: Output: database:default
PREHOOK: Output: default@alltypesorc_small
POSTHOOK: query: CREATE TABLE alltypesorc_small(
    ctinyint TINYINT,
    csmallint SMALLINT,
    cint INT,
    cbigint BIGINT,
    cfloat FLOAT,
    cdouble DOUBLE,
    cstring1 STRING,
    cstring2 STRING,
    ctimestamp1 TIMESTAMP,
    cboolean1 BOOLEAN,
    cboolean2 BOOLEAN)
    STORED AS ORC
POSTHOOK: type: CREATETABLE
POSTHOOK: Output: database:default
POSTHOOK: Output: default@alltypesorc_small
PREHOOK: query: Insert into table alltypesorc_small
Select ctinyint, csmallint, cint, cbigint, cfloat, cdouble, cstring1, cstring2, cast(`__time` as timestamp), cboolean1, cboolean2 from druid_table_alltypesorc where cstring2 like '%a%' and cstring1 like '%a%'
PREHOOK: type: QUERY
PREHOOK: Input: default@druid_table_alltypesorc
PREHOOK: Output: default@alltypesorc_small
POSTHOOK: query: Insert into table alltypesorc_small
Select ctinyint, csmallint, cint, cbigint, cfloat, cdouble, cstring1, cstring2, cast(`__time` as timestamp), cboolean1, cboolean2 from druid_table_alltypesorc where cstring2 like '%a%' and cstring1 like '%a%'
POSTHOOK: type: QUERY
POSTHOOK: Input: default@druid_table_alltypesorc
POSTHOOK: Output: default@alltypesorc_small
POSTHOOK: Lineage: alltypesorc_small.cbigint SIMPLE [(druid_table_alltypesorc)druid_table_alltypesorc.FieldSchema(name:cbigint, type:bigint, comment:from deserializer), ]
POSTHOOK: Lineage: alltypesorc_small.cboolean1 SIMPLE [(druid_table_alltypesorc)druid_table_alltypesorc.FieldSchema(name:cboolean1, type:boolean, comment:from deserializer), ]
POSTHOOK: Lineage: alltypesorc_small.cboolean2 SIMPLE [(druid_table_alltypesorc)druid_table_alltypesorc.FieldSchema(name:cboolean2, type:boolean, comment:from deserializer), ]
POSTHOOK: Lineage: alltypesorc_small.cdouble SIMPLE [(druid_table_alltypesorc)druid_table_alltypesorc.FieldSchema(name:cdouble, type:double, comment:from deserializer), ]
POSTHOOK: Lineage: alltypesorc_small.cfloat SIMPLE [(druid_table_alltypesorc)druid_table_alltypesorc.FieldSchema(name:cfloat, type:float, comment:from deserializer), ]
POSTHOOK: Lineage: alltypesorc_small.cint SIMPLE [(druid_table_alltypesorc)druid_table_alltypesorc.FieldSchema(name:cint, type:int, comment:from deserializer), ]
POSTHOOK: Lineage: alltypesorc_small.csmallint SIMPLE [(druid_table_alltypesorc)druid_table_alltypesorc.FieldSchema(name:csmallint, type:smallint, comment:from deserializer), ]
POSTHOOK: Lineage: alltypesorc_small.cstring1 SIMPLE [(druid_table_alltypesorc)druid_table_alltypesorc.FieldSchema(name:cstring1, type:string, comment:from deserializer), ]
POSTHOOK: Lineage: alltypesorc_small.cstring2 SIMPLE [(druid_table_alltypesorc)druid_table_alltypesorc.FieldSchema(name:cstring2, type:string, comment:from deserializer), ]
POSTHOOK: Lineage: alltypesorc_small.ctimestamp1 SIMPLE [(druid_table_alltypesorc)druid_table_alltypesorc.FieldSchema(name:vc, type:timestamp, comment:from deserializer), ]
POSTHOOK: Lineage: alltypesorc_small.ctinyint SIMPLE [(druid_table_alltypesorc)druid_table_alltypesorc.FieldSchema(name:ctinyint, type:tinyint, comment:from deserializer), ]
PREHOOK: query: Select count(*) from alltypesorc_small
PREHOOK: type: QUERY
PREHOOK: Input: default@alltypesorc_small
PREHOOK: Output: hdfs://### HDFS PATH ###
POSTHOOK: query: Select count(*) from alltypesorc_small
POSTHOOK: type: QUERY
POSTHOOK: Input: default@alltypesorc_small
POSTHOOK: Output: hdfs://### HDFS PATH ###
69
PREHOOK: query: Select count(*) from druid_table_alltypesorc
PREHOOK: type: QUERY
PREHOOK: Input: default@druid_table_alltypesorc
PREHOOK: Output: hdfs://### HDFS PATH ###
POSTHOOK: query: Select count(*) from druid_table_alltypesorc
POSTHOOK: type: QUERY
POSTHOOK: Input: default@druid_table_alltypesorc
POSTHOOK: Output: hdfs://### HDFS PATH ###
9173
PREHOOK: query: DESCRIBE druid_table_alltypesorc
PREHOOK: type: DESCTABLE
PREHOOK: Input: default@druid_table_alltypesorc
POSTHOOK: query: DESCRIBE druid_table_alltypesorc
POSTHOOK: type: DESCTABLE
POSTHOOK: Input: default@druid_table_alltypesorc
__time              	timestamp with local time zone	from deserializer   
cstring1            	string              	from deserializer   
cstring2            	string              	from deserializer   
cdouble             	double              	from deserializer   
cfloat              	float               	from deserializer   
ctinyint            	tinyint             	from deserializer   
csmallint           	smallint            	from deserializer   
cint                	int                 	from deserializer   
cbigint             	bigint              	from deserializer   
cboolean1           	boolean             	from deserializer   
cboolean2           	boolean             	from deserializer   
cintstring          	string              	from deserializer   
cfloatstring        	string              	from deserializer   
cdoublestring       	string              	from deserializer   
PREHOOK: query: DESCRIBE alltypesorc_small
PREHOOK: type: DESCTABLE
PREHOOK: Input: default@alltypesorc_small
POSTHOOK: query: DESCRIBE alltypesorc_small
POSTHOOK: type: DESCTABLE
POSTHOOK: Input: default@alltypesorc_small
ctinyint            	tinyint             	                    
csmallint           	smallint            	                    
cint                	int                 	                    
cbigint             	bigint              	                    
cfloat              	float               	                    
cdouble             	double              	                    
cstring1            	string              	                    
cstring2            	string              	                    
ctimestamp1         	timestamp           	                    
cboolean1           	boolean             	                    
cboolean2           	boolean             	                    
PREHOOK: query: EXPLAIN select count(*) from alltypesorc_small join druid_table_alltypesorc on (alltypesorc_small.cstring1 = druid_table_alltypesorc.cstring1)
PREHOOK: type: QUERY
PREHOOK: Input: default@alltypesorc_small
PREHOOK: Input: default@druid_table_alltypesorc
PREHOOK: Output: hdfs://### HDFS PATH ###
POSTHOOK: query: EXPLAIN select count(*) from alltypesorc_small join druid_table_alltypesorc on (alltypesorc_small.cstring1 = druid_table_alltypesorc.cstring1)
POSTHOOK: type: QUERY
POSTHOOK: Input: default@alltypesorc_small
POSTHOOK: Input: default@druid_table_alltypesorc
POSTHOOK: Output: hdfs://### HDFS PATH ###
STAGE DEPENDENCIES:
  Stage-1 is a root stage
  Stage-0 depends on stages: Stage-1

STAGE PLANS:
  Stage: Stage-1
    Tez
#### A masked pattern was here ####
      Edges:
        Map 5 <- Reducer 4 (BROADCAST_EDGE)
        Reducer 2 <- Map 1 (SIMPLE_EDGE), Map 5 (SIMPLE_EDGE)
        Reducer 3 <- Reducer 2 (CUSTOM_SIMPLE_EDGE)
        Reducer 4 <- Map 1 (CUSTOM_SIMPLE_EDGE)
#### A masked pattern was here ####
      Vertices:
        Map 1 
            Map Operator Tree:
                TableScan
                  alias: alltypesorc_small
                  filterExpr: cstring1 is not null (type: boolean)
                  Statistics: Num rows: 69 Data size: 6969 Basic stats: COMPLETE Column stats: COMPLETE
                  Filter Operator
                    predicate: cstring1 is not null (type: boolean)
                    Statistics: Num rows: 69 Data size: 6969 Basic stats: COMPLETE Column stats: COMPLETE
                    Select Operator
                      expressions: cstring1 (type: string)
                      outputColumnNames: _col0
                      Statistics: Num rows: 69 Data size: 6969 Basic stats: COMPLETE Column stats: COMPLETE
                      Reduce Output Operator
                        key expressions: _col0 (type: string)
                        null sort order: a
                        sort order: +
                        Map-reduce partition columns: _col0 (type: string)
                        Statistics: Num rows: 69 Data size: 6969 Basic stats: COMPLETE Column stats: COMPLETE
                      Select Operator
                        expressions: _col0 (type: string)
                        outputColumnNames: _col0
                        Statistics: Num rows: 69 Data size: 6969 Basic stats: COMPLETE Column stats: COMPLETE
                        Group By Operator
                          aggregations: min(_col0), max(_col0), bloom_filter(_col0, expectedEntries=69)
                          minReductionHashAggr: 0.98550725
                          mode: hash
                          outputColumnNames: _col0, _col1, _col2
                          Statistics: Num rows: 1 Data size: 552 Basic stats: COMPLETE Column stats: COMPLETE
                          Reduce Output Operator
                            null sort order: 
                            sort order: 
                            Statistics: Num rows: 1 Data size: 552 Basic stats: COMPLETE Column stats: COMPLETE
                            value expressions: _col0 (type: string), _col1 (type: string), _col2 (type: binary)
            Execution mode: vectorized, llap
            LLAP IO: all inputs
        Map 5 
            Map Operator Tree:
                TableScan
                  alias: druid_table_alltypesorc
                  filterExpr: (cstring1 BETWEEN DynamicValue(RS_4_alltypesorc_small_cstring1_min) AND DynamicValue(RS_4_alltypesorc_small_cstring1_max) and in_bloom_filter(cstring1, DynamicValue(RS_4_alltypesorc_small_cstring1_bloom_filter))) (type: boolean)
                  properties:
                    druid.fieldNames cstring1
                    druid.fieldTypes string
                    druid.query.json {"queryType":"scan","dataSource":{"type":"table","name":"default.druid_table_alltypesorc"},"intervals":{"type":"LegacySegmentSpec","intervals":["1900-01-01T00:00:00.000Z/3000-01-01T00:00:00.000Z"]},"virtualColumns":[],"resultFormat":"compactedList","batchSize":20480,"limit":9223372036854775807,"filter":{"type":"and","fields":[{"type":"and","fields":[{"type":"bound","dimension":"cstring1","lower":"DynamicValue(RS_4_alltypesorc_small_cstring1_min)","upper":"DynamicValue(RS_4_alltypesorc_small_cstring1_max)","lowerStrict":false,"upperStrict":false,"extractionFn":null,"ordering":{"type":"lexicographic"}},{"type":"bloom","dimension":"cstring1","bloomKFilter":"BAAAAAgAAAAAAAAAAAAAAAAAAAAAAAAAAAAAAAAAAAAAAAAAAAAAAAAAAAAAAAAAAAAAAAAAAAAAAAAAAAAAAAAAAAAA","extractionFn":null}]},{"type":"not","field":{"type":"selector","dimension":"cstring1","value":null,"extractionFn":null}}]},"columns":["cstring1"],"legacy":null,"context":null,"descending":false,"granularity":{"type":"all"}}
                    druid.query.type scan
                  Statistics: Num rows: 9173 Data size: 1603744 Basic stats: COMPLETE Column stats: NONE
                  Filter Operator
                    predicate: (cstring1 BETWEEN DynamicValue(RS_4_alltypesorc_small_cstring1_min) AND DynamicValue(RS_4_alltypesorc_small_cstring1_max) and in_bloom_filter(cstring1, DynamicValue(RS_4_alltypesorc_small_cstring1_bloom_filter))) (type: boolean)
                    Statistics: Num rows: 9173 Data size: 1603744 Basic stats: COMPLETE Column stats: NONE
                    Reduce Output Operator
                      key expressions: cstring1 (type: string)
                      null sort order: a
                      sort order: +
                      Map-reduce partition columns: cstring1 (type: string)
                      Statistics: Num rows: 9173 Data size: 1603744 Basic stats: COMPLETE Column stats: NONE
            Execution mode: vectorized, llap
            LLAP IO: no inputs
        Reducer 2 
            Execution mode: llap
            Reduce Operator Tree:
              Merge Join Operator
                condition map:
                     Inner Join 0 to 1
                keys:
                  0 _col0 (type: string)
                  1 cstring1 (type: string)
                Statistics: Num rows: 10090 Data size: 1764118 Basic stats: COMPLETE Column stats: NONE
                Group By Operator
                  aggregations: count()
                  minReductionHashAggr: 0.99
                  mode: hash
                  outputColumnNames: _col0
                  Statistics: Num rows: 1 Data size: 8 Basic stats: COMPLETE Column stats: NONE
                  Reduce Output Operator
                    null sort order: 
                    sort order: 
                    Statistics: Num rows: 1 Data size: 8 Basic stats: COMPLETE Column stats: NONE
                    value expressions: _col0 (type: bigint)
        Reducer 3 
            Execution mode: vectorized, llap
            Reduce Operator Tree:
              Group By Operator
                aggregations: count(VALUE._col0)
                mode: mergepartial
                outputColumnNames: _col0
                Statistics: Num rows: 1 Data size: 8 Basic stats: COMPLETE Column stats: NONE
                File Output Operator
                  compressed: false
                  Statistics: Num rows: 1 Data size: 8 Basic stats: COMPLETE Column stats: NONE
                  table:
                      input format: org.apache.hadoop.mapred.SequenceFileInputFormat
                      output format: org.apache.hadoop.hive.ql.io.HiveSequenceFileOutputFormat
                      serde: org.apache.hadoop.hive.serde2.lazy.LazySimpleSerDe
        Reducer 4 
            Execution mode: vectorized, llap
            Reduce Operator Tree:
              Group By Operator
                aggregations: min(VALUE._col0), max(VALUE._col1), bloom_filter(VALUE._col2, expectedEntries=69)
                mode: final
                outputColumnNames: _col0, _col1, _col2
                Statistics: Num rows: 1 Data size: 552 Basic stats: COMPLETE Column stats: COMPLETE
                Reduce Output Operator
                  null sort order: 
                  sort order: 
                  Statistics: Num rows: 1 Data size: 552 Basic stats: COMPLETE Column stats: COMPLETE
                  value expressions: _col0 (type: string), _col1 (type: string), _col2 (type: binary)

  Stage: Stage-0
    Fetch Operator
      limit: -1
      Processor Tree:
        ListSink

PREHOOK: query: select count(*) from alltypesorc_small join druid_table_alltypesorc on (alltypesorc_small.cstring1 = druid_table_alltypesorc.cstring1)
PREHOOK: type: QUERY
PREHOOK: Input: default@alltypesorc_small
PREHOOK: Input: default@druid_table_alltypesorc
PREHOOK: Output: hdfs://### HDFS PATH ###
POSTHOOK: query: select count(*) from alltypesorc_small join druid_table_alltypesorc on (alltypesorc_small.cstring1 = druid_table_alltypesorc.cstring1)
POSTHOOK: type: QUERY
POSTHOOK: Input: default@alltypesorc_small
POSTHOOK: Input: default@druid_table_alltypesorc
POSTHOOK: Output: hdfs://### HDFS PATH ###
69
PREHOOK: query: select count(*) from alltypesorc_small join druid_table_alltypesorc on (alltypesorc_small.cstring1 = druid_table_alltypesorc.cstring1)
PREHOOK: type: QUERY
PREHOOK: Input: default@alltypesorc_small
PREHOOK: Input: default@druid_table_alltypesorc
PREHOOK: Output: hdfs://### HDFS PATH ###
POSTHOOK: query: select count(*) from alltypesorc_small join druid_table_alltypesorc on (alltypesorc_small.cstring1 = druid_table_alltypesorc.cstring1)
POSTHOOK: type: QUERY
POSTHOOK: Input: default@alltypesorc_small
POSTHOOK: Input: default@druid_table_alltypesorc
POSTHOOK: Output: hdfs://### HDFS PATH ###
69
PREHOOK: query: EXPLAIN select count(*) from alltypesorc_small join druid_table_alltypesorc on (alltypesorc_small.ctinyint = druid_table_alltypesorc.ctinyint)
PREHOOK: type: QUERY
PREHOOK: Input: default@alltypesorc_small
PREHOOK: Input: default@druid_table_alltypesorc
PREHOOK: Output: hdfs://### HDFS PATH ###
POSTHOOK: query: EXPLAIN select count(*) from alltypesorc_small join druid_table_alltypesorc on (alltypesorc_small.ctinyint = druid_table_alltypesorc.ctinyint)
POSTHOOK: type: QUERY
POSTHOOK: Input: default@alltypesorc_small
POSTHOOK: Input: default@druid_table_alltypesorc
POSTHOOK: Output: hdfs://### HDFS PATH ###
STAGE DEPENDENCIES:
  Stage-1 is a root stage
  Stage-0 depends on stages: Stage-1

STAGE PLANS:
  Stage: Stage-1
    Tez
#### A masked pattern was here ####
      Edges:
        Map 5 <- Reducer 4 (BROADCAST_EDGE)
        Reducer 2 <- Map 1 (SIMPLE_EDGE), Map 5 (SIMPLE_EDGE)
        Reducer 3 <- Reducer 2 (CUSTOM_SIMPLE_EDGE)
        Reducer 4 <- Map 1 (CUSTOM_SIMPLE_EDGE)
#### A masked pattern was here ####
      Vertices:
        Map 1 
            Map Operator Tree:
                TableScan
                  alias: alltypesorc_small
                  filterExpr: ctinyint is not null (type: boolean)
                  Statistics: Num rows: 69 Data size: 276 Basic stats: COMPLETE Column stats: COMPLETE
                  Filter Operator
                    predicate: ctinyint is not null (type: boolean)
                    Statistics: Num rows: 69 Data size: 276 Basic stats: COMPLETE Column stats: COMPLETE
                    Select Operator
                      expressions: ctinyint (type: tinyint)
                      outputColumnNames: _col0
                      Statistics: Num rows: 69 Data size: 276 Basic stats: COMPLETE Column stats: COMPLETE
                      Reduce Output Operator
                        key expressions: _col0 (type: tinyint)
                        null sort order: a
                        sort order: +
                        Map-reduce partition columns: _col0 (type: tinyint)
                        Statistics: Num rows: 69 Data size: 276 Basic stats: COMPLETE Column stats: COMPLETE
                      Select Operator
                        expressions: _col0 (type: tinyint)
                        outputColumnNames: _col0
                        Statistics: Num rows: 69 Data size: 276 Basic stats: COMPLETE Column stats: COMPLETE
                        Group By Operator
                          aggregations: min(_col0), max(_col0), bloom_filter(_col0, expectedEntries=3)
                          minReductionHashAggr: 0.98550725
                          mode: hash
                          outputColumnNames: _col0, _col1, _col2
                          Statistics: Num rows: 1 Data size: 12 Basic stats: COMPLETE Column stats: COMPLETE
                          Reduce Output Operator
                            null sort order: 
                            sort order: 
                            Statistics: Num rows: 1 Data size: 12 Basic stats: COMPLETE Column stats: COMPLETE
                            value expressions: _col0 (type: tinyint), _col1 (type: tinyint), _col2 (type: binary)
            Execution mode: vectorized, llap
            LLAP IO: all inputs
        Map 5 
            Map Operator Tree:
                TableScan
                  alias: druid_table_alltypesorc
                  filterExpr: (ctinyint BETWEEN DynamicValue(RS_4_alltypesorc_small_ctinyint_min) AND DynamicValue(RS_4_alltypesorc_small_ctinyint_max) and in_bloom_filter(ctinyint, DynamicValue(RS_4_alltypesorc_small_ctinyint_bloom_filter))) (type: boolean)
                  properties:
                    druid.fieldNames ctinyint
                    druid.fieldTypes tinyint
                    druid.query.json {"queryType":"scan","dataSource":{"type":"table","name":"default.druid_table_alltypesorc"},"intervals":{"type":"LegacySegmentSpec","intervals":["1900-01-01T00:00:00.000Z/3000-01-01T00:00:00.000Z"]},"virtualColumns":[],"resultFormat":"compactedList","batchSize":20480,"limit":9223372036854775807,"filter":{"type":"and","fields":[{"type":"and","fields":[{"type":"bound","dimension":"ctinyint","lower":"DynamicValue(RS_4_alltypesorc_small_ctinyint_min)","upper":"DynamicValue(RS_4_alltypesorc_small_ctinyint_max)","lowerStrict":false,"upperStrict":false,"extractionFn":null,"ordering":{"type":"numeric"}},{"type":"bloom","dimension":"ctinyint","bloomKFilter":"BAAAAAgAAAAAAAAAAAAAAAAAAAAAAAAAAAAAAAAAAAAAAAAAAAAAAAAAAAAAAAAAAAAAAAAAAAAAAAAAAAAAAAAAAAAA","extractionFn":null}]},{"type":"not","field":{"type":"selector","dimension":"ctinyint","value":null,"extractionFn":null}}]},"columns":["ctinyint"],"legacy":null,"context":null,"descending":false,"granularity":{"type":"all"}}
                    druid.query.type scan
                  Statistics: Num rows: 9173 Data size: 34864 Basic stats: COMPLETE Column stats: NONE
                  Filter Operator
                    predicate: (ctinyint BETWEEN DynamicValue(RS_4_alltypesorc_small_ctinyint_min) AND DynamicValue(RS_4_alltypesorc_small_ctinyint_max) and in_bloom_filter(ctinyint, DynamicValue(RS_4_alltypesorc_small_ctinyint_bloom_filter))) (type: boolean)
                    Statistics: Num rows: 9173 Data size: 34864 Basic stats: COMPLETE Column stats: NONE
                    Reduce Output Operator
                      key expressions: ctinyint (type: tinyint)
                      null sort order: a
                      sort order: +
                      Map-reduce partition columns: ctinyint (type: tinyint)
                      Statistics: Num rows: 9173 Data size: 34864 Basic stats: COMPLETE Column stats: NONE
            Execution mode: vectorized, llap
            LLAP IO: no inputs
        Reducer 2 
            Execution mode: llap
            Reduce Operator Tree:
              Merge Join Operator
                condition map:
                     Inner Join 0 to 1
                keys:
                  0 _col0 (type: tinyint)
                  1 ctinyint (type: tinyint)
                Statistics: Num rows: 10090 Data size: 38350 Basic stats: COMPLETE Column stats: NONE
                Group By Operator
                  aggregations: count()
                  minReductionHashAggr: 0.99
                  mode: hash
                  outputColumnNames: _col0
                  Statistics: Num rows: 1 Data size: 8 Basic stats: COMPLETE Column stats: NONE
                  Reduce Output Operator
                    null sort order: 
                    sort order: 
                    Statistics: Num rows: 1 Data size: 8 Basic stats: COMPLETE Column stats: NONE
                    value expressions: _col0 (type: bigint)
        Reducer 3 
            Execution mode: vectorized, llap
            Reduce Operator Tree:
              Group By Operator
                aggregations: count(VALUE._col0)
                mode: mergepartial
                outputColumnNames: _col0
                Statistics: Num rows: 1 Data size: 8 Basic stats: COMPLETE Column stats: NONE
                File Output Operator
                  compressed: false
                  Statistics: Num rows: 1 Data size: 8 Basic stats: COMPLETE Column stats: NONE
                  table:
                      input format: org.apache.hadoop.mapred.SequenceFileInputFormat
                      output format: org.apache.hadoop.hive.ql.io.HiveSequenceFileOutputFormat
                      serde: org.apache.hadoop.hive.serde2.lazy.LazySimpleSerDe
        Reducer 4 
            Execution mode: vectorized, llap
            Reduce Operator Tree:
              Group By Operator
                aggregations: min(VALUE._col0), max(VALUE._col1), bloom_filter(VALUE._col2, expectedEntries=3)
                mode: final
                outputColumnNames: _col0, _col1, _col2
                Statistics: Num rows: 1 Data size: 12 Basic stats: COMPLETE Column stats: COMPLETE
                Reduce Output Operator
                  null sort order: 
                  sort order: 
                  Statistics: Num rows: 1 Data size: 12 Basic stats: COMPLETE Column stats: COMPLETE
                  value expressions: _col0 (type: tinyint), _col1 (type: tinyint), _col2 (type: binary)

  Stage: Stage-0
    Fetch Operator
      limit: -1
      Processor Tree:
        ListSink

PREHOOK: query: select count(*) from alltypesorc_small join druid_table_alltypesorc on (alltypesorc_small.ctinyint = druid_table_alltypesorc.ctinyint)
PREHOOK: type: QUERY
PREHOOK: Input: default@alltypesorc_small
PREHOOK: Input: default@druid_table_alltypesorc
PREHOOK: Output: hdfs://### HDFS PATH ###
POSTHOOK: query: select count(*) from alltypesorc_small join druid_table_alltypesorc on (alltypesorc_small.ctinyint = druid_table_alltypesorc.ctinyint)
POSTHOOK: type: QUERY
POSTHOOK: Input: default@alltypesorc_small
POSTHOOK: Input: default@druid_table_alltypesorc
POSTHOOK: Output: hdfs://### HDFS PATH ###
73895
PREHOOK: query: select count(*) from alltypesorc_small join druid_table_alltypesorc on (alltypesorc_small.ctinyint = druid_table_alltypesorc.ctinyint)
PREHOOK: type: QUERY
PREHOOK: Input: default@alltypesorc_small
PREHOOK: Input: default@druid_table_alltypesorc
PREHOOK: Output: hdfs://### HDFS PATH ###
POSTHOOK: query: select count(*) from alltypesorc_small join druid_table_alltypesorc on (alltypesorc_small.ctinyint = druid_table_alltypesorc.ctinyint)
POSTHOOK: type: QUERY
POSTHOOK: Input: default@alltypesorc_small
POSTHOOK: Input: default@druid_table_alltypesorc
POSTHOOK: Output: hdfs://### HDFS PATH ###
73895
PREHOOK: query: EXPLAIN select count(*) from alltypesorc_small join druid_table_alltypesorc on (alltypesorc_small.csmallint = druid_table_alltypesorc.csmallint)
PREHOOK: type: QUERY
PREHOOK: Input: default@alltypesorc_small
PREHOOK: Input: default@druid_table_alltypesorc
PREHOOK: Output: hdfs://### HDFS PATH ###
POSTHOOK: query: EXPLAIN select count(*) from alltypesorc_small join druid_table_alltypesorc on (alltypesorc_small.csmallint = druid_table_alltypesorc.csmallint)
POSTHOOK: type: QUERY
POSTHOOK: Input: default@alltypesorc_small
POSTHOOK: Input: default@druid_table_alltypesorc
POSTHOOK: Output: hdfs://### HDFS PATH ###
STAGE DEPENDENCIES:
  Stage-1 is a root stage
  Stage-0 depends on stages: Stage-1

STAGE PLANS:
  Stage: Stage-1
    Tez
#### A masked pattern was here ####
      Edges:
        Map 5 <- Reducer 4 (BROADCAST_EDGE)
        Reducer 2 <- Map 1 (SIMPLE_EDGE), Map 5 (SIMPLE_EDGE)
        Reducer 3 <- Reducer 2 (CUSTOM_SIMPLE_EDGE)
        Reducer 4 <- Map 1 (CUSTOM_SIMPLE_EDGE)
#### A masked pattern was here ####
      Vertices:
        Map 1 
            Map Operator Tree:
                TableScan
                  alias: alltypesorc_small
                  filterExpr: csmallint is not null (type: boolean)
                  Statistics: Num rows: 69 Data size: 276 Basic stats: COMPLETE Column stats: COMPLETE
                  Filter Operator
                    predicate: csmallint is not null (type: boolean)
                    Statistics: Num rows: 69 Data size: 276 Basic stats: COMPLETE Column stats: COMPLETE
                    Select Operator
                      expressions: csmallint (type: smallint)
                      outputColumnNames: _col0
                      Statistics: Num rows: 69 Data size: 276 Basic stats: COMPLETE Column stats: COMPLETE
                      Reduce Output Operator
                        key expressions: _col0 (type: smallint)
                        null sort order: a
                        sort order: +
                        Map-reduce partition columns: _col0 (type: smallint)
                        Statistics: Num rows: 69 Data size: 276 Basic stats: COMPLETE Column stats: COMPLETE
                      Select Operator
                        expressions: _col0 (type: smallint)
                        outputColumnNames: _col0
                        Statistics: Num rows: 69 Data size: 276 Basic stats: COMPLETE Column stats: COMPLETE
                        Group By Operator
                          aggregations: min(_col0), max(_col0), bloom_filter(_col0, expectedEntries=1)
                          minReductionHashAggr: 0.98550725
                          mode: hash
                          outputColumnNames: _col0, _col1, _col2
                          Statistics: Num rows: 1 Data size: 12 Basic stats: COMPLETE Column stats: COMPLETE
                          Reduce Output Operator
                            null sort order: 
                            sort order: 
                            Statistics: Num rows: 1 Data size: 12 Basic stats: COMPLETE Column stats: COMPLETE
                            value expressions: _col0 (type: smallint), _col1 (type: smallint), _col2 (type: binary)
            Execution mode: vectorized, llap
            LLAP IO: all inputs
        Map 5 
            Map Operator Tree:
                TableScan
                  alias: druid_table_alltypesorc
                  filterExpr: (csmallint BETWEEN DynamicValue(RS_4_alltypesorc_small_csmallint_min) AND DynamicValue(RS_4_alltypesorc_small_csmallint_max) and in_bloom_filter(csmallint, DynamicValue(RS_4_alltypesorc_small_csmallint_bloom_filter))) (type: boolean)
                  properties:
                    druid.fieldNames csmallint
                    druid.fieldTypes smallint
                    druid.query.json {"queryType":"scan","dataSource":{"type":"table","name":"default.druid_table_alltypesorc"},"intervals":{"type":"LegacySegmentSpec","intervals":["1900-01-01T00:00:00.000Z/3000-01-01T00:00:00.000Z"]},"virtualColumns":[],"resultFormat":"compactedList","batchSize":20480,"limit":9223372036854775807,"filter":{"type":"and","fields":[{"type":"and","fields":[{"type":"bound","dimension":"csmallint","lower":"DynamicValue(RS_4_alltypesorc_small_csmallint_min)","upper":"DynamicValue(RS_4_alltypesorc_small_csmallint_max)","lowerStrict":false,"upperStrict":false,"extractionFn":null,"ordering":{"type":"numeric"}},{"type":"bloom","dimension":"csmallint","bloomKFilter":"BAAAAAgAAAAAAAAAAAAAAAAAAAAAAAAAAAAAAAAAAAAAAAAAAAAAAAAAAAAAAAAAAAAAAAAAAAAAAAAAAAAAAAAAAAAA","extractionFn":null}]},{"type":"not","field":{"type":"selector","dimension":"csmallint","value":null,"extractionFn":null}}]},"columns":["csmallint"],"legacy":null,"context":null,"descending":false,"granularity":{"type":"all"}}
                    druid.query.type scan
                  Statistics: Num rows: 9173 Data size: 34864 Basic stats: COMPLETE Column stats: NONE
                  Filter Operator
                    predicate: (csmallint BETWEEN DynamicValue(RS_4_alltypesorc_small_csmallint_min) AND DynamicValue(RS_4_alltypesorc_small_csmallint_max) and in_bloom_filter(csmallint, DynamicValue(RS_4_alltypesorc_small_csmallint_bloom_filter))) (type: boolean)
                    Statistics: Num rows: 9173 Data size: 34864 Basic stats: COMPLETE Column stats: NONE
                    Reduce Output Operator
                      key expressions: csmallint (type: smallint)
                      null sort order: a
                      sort order: +
                      Map-reduce partition columns: csmallint (type: smallint)
                      Statistics: Num rows: 9173 Data size: 34864 Basic stats: COMPLETE Column stats: NONE
            Execution mode: vectorized, llap
            LLAP IO: no inputs
        Reducer 2 
            Execution mode: llap
            Reduce Operator Tree:
              Merge Join Operator
                condition map:
                     Inner Join 0 to 1
                keys:
                  0 _col0 (type: smallint)
                  1 csmallint (type: smallint)
                Statistics: Num rows: 10090 Data size: 38350 Basic stats: COMPLETE Column stats: NONE
                Group By Operator
                  aggregations: count()
                  minReductionHashAggr: 0.99
                  mode: hash
                  outputColumnNames: _col0
                  Statistics: Num rows: 1 Data size: 8 Basic stats: COMPLETE Column stats: NONE
                  Reduce Output Operator
                    null sort order: 
                    sort order: 
                    Statistics: Num rows: 1 Data size: 8 Basic stats: COMPLETE Column stats: NONE
                    value expressions: _col0 (type: bigint)
        Reducer 3 
            Execution mode: vectorized, llap
            Reduce Operator Tree:
              Group By Operator
                aggregations: count(VALUE._col0)
                mode: mergepartial
                outputColumnNames: _col0
                Statistics: Num rows: 1 Data size: 8 Basic stats: COMPLETE Column stats: NONE
                File Output Operator
                  compressed: false
                  Statistics: Num rows: 1 Data size: 8 Basic stats: COMPLETE Column stats: NONE
                  table:
                      input format: org.apache.hadoop.mapred.SequenceFileInputFormat
                      output format: org.apache.hadoop.hive.ql.io.HiveSequenceFileOutputFormat
                      serde: org.apache.hadoop.hive.serde2.lazy.LazySimpleSerDe
        Reducer 4 
            Execution mode: vectorized, llap
            Reduce Operator Tree:
              Group By Operator
                aggregations: min(VALUE._col0), max(VALUE._col1), bloom_filter(VALUE._col2, expectedEntries=1)
                mode: final
                outputColumnNames: _col0, _col1, _col2
                Statistics: Num rows: 1 Data size: 12 Basic stats: COMPLETE Column stats: COMPLETE
                Reduce Output Operator
                  null sort order: 
                  sort order: 
                  Statistics: Num rows: 1 Data size: 12 Basic stats: COMPLETE Column stats: COMPLETE
                  value expressions: _col0 (type: smallint), _col1 (type: smallint), _col2 (type: binary)

  Stage: Stage-0
    Fetch Operator
      limit: -1
      Processor Tree:
        ListSink

PREHOOK: query: select count(*) from alltypesorc_small join druid_table_alltypesorc on (alltypesorc_small.csmallint = druid_table_alltypesorc.csmallint)
PREHOOK: type: QUERY
PREHOOK: Input: default@alltypesorc_small
PREHOOK: Input: default@druid_table_alltypesorc
PREHOOK: Output: hdfs://### HDFS PATH ###
POSTHOOK: query: select count(*) from alltypesorc_small join druid_table_alltypesorc on (alltypesorc_small.csmallint = druid_table_alltypesorc.csmallint)
POSTHOOK: type: QUERY
POSTHOOK: Input: default@alltypesorc_small
POSTHOOK: Input: default@druid_table_alltypesorc
POSTHOOK: Output: hdfs://### HDFS PATH ###
211968
PREHOOK: query: select count(*) from alltypesorc_small join druid_table_alltypesorc on (alltypesorc_small.csmallint = druid_table_alltypesorc.csmallint)
PREHOOK: type: QUERY
PREHOOK: Input: default@alltypesorc_small
PREHOOK: Input: default@druid_table_alltypesorc
PREHOOK: Output: hdfs://### HDFS PATH ###
POSTHOOK: query: select count(*) from alltypesorc_small join druid_table_alltypesorc on (alltypesorc_small.csmallint = druid_table_alltypesorc.csmallint)
POSTHOOK: type: QUERY
POSTHOOK: Input: default@alltypesorc_small
POSTHOOK: Input: default@druid_table_alltypesorc
POSTHOOK: Output: hdfs://### HDFS PATH ###
211968
PREHOOK: query: EXPLAIN select count(*) from alltypesorc_small join druid_table_alltypesorc on (alltypesorc_small.cint = druid_table_alltypesorc.cint)
PREHOOK: type: QUERY
PREHOOK: Input: default@alltypesorc_small
PREHOOK: Input: default@druid_table_alltypesorc
PREHOOK: Output: hdfs://### HDFS PATH ###
POSTHOOK: query: EXPLAIN select count(*) from alltypesorc_small join druid_table_alltypesorc on (alltypesorc_small.cint = druid_table_alltypesorc.cint)
POSTHOOK: type: QUERY
POSTHOOK: Input: default@alltypesorc_small
POSTHOOK: Input: default@druid_table_alltypesorc
POSTHOOK: Output: hdfs://### HDFS PATH ###
STAGE DEPENDENCIES:
  Stage-1 is a root stage
  Stage-0 depends on stages: Stage-1

STAGE PLANS:
  Stage: Stage-1
    Tez
#### A masked pattern was here ####
      Edges:
        Map 5 <- Reducer 4 (BROADCAST_EDGE)
        Reducer 2 <- Map 1 (SIMPLE_EDGE), Map 5 (SIMPLE_EDGE)
        Reducer 3 <- Reducer 2 (CUSTOM_SIMPLE_EDGE)
        Reducer 4 <- Map 1 (CUSTOM_SIMPLE_EDGE)
#### A masked pattern was here ####
      Vertices:
        Map 1 
            Map Operator Tree:
                TableScan
                  alias: alltypesorc_small
                  filterExpr: cint is not null (type: boolean)
                  Statistics: Num rows: 69 Data size: 276 Basic stats: COMPLETE Column stats: COMPLETE
                  Filter Operator
                    predicate: cint is not null (type: boolean)
                    Statistics: Num rows: 69 Data size: 276 Basic stats: COMPLETE Column stats: COMPLETE
                    Select Operator
                      expressions: cint (type: int)
                      outputColumnNames: _col0
                      Statistics: Num rows: 69 Data size: 276 Basic stats: COMPLETE Column stats: COMPLETE
                      Reduce Output Operator
                        key expressions: _col0 (type: int)
                        null sort order: a
                        sort order: +
                        Map-reduce partition columns: _col0 (type: int)
                        Statistics: Num rows: 69 Data size: 276 Basic stats: COMPLETE Column stats: COMPLETE
                      Select Operator
                        expressions: _col0 (type: int)
                        outputColumnNames: _col0
                        Statistics: Num rows: 69 Data size: 276 Basic stats: COMPLETE Column stats: COMPLETE
                        Group By Operator
                          aggregations: min(_col0), max(_col0), bloom_filter(_col0, expectedEntries=69)
                          minReductionHashAggr: 0.98550725
                          mode: hash
                          outputColumnNames: _col0, _col1, _col2
                          Statistics: Num rows: 1 Data size: 12 Basic stats: COMPLETE Column stats: COMPLETE
                          Reduce Output Operator
                            null sort order: 
                            sort order: 
                            Statistics: Num rows: 1 Data size: 12 Basic stats: COMPLETE Column stats: COMPLETE
                            value expressions: _col0 (type: int), _col1 (type: int), _col2 (type: binary)
            Execution mode: vectorized, llap
            LLAP IO: all inputs
        Map 5 
            Map Operator Tree:
                TableScan
                  alias: druid_table_alltypesorc
                  filterExpr: (cint BETWEEN DynamicValue(RS_4_alltypesorc_small_cint_min) AND DynamicValue(RS_4_alltypesorc_small_cint_max) and in_bloom_filter(cint, DynamicValue(RS_4_alltypesorc_small_cint_bloom_filter))) (type: boolean)
                  properties:
                    druid.fieldNames cint
                    druid.fieldTypes int
                    druid.query.json {"queryType":"scan","dataSource":{"type":"table","name":"default.druid_table_alltypesorc"},"intervals":{"type":"LegacySegmentSpec","intervals":["1900-01-01T00:00:00.000Z/3000-01-01T00:00:00.000Z"]},"virtualColumns":[],"resultFormat":"compactedList","batchSize":20480,"limit":9223372036854775807,"filter":{"type":"and","fields":[{"type":"and","fields":[{"type":"bound","dimension":"cint","lower":"DynamicValue(RS_4_alltypesorc_small_cint_min)","upper":"DynamicValue(RS_4_alltypesorc_small_cint_max)","lowerStrict":false,"upperStrict":false,"extractionFn":null,"ordering":{"type":"numeric"}},{"type":"bloom","dimension":"cint","bloomKFilter":"BAAAAAgAAAAAAAAAAAAAAAAAAAAAAAAAAAAAAAAAAAAAAAAAAAAAAAAAAAAAAAAAAAAAAAAAAAAAAAAAAAAAAAAAAAAA","extractionFn":null}]},{"type":"not","field":{"type":"selector","dimension":"cint","value":null,"extractionFn":null}}]},"columns":["cint"],"legacy":null,"context":null,"descending":false,"granularity":{"type":"all"}}
                    druid.query.type scan
                  Statistics: Num rows: 9173 Data size: 34864 Basic stats: COMPLETE Column stats: NONE
                  Filter Operator
                    predicate: (cint BETWEEN DynamicValue(RS_4_alltypesorc_small_cint_min) AND DynamicValue(RS_4_alltypesorc_small_cint_max) and in_bloom_filter(cint, DynamicValue(RS_4_alltypesorc_small_cint_bloom_filter))) (type: boolean)
                    Statistics: Num rows: 9173 Data size: 34864 Basic stats: COMPLETE Column stats: NONE
                    Reduce Output Operator
                      key expressions: cint (type: int)
                      null sort order: a
                      sort order: +
                      Map-reduce partition columns: cint (type: int)
                      Statistics: Num rows: 9173 Data size: 34864 Basic stats: COMPLETE Column stats: NONE
            Execution mode: vectorized, llap
            LLAP IO: no inputs
        Reducer 2 
            Execution mode: llap
            Reduce Operator Tree:
              Merge Join Operator
                condition map:
                     Inner Join 0 to 1
                keys:
                  0 _col0 (type: int)
                  1 cint (type: int)
                Statistics: Num rows: 10090 Data size: 38350 Basic stats: COMPLETE Column stats: NONE
                Group By Operator
                  aggregations: count()
                  minReductionHashAggr: 0.99
                  mode: hash
                  outputColumnNames: _col0
                  Statistics: Num rows: 1 Data size: 8 Basic stats: COMPLETE Column stats: NONE
                  Reduce Output Operator
                    null sort order: 
                    sort order: 
                    Statistics: Num rows: 1 Data size: 8 Basic stats: COMPLETE Column stats: NONE
                    value expressions: _col0 (type: bigint)
        Reducer 3 
            Execution mode: vectorized, llap
            Reduce Operator Tree:
              Group By Operator
                aggregations: count(VALUE._col0)
                mode: mergepartial
                outputColumnNames: _col0
                Statistics: Num rows: 1 Data size: 8 Basic stats: COMPLETE Column stats: NONE
                File Output Operator
                  compressed: false
                  Statistics: Num rows: 1 Data size: 8 Basic stats: COMPLETE Column stats: NONE
                  table:
                      input format: org.apache.hadoop.mapred.SequenceFileInputFormat
                      output format: org.apache.hadoop.hive.ql.io.HiveSequenceFileOutputFormat
                      serde: org.apache.hadoop.hive.serde2.lazy.LazySimpleSerDe
        Reducer 4 
            Execution mode: vectorized, llap
            Reduce Operator Tree:
              Group By Operator
                aggregations: min(VALUE._col0), max(VALUE._col1), bloom_filter(VALUE._col2, expectedEntries=69)
                mode: final
                outputColumnNames: _col0, _col1, _col2
                Statistics: Num rows: 1 Data size: 12 Basic stats: COMPLETE Column stats: COMPLETE
                Reduce Output Operator
                  null sort order: 
                  sort order: 
                  Statistics: Num rows: 1 Data size: 12 Basic stats: COMPLETE Column stats: COMPLETE
                  value expressions: _col0 (type: int), _col1 (type: int), _col2 (type: binary)

  Stage: Stage-0
    Fetch Operator
      limit: -1
      Processor Tree:
        ListSink

PREHOOK: query: select count(*) from alltypesorc_small join druid_table_alltypesorc on (alltypesorc_small.cint = druid_table_alltypesorc.cint)
PREHOOK: type: QUERY
PREHOOK: Input: default@alltypesorc_small
PREHOOK: Input: default@druid_table_alltypesorc
PREHOOK: Output: hdfs://### HDFS PATH ###
POSTHOOK: query: select count(*) from alltypesorc_small join druid_table_alltypesorc on (alltypesorc_small.cint = druid_table_alltypesorc.cint)
POSTHOOK: type: QUERY
POSTHOOK: Input: default@alltypesorc_small
POSTHOOK: Input: default@druid_table_alltypesorc
POSTHOOK: Output: hdfs://### HDFS PATH ###
69
PREHOOK: query: select count(*) from alltypesorc_small join druid_table_alltypesorc on (alltypesorc_small.cint = druid_table_alltypesorc.cint)
PREHOOK: type: QUERY
PREHOOK: Input: default@alltypesorc_small
PREHOOK: Input: default@druid_table_alltypesorc
PREHOOK: Output: hdfs://### HDFS PATH ###
POSTHOOK: query: select count(*) from alltypesorc_small join druid_table_alltypesorc on (alltypesorc_small.cint = druid_table_alltypesorc.cint)
POSTHOOK: type: QUERY
POSTHOOK: Input: default@alltypesorc_small
POSTHOOK: Input: default@druid_table_alltypesorc
POSTHOOK: Output: hdfs://### HDFS PATH ###
69
PREHOOK: query: EXPLAIN select count(*) from alltypesorc_small join druid_table_alltypesorc on (alltypesorc_small.cbigint = druid_table_alltypesorc.cbigint)
PREHOOK: type: QUERY
PREHOOK: Input: default@alltypesorc_small
PREHOOK: Input: default@druid_table_alltypesorc
PREHOOK: Output: hdfs://### HDFS PATH ###
POSTHOOK: query: EXPLAIN select count(*) from alltypesorc_small join druid_table_alltypesorc on (alltypesorc_small.cbigint = druid_table_alltypesorc.cbigint)
POSTHOOK: type: QUERY
POSTHOOK: Input: default@alltypesorc_small
POSTHOOK: Input: default@druid_table_alltypesorc
POSTHOOK: Output: hdfs://### HDFS PATH ###
STAGE DEPENDENCIES:
  Stage-1 is a root stage
  Stage-0 depends on stages: Stage-1

STAGE PLANS:
  Stage: Stage-1
    Tez
#### A masked pattern was here ####
      Edges:
        Map 5 <- Reducer 4 (BROADCAST_EDGE)
        Reducer 2 <- Map 1 (SIMPLE_EDGE), Map 5 (SIMPLE_EDGE)
        Reducer 3 <- Reducer 2 (CUSTOM_SIMPLE_EDGE)
        Reducer 4 <- Map 1 (CUSTOM_SIMPLE_EDGE)
#### A masked pattern was here ####
      Vertices:
        Map 1 
            Map Operator Tree:
                TableScan
                  alias: alltypesorc_small
                  filterExpr: cbigint is not null (type: boolean)
                  Statistics: Num rows: 69 Data size: 552 Basic stats: COMPLETE Column stats: COMPLETE
                  Filter Operator
                    predicate: cbigint is not null (type: boolean)
                    Statistics: Num rows: 69 Data size: 552 Basic stats: COMPLETE Column stats: COMPLETE
                    Select Operator
                      expressions: cbigint (type: bigint)
                      outputColumnNames: _col0
                      Statistics: Num rows: 69 Data size: 552 Basic stats: COMPLETE Column stats: COMPLETE
                      Reduce Output Operator
                        key expressions: _col0 (type: bigint)
                        null sort order: a
                        sort order: +
                        Map-reduce partition columns: _col0 (type: bigint)
                        Statistics: Num rows: 69 Data size: 552 Basic stats: COMPLETE Column stats: COMPLETE
                      Select Operator
                        expressions: _col0 (type: bigint)
                        outputColumnNames: _col0
                        Statistics: Num rows: 69 Data size: 552 Basic stats: COMPLETE Column stats: COMPLETE
                        Group By Operator
                          aggregations: min(_col0), max(_col0), bloom_filter(_col0, expectedEntries=69)
                          minReductionHashAggr: 0.98550725
                          mode: hash
                          outputColumnNames: _col0, _col1, _col2
                          Statistics: Num rows: 1 Data size: 24 Basic stats: COMPLETE Column stats: COMPLETE
                          Reduce Output Operator
                            null sort order: 
                            sort order: 
                            Statistics: Num rows: 1 Data size: 24 Basic stats: COMPLETE Column stats: COMPLETE
                            value expressions: _col0 (type: bigint), _col1 (type: bigint), _col2 (type: binary)
            Execution mode: vectorized, llap
            LLAP IO: all inputs
        Map 5 
            Map Operator Tree:
                TableScan
                  alias: druid_table_alltypesorc
                  filterExpr: (cbigint BETWEEN DynamicValue(RS_4_alltypesorc_small_cbigint_min) AND DynamicValue(RS_4_alltypesorc_small_cbigint_max) and in_bloom_filter(cbigint, DynamicValue(RS_4_alltypesorc_small_cbigint_bloom_filter))) (type: boolean)
                  properties:
                    druid.fieldNames cbigint
                    druid.fieldTypes bigint
                    druid.query.json {"queryType":"scan","dataSource":{"type":"table","name":"default.druid_table_alltypesorc"},"intervals":{"type":"LegacySegmentSpec","intervals":["1900-01-01T00:00:00.000Z/3000-01-01T00:00:00.000Z"]},"virtualColumns":[],"resultFormat":"compactedList","batchSize":20480,"limit":9223372036854775807,"filter":{"type":"and","fields":[{"type":"and","fields":[{"type":"bound","dimension":"cbigint","lower":"DynamicValue(RS_4_alltypesorc_small_cbigint_min)","upper":"DynamicValue(RS_4_alltypesorc_small_cbigint_max)","lowerStrict":false,"upperStrict":false,"extractionFn":null,"ordering":{"type":"numeric"}},{"type":"bloom","dimension":"cbigint","bloomKFilter":"BAAAAAgAAAAAAAAAAAAAAAAAAAAAAAAAAAAAAAAAAAAAAAAAAAAAAAAAAAAAAAAAAAAAAAAAAAAAAAAAAAAAAAAAAAAA","extractionFn":null}]},{"type":"not","field":{"type":"selector","dimension":"cbigint","value":null,"extractionFn":null}}]},"columns":["cbigint"],"legacy":null,"context":null,"descending":false,"granularity":{"type":"all"}}
                    druid.query.type scan
                  Statistics: Num rows: 9173 Data size: 69728 Basic stats: COMPLETE Column stats: NONE
                  Filter Operator
                    predicate: (cbigint BETWEEN DynamicValue(RS_4_alltypesorc_small_cbigint_min) AND DynamicValue(RS_4_alltypesorc_small_cbigint_max) and in_bloom_filter(cbigint, DynamicValue(RS_4_alltypesorc_small_cbigint_bloom_filter))) (type: boolean)
                    Statistics: Num rows: 9173 Data size: 69728 Basic stats: COMPLETE Column stats: NONE
                    Reduce Output Operator
                      key expressions: cbigint (type: bigint)
                      null sort order: a
                      sort order: +
                      Map-reduce partition columns: cbigint (type: bigint)
                      Statistics: Num rows: 9173 Data size: 69728 Basic stats: COMPLETE Column stats: NONE
            Execution mode: vectorized, llap
            LLAP IO: no inputs
        Reducer 2 
            Execution mode: llap
            Reduce Operator Tree:
              Merge Join Operator
                condition map:
                     Inner Join 0 to 1
                keys:
                  0 _col0 (type: bigint)
                  1 cbigint (type: bigint)
                Statistics: Num rows: 10090 Data size: 76700 Basic stats: COMPLETE Column stats: NONE
                Group By Operator
                  aggregations: count()
                  minReductionHashAggr: 0.99
                  mode: hash
                  outputColumnNames: _col0
                  Statistics: Num rows: 1 Data size: 8 Basic stats: COMPLETE Column stats: NONE
                  Reduce Output Operator
                    null sort order: 
                    sort order: 
                    Statistics: Num rows: 1 Data size: 8 Basic stats: COMPLETE Column stats: NONE
                    value expressions: _col0 (type: bigint)
        Reducer 3 
            Execution mode: vectorized, llap
            Reduce Operator Tree:
              Group By Operator
                aggregations: count(VALUE._col0)
                mode: mergepartial
                outputColumnNames: _col0
                Statistics: Num rows: 1 Data size: 8 Basic stats: COMPLETE Column stats: NONE
                File Output Operator
                  compressed: false
                  Statistics: Num rows: 1 Data size: 8 Basic stats: COMPLETE Column stats: NONE
                  table:
                      input format: org.apache.hadoop.mapred.SequenceFileInputFormat
                      output format: org.apache.hadoop.hive.ql.io.HiveSequenceFileOutputFormat
                      serde: org.apache.hadoop.hive.serde2.lazy.LazySimpleSerDe
        Reducer 4 
            Execution mode: vectorized, llap
            Reduce Operator Tree:
              Group By Operator
                aggregations: min(VALUE._col0), max(VALUE._col1), bloom_filter(VALUE._col2, expectedEntries=69)
                mode: final
                outputColumnNames: _col0, _col1, _col2
                Statistics: Num rows: 1 Data size: 24 Basic stats: COMPLETE Column stats: COMPLETE
                Reduce Output Operator
                  null sort order: 
                  sort order: 
                  Statistics: Num rows: 1 Data size: 24 Basic stats: COMPLETE Column stats: COMPLETE
                  value expressions: _col0 (type: bigint), _col1 (type: bigint), _col2 (type: binary)

  Stage: Stage-0
    Fetch Operator
      limit: -1
      Processor Tree:
        ListSink

PREHOOK: query: select count(*) from alltypesorc_small join druid_table_alltypesorc on (alltypesorc_small.cbigint = druid_table_alltypesorc.cbigint)
PREHOOK: type: QUERY
PREHOOK: Input: default@alltypesorc_small
PREHOOK: Input: default@druid_table_alltypesorc
PREHOOK: Output: hdfs://### HDFS PATH ###
POSTHOOK: query: select count(*) from alltypesorc_small join druid_table_alltypesorc on (alltypesorc_small.cbigint = druid_table_alltypesorc.cbigint)
POSTHOOK: type: QUERY
POSTHOOK: Input: default@alltypesorc_small
POSTHOOK: Input: default@druid_table_alltypesorc
POSTHOOK: Output: hdfs://### HDFS PATH ###
69
PREHOOK: query: select count(*) from alltypesorc_small join druid_table_alltypesorc on (alltypesorc_small.cbigint = druid_table_alltypesorc.cbigint)
PREHOOK: type: QUERY
PREHOOK: Input: default@alltypesorc_small
PREHOOK: Input: default@druid_table_alltypesorc
PREHOOK: Output: hdfs://### HDFS PATH ###
POSTHOOK: query: select count(*) from alltypesorc_small join druid_table_alltypesorc on (alltypesorc_small.cbigint = druid_table_alltypesorc.cbigint)
POSTHOOK: type: QUERY
POSTHOOK: Input: default@alltypesorc_small
POSTHOOK: Input: default@druid_table_alltypesorc
POSTHOOK: Output: hdfs://### HDFS PATH ###
69
PREHOOK: query: EXPLAIN select count(*) from alltypesorc_small join druid_table_alltypesorc on (alltypesorc_small.cfloat = druid_table_alltypesorc.cfloat)
PREHOOK: type: QUERY
PREHOOK: Input: default@alltypesorc_small
PREHOOK: Input: default@druid_table_alltypesorc
PREHOOK: Output: hdfs://### HDFS PATH ###
POSTHOOK: query: EXPLAIN select count(*) from alltypesorc_small join druid_table_alltypesorc on (alltypesorc_small.cfloat = druid_table_alltypesorc.cfloat)
POSTHOOK: type: QUERY
POSTHOOK: Input: default@alltypesorc_small
POSTHOOK: Input: default@druid_table_alltypesorc
POSTHOOK: Output: hdfs://### HDFS PATH ###
STAGE DEPENDENCIES:
  Stage-1 is a root stage
  Stage-0 depends on stages: Stage-1

STAGE PLANS:
  Stage: Stage-1
    Tez
#### A masked pattern was here ####
      Edges:
        Map 5 <- Reducer 4 (BROADCAST_EDGE)
        Reducer 2 <- Map 1 (SIMPLE_EDGE), Map 5 (SIMPLE_EDGE)
        Reducer 3 <- Reducer 2 (CUSTOM_SIMPLE_EDGE)
        Reducer 4 <- Map 1 (CUSTOM_SIMPLE_EDGE)
#### A masked pattern was here ####
      Vertices:
        Map 1 
            Map Operator Tree:
                TableScan
                  alias: alltypesorc_small
                  filterExpr: cfloat is not null (type: boolean)
                  Statistics: Num rows: 69 Data size: 276 Basic stats: COMPLETE Column stats: COMPLETE
                  Filter Operator
                    predicate: cfloat is not null (type: boolean)
                    Statistics: Num rows: 69 Data size: 276 Basic stats: COMPLETE Column stats: COMPLETE
                    Select Operator
                      expressions: cfloat (type: float)
                      outputColumnNames: _col0
                      Statistics: Num rows: 69 Data size: 276 Basic stats: COMPLETE Column stats: COMPLETE
                      Reduce Output Operator
                        key expressions: _col0 (type: float)
                        null sort order: a
                        sort order: +
                        Map-reduce partition columns: _col0 (type: float)
                        Statistics: Num rows: 69 Data size: 276 Basic stats: COMPLETE Column stats: COMPLETE
                      Select Operator
                        expressions: _col0 (type: float)
                        outputColumnNames: _col0
                        Statistics: Num rows: 69 Data size: 276 Basic stats: COMPLETE Column stats: COMPLETE
                        Group By Operator
                          aggregations: min(_col0), max(_col0), bloom_filter(_col0, expectedEntries=3)
                          minReductionHashAggr: 0.98550725
                          mode: hash
                          outputColumnNames: _col0, _col1, _col2
                          Statistics: Num rows: 1 Data size: 12 Basic stats: COMPLETE Column stats: COMPLETE
                          Reduce Output Operator
                            null sort order: 
                            sort order: 
                            Statistics: Num rows: 1 Data size: 12 Basic stats: COMPLETE Column stats: COMPLETE
                            value expressions: _col0 (type: float), _col1 (type: float), _col2 (type: binary)
            Execution mode: vectorized, llap
            LLAP IO: all inputs
        Map 5 
            Map Operator Tree:
                TableScan
                  alias: druid_table_alltypesorc
                  filterExpr: (cfloat BETWEEN DynamicValue(RS_4_alltypesorc_small_cfloat_min) AND DynamicValue(RS_4_alltypesorc_small_cfloat_max) and in_bloom_filter(cfloat, DynamicValue(RS_4_alltypesorc_small_cfloat_bloom_filter))) (type: boolean)
                  properties:
                    druid.fieldNames cfloat
                    druid.fieldTypes float
                    druid.query.json {"queryType":"scan","dataSource":{"type":"table","name":"default.druid_table_alltypesorc"},"intervals":{"type":"LegacySegmentSpec","intervals":["1900-01-01T00:00:00.000Z/3000-01-01T00:00:00.000Z"]},"virtualColumns":[],"resultFormat":"compactedList","batchSize":20480,"limit":9223372036854775807,"filter":{"type":"not","field":{"type":"selector","dimension":"cfloat","value":null,"extractionFn":null}},"columns":["cfloat"],"legacy":null,"context":null,"descending":false,"granularity":{"type":"all"}}
                    druid.query.type scan
                  Statistics: Num rows: 9173 Data size: 34864 Basic stats: COMPLETE Column stats: NONE
                  Filter Operator
                    predicate: (cfloat BETWEEN DynamicValue(RS_4_alltypesorc_small_cfloat_min) AND DynamicValue(RS_4_alltypesorc_small_cfloat_max) and in_bloom_filter(cfloat, DynamicValue(RS_4_alltypesorc_small_cfloat_bloom_filter))) (type: boolean)
                    Statistics: Num rows: 9173 Data size: 34864 Basic stats: COMPLETE Column stats: NONE
                    Reduce Output Operator
                      key expressions: cfloat (type: float)
                      null sort order: a
                      sort order: +
                      Map-reduce partition columns: cfloat (type: float)
                      Statistics: Num rows: 9173 Data size: 34864 Basic stats: COMPLETE Column stats: NONE
            Execution mode: vectorized, llap
            LLAP IO: no inputs
        Reducer 2 
            Execution mode: llap
            Reduce Operator Tree:
              Merge Join Operator
                condition map:
                     Inner Join 0 to 1
                keys:
                  0 _col0 (type: float)
                  1 cfloat (type: float)
                Statistics: Num rows: 10090 Data size: 38350 Basic stats: COMPLETE Column stats: NONE
                Group By Operator
                  aggregations: count()
                  minReductionHashAggr: 0.99
                  mode: hash
                  outputColumnNames: _col0
                  Statistics: Num rows: 1 Data size: 8 Basic stats: COMPLETE Column stats: NONE
                  Reduce Output Operator
                    null sort order: 
                    sort order: 
                    Statistics: Num rows: 1 Data size: 8 Basic stats: COMPLETE Column stats: NONE
                    value expressions: _col0 (type: bigint)
        Reducer 3 
            Execution mode: vectorized, llap
            Reduce Operator Tree:
              Group By Operator
                aggregations: count(VALUE._col0)
                mode: mergepartial
                outputColumnNames: _col0
                Statistics: Num rows: 1 Data size: 8 Basic stats: COMPLETE Column stats: NONE
                File Output Operator
                  compressed: false
                  Statistics: Num rows: 1 Data size: 8 Basic stats: COMPLETE Column stats: NONE
                  table:
                      input format: org.apache.hadoop.mapred.SequenceFileInputFormat
                      output format: org.apache.hadoop.hive.ql.io.HiveSequenceFileOutputFormat
                      serde: org.apache.hadoop.hive.serde2.lazy.LazySimpleSerDe
        Reducer 4 
            Execution mode: vectorized, llap
            Reduce Operator Tree:
              Group By Operator
                aggregations: min(VALUE._col0), max(VALUE._col1), bloom_filter(VALUE._col2, expectedEntries=3)
                mode: final
                outputColumnNames: _col0, _col1, _col2
                Statistics: Num rows: 1 Data size: 12 Basic stats: COMPLETE Column stats: COMPLETE
                Reduce Output Operator
                  null sort order: 
                  sort order: 
                  Statistics: Num rows: 1 Data size: 12 Basic stats: COMPLETE Column stats: COMPLETE
                  value expressions: _col0 (type: float), _col1 (type: float), _col2 (type: binary)

  Stage: Stage-0
    Fetch Operator
      limit: -1
      Processor Tree:
        ListSink

PREHOOK: query: select count(*) from alltypesorc_small join druid_table_alltypesorc on (alltypesorc_small.cfloat = druid_table_alltypesorc.cfloat)
PREHOOK: type: QUERY
PREHOOK: Input: default@alltypesorc_small
PREHOOK: Input: default@druid_table_alltypesorc
PREHOOK: Output: hdfs://### HDFS PATH ###
POSTHOOK: query: select count(*) from alltypesorc_small join druid_table_alltypesorc on (alltypesorc_small.cfloat = druid_table_alltypesorc.cfloat)
POSTHOOK: type: QUERY
POSTHOOK: Input: default@alltypesorc_small
POSTHOOK: Input: default@druid_table_alltypesorc
POSTHOOK: Output: hdfs://### HDFS PATH ###
73895
PREHOOK: query: select count(*) from alltypesorc_small join druid_table_alltypesorc on (alltypesorc_small.cfloat = druid_table_alltypesorc.cfloat)
PREHOOK: type: QUERY
PREHOOK: Input: default@alltypesorc_small
PREHOOK: Input: default@druid_table_alltypesorc
PREHOOK: Output: hdfs://### HDFS PATH ###
POSTHOOK: query: select count(*) from alltypesorc_small join druid_table_alltypesorc on (alltypesorc_small.cfloat = druid_table_alltypesorc.cfloat)
POSTHOOK: type: QUERY
POSTHOOK: Input: default@alltypesorc_small
POSTHOOK: Input: default@druid_table_alltypesorc
POSTHOOK: Output: hdfs://### HDFS PATH ###
73895
PREHOOK: query: EXPLAIN select count(*) from alltypesorc_small join druid_table_alltypesorc on (alltypesorc_small.cdouble = druid_table_alltypesorc.cdouble)
PREHOOK: type: QUERY
PREHOOK: Input: default@alltypesorc_small
PREHOOK: Input: default@druid_table_alltypesorc
PREHOOK: Output: hdfs://### HDFS PATH ###
POSTHOOK: query: EXPLAIN select count(*) from alltypesorc_small join druid_table_alltypesorc on (alltypesorc_small.cdouble = druid_table_alltypesorc.cdouble)
POSTHOOK: type: QUERY
POSTHOOK: Input: default@alltypesorc_small
POSTHOOK: Input: default@druid_table_alltypesorc
POSTHOOK: Output: hdfs://### HDFS PATH ###
STAGE DEPENDENCIES:
  Stage-1 is a root stage
  Stage-0 depends on stages: Stage-1

STAGE PLANS:
  Stage: Stage-1
    Tez
#### A masked pattern was here ####
      Edges:
        Map 5 <- Reducer 4 (BROADCAST_EDGE)
        Reducer 2 <- Map 1 (SIMPLE_EDGE), Map 5 (SIMPLE_EDGE)
        Reducer 3 <- Reducer 2 (CUSTOM_SIMPLE_EDGE)
        Reducer 4 <- Map 1 (CUSTOM_SIMPLE_EDGE)
#### A masked pattern was here ####
      Vertices:
        Map 1 
            Map Operator Tree:
                TableScan
                  alias: alltypesorc_small
                  filterExpr: cdouble is not null (type: boolean)
                  Statistics: Num rows: 69 Data size: 552 Basic stats: COMPLETE Column stats: COMPLETE
                  Filter Operator
                    predicate: cdouble is not null (type: boolean)
                    Statistics: Num rows: 69 Data size: 552 Basic stats: COMPLETE Column stats: COMPLETE
                    Select Operator
                      expressions: cdouble (type: double)
                      outputColumnNames: _col0
                      Statistics: Num rows: 69 Data size: 552 Basic stats: COMPLETE Column stats: COMPLETE
                      Reduce Output Operator
                        key expressions: _col0 (type: double)
                        null sort order: a
                        sort order: +
                        Map-reduce partition columns: _col0 (type: double)
                        Statistics: Num rows: 69 Data size: 552 Basic stats: COMPLETE Column stats: COMPLETE
                      Select Operator
                        expressions: _col0 (type: double)
                        outputColumnNames: _col0
                        Statistics: Num rows: 69 Data size: 552 Basic stats: COMPLETE Column stats: COMPLETE
                        Group By Operator
                          aggregations: min(_col0), max(_col0), bloom_filter(_col0, expectedEntries=1)
                          minReductionHashAggr: 0.98550725
                          mode: hash
                          outputColumnNames: _col0, _col1, _col2
                          Statistics: Num rows: 1 Data size: 24 Basic stats: COMPLETE Column stats: COMPLETE
                          Reduce Output Operator
                            null sort order: 
                            sort order: 
                            Statistics: Num rows: 1 Data size: 24 Basic stats: COMPLETE Column stats: COMPLETE
                            value expressions: _col0 (type: double), _col1 (type: double), _col2 (type: binary)
            Execution mode: vectorized, llap
            LLAP IO: all inputs
        Map 5 
            Map Operator Tree:
                TableScan
                  alias: druid_table_alltypesorc
                  filterExpr: (cdouble BETWEEN DynamicValue(RS_4_alltypesorc_small_cdouble_min) AND DynamicValue(RS_4_alltypesorc_small_cdouble_max) and in_bloom_filter(cdouble, DynamicValue(RS_4_alltypesorc_small_cdouble_bloom_filter))) (type: boolean)
                  properties:
                    druid.fieldNames cdouble
                    druid.fieldTypes double
                    druid.query.json {"queryType":"scan","dataSource":{"type":"table","name":"default.druid_table_alltypesorc"},"intervals":{"type":"LegacySegmentSpec","intervals":["1900-01-01T00:00:00.000Z/3000-01-01T00:00:00.000Z"]},"virtualColumns":[],"resultFormat":"compactedList","batchSize":20480,"limit":9223372036854775807,"filter":{"type":"and","fields":[{"type":"and","fields":[{"type":"bound","dimension":"cdouble","lower":"DynamicValue(RS_4_alltypesorc_small_cdouble_min)","upper":"DynamicValue(RS_4_alltypesorc_small_cdouble_max)","lowerStrict":false,"upperStrict":false,"extractionFn":null,"ordering":{"type":"numeric"}},{"type":"bloom","dimension":"cdouble","bloomKFilter":"BAAAAAgAAAAAAAAAAAAAAAAAAAAAAAAAAAAAAAAAAAAAAAAAAAAAAAAAAAAAAAAAAAAAAAAAAAAAAAAAAAAAAAAAAAAA","extractionFn":null}]},{"type":"not","field":{"type":"selector","dimension":"cdouble","value":null,"extractionFn":null}}]},"columns":["cdouble"],"legacy":null,"context":null,"descending":false,"granularity":{"type":"all"}}
                    druid.query.type scan
                  Statistics: Num rows: 9173 Data size: 69728 Basic stats: COMPLETE Column stats: NONE
                  Filter Operator
                    predicate: (cdouble BETWEEN DynamicValue(RS_4_alltypesorc_small_cdouble_min) AND DynamicValue(RS_4_alltypesorc_small_cdouble_max) and in_bloom_filter(cdouble, DynamicValue(RS_4_alltypesorc_small_cdouble_bloom_filter))) (type: boolean)
                    Statistics: Num rows: 9173 Data size: 69728 Basic stats: COMPLETE Column stats: NONE
                    Reduce Output Operator
                      key expressions: cdouble (type: double)
                      null sort order: a
                      sort order: +
                      Map-reduce partition columns: cdouble (type: double)
                      Statistics: Num rows: 9173 Data size: 69728 Basic stats: COMPLETE Column stats: NONE
            Execution mode: vectorized, llap
            LLAP IO: no inputs
        Reducer 2 
            Execution mode: llap
            Reduce Operator Tree:
              Merge Join Operator
                condition map:
                     Inner Join 0 to 1
                keys:
                  0 _col0 (type: double)
                  1 cdouble (type: double)
                Statistics: Num rows: 10090 Data size: 76700 Basic stats: COMPLETE Column stats: NONE
                Group By Operator
                  aggregations: count()
                  minReductionHashAggr: 0.99
                  mode: hash
                  outputColumnNames: _col0
                  Statistics: Num rows: 1 Data size: 8 Basic stats: COMPLETE Column stats: NONE
                  Reduce Output Operator
                    null sort order: 
                    sort order: 
                    Statistics: Num rows: 1 Data size: 8 Basic stats: COMPLETE Column stats: NONE
                    value expressions: _col0 (type: bigint)
        Reducer 3 
            Execution mode: vectorized, llap
            Reduce Operator Tree:
              Group By Operator
                aggregations: count(VALUE._col0)
                mode: mergepartial
                outputColumnNames: _col0
                Statistics: Num rows: 1 Data size: 8 Basic stats: COMPLETE Column stats: NONE
                File Output Operator
                  compressed: false
                  Statistics: Num rows: 1 Data size: 8 Basic stats: COMPLETE Column stats: NONE
                  table:
                      input format: org.apache.hadoop.mapred.SequenceFileInputFormat
                      output format: org.apache.hadoop.hive.ql.io.HiveSequenceFileOutputFormat
                      serde: org.apache.hadoop.hive.serde2.lazy.LazySimpleSerDe
        Reducer 4 
            Execution mode: vectorized, llap
            Reduce Operator Tree:
              Group By Operator
                aggregations: min(VALUE._col0), max(VALUE._col1), bloom_filter(VALUE._col2, expectedEntries=1)
                mode: final
                outputColumnNames: _col0, _col1, _col2
                Statistics: Num rows: 1 Data size: 24 Basic stats: COMPLETE Column stats: COMPLETE
                Reduce Output Operator
                  null sort order: 
                  sort order: 
                  Statistics: Num rows: 1 Data size: 24 Basic stats: COMPLETE Column stats: COMPLETE
                  value expressions: _col0 (type: double), _col1 (type: double), _col2 (type: binary)

  Stage: Stage-0
    Fetch Operator
      limit: -1
      Processor Tree:
        ListSink

PREHOOK: query: select count(*) from alltypesorc_small join druid_table_alltypesorc on (alltypesorc_small.cdouble = druid_table_alltypesorc.cdouble)
PREHOOK: type: QUERY
PREHOOK: Input: default@alltypesorc_small
PREHOOK: Input: default@druid_table_alltypesorc
PREHOOK: Output: hdfs://### HDFS PATH ###
POSTHOOK: query: select count(*) from alltypesorc_small join druid_table_alltypesorc on (alltypesorc_small.cdouble = druid_table_alltypesorc.cdouble)
POSTHOOK: type: QUERY
POSTHOOK: Input: default@alltypesorc_small
POSTHOOK: Input: default@druid_table_alltypesorc
POSTHOOK: Output: hdfs://### HDFS PATH ###
211968
PREHOOK: query: EXPLAIN select count(*) from alltypesorc_small join druid_table_alltypesorc on (alltypesorc_small.ctimestamp1 = druid_table_alltypesorc.`__time`)
PREHOOK: type: QUERY
PREHOOK: Input: default@alltypesorc_small
PREHOOK: Input: default@druid_table_alltypesorc
PREHOOK: Output: hdfs://### HDFS PATH ###
POSTHOOK: query: EXPLAIN select count(*) from alltypesorc_small join druid_table_alltypesorc on (alltypesorc_small.ctimestamp1 = druid_table_alltypesorc.`__time`)
POSTHOOK: type: QUERY
POSTHOOK: Input: default@alltypesorc_small
POSTHOOK: Input: default@druid_table_alltypesorc
POSTHOOK: Output: hdfs://### HDFS PATH ###
STAGE DEPENDENCIES:
  Stage-1 is a root stage
  Stage-0 depends on stages: Stage-1

STAGE PLANS:
  Stage: Stage-1
    Tez
#### A masked pattern was here ####
      Edges:
        Map 5 <- Reducer 4 (BROADCAST_EDGE)
        Reducer 2 <- Map 1 (SIMPLE_EDGE), Map 5 (SIMPLE_EDGE)
        Reducer 3 <- Reducer 2 (CUSTOM_SIMPLE_EDGE)
        Reducer 4 <- Map 1 (CUSTOM_SIMPLE_EDGE)
#### A masked pattern was here ####
      Vertices:
        Map 1 
            Map Operator Tree:
                TableScan
                  alias: alltypesorc_small
                  filterExpr: CAST( ctimestamp1 AS timestamp with local time zone) is not null (type: boolean)
                  Statistics: Num rows: 69 Data size: 2760 Basic stats: COMPLETE Column stats: COMPLETE
                  Filter Operator
                    predicate: CAST( ctimestamp1 AS timestamp with local time zone) is not null (type: boolean)
                    Statistics: Num rows: 69 Data size: 2760 Basic stats: COMPLETE Column stats: COMPLETE
                    Select Operator
                      expressions: CAST( ctimestamp1 AS timestamp with local time zone) (type: timestamp with local time zone)
                      outputColumnNames: _col0
                      Statistics: Num rows: 69 Data size: 2760 Basic stats: COMPLETE Column stats: COMPLETE
                      Reduce Output Operator
                        key expressions: _col0 (type: timestamp with local time zone)
                        null sort order: a
                        sort order: +
                        Map-reduce partition columns: _col0 (type: timestamp with local time zone)
                        Statistics: Num rows: 69 Data size: 2760 Basic stats: COMPLETE Column stats: COMPLETE
                      Select Operator
                        expressions: _col0 (type: timestamp with local time zone)
                        outputColumnNames: _col0
                        Statistics: Num rows: 69 Data size: 2760 Basic stats: COMPLETE Column stats: COMPLETE
                        Group By Operator
                          aggregations: min(_col0), max(_col0), bloom_filter(_col0, expectedEntries=69)
                          minReductionHashAggr: 0.98550725
                          mode: hash
                          outputColumnNames: _col0, _col1, _col2
                          Statistics: Num rows: 1 Data size: 120 Basic stats: COMPLETE Column stats: COMPLETE
                          Reduce Output Operator
                            null sort order: 
                            sort order: 
                            Statistics: Num rows: 1 Data size: 120 Basic stats: COMPLETE Column stats: COMPLETE
                            value expressions: _col0 (type: timestamp with local time zone), _col1 (type: timestamp with local time zone), _col2 (type: binary)
            Execution mode: llap
            LLAP IO: all inputs
        Map 5 
            Map Operator Tree:
                TableScan
                  alias: druid_table_alltypesorc
                  filterExpr: (vc BETWEEN DynamicValue(RS_4_alltypesorc_small_ctimestamp1_min) AND DynamicValue(RS_4_alltypesorc_small_ctimestamp1_max) and in_bloom_filter(vc, DynamicValue(RS_4_alltypesorc_small_ctimestamp1_bloom_filter))) (type: boolean)
                  properties:
                    druid.fieldNames vc
                    druid.fieldTypes timestamp with local time zone
                    druid.query.json {"queryType":"scan","dataSource":{"type":"table","name":"default.druid_table_alltypesorc"},"intervals":{"type":"LegacySegmentSpec","intervals":["1900-01-01T00:00:00.000Z/3000-01-01T00:00:00.000Z"]},"virtualColumns":[{"type":"expression","name":"vc","expression":"\"__time\"","outputType":"LONG"}],"resultFormat":"compactedList","batchSize":20480,"limit":9223372036854775807,"filter":null,"columns":["vc"],"legacy":null,"context":null,"descending":false,"granularity":{"type":"all"}}
                    druid.query.type scan
                  Statistics: Num rows: 9173 Data size: 348640 Basic stats: COMPLETE Column stats: NONE
                  Filter Operator
                    predicate: (vc BETWEEN DynamicValue(RS_4_alltypesorc_small_ctimestamp1_min) AND DynamicValue(RS_4_alltypesorc_small_ctimestamp1_max) and in_bloom_filter(vc, DynamicValue(RS_4_alltypesorc_small_ctimestamp1_bloom_filter))) (type: boolean)
                    Statistics: Num rows: 9173 Data size: 348640 Basic stats: COMPLETE Column stats: NONE
                    Reduce Output Operator
                      key expressions: vc (type: timestamp with local time zone)
                      null sort order: a
                      sort order: +
                      Map-reduce partition columns: vc (type: timestamp with local time zone)
                      Statistics: Num rows: 9173 Data size: 348640 Basic stats: COMPLETE Column stats: NONE
            Execution mode: llap
            LLAP IO: no inputs
        Reducer 2 
            Execution mode: llap
            Reduce Operator Tree:
              Merge Join Operator
                condition map:
                     Inner Join 0 to 1
                keys:
                  0 _col0 (type: timestamp with local time zone)
                  1 vc (type: timestamp with local time zone)
                Statistics: Num rows: 10090 Data size: 383504 Basic stats: COMPLETE Column stats: NONE
                Group By Operator
                  aggregations: count()
                  minReductionHashAggr: 0.99
                  mode: hash
                  outputColumnNames: _col0
                  Statistics: Num rows: 1 Data size: 8 Basic stats: COMPLETE Column stats: NONE
                  Reduce Output Operator
                    null sort order: 
                    sort order: 
                    Statistics: Num rows: 1 Data size: 8 Basic stats: COMPLETE Column stats: NONE
                    value expressions: _col0 (type: bigint)
        Reducer 3 
            Execution mode: vectorized, llap
            Reduce Operator Tree:
              Group By Operator
                aggregations: count(VALUE._col0)
                mode: mergepartial
                outputColumnNames: _col0
                Statistics: Num rows: 1 Data size: 8 Basic stats: COMPLETE Column stats: NONE
                File Output Operator
                  compressed: false
                  Statistics: Num rows: 1 Data size: 8 Basic stats: COMPLETE Column stats: NONE
                  table:
                      input format: org.apache.hadoop.mapred.SequenceFileInputFormat
                      output format: org.apache.hadoop.hive.ql.io.HiveSequenceFileOutputFormat
                      serde: org.apache.hadoop.hive.serde2.lazy.LazySimpleSerDe
        Reducer 4 
            Execution mode: llap
            Reduce Operator Tree:
              Group By Operator
                aggregations: min(VALUE._col0), max(VALUE._col1), bloom_filter(VALUE._col2, expectedEntries=69)
                mode: final
                outputColumnNames: _col0, _col1, _col2
                Statistics: Num rows: 1 Data size: 120 Basic stats: COMPLETE Column stats: COMPLETE
                Reduce Output Operator
                  null sort order: 
                  sort order: 
                  Statistics: Num rows: 1 Data size: 120 Basic stats: COMPLETE Column stats: COMPLETE
                  value expressions: _col0 (type: timestamp with local time zone), _col1 (type: timestamp with local time zone), _col2 (type: binary)

  Stage: Stage-0
    Fetch Operator
      limit: -1
      Processor Tree:
        ListSink

PREHOOK: query: select count(*) from alltypesorc_small join druid_table_alltypesorc on (alltypesorc_small.ctimestamp1 = cast(druid_table_alltypesorc.`__time` as timestamp))
PREHOOK: type: QUERY
PREHOOK: Input: default@alltypesorc_small
PREHOOK: Input: default@druid_table_alltypesorc
PREHOOK: Output: hdfs://### HDFS PATH ###
POSTHOOK: query: select count(*) from alltypesorc_small join druid_table_alltypesorc on (alltypesorc_small.ctimestamp1 = cast(druid_table_alltypesorc.`__time` as timestamp))
POSTHOOK: type: QUERY
POSTHOOK: Input: default@alltypesorc_small
POSTHOOK: Input: default@druid_table_alltypesorc
POSTHOOK: Output: hdfs://### HDFS PATH ###
434493
PREHOOK: query: select count(*) from alltypesorc_small join druid_table_alltypesorc on (alltypesorc_small.ctimestamp1 = cast(druid_table_alltypesorc.`__time` as timestamp))
PREHOOK: type: QUERY
PREHOOK: Input: default@alltypesorc_small
PREHOOK: Input: default@druid_table_alltypesorc
PREHOOK: Output: hdfs://### HDFS PATH ###
POSTHOOK: query: select count(*) from alltypesorc_small join druid_table_alltypesorc on (alltypesorc_small.ctimestamp1 = cast(druid_table_alltypesorc.`__time` as timestamp))
POSTHOOK: type: QUERY
POSTHOOK: Input: default@alltypesorc_small
POSTHOOK: Input: default@druid_table_alltypesorc
POSTHOOK: Output: hdfs://### HDFS PATH ###
434493
PREHOOK: query: EXPLAIN select count(*) from alltypesorc_small join druid_table_alltypesorc on (alltypesorc_small.cboolean1 = druid_table_alltypesorc.cboolean1)
PREHOOK: type: QUERY
PREHOOK: Input: default@alltypesorc_small
PREHOOK: Input: default@druid_table_alltypesorc
PREHOOK: Output: hdfs://### HDFS PATH ###
POSTHOOK: query: EXPLAIN select count(*) from alltypesorc_small join druid_table_alltypesorc on (alltypesorc_small.cboolean1 = druid_table_alltypesorc.cboolean1)
POSTHOOK: type: QUERY
POSTHOOK: Input: default@alltypesorc_small
POSTHOOK: Input: default@druid_table_alltypesorc
POSTHOOK: Output: hdfs://### HDFS PATH ###
STAGE DEPENDENCIES:
  Stage-1 is a root stage
  Stage-0 depends on stages: Stage-1

STAGE PLANS:
  Stage: Stage-1
    Tez
#### A masked pattern was here ####
      Edges:
        Map 5 <- Reducer 4 (BROADCAST_EDGE)
        Reducer 2 <- Map 1 (SIMPLE_EDGE), Map 5 (SIMPLE_EDGE)
        Reducer 3 <- Reducer 2 (CUSTOM_SIMPLE_EDGE)
        Reducer 4 <- Map 1 (CUSTOM_SIMPLE_EDGE)
#### A masked pattern was here ####
      Vertices:
        Map 1 
            Map Operator Tree:
                TableScan
                  alias: alltypesorc_small
                  filterExpr: cboolean1 is not null (type: boolean)
                  Statistics: Num rows: 69 Data size: 276 Basic stats: COMPLETE Column stats: COMPLETE
                  Filter Operator
                    predicate: cboolean1 is not null (type: boolean)
                    Statistics: Num rows: 69 Data size: 276 Basic stats: COMPLETE Column stats: COMPLETE
                    Select Operator
                      expressions: cboolean1 (type: boolean)
                      outputColumnNames: _col0
                      Statistics: Num rows: 69 Data size: 276 Basic stats: COMPLETE Column stats: COMPLETE
                      Reduce Output Operator
                        key expressions: _col0 (type: boolean)
                        null sort order: a
                        sort order: +
                        Map-reduce partition columns: _col0 (type: boolean)
                        Statistics: Num rows: 69 Data size: 276 Basic stats: COMPLETE Column stats: COMPLETE
                      Select Operator
                        expressions: _col0 (type: boolean)
                        outputColumnNames: _col0
                        Statistics: Num rows: 69 Data size: 276 Basic stats: COMPLETE Column stats: COMPLETE
                        Group By Operator
                          aggregations: min(_col0), max(_col0), bloom_filter(_col0, expectedEntries=1)
                          minReductionHashAggr: 0.98550725
                          mode: hash
                          outputColumnNames: _col0, _col1, _col2
                          Statistics: Num rows: 1 Data size: 12 Basic stats: COMPLETE Column stats: COMPLETE
                          Reduce Output Operator
                            null sort order: 
                            sort order: 
                            Statistics: Num rows: 1 Data size: 12 Basic stats: COMPLETE Column stats: COMPLETE
                            value expressions: _col0 (type: boolean), _col1 (type: boolean), _col2 (type: binary)
            Execution mode: vectorized, llap
            LLAP IO: all inputs
        Map 5 
            Map Operator Tree:
                TableScan
                  alias: druid_table_alltypesorc
                  filterExpr: (cboolean1 BETWEEN DynamicValue(RS_4_alltypesorc_small_cboolean1_min) AND DynamicValue(RS_4_alltypesorc_small_cboolean1_max) and in_bloom_filter(cboolean1, DynamicValue(RS_4_alltypesorc_small_cboolean1_bloom_filter))) (type: boolean)
                  properties:
                    druid.fieldNames cboolean1
                    druid.fieldTypes boolean
                    druid.query.json {"queryType":"scan","dataSource":{"type":"table","name":"default.druid_table_alltypesorc"},"intervals":{"type":"LegacySegmentSpec","intervals":["1900-01-01T00:00:00.000Z/3000-01-01T00:00:00.000Z"]},"virtualColumns":[],"resultFormat":"compactedList","batchSize":20480,"limit":9223372036854775807,"filter":{"type":"not","field":{"type":"selector","dimension":"cboolean1","value":null,"extractionFn":null}},"columns":["cboolean1"],"legacy":null,"context":null,"descending":false,"granularity":{"type":"all"}}
                    druid.query.type scan
                  Statistics: Num rows: 9173 Data size: 34864 Basic stats: COMPLETE Column stats: NONE
                  Filter Operator
                    predicate: (cboolean1 BETWEEN DynamicValue(RS_4_alltypesorc_small_cboolean1_min) AND DynamicValue(RS_4_alltypesorc_small_cboolean1_max) and in_bloom_filter(cboolean1, DynamicValue(RS_4_alltypesorc_small_cboolean1_bloom_filter))) (type: boolean)
                    Statistics: Num rows: 9173 Data size: 34864 Basic stats: COMPLETE Column stats: NONE
                    Reduce Output Operator
                      key expressions: cboolean1 (type: boolean)
                      null sort order: a
                      sort order: +
                      Map-reduce partition columns: cboolean1 (type: boolean)
                      Statistics: Num rows: 9173 Data size: 34864 Basic stats: COMPLETE Column stats: NONE
            Execution mode: vectorized, llap
            LLAP IO: no inputs
        Reducer 2 
            Execution mode: llap
            Reduce Operator Tree:
              Merge Join Operator
                condition map:
                     Inner Join 0 to 1
                keys:
                  0 _col0 (type: boolean)
                  1 cboolean1 (type: boolean)
                Statistics: Num rows: 10090 Data size: 38350 Basic stats: COMPLETE Column stats: NONE
                Group By Operator
                  aggregations: count()
                  minReductionHashAggr: 0.99
                  mode: hash
                  outputColumnNames: _col0
                  Statistics: Num rows: 1 Data size: 8 Basic stats: COMPLETE Column stats: NONE
                  Reduce Output Operator
                    null sort order: 
                    sort order: 
                    Statistics: Num rows: 1 Data size: 8 Basic stats: COMPLETE Column stats: NONE
                    value expressions: _col0 (type: bigint)
        Reducer 3 
            Execution mode: vectorized, llap
            Reduce Operator Tree:
              Group By Operator
                aggregations: count(VALUE._col0)
                mode: mergepartial
                outputColumnNames: _col0
                Statistics: Num rows: 1 Data size: 8 Basic stats: COMPLETE Column stats: NONE
                File Output Operator
                  compressed: false
                  Statistics: Num rows: 1 Data size: 8 Basic stats: COMPLETE Column stats: NONE
                  table:
                      input format: org.apache.hadoop.mapred.SequenceFileInputFormat
                      output format: org.apache.hadoop.hive.ql.io.HiveSequenceFileOutputFormat
                      serde: org.apache.hadoop.hive.serde2.lazy.LazySimpleSerDe
        Reducer 4 
            Execution mode: vectorized, llap
            Reduce Operator Tree:
              Group By Operator
                aggregations: min(VALUE._col0), max(VALUE._col1), bloom_filter(VALUE._col2, expectedEntries=1)
                mode: final
                outputColumnNames: _col0, _col1, _col2
                Statistics: Num rows: 1 Data size: 12 Basic stats: COMPLETE Column stats: COMPLETE
                Reduce Output Operator
                  null sort order: 
                  sort order: 
                  Statistics: Num rows: 1 Data size: 12 Basic stats: COMPLETE Column stats: COMPLETE
                  value expressions: _col0 (type: boolean), _col1 (type: boolean), _col2 (type: binary)

  Stage: Stage-0
    Fetch Operator
      limit: -1
      Processor Tree:
        ListSink

PREHOOK: query: select count(*) from alltypesorc_small join druid_table_alltypesorc on (alltypesorc_small.cboolean1 = druid_table_alltypesorc.cboolean1)
PREHOOK: type: QUERY
PREHOOK: Input: default@alltypesorc_small
PREHOOK: Input: default@druid_table_alltypesorc
PREHOOK: Output: hdfs://### HDFS PATH ###
POSTHOOK: query: select count(*) from alltypesorc_small join druid_table_alltypesorc on (alltypesorc_small.cboolean1 = druid_table_alltypesorc.cboolean1)
POSTHOOK: type: QUERY
POSTHOOK: Input: default@alltypesorc_small
POSTHOOK: Input: default@druid_table_alltypesorc
POSTHOOK: Output: hdfs://### HDFS PATH ###
418071
PREHOOK: query: select count(*) from alltypesorc_small join druid_table_alltypesorc on (alltypesorc_small.cboolean1 = druid_table_alltypesorc.cboolean1)
PREHOOK: type: QUERY
PREHOOK: Input: default@alltypesorc_small
PREHOOK: Input: default@druid_table_alltypesorc
PREHOOK: Output: hdfs://### HDFS PATH ###
POSTHOOK: query: select count(*) from alltypesorc_small join druid_table_alltypesorc on (alltypesorc_small.cboolean1 = druid_table_alltypesorc.cboolean1)
POSTHOOK: type: QUERY
POSTHOOK: Input: default@alltypesorc_small
POSTHOOK: Input: default@druid_table_alltypesorc
POSTHOOK: Output: hdfs://### HDFS PATH ###
418071
PREHOOK: query: EXPLAIN select count(*) from alltypesorc_small join druid_table_alltypesorc on (cast(alltypesorc_small.cint as string) = druid_table_alltypesorc.cintstring)
PREHOOK: type: QUERY
PREHOOK: Input: default@alltypesorc_small
PREHOOK: Input: default@druid_table_alltypesorc
PREHOOK: Output: hdfs://### HDFS PATH ###
POSTHOOK: query: EXPLAIN select count(*) from alltypesorc_small join druid_table_alltypesorc on (cast(alltypesorc_small.cint as string) = druid_table_alltypesorc.cintstring)
POSTHOOK: type: QUERY
POSTHOOK: Input: default@alltypesorc_small
POSTHOOK: Input: default@druid_table_alltypesorc
POSTHOOK: Output: hdfs://### HDFS PATH ###
STAGE DEPENDENCIES:
  Stage-1 is a root stage
  Stage-0 depends on stages: Stage-1

STAGE PLANS:
  Stage: Stage-1
    Tez
#### A masked pattern was here ####
      Edges:
        Map 5 <- Reducer 4 (BROADCAST_EDGE)
        Reducer 2 <- Map 1 (SIMPLE_EDGE), Map 5 (SIMPLE_EDGE)
        Reducer 3 <- Reducer 2 (CUSTOM_SIMPLE_EDGE)
        Reducer 4 <- Map 1 (CUSTOM_SIMPLE_EDGE)
#### A masked pattern was here ####
      Vertices:
        Map 1 
            Map Operator Tree:
                TableScan
                  alias: alltypesorc_small
                  filterExpr: CAST( cint AS STRING) is not null (type: boolean)
                  Statistics: Num rows: 69 Data size: 276 Basic stats: COMPLETE Column stats: COMPLETE
                  Filter Operator
                    predicate: CAST( cint AS STRING) is not null (type: boolean)
                    Statistics: Num rows: 69 Data size: 276 Basic stats: COMPLETE Column stats: COMPLETE
                    Select Operator
                      expressions: CAST( cint AS STRING) (type: string)
                      outputColumnNames: _col0
                      Statistics: Num rows: 69 Data size: 12696 Basic stats: COMPLETE Column stats: COMPLETE
                      Reduce Output Operator
                        key expressions: _col0 (type: string)
                        null sort order: a
                        sort order: +
                        Map-reduce partition columns: _col0 (type: string)
                        Statistics: Num rows: 69 Data size: 12696 Basic stats: COMPLETE Column stats: COMPLETE
                      Select Operator
                        expressions: _col0 (type: string)
                        outputColumnNames: _col0
                        Statistics: Num rows: 69 Data size: 12696 Basic stats: COMPLETE Column stats: COMPLETE
                        Group By Operator
                          aggregations: min(_col0), max(_col0), bloom_filter(_col0, expectedEntries=69)
                          minReductionHashAggr: 0.98550725
                          mode: hash
                          outputColumnNames: _col0, _col1, _col2
                          Statistics: Num rows: 1 Data size: 552 Basic stats: COMPLETE Column stats: COMPLETE
                          Reduce Output Operator
                            null sort order: 
                            sort order: 
                            Statistics: Num rows: 1 Data size: 552 Basic stats: COMPLETE Column stats: COMPLETE
                            value expressions: _col0 (type: string), _col1 (type: string), _col2 (type: binary)
            Execution mode: vectorized, llap
            LLAP IO: all inputs
        Map 5 
            Map Operator Tree:
                TableScan
                  alias: druid_table_alltypesorc
                  filterExpr: (cintstring BETWEEN DynamicValue(RS_4_alltypesorc_small_cint_min) AND DynamicValue(RS_4_alltypesorc_small_cint_max) and in_bloom_filter(cintstring, DynamicValue(RS_4_alltypesorc_small_cint_bloom_filter))) (type: boolean)
                  properties:
                    druid.fieldNames cintstring
                    druid.fieldTypes string
                    druid.query.json {"queryType":"scan","dataSource":{"type":"table","name":"default.druid_table_alltypesorc"},"intervals":{"type":"LegacySegmentSpec","intervals":["1900-01-01T00:00:00.000Z/3000-01-01T00:00:00.000Z"]},"virtualColumns":[],"resultFormat":"compactedList","batchSize":20480,"limit":9223372036854775807,"filter":{"type":"and","fields":[{"type":"and","fields":[{"type":"bound","dimension":"cintstring","lower":"DynamicValue(RS_4_alltypesorc_small_cint_min)","upper":"DynamicValue(RS_4_alltypesorc_small_cint_max)","lowerStrict":false,"upperStrict":false,"extractionFn":null,"ordering":{"type":"lexicographic"}},{"type":"bloom","dimension":"cintstring","bloomKFilter":"BAAAAAgAAAAAAAAAAAAAAAAAAAAAAAAAAAAAAAAAAAAAAAAAAAAAAAAAAAAAAAAAAAAAAAAAAAAAAAAAAAAAAAAAAAAA","extractionFn":null}]},{"type":"not","field":{"type":"selector","dimension":"cintstring","value":null,"extractionFn":null}}]},"columns":["cintstring"],"legacy":null,"context":null,"descending":false,"granularity":{"type":"all"}}
                    druid.query.type scan
                  Statistics: Num rows: 9173 Data size: 1603744 Basic stats: COMPLETE Column stats: NONE
                  Filter Operator
                    predicate: (cintstring BETWEEN DynamicValue(RS_4_alltypesorc_small_cint_min) AND DynamicValue(RS_4_alltypesorc_small_cint_max) and in_bloom_filter(cintstring, DynamicValue(RS_4_alltypesorc_small_cint_bloom_filter))) (type: boolean)
                    Statistics: Num rows: 9173 Data size: 1603744 Basic stats: COMPLETE Column stats: NONE
                    Reduce Output Operator
                      key expressions: cintstring (type: string)
                      null sort order: a
                      sort order: +
                      Map-reduce partition columns: cintstring (type: string)
                      Statistics: Num rows: 9173 Data size: 1603744 Basic stats: COMPLETE Column stats: NONE
            Execution mode: vectorized, llap
            LLAP IO: no inputs
        Reducer 2 
            Execution mode: llap
            Reduce Operator Tree:
              Merge Join Operator
                condition map:
                     Inner Join 0 to 1
                keys:
                  0 _col0 (type: string)
                  1 cintstring (type: string)
                Statistics: Num rows: 10090 Data size: 1764118 Basic stats: COMPLETE Column stats: NONE
                Group By Operator
                  aggregations: count()
                  minReductionHashAggr: 0.99
                  mode: hash
                  outputColumnNames: _col0
                  Statistics: Num rows: 1 Data size: 8 Basic stats: COMPLETE Column stats: NONE
                  Reduce Output Operator
                    null sort order: 
                    sort order: 
                    Statistics: Num rows: 1 Data size: 8 Basic stats: COMPLETE Column stats: NONE
                    value expressions: _col0 (type: bigint)
        Reducer 3 
            Execution mode: vectorized, llap
            Reduce Operator Tree:
              Group By Operator
                aggregations: count(VALUE._col0)
                mode: mergepartial
                outputColumnNames: _col0
                Statistics: Num rows: 1 Data size: 8 Basic stats: COMPLETE Column stats: NONE
                File Output Operator
                  compressed: false
                  Statistics: Num rows: 1 Data size: 8 Basic stats: COMPLETE Column stats: NONE
                  table:
                      input format: org.apache.hadoop.mapred.SequenceFileInputFormat
                      output format: org.apache.hadoop.hive.ql.io.HiveSequenceFileOutputFormat
                      serde: org.apache.hadoop.hive.serde2.lazy.LazySimpleSerDe
        Reducer 4 
            Execution mode: vectorized, llap
            Reduce Operator Tree:
              Group By Operator
                aggregations: min(VALUE._col0), max(VALUE._col1), bloom_filter(VALUE._col2, expectedEntries=69)
                mode: final
                outputColumnNames: _col0, _col1, _col2
                Statistics: Num rows: 1 Data size: 552 Basic stats: COMPLETE Column stats: COMPLETE
                Reduce Output Operator
                  null sort order: 
                  sort order: 
                  Statistics: Num rows: 1 Data size: 552 Basic stats: COMPLETE Column stats: COMPLETE
                  value expressions: _col0 (type: string), _col1 (type: string), _col2 (type: binary)

  Stage: Stage-0
    Fetch Operator
      limit: -1
      Processor Tree:
        ListSink

PREHOOK: query: select count(*) from alltypesorc_small join druid_table_alltypesorc on (cast(alltypesorc_small.cint as string) = druid_table_alltypesorc.cintstring)
PREHOOK: type: QUERY
PREHOOK: Input: default@alltypesorc_small
PREHOOK: Input: default@druid_table_alltypesorc
PREHOOK: Output: hdfs://### HDFS PATH ###
POSTHOOK: query: select count(*) from alltypesorc_small join druid_table_alltypesorc on (cast(alltypesorc_small.cint as string) = druid_table_alltypesorc.cintstring)
POSTHOOK: type: QUERY
POSTHOOK: Input: default@alltypesorc_small
POSTHOOK: Input: default@druid_table_alltypesorc
POSTHOOK: Output: hdfs://### HDFS PATH ###
69
PREHOOK: query: select count(*) from alltypesorc_small join druid_table_alltypesorc on (cast(alltypesorc_small.cint as string) = druid_table_alltypesorc.cintstring)
PREHOOK: type: QUERY
PREHOOK: Input: default@alltypesorc_small
PREHOOK: Input: default@druid_table_alltypesorc
PREHOOK: Output: hdfs://### HDFS PATH ###
POSTHOOK: query: select count(*) from alltypesorc_small join druid_table_alltypesorc on (cast(alltypesorc_small.cint as string) = druid_table_alltypesorc.cintstring)
POSTHOOK: type: QUERY
POSTHOOK: Input: default@alltypesorc_small
POSTHOOK: Input: default@druid_table_alltypesorc
POSTHOOK: Output: hdfs://### HDFS PATH ###
69
PREHOOK: query: EXPLAIN select count(*) from alltypesorc_small join druid_table_alltypesorc on (cast(alltypesorc_small.cdouble as string) = druid_table_alltypesorc.cdoublestring)
PREHOOK: type: QUERY
PREHOOK: Input: default@alltypesorc_small
PREHOOK: Input: default@druid_table_alltypesorc
PREHOOK: Output: hdfs://### HDFS PATH ###
POSTHOOK: query: EXPLAIN select count(*) from alltypesorc_small join druid_table_alltypesorc on (cast(alltypesorc_small.cdouble as string) = druid_table_alltypesorc.cdoublestring)
POSTHOOK: type: QUERY
POSTHOOK: Input: default@alltypesorc_small
POSTHOOK: Input: default@druid_table_alltypesorc
POSTHOOK: Output: hdfs://### HDFS PATH ###
STAGE DEPENDENCIES:
  Stage-1 is a root stage
  Stage-0 depends on stages: Stage-1

STAGE PLANS:
  Stage: Stage-1
    Tez
#### A masked pattern was here ####
      Edges:
        Map 5 <- Reducer 4 (BROADCAST_EDGE)
        Reducer 2 <- Map 1 (SIMPLE_EDGE), Map 5 (SIMPLE_EDGE)
        Reducer 3 <- Reducer 2 (CUSTOM_SIMPLE_EDGE)
        Reducer 4 <- Map 1 (CUSTOM_SIMPLE_EDGE)
#### A masked pattern was here ####
      Vertices:
        Map 1 
            Map Operator Tree:
                TableScan
                  alias: alltypesorc_small
                  filterExpr: CAST( cdouble AS STRING) is not null (type: boolean)
                  Statistics: Num rows: 69 Data size: 552 Basic stats: COMPLETE Column stats: COMPLETE
                  Filter Operator
                    predicate: CAST( cdouble AS STRING) is not null (type: boolean)
                    Statistics: Num rows: 69 Data size: 552 Basic stats: COMPLETE Column stats: COMPLETE
                    Select Operator
                      expressions: CAST( cdouble AS STRING) (type: string)
                      outputColumnNames: _col0
                      Statistics: Num rows: 69 Data size: 12696 Basic stats: COMPLETE Column stats: COMPLETE
                      Reduce Output Operator
                        key expressions: _col0 (type: string)
                        null sort order: a
                        sort order: +
                        Map-reduce partition columns: _col0 (type: string)
                        Statistics: Num rows: 69 Data size: 12696 Basic stats: COMPLETE Column stats: COMPLETE
                      Select Operator
                        expressions: _col0 (type: string)
                        outputColumnNames: _col0
                        Statistics: Num rows: 69 Data size: 12696 Basic stats: COMPLETE Column stats: COMPLETE
                        Group By Operator
                          aggregations: min(_col0), max(_col0), bloom_filter(_col0, expectedEntries=1)
                          minReductionHashAggr: 0.98550725
                          mode: hash
                          outputColumnNames: _col0, _col1, _col2
                          Statistics: Num rows: 1 Data size: 552 Basic stats: COMPLETE Column stats: COMPLETE
                          Reduce Output Operator
                            null sort order: 
                            sort order: 
                            Statistics: Num rows: 1 Data size: 552 Basic stats: COMPLETE Column stats: COMPLETE
                            value expressions: _col0 (type: string), _col1 (type: string), _col2 (type: binary)
            Execution mode: vectorized, llap
            LLAP IO: all inputs
        Map 5 
            Map Operator Tree:
                TableScan
                  alias: druid_table_alltypesorc
                  filterExpr: (cdoublestring BETWEEN DynamicValue(RS_4_alltypesorc_small_cdouble_min) AND DynamicValue(RS_4_alltypesorc_small_cdouble_max) and in_bloom_filter(cdoublestring, DynamicValue(RS_4_alltypesorc_small_cdouble_bloom_filter))) (type: boolean)
                  properties:
                    druid.fieldNames cdoublestring
                    druid.fieldTypes string
                    druid.query.json {"queryType":"scan","dataSource":{"type":"table","name":"default.druid_table_alltypesorc"},"intervals":{"type":"LegacySegmentSpec","intervals":["1900-01-01T00:00:00.000Z/3000-01-01T00:00:00.000Z"]},"virtualColumns":[],"resultFormat":"compactedList","batchSize":20480,"limit":9223372036854775807,"filter":{"type":"and","fields":[{"type":"and","fields":[{"type":"bound","dimension":"cdoublestring","lower":"DynamicValue(RS_4_alltypesorc_small_cdouble_min)","upper":"DynamicValue(RS_4_alltypesorc_small_cdouble_max)","lowerStrict":false,"upperStrict":false,"extractionFn":null,"ordering":{"type":"lexicographic"}},{"type":"bloom","dimension":"cdoublestring","bloomKFilter":"BAAAAAgAAAAAAAAAAAAAAAAAAAAAAAAAAAAAAAAAAAAAAAAAAAAAAAAAAAAAAAAAAAAAAAAAAAAAAAAAAAAAAAAAAAAA","extractionFn":null}]},{"type":"not","field":{"type":"selector","dimension":"cdoublestring","value":null,"extractionFn":null}}]},"columns":["cdoublestring"],"legacy":null,"context":null,"descending":false,"granularity":{"type":"all"}}
                    druid.query.type scan
                  Statistics: Num rows: 9173 Data size: 1603744 Basic stats: COMPLETE Column stats: NONE
                  Filter Operator
                    predicate: (cdoublestring BETWEEN DynamicValue(RS_4_alltypesorc_small_cdouble_min) AND DynamicValue(RS_4_alltypesorc_small_cdouble_max) and in_bloom_filter(cdoublestring, DynamicValue(RS_4_alltypesorc_small_cdouble_bloom_filter))) (type: boolean)
                    Statistics: Num rows: 9173 Data size: 1603744 Basic stats: COMPLETE Column stats: NONE
                    Reduce Output Operator
                      key expressions: cdoublestring (type: string)
                      null sort order: a
                      sort order: +
                      Map-reduce partition columns: cdoublestring (type: string)
                      Statistics: Num rows: 9173 Data size: 1603744 Basic stats: COMPLETE Column stats: NONE
            Execution mode: vectorized, llap
            LLAP IO: no inputs
        Reducer 2 
            Execution mode: llap
            Reduce Operator Tree:
              Merge Join Operator
                condition map:
                     Inner Join 0 to 1
                keys:
                  0 _col0 (type: string)
                  1 cdoublestring (type: string)
                Statistics: Num rows: 10090 Data size: 1764118 Basic stats: COMPLETE Column stats: NONE
                Group By Operator
                  aggregations: count()
                  minReductionHashAggr: 0.99
                  mode: hash
                  outputColumnNames: _col0
                  Statistics: Num rows: 1 Data size: 8 Basic stats: COMPLETE Column stats: NONE
                  Reduce Output Operator
                    null sort order: 
                    sort order: 
                    Statistics: Num rows: 1 Data size: 8 Basic stats: COMPLETE Column stats: NONE
                    value expressions: _col0 (type: bigint)
        Reducer 3 
            Execution mode: vectorized, llap
            Reduce Operator Tree:
              Group By Operator
                aggregations: count(VALUE._col0)
                mode: mergepartial
                outputColumnNames: _col0
                Statistics: Num rows: 1 Data size: 8 Basic stats: COMPLETE Column stats: NONE
                File Output Operator
                  compressed: false
                  Statistics: Num rows: 1 Data size: 8 Basic stats: COMPLETE Column stats: NONE
                  table:
                      input format: org.apache.hadoop.mapred.SequenceFileInputFormat
                      output format: org.apache.hadoop.hive.ql.io.HiveSequenceFileOutputFormat
                      serde: org.apache.hadoop.hive.serde2.lazy.LazySimpleSerDe
        Reducer 4 
            Execution mode: vectorized, llap
            Reduce Operator Tree:
              Group By Operator
                aggregations: min(VALUE._col0), max(VALUE._col1), bloom_filter(VALUE._col2, expectedEntries=1)
                mode: final
                outputColumnNames: _col0, _col1, _col2
                Statistics: Num rows: 1 Data size: 552 Basic stats: COMPLETE Column stats: COMPLETE
                Reduce Output Operator
                  null sort order: 
                  sort order: 
                  Statistics: Num rows: 1 Data size: 552 Basic stats: COMPLETE Column stats: COMPLETE
                  value expressions: _col0 (type: string), _col1 (type: string), _col2 (type: binary)

  Stage: Stage-0
    Fetch Operator
      limit: -1
      Processor Tree:
        ListSink

PREHOOK: query: select count(*) from alltypesorc_small join druid_table_alltypesorc on (cast(alltypesorc_small.cdouble as string) = druid_table_alltypesorc.cdoublestring)
PREHOOK: type: QUERY
PREHOOK: Input: default@alltypesorc_small
PREHOOK: Input: default@druid_table_alltypesorc
PREHOOK: Output: hdfs://### HDFS PATH ###
POSTHOOK: query: select count(*) from alltypesorc_small join druid_table_alltypesorc on (cast(alltypesorc_small.cdouble as string) = druid_table_alltypesorc.cdoublestring)
POSTHOOK: type: QUERY
POSTHOOK: Input: default@alltypesorc_small
POSTHOOK: Input: default@druid_table_alltypesorc
POSTHOOK: Output: hdfs://### HDFS PATH ###
0
PREHOOK: query: select count(*) from alltypesorc_small join druid_table_alltypesorc on (cast(alltypesorc_small.cdouble as string) = druid_table_alltypesorc.cdoublestring)
PREHOOK: type: QUERY
PREHOOK: Input: default@alltypesorc_small
PREHOOK: Input: default@druid_table_alltypesorc
PREHOOK: Output: hdfs://### HDFS PATH ###
POSTHOOK: query: select count(*) from alltypesorc_small join druid_table_alltypesorc on (cast(alltypesorc_small.cdouble as string) = druid_table_alltypesorc.cdoublestring)
POSTHOOK: type: QUERY
POSTHOOK: Input: default@alltypesorc_small
POSTHOOK: Input: default@druid_table_alltypesorc
POSTHOOK: Output: hdfs://### HDFS PATH ###
0
PREHOOK: query: EXPLAIN select count(*) from alltypesorc_small join druid_table_alltypesorc on (cast(alltypesorc_small.cfloat as string) = druid_table_alltypesorc.cfloatstring)
PREHOOK: type: QUERY
PREHOOK: Input: default@alltypesorc_small
PREHOOK: Input: default@druid_table_alltypesorc
PREHOOK: Output: hdfs://### HDFS PATH ###
POSTHOOK: query: EXPLAIN select count(*) from alltypesorc_small join druid_table_alltypesorc on (cast(alltypesorc_small.cfloat as string) = druid_table_alltypesorc.cfloatstring)
POSTHOOK: type: QUERY
POSTHOOK: Input: default@alltypesorc_small
POSTHOOK: Input: default@druid_table_alltypesorc
POSTHOOK: Output: hdfs://### HDFS PATH ###
STAGE DEPENDENCIES:
  Stage-1 is a root stage
  Stage-0 depends on stages: Stage-1

STAGE PLANS:
  Stage: Stage-1
    Tez
#### A masked pattern was here ####
      Edges:
        Map 5 <- Reducer 4 (BROADCAST_EDGE)
        Reducer 2 <- Map 1 (SIMPLE_EDGE), Map 5 (SIMPLE_EDGE)
        Reducer 3 <- Reducer 2 (CUSTOM_SIMPLE_EDGE)
        Reducer 4 <- Map 1 (CUSTOM_SIMPLE_EDGE)
#### A masked pattern was here ####
      Vertices:
        Map 1 
            Map Operator Tree:
                TableScan
                  alias: alltypesorc_small
                  filterExpr: CAST( cfloat AS STRING) is not null (type: boolean)
                  Statistics: Num rows: 69 Data size: 276 Basic stats: COMPLETE Column stats: COMPLETE
                  Filter Operator
                    predicate: CAST( cfloat AS STRING) is not null (type: boolean)
                    Statistics: Num rows: 69 Data size: 276 Basic stats: COMPLETE Column stats: COMPLETE
                    Select Operator
                      expressions: CAST( cfloat AS STRING) (type: string)
                      outputColumnNames: _col0
                      Statistics: Num rows: 69 Data size: 12696 Basic stats: COMPLETE Column stats: COMPLETE
                      Reduce Output Operator
                        key expressions: _col0 (type: string)
                        null sort order: a
                        sort order: +
                        Map-reduce partition columns: _col0 (type: string)
                        Statistics: Num rows: 69 Data size: 12696 Basic stats: COMPLETE Column stats: COMPLETE
                      Select Operator
                        expressions: _col0 (type: string)
                        outputColumnNames: _col0
                        Statistics: Num rows: 69 Data size: 12696 Basic stats: COMPLETE Column stats: COMPLETE
                        Group By Operator
                          aggregations: min(_col0), max(_col0), bloom_filter(_col0, expectedEntries=3)
                          minReductionHashAggr: 0.98550725
                          mode: hash
                          outputColumnNames: _col0, _col1, _col2
                          Statistics: Num rows: 1 Data size: 552 Basic stats: COMPLETE Column stats: COMPLETE
                          Reduce Output Operator
                            null sort order: 
                            sort order: 
                            Statistics: Num rows: 1 Data size: 552 Basic stats: COMPLETE Column stats: COMPLETE
                            value expressions: _col0 (type: string), _col1 (type: string), _col2 (type: binary)
            Execution mode: vectorized, llap
            LLAP IO: all inputs
        Map 5 
            Map Operator Tree:
                TableScan
                  alias: druid_table_alltypesorc
                  filterExpr: (cfloatstring BETWEEN DynamicValue(RS_4_alltypesorc_small_cfloat_min) AND DynamicValue(RS_4_alltypesorc_small_cfloat_max) and in_bloom_filter(cfloatstring, DynamicValue(RS_4_alltypesorc_small_cfloat_bloom_filter))) (type: boolean)
                  properties:
                    druid.fieldNames cfloatstring
                    druid.fieldTypes string
                    druid.query.json {"queryType":"scan","dataSource":{"type":"table","name":"default.druid_table_alltypesorc"},"intervals":{"type":"LegacySegmentSpec","intervals":["1900-01-01T00:00:00.000Z/3000-01-01T00:00:00.000Z"]},"virtualColumns":[],"resultFormat":"compactedList","batchSize":20480,"limit":9223372036854775807,"filter":{"type":"and","fields":[{"type":"and","fields":[{"type":"bound","dimension":"cfloatstring","lower":"DynamicValue(RS_4_alltypesorc_small_cfloat_min)","upper":"DynamicValue(RS_4_alltypesorc_small_cfloat_max)","lowerStrict":false,"upperStrict":false,"extractionFn":null,"ordering":{"type":"lexicographic"}},{"type":"bloom","dimension":"cfloatstring","bloomKFilter":"BAAAAAgAAAAAAAAAAAAAAAAAAAAAAAAAAAAAAAAAAAAAAAAAAAAAAAAAAAAAAAAAAAAAAAAAAAAAAAAAAAAAAAAAAAAA","extractionFn":null}]},{"type":"not","field":{"type":"selector","dimension":"cfloatstring","value":null,"extractionFn":null}}]},"columns":["cfloatstring"],"legacy":null,"context":null,"descending":false,"granularity":{"type":"all"}}
                    druid.query.type scan
                  Statistics: Num rows: 9173 Data size: 1603744 Basic stats: COMPLETE Column stats: NONE
                  Filter Operator
                    predicate: (cfloatstring BETWEEN DynamicValue(RS_4_alltypesorc_small_cfloat_min) AND DynamicValue(RS_4_alltypesorc_small_cfloat_max) and in_bloom_filter(cfloatstring, DynamicValue(RS_4_alltypesorc_small_cfloat_bloom_filter))) (type: boolean)
                    Statistics: Num rows: 9173 Data size: 1603744 Basic stats: COMPLETE Column stats: NONE
                    Reduce Output Operator
                      key expressions: cfloatstring (type: string)
                      null sort order: a
                      sort order: +
                      Map-reduce partition columns: cfloatstring (type: string)
                      Statistics: Num rows: 9173 Data size: 1603744 Basic stats: COMPLETE Column stats: NONE
            Execution mode: vectorized, llap
            LLAP IO: no inputs
        Reducer 2 
            Execution mode: llap
            Reduce Operator Tree:
              Merge Join Operator
                condition map:
                     Inner Join 0 to 1
                keys:
                  0 _col0 (type: string)
                  1 cfloatstring (type: string)
                Statistics: Num rows: 10090 Data size: 1764118 Basic stats: COMPLETE Column stats: NONE
                Group By Operator
                  aggregations: count()
                  minReductionHashAggr: 0.99
                  mode: hash
                  outputColumnNames: _col0
                  Statistics: Num rows: 1 Data size: 8 Basic stats: COMPLETE Column stats: NONE
                  Reduce Output Operator
                    null sort order: 
                    sort order: 
                    Statistics: Num rows: 1 Data size: 8 Basic stats: COMPLETE Column stats: NONE
                    value expressions: _col0 (type: bigint)
        Reducer 3 
            Execution mode: vectorized, llap
            Reduce Operator Tree:
              Group By Operator
                aggregations: count(VALUE._col0)
                mode: mergepartial
                outputColumnNames: _col0
                Statistics: Num rows: 1 Data size: 8 Basic stats: COMPLETE Column stats: NONE
                File Output Operator
                  compressed: false
                  Statistics: Num rows: 1 Data size: 8 Basic stats: COMPLETE Column stats: NONE
                  table:
                      input format: org.apache.hadoop.mapred.SequenceFileInputFormat
                      output format: org.apache.hadoop.hive.ql.io.HiveSequenceFileOutputFormat
                      serde: org.apache.hadoop.hive.serde2.lazy.LazySimpleSerDe
        Reducer 4 
            Execution mode: vectorized, llap
            Reduce Operator Tree:
              Group By Operator
                aggregations: min(VALUE._col0), max(VALUE._col1), bloom_filter(VALUE._col2, expectedEntries=3)
                mode: final
                outputColumnNames: _col0, _col1, _col2
                Statistics: Num rows: 1 Data size: 552 Basic stats: COMPLETE Column stats: COMPLETE
                Reduce Output Operator
                  null sort order: 
                  sort order: 
                  Statistics: Num rows: 1 Data size: 552 Basic stats: COMPLETE Column stats: COMPLETE
                  value expressions: _col0 (type: string), _col1 (type: string), _col2 (type: binary)

  Stage: Stage-0
    Fetch Operator
      limit: -1
      Processor Tree:
        ListSink

PREHOOK: query: select count(*) from alltypesorc_small join druid_table_alltypesorc on (cast(alltypesorc_small.cfloat as string) = druid_table_alltypesorc.cfloatstring)
PREHOOK: type: QUERY
PREHOOK: Input: default@alltypesorc_small
PREHOOK: Input: default@druid_table_alltypesorc
PREHOOK: Output: hdfs://### HDFS PATH ###
POSTHOOK: query: select count(*) from alltypesorc_small join druid_table_alltypesorc on (cast(alltypesorc_small.cfloat as string) = druid_table_alltypesorc.cfloatstring)
POSTHOOK: type: QUERY
POSTHOOK: Input: default@alltypesorc_small
POSTHOOK: Input: default@druid_table_alltypesorc
POSTHOOK: Output: hdfs://### HDFS PATH ###
73895
PREHOOK: query: select count(*) from alltypesorc_small join druid_table_alltypesorc on (cast(alltypesorc_small.cfloat as string) = druid_table_alltypesorc.cfloatstring)
PREHOOK: type: QUERY
PREHOOK: Input: default@alltypesorc_small
PREHOOK: Input: default@druid_table_alltypesorc
PREHOOK: Output: hdfs://### HDFS PATH ###
POSTHOOK: query: select count(*) from alltypesorc_small join druid_table_alltypesorc on (cast(alltypesorc_small.cfloat as string) = druid_table_alltypesorc.cfloatstring)
POSTHOOK: type: QUERY
POSTHOOK: Input: default@alltypesorc_small
POSTHOOK: Input: default@druid_table_alltypesorc
POSTHOOK: Output: hdfs://### HDFS PATH ###
73895
