PREHOOK: query: DROP TABLE blobstore_table
PREHOOK: type: DROPTABLE
POSTHOOK: query: DROP TABLE blobstore_table
POSTHOOK: type: DROPTABLE
PREHOOK: query: CREATE TABLE blobstore_table (cnt INT)
#### A masked pattern was here ####
PREHOOK: type: CREATETABLE
PREHOOK: Input: ### test.blobstore.path ###/explain/blobstore_table
PREHOOK: Output: database:default
PREHOOK: Output: default@blobstore_table
POSTHOOK: query: CREATE TABLE blobstore_table (cnt INT)
#### A masked pattern was here ####
POSTHOOK: type: CREATETABLE
POSTHOOK: Input: ### test.blobstore.path ###/explain/blobstore_table
POSTHOOK: Output: database:default
POSTHOOK: Output: default@blobstore_table
PREHOOK: query: LOAD DATA LOCAL INPATH '../../data/files/single_int.txt' INTO TABLE blobstore_table
PREHOOK: type: LOAD
#### A masked pattern was here ####
PREHOOK: Output: default@blobstore_table
POSTHOOK: query: LOAD DATA LOCAL INPATH '../../data/files/single_int.txt' INTO TABLE blobstore_table
POSTHOOK: type: LOAD
#### A masked pattern was here ####
POSTHOOK: Output: default@blobstore_table
PREHOOK: query: SELECT * FROM blobstore_table
PREHOOK: type: QUERY
PREHOOK: Input: default@blobstore_table
#### A masked pattern was here ####
POSTHOOK: query: SELECT * FROM blobstore_table
POSTHOOK: type: QUERY
POSTHOOK: Input: default@blobstore_table
#### A masked pattern was here ####
1234
PREHOOK: query: EXPLAIN INSERT OVERWRITE TABLE blobstore_table SELECT count(1) FROM blobstore_table
PREHOOK: type: QUERY
PREHOOK: Input: default@blobstore_table
PREHOOK: Output: default@blobstore_table
POSTHOOK: query: EXPLAIN INSERT OVERWRITE TABLE blobstore_table SELECT count(1) FROM blobstore_table
POSTHOOK: type: QUERY
POSTHOOK: Input: default@blobstore_table
POSTHOOK: Output: default@blobstore_table
STAGE DEPENDENCIES:
  Stage-1 is a root stage
  Stage-0 depends on stages: Stage-1
  Stage-2 depends on stages: Stage-0

STAGE PLANS:
  Stage: Stage-1
    Map Reduce
      Map Operator Tree:
          TableScan
            alias: blobstore_table
            Statistics: Num rows: 1 Data size: 40 Basic stats: COMPLETE Column stats: COMPLETE
            Select Operator
              Statistics: Num rows: 1 Data size: 40 Basic stats: COMPLETE Column stats: COMPLETE
              Group By Operator
                aggregations: count()
                minReductionHashAggr: 0.99
                mode: hash
                outputColumnNames: _col0
                Statistics: Num rows: 1 Data size: 8 Basic stats: COMPLETE Column stats: COMPLETE
                Reduce Output Operator
                  null sort order: 
                  sort order: 
                  Statistics: Num rows: 1 Data size: 8 Basic stats: COMPLETE Column stats: COMPLETE
                  value expressions: _col0 (type: bigint)
      Execution mode: vectorized
      Reduce Operator Tree:
        Group By Operator
          aggregations: count(VALUE._col0)
          mode: mergepartial
          outputColumnNames: _col0
          Statistics: Num rows: 1 Data size: 8 Basic stats: COMPLETE Column stats: COMPLETE
          Select Operator
            expressions: UDFToInteger(_col0) (type: int)
            outputColumnNames: _col0
            Statistics: Num rows: 1 Data size: 4 Basic stats: COMPLETE Column stats: COMPLETE
            File Output Operator
              compressed: false
              Statistics: Num rows: 1 Data size: 4 Basic stats: COMPLETE Column stats: COMPLETE
              table:
                  input format: org.apache.hadoop.mapred.TextInputFormat
                  output format: org.apache.hadoop.hive.ql.io.HiveIgnoreKeyTextOutputFormat
                  serde: org.apache.hadoop.hive.serde2.lazy.LazySimpleSerDe
                  name: default.blobstore_table
            Select Operator
              expressions: _col0 (type: int)
              outputColumnNames: cnt
              Statistics: Num rows: 1 Data size: 4 Basic stats: COMPLETE Column stats: COMPLETE
              Group By Operator
                aggregations: min(cnt), max(cnt), count(1), count(cnt), compute_bit_vector_hll(cnt)
                mode: complete
                outputColumnNames: _col0, _col1, _col2, _col3, _col4
                Statistics: Num rows: 1 Data size: 168 Basic stats: COMPLETE Column stats: COMPLETE
                Select Operator
                  expressions: 'LONG' (type: string), UDFToLong(_col0) (type: bigint), UDFToLong(_col1) (type: bigint), (_col2 - _col3) (type: bigint), COALESCE(ndv_compute_bit_vector(_col4),0) (type: bigint), _col4 (type: binary)
                  outputColumnNames: _col0, _col1, _col2, _col3, _col4, _col5
                  Statistics: Num rows: 1 Data size: 264 Basic stats: COMPLETE Column stats: COMPLETE
                  File Output Operator
                    compressed: false
                    Statistics: Num rows: 1 Data size: 264 Basic stats: COMPLETE Column stats: COMPLETE
                    table:
                        input format: org.apache.hadoop.mapred.SequenceFileInputFormat
                        output format: org.apache.hadoop.hive.ql.io.HiveSequenceFileOutputFormat
                        serde: org.apache.hadoop.hive.serde2.lazy.LazySimpleSerDe

  Stage: Stage-0
    Move Operator
      tables:
          replace: true
          table:
              input format: org.apache.hadoop.mapred.TextInputFormat
              output format: org.apache.hadoop.hive.ql.io.HiveIgnoreKeyTextOutputFormat
              serde: org.apache.hadoop.hive.serde2.lazy.LazySimpleSerDe
              name: default.blobstore_table

  Stage: Stage-2
    Stats Work
      Basic Stats Work:
      Column Stats Desc:
          Columns: cnt
          Column Types: int
          Table: default.blobstore_table

PREHOOK: query: SELECT * FROM blobstore_table
PREHOOK: type: QUERY
PREHOOK: Input: default@blobstore_table
#### A masked pattern was here ####
POSTHOOK: query: SELECT * FROM blobstore_table
POSTHOOK: type: QUERY
POSTHOOK: Input: default@blobstore_table
#### A masked pattern was here ####
1234
