PREHOOK: query: EXPLAIN SELECT 1 + ASSERT_TRUE(x < 2) FROM src LATERAL VIEW EXPLODE(ARRAY(1, 2)) a AS x LIMIT 2
PREHOOK: type: QUERY
PREHOOK: Input: default@src
#### A masked pattern was here ####
POSTHOOK: query: EXPLAIN SELECT 1 + ASSERT_TRUE(x < 2) FROM src LATERAL VIEW EXPLODE(ARRAY(1, 2)) a AS x LIMIT 2
POSTHOOK: type: QUERY
POSTHOOK: Input: default@src
#### A masked pattern was here ####
STAGE DEPENDENCIES:
  Stage-1 is a root stage
  Stage-0 depends on stages: Stage-1

STAGE PLANS:
  Stage: Stage-1
    Map Reduce
      Map Operator Tree:
          TableScan
            alias: src
            Statistics: Num rows: 500 Data size: 5312 Basic stats: COMPLETE Column stats: COMPLETE
            Lateral View Forward
              Statistics: Num rows: 500 Data size: 5312 Basic stats: COMPLETE Column stats: COMPLETE
              Select Operator
                Statistics: Num rows: 500 Data size: 172000 Basic stats: COMPLETE Column stats: COMPLETE
                Lateral View Join Operator
                  outputColumnNames: _col5
                  Statistics: Num rows: 1000 Data size: 196000 Basic stats: COMPLETE Column stats: COMPLETE
                  Select Operator
                    expressions: (1 + assert_true((_col5 < 2))) (type: int)
                    outputColumnNames: _col0
                    Statistics: Num rows: 1000 Data size: 4000 Basic stats: COMPLETE Column stats: COMPLETE
                    Limit
                      Number of rows: 2
                      Statistics: Num rows: 2 Data size: 8 Basic stats: COMPLETE Column stats: COMPLETE
                      File Output Operator
                        compressed: false
                        Statistics: Num rows: 2 Data size: 8 Basic stats: COMPLETE Column stats: COMPLETE
                        table:
                            input format: org.apache.hadoop.mapred.SequenceFileInputFormat
                            output format: org.apache.hadoop.hive.ql.io.HiveSequenceFileOutputFormat
                            serde: org.apache.hadoop.hive.serde2.lazy.LazySimpleSerDe
              Select Operator
                expressions: array(1,2) (type: array<int>)
                outputColumnNames: _col0
                Statistics: Num rows: 500 Data size: 24000 Basic stats: COMPLETE Column stats: COMPLETE
                UDTF Operator
                  Statistics: Num rows: 500 Data size: 24000 Basic stats: COMPLETE Column stats: COMPLETE
                  function name: explode
                  Lateral View Join Operator
                    outputColumnNames: _col5
                    Statistics: Num rows: 1000 Data size: 196000 Basic stats: COMPLETE Column stats: COMPLETE
                    Select Operator
                      expressions: (1 + assert_true((_col5 < 2))) (type: int)
                      outputColumnNames: _col0
                      Statistics: Num rows: 1000 Data size: 4000 Basic stats: COMPLETE Column stats: COMPLETE
                      Limit
                        Number of rows: 2
                        Statistics: Num rows: 2 Data size: 8 Basic stats: COMPLETE Column stats: COMPLETE
                        File Output Operator
                          compressed: false
                          Statistics: Num rows: 2 Data size: 8 Basic stats: COMPLETE Column stats: COMPLETE
                          table:
                              input format: org.apache.hadoop.mapred.SequenceFileInputFormat
                              output format: org.apache.hadoop.hive.ql.io.HiveSequenceFileOutputFormat
                              serde: org.apache.hadoop.hive.serde2.lazy.LazySimpleSerDe

  Stage: Stage-0
    Fetch Operator
      limit: 2
      Processor Tree:
        ListSink

PREHOOK: query: SELECT 1 + ASSERT_TRUE(x < 2) FROM src LATERAL VIEW EXPLODE(ARRAY(1, 2)) a AS x LIMIT 2
PREHOOK: type: QUERY
PREHOOK: Input: default@src
#### A masked pattern was here ####
FAILED: Execution Error, return code 2 from org.apache.hadoop.hive.ql.exec.mr.MapRedTask
