PREHOOK: query: DESCRIBE FUNCTION ASSERT_TRUE
PREHOOK: type: DESCFUNCTION
POSTHOOK: query: DESCRIBE FUNCTION ASSERT_TRUE
POSTHOOK: type: DESCFUNCTION
ASSERT_TRUE(condition) - Throw an exception if 'condition' is not true.
PREHOOK: query: EXPLAIN SELECT ASSERT_TRUE(x > 0) FROM src LATERAL VIEW EXPLODE(ARRAY(1, 2)) a AS x LIMIT 2
PREHOOK: type: QUERY
PREHOOK: Input: default@src
#### A masked pattern was here ####
POSTHOOK: query: EXPLAIN SELECT ASSERT_TRUE(x > 0) FROM src LATERAL VIEW EXPLODE(ARRAY(1, 2)) a AS x LIMIT 2
POSTHOOK: type: QUERY
POSTHOOK: Input: default@src
#### A masked pattern was here ####
STAGE DEPENDENCIES:
  Stage-0 is a root stage

STAGE PLANS:
<<<<<<< HEAD
  Stage: Stage-1
    Map Reduce
      Map Operator Tree:
          TableScan
            alias: src
            Statistics: Num rows: 500 Data size: 5312 Basic stats: COMPLETE Column stats: COMPLETE
            Lateral View Forward
              Statistics: Num rows: 500 Data size: 5312 Basic stats: COMPLETE Column stats: COMPLETE
              Select Operator
                Statistics: Num rows: 500 Data size: 4000 Basic stats: COMPLETE Column stats: COMPLETE
                Lateral View Join Operator
                  outputColumnNames: _col5
                  Statistics: Num rows: 500 Data size: 28000 Basic stats: COMPLETE Column stats: COMPLETE
                  Limit
                    Number of rows: 2
                    Statistics: Num rows: 2 Data size: 16 Basic stats: COMPLETE Column stats: COMPLETE
                    Select Operator
                      expressions: assert_true((_col5 > 0)) (type: void)
                      outputColumnNames: _col0
                      Statistics: Num rows: 2 Data size: 8 Basic stats: COMPLETE Column stats: COMPLETE
                      File Output Operator
                        compressed: false
                        Statistics: Num rows: 2 Data size: 8 Basic stats: COMPLETE Column stats: COMPLETE
                        table:
                            input format: org.apache.hadoop.mapred.SequenceFileInputFormat
                            output format: org.apache.hadoop.hive.ql.io.HiveSequenceFileOutputFormat
                            serde: org.apache.hadoop.hive.serde2.lazy.LazySimpleSerDe
              Select Operator
                expressions: array(1,2) (type: array<int>)
                outputColumnNames: _col0
                Statistics: Num rows: 500 Data size: 24000 Basic stats: COMPLETE Column stats: COMPLETE
                UDTF Operator
                  Statistics: Num rows: 500 Data size: 24000 Basic stats: COMPLETE Column stats: COMPLETE
                  function name: explode
                  Lateral View Join Operator
                    outputColumnNames: _col5
                    Statistics: Num rows: 500 Data size: 28000 Basic stats: COMPLETE Column stats: COMPLETE
                    Limit
                      Number of rows: 2
                      Statistics: Num rows: 2 Data size: 16 Basic stats: COMPLETE Column stats: COMPLETE
                      Select Operator
                        expressions: assert_true((_col5 > 0)) (type: void)
                        outputColumnNames: _col0
                        Statistics: Num rows: 2 Data size: 8 Basic stats: COMPLETE Column stats: COMPLETE
                        File Output Operator
                          compressed: false
                          Statistics: Num rows: 2 Data size: 8 Basic stats: COMPLETE Column stats: COMPLETE
                          table:
                              input format: org.apache.hadoop.mapred.SequenceFileInputFormat
                              output format: org.apache.hadoop.hive.ql.io.HiveSequenceFileOutputFormat
                              serde: org.apache.hadoop.hive.serde2.lazy.LazySimpleSerDe

  Stage: Stage-0
    Fetch Operator
      limit: 2
      Processor Tree:
        ListSink
=======
  Stage: Stage-0
    Fetch Operator
      limit: 2
      Processor Tree:
        TableScan
          alias: src
          Lateral View Forward
            Select Operator
              Lateral View Join Operator
                outputColumnNames: _col5
                Limit
                  Number of rows: 2
                  Select Operator
                    expressions: assert_true((_col5 > 0)) (type: void)
                    outputColumnNames: _col0
                    ListSink
            Select Operator
              expressions: array(1,2) (type: array<int>)
              outputColumnNames: _col0
              UDTF Operator
                function name: explode
                Lateral View Join Operator
                  outputColumnNames: _col5
                  Limit
                    Number of rows: 2
                    Select Operator
                      expressions: assert_true((_col5 > 0)) (type: void)
                      outputColumnNames: _col0
                      ListSink
>>>>>>> apache/master

PREHOOK: query: SELECT ASSERT_TRUE(x > 0) FROM src LATERAL VIEW EXPLODE(ARRAY(1, 2)) a AS x LIMIT 2
PREHOOK: type: QUERY
PREHOOK: Input: default@src
#### A masked pattern was here ####
POSTHOOK: query: SELECT ASSERT_TRUE(x > 0) FROM src LATERAL VIEW EXPLODE(ARRAY(1, 2)) a AS x LIMIT 2
POSTHOOK: type: QUERY
POSTHOOK: Input: default@src
#### A masked pattern was here ####
NULL
NULL
PREHOOK: query: EXPLAIN SELECT ASSERT_TRUE(x < 2) FROM src LATERAL VIEW EXPLODE(ARRAY(1, 2)) a AS x LIMIT 2
PREHOOK: type: QUERY
PREHOOK: Input: default@src
#### A masked pattern was here ####
POSTHOOK: query: EXPLAIN SELECT ASSERT_TRUE(x < 2) FROM src LATERAL VIEW EXPLODE(ARRAY(1, 2)) a AS x LIMIT 2
POSTHOOK: type: QUERY
POSTHOOK: Input: default@src
#### A masked pattern was here ####
STAGE DEPENDENCIES:
  Stage-0 is a root stage

STAGE PLANS:
<<<<<<< HEAD
  Stage: Stage-1
    Map Reduce
      Map Operator Tree:
          TableScan
            alias: src
            Statistics: Num rows: 500 Data size: 5312 Basic stats: COMPLETE Column stats: COMPLETE
            Lateral View Forward
              Statistics: Num rows: 500 Data size: 5312 Basic stats: COMPLETE Column stats: COMPLETE
              Select Operator
                Statistics: Num rows: 500 Data size: 4000 Basic stats: COMPLETE Column stats: COMPLETE
                Lateral View Join Operator
                  outputColumnNames: _col5
                  Statistics: Num rows: 500 Data size: 28000 Basic stats: COMPLETE Column stats: COMPLETE
                  Limit
                    Number of rows: 2
                    Statistics: Num rows: 2 Data size: 16 Basic stats: COMPLETE Column stats: COMPLETE
                    Select Operator
                      expressions: assert_true((_col5 < 2)) (type: void)
                      outputColumnNames: _col0
                      Statistics: Num rows: 2 Data size: 8 Basic stats: COMPLETE Column stats: COMPLETE
                      File Output Operator
                        compressed: false
                        Statistics: Num rows: 2 Data size: 8 Basic stats: COMPLETE Column stats: COMPLETE
                        table:
                            input format: org.apache.hadoop.mapred.SequenceFileInputFormat
                            output format: org.apache.hadoop.hive.ql.io.HiveSequenceFileOutputFormat
                            serde: org.apache.hadoop.hive.serde2.lazy.LazySimpleSerDe
              Select Operator
                expressions: array(1,2) (type: array<int>)
                outputColumnNames: _col0
                Statistics: Num rows: 500 Data size: 24000 Basic stats: COMPLETE Column stats: COMPLETE
                UDTF Operator
                  Statistics: Num rows: 500 Data size: 24000 Basic stats: COMPLETE Column stats: COMPLETE
                  function name: explode
                  Lateral View Join Operator
                    outputColumnNames: _col5
                    Statistics: Num rows: 500 Data size: 28000 Basic stats: COMPLETE Column stats: COMPLETE
                    Limit
                      Number of rows: 2
                      Statistics: Num rows: 2 Data size: 16 Basic stats: COMPLETE Column stats: COMPLETE
                      Select Operator
                        expressions: assert_true((_col5 < 2)) (type: void)
                        outputColumnNames: _col0
                        Statistics: Num rows: 2 Data size: 8 Basic stats: COMPLETE Column stats: COMPLETE
                        File Output Operator
                          compressed: false
                          Statistics: Num rows: 2 Data size: 8 Basic stats: COMPLETE Column stats: COMPLETE
                          table:
                              input format: org.apache.hadoop.mapred.SequenceFileInputFormat
                              output format: org.apache.hadoop.hive.ql.io.HiveSequenceFileOutputFormat
                              serde: org.apache.hadoop.hive.serde2.lazy.LazySimpleSerDe

  Stage: Stage-0
    Fetch Operator
      limit: 2
      Processor Tree:
        ListSink
=======
  Stage: Stage-0
    Fetch Operator
      limit: 2
      Processor Tree:
        TableScan
          alias: src
          Lateral View Forward
            Select Operator
              Lateral View Join Operator
                outputColumnNames: _col5
                Limit
                  Number of rows: 2
                  Select Operator
                    expressions: assert_true((_col5 < 2)) (type: void)
                    outputColumnNames: _col0
                    ListSink
            Select Operator
              expressions: array(1,2) (type: array<int>)
              outputColumnNames: _col0
              UDTF Operator
                function name: explode
                Lateral View Join Operator
                  outputColumnNames: _col5
                  Limit
                    Number of rows: 2
                    Select Operator
                      expressions: assert_true((_col5 < 2)) (type: void)
                      outputColumnNames: _col0
                      ListSink
>>>>>>> apache/master

PREHOOK: query: SELECT ASSERT_TRUE(x < 2) FROM src LATERAL VIEW EXPLODE(ARRAY(1, 2)) a AS x LIMIT 2
PREHOOK: type: QUERY
PREHOOK: Input: default@src
#### A masked pattern was here ####
POSTHOOK: query: SELECT ASSERT_TRUE(x < 2) FROM src LATERAL VIEW EXPLODE(ARRAY(1, 2)) a AS x LIMIT 2
POSTHOOK: type: QUERY
POSTHOOK: Input: default@src
#### A masked pattern was here ####
Failed with exception java.io.IOException:org.apache.hadoop.hive.ql.metadata.HiveException: ASSERT_TRUE(): assertion failed.
