STAGE DEPENDENCIES:
  Stage-1 is a root stage
  Stage-0 depends on stages: Stage-1

STAGE PLANS:
  Stage: Stage-1
    Tez
#### A masked pattern was here ####
      Edges:
        Map 1 <- Map 10 (BROADCAST_EDGE), Map 12 (BROADCAST_EDGE), Map 5 (BROADCAST_EDGE), Union 2 (CONTAINS)
        Map 8 <- Map 10 (BROADCAST_EDGE), Map 12 (BROADCAST_EDGE), Reducer 11 (BROADCAST_EDGE), Reducer 6 (BROADCAST_EDGE), Union 2 (CONTAINS)
        Map 9 <- Map 10 (BROADCAST_EDGE), Map 12 (BROADCAST_EDGE), Reducer 11 (BROADCAST_EDGE), Reducer 7 (BROADCAST_EDGE), Union 2 (CONTAINS)
        Reducer 11 <- Map 10 (CUSTOM_SIMPLE_EDGE)
        Reducer 3 <- Union 2 (SIMPLE_EDGE)
        Reducer 4 <- Reducer 3 (SIMPLE_EDGE)
        Reducer 6 <- Map 5 (SIMPLE_EDGE)
        Reducer 7 <- Map 5 (SIMPLE_EDGE)
#### A masked pattern was here ####
      Vertices:
        Map 1 
            Map Operator Tree:
                TableScan
                  alias: web_sales
                  filterExpr: ws_sold_time_sk is not null (type: boolean)
                  probeDecodeDetails: cacheKey:HASH_MAP_MAPJOIN_119_container, bigKeyColName:time_sk, smallTablePos:1, keyRatio:4.3992401279400425E-9
                  Statistics: Num rows: 21594638446 Data size: 2936546600912 Basic stats: COMPLETE Column stats: COMPLETE
                  Filter Operator
                    predicate: ws_sold_time_sk is not null (type: boolean)
                    Statistics: Num rows: 21591935919 Data size: 2936179097800 Basic stats: COMPLETE Column stats: COMPLETE
                    Select Operator
                      expressions: ws_sold_time_sk (type: bigint), ws_item_sk (type: bigint), ws_ext_sales_price (type: decimal(7,2)), ws_sold_date_sk (type: bigint)
                      outputColumnNames: _col0, _col1, _col2, _col3
                      Statistics: Num rows: 21591935919 Data size: 2936179097800 Basic stats: COMPLETE Column stats: COMPLETE
                      Map Join Operator
                        condition map:
                             Inner Join 0 to 1
                        keys:
                          0 _col3 (type: bigint)
                          1 _col0 (type: bigint)
                        outputColumnNames: _col0, _col1, _col2
                        input vertices:
                          1 Map 5
                        Statistics: Num rows: 366561230 Data size: 46595650256 Basic stats: COMPLETE Column stats: COMPLETE
                        Select Operator
                          expressions: _col2 (type: decimal(7,2)), _col1 (type: bigint), _col0 (type: bigint)
                          outputColumnNames: _col0, _col1, _col2
                          Statistics: Num rows: 366561230 Data size: 46595650256 Basic stats: COMPLETE Column stats: COMPLETE
                          Map Join Operator
                            condition map:
                                 Inner Join 0 to 1
                            keys:
                              0 _col1 (type: bigint)
                              1 _col0 (type: bigint)
                            outputColumnNames: _col0, _col2, _col4, _col5
                            input vertices:
                              1 Map 10
                            Statistics: Num rows: 23627911 Data size: 2457302824 Basic stats: COMPLETE Column stats: COMPLETE
                            Map Join Operator
                              condition map:
                                   Inner Join 0 to 1
                              keys:
                                0 _col2 (type: bigint)
                                1 _col0 (type: bigint)
                              outputColumnNames: _col0, _col4, _col5, _col7, _col8
                              input vertices:
                                1 Map 12
                              Statistics: Num rows: 11813956 Data size: 1323163144 Basic stats: COMPLETE Column stats: COMPLETE
                              Group By Operator
                                aggregations: sum(_col0)
                                keys: _col4 (type: int), _col5 (type: char(50)), _col7 (type: int), _col8 (type: int)
                                minReductionHashAggr: 0.99
                                mode: hash
                                outputColumnNames: _col0, _col1, _col2, _col3, _col4
                                Statistics: Num rows: 11813956 Data size: 2646326104 Basic stats: COMPLETE Column stats: COMPLETE
                                Reduce Output Operator
                                  key expressions: _col0 (type: int), _col1 (type: char(50)), _col2 (type: int), _col3 (type: int)
                                  null sort order: zzzz
                                  sort order: ++++
                                  Map-reduce partition columns: _col0 (type: int), _col1 (type: char(50)), _col2 (type: int), _col3 (type: int)
                                  Statistics: Num rows: 11813956 Data size: 2646326104 Basic stats: COMPLETE Column stats: COMPLETE
                                  value expressions: _col4 (type: decimal(17,2))
            Execution mode: vectorized, llap
            LLAP IO: may be used (ACID table)
        Map 10 
            Map Operator Tree:
                TableScan
                  alias: item
                  filterExpr: (i_manager_id = 1) (type: boolean)
                  Statistics: Num rows: 462000 Data size: 53582956 Basic stats: COMPLETE Column stats: COMPLETE
                  Filter Operator
                    predicate: (i_manager_id = 1) (type: boolean)
                    Statistics: Num rows: 4442 Data size: 515192 Basic stats: COMPLETE Column stats: COMPLETE
                    Select Operator
                      expressions: i_item_sk (type: bigint), i_brand_id (type: int), i_brand (type: char(50))
                      outputColumnNames: _col0, _col1, _col2
                      Statistics: Num rows: 4442 Data size: 497464 Basic stats: COMPLETE Column stats: COMPLETE
                      Reduce Output Operator
                        key expressions: _col0 (type: bigint)
                        null sort order: z
                        sort order: +
                        Map-reduce partition columns: _col0 (type: bigint)
                        Statistics: Num rows: 4442 Data size: 497464 Basic stats: COMPLETE Column stats: COMPLETE
                        value expressions: _col1 (type: int), _col2 (type: char(50))
                      Select Operator
                        expressions: _col0 (type: bigint)
                        outputColumnNames: _col0
                        Statistics: Num rows: 4442 Data size: 35536 Basic stats: COMPLETE Column stats: COMPLETE
                        Group By Operator
                          aggregations: min(_col0), max(_col0), bloom_filter(_col0, expectedEntries=1000000)
                          minReductionHashAggr: 0.99
                          mode: hash
                          outputColumnNames: _col0, _col1, _col2
                          Statistics: Num rows: 1 Data size: 24 Basic stats: COMPLETE Column stats: COMPLETE
                          Reduce Output Operator
                            null sort order: 
                            sort order: 
                            Statistics: Num rows: 1 Data size: 24 Basic stats: COMPLETE Column stats: COMPLETE
                            value expressions: _col0 (type: bigint), _col1 (type: bigint), _col2 (type: binary)
                      Reduce Output Operator
                        key expressions: _col0 (type: bigint)
                        null sort order: z
                        sort order: +
                        Map-reduce partition columns: _col0 (type: bigint)
                        Statistics: Num rows: 4442 Data size: 497464 Basic stats: COMPLETE Column stats: COMPLETE
                        value expressions: _col1 (type: int), _col2 (type: char(50))
                      Reduce Output Operator
                        key expressions: _col0 (type: bigint)
                        null sort order: z
                        sort order: +
                        Map-reduce partition columns: _col0 (type: bigint)
                        Statistics: Num rows: 4442 Data size: 497464 Basic stats: COMPLETE Column stats: COMPLETE
                        value expressions: _col1 (type: int), _col2 (type: char(50))
            Execution mode: vectorized, llap
            LLAP IO: may be used (ACID table)
        Map 12 
            Map Operator Tree:
                TableScan
                  alias: time_dim
                  filterExpr: (t_meal_time) IN ('breakfast           ', 'dinner              ') (type: boolean)
                  Statistics: Num rows: 86400 Data size: 8899200 Basic stats: COMPLETE Column stats: COMPLETE
                  Filter Operator
                    predicate: (t_meal_time) IN ('breakfast           ', 'dinner              ') (type: boolean)
                    Statistics: Num rows: 43200 Data size: 4449600 Basic stats: COMPLETE Column stats: COMPLETE
                    Select Operator
                      expressions: t_time_sk (type: bigint), t_hour (type: int), t_minute (type: int)
                      outputColumnNames: _col0, _col1, _col2
                      Statistics: Num rows: 43200 Data size: 691200 Basic stats: COMPLETE Column stats: COMPLETE
                      Reduce Output Operator
                        key expressions: _col0 (type: bigint)
                        null sort order: z
                        sort order: +
                        Map-reduce partition columns: _col0 (type: bigint)
                        Statistics: Num rows: 43200 Data size: 691200 Basic stats: COMPLETE Column stats: COMPLETE
                        value expressions: _col1 (type: int), _col2 (type: int)
                      Reduce Output Operator
                        key expressions: _col0 (type: bigint)
                        null sort order: z
                        sort order: +
                        Map-reduce partition columns: _col0 (type: bigint)
                        Statistics: Num rows: 43200 Data size: 691200 Basic stats: COMPLETE Column stats: COMPLETE
                        value expressions: _col1 (type: int), _col2 (type: int)
                      Reduce Output Operator
                        key expressions: _col0 (type: bigint)
                        null sort order: z
                        sort order: +
                        Map-reduce partition columns: _col0 (type: bigint)
                        Statistics: Num rows: 43200 Data size: 691200 Basic stats: COMPLETE Column stats: COMPLETE
                        value expressions: _col1 (type: int), _col2 (type: int)
            Execution mode: vectorized, llap
            LLAP IO: may be used (ACID table)
        Map 5 
            Map Operator Tree:
                TableScan
                  alias: date_dim
                  filterExpr: ((d_year = 2001) and (d_moy = 12)) (type: boolean)
                  Statistics: Num rows: 73049 Data size: 1168784 Basic stats: COMPLETE Column stats: COMPLETE
                  Filter Operator
                    predicate: ((d_year = 2001) and (d_moy = 12)) (type: boolean)
                    Statistics: Num rows: 31 Data size: 496 Basic stats: COMPLETE Column stats: COMPLETE
                    Select Operator
                      expressions: d_date_sk (type: bigint)
                      outputColumnNames: _col0
                      Statistics: Num rows: 31 Data size: 248 Basic stats: COMPLETE Column stats: COMPLETE
                      Reduce Output Operator
                        key expressions: _col0 (type: bigint)
                        null sort order: z
                        sort order: +
                        Map-reduce partition columns: _col0 (type: bigint)
                        Statistics: Num rows: 31 Data size: 248 Basic stats: COMPLETE Column stats: COMPLETE
                      Select Operator
                        expressions: _col0 (type: bigint)
                        outputColumnNames: _col0
                        Statistics: Num rows: 31 Data size: 248 Basic stats: COMPLETE Column stats: COMPLETE
                        Group By Operator
                          keys: _col0 (type: bigint)
                          minReductionHashAggr: 0.516129
                          mode: hash
                          outputColumnNames: _col0
                          Statistics: Num rows: 15 Data size: 120 Basic stats: COMPLETE Column stats: COMPLETE
                          Dynamic Partitioning Event Operator
                            Target column: ws_sold_date_sk (bigint)
                            Target Input: web_sales
                            Partition key expr: ws_sold_date_sk
                            Statistics: Num rows: 15 Data size: 120 Basic stats: COMPLETE Column stats: COMPLETE
                            Target Vertex: Map 1
                      Reduce Output Operator
                        key expressions: _col0 (type: bigint)
                        null sort order: z
                        sort order: +
                        Map-reduce partition columns: _col0 (type: bigint)
                        Statistics: Num rows: 31 Data size: 248 Basic stats: COMPLETE Column stats: COMPLETE
                      Select Operator
                        expressions: _col0 (type: bigint)
                        outputColumnNames: _col0
                        Statistics: Num rows: 31 Data size: 248 Basic stats: COMPLETE Column stats: COMPLETE
                        Group By Operator
                          keys: _col0 (type: bigint)
                          minReductionHashAggr: 0.516129
                          mode: hash
                          outputColumnNames: _col0
                          Statistics: Num rows: 15 Data size: 120 Basic stats: COMPLETE Column stats: COMPLETE
                          Dynamic Partitioning Event Operator
                            Target column: cs_sold_date_sk (bigint)
                            Target Input: catalog_sales
                            Partition key expr: cs_sold_date_sk
                            Statistics: Num rows: 15 Data size: 120 Basic stats: COMPLETE Column stats: COMPLETE
                            Target Vertex: Map 8
                      Reduce Output Operator
                        key expressions: _col0 (type: bigint)
                        null sort order: z
                        sort order: +
                        Map-reduce partition columns: _col0 (type: bigint)
                        Statistics: Num rows: 31 Data size: 248 Basic stats: COMPLETE Column stats: COMPLETE
                      Select Operator
                        expressions: _col0 (type: bigint)
                        outputColumnNames: _col0
                        Statistics: Num rows: 31 Data size: 248 Basic stats: COMPLETE Column stats: COMPLETE
                        Group By Operator
                          keys: _col0 (type: bigint)
                          minReductionHashAggr: 0.516129
                          mode: hash
                          outputColumnNames: _col0
                          Statistics: Num rows: 15 Data size: 120 Basic stats: COMPLETE Column stats: COMPLETE
                          Dynamic Partitioning Event Operator
                            Target column: ss_sold_date_sk (bigint)
                            Target Input: store_sales
                            Partition key expr: ss_sold_date_sk
                            Statistics: Num rows: 15 Data size: 120 Basic stats: COMPLETE Column stats: COMPLETE
                            Target Vertex: Map 9
            Execution mode: vectorized, llap
            LLAP IO: may be used (ACID table)
        Map 8 
            Map Operator Tree:
                TableScan
                  alias: catalog_sales
                  filterExpr: (cs_sold_time_sk is not null and cs_item_sk BETWEEN DynamicValue(RS_39_item_i_item_sk_min) AND DynamicValue(RS_39_item_i_item_sk_max) and in_bloom_filter(cs_item_sk, DynamicValue(RS_39_item_i_item_sk_bloom_filter))) (type: boolean)
                  Statistics: Num rows: 43005109025 Data size: 5835793588616 Basic stats: COMPLETE Column stats: COMPLETE
                  Filter Operator
                    predicate: (cs_sold_time_sk is not null and cs_item_sk BETWEEN DynamicValue(RS_39_item_i_item_sk_min) AND DynamicValue(RS_39_item_i_item_sk_max) and in_bloom_filter(cs_item_sk, DynamicValue(RS_39_item_i_item_sk_bloom_filter))) (type: boolean)
                    Statistics: Num rows: 42898297550 Data size: 5821299270776 Basic stats: COMPLETE Column stats: COMPLETE
                    Select Operator
                      expressions: cs_sold_time_sk (type: bigint), cs_item_sk (type: bigint), cs_ext_sales_price (type: decimal(7,2)), cs_sold_date_sk (type: bigint)
                      outputColumnNames: _col0, _col1, _col2, _col3
                      Statistics: Num rows: 42898297550 Data size: 5821299270776 Basic stats: COMPLETE Column stats: COMPLETE
                      Map Join Operator
                        condition map:
                             Inner Join 0 to 1
                        keys:
                          0 _col3 (type: bigint)
                          1 _col0 (type: bigint)
                        outputColumnNames: _col0, _col1, _col2
                        input vertices:
                          1 Reducer 6
                        Statistics: Num rows: 723126157 Data size: 79690952072 Basic stats: COMPLETE Column stats: COMPLETE
                        Select Operator
                          expressions: _col2 (type: decimal(7,2)), _col1 (type: bigint), _col0 (type: bigint)
                          outputColumnNames: _col0, _col1, _col2
                          Statistics: Num rows: 723126157 Data size: 79690952072 Basic stats: COMPLETE Column stats: COMPLETE
                          Map Join Operator
                            condition map:
                                 Inner Join 0 to 1
                            keys:
                              0 _col1 (type: bigint)
                              1 _col0 (type: bigint)
                            outputColumnNames: _col0, _col2, _col4, _col5
                            input vertices:
                              1 Map 10
                            Statistics: Num rows: 23627911 Data size: 2457302824 Basic stats: COMPLETE Column stats: COMPLETE
                            Map Join Operator
                              condition map:
                                   Inner Join 0 to 1
                              keys:
                                0 _col2 (type: bigint)
                                1 _col0 (type: bigint)
                              outputColumnNames: _col0, _col4, _col5, _col7, _col8
                              input vertices:
                                1 Map 12
                              Statistics: Num rows: 11813956 Data size: 1323163144 Basic stats: COMPLETE Column stats: COMPLETE
                              Group By Operator
                                aggregations: sum(_col0)
                                keys: _col4 (type: int), _col5 (type: char(50)), _col7 (type: int), _col8 (type: int)
                                minReductionHashAggr: 0.99
                                mode: hash
                                outputColumnNames: _col0, _col1, _col2, _col3, _col4
                                Statistics: Num rows: 11813956 Data size: 2646326104 Basic stats: COMPLETE Column stats: COMPLETE
                                Reduce Output Operator
                                  key expressions: _col0 (type: int), _col1 (type: char(50)), _col2 (type: int), _col3 (type: int)
                                  null sort order: zzzz
                                  sort order: ++++
                                  Map-reduce partition columns: _col0 (type: int), _col1 (type: char(50)), _col2 (type: int), _col3 (type: int)
                                  Statistics: Num rows: 11813956 Data size: 2646326104 Basic stats: COMPLETE Column stats: COMPLETE
                                  value expressions: _col4 (type: decimal(17,2))
            Execution mode: vectorized, llap
            LLAP IO: may be used (ACID table)
        Map 9 
            Map Operator Tree:
                TableScan
                  alias: store_sales
                  filterExpr: (ss_sold_time_sk is not null and ss_item_sk BETWEEN DynamicValue(RS_39_item_i_item_sk_min) AND DynamicValue(RS_39_item_i_item_sk_max) and in_bloom_filter(ss_item_sk, DynamicValue(RS_39_item_i_item_sk_bloom_filter))) (type: boolean)
                  Statistics: Num rows: 82510879939 Data size: 10987941351704 Basic stats: COMPLETE Column stats: COMPLETE
                  Filter Operator
                    predicate: (ss_sold_time_sk is not null and ss_item_sk BETWEEN DynamicValue(RS_39_item_i_item_sk_min) AND DynamicValue(RS_39_item_i_item_sk_max) and in_bloom_filter(ss_item_sk, DynamicValue(RS_39_item_i_item_sk_bloom_filter))) (type: boolean)
                    Statistics: Num rows: 80568078218 Data size: 10729219212432 Basic stats: COMPLETE Column stats: COMPLETE
                    Select Operator
                      expressions: ss_sold_time_sk (type: bigint), ss_item_sk (type: bigint), ss_ext_sales_price (type: decimal(7,2)), ss_sold_date_sk (type: bigint)
                      outputColumnNames: _col0, _col1, _col2, _col3
                      Statistics: Num rows: 80568078218 Data size: 10729219212432 Basic stats: COMPLETE Column stats: COMPLETE
                      Map Join Operator
                        condition map:
                             Inner Join 0 to 1
                        keys:
                          0 _col3 (type: bigint)
                          1 _col0 (type: bigint)
                        outputColumnNames: _col0, _col1, _col2
                        input vertices:
                          1 Reducer 7
                        Statistics: Num rows: 1367785359 Data size: 10942282992 Basic stats: COMPLETE Column stats: COMPLETE
                        Select Operator
                          expressions: _col2 (type: decimal(7,2)), _col1 (type: bigint), _col0 (type: bigint)
                          outputColumnNames: _col0, _col1, _col2
                          Statistics: Num rows: 1367785359 Data size: 10942282992 Basic stats: COMPLETE Column stats: COMPLETE
                          Map Join Operator
                            condition map:
                                 Inner Join 0 to 1
                            keys:
                              0 _col1 (type: bigint)
                              1 _col0 (type: bigint)
                            outputColumnNames: _col0, _col2, _col4, _col5
                            input vertices:
                              1 Map 10
                            Statistics: Num rows: 23627911 Data size: 2457302824 Basic stats: COMPLETE Column stats: COMPLETE
                            Map Join Operator
                              condition map:
                                   Inner Join 0 to 1
                              keys:
                                0 _col2 (type: bigint)
                                1 _col0 (type: bigint)
                              outputColumnNames: _col0, _col4, _col5, _col7, _col8
                              input vertices:
                                1 Map 12
                              Statistics: Num rows: 11813956 Data size: 1323163144 Basic stats: COMPLETE Column stats: COMPLETE
                              Group By Operator
                                aggregations: sum(_col0)
                                keys: _col4 (type: int), _col5 (type: char(50)), _col7 (type: int), _col8 (type: int)
                                minReductionHashAggr: 0.99
                                mode: hash
                                outputColumnNames: _col0, _col1, _col2, _col3, _col4
                                Statistics: Num rows: 11813956 Data size: 2646326104 Basic stats: COMPLETE Column stats: COMPLETE
                                Reduce Output Operator
                                  key expressions: _col0 (type: int), _col1 (type: char(50)), _col2 (type: int), _col3 (type: int)
                                  null sort order: zzzz
                                  sort order: ++++
                                  Map-reduce partition columns: _col0 (type: int), _col1 (type: char(50)), _col2 (type: int), _col3 (type: int)
                                  Statistics: Num rows: 11813956 Data size: 2646326104 Basic stats: COMPLETE Column stats: COMPLETE
                                  value expressions: _col4 (type: decimal(17,2))
            Execution mode: vectorized, llap
            LLAP IO: may be used (ACID table)
        Reducer 11 
            Execution mode: vectorized, llap
            Reduce Operator Tree:
              Group By Operator
                aggregations: min(VALUE._col0), max(VALUE._col1), bloom_filter(VALUE._col2, expectedEntries=1000000)
                mode: final
                outputColumnNames: _col0, _col1, _col2
                Statistics: Num rows: 1 Data size: 24 Basic stats: COMPLETE Column stats: COMPLETE
                Reduce Output Operator
                  null sort order: 
                  sort order: 
                  Statistics: Num rows: 1 Data size: 24 Basic stats: COMPLETE Column stats: COMPLETE
                  value expressions: _col0 (type: bigint), _col1 (type: bigint), _col2 (type: binary)
                Reduce Output Operator
                  null sort order: 
                  sort order: 
                  Statistics: Num rows: 1 Data size: 24 Basic stats: COMPLETE Column stats: COMPLETE
                  value expressions: _col0 (type: bigint), _col1 (type: bigint), _col2 (type: binary)
        Reducer 3 
            Execution mode: vectorized, llap
            Reduce Operator Tree:
              Group By Operator
                aggregations: sum(VALUE._col0)
                keys: KEY._col0 (type: int), KEY._col1 (type: char(50)), KEY._col2 (type: int), KEY._col3 (type: int)
                mode: mergepartial
                outputColumnNames: _col0, _col1, _col2, _col3, _col4
                Statistics: Num rows: 11813956 Data size: 2646326104 Basic stats: COMPLETE Column stats: COMPLETE
                Select Operator
                  expressions: _col1 (type: char(50)), _col2 (type: int), _col3 (type: int), _col4 (type: decimal(17,2)), _col0 (type: int)
                  outputColumnNames: _col1, _col2, _col3, _col4, _col5
                  Statistics: Num rows: 11813956 Data size: 2693581888 Basic stats: COMPLETE Column stats: COMPLETE
                  Reduce Output Operator
                    key expressions: _col4 (type: decimal(17,2)), _col5 (type: int)
                    null sort order: az
                    sort order: -+
                    Statistics: Num rows: 11813956 Data size: 2693581888 Basic stats: COMPLETE Column stats: COMPLETE
                    value expressions: _col1 (type: char(50)), _col2 (type: int), _col3 (type: int)
        Reducer 4 
            Execution mode: vectorized, llap
            Reduce Operator Tree:
              Select Operator
                expressions: KEY.reducesinkkey1 (type: int), VALUE._col0 (type: char(50)), VALUE._col1 (type: int), VALUE._col2 (type: int), KEY.reducesinkkey0 (type: decimal(17,2))
                outputColumnNames: _col0, _col1, _col2, _col3, _col4
                Statistics: Num rows: 11813956 Data size: 2646326104 Basic stats: COMPLETE Column stats: COMPLETE
                File Output Operator
                  compressed: false
                  Statistics: Num rows: 11813956 Data size: 2646326104 Basic stats: COMPLETE Column stats: COMPLETE
                  table:
                      input format: org.apache.hadoop.mapred.SequenceFileInputFormat
                      output format: org.apache.hadoop.hive.ql.io.HiveSequenceFileOutputFormat
                      serde: org.apache.hadoop.hive.serde2.lazy.LazySimpleSerDe
        Reducer 6 
            Execution mode: vectorized, llap
            Reduce Operator Tree:
              Select Operator
                expressions: KEY.reducesinkkey0 (type: bigint)
                outputColumnNames: _col0
                Reduce Output Operator
                  key expressions: _col0 (type: bigint)
                  null sort order: z
                  sort order: +
                  Map-reduce partition columns: _col0 (type: bigint)
                  Statistics: Num rows: 31 Data size: 248 Basic stats: COMPLETE Column stats: COMPLETE
        Reducer 7 
            Execution mode: vectorized, llap
            Reduce Operator Tree:
              Select Operator
                expressions: KEY.reducesinkkey0 (type: bigint)
                outputColumnNames: _col0
                Reduce Output Operator
                  key expressions: _col0 (type: bigint)
                  null sort order: z
                  sort order: +
                  Map-reduce partition columns: _col0 (type: bigint)
                  Statistics: Num rows: 31 Data size: 248 Basic stats: COMPLETE Column stats: COMPLETE
        Union 2 
            Vertex: Union 2

  Stage: Stage-0
    Fetch Operator
      limit: -1
      Processor Tree:
        ListSink

