STAGE DEPENDENCIES:
  Stage-1 is a root stage
  Stage-0 depends on stages: Stage-1

STAGE PLANS:
  Stage: Stage-1
    Tez
#### A masked pattern was here ####
      Edges:
        Map 1 <- Map 4 (BROADCAST_EDGE), Map 5 (BROADCAST_EDGE), Map 7 (BROADCAST_EDGE), Map 9 (BROADCAST_EDGE), Reducer 6 (BROADCAST_EDGE)
        Map 7 <- Map 8 (BROADCAST_EDGE)
        Reducer 2 <- Map 1 (SIMPLE_EDGE)
        Reducer 3 <- Reducer 2 (SIMPLE_EDGE)
        Reducer 6 <- Map 5 (SIMPLE_EDGE)
#### A masked pattern was here ####
      Vertices:
        Map 1 
            Map Operator Tree:
                TableScan
                  alias: catalog_sales
                  filterExpr: (cs_bill_cdemo_sk is not null and cs_bill_customer_sk is not null) (type: boolean)
                  probeDecodeDetails: cacheKey:HASH_MAP_MAPJOIN_134_container, bigKeyColName:cs_bill_cdemo_sk, smallTablePos:1, keyRatio:2.6028186542889482E-5
                  Statistics: Num rows: 43005109025 Data size: 20776312710316 Basic stats: COMPLETE Column stats: COMPLETE
                  Filter Operator
                    predicate: (cs_bill_cdemo_sk is not null and cs_bill_customer_sk is not null) (type: boolean)
                    Statistics: Num rows: 42792357238 Data size: 20673529628120 Basic stats: COMPLETE Column stats: COMPLETE
                    Select Operator
                      expressions: cs_bill_customer_sk (type: bigint), cs_bill_cdemo_sk (type: bigint), cs_item_sk (type: bigint), cs_sold_date_sk (type: bigint), CAST( cs_quantity AS decimal(12,2)) (type: decimal(12,2)), CAST( cs_list_price AS decimal(12,2)) (type: decimal(12,2)), CAST( cs_coupon_amt AS decimal(12,2)) (type: decimal(12,2)), CAST( cs_sales_price AS decimal(12,2)) (type: decimal(12,2)), CAST( cs_net_profit AS decimal(12,2)) (type: decimal(12,2))
                      outputColumnNames: _col0, _col1, _col2, _col3, _col4, _col5, _col6, _col7, _col8
                      Statistics: Num rows: 42792357238 Data size: 25283522457008 Basic stats: COMPLETE Column stats: COMPLETE
                      Map Join Operator
                        condition map:
                             Inner Join 0 to 1
                        keys:
                          0 _col3 (type: bigint)
                          1 _col0 (type: bigint)
                        outputColumnNames: _col0, _col1, _col2, _col4, _col5, _col6, _col7, _col8
                        input vertices:
                          1 Map 4
                        Statistics: Num rows: 8539738749 Data size: 4937654401528 Basic stats: COMPLETE Column stats: COMPLETE
                        Map Join Operator
                          condition map:
                               Inner Join 0 to 1
                          keys:
                            0 _col1 (type: bigint)
                            1 _col0 (type: bigint)
                          outputColumnNames: _col0, _col2, _col4, _col5, _col6, _col7, _col8, _col11
                          input vertices:
                            1 Reducer 6
                          Statistics: Num rows: 609981367 Data size: 370968303368 Basic stats: COMPLETE Column stats: COMPLETE
                          Map Join Operator
                            condition map:
                                 Inner Join 0 to 1
                            keys:
                              0 _col0 (type: bigint)
                              1 _col0 (type: bigint)
                            outputColumnNames: _col2, _col4, _col5, _col6, _col7, _col8, _col11, _col13, _col15, _col17, _col18, _col19
                            input vertices:
                              1 Map 7
                            Statistics: Num rows: 80563578 Data size: 50834699922 Basic stats: COMPLETE Column stats: COMPLETE
                            Map Join Operator
                              condition map:
                                   Inner Join 0 to 1
                              keys:
                                0 _col2 (type: bigint)
                                1 _col0 (type: bigint)
                              outputColumnNames: _col4, _col5, _col6, _col7, _col8, _col11, _col13, _col15, _col17, _col18, _col19, _col21
                              input vertices:
                                1 Map 9
                              Statistics: Num rows: 80563578 Data size: 58246549098 Basic stats: COMPLETE Column stats: COMPLETE
                              Map Join Operator
                                condition map:
                                     Inner Join 0 to 1
                                keys:
                                  0 _col13 (type: bigint)
                                  1 _col0 (type: bigint)
                                outputColumnNames: _col4, _col5, _col6, _col7, _col8, _col11, _col15, _col17, _col18, _col19, _col21
                                input vertices:
                                  1 Map 5
                                Statistics: Num rows: 80563578 Data size: 57612843314 Basic stats: COMPLETE Column stats: COMPLETE
                                Group By Operator
                                  aggregations: sum(_col4), count(_col4), sum(_col5), count(_col5), sum(_col6), count(_col6), sum(_col7), count(_col7), sum(_col8), count(_col8), sum(_col15), count(_col15), sum(_col11), count(_col11)
                                  keys: _col17 (type: varchar(30)), _col18 (type: char(2)), _col19 (type: varchar(20)), _col21 (type: string), 0L (type: bigint)
                                  grouping sets: 0, 8, 12, 14, 15
                                  minReductionHashAggr: 0.7567873
                                  mode: hash
                                  outputColumnNames: _col0, _col1, _col2, _col3, _col4, _col5, _col6, _col7, _col8, _col9, _col10, _col11, _col12, _col13, _col14, _col15, _col16, _col17, _col18
                                  Statistics: Num rows: 402817890 Data size: 495063186810 Basic stats: COMPLETE Column stats: COMPLETE
                                  Reduce Output Operator
                                    key expressions: _col0 (type: varchar(30)), _col1 (type: char(2)), _col2 (type: varchar(20)), _col3 (type: string), _col4 (type: bigint)
                                    null sort order: zzzzz
                                    sort order: +++++
                                    Map-reduce partition columns: _col0 (type: varchar(30)), _col1 (type: char(2)), _col2 (type: varchar(20)), _col3 (type: string), _col4 (type: bigint)
                                    Statistics: Num rows: 402817890 Data size: 495063186810 Basic stats: COMPLETE Column stats: COMPLETE
                                    value expressions: _col5 (type: decimal(22,2)), _col6 (type: bigint), _col7 (type: decimal(22,2)), _col8 (type: bigint), _col9 (type: decimal(22,2)), _col10 (type: bigint), _col11 (type: decimal(22,2)), _col12 (type: bigint), _col13 (type: decimal(22,2)), _col14 (type: bigint), _col15 (type: decimal(22,2)), _col16 (type: bigint), _col17 (type: decimal(22,2)), _col18 (type: bigint)
            Execution mode: vectorized, llap
            LLAP IO: may be used (ACID table)
        Map 4 
            Map Operator Tree:
                TableScan
                  alias: date_dim
                  filterExpr: (d_year = 2001) (type: boolean)
                  Statistics: Num rows: 73049 Data size: 876588 Basic stats: COMPLETE Column stats: COMPLETE
                  Filter Operator
                    predicate: (d_year = 2001) (type: boolean)
                    Statistics: Num rows: 367 Data size: 4404 Basic stats: COMPLETE Column stats: COMPLETE
                    Select Operator
                      expressions: d_date_sk (type: bigint)
                      outputColumnNames: _col0
                      Statistics: Num rows: 367 Data size: 2936 Basic stats: COMPLETE Column stats: COMPLETE
                      Reduce Output Operator
                        key expressions: _col0 (type: bigint)
                        null sort order: z
                        sort order: +
                        Map-reduce partition columns: _col0 (type: bigint)
                        Statistics: Num rows: 367 Data size: 2936 Basic stats: COMPLETE Column stats: COMPLETE
                      Select Operator
                        expressions: _col0 (type: bigint)
                        outputColumnNames: _col0
                        Statistics: Num rows: 367 Data size: 2936 Basic stats: COMPLETE Column stats: COMPLETE
                        Group By Operator
                          keys: _col0 (type: bigint)
                          minReductionHashAggr: 0.4
                          mode: hash
                          outputColumnNames: _col0
                          Statistics: Num rows: 367 Data size: 2936 Basic stats: COMPLETE Column stats: COMPLETE
                          Dynamic Partitioning Event Operator
                            Target column: cs_sold_date_sk (bigint)
                            Target Input: catalog_sales
                            Partition key expr: cs_sold_date_sk
                            Statistics: Num rows: 367 Data size: 2936 Basic stats: COMPLETE Column stats: COMPLETE
                            Target Vertex: Map 1
            Execution mode: vectorized, llap
            LLAP IO: may be used (ACID table)
        Map 5 
            Map Operator Tree:
                TableScan
                  alias: cd1
                  Statistics: Num rows: 1920800 Data size: 366872800 Basic stats: COMPLETE Column stats: COMPLETE
                  Filter Operator
                    predicate: ((cd_gender = 'M') and (cd_education_status = 'College             ')) (type: boolean)
                    Statistics: Num rows: 137200 Data size: 26205200 Basic stats: COMPLETE Column stats: COMPLETE
                    Select Operator
                      expressions: cd_demo_sk (type: bigint), CAST( cd_dep_count AS decimal(12,2)) (type: decimal(12,2))
                      outputColumnNames: _col0, _col1
                      Statistics: Num rows: 137200 Data size: 16464000 Basic stats: COMPLETE Column stats: COMPLETE
                      Reduce Output Operator
                        key expressions: _col0 (type: bigint)
                        null sort order: z
                        sort order: +
                        Map-reduce partition columns: _col0 (type: bigint)
                        Statistics: Num rows: 137200 Data size: 16464000 Basic stats: COMPLETE Column stats: COMPLETE
                        value expressions: _col1 (type: decimal(12,2))
                  Select Operator
                    expressions: cd_demo_sk (type: bigint)
                    outputColumnNames: _col0
                    Statistics: Num rows: 1920800 Data size: 15366400 Basic stats: COMPLETE Column stats: COMPLETE
                    Reduce Output Operator
                      key expressions: _col0 (type: bigint)
                      null sort order: z
                      sort order: +
                      Map-reduce partition columns: _col0 (type: bigint)
                      Statistics: Num rows: 1920800 Data size: 15366400 Basic stats: COMPLETE Column stats: COMPLETE
            Execution mode: vectorized, llap
            LLAP IO: may be used (ACID table)
        Map 7 
            Map Operator Tree:
                TableScan
                  alias: customer
                  filterExpr: ((c_birth_month) IN (9, 5, 12, 4, 1, 10) and c_current_cdemo_sk is not null and c_current_addr_sk is not null) (type: boolean)
                  probeDecodeDetails: cacheKey:HASH_MAP_MAPJOIN_135_container, bigKeyColName:c_current_addr_sk, smallTablePos:1, keyRatio:0.0637275625
                  Statistics: Num rows: 80000000 Data size: 2515215652 Basic stats: COMPLETE Column stats: COMPLETE
                  Filter Operator
                    predicate: ((c_birth_month) IN (9, 5, 12, 4, 1, 10) and c_current_cdemo_sk is not null and c_current_addr_sk is not null) (type: boolean)
                    Statistics: Num rows: 38600692 Data size: 1213613320 Basic stats: COMPLETE Column stats: COMPLETE
                    Select Operator
                      expressions: c_customer_sk (type: bigint), c_current_cdemo_sk (type: bigint), c_current_addr_sk (type: bigint), CAST( c_birth_year AS decimal(12,2)) (type: decimal(12,2))
                      outputColumnNames: _col0, _col1, _col2, _col3
                      Statistics: Num rows: 38600692 Data size: 5087648712 Basic stats: COMPLETE Column stats: COMPLETE
                      Map Join Operator
                        condition map:
                             Inner Join 0 to 1
                        keys:
                          0 _col2 (type: bigint)
                          1 _col0 (type: bigint)
                        outputColumnNames: _col0, _col1, _col3, _col5, _col6, _col7
                        input vertices:
                          1 Map 8
                        Statistics: Num rows: 5098205 Data size: 1923120445 Basic stats: COMPLETE Column stats: COMPLETE
                        Reduce Output Operator
                          key expressions: _col0 (type: bigint)
                          null sort order: z
                          sort order: +
                          Map-reduce partition columns: _col0 (type: bigint)
                          Statistics: Num rows: 5098205 Data size: 1923120445 Basic stats: COMPLETE Column stats: COMPLETE
                          value expressions: _col1 (type: bigint), _col3 (type: decimal(12,2)), _col5 (type: varchar(30)), _col6 (type: char(2)), _col7 (type: varchar(20))
            Execution mode: vectorized, llap
            LLAP IO: may be used (ACID table)
        Map 8 
            Map Operator Tree:
                TableScan
                  alias: customer_address
                  filterExpr: (ca_state) IN ('ND', 'WI', 'AL', 'NC', 'OK', 'MS', 'TN') (type: boolean)
                  Statistics: Num rows: 40000000 Data size: 11560000000 Basic stats: COMPLETE Column stats: COMPLETE
                  Filter Operator
                    predicate: (ca_state) IN ('ND', 'WI', 'AL', 'NC', 'OK', 'MS', 'TN') (type: boolean)
                    Statistics: Num rows: 5283019 Data size: 1526792491 Basic stats: COMPLETE Column stats: COMPLETE
                    Select Operator
                      expressions: ca_address_sk (type: bigint), ca_county (type: varchar(30)), ca_state (type: char(2)), ca_country (type: varchar(20))
                      outputColumnNames: _col0, _col1, _col2, _col3
                      Statistics: Num rows: 5283019 Data size: 1526792491 Basic stats: COMPLETE Column stats: COMPLETE
                      Reduce Output Operator
                        key expressions: _col0 (type: bigint)
                        null sort order: z
                        sort order: +
                        Map-reduce partition columns: _col0 (type: bigint)
                        Statistics: Num rows: 5283019 Data size: 1526792491 Basic stats: COMPLETE Column stats: COMPLETE
                        value expressions: _col1 (type: varchar(30)), _col2 (type: char(2)), _col3 (type: varchar(20))
            Execution mode: vectorized, llap
            LLAP IO: may be used (ACID table)
        Map 9 
            Map Operator Tree:
                TableScan
                  alias: item
                  Statistics: Num rows: 462000 Data size: 49896000 Basic stats: COMPLETE Column stats: COMPLETE
                  Select Operator
                    expressions: i_item_sk (type: bigint), i_item_id (type: string)
                    outputColumnNames: _col0, _col1
                    Statistics: Num rows: 462000 Data size: 49896000 Basic stats: COMPLETE Column stats: COMPLETE
                    Reduce Output Operator
                      key expressions: _col0 (type: bigint)
                      null sort order: z
                      sort order: +
                      Map-reduce partition columns: _col0 (type: bigint)
                      Statistics: Num rows: 462000 Data size: 49896000 Basic stats: COMPLETE Column stats: COMPLETE
                      value expressions: _col1 (type: string)
            Execution mode: vectorized, llap
            LLAP IO: may be used (ACID table)
        Reducer 2 
            Execution mode: vectorized, llap
            Reduce Operator Tree:
              Group By Operator
                aggregations: sum(VALUE._col0), count(VALUE._col1), sum(VALUE._col2), count(VALUE._col3), sum(VALUE._col4), count(VALUE._col5), sum(VALUE._col6), count(VALUE._col7), sum(VALUE._col8), count(VALUE._col9), sum(VALUE._col10), count(VALUE._col11), sum(VALUE._col12), count(VALUE._col13)
                keys: KEY._col0 (type: varchar(30)), KEY._col1 (type: char(2)), KEY._col2 (type: varchar(20)), KEY._col3 (type: string), KEY._col4 (type: bigint)
                mode: mergepartial
                outputColumnNames: _col0, _col1, _col2, _col3, _col5, _col6, _col7, _col8, _col9, _col10, _col11, _col12, _col13, _col14, _col15, _col16, _col17, _col18
                Statistics: Num rows: 402817890 Data size: 495063186810 Basic stats: COMPLETE Column stats: COMPLETE
                pruneGroupingSetId: true
                Top N Key Operator
                  sort order: ++++
                  keys: _col2 (type: varchar(20)), _col1 (type: char(2)), _col0 (type: varchar(30)), _col3 (type: string)
                  null sort order: zzzz
                  Statistics: Num rows: 402817890 Data size: 495063186810 Basic stats: COMPLETE Column stats: COMPLETE
                  top n: 100
                  Select Operator
                    expressions: _col3 (type: string), _col2 (type: varchar(20)), _col1 (type: char(2)), _col0 (type: varchar(30)), CAST( (_col5 / _col6) AS decimal(16,6)) (type: decimal(16,6)), CAST( (_col7 / _col8) AS decimal(16,6)) (type: decimal(16,6)), CAST( (_col9 / _col10) AS decimal(16,6)) (type: decimal(16,6)), CAST( (_col11 / _col12) AS decimal(16,6)) (type: decimal(16,6)), CAST( (_col13 / _col14) AS decimal(16,6)) (type: decimal(16,6)), CAST( (_col15 / _col16) AS decimal(16,6)) (type: decimal(16,6)), CAST( (_col17 / _col18) AS decimal(16,6)) (type: decimal(16,6))
                    outputColumnNames: _col0, _col1, _col2, _col3, _col4, _col5, _col6, _col7, _col8, _col9, _col10
                    Statistics: Num rows: 402817890 Data size: 469282841850 Basic stats: COMPLETE Column stats: COMPLETE
                    Reduce Output Operator
                      key expressions: _col1 (type: varchar(20)), _col2 (type: char(2)), _col3 (type: varchar(30)), _col0 (type: string)
                      null sort order: zzzz
                      sort order: ++++
                      Statistics: Num rows: 402817890 Data size: 469282841850 Basic stats: COMPLETE Column stats: COMPLETE
                      value expressions: _col4 (type: decimal(16,6)), _col5 (type: decimal(16,6)), _col6 (type: decimal(16,6)), _col7 (type: decimal(16,6)), _col8 (type: decimal(16,6)), _col9 (type: decimal(16,6)), _col10 (type: decimal(16,6))
        Reducer 3 
            Execution mode: vectorized, llap
            Reduce Operator Tree:
              Select Operator
                expressions: KEY.reducesinkkey3 (type: string), KEY.reducesinkkey0 (type: varchar(20)), KEY.reducesinkkey1 (type: char(2)), KEY.reducesinkkey2 (type: varchar(30)), VALUE._col0 (type: decimal(16,6)), VALUE._col1 (type: decimal(16,6)), VALUE._col2 (type: decimal(16,6)), VALUE._col3 (type: decimal(16,6)), VALUE._col4 (type: decimal(16,6)), VALUE._col5 (type: decimal(16,6)), VALUE._col6 (type: decimal(16,6))
                outputColumnNames: _col0, _col1, _col2, _col3, _col4, _col5, _col6, _col7, _col8, _col9, _col10
                Statistics: Num rows: 402817890 Data size: 469282841850 Basic stats: COMPLETE Column stats: COMPLETE
                Limit
                  Number of rows: 100
                  Statistics: Num rows: 100 Data size: 116500 Basic stats: COMPLETE Column stats: COMPLETE
                  File Output Operator
                    compressed: false
                    Statistics: Num rows: 100 Data size: 116500 Basic stats: COMPLETE Column stats: COMPLETE
                    table:
                        input format: org.apache.hadoop.mapred.SequenceFileInputFormat
                        output format: org.apache.hadoop.hive.ql.io.HiveSequenceFileOutputFormat
                        serde: org.apache.hadoop.hive.serde2.lazy.LazySimpleSerDe
        Reducer 6 
            Execution mode: vectorized, llap
            Reduce Operator Tree:
              Select Operator
                expressions: VALUE._col0 (type: decimal(12,2)), KEY.reducesinkkey0 (type: bigint)
                outputColumnNames: _col1, _col0
                Reduce Output Operator
                  key expressions: _col0 (type: bigint)
                  null sort order: z
                  sort order: +
                  Map-reduce partition columns: _col0 (type: bigint)
                  Statistics: Num rows: 137200 Data size: 16464000 Basic stats: COMPLETE Column stats: COMPLETE
                  value expressions: _col1 (type: decimal(12,2))

  Stage: Stage-0
    Fetch Operator
      limit: 100
      Processor Tree:
        ListSink

