STAGE DEPENDENCIES:
  Stage-1 is a root stage
  Stage-0 depends on stages: Stage-1

STAGE PLANS:
  Stage: Stage-1
    Tez
#### A masked pattern was here ####
      Edges:
        Map 1 <- Map 8 (BROADCAST_EDGE)
        Map 6 <- Map 8 (BROADCAST_EDGE)
        Reducer 2 <- Map 1 (SIMPLE_EDGE)
        Reducer 3 <- Reducer 2 (SIMPLE_EDGE), Reducer 7 (SIMPLE_EDGE)
        Reducer 4 <- Reducer 3 (SIMPLE_EDGE)
        Reducer 5 <- Reducer 4 (SIMPLE_EDGE)
        Reducer 7 <- Map 6 (SIMPLE_EDGE)
#### A masked pattern was here ####
      Vertices:
        Map 1 
            Map Operator Tree:
                TableScan
                  alias: store_sales
                  filterExpr: ss_sold_date_sk is not null (type: boolean)
                  Statistics: Num rows: 82510879939 Data size: 10343798437584 Basic stats: COMPLETE Column stats: COMPLETE
                  Select Operator
                    expressions: ss_item_sk (type: bigint), ss_sales_price (type: decimal(7,2)), ss_sold_date_sk (type: bigint)
                    outputColumnNames: _col0, _col1, _col2
                    Statistics: Num rows: 82510879939 Data size: 10343798437584 Basic stats: COMPLETE Column stats: COMPLETE
                    Map Join Operator
                      condition map:
                           Inner Join 0 to 1
                      keys:
                        0 _col2 (type: bigint)
                        1 _col0 (type: bigint)
                      outputColumnNames: _col0, _col1, _col4
                      input vertices:
                        1 Map 8
                      Statistics: Num rows: 16221796254 Data size: 2637441946096 Basic stats: COMPLETE Column stats: COMPLETE
                      Group By Operator
                        aggregations: sum(_col1)
                        keys: _col0 (type: bigint), _col4 (type: date)
                        minReductionHashAggr: 0.99
                        mode: hash
                        outputColumnNames: _col0, _col1, _col2
                        Statistics: Num rows: 8110898127 Data size: 1427518070352 Basic stats: COMPLETE Column stats: COMPLETE
                        Reduce Output Operator
                          key expressions: _col0 (type: bigint), _col1 (type: date)
                          null sort order: az
                          sort order: ++
                          Map-reduce partition columns: _col0 (type: bigint)
                          Statistics: Num rows: 8110898127 Data size: 1427518070352 Basic stats: COMPLETE Column stats: COMPLETE
                          value expressions: _col2 (type: decimal(17,2))
            Execution mode: vectorized, llap
            LLAP IO: may be used (ACID table)
        Map 6 
            Map Operator Tree:
                TableScan
                  alias: web_sales
                  filterExpr: ws_sold_date_sk is not null (type: boolean)
                  Statistics: Num rows: 21594638446 Data size: 2763811257360 Basic stats: COMPLETE Column stats: COMPLETE
                  Select Operator
                    expressions: ws_item_sk (type: bigint), ws_sales_price (type: decimal(7,2)), ws_sold_date_sk (type: bigint)
                    outputColumnNames: _col0, _col1, _col2
                    Statistics: Num rows: 21594638446 Data size: 2763811257360 Basic stats: COMPLETE Column stats: COMPLETE
                    Map Join Operator
                      condition map:
                           Inner Join 0 to 1
                      keys:
                        0 _col2 (type: bigint)
                        1 _col0 (type: bigint)
                      outputColumnNames: _col0, _col1, _col4
                      input vertices:
                        1 Map 8
                      Statistics: Num rows: 4245547076 Data size: 746913821648 Basic stats: COMPLETE Column stats: COMPLETE
                      Group By Operator
                        aggregations: sum(_col1)
                        keys: _col0 (type: bigint), _col4 (type: date)
                        minReductionHashAggr: 0.99
                        mode: hash
                        outputColumnNames: _col0, _col1, _col2
                        Statistics: Num rows: 2122773538 Data size: 373608142688 Basic stats: COMPLETE Column stats: COMPLETE
                        Reduce Output Operator
                          key expressions: _col0 (type: bigint), _col1 (type: date)
                          null sort order: az
                          sort order: ++
                          Map-reduce partition columns: _col0 (type: bigint)
                          Statistics: Num rows: 2122773538 Data size: 373608142688 Basic stats: COMPLETE Column stats: COMPLETE
                          value expressions: _col2 (type: decimal(17,2))
            Execution mode: vectorized, llap
            LLAP IO: may be used (ACID table)
        Map 8 
            Map Operator Tree:
                TableScan
                  alias: date_dim
                  filterExpr: d_month_seq BETWEEN 1212 AND 1223 (type: boolean)
                  Statistics: Num rows: 73049 Data size: 4967332 Basic stats: COMPLETE Column stats: COMPLETE
                  Filter Operator
                    predicate: d_month_seq BETWEEN 1212 AND 1223 (type: boolean)
                    Statistics: Num rows: 359 Data size: 24412 Basic stats: COMPLETE Column stats: COMPLETE
                    Select Operator
                      expressions: d_date_sk (type: bigint), d_date (type: date)
                      outputColumnNames: _col0, _col1
                      Statistics: Num rows: 359 Data size: 22976 Basic stats: COMPLETE Column stats: COMPLETE
                      Reduce Output Operator
                        key expressions: _col0 (type: bigint)
                        null sort order: z
                        sort order: +
                        Map-reduce partition columns: _col0 (type: bigint)
                        Statistics: Num rows: 359 Data size: 22976 Basic stats: COMPLETE Column stats: COMPLETE
                        value expressions: _col1 (type: date)
                      Select Operator
                        expressions: _col0 (type: bigint)
                        outputColumnNames: _col0
                        Statistics: Num rows: 359 Data size: 2872 Basic stats: COMPLETE Column stats: COMPLETE
                        Group By Operator
                          keys: _col0 (type: bigint)
                          minReductionHashAggr: 0.4
                          mode: hash
                          outputColumnNames: _col0
                          Statistics: Num rows: 359 Data size: 2872 Basic stats: COMPLETE Column stats: COMPLETE
                          Dynamic Partitioning Event Operator
                            Target column: ws_sold_date_sk (bigint)
                            Target Input: web_sales
                            Partition key expr: ws_sold_date_sk
                            Statistics: Num rows: 359 Data size: 2872 Basic stats: COMPLETE Column stats: COMPLETE
                            Target Vertex: Map 6
                      Reduce Output Operator
                        key expressions: _col0 (type: bigint)
                        null sort order: z
                        sort order: +
                        Map-reduce partition columns: _col0 (type: bigint)
                        Statistics: Num rows: 359 Data size: 22976 Basic stats: COMPLETE Column stats: COMPLETE
                        value expressions: _col1 (type: date)
                      Select Operator
                        expressions: _col0 (type: bigint)
                        outputColumnNames: _col0
                        Statistics: Num rows: 359 Data size: 2872 Basic stats: COMPLETE Column stats: COMPLETE
                        Group By Operator
                          keys: _col0 (type: bigint)
                          minReductionHashAggr: 0.4
                          mode: hash
                          outputColumnNames: _col0
                          Statistics: Num rows: 359 Data size: 2872 Basic stats: COMPLETE Column stats: COMPLETE
                          Dynamic Partitioning Event Operator
                            Target column: ss_sold_date_sk (bigint)
                            Target Input: store_sales
                            Partition key expr: ss_sold_date_sk
                            Statistics: Num rows: 359 Data size: 2872 Basic stats: COMPLETE Column stats: COMPLETE
                            Target Vertex: Map 1
            Execution mode: vectorized, llap
            LLAP IO: may be used (ACID table)
        Reducer 2 
            Execution mode: llap
            Reduce Operator Tree:
              Group By Operator
                aggregations: sum(VALUE._col0)
                keys: KEY._col0 (type: bigint), KEY._col1 (type: date)
                mode: mergepartial
                outputColumnNames: _col0, _col1, _col2
                Statistics: Num rows: 4055449063 Data size: 713759035088 Basic stats: COMPLETE Column stats: COMPLETE
                Select Operator
                  expressions: _col0 (type: bigint), _col1 (type: date), _col2 (type: decimal(17,2))
                  outputColumnNames: _col0, _col1, _col2
                  PTF Operator
                    Function definitions:
                        Input definition
                          input alias: ptf_0
                          output shape: _col0: bigint, _col1: date, _col2: decimal(17,2)
                          type: WINDOWING
                        Windowing table definition
                          input alias: ptf_1
                          name: windowingtablefunction
                          order by: _col1 ASC NULLS LAST
                          partition by: _col0
                          raw input shape:
                          window functions:
                              window function definition
                                alias: sum_window_0
                                arguments: _col2
                                name: sum
                                window function: GenericUDAFSumHiveDecimal
                                window frame: ROWS PRECEDING(MAX)~CURRENT
                    Statistics: Num rows: 4055449063 Data size: 713759035088 Basic stats: COMPLETE Column stats: COMPLETE
                    Select Operator
                      expressions: _col0 (type: bigint), _col1 (type: date), sum_window_0 (type: decimal(27,2))
                      outputColumnNames: _col0, _col1, _col2
                      Statistics: Num rows: 4055449063 Data size: 713759035088 Basic stats: COMPLETE Column stats: COMPLETE
                      Reduce Output Operator
                        key expressions: _col0 (type: bigint), _col1 (type: date)
                        null sort order: zz
                        sort order: ++
                        Map-reduce partition columns: _col0 (type: bigint), _col1 (type: date)
                        Statistics: Num rows: 4055449063 Data size: 713759035088 Basic stats: COMPLETE Column stats: COMPLETE
                        value expressions: _col2 (type: decimal(27,2))
        Reducer 3 
            Execution mode: llap
            Reduce Operator Tree:
              Merge Join Operator
                condition map:
                     Full Outer Join 0 to 1
                keys:
                  0 _col0 (type: bigint), _col1 (type: date)
                  1 _col0 (type: bigint), _col1 (type: date)
                outputColumnNames: _col0, _col1, _col2, _col3, _col4, _col5
                Statistics: Num rows: 47102852585509 Data size: 16580204110099168 Basic stats: COMPLETE Column stats: COMPLETE
                Reduce Output Operator
                  key expressions: CASE WHEN (_col3 is not null) THEN (_col3) ELSE (_col0) END (type: bigint), CASE WHEN (_col4 is not null) THEN (_col4) ELSE (_col1) END (type: date)
                  null sort order: az
                  sort order: ++
                  Map-reduce partition columns: CASE WHEN (_col3 is not null) THEN (_col3) ELSE (_col0) END (type: bigint)
                  Statistics: Num rows: 47102852585509 Data size: 16580204110099168 Basic stats: COMPLETE Column stats: COMPLETE
                  value expressions: _col0 (type: bigint), _col1 (type: date), _col2 (type: decimal(27,2)), _col3 (type: bigint), _col4 (type: date), _col5 (type: decimal(27,2))
        Reducer 4 
            Execution mode: vectorized, llap
            Reduce Operator Tree:
              Select Operator
                expressions: VALUE._col0 (type: bigint), VALUE._col1 (type: date), VALUE._col2 (type: decimal(27,2)), VALUE._col3 (type: bigint), VALUE._col4 (type: date), VALUE._col5 (type: decimal(27,2))
                outputColumnNames: _col0, _col1, _col2, _col3, _col4, _col5
                Statistics: Num rows: 47102852585509 Data size: 16580204110099168 Basic stats: COMPLETE Column stats: COMPLETE
                PTF Operator
                  Function definitions:
                      Input definition
                        input alias: ptf_0
                        output shape: _col0: bigint, _col1: date, _col2: decimal(27,2), _col3: bigint, _col4: date, _col5: decimal(27,2)
                        type: WINDOWING
                      Windowing table definition
                        input alias: ptf_1
                        name: windowingtablefunction
                        order by: CASE WHEN (_col4 is not null) THEN (_col4) ELSE (_col1) END ASC NULLS LAST
                        partition by: CASE WHEN (_col3 is not null) THEN (_col3) ELSE (_col0) END
                        raw input shape:
                        window functions:
                            window function definition
                              alias: max_window_0
                              arguments: _col5
                              name: max
                              window function: GenericUDAFMaxEvaluator
                              window frame: ROWS PRECEDING(MAX)~CURRENT
                            window function definition
                              alias: max_window_1
                              arguments: _col2
                              name: max
                              window function: GenericUDAFMaxEvaluator
                              window frame: ROWS PRECEDING(MAX)~CURRENT
                  Statistics: Num rows: 47102852585509 Data size: 16580204110099168 Basic stats: COMPLETE Column stats: COMPLETE
                  Filter Operator
                    predicate: (max_window_0 > max_window_1) (type: boolean)
                    Statistics: Num rows: 15700950861836 Data size: 5526734703366272 Basic stats: COMPLETE Column stats: COMPLETE
                    Top N Key Operator
                      sort order: ++
                      keys: CASE WHEN (_col3 is not null) THEN (_col3) ELSE (_col0) END (type: bigint), CASE WHEN (_col4 is not null) THEN (_col4) ELSE (_col1) END (type: date)
                      null sort order: zz
                      Statistics: Num rows: 15700950861836 Data size: 5526734703366272 Basic stats: COMPLETE Column stats: COMPLETE
                      top n: 100
                      Select Operator
                        expressions: CASE WHEN (_col3 is not null) THEN (_col3) ELSE (_col0) END (type: bigint), CASE WHEN (_col4 is not null) THEN (_col4) ELSE (_col1) END (type: date), _col5 (type: decimal(27,2)), _col2 (type: decimal(27,2)), max_window_0 (type: decimal(27,2)), max_window_1 (type: decimal(27,2))
                        outputColumnNames: _col0, _col1, _col2, _col3, _col4, _col5
                        Statistics: Num rows: 15700950861836 Data size: 8038886841260032 Basic stats: COMPLETE Column stats: COMPLETE
                        Reduce Output Operator
                          key expressions: _col0 (type: bigint), _col1 (type: date)
                          null sort order: zz
                          sort order: ++
                          Statistics: Num rows: 15700950861836 Data size: 8038886841260032 Basic stats: COMPLETE Column stats: COMPLETE
                          value expressions: _col2 (type: decimal(27,2)), _col3 (type: decimal(27,2)), _col4 (type: decimal(27,2)), _col5 (type: decimal(27,2))
        Reducer 5 
            Execution mode: vectorized, llap
            Reduce Operator Tree:
              Select Operator
                expressions: KEY.reducesinkkey0 (type: bigint), KEY.reducesinkkey1 (type: date), VALUE._col0 (type: decimal(27,2)), VALUE._col1 (type: decimal(27,2)), VALUE._col2 (type: decimal(27,2)), VALUE._col3 (type: decimal(27,2))
                outputColumnNames: _col0, _col1, _col2, _col3, _col4, _col5
                Statistics: Num rows: 15700950861836 Data size: 8038886841260032 Basic stats: COMPLETE Column stats: COMPLETE
                Limit
                  Number of rows: 100
                  Statistics: Num rows: 100 Data size: 51200 Basic stats: COMPLETE Column stats: COMPLETE
                  File Output Operator
                    compressed: false
                    Statistics: Num rows: 100 Data size: 51200 Basic stats: COMPLETE Column stats: COMPLETE
                    table:
                        input format: org.apache.hadoop.mapred.SequenceFileInputFormat
                        output format: org.apache.hadoop.hive.ql.io.HiveSequenceFileOutputFormat
                        serde: org.apache.hadoop.hive.serde2.lazy.LazySimpleSerDe
        Reducer 7 
            Execution mode: llap
            Reduce Operator Tree:
              Group By Operator
                aggregations: sum(VALUE._col0)
                keys: KEY._col0 (type: bigint), KEY._col1 (type: date)
                mode: mergepartial
                outputColumnNames: _col0, _col1, _col2
                Statistics: Num rows: 1061386769 Data size: 186804071344 Basic stats: COMPLETE Column stats: COMPLETE
                Select Operator
                  expressions: _col0 (type: bigint), _col1 (type: date), _col2 (type: decimal(17,2))
                  outputColumnNames: _col0, _col1, _col2
                  PTF Operator
                    Function definitions:
                        Input definition
                          input alias: ptf_0
                          output shape: _col0: bigint, _col1: date, _col2: decimal(17,2)
                          type: WINDOWING
                        Windowing table definition
                          input alias: ptf_1
                          name: windowingtablefunction
                          order by: _col1 ASC NULLS LAST
                          partition by: _col0
                          raw input shape:
                          window functions:
                              window function definition
                                alias: sum_window_0
                                arguments: _col2
                                name: sum
                                window function: GenericUDAFSumHiveDecimal
                                window frame: ROWS PRECEDING(MAX)~CURRENT
                    Statistics: Num rows: 1061386769 Data size: 186804071344 Basic stats: COMPLETE Column stats: COMPLETE
                    Select Operator
                      expressions: _col0 (type: bigint), _col1 (type: date), sum_window_0 (type: decimal(27,2))
                      outputColumnNames: _col0, _col1, _col2
                      Statistics: Num rows: 1061386769 Data size: 186804071344 Basic stats: COMPLETE Column stats: COMPLETE
                      Reduce Output Operator
                        key expressions: _col0 (type: bigint), _col1 (type: date)
                        null sort order: zz
                        sort order: ++
                        Map-reduce partition columns: _col0 (type: bigint), _col1 (type: date)
                        Statistics: Num rows: 1061386769 Data size: 186804071344 Basic stats: COMPLETE Column stats: COMPLETE
                        value expressions: _col2 (type: decimal(27,2))

  Stage: Stage-0
    Fetch Operator
      limit: 100
      Processor Tree:
        ListSink

