STAGE DEPENDENCIES:
  Stage-1 is a root stage
  Stage-0 depends on stages: Stage-1

STAGE PLANS:
  Stage: Stage-1
    Tez
#### A masked pattern was here ####
      Edges:
        Map 1 <- Map 10 (BROADCAST_EDGE), Map 8 (BROADCAST_EDGE), Map 9 (BROADCAST_EDGE)
        Reducer 2 <- Map 1 (SIMPLE_EDGE)
        Reducer 3 <- Reducer 2 (SIMPLE_EDGE)
        Reducer 4 <- Reducer 3 (SIMPLE_EDGE)
        Reducer 5 <- Reducer 2 (SIMPLE_EDGE)
        Reducer 6 <- Reducer 3 (BROADCAST_EDGE), Reducer 4 (BROADCAST_EDGE), Reducer 5 (SIMPLE_EDGE)
        Reducer 7 <- Reducer 6 (SIMPLE_EDGE)
#### A masked pattern was here ####
      Vertices:
        Map 1 
            Map Operator Tree:
                TableScan
                  alias: catalog_sales
                  filterExpr: cs_call_center_sk is not null (type: boolean)
                  Statistics: Num rows: 43005109025 Data size: 5835917798576 Basic stats: COMPLETE Column stats: COMPLETE
                  Filter Operator
                    predicate: cs_call_center_sk is not null (type: boolean)
                    Statistics: Num rows: 42897553345 Data size: 5821322181384 Basic stats: COMPLETE Column stats: COMPLETE
                    Select Operator
                      expressions: cs_call_center_sk (type: bigint), cs_item_sk (type: bigint), cs_sales_price (type: decimal(7,2)), cs_sold_date_sk (type: bigint)
                      outputColumnNames: _col0, _col1, _col2, _col3
                      Statistics: Num rows: 42897553345 Data size: 5821322181384 Basic stats: COMPLETE Column stats: COMPLETE
                      Map Join Operator
                        condition map:
                             Inner Join 0 to 1
                        keys:
                          0 _col3 (type: bigint)
                          1 _col0 (type: bigint)
                        outputColumnNames: _col0, _col1, _col2, _col5, _col6
                        input vertices:
                          1 Map 8
                        Statistics: Num rows: 9983632978 Data size: 1345029011472 Basic stats: COMPLETE Column stats: COMPLETE
                        Map Join Operator
                          condition map:
                               Inner Join 0 to 1
                          keys:
                            0 _col0 (type: bigint)
                            1 _col0 (type: bigint)
                          outputColumnNames: _col1, _col2, _col5, _col6, _col8
                          input vertices:
                            1 Map 9
                          Statistics: Num rows: 9983632978 Data size: 2244414272948 Basic stats: COMPLETE Column stats: COMPLETE
                          Map Join Operator
                            condition map:
                                 Inner Join 0 to 1
                            keys:
                              0 _col1 (type: bigint)
                              1 _col0 (type: bigint)
                            outputColumnNames: _col2, _col5, _col6, _col8, _col10, _col11
                            input vertices:
                              1 Map 10
                            Statistics: Num rows: 9983632978 Data size: 4061435474944 Basic stats: COMPLETE Column stats: COMPLETE
                            Group By Operator
                              aggregations: sum(_col2)
                              keys: _col5 (type: int), _col6 (type: int), _col8 (type: varchar(50)), _col10 (type: char(50)), _col11 (type: char(50))
                              minReductionHashAggr: 0.99
                              mode: hash
                              outputColumnNames: _col0, _col1, _col2, _col3, _col4, _col5
                              Statistics: Num rows: 4991816489 Data size: 2036661127512 Basic stats: COMPLETE Column stats: COMPLETE
                              Reduce Output Operator
                                key expressions: _col0 (type: int), _col1 (type: int), _col2 (type: varchar(50)), _col3 (type: char(50)), _col4 (type: char(50))
                                null sort order: zzzzz
                                sort order: +++++
                                Map-reduce partition columns: _col0 (type: int), _col1 (type: int), _col2 (type: varchar(50)), _col3 (type: char(50)), _col4 (type: char(50))
                                Statistics: Num rows: 4991816489 Data size: 2036661127512 Basic stats: COMPLETE Column stats: COMPLETE
                                value expressions: _col5 (type: decimal(17,2))
            Execution mode: vectorized, llap
            LLAP IO: may be used (ACID table)
        Map 10 
            Map Operator Tree:
                TableScan
                  alias: item
                  filterExpr: (i_category is not null and i_brand is not null) (type: boolean)
                  Statistics: Num rows: 462000 Data size: 91476000 Basic stats: COMPLETE Column stats: COMPLETE
                  Filter Operator
                    predicate: (i_category is not null and i_brand is not null) (type: boolean)
                    Statistics: Num rows: 462000 Data size: 91476000 Basic stats: COMPLETE Column stats: COMPLETE
                    Select Operator
                      expressions: i_item_sk (type: bigint), i_brand (type: char(50)), i_category (type: char(50))
                      outputColumnNames: _col0, _col1, _col2
                      Statistics: Num rows: 462000 Data size: 91476000 Basic stats: COMPLETE Column stats: COMPLETE
                      Reduce Output Operator
                        key expressions: _col0 (type: bigint)
                        null sort order: z
                        sort order: +
                        Map-reduce partition columns: _col0 (type: bigint)
                        Statistics: Num rows: 462000 Data size: 91476000 Basic stats: COMPLETE Column stats: COMPLETE
                        value expressions: _col1 (type: char(50)), _col2 (type: char(50))
            Execution mode: vectorized, llap
            LLAP IO: may be used (ACID table)
        Map 8 
            Map Operator Tree:
                TableScan
                  alias: date_dim
                  filterExpr: ((d_year) IN (2000, 1999, 2001) and ((d_year = 2000) or (struct(d_year,d_moy)) IN (const struct(1999,12), const struct(2001,1)))) (type: boolean)
                  Statistics: Num rows: 73049 Data size: 1168784 Basic stats: COMPLETE Column stats: COMPLETE
                  Filter Operator
                    predicate: ((d_year) IN (2000, 1999, 2001) and ((d_year = 2000) or (struct(d_year,d_moy)) IN (const struct(1999,12), const struct(2001,1)))) (type: boolean)
                    Statistics: Num rows: 428 Data size: 6848 Basic stats: COMPLETE Column stats: COMPLETE
                    Select Operator
                      expressions: d_date_sk (type: bigint), d_year (type: int), d_moy (type: int)
                      outputColumnNames: _col0, _col1, _col2
                      Statistics: Num rows: 428 Data size: 6848 Basic stats: COMPLETE Column stats: COMPLETE
                      Reduce Output Operator
                        key expressions: _col0 (type: bigint)
                        null sort order: z
                        sort order: +
                        Map-reduce partition columns: _col0 (type: bigint)
                        Statistics: Num rows: 428 Data size: 6848 Basic stats: COMPLETE Column stats: COMPLETE
                        value expressions: _col1 (type: int), _col2 (type: int)
                      Select Operator
                        expressions: _col0 (type: bigint)
                        outputColumnNames: _col0
                        Statistics: Num rows: 428 Data size: 3424 Basic stats: COMPLETE Column stats: COMPLETE
                        Group By Operator
                          keys: _col0 (type: bigint)
                          minReductionHashAggr: 0.5
                          mode: hash
                          outputColumnNames: _col0
                          Statistics: Num rows: 214 Data size: 1712 Basic stats: COMPLETE Column stats: COMPLETE
                          Dynamic Partitioning Event Operator
                            Target column: cs_sold_date_sk (bigint)
                            Target Input: catalog_sales
                            Partition key expr: cs_sold_date_sk
                            Statistics: Num rows: 214 Data size: 1712 Basic stats: COMPLETE Column stats: COMPLETE
                            Target Vertex: Map 1
            Execution mode: vectorized, llap
            LLAP IO: may be used (ACID table)
        Map 9 
            Map Operator Tree:
                TableScan
                  alias: call_center
                  filterExpr: cc_name is not null (type: boolean)
                  Statistics: Num rows: 60 Data size: 6360 Basic stats: COMPLETE Column stats: COMPLETE
                  Filter Operator
                    predicate: cc_name is not null (type: boolean)
                    Statistics: Num rows: 60 Data size: 6360 Basic stats: COMPLETE Column stats: COMPLETE
                    Select Operator
                      expressions: cc_call_center_sk (type: bigint), cc_name (type: varchar(50))
                      outputColumnNames: _col0, _col1
                      Statistics: Num rows: 60 Data size: 6360 Basic stats: COMPLETE Column stats: COMPLETE
                      Reduce Output Operator
                        key expressions: _col0 (type: bigint)
                        null sort order: z
                        sort order: +
                        Map-reduce partition columns: _col0 (type: bigint)
                        Statistics: Num rows: 60 Data size: 6360 Basic stats: COMPLETE Column stats: COMPLETE
                        value expressions: _col1 (type: varchar(50))
            Execution mode: vectorized, llap
            LLAP IO: may be used (ACID table)
        Reducer 2 
            Execution mode: vectorized, llap
            Reduce Operator Tree:
              Group By Operator
                aggregations: sum(VALUE._col0)
                keys: KEY._col0 (type: int), KEY._col1 (type: int), KEY._col2 (type: varchar(50)), KEY._col3 (type: char(50)), KEY._col4 (type: char(50))
                mode: mergepartial
                outputColumnNames: _col0, _col1, _col2, _col3, _col4, _col5
                Statistics: Num rows: 5876640 Data size: 2397669120 Basic stats: COMPLETE Column stats: COMPLETE
                Reduce Output Operator
                  key expressions: _col4 (type: char(50)), _col3 (type: char(50)), _col2 (type: varchar(50)), _col0 (type: int), _col1 (type: int)
                  null sort order: aaazz
                  sort order: +++++
                  Map-reduce partition columns: _col4 (type: char(50)), _col3 (type: char(50)), _col2 (type: varchar(50))
                  Statistics: Num rows: 5876640 Data size: 2397669120 Basic stats: COMPLETE Column stats: COMPLETE
                  value expressions: _col5 (type: decimal(17,2))
                Reduce Output Operator
                  key expressions: _col4 (type: char(50)), _col3 (type: char(50)), _col2 (type: varchar(50)), _col0 (type: int)
                  null sort order: aaaa
                  sort order: ++++
                  Map-reduce partition columns: _col4 (type: char(50)), _col3 (type: char(50)), _col2 (type: varchar(50)), _col0 (type: int)
                  Statistics: Num rows: 5876640 Data size: 2397669120 Basic stats: COMPLETE Column stats: COMPLETE
                  value expressions: _col1 (type: int), _col5 (type: decimal(17,2))
        Reducer 3 
            Execution mode: vectorized, llap
            Reduce Operator Tree:
              Select Operator
                expressions: KEY.reducesinkkey3 (type: int), KEY.reducesinkkey4 (type: int), KEY.reducesinkkey2 (type: varchar(50)), KEY.reducesinkkey1 (type: char(50)), KEY.reducesinkkey0 (type: char(50)), VALUE._col0 (type: decimal(17,2))
                outputColumnNames: _col0, _col1, _col2, _col3, _col4, _col5
                Statistics: Num rows: 5876640 Data size: 2397669120 Basic stats: COMPLETE Column stats: COMPLETE
                PTF Operator
                  Function definitions:
                      Input definition
                        input alias: ptf_0
                        output shape: _col0: int, _col1: int, _col2: varchar(50), _col3: char(50), _col4: char(50), _col5: decimal(17,2)
                        type: WINDOWING
                      Windowing table definition
                        input alias: ptf_1
                        name: windowingtablefunction
                        order by: _col0 ASC NULLS LAST, _col1 ASC NULLS LAST
                        partition by: _col4, _col3, _col2
                        raw input shape:
                        window functions:
                            window function definition
                              alias: rank_window_0
                              arguments: _col0, _col1
                              name: rank
                              window function: GenericUDAFRankEvaluator
                              window frame: ROWS PRECEDING(MAX)~FOLLOWING(MAX)
                              isPivotResult: true
                  Statistics: Num rows: 5876640 Data size: 2397669120 Basic stats: COMPLETE Column stats: COMPLETE
                  Filter Operator
                    predicate: rank_window_0 is not null (type: boolean)
                    Statistics: Num rows: 5876640 Data size: 2397669120 Basic stats: COMPLETE Column stats: COMPLETE
                    Select Operator
                      expressions: _col4 (type: char(50)), _col3 (type: char(50)), _col2 (type: varchar(50)), _col5 (type: decimal(17,2)), (rank_window_0 - 1) (type: int)
                      outputColumnNames: _col0, _col1, _col2, _col3, _col4
                      Statistics: Num rows: 5876640 Data size: 2374162560 Basic stats: COMPLETE Column stats: COMPLETE
                      Reduce Output Operator
                        key expressions: _col0 (type: char(50)), _col1 (type: char(50)), _col4 (type: int), _col2 (type: varchar(50))
                        null sort order: zzzz
                        sort order: ++++
                        Map-reduce partition columns: _col0 (type: char(50)), _col1 (type: char(50)), _col4 (type: int), _col2 (type: varchar(50))
                        Statistics: Num rows: 5876640 Data size: 2374162560 Basic stats: COMPLETE Column stats: COMPLETE
                        value expressions: _col3 (type: decimal(17,2))
                PTF Operator
                  Function definitions:
                      Input definition
                        input alias: ptf_0
                        output shape: _col0: int, _col1: int, _col2: varchar(50), _col3: char(50), _col4: char(50), _col5: decimal(17,2)
                        type: WINDOWING
                      Windowing table definition
                        input alias: ptf_1
                        name: windowingtablefunction
                        order by: _col0 ASC NULLS LAST, _col1 ASC NULLS LAST
                        partition by: _col4, _col3, _col2
                        raw input shape:
                        window functions:
                            window function definition
                              alias: rank_window_0
                              arguments: _col0, _col1
                              name: rank
                              window function: GenericUDAFRankEvaluator
                              window frame: ROWS PRECEDING(MAX)~FOLLOWING(MAX)
                              isPivotResult: true
                  Statistics: Num rows: 5876640 Data size: 2397669120 Basic stats: COMPLETE Column stats: COMPLETE
                  Filter Operator
                    predicate: rank_window_0 is not null (type: boolean)
                    Statistics: Num rows: 5876640 Data size: 2397669120 Basic stats: COMPLETE Column stats: COMPLETE
                    Select Operator
                      expressions: _col4 (type: char(50)), _col3 (type: char(50)), _col2 (type: varchar(50)), _col5 (type: decimal(17,2)), (rank_window_0 + 1) (type: int)
                      outputColumnNames: _col0, _col1, _col2, _col3, _col4
                      Statistics: Num rows: 5876640 Data size: 2374162560 Basic stats: COMPLETE Column stats: COMPLETE
                      Reduce Output Operator
                        key expressions: _col0 (type: char(50)), _col1 (type: char(50)), _col4 (type: int), _col2 (type: varchar(50))
                        null sort order: zzzz
                        sort order: ++++
                        Map-reduce partition columns: _col0 (type: char(50)), _col1 (type: char(50)), _col4 (type: int), _col2 (type: varchar(50))
                        Statistics: Num rows: 5876640 Data size: 2374162560 Basic stats: COMPLETE Column stats: COMPLETE
                        value expressions: _col3 (type: decimal(17,2))
        Reducer 4 
            Execution mode: vectorized, llap
            Reduce Operator Tree:
              Select Operator
                expressions: VALUE._col0 (type: decimal(17,2)), KEY.reducesinkkey0 (type: char(50)), KEY.reducesinkkey1 (type: char(50)), KEY.reducesinkkey2 (type: int), KEY.reducesinkkey3 (type: varchar(50))
                outputColumnNames: _col3, _col0, _col1, _col4, _col2
                Reduce Output Operator
                  key expressions: _col0 (type: char(50)), _col1 (type: char(50)), _col4 (type: int), _col2 (type: varchar(50))
                  null sort order: zzzz
                  sort order: ++++
                  Map-reduce partition columns: _col0 (type: char(50)), _col1 (type: char(50)), _col4 (type: int), _col2 (type: varchar(50))
                  Statistics: Num rows: 5876640 Data size: 2374162560 Basic stats: COMPLETE Column stats: COMPLETE
                  value expressions: _col3 (type: decimal(17,2))
        Reducer 5 
            Execution mode: vectorized, llap
            Reduce Operator Tree:
              Select Operator
                expressions: KEY.reducesinkkey3 (type: int), VALUE._col0 (type: int), KEY.reducesinkkey2 (type: varchar(50)), KEY.reducesinkkey1 (type: char(50)), KEY.reducesinkkey0 (type: char(50)), VALUE._col1 (type: decimal(17,2))
                outputColumnNames: _col0, _col1, _col2, _col3, _col4, _col5
                Statistics: Num rows: 5876640 Data size: 2397669120 Basic stats: COMPLETE Column stats: COMPLETE
                PTF Operator
                  Function definitions:
                      Input definition
                        input alias: ptf_0
                        output shape: _col0: int, _col1: int, _col2: varchar(50), _col3: char(50), _col4: char(50), _col5: decimal(17,2)
                        type: WINDOWING
                      Windowing table definition
                        input alias: ptf_1
                        name: windowingtablefunction
                        order by: _col4 ASC NULLS FIRST, _col3 ASC NULLS FIRST, _col2 ASC NULLS FIRST, _col0 ASC NULLS FIRST
                        partition by: _col4, _col3, _col2, _col0
                        raw input shape:
                        window functions:
                            window function definition
                              alias: avg_window_0
                              arguments: _col5
                              name: avg
                              window function: GenericUDAFAverageEvaluatorDecimal
                              window frame: ROWS PRECEDING(MAX)~FOLLOWING(MAX)
                  Statistics: Num rows: 5876640 Data size: 2397669120 Basic stats: COMPLETE Column stats: COMPLETE
                  Select Operator
                    expressions: avg_window_0 (type: decimal(21,6)), _col0 (type: int), _col1 (type: int), _col2 (type: varchar(50)), _col3 (type: char(50)), _col4 (type: char(50)), _col5 (type: decimal(17,2))
                    outputColumnNames: avg_window_0, _col0, _col1, _col2, _col3, _col4, _col5
                    Statistics: Num rows: 5876640 Data size: 2397669120 Basic stats: COMPLETE Column stats: COMPLETE
                    Reduce Output Operator
                      key expressions: _col4 (type: char(50)), _col3 (type: char(50)), _col2 (type: varchar(50)), _col0 (type: int), _col1 (type: int)
                      null sort order: aaazz
                      sort order: +++++
                      Map-reduce partition columns: _col4 (type: char(50)), _col3 (type: char(50)), _col2 (type: varchar(50))
                      Statistics: Num rows: 5876640 Data size: 2397669120 Basic stats: COMPLETE Column stats: COMPLETE
                      value expressions: avg_window_0 (type: decimal(21,6)), _col5 (type: decimal(17,2))
        Reducer 6 
            Execution mode: vectorized, llap
            Reduce Operator Tree:
              Select Operator
                expressions: VALUE._col0 (type: decimal(21,6)), KEY.reducesinkkey3 (type: int), KEY.reducesinkkey4 (type: int), KEY.reducesinkkey2 (type: varchar(50)), KEY.reducesinkkey1 (type: char(50)), KEY.reducesinkkey0 (type: char(50)), VALUE._col1 (type: decimal(17,2))
                outputColumnNames: _col0, _col1, _col2, _col3, _col4, _col5, _col6
                Statistics: Num rows: 5876640 Data size: 3055852800 Basic stats: COMPLETE Column stats: COMPLETE
                PTF Operator
                  Function definitions:
                      Input definition
                        input alias: ptf_0
                        output shape: _col0: decimal(21,6), _col1: int, _col2: int, _col3: varchar(50), _col4: char(50), _col5: char(50), _col6: decimal(17,2)
                        type: WINDOWING
                      Windowing table definition
                        input alias: ptf_1
                        name: windowingtablefunction
                        order by: _col1 ASC NULLS LAST, _col2 ASC NULLS LAST
                        partition by: _col5, _col4, _col3
                        raw input shape:
                        window functions:
                            window function definition
                              alias: rank_window_1
                              arguments: _col1, _col2
                              name: rank
                              window function: GenericUDAFRankEvaluator
                              window frame: ROWS PRECEDING(MAX)~FOLLOWING(MAX)
                              isPivotResult: true
                  Statistics: Num rows: 5876640 Data size: 3055852800 Basic stats: COMPLETE Column stats: COMPLETE
                  Filter Operator
                    predicate: ((_col0 > 0) and rank_window_1 is not null and (_col1 = 2000)) (type: boolean)
                    Statistics: Num rows: 979440 Data size: 509308800 Basic stats: COMPLETE Column stats: COMPLETE
                    Select Operator
                      expressions: rank_window_1 (type: int), _col0 (type: decimal(21,6)), _col1 (type: int), _col2 (type: int), _col3 (type: varchar(50)), _col4 (type: char(50)), _col5 (type: char(50)), _col6 (type: decimal(17,2))
                      outputColumnNames: rank_window_1, _col0, _col1, _col2, _col3, _col4, _col5, _col6
                      Statistics: Num rows: 979440 Data size: 509308800 Basic stats: COMPLETE Column stats: COMPLETE
                      Filter Operator
                        predicate: CASE WHEN ((_col0 > 0)) THEN (((abs((_col6 - _col0)) / _col0) > 0.1)) ELSE (false) END (type: boolean)
                        Statistics: Num rows: 489720 Data size: 256613280 Basic stats: COMPLETE Column stats: COMPLETE
                        Select Operator
                          expressions: _col5 (type: char(50)), _col4 (type: char(50)), _col3 (type: varchar(50)), _col1 (type: int), _col2 (type: int), _col6 (type: decimal(17,2)), _col0 (type: decimal(21,6)), rank_window_1 (type: int)
                          outputColumnNames: _col0, _col1, _col2, _col3, _col4, _col5, _col6, _col7
                          Statistics: Num rows: 489720 Data size: 256613280 Basic stats: COMPLETE Column stats: COMPLETE
                          Map Join Operator
                            condition map:
                                 Inner Join 0 to 1
                            keys:
                              0 _col0 (type: char(50)), _col1 (type: char(50)), _col4 (type: int), _col2 (type: varchar(50))
                              1 _col0 (type: char(50)), _col1 (type: char(50)), _col7 (type: int), _col2 (type: varchar(50))
                            outputColumnNames: _col3, _col5, _col6, _col7, _col8, _col9, _col10, _col11, _col12
                            input vertices:
                              0 Reducer 4
                            Statistics: Num rows: 489720 Data size: 311461920 Basic stats: COMPLETE Column stats: COMPLETE
                            Map Join Operator
                              condition map:
                                   Inner Join 0 to 1
                              keys:
                                0 _col5 (type: char(50)), _col6 (type: char(50)), _col12 (type: int), _col7 (type: varchar(50))
                                1 _col0 (type: char(50)), _col1 (type: char(50)), _col4 (type: int), _col2 (type: varchar(50))
                              outputColumnNames: _col3, _col5, _col6, _col8, _col9, _col10, _col11, _col16
                              input vertices:
                                1 Reducer 3
                              Statistics: Num rows: 489720 Data size: 316359120 Basic stats: COMPLETE Column stats: COMPLETE
                              Top N Key Operator
                                sort order: ++
                                keys: (_col10 - _col11) (type: decimal(22,6)), _col8 (type: int)
                                null sort order: zz
                                Statistics: Num rows: 489720 Data size: 316359120 Basic stats: COMPLETE Column stats: COMPLETE
                                top n: 100
                                Select Operator
                                  expressions: _col5 (type: char(50)), _col6 (type: char(50)), _col8 (type: int), _col9 (type: int), _col11 (type: decimal(21,6)), _col10 (type: decimal(17,2)), _col3 (type: decimal(17,2)), _col16 (type: decimal(17,2)), (_col10 - _col11) (type: decimal(22,6))
                                  outputColumnNames: _col0, _col1, _col2, _col3, _col4, _col5, _col6, _col7, _col8
                                  Statistics: Num rows: 489720 Data size: 371207760 Basic stats: COMPLETE Column stats: COMPLETE
                                  Reduce Output Operator
                                    key expressions: _col8 (type: decimal(22,6)), _col2 (type: int)
                                    null sort order: zz
                                    sort order: ++
                                    Statistics: Num rows: 489720 Data size: 371207760 Basic stats: COMPLETE Column stats: COMPLETE
                                    value expressions: _col0 (type: char(50)), _col1 (type: char(50)), _col3 (type: int), _col4 (type: decimal(21,6)), _col5 (type: decimal(17,2)), _col6 (type: decimal(17,2)), _col7 (type: decimal(17,2))
        Reducer 7 
            Execution mode: vectorized, llap
            Reduce Operator Tree:
              Select Operator
                expressions: VALUE._col0 (type: char(50)), VALUE._col1 (type: char(50)), KEY.reducesinkkey1 (type: int), VALUE._col2 (type: int), VALUE._col3 (type: decimal(21,6)), VALUE._col4 (type: decimal(17,2)), VALUE._col5 (type: decimal(17,2)), VALUE._col6 (type: decimal(17,2))
                outputColumnNames: _col0, _col1, _col2, _col3, _col4, _col5, _col6, _col7
                Statistics: Num rows: 489720 Data size: 371207760 Basic stats: COMPLETE Column stats: COMPLETE
                Limit
                  Number of rows: 100
                  Statistics: Num rows: 100 Data size: 75800 Basic stats: COMPLETE Column stats: COMPLETE
                  File Output Operator
                    compressed: false
                    Statistics: Num rows: 100 Data size: 75800 Basic stats: COMPLETE Column stats: COMPLETE
                    table:
                        input format: org.apache.hadoop.mapred.SequenceFileInputFormat
                        output format: org.apache.hadoop.hive.ql.io.HiveSequenceFileOutputFormat
                        serde: org.apache.hadoop.hive.serde2.lazy.LazySimpleSerDe

  Stage: Stage-0
    Fetch Operator
      limit: -1
      Processor Tree:
        ListSink

