STAGE DEPENDENCIES:
  Stage-1 is a root stage
  Stage-0 depends on stages: Stage-1

STAGE PLANS:
  Stage: Stage-1
    Tez
#### A masked pattern was here ####
      Edges:
        Map 1 <- Map 9 (BROADCAST_EDGE)
        Map 2 <- Map 7 (BROADCAST_EDGE), Map 9 (BROADCAST_EDGE), Reducer 10 (BROADCAST_EDGE), Reducer 8 (BROADCAST_EDGE)
        Reducer 10 <- Map 9 (SIMPLE_EDGE)
        Reducer 3 <- Map 2 (SIMPLE_EDGE)
        Reducer 4 <- Reducer 3 (SIMPLE_EDGE)
        Reducer 5 <- Map 1 (BROADCAST_EDGE), Map 2 (SIMPLE_EDGE), Reducer 4 (BROADCAST_EDGE)
        Reducer 6 <- Reducer 5 (SIMPLE_EDGE)
        Reducer 8 <- Map 7 (SIMPLE_EDGE)
#### A masked pattern was here ####
      Vertices:
        Map 1 
            Map Operator Tree:
                TableScan
                  alias: customer
                  filterExpr: c_current_addr_sk is not null (type: boolean)
                  probeDecodeDetails: cacheKey:HASH_MAP_MAPJOIN_160_container, bigKeyColName:c_current_addr_sk, smallTablePos:1, keyRatio:0.0185202875
                  Statistics: Num rows: 80000000 Data size: 30640000000 Basic stats: COMPLETE Column stats: COMPLETE
                  Filter Operator
                    predicate: c_current_addr_sk is not null (type: boolean)
                    Statistics: Num rows: 80000000 Data size: 30640000000 Basic stats: COMPLETE Column stats: COMPLETE
                    Select Operator
                      expressions: c_customer_sk (type: bigint), c_customer_id (type: char(16)), c_current_addr_sk (type: bigint), c_salutation (type: char(10)), c_first_name (type: char(20)), c_last_name (type: char(30))
                      outputColumnNames: _col0, _col1, _col2, _col3, _col4, _col5
                      Statistics: Num rows: 80000000 Data size: 30640000000 Basic stats: COMPLETE Column stats: COMPLETE
                      Map Join Operator
                        condition map:
                             Inner Join 0 to 1
                        keys:
                          0 _col2 (type: bigint)
                          1 _col0 (type: bigint)
                        outputColumnNames: _col0, _col1, _col3, _col4, _col5, _col7, _col8, _col9, _col10, _col11, _col12, _col13, _col14, _col15, _col16
                        input vertices:
                          1 Map 9
                        Statistics: Num rows: 1509434 Data size: 1983876888 Basic stats: COMPLETE Column stats: COMPLETE
                        Reduce Output Operator
                          key expressions: _col0 (type: bigint)
                          null sort order: z
                          sort order: +
                          Map-reduce partition columns: _col0 (type: bigint)
                          Statistics: Num rows: 1509434 Data size: 1983876888 Basic stats: COMPLETE Column stats: COMPLETE
                          value expressions: _col1 (type: char(16)), _col3 (type: char(10)), _col4 (type: char(20)), _col5 (type: char(30)), _col7 (type: char(10)), _col8 (type: varchar(60)), _col9 (type: char(15)), _col10 (type: char(10)), _col11 (type: varchar(60)), _col12 (type: varchar(30)), _col13 (type: char(10)), _col14 (type: varchar(20)), _col15 (type: decimal(5,2)), _col16 (type: char(20))
            Execution mode: vectorized, llap
            LLAP IO: may be used (ACID table)
        Map 2 
            Map Operator Tree:
                TableScan
                  alias: catalog_returns
                  filterExpr: (cr_returning_addr_sk is not null or (cr_returning_addr_sk is not null and cr_returning_customer_sk is not null)) (type: boolean)
                  Statistics: Num rows: 4320980099 Data size: 576568230384 Basic stats: COMPLETE Column stats: COMPLETE
                  Filter Operator
                    predicate: cr_returning_addr_sk is not null (type: boolean)
                    Statistics: Num rows: 4235017358 Data size: 565097826784 Basic stats: COMPLETE Column stats: COMPLETE
                    Select Operator
                      expressions: cr_returning_customer_sk (type: bigint), cr_returning_addr_sk (type: bigint), cr_return_amt_inc_tax (type: decimal(7,2)), cr_returned_date_sk (type: bigint)
                      outputColumnNames: _col0, _col1, _col2, _col3
                      Statistics: Num rows: 4235017358 Data size: 565097826784 Basic stats: COMPLETE Column stats: COMPLETE
                      Map Join Operator
                        condition map:
                             Inner Join 0 to 1
                        keys:
                          0 _col3 (type: bigint)
                          1 _col0 (type: bigint)
                        outputColumnNames: _col0, _col1, _col2
                        input vertices:
                          1 Map 7
                        Statistics: Num rows: 739053777 Data size: 83734349552 Basic stats: COMPLETE Column stats: COMPLETE
                        Map Join Operator
                          condition map:
                               Inner Join 0 to 1
                          keys:
                            0 _col1 (type: bigint)
                            1 _col0 (type: bigint)
                          outputColumnNames: _col0, _col2, _col6
                          input vertices:
                            1 Map 9
                          Statistics: Num rows: 739053777 Data size: 142054564750 Basic stats: COMPLETE Column stats: COMPLETE
                          Group By Operator
                            aggregations: sum(_col2)
                            keys: _col6 (type: char(2)), _col0 (type: bigint)
                            minReductionHashAggr: 0.86675507
                            mode: hash
                            outputColumnNames: _col0, _col1, _col2
                            Statistics: Num rows: 739053777 Data size: 151574886190 Basic stats: COMPLETE Column stats: COMPLETE
                            Reduce Output Operator
                              key expressions: _col0 (type: char(2)), _col1 (type: bigint)
                              null sort order: zz
                              sort order: ++
                              Map-reduce partition columns: _col0 (type: char(2)), _col1 (type: bigint)
                              Statistics: Num rows: 739053777 Data size: 151574886190 Basic stats: COMPLETE Column stats: COMPLETE
                              value expressions: _col2 (type: decimal(17,2))
                  Filter Operator
                    predicate: (cr_returning_addr_sk is not null and cr_returning_customer_sk is not null) (type: boolean)
                    Statistics: Num rows: 4151243373 Data size: 553919479016 Basic stats: COMPLETE Column stats: COMPLETE
                    Select Operator
                      expressions: cr_returning_customer_sk (type: bigint), cr_returning_addr_sk (type: bigint), cr_return_amt_inc_tax (type: decimal(7,2)), cr_returned_date_sk (type: bigint)
                      outputColumnNames: _col0, _col1, _col2, _col3
                      Statistics: Num rows: 4151243373 Data size: 553919479016 Basic stats: COMPLETE Column stats: COMPLETE
                      Map Join Operator
                        condition map:
                             Inner Join 0 to 1
                        keys:
                          0 _col3 (type: bigint)
                          1 _col0 (type: bigint)
                        outputColumnNames: _col0, _col1, _col2
                        input vertices:
                          1 Reducer 8
                        Statistics: Num rows: 724434361 Data size: 82077978496 Basic stats: COMPLETE Column stats: COMPLETE
                        Map Join Operator
                          condition map:
                               Inner Join 0 to 1
                          keys:
                            0 _col1 (type: bigint)
                            1 _col0 (type: bigint)
                          outputColumnNames: _col0, _col2, _col6
                          input vertices:
                            1 Reducer 10
                          Statistics: Num rows: 724434361 Data size: 139244546270 Basic stats: COMPLETE Column stats: COMPLETE
                          Group By Operator
                            aggregations: sum(_col2)
                            keys: _col0 (type: bigint), _col6 (type: char(2))
                            minReductionHashAggr: 0.8640661
                            mode: hash
                            outputColumnNames: _col0, _col1, _col2
                            Statistics: Num rows: 724434361 Data size: 148576543742 Basic stats: COMPLETE Column stats: COMPLETE
                            Reduce Output Operator
                              key expressions: _col0 (type: bigint), _col1 (type: char(2))
                              null sort order: zz
                              sort order: ++
                              Map-reduce partition columns: _col0 (type: bigint), _col1 (type: char(2))
                              Statistics: Num rows: 724434361 Data size: 148576543742 Basic stats: COMPLETE Column stats: COMPLETE
                              value expressions: _col2 (type: decimal(17,2))
            Execution mode: vectorized, llap
            LLAP IO: may be used (ACID table)
        Map 7 
            Map Operator Tree:
                TableScan
                  alias: date_dim
                  filterExpr: (d_year = 1998) (type: boolean)
                  Statistics: Num rows: 73049 Data size: 876588 Basic stats: COMPLETE Column stats: COMPLETE
                  Filter Operator
                    predicate: (d_year = 1998) (type: boolean)
                    Statistics: Num rows: 367 Data size: 4404 Basic stats: COMPLETE Column stats: COMPLETE
                    Select Operator
                      expressions: d_date_sk (type: bigint)
                      outputColumnNames: _col0
                      Statistics: Num rows: 367 Data size: 2936 Basic stats: COMPLETE Column stats: COMPLETE
                      Reduce Output Operator
                        key expressions: _col0 (type: bigint)
                        null sort order: z
                        sort order: +
                        Map-reduce partition columns: _col0 (type: bigint)
                        Statistics: Num rows: 367 Data size: 2936 Basic stats: COMPLETE Column stats: COMPLETE
                      Select Operator
                        expressions: _col0 (type: bigint)
                        outputColumnNames: _col0
                        Statistics: Num rows: 367 Data size: 2936 Basic stats: COMPLETE Column stats: COMPLETE
                        Group By Operator
                          keys: _col0 (type: bigint)
                          minReductionHashAggr: 0.4
                          mode: hash
                          outputColumnNames: _col0
                          Statistics: Num rows: 367 Data size: 2936 Basic stats: COMPLETE Column stats: COMPLETE
                          Dynamic Partitioning Event Operator
                            Target column: cr_returned_date_sk (bigint)
                            Target Input: catalog_returns
                            Partition key expr: cr_returned_date_sk
                            Statistics: Num rows: 367 Data size: 2936 Basic stats: COMPLETE Column stats: COMPLETE
                            Target Vertex: Map 2
                      Reduce Output Operator
                        key expressions: _col0 (type: bigint)
                        null sort order: z
                        sort order: +
                        Map-reduce partition columns: _col0 (type: bigint)
                        Statistics: Num rows: 367 Data size: 2936 Basic stats: COMPLETE Column stats: COMPLETE
            Execution mode: vectorized, llap
            LLAP IO: may be used (ACID table)
        Map 9 
            Map Operator Tree:
                TableScan
                  alias: customer_address
                  filterExpr: (ca_state is not null or (ca_state = 'IL')) (type: boolean)
                  Statistics: Num rows: 40000000 Data size: 3760000000 Basic stats: COMPLETE Column stats: COMPLETE
                  Filter Operator
                    predicate: ca_state is not null (type: boolean)
                    Statistics: Num rows: 40000000 Data size: 3760000000 Basic stats: COMPLETE Column stats: COMPLETE
                    Select Operator
                      expressions: ca_address_sk (type: bigint), ca_state (type: char(2))
                      outputColumnNames: _col0, _col1
                      Statistics: Num rows: 40000000 Data size: 3760000000 Basic stats: COMPLETE Column stats: COMPLETE
                      Reduce Output Operator
                        key expressions: _col0 (type: bigint)
                        null sort order: z
                        sort order: +
                        Map-reduce partition columns: _col0 (type: bigint)
                        Statistics: Num rows: 40000000 Data size: 3760000000 Basic stats: COMPLETE Column stats: COMPLETE
                        value expressions: _col1 (type: char(2))
                      Reduce Output Operator
                        key expressions: _col0 (type: bigint)
                        null sort order: z
                        sort order: +
                        Map-reduce partition columns: _col0 (type: bigint)
                        Statistics: Num rows: 40000000 Data size: 3760000000 Basic stats: COMPLETE Column stats: COMPLETE
                        value expressions: _col1 (type: char(2))
                  Filter Operator
                    predicate: (ca_state = 'IL') (type: boolean)
                    Statistics: Num rows: 754717 Data size: 778593839 Basic stats: COMPLETE Column stats: COMPLETE
                    Select Operator
                      expressions: ca_address_sk (type: bigint), ca_street_number (type: char(10)), ca_street_name (type: varchar(60)), ca_street_type (type: char(15)), ca_suite_number (type: char(10)), ca_city (type: varchar(60)), ca_county (type: varchar(30)), ca_zip (type: char(10)), ca_country (type: varchar(20)), ca_gmt_offset (type: decimal(5,2)), ca_location_type (type: char(20))
                      outputColumnNames: _col0, _col1, _col2, _col3, _col4, _col5, _col6, _col7, _col8, _col9, _col10
                      Statistics: Num rows: 754717 Data size: 713688177 Basic stats: COMPLETE Column stats: COMPLETE
                      Reduce Output Operator
                        key expressions: _col0 (type: bigint)
                        null sort order: z
                        sort order: +
                        Map-reduce partition columns: _col0 (type: bigint)
                        Statistics: Num rows: 754717 Data size: 713688177 Basic stats: COMPLETE Column stats: COMPLETE
                        value expressions: _col1 (type: char(10)), _col2 (type: varchar(60)), _col3 (type: char(15)), _col4 (type: char(10)), _col5 (type: varchar(60)), _col6 (type: varchar(30)), _col7 (type: char(10)), _col8 (type: varchar(20)), _col9 (type: decimal(5,2)), _col10 (type: char(20))
            Execution mode: vectorized, llap
            LLAP IO: may be used (ACID table)
        Reducer 10 
            Execution mode: vectorized, llap
            Reduce Operator Tree:
              Select Operator
                expressions: VALUE._col0 (type: char(2)), KEY.reducesinkkey0 (type: bigint)
                outputColumnNames: _col1, _col0
                Reduce Output Operator
                  key expressions: _col0 (type: bigint)
                  null sort order: z
                  sort order: +
                  Map-reduce partition columns: _col0 (type: bigint)
                  Statistics: Num rows: 40000000 Data size: 3760000000 Basic stats: COMPLETE Column stats: COMPLETE
                  value expressions: _col1 (type: char(2))
        Reducer 3 
            Execution mode: vectorized, llap
            Reduce Operator Tree:
              Group By Operator
                aggregations: sum(VALUE._col0)
                keys: KEY._col0 (type: char(2)), KEY._col1 (type: bigint)
                mode: mergepartial
                outputColumnNames: _col0, _col1, _col2
                Statistics: Num rows: 716910171 Data size: 147033383714 Basic stats: COMPLETE Column stats: COMPLETE
                Select Operator
                  expressions: _col0 (type: char(2)), _col2 (type: decimal(17,2))
                  outputColumnNames: _col0, _col2
                  Statistics: Num rows: 716910171 Data size: 147033383714 Basic stats: COMPLETE Column stats: COMPLETE
                  Group By Operator
                    aggregations: sum(_col2), count(_col2)
                    keys: _col0 (type: char(2))
                    minReductionHashAggr: 0.99
                    mode: hash
                    outputColumnNames: _col0, _col1, _col2
                    Statistics: Num rows: 30475 Data size: 6277850 Basic stats: COMPLETE Column stats: COMPLETE
                    Reduce Output Operator
                      key expressions: _col0 (type: char(2))
                      null sort order: z
                      sort order: +
                      Map-reduce partition columns: _col0 (type: char(2))
                      Statistics: Num rows: 30475 Data size: 6277850 Basic stats: COMPLETE Column stats: COMPLETE
                      value expressions: _col1 (type: decimal(27,2)), _col2 (type: bigint)
        Reducer 4 
            Execution mode: vectorized, llap
            Reduce Operator Tree:
              Group By Operator
                aggregations: sum(VALUE._col0), count(VALUE._col1)
                keys: KEY._col0 (type: char(2))
                mode: mergepartial
                outputColumnNames: _col0, _col1, _col2
                Statistics: Num rows: 53 Data size: 10918 Basic stats: COMPLETE Column stats: COMPLETE
                Filter Operator
                  predicate: CAST( (_col1 / _col2) AS decimal(21,6)) is not null (type: boolean)
                  Statistics: Num rows: 53 Data size: 10918 Basic stats: COMPLETE Column stats: COMPLETE
                  Select Operator
                    expressions: (CAST( (_col1 / _col2) AS decimal(21,6)) * 1.2) (type: decimal(24,7)), _col0 (type: char(2))
                    outputColumnNames: _col0, _col1
                    Statistics: Num rows: 53 Data size: 10494 Basic stats: COMPLETE Column stats: COMPLETE
                    Reduce Output Operator
                      key expressions: _col1 (type: char(2))
                      null sort order: z
                      sort order: +
                      Map-reduce partition columns: _col1 (type: char(2))
                      Statistics: Num rows: 53 Data size: 10494 Basic stats: COMPLETE Column stats: COMPLETE
                      value expressions: _col0 (type: decimal(24,7))
        Reducer 5 
            Execution mode: vectorized, llap
            Reduce Operator Tree:
              Group By Operator
                aggregations: sum(VALUE._col0)
                keys: KEY._col0 (type: bigint), KEY._col1 (type: char(2))
                mode: mergepartial
                outputColumnNames: _col0, _col1, _col2
                Statistics: Num rows: 716910171 Data size: 147033383722 Basic stats: COMPLETE Column stats: COMPLETE
                Filter Operator
                  predicate: _col2 is not null (type: boolean)
                  Statistics: Num rows: 716910171 Data size: 147033383722 Basic stats: COMPLETE Column stats: COMPLETE
                  Map Join Operator
                    condition map:
                         Inner Join 0 to 1
                    keys:
                      0 _col0 (type: bigint)
                      1 _col0 (type: bigint)
                    outputColumnNames: _col1, _col3, _col4, _col5, _col7, _col8, _col9, _col10, _col11, _col12, _col13, _col14, _col15, _col16, _col18, _col19
                    input vertices:
                      0 Map 1
                    Statistics: Num rows: 716910171 Data size: 1079664179270 Basic stats: COMPLETE Column stats: COMPLETE
                    Map Join Operator
                      condition map:
                           Inner Join 0 to 1
                      keys:
                        0 _col18 (type: char(2))
                        1 _col1 (type: char(2))
                      outputColumnNames: _col1, _col3, _col4, _col5, _col7, _col8, _col9, _col10, _col11, _col12, _col13, _col14, _col15, _col16, _col19, _col20
                      input vertices:
                        1 Reducer 4
                      Statistics: Num rows: 716910171 Data size: 1098303843716 Basic stats: COMPLETE Column stats: COMPLETE
                      Filter Operator
                        predicate: (_col19 > _col20) (type: boolean)
                        Statistics: Num rows: 238970057 Data size: 366101281276 Basic stats: COMPLETE Column stats: COMPLETE
                        Top N Key Operator
                          sort order: +++++++++++++++
                          keys: _col1 (type: char(16)), _col3 (type: char(10)), _col4 (type: char(20)), _col5 (type: char(30)), _col7 (type: char(10)), _col8 (type: varchar(60)), _col9 (type: char(15)), _col10 (type: char(10)), _col11 (type: varchar(60)), _col12 (type: varchar(30)), _col13 (type: char(10)), _col14 (type: varchar(20)), _col15 (type: decimal(5,2)), _col16 (type: char(20)), _col19 (type: decimal(17,2))
                          null sort order: zzzzzzzzzzzzzzz
                          Statistics: Num rows: 238970057 Data size: 366101281276 Basic stats: COMPLETE Column stats: COMPLETE
                          top n: 100
                          Select Operator
                            expressions: _col1 (type: char(16)), _col3 (type: char(10)), _col4 (type: char(20)), _col5 (type: char(30)), _col7 (type: char(10)), _col8 (type: varchar(60)), _col9 (type: char(15)), _col10 (type: char(10)), _col11 (type: varchar(60)), _col12 (type: varchar(30)), _col13 (type: char(10)), _col14 (type: varchar(20)), _col15 (type: decimal(5,2)), _col16 (type: char(20)), _col19 (type: decimal(17,2))
                            outputColumnNames: _col0, _col1, _col2, _col3, _col4, _col5, _col6, _col7, _col8, _col9, _col10, _col11, _col12, _col13, _col14
                            Statistics: Num rows: 238970057 Data size: 339335788732 Basic stats: COMPLETE Column stats: COMPLETE
                            Reduce Output Operator
                              key expressions: _col0 (type: char(16)), _col1 (type: char(10)), _col2 (type: char(20)), _col3 (type: char(30)), _col4 (type: char(10)), _col5 (type: varchar(60)), _col6 (type: char(15)), _col7 (type: char(10)), _col8 (type: varchar(60)), _col9 (type: varchar(30)), _col10 (type: char(10)), _col11 (type: varchar(20)), _col12 (type: decimal(5,2)), _col13 (type: char(20)), _col14 (type: decimal(17,2))
                              null sort order: zzzzzzzzzzzzzzz
                              sort order: +++++++++++++++
                              Statistics: Num rows: 238970057 Data size: 339335788732 Basic stats: COMPLETE Column stats: COMPLETE
        Reducer 6 
            Execution mode: vectorized, llap
            Reduce Operator Tree:
              Select Operator
                expressions: KEY.reducesinkkey0 (type: char(16)), KEY.reducesinkkey1 (type: char(10)), KEY.reducesinkkey2 (type: char(20)), KEY.reducesinkkey3 (type: char(30)), KEY.reducesinkkey4 (type: char(10)), KEY.reducesinkkey5 (type: varchar(60)), KEY.reducesinkkey6 (type: char(15)), KEY.reducesinkkey7 (type: char(10)), KEY.reducesinkkey8 (type: varchar(60)), KEY.reducesinkkey9 (type: varchar(30)), KEY.reducesinkkey10 (type: char(10)), KEY.reducesinkkey11 (type: varchar(20)), KEY.reducesinkkey12 (type: decimal(5,2)), KEY.reducesinkkey13 (type: char(20)), KEY.reducesinkkey14 (type: decimal(17,2))
                outputColumnNames: _col0, _col1, _col2, _col3, _col4, _col5, _col6, _col7, _col8, _col9, _col10, _col11, _col12, _col13, _col14
                Statistics: Num rows: 238970057 Data size: 339335788732 Basic stats: COMPLETE Column stats: COMPLETE
                Limit
                  Number of rows: 100
                  Statistics: Num rows: 100 Data size: 142000 Basic stats: COMPLETE Column stats: COMPLETE
                  Select Operator
                    expressions: _col0 (type: char(16)), _col1 (type: char(10)), _col2 (type: char(20)), _col3 (type: char(30)), _col4 (type: char(10)), _col5 (type: varchar(60)), _col6 (type: char(15)), _col7 (type: char(10)), _col8 (type: varchar(60)), _col9 (type: varchar(30)), 'IL' (type: char(2)), _col10 (type: char(10)), _col11 (type: varchar(20)), _col12 (type: decimal(5,2)), _col13 (type: char(20)), _col14 (type: decimal(17,2))
                    outputColumnNames: _col0, _col1, _col2, _col3, _col4, _col5, _col6, _col7, _col8, _col9, _col10, _col11, _col12, _col13, _col14, _col15
                    Statistics: Num rows: 100 Data size: 150600 Basic stats: COMPLETE Column stats: COMPLETE
                    File Output Operator
                      compressed: false
                      Statistics: Num rows: 100 Data size: 150600 Basic stats: COMPLETE Column stats: COMPLETE
                      table:
                          input format: org.apache.hadoop.mapred.SequenceFileInputFormat
                          output format: org.apache.hadoop.hive.ql.io.HiveSequenceFileOutputFormat
                          serde: org.apache.hadoop.hive.serde2.lazy.LazySimpleSerDe
        Reducer 8 
            Execution mode: vectorized, llap
            Reduce Operator Tree:
              Select Operator
                expressions: KEY.reducesinkkey0 (type: bigint)
                outputColumnNames: _col0
                Reduce Output Operator
                  key expressions: _col0 (type: bigint)
                  null sort order: z
                  sort order: +
                  Map-reduce partition columns: _col0 (type: bigint)
                  Statistics: Num rows: 367 Data size: 2936 Basic stats: COMPLETE Column stats: COMPLETE

  Stage: Stage-0
    Fetch Operator
      limit: -1
      Processor Tree:
        ListSink

