STAGE DEPENDENCIES:
  Stage-1 is a root stage
  Stage-0 depends on stages: Stage-1

STAGE PLANS:
  Stage: Stage-1
    Tez
#### A masked pattern was here ####
      Edges:
        Map 1 <- Map 4 (BROADCAST_EDGE), Map 5 (BROADCAST_EDGE), Map 6 (BROADCAST_EDGE)
        Reducer 2 <- Map 1 (SIMPLE_EDGE)
        Reducer 3 <- Reducer 2 (SIMPLE_EDGE)
#### A masked pattern was here ####
      Vertices:
        Map 1 
            Map Operator Tree:
                TableScan
                  alias: inventory
                  probeDecodeDetails: cacheKey:HASH_MAP_MAPJOIN_74_container, bigKeyColName:inv_item_sk, smallTablePos:1, keyRatio:3.685827440616713E-9
                  Statistics: Num rows: 1627857000 Data size: 45254407088 Basic stats: COMPLETE Column stats: COMPLETE
                  Select Operator
                    expressions: inv_date_sk (type: bigint), inv_item_sk (type: bigint), inv_warehouse_sk (type: bigint), inv_quantity_on_hand (type: int)
                    outputColumnNames: _col0, _col1, _col2, _col3
                    Statistics: Num rows: 1627857000 Data size: 45254407088 Basic stats: COMPLETE Column stats: COMPLETE
                    Map Join Operator
                      condition map:
                           Inner Join 0 to 1
                      keys:
                        0 _col1 (type: bigint)
                        1 _col0 (type: bigint)
                      outputColumnNames: _col0, _col2, _col3, _col5
                      input vertices:
                        1 Map 4
                      Statistics: Num rows: 32557140 Data size: 3776628244 Basic stats: COMPLETE Column stats: COMPLETE
                      Map Join Operator
                        condition map:
                             Inner Join 0 to 1
                        keys:
                          0 _col0 (type: bigint)
                          1 _col0 (type: bigint)
                        outputColumnNames: _col2, _col3, _col5, _col7, _col8
                        input vertices:
                          1 Map 5
                        Statistics: Num rows: 3617213 Data size: 419596712 Basic stats: COMPLETE Column stats: COMPLETE
                        Map Join Operator
                          condition map:
                               Inner Join 0 to 1
                          keys:
                            0 _col2 (type: bigint)
                            1 _col0 (type: bigint)
                          outputColumnNames: _col3, _col5, _col7, _col8, _col10
                          input vertices:
                            1 Map 6
                          Statistics: Num rows: 3617213 Data size: 752380308 Basic stats: COMPLETE Column stats: COMPLETE
                          Select Operator
                            expressions: _col10 (type: varchar(20)), _col5 (type: string), CASE WHEN (_col7) THEN (_col3) ELSE (0) END (type: int), CASE WHEN (_col8) THEN (_col3) ELSE (0) END (type: int)
                            outputColumnNames: _col0, _col1, _col2, _col3
                            Statistics: Num rows: 3617213 Data size: 752380308 Basic stats: COMPLETE Column stats: COMPLETE
                            Group By Operator
                              aggregations: sum(_col2), sum(_col3)
                              keys: _col0 (type: varchar(20)), _col1 (type: string)
                              minReductionHashAggr: 0.99
                              mode: hash
                              outputColumnNames: _col0, _col1, _col2, _col3
                              Statistics: Num rows: 83187 Data size: 17968392 Basic stats: COMPLETE Column stats: COMPLETE
                              Reduce Output Operator
                                key expressions: _col0 (type: varchar(20)), _col1 (type: string)
                                null sort order: zz
                                sort order: ++
                                Map-reduce partition columns: _col0 (type: varchar(20)), _col1 (type: string)
                                Statistics: Num rows: 83187 Data size: 17968392 Basic stats: COMPLETE Column stats: COMPLETE
                                value expressions: _col2 (type: bigint), _col3 (type: bigint)
            Execution mode: vectorized, llap
            LLAP IO: may be used (ACID table)
        Map 4 
            Map Operator Tree:
                TableScan
                  alias: item
                  filterExpr: i_current_price BETWEEN 0.99 AND 1.49 (type: boolean)
                  Statistics: Num rows: 462000 Data size: 101509408 Basic stats: COMPLETE Column stats: COMPLETE
                  Filter Operator
                    predicate: i_current_price BETWEEN 0.99 AND 1.49 (type: boolean)
                    Statistics: Num rows: 9240 Data size: 2030336 Basic stats: COMPLETE Column stats: COMPLETE
                    Select Operator
                      expressions: i_item_sk (type: bigint), i_item_id (type: string)
                      outputColumnNames: _col0, _col1
                      Statistics: Num rows: 9240 Data size: 997920 Basic stats: COMPLETE Column stats: COMPLETE
                      Reduce Output Operator
                        key expressions: _col0 (type: bigint)
                        null sort order: z
                        sort order: +
                        Map-reduce partition columns: _col0 (type: bigint)
                        Statistics: Num rows: 9240 Data size: 997920 Basic stats: COMPLETE Column stats: COMPLETE
                        value expressions: _col1 (type: string)
            Execution mode: vectorized, llap
            LLAP IO: may be used (ACID table)
        Map 5 
            Map Operator Tree:
                TableScan
                  alias: date_dim
                  filterExpr: CAST( d_date AS TIMESTAMP) BETWEEN TIMESTAMP'1998-03-09 00:00:00' AND TIMESTAMP'1998-05-08 00:00:00' (type: boolean)
                  Statistics: Num rows: 73049 Data size: 4675136 Basic stats: COMPLETE Column stats: COMPLETE
                  Filter Operator
                    predicate: CAST( d_date AS TIMESTAMP) BETWEEN TIMESTAMP'1998-03-09 00:00:00' AND TIMESTAMP'1998-05-08 00:00:00' (type: boolean)
                    Statistics: Num rows: 8116 Data size: 519424 Basic stats: COMPLETE Column stats: COMPLETE
                    Select Operator
                      expressions: d_date_sk (type: bigint), (d_date < DATE'1998-04-08') (type: boolean), (d_date >= DATE'1998-04-08') (type: boolean)
                      outputColumnNames: _col0, _col1, _col2
                      Statistics: Num rows: 8116 Data size: 129856 Basic stats: COMPLETE Column stats: COMPLETE
                      Reduce Output Operator
                        key expressions: _col0 (type: bigint)
                        null sort order: z
                        sort order: +
                        Map-reduce partition columns: _col0 (type: bigint)
                        Statistics: Num rows: 8116 Data size: 129856 Basic stats: COMPLETE Column stats: COMPLETE
                        value expressions: _col1 (type: boolean), _col2 (type: boolean)
            Execution mode: vectorized, llap
            LLAP IO: may be used (ACID table)
        Map 6 
            Map Operator Tree:
                TableScan
                  alias: warehouse
                  Statistics: Num rows: 27 Data size: 2916 Basic stats: COMPLETE Column stats: COMPLETE
                  Select Operator
                    expressions: w_warehouse_sk (type: bigint), w_warehouse_name (type: varchar(20))
                    outputColumnNames: _col0, _col1
                    Statistics: Num rows: 27 Data size: 2916 Basic stats: COMPLETE Column stats: COMPLETE
                    Reduce Output Operator
                      key expressions: _col0 (type: bigint)
                      null sort order: z
                      sort order: +
                      Map-reduce partition columns: _col0 (type: bigint)
                      Statistics: Num rows: 27 Data size: 2916 Basic stats: COMPLETE Column stats: COMPLETE
                      value expressions: _col1 (type: varchar(20))
            Execution mode: vectorized, llap
            LLAP IO: may be used (ACID table)
        Reducer 2 
            Execution mode: vectorized, llap
            Reduce Operator Tree:
              Group By Operator
                aggregations: sum(VALUE._col0), sum(VALUE._col1)
                keys: KEY._col0 (type: varchar(20)), KEY._col1 (type: string)
                mode: mergepartial
                outputColumnNames: _col0, _col1, _col2, _col3
                Statistics: Num rows: 27729 Data size: 5989464 Basic stats: COMPLETE Column stats: COMPLETE
                Filter Operator
                  predicate: (CASE WHEN ((_col2 > 0L)) THEN ((0.666667D <= (UDFToDouble(_col3) / UDFToDouble(_col2)))) ELSE (false) END and CASE WHEN ((_col2 > 0L)) THEN (((UDFToDouble(_col3) / UDFToDouble(_col2)) <= 1.5D)) ELSE (false) END) (type: boolean)
                  Statistics: Num rows: 6932 Data size: 1497312 Basic stats: COMPLETE Column stats: COMPLETE
                  Top N Key Operator
                    sort order: ++
                    keys: _col0 (type: varchar(20)), _col1 (type: string)
                    null sort order: zz
                    Statistics: Num rows: 6932 Data size: 1497312 Basic stats: COMPLETE Column stats: COMPLETE
                    top n: 100
                    Reduce Output Operator
                      key expressions: _col0 (type: varchar(20)), _col1 (type: string)
                      null sort order: zz
                      sort order: ++
                      Statistics: Num rows: 6932 Data size: 1497312 Basic stats: COMPLETE Column stats: COMPLETE
                      value expressions: _col2 (type: bigint), _col3 (type: bigint)
        Reducer 3 
            Execution mode: vectorized, llap
            Reduce Operator Tree:
              Select Operator
                expressions: KEY.reducesinkkey0 (type: varchar(20)), KEY.reducesinkkey1 (type: string), VALUE._col0 (type: bigint), VALUE._col1 (type: bigint)
                outputColumnNames: _col0, _col1, _col2, _col3
                Statistics: Num rows: 6932 Data size: 1497312 Basic stats: COMPLETE Column stats: COMPLETE
                Limit
                  Number of rows: 100
                  Statistics: Num rows: 100 Data size: 21600 Basic stats: COMPLETE Column stats: COMPLETE
                  File Output Operator
                    compressed: false
                    Statistics: Num rows: 100 Data size: 21600 Basic stats: COMPLETE Column stats: COMPLETE
                    table:
                        input format: org.apache.hadoop.mapred.SequenceFileInputFormat
                        output format: org.apache.hadoop.hive.ql.io.HiveSequenceFileOutputFormat
                        serde: org.apache.hadoop.hive.serde2.lazy.LazySimpleSerDe

  Stage: Stage-0
    Fetch Operator
      limit: 100
      Processor Tree:
        ListSink

