STAGE DEPENDENCIES:
  Stage-1 is a root stage
  Stage-0 depends on stages: Stage-1

STAGE PLANS:
  Stage: Stage-1
    Tez
#### A masked pattern was here ####
      Edges:
        Map 1 <- Map 11 (BROADCAST_EDGE), Map 12 (BROADCAST_EDGE), Map 6 (BROADCAST_EDGE)
        Map 12 <- Reducer 8 (BROADCAST_EDGE)
        Map 13 <- Map 11 (BROADCAST_EDGE), Map 12 (BROADCAST_EDGE), Map 6 (BROADCAST_EDGE)
        Map 9 <- Map 11 (BROADCAST_EDGE), Map 12 (BROADCAST_EDGE), Map 6 (BROADCAST_EDGE)
        Reducer 10 <- Map 9 (SIMPLE_EDGE), Union 3 (CONTAINS)
        Reducer 14 <- Map 13 (SIMPLE_EDGE), Union 3 (CONTAINS)
        Reducer 2 <- Map 1 (SIMPLE_EDGE), Union 3 (CONTAINS)
        Reducer 4 <- Union 3 (SIMPLE_EDGE)
        Reducer 5 <- Reducer 4 (SIMPLE_EDGE)
        Reducer 8 <- Map 7 (SIMPLE_EDGE)
#### A masked pattern was here ####
      Vertices:
        Map 1 
            Map Operator Tree:
                TableScan
                  alias: store_sales
                  filterExpr: ss_addr_sk is not null (type: boolean)
                  probeDecodeDetails: cacheKey:HASH_MAP_MAPJOIN_276_container, bigKeyColName:ss_addr_sk, smallTablePos:1, keyRatio:1.5949411774215885E-8
                  Statistics: Num rows: 82510879939 Data size: 10987909046272 Basic stats: COMPLETE Column stats: COMPLETE
                  Filter Operator
                    predicate: ss_addr_sk is not null (type: boolean)
                    Statistics: Num rows: 80564040039 Data size: 10728649906576 Basic stats: COMPLETE Column stats: COMPLETE
                    Select Operator
                      expressions: ss_item_sk (type: bigint), ss_addr_sk (type: bigint), ss_ext_sales_price (type: decimal(7,2)), ss_sold_date_sk (type: bigint)
                      outputColumnNames: _col0, _col1, _col2, _col3
                      Statistics: Num rows: 80564040039 Data size: 10728649906576 Basic stats: COMPLETE Column stats: COMPLETE
                      Map Join Operator
                        condition map:
                             Inner Join 0 to 1
                        keys:
                          0 _col3 (type: bigint)
                          1 _col0 (type: bigint)
                        outputColumnNames: _col0, _col1, _col2
                        input vertices:
                          1 Map 6
                        Statistics: Num rows: 1367716804 Data size: 10941734552 Basic stats: COMPLETE Column stats: COMPLETE
                        Map Join Operator
                          condition map:
                               Inner Join 0 to 1
                          keys:
                            0 _col1 (type: bigint)
                            1 _col0 (type: bigint)
                          outputColumnNames: _col0, _col2
                          input vertices:
                            1 Map 11
                          Statistics: Num rows: 227952808 Data size: 1823622576 Basic stats: COMPLETE Column stats: COMPLETE
                          Map Join Operator
                            condition map:
                                 Inner Join 0 to 1
                            keys:
                              0 _col0 (type: bigint)
                              1 _col0 (type: bigint)
                            outputColumnNames: _col2, _col7
                            input vertices:
                              1 Map 12
                            Statistics: Num rows: 20722984 Data size: 2072298512 Basic stats: COMPLETE Column stats: COMPLETE
                            Group By Operator
                              aggregations: sum(_col2)
                              keys: _col7 (type: string)
                              minReductionHashAggr: 0.99
                              mode: hash
                              outputColumnNames: _col0, _col1
                              Statistics: Num rows: 64143 Data size: 13598316 Basic stats: COMPLETE Column stats: COMPLETE
                              Reduce Output Operator
                                key expressions: _col0 (type: string)
                                null sort order: z
                                sort order: +
                                Map-reduce partition columns: _col0 (type: string)
                                Statistics: Num rows: 64143 Data size: 13598316 Basic stats: COMPLETE Column stats: COMPLETE
                                value expressions: _col1 (type: decimal(17,2))
            Execution mode: vectorized, llap
            LLAP IO: may be used (ACID table)
        Map 11 
            Map Operator Tree:
                TableScan
                  alias: customer_address
                  filterExpr: (ca_gmt_offset = -6) (type: boolean)
                  Statistics: Num rows: 40000000 Data size: 4665468064 Basic stats: COMPLETE Column stats: COMPLETE
                  Filter Operator
                    predicate: (ca_gmt_offset = -6) (type: boolean)
                    Statistics: Num rows: 6666667 Data size: 777578088 Basic stats: COMPLETE Column stats: COMPLETE
                    Select Operator
                      expressions: ca_address_sk (type: bigint)
                      outputColumnNames: _col0
                      Statistics: Num rows: 6666667 Data size: 53333336 Basic stats: COMPLETE Column stats: COMPLETE
                      Reduce Output Operator
                        key expressions: _col0 (type: bigint)
                        null sort order: z
                        sort order: +
                        Map-reduce partition columns: _col0 (type: bigint)
                        Statistics: Num rows: 6666667 Data size: 53333336 Basic stats: COMPLETE Column stats: COMPLETE
                      Reduce Output Operator
                        key expressions: _col0 (type: bigint)
                        null sort order: z
                        sort order: +
                        Map-reduce partition columns: _col0 (type: bigint)
                        Statistics: Num rows: 6666667 Data size: 53333336 Basic stats: COMPLETE Column stats: COMPLETE
                      Reduce Output Operator
                        key expressions: _col0 (type: bigint)
                        null sort order: z
                        sort order: +
                        Map-reduce partition columns: _col0 (type: bigint)
                        Statistics: Num rows: 6666667 Data size: 53333336 Basic stats: COMPLETE Column stats: COMPLETE
            Execution mode: vectorized, llap
            LLAP IO: may be used (ACID table)
        Map 12 
            Map Operator Tree:
                TableScan
                  alias: item
                  Statistics: Num rows: 462000 Data size: 49896000 Basic stats: COMPLETE Column stats: COMPLETE
                  Select Operator
                    expressions: i_item_sk (type: bigint), i_item_id (type: string)
                    outputColumnNames: _col0, _col1
                    Statistics: Num rows: 462000 Data size: 49896000 Basic stats: COMPLETE Column stats: COMPLETE
                    Map Join Operator
                      condition map:
                           Inner Join 0 to 1
                      keys:
                        0 _col1 (type: string)
                        1 _col0 (type: string)
                      outputColumnNames: _col0, _col1
                      input vertices:
                        1 Reducer 8
                      Statistics: Num rows: 78392 Data size: 8466336 Basic stats: COMPLETE Column stats: COMPLETE
                      Reduce Output Operator
                        key expressions: _col0 (type: bigint)
                        null sort order: z
                        sort order: +
                        Map-reduce partition columns: _col0 (type: bigint)
                        Statistics: Num rows: 78392 Data size: 8466336 Basic stats: COMPLETE Column stats: COMPLETE
                        value expressions: _col1 (type: string)
                      Reduce Output Operator
                        key expressions: _col0 (type: bigint)
                        null sort order: z
                        sort order: +
                        Map-reduce partition columns: _col0 (type: bigint)
                        Statistics: Num rows: 78392 Data size: 8466336 Basic stats: COMPLETE Column stats: COMPLETE
                        value expressions: _col1 (type: string)
                      Reduce Output Operator
                        key expressions: _col0 (type: bigint)
                        null sort order: z
                        sort order: +
                        Map-reduce partition columns: _col0 (type: bigint)
                        Statistics: Num rows: 78392 Data size: 8466336 Basic stats: COMPLETE Column stats: COMPLETE
                        value expressions: _col1 (type: string)
            Execution mode: vectorized, llap
            LLAP IO: may be used (ACID table)
        Map 13 
            Map Operator Tree:
                TableScan
                  alias: web_sales
                  filterExpr: ws_bill_addr_sk is not null (type: boolean)
                  probeDecodeDetails: cacheKey:HASH_MAP_MAPJOIN_282_container, bigKeyColName:ws_bill_addr_sk, smallTablePos:1, keyRatio:6.09410527196747E-8
                  Statistics: Num rows: 21594638446 Data size: 2936546611376 Basic stats: COMPLETE Column stats: COMPLETE
                  Filter Operator
                    predicate: ws_bill_addr_sk is not null (type: boolean)
                    Statistics: Num rows: 21591937227 Data size: 2936179286152 Basic stats: COMPLETE Column stats: COMPLETE
                    Select Operator
                      expressions: ws_item_sk (type: bigint), ws_bill_addr_sk (type: bigint), ws_ext_sales_price (type: decimal(7,2)), ws_sold_date_sk (type: bigint)
                      outputColumnNames: _col0, _col1, _col2, _col3
                      Statistics: Num rows: 21591937227 Data size: 2936179286152 Basic stats: COMPLETE Column stats: COMPLETE
                      Map Join Operator
                        condition map:
                             Inner Join 0 to 1
                        keys:
                          0 _col3 (type: bigint)
                          1 _col0 (type: bigint)
                        outputColumnNames: _col0, _col1, _col2
                        input vertices:
                          1 Map 6
                        Statistics: Num rows: 366561252 Data size: 46595663536 Basic stats: COMPLETE Column stats: COMPLETE
                        Map Join Operator
                          condition map:
                               Inner Join 0 to 1
                          keys:
                            0 _col1 (type: bigint)
                            1 _col0 (type: bigint)
                          outputColumnNames: _col0, _col2
                          input vertices:
                            1 Map 11
                          Statistics: Num rows: 61093544 Data size: 7028655600 Basic stats: COMPLETE Column stats: COMPLETE
                          Map Join Operator
                            condition map:
                                 Inner Join 0 to 1
                            keys:
                              0 _col0 (type: bigint)
                              1 _col0 (type: bigint)
                            outputColumnNames: _col2, _col7
                            input vertices:
                              1 Map 12
                            Statistics: Num rows: 5553959 Data size: 874869628 Basic stats: COMPLETE Column stats: COMPLETE
                            Group By Operator
                              aggregations: sum(_col2)
                              keys: _col7 (type: string)
                              minReductionHashAggr: 0.99
                              mode: hash
                              outputColumnNames: _col0, _col1
                              Statistics: Num rows: 28508 Data size: 6043696 Basic stats: COMPLETE Column stats: COMPLETE
                              Reduce Output Operator
                                key expressions: _col0 (type: string)
                                null sort order: z
                                sort order: +
                                Map-reduce partition columns: _col0 (type: string)
                                Statistics: Num rows: 28508 Data size: 6043696 Basic stats: COMPLETE Column stats: COMPLETE
                                value expressions: _col1 (type: decimal(17,2))
            Execution mode: vectorized, llap
            LLAP IO: may be used (ACID table)
        Map 6 
            Map Operator Tree:
                TableScan
                  alias: date_dim
                  filterExpr: ((d_year = 1999) and (d_moy = 9)) (type: boolean)
                  Statistics: Num rows: 73049 Data size: 1168784 Basic stats: COMPLETE Column stats: COMPLETE
                  Filter Operator
                    predicate: ((d_year = 1999) and (d_moy = 9)) (type: boolean)
                    Statistics: Num rows: 31 Data size: 496 Basic stats: COMPLETE Column stats: COMPLETE
                    Select Operator
                      expressions: d_date_sk (type: bigint)
                      outputColumnNames: _col0
                      Statistics: Num rows: 31 Data size: 248 Basic stats: COMPLETE Column stats: COMPLETE
                      Reduce Output Operator
                        key expressions: _col0 (type: bigint)
                        null sort order: z
                        sort order: +
                        Map-reduce partition columns: _col0 (type: bigint)
                        Statistics: Num rows: 31 Data size: 248 Basic stats: COMPLETE Column stats: COMPLETE
                      Select Operator
                        expressions: _col0 (type: bigint)
                        outputColumnNames: _col0
                        Statistics: Num rows: 31 Data size: 248 Basic stats: COMPLETE Column stats: COMPLETE
                        Group By Operator
                          keys: _col0 (type: bigint)
                          minReductionHashAggr: 0.4
                          mode: hash
                          outputColumnNames: _col0
                          Statistics: Num rows: 31 Data size: 248 Basic stats: COMPLETE Column stats: COMPLETE
                          Dynamic Partitioning Event Operator
                            Target column: ss_sold_date_sk (bigint)
                            Target Input: store_sales
                            Partition key expr: ss_sold_date_sk
                            Statistics: Num rows: 31 Data size: 248 Basic stats: COMPLETE Column stats: COMPLETE
                            Target Vertex: Map 1
                      Reduce Output Operator
                        key expressions: _col0 (type: bigint)
                        null sort order: z
                        sort order: +
                        Map-reduce partition columns: _col0 (type: bigint)
                        Statistics: Num rows: 31 Data size: 248 Basic stats: COMPLETE Column stats: COMPLETE
                      Select Operator
                        expressions: _col0 (type: bigint)
                        outputColumnNames: _col0
                        Statistics: Num rows: 31 Data size: 248 Basic stats: COMPLETE Column stats: COMPLETE
                        Group By Operator
                          keys: _col0 (type: bigint)
                          minReductionHashAggr: 0.4
                          mode: hash
                          outputColumnNames: _col0
                          Statistics: Num rows: 31 Data size: 248 Basic stats: COMPLETE Column stats: COMPLETE
                          Dynamic Partitioning Event Operator
                            Target column: ws_sold_date_sk (bigint)
                            Target Input: web_sales
                            Partition key expr: ws_sold_date_sk
                            Statistics: Num rows: 31 Data size: 248 Basic stats: COMPLETE Column stats: COMPLETE
                            Target Vertex: Map 13
                      Reduce Output Operator
                        key expressions: _col0 (type: bigint)
                        null sort order: z
                        sort order: +
                        Map-reduce partition columns: _col0 (type: bigint)
                        Statistics: Num rows: 31 Data size: 248 Basic stats: COMPLETE Column stats: COMPLETE
                      Select Operator
                        expressions: _col0 (type: bigint)
                        outputColumnNames: _col0
                        Statistics: Num rows: 31 Data size: 248 Basic stats: COMPLETE Column stats: COMPLETE
                        Group By Operator
                          keys: _col0 (type: bigint)
                          minReductionHashAggr: 0.4
                          mode: hash
                          outputColumnNames: _col0
                          Statistics: Num rows: 31 Data size: 248 Basic stats: COMPLETE Column stats: COMPLETE
                          Dynamic Partitioning Event Operator
                            Target column: cs_sold_date_sk (bigint)
                            Target Input: catalog_sales
                            Partition key expr: cs_sold_date_sk
                            Statistics: Num rows: 31 Data size: 248 Basic stats: COMPLETE Column stats: COMPLETE
                            Target Vertex: Map 9
            Execution mode: vectorized, llap
            LLAP IO: may be used (ACID table)
        Map 7 
            Map Operator Tree:
                TableScan
                  alias: item
                  filterExpr: (i_category = 'Children                                          ') (type: boolean)
                  Statistics: Num rows: 462000 Data size: 87780000 Basic stats: COMPLETE Column stats: COMPLETE
                  Filter Operator
                    predicate: (i_category = 'Children                                          ') (type: boolean)
                    Statistics: Num rows: 42000 Data size: 7980000 Basic stats: COMPLETE Column stats: COMPLETE
                    Select Operator
                      expressions: i_item_id (type: string)
                      outputColumnNames: i_item_id
                      Statistics: Num rows: 42000 Data size: 7980000 Basic stats: COMPLETE Column stats: COMPLETE
                      Group By Operator
                        keys: i_item_id (type: string)
                        minReductionHashAggr: 0.4
                        mode: hash
                        outputColumnNames: _col0
                        Statistics: Num rows: 42000 Data size: 4200000 Basic stats: COMPLETE Column stats: COMPLETE
                        Reduce Output Operator
                          key expressions: _col0 (type: string)
                          null sort order: z
                          sort order: +
                          Map-reduce partition columns: _col0 (type: string)
                          Statistics: Num rows: 42000 Data size: 4200000 Basic stats: COMPLETE Column stats: COMPLETE
            Execution mode: vectorized, llap
            LLAP IO: may be used (ACID table)
        Map 9 
            Map Operator Tree:
                TableScan
                  alias: catalog_sales
                  filterExpr: cs_bill_addr_sk is not null (type: boolean)
                  probeDecodeDetails: cacheKey:HASH_MAP_MAPJOIN_285_container, bigKeyColName:cs_item_sk, smallTablePos:1, keyRatio:2.547706830281661E-4
                  Statistics: Num rows: 43005109025 Data size: 5835793041376 Basic stats: COMPLETE Column stats: COMPLETE
                  Filter Operator
                    predicate: cs_bill_addr_sk is not null (type: boolean)
                    Statistics: Num rows: 42898229145 Data size: 5821289442328 Basic stats: COMPLETE Column stats: COMPLETE
                    Select Operator
                      expressions: cs_bill_addr_sk (type: bigint), cs_item_sk (type: bigint), cs_ext_sales_price (type: decimal(7,2)), cs_sold_date_sk (type: bigint)
                      outputColumnNames: _col0, _col1, _col2, _col3
                      Statistics: Num rows: 42898229145 Data size: 5821289442328 Basic stats: COMPLETE Column stats: COMPLETE
                      Map Join Operator
                        condition map:
                             Inner Join 0 to 1
                        keys:
                          0 _col3 (type: bigint)
                          1 _col0 (type: bigint)
                        outputColumnNames: _col0, _col1, _col2
                        input vertices:
                          1 Map 6
                        Statistics: Num rows: 723125004 Data size: 79690279120 Basic stats: COMPLETE Column stats: COMPLETE
                        Map Join Operator
                          condition map:
                               Inner Join 0 to 1
                          keys:
                            0 _col0 (type: bigint)
                            1 _col0 (type: bigint)
                          outputColumnNames: _col1, _col2
                          input vertices:
                            1 Map 11
                          Statistics: Num rows: 120520838 Data size: 2445693184 Basic stats: COMPLETE Column stats: COMPLETE
                          Map Join Operator
                            condition map:
                                 Inner Join 0 to 1
                            keys:
                              0 _col1 (type: bigint)
                              1 _col0 (type: bigint)
                            outputColumnNames: _col2, _col7
                            input vertices:
                              1 Map 12
                            Statistics: Num rows: 10956441 Data size: 1095644212 Basic stats: COMPLETE Column stats: COMPLETE
                            Group By Operator
                              aggregations: sum(_col2)
                              keys: _col7 (type: string)
                              minReductionHashAggr: 0.99
                              mode: hash
                              outputColumnNames: _col0, _col1
                              Statistics: Num rows: 35635 Data size: 7554620 Basic stats: COMPLETE Column stats: COMPLETE
                              Reduce Output Operator
                                key expressions: _col0 (type: string)
                                null sort order: z
                                sort order: +
                                Map-reduce partition columns: _col0 (type: string)
                                Statistics: Num rows: 35635 Data size: 7554620 Basic stats: COMPLETE Column stats: COMPLETE
                                value expressions: _col1 (type: decimal(17,2))
            Execution mode: vectorized, llap
            LLAP IO: may be used (ACID table)
        Reducer 10 
            Execution mode: vectorized, llap
            Reduce Operator Tree:
              Group By Operator
                aggregations: sum(VALUE._col0)
                keys: KEY._col0 (type: string)
                mode: mergepartial
                outputColumnNames: _col0, _col1
                Statistics: Num rows: 7127 Data size: 1510924 Basic stats: COMPLETE Column stats: COMPLETE
                Top N Key Operator
                  sort order: +
                  keys: _col0 (type: string)
                  null sort order: z
                  Statistics: Num rows: 21381 Data size: 4532772 Basic stats: COMPLETE Column stats: COMPLETE
                  top n: 100
                  Group By Operator
                    aggregations: sum(_col1)
                    keys: _col0 (type: string)
                    minReductionHashAggr: 0.6666666
                    mode: hash
                    outputColumnNames: _col0, _col1
                    Statistics: Num rows: 7127 Data size: 1510924 Basic stats: COMPLETE Column stats: COMPLETE
                    Reduce Output Operator
                      key expressions: _col0 (type: string)
                      null sort order: z
                      sort order: +
                      Map-reduce partition columns: _col0 (type: string)
                      Statistics: Num rows: 7127 Data size: 1510924 Basic stats: COMPLETE Column stats: COMPLETE
                      value expressions: _col1 (type: decimal(27,2))
        Reducer 14 
            Execution mode: vectorized, llap
            Reduce Operator Tree:
              Group By Operator
                aggregations: sum(VALUE._col0)
                keys: KEY._col0 (type: string)
                mode: mergepartial
                outputColumnNames: _col0, _col1
                Statistics: Num rows: 7127 Data size: 1510924 Basic stats: COMPLETE Column stats: COMPLETE
                Top N Key Operator
                  sort order: +
                  keys: _col0 (type: string)
                  null sort order: z
                  Statistics: Num rows: 21381 Data size: 4532772 Basic stats: COMPLETE Column stats: COMPLETE
                  top n: 100
                  Group By Operator
                    aggregations: sum(_col1)
                    keys: _col0 (type: string)
                    minReductionHashAggr: 0.6666666
                    mode: hash
                    outputColumnNames: _col0, _col1
                    Statistics: Num rows: 7127 Data size: 1510924 Basic stats: COMPLETE Column stats: COMPLETE
                    Reduce Output Operator
                      key expressions: _col0 (type: string)
                      null sort order: z
                      sort order: +
                      Map-reduce partition columns: _col0 (type: string)
                      Statistics: Num rows: 7127 Data size: 1510924 Basic stats: COMPLETE Column stats: COMPLETE
                      value expressions: _col1 (type: decimal(27,2))
        Reducer 2 
            Execution mode: vectorized, llap
            Reduce Operator Tree:
              Group By Operator
                aggregations: sum(VALUE._col0)
                keys: KEY._col0 (type: string)
                mode: mergepartial
                outputColumnNames: _col0, _col1
                Statistics: Num rows: 7127 Data size: 1510924 Basic stats: COMPLETE Column stats: COMPLETE
                Top N Key Operator
                  sort order: +
                  keys: _col0 (type: string)
                  null sort order: z
                  Statistics: Num rows: 21381 Data size: 4532772 Basic stats: COMPLETE Column stats: COMPLETE
                  top n: 100
                  Group By Operator
                    aggregations: sum(_col1)
                    keys: _col0 (type: string)
                    minReductionHashAggr: 0.6666666
                    mode: hash
                    outputColumnNames: _col0, _col1
                    Statistics: Num rows: 7127 Data size: 1510924 Basic stats: COMPLETE Column stats: COMPLETE
                    Reduce Output Operator
                      key expressions: _col0 (type: string)
                      null sort order: z
                      sort order: +
                      Map-reduce partition columns: _col0 (type: string)
                      Statistics: Num rows: 7127 Data size: 1510924 Basic stats: COMPLETE Column stats: COMPLETE
                      value expressions: _col1 (type: decimal(27,2))
        Reducer 4 
            Execution mode: vectorized, llap
            Reduce Operator Tree:
              Group By Operator
                aggregations: sum(VALUE._col0)
                keys: KEY._col0 (type: string)
                mode: mergepartial
                outputColumnNames: _col0, _col1
                Statistics: Num rows: 7127 Data size: 1510924 Basic stats: COMPLETE Column stats: COMPLETE
                Top N Key Operator
                  sort order: ++
                  keys: _col0 (type: string), _col1 (type: decimal(27,2))
                  null sort order: zz
                  Statistics: Num rows: 7127 Data size: 1510924 Basic stats: COMPLETE Column stats: COMPLETE
                  top n: 100
                  Reduce Output Operator
                    key expressions: _col0 (type: string), _col1 (type: decimal(27,2))
                    null sort order: zz
                    sort order: ++
                    Statistics: Num rows: 7127 Data size: 1510924 Basic stats: COMPLETE Column stats: COMPLETE
        Reducer 5 
            Execution mode: vectorized, llap
            Reduce Operator Tree:
              Select Operator
                expressions: KEY.reducesinkkey0 (type: string), KEY.reducesinkkey1 (type: decimal(27,2))
                outputColumnNames: _col0, _col1
                Statistics: Num rows: 7127 Data size: 1510924 Basic stats: COMPLETE Column stats: COMPLETE
                Limit
                  Number of rows: 100
                  Statistics: Num rows: 100 Data size: 21200 Basic stats: COMPLETE Column stats: COMPLETE
                  File Output Operator
                    compressed: false
                    Statistics: Num rows: 100 Data size: 21200 Basic stats: COMPLETE Column stats: COMPLETE
                    table:
                        input format: org.apache.hadoop.mapred.SequenceFileInputFormat
                        output format: org.apache.hadoop.hive.ql.io.HiveSequenceFileOutputFormat
                        serde: org.apache.hadoop.hive.serde2.lazy.LazySimpleSerDe
        Reducer 8 
            Execution mode: vectorized, llap
            Reduce Operator Tree:
              Group By Operator
                keys: KEY._col0 (type: string)
                mode: mergepartial
                outputColumnNames: _col0
                Statistics: Num rows: 42000 Data size: 4200000 Basic stats: COMPLETE Column stats: COMPLETE
                Reduce Output Operator
                  key expressions: _col0 (type: string)
                  null sort order: z
                  sort order: +
                  Map-reduce partition columns: _col0 (type: string)
                  Statistics: Num rows: 42000 Data size: 4200000 Basic stats: COMPLETE Column stats: COMPLETE
        Union 3 
            Vertex: Union 3

  Stage: Stage-0
    Fetch Operator
      limit: 100
      Processor Tree:
        ListSink

