STAGE DEPENDENCIES:
  Stage-1 is a root stage
  Stage-0 depends on stages: Stage-1

STAGE PLANS:
  Stage: Stage-1
    Tez
#### A masked pattern was here ####
      Edges:
        Map 1 <- Map 7 (BROADCAST_EDGE), Reducer 9 (BROADCAST_EDGE)
        Map 2 <- Map 7 (BROADCAST_EDGE), Reducer 10 (BROADCAST_EDGE)
        Map 8 <- Map 7 (BROADCAST_EDGE)
        Reducer 10 <- Map 8 (CUSTOM_SIMPLE_EDGE)
        Reducer 3 <- Map 2 (CUSTOM_SIMPLE_EDGE), Map 8 (CUSTOM_SIMPLE_EDGE)
        Reducer 4 <- Map 1 (CUSTOM_SIMPLE_EDGE), Map 11 (BROADCAST_EDGE), Map 12 (BROADCAST_EDGE), Reducer 3 (CUSTOM_SIMPLE_EDGE)
        Reducer 5 <- Reducer 4 (SIMPLE_EDGE)
        Reducer 6 <- Reducer 5 (SIMPLE_EDGE)
        Reducer 9 <- Map 8 (CUSTOM_SIMPLE_EDGE)
#### A masked pattern was here ####
      Vertices:
        Map 1 
            Map Operator Tree:
                TableScan
                  alias: catalog_sales
                  filterExpr: (cs_bill_customer_sk is not null and cs_bill_customer_sk BETWEEN DynamicValue(RS[197]_col0) AND DynamicValue(RS[197]_col1) and cs_item_sk BETWEEN DynamicValue(RS[197]_col2) AND DynamicValue(RS[197]_col3) and in_bloom_filter(hash(cs_bill_customer_sk,cs_item_sk), DynamicValue(RS[197]_col4))) (type: boolean)
                  Statistics: Num rows: 43005109025 Data size: 1202866239204 Basic stats: COMPLETE Column stats: COMPLETE
                  Filter Operator
                    predicate: (cs_bill_customer_sk is not null and cs_bill_customer_sk BETWEEN DynamicValue(RS[197]_col0) AND DynamicValue(RS[197]_col1) and cs_item_sk BETWEEN DynamicValue(RS[197]_col2) AND DynamicValue(RS[197]_col3) and in_bloom_filter(hash(cs_bill_customer_sk,cs_item_sk), DynamicValue(RS[197]_col4))) (type: boolean)
                    Statistics: Num rows: 42899393143 Data size: 1199909333196 Basic stats: COMPLETE Column stats: COMPLETE
                    Select Operator
                      expressions: cs_bill_customer_sk (type: bigint), cs_item_sk (type: bigint), cs_quantity (type: int), cs_sold_date_sk (type: bigint)
                      outputColumnNames: _col0, _col1, _col2, _col3
                      Statistics: Num rows: 42899393143 Data size: 1199909333196 Basic stats: COMPLETE Column stats: COMPLETE
                      Map Join Operator
                        condition map:
                             Inner Join 0 to 1
                        keys:
                          0 _col3 (type: bigint)
                          1 _col0 (type: bigint)
                        outputColumnNames: _col0, _col1, _col2
                        input vertices:
                          1 Map 7
                        Statistics: Num rows: 25683298014 Data size: 512392285472 Basic stats: COMPLETE Column stats: COMPLETE
                        Reduce Output Operator
                          key expressions: _col0 (type: bigint), _col1 (type: bigint)
                          null sort order: zz
                          sort order: ++
                          Map-reduce partition columns: _col0 (type: bigint), _col1 (type: bigint)
                          Statistics: Num rows: 25683298014 Data size: 512392285472 Basic stats: COMPLETE Column stats: COMPLETE
                          value expressions: _col2 (type: int)
            Execution mode: vectorized, llap
            LLAP IO: may be used (ACID table)
        Map 11 
            Map Operator Tree:
                TableScan
                  alias: store
                  Statistics: Num rows: 1704 Data size: 333984 Basic stats: COMPLETE Column stats: COMPLETE
                  Select Operator
                    expressions: s_store_sk (type: bigint), s_store_id (type: string), s_store_name (type: varchar(50))
                    outputColumnNames: _col0, _col1, _col2
                    Statistics: Num rows: 1704 Data size: 333984 Basic stats: COMPLETE Column stats: COMPLETE
                    Reduce Output Operator
                      key expressions: _col0 (type: bigint)
                      null sort order: z
                      sort order: +
                      Map-reduce partition columns: _col0 (type: bigint)
                      Statistics: Num rows: 1704 Data size: 333984 Basic stats: COMPLETE Column stats: COMPLETE
                      value expressions: _col1 (type: string), _col2 (type: varchar(50))
            Execution mode: vectorized, llap
            LLAP IO: may be used (ACID table)
        Map 12 
            Map Operator Tree:
                TableScan
                  alias: item
                  Statistics: Num rows: 462000 Data size: 134904000 Basic stats: COMPLETE Column stats: COMPLETE
                  Select Operator
                    expressions: i_item_sk (type: bigint), i_item_id (type: string), i_item_desc (type: varchar(200))
                    outputColumnNames: _col0, _col1, _col2
                    Statistics: Num rows: 462000 Data size: 134904000 Basic stats: COMPLETE Column stats: COMPLETE
                    Reduce Output Operator
                      key expressions: _col0 (type: bigint)
                      null sort order: z
                      sort order: +
                      Map-reduce partition columns: _col0 (type: bigint)
                      Statistics: Num rows: 462000 Data size: 134904000 Basic stats: COMPLETE Column stats: COMPLETE
                      value expressions: _col1 (type: string), _col2 (type: varchar(200))
            Execution mode: vectorized, llap
            LLAP IO: may be used (ACID table)
        Map 2 
            Map Operator Tree:
                TableScan
                  alias: store_sales
                  filterExpr: (ss_customer_sk is not null and ss_store_sk is not null and ss_customer_sk BETWEEN DynamicValue(RS[207]_col0) AND DynamicValue(RS[207]_col1) and ss_item_sk BETWEEN DynamicValue(RS[207]_col2) AND DynamicValue(RS[207]_col3) and ss_ticket_number BETWEEN DynamicValue(RS[207]_col4) AND DynamicValue(RS[207]_col5) and in_bloom_filter(hash(hash(ss_customer_sk,ss_item_sk),ss_ticket_number), DynamicValue(RS[207]_col6))) (type: boolean)
                  Statistics: Num rows: 82510879939 Data size: 3591605541540 Basic stats: COMPLETE Column stats: COMPLETE
                  Filter Operator
                    predicate: (ss_customer_sk is not null and ss_store_sk is not null and ss_customer_sk BETWEEN DynamicValue(RS[207]_col0) AND DynamicValue(RS[207]_col1) and ss_item_sk BETWEEN DynamicValue(RS[207]_col2) AND DynamicValue(RS[207]_col3) and ss_ticket_number BETWEEN DynamicValue(RS[207]_col4) AND DynamicValue(RS[207]_col5) and in_bloom_filter(hash(hash(ss_customer_sk,ss_item_sk),ss_ticket_number), DynamicValue(RS[207]_col6))) (type: boolean)
                    Statistics: Num rows: 78670147920 Data size: 3424422808632 Basic stats: COMPLETE Column stats: COMPLETE
                    Select Operator
                      expressions: ss_item_sk (type: bigint), ss_customer_sk (type: bigint), ss_store_sk (type: bigint), ss_ticket_number (type: bigint), ss_quantity (type: int), ss_sold_date_sk (type: bigint)
                      outputColumnNames: _col0, _col1, _col2, _col3, _col4, _col5
                      Statistics: Num rows: 78670147920 Data size: 3424422808632 Basic stats: COMPLETE Column stats: COMPLETE
                      Map Join Operator
                        condition map:
                             Inner Join 0 to 1
                        keys:
                          0 _col5 (type: bigint)
                          1 _col0 (type: bigint)
                        outputColumnNames: _col0, _col1, _col2, _col3, _col4
                        input vertices:
                          1 Map 7
                        Statistics: Num rows: 1335564641 Data size: 21369034276 Basic stats: COMPLETE Column stats: COMPLETE
                        Reduce Output Operator
                          key expressions: _col1 (type: bigint), _col0 (type: bigint), _col3 (type: bigint)
                          null sort order: zzz
                          sort order: +++
                          Map-reduce partition columns: _col1 (type: bigint), _col0 (type: bigint), _col3 (type: bigint)
                          Statistics: Num rows: 1335564641 Data size: 21369034276 Basic stats: COMPLETE Column stats: COMPLETE
                          value expressions: _col2 (type: bigint), _col4 (type: int)
            Execution mode: vectorized, llap
            LLAP IO: may be used (ACID table)
        Map 7 
            Map Operator Tree:
                TableScan
                  alias: d1
                  filterExpr: (((d_year = 1999) and (d_moy = 4)) or ((d_year = 1999) and d_moy BETWEEN 4 AND 7) or (d_year) IN (1999, 2000, 2001)) (type: boolean)
                  Statistics: Num rows: 73049 Data size: 1168784 Basic stats: COMPLETE Column stats: COMPLETE
                  Filter Operator
                    predicate: ((d_year = 1999) and (d_moy = 4)) (type: boolean)
                    Statistics: Num rows: 31 Data size: 496 Basic stats: COMPLETE Column stats: COMPLETE
                    Select Operator
                      expressions: d_date_sk (type: bigint)
                      outputColumnNames: _col0
                      Statistics: Num rows: 31 Data size: 248 Basic stats: COMPLETE Column stats: COMPLETE
                      Reduce Output Operator
                        key expressions: _col0 (type: bigint)
                        null sort order: z
                        sort order: +
                        Map-reduce partition columns: _col0 (type: bigint)
                        Statistics: Num rows: 31 Data size: 248 Basic stats: COMPLETE Column stats: COMPLETE
                      Select Operator
                        expressions: _col0 (type: bigint)
                        outputColumnNames: _col0
                        Statistics: Num rows: 31 Data size: 248 Basic stats: COMPLETE Column stats: COMPLETE
                        Group By Operator
                          keys: _col0 (type: bigint)
                          minReductionHashAggr: 0.4
                          mode: hash
                          outputColumnNames: _col0
                          Statistics: Num rows: 31 Data size: 248 Basic stats: COMPLETE Column stats: COMPLETE
                          Dynamic Partitioning Event Operator
                            Target column: ss_sold_date_sk (bigint)
                            Target Input: store_sales
                            Partition key expr: ss_sold_date_sk
                            Statistics: Num rows: 31 Data size: 248 Basic stats: COMPLETE Column stats: COMPLETE
                            Target Vertex: Map 2
                  Filter Operator
                    predicate: ((d_year = 1999) and d_moy BETWEEN 4 AND 7) (type: boolean)
                    Statistics: Num rows: 122 Data size: 1952 Basic stats: COMPLETE Column stats: COMPLETE
                    Select Operator
                      expressions: d_date_sk (type: bigint)
                      outputColumnNames: _col0
                      Statistics: Num rows: 122 Data size: 976 Basic stats: COMPLETE Column stats: COMPLETE
                      Reduce Output Operator
                        key expressions: _col0 (type: bigint)
                        null sort order: z
                        sort order: +
                        Map-reduce partition columns: _col0 (type: bigint)
                        Statistics: Num rows: 122 Data size: 976 Basic stats: COMPLETE Column stats: COMPLETE
                      Select Operator
                        expressions: _col0 (type: bigint)
                        outputColumnNames: _col0
                        Statistics: Num rows: 122 Data size: 976 Basic stats: COMPLETE Column stats: COMPLETE
                        Group By Operator
                          keys: _col0 (type: bigint)
                          minReductionHashAggr: 0.4
                          mode: hash
                          outputColumnNames: _col0
                          Statistics: Num rows: 122 Data size: 976 Basic stats: COMPLETE Column stats: COMPLETE
                          Dynamic Partitioning Event Operator
                            Target column: sr_returned_date_sk (bigint)
                            Target Input: store_returns
                            Partition key expr: sr_returned_date_sk
                            Statistics: Num rows: 122 Data size: 976 Basic stats: COMPLETE Column stats: COMPLETE
                            Target Vertex: Map 8
                  Filter Operator
                    predicate: (d_year) IN (1999, 2000, 2001) (type: boolean)
                    Statistics: Num rows: 1101 Data size: 13212 Basic stats: COMPLETE Column stats: COMPLETE
                    Select Operator
                      expressions: d_date_sk (type: bigint)
                      outputColumnNames: _col0
                      Statistics: Num rows: 1101 Data size: 8808 Basic stats: COMPLETE Column stats: COMPLETE
                      Reduce Output Operator
                        key expressions: _col0 (type: bigint)
                        null sort order: z
                        sort order: +
                        Map-reduce partition columns: _col0 (type: bigint)
                        Statistics: Num rows: 1101 Data size: 8808 Basic stats: COMPLETE Column stats: COMPLETE
                      Select Operator
                        expressions: _col0 (type: bigint)
                        outputColumnNames: _col0
                        Statistics: Num rows: 1101 Data size: 8808 Basic stats: COMPLETE Column stats: COMPLETE
                        Group By Operator
                          keys: _col0 (type: bigint)
                          minReductionHashAggr: 0.4
                          mode: hash
                          outputColumnNames: _col0
                          Statistics: Num rows: 1101 Data size: 8808 Basic stats: COMPLETE Column stats: COMPLETE
                          Dynamic Partitioning Event Operator
                            Target column: cs_sold_date_sk (bigint)
                            Target Input: catalog_sales
                            Partition key expr: cs_sold_date_sk
                            Statistics: Num rows: 1101 Data size: 8808 Basic stats: COMPLETE Column stats: COMPLETE
                            Target Vertex: Map 1
            Execution mode: vectorized, llap
            LLAP IO: may be used (ACID table)
        Map 8 
            Map Operator Tree:
                TableScan
                  alias: store_returns
                  filterExpr: sr_customer_sk is not null (type: boolean)
                  Statistics: Num rows: 8332595709 Data size: 298161625552 Basic stats: COMPLETE Column stats: COMPLETE
                  Filter Operator
                    predicate: sr_customer_sk is not null (type: boolean)
                    Statistics: Num rows: 8182068314 Data size: 292775369652 Basic stats: COMPLETE Column stats: COMPLETE
                    Select Operator
                      expressions: sr_item_sk (type: bigint), sr_customer_sk (type: bigint), sr_ticket_number (type: bigint), sr_return_quantity (type: int), sr_returned_date_sk (type: bigint)
                      outputColumnNames: _col0, _col1, _col2, _col3, _col4
                      Statistics: Num rows: 8182068314 Data size: 292775369652 Basic stats: COMPLETE Column stats: COMPLETE
                      Map Join Operator
                        condition map:
                             Inner Join 0 to 1
                        keys:
                          0 _col4 (type: bigint)
                          1 _col0 (type: bigint)
                        outputColumnNames: _col0, _col1, _col2, _col3
                        input vertices:
                          1 Map 7
                        Statistics: Num rows: 498600693 Data size: 12181729752 Basic stats: COMPLETE Column stats: COMPLETE
                        Reduce Output Operator
                          key expressions: _col1 (type: bigint), _col0 (type: bigint), _col2 (type: bigint)
                          null sort order: zzz
                          sort order: +++
                          Map-reduce partition columns: _col1 (type: bigint), _col0 (type: bigint), _col2 (type: bigint)
                          Statistics: Num rows: 498600693 Data size: 12181729752 Basic stats: COMPLETE Column stats: COMPLETE
                          value expressions: _col3 (type: int)
                        Select Operator
                          expressions: _col1 (type: bigint), _col0 (type: bigint), hash(_col1,_col0) (type: int)
                          outputColumnNames: _col0, _col1, _col3
                          Statistics: Num rows: 498600693 Data size: 8789548788 Basic stats: COMPLETE Column stats: COMPLETE
                          Group By Operator
                            aggregations: min(_col0), max(_col0), min(_col1), max(_col1), bloom_filter(_col3, expectedEntries=1000000)
                            minReductionHashAggr: 0.99
                            mode: hash
                            outputColumnNames: _col0, _col1, _col2, _col3, _col4
                            Statistics: Num rows: 1 Data size: 176 Basic stats: COMPLETE Column stats: COMPLETE
                            Reduce Output Operator
                              null sort order: 
                              sort order: 
                              Statistics: Num rows: 1 Data size: 176 Basic stats: COMPLETE Column stats: COMPLETE
                              value expressions: _col0 (type: bigint), _col1 (type: bigint), _col2 (type: bigint), _col3 (type: bigint), _col4 (type: binary)
                        Select Operator
                          expressions: _col1 (type: bigint), _col0 (type: bigint), _col2 (type: bigint), hash(hash(_col1,_col0),_col2) (type: int)
                          outputColumnNames: _col0, _col1, _col2, _col4
                          Statistics: Num rows: 498600693 Data size: 12778354332 Basic stats: COMPLETE Column stats: COMPLETE
                          Group By Operator
                            aggregations: min(_col0), max(_col0), min(_col1), max(_col1), min(_col2), max(_col2), bloom_filter(_col4, expectedEntries=1000000)
                            minReductionHashAggr: 0.99
                            mode: hash
                            outputColumnNames: _col0, _col1, _col2, _col3, _col4, _col5, _col6
                            Statistics: Num rows: 1 Data size: 192 Basic stats: COMPLETE Column stats: COMPLETE
                            Reduce Output Operator
                              null sort order: 
                              sort order: 
                              Statistics: Num rows: 1 Data size: 192 Basic stats: COMPLETE Column stats: COMPLETE
                              value expressions: _col0 (type: bigint), _col1 (type: bigint), _col2 (type: bigint), _col3 (type: bigint), _col4 (type: bigint), _col5 (type: bigint), _col6 (type: binary)
            Execution mode: vectorized, llap
            LLAP IO: may be used (ACID table)
        Reducer 10 
            Execution mode: vectorized, llap
            Reduce Operator Tree:
              Group By Operator
                aggregations: min(VALUE._col0), max(VALUE._col1), min(VALUE._col2), max(VALUE._col3), min(VALUE._col4), max(VALUE._col5), bloom_filter(VALUE._col6, expectedEntries=1000000)
                mode: final
                outputColumnNames: _col0, _col1, _col2, _col3, _col4, _col5, _col6
                Statistics: Num rows: 1 Data size: 192 Basic stats: COMPLETE Column stats: COMPLETE
                Reduce Output Operator
                  null sort order: 
                  sort order: 
                  Statistics: Num rows: 1 Data size: 192 Basic stats: COMPLETE Column stats: COMPLETE
                  value expressions: _col0 (type: bigint), _col1 (type: bigint), _col2 (type: bigint), _col3 (type: bigint), _col4 (type: bigint), _col5 (type: bigint), _col6 (type: binary)
        Reducer 3 
            Execution mode: vectorized, llap
            Reduce Operator Tree:
              Map Join Operator
                condition map:
                     Inner Join 0 to 1
                keys:
                  0 KEY.reducesinkkey0 (type: bigint), KEY.reducesinkkey1 (type: bigint), KEY.reducesinkkey2 (type: bigint)
                  1 KEY.reducesinkkey0 (type: bigint), KEY.reducesinkkey1 (type: bigint), KEY.reducesinkkey2 (type: bigint)
                outputColumnNames: _col0, _col2, _col4, _col7, _col8, _col10
                input vertices:
                  1 Map 8
                Statistics: Num rows: 2157264506 Data size: 68484714908 Basic stats: COMPLETE Column stats: COMPLETE
                DynamicPartitionHashJoin: true
                Reduce Output Operator
                  key expressions: _col8 (type: bigint), _col7 (type: bigint)
                  null sort order: zz
                  sort order: ++
                  Map-reduce partition columns: _col8 (type: bigint), _col7 (type: bigint)
                  Statistics: Num rows: 2157264506 Data size: 68484714908 Basic stats: COMPLETE Column stats: COMPLETE
                  value expressions: _col0 (type: bigint), _col2 (type: bigint), _col4 (type: int), _col10 (type: int)
        Reducer 4 
            Execution mode: vectorized, llap
            Reduce Operator Tree:
              Map Join Operator
                condition map:
                     Inner Join 0 to 1
                keys:
                  0 KEY.reducesinkkey0 (type: bigint), KEY.reducesinkkey1 (type: bigint)
                  1 KEY.reducesinkkey0 (type: bigint), KEY.reducesinkkey1 (type: bigint)
                outputColumnNames: _col2, _col5, _col7, _col9, _col15
                input vertices:
                  0 Map 1
                Statistics: Num rows: 1178531672141 Data size: 32981833392944 Basic stats: COMPLETE Column stats: COMPLETE
                DynamicPartitionHashJoin: true
                Map Join Operator
                  condition map:
                       Inner Join 0 to 1
                  keys:
                    0 _col7 (type: bigint)
                    1 _col0 (type: bigint)
                  outputColumnNames: _col2, _col5, _col9, _col15, _col19, _col20
                  input vertices:
                    1 Map 11
                  Statistics: Num rows: 1178531672141 Data size: 245128218895444 Basic stats: COMPLETE Column stats: COMPLETE
                  Map Join Operator
                    condition map:
                         Inner Join 0 to 1
                    keys:
                      0 _col5 (type: bigint)
                      1 _col0 (type: bigint)
                    outputColumnNames: _col2, _col9, _col15, _col19, _col20, _col22, _col23
                    input vertices:
                      1 Map 12
                    Statistics: Num rows: 1178531672141 Data size: 570402960406360 Basic stats: COMPLETE Column stats: COMPLETE
                    Top N Key Operator
                      sort order: ++++
                      keys: _col22 (type: string), _col23 (type: varchar(200)), _col19 (type: string), _col20 (type: varchar(50))
                      null sort order: zzzz
                      Statistics: Num rows: 1178531672141 Data size: 570402960406360 Basic stats: COMPLETE Column stats: COMPLETE
                      top n: 100
                      Group By Operator
                        aggregations: sum(_col9), sum(_col15), sum(_col2)
                        keys: _col22 (type: string), _col23 (type: varchar(200)), _col19 (type: string), _col20 (type: varchar(50))
                        minReductionHashAggr: 0.99
                        mode: hash
                        outputColumnNames: _col0, _col1, _col2, _col3, _col4, _col5, _col6
                        Statistics: Num rows: 1178531672141 Data size: 584551709381936 Basic stats: COMPLETE Column stats: COMPLETE
                        Reduce Output Operator
                          key expressions: _col0 (type: string), _col1 (type: varchar(200)), _col2 (type: string), _col3 (type: varchar(50))
                          null sort order: zzzz
                          sort order: ++++
                          Map-reduce partition columns: _col0 (type: string), _col1 (type: varchar(200)), _col2 (type: string), _col3 (type: varchar(50))
                          Statistics: Num rows: 1178531672141 Data size: 584551709381936 Basic stats: COMPLETE Column stats: COMPLETE
                          value expressions: _col4 (type: bigint), _col5 (type: bigint), _col6 (type: bigint)
        Reducer 5 
            Execution mode: vectorized, llap
            Reduce Operator Tree:
              Group By Operator
                aggregations: sum(VALUE._col0), sum(VALUE._col1), sum(VALUE._col2)
                keys: KEY._col0 (type: string), KEY._col1 (type: varchar(200)), KEY._col2 (type: string), KEY._col3 (type: varchar(50))
                mode: mergepartial
                outputColumnNames: _col0, _col1, _col2, _col3, _col4, _col5, _col6
                Statistics: Num rows: 1178531672141 Data size: 584551709381936 Basic stats: COMPLETE Column stats: COMPLETE
                Reduce Output Operator
                  key expressions: _col0 (type: string), _col1 (type: varchar(200)), _col2 (type: string), _col3 (type: varchar(50))
                  null sort order: zzzz
                  sort order: ++++
                  Statistics: Num rows: 1178531672141 Data size: 584551709381936 Basic stats: COMPLETE Column stats: COMPLETE
                  value expressions: _col4 (type: bigint), _col5 (type: bigint), _col6 (type: bigint)
        Reducer 6 
            Execution mode: vectorized, llap
            Reduce Operator Tree:
              Select Operator
                expressions: KEY.reducesinkkey0 (type: string), KEY.reducesinkkey1 (type: varchar(200)), KEY.reducesinkkey2 (type: string), KEY.reducesinkkey3 (type: varchar(50)), VALUE._col0 (type: bigint), VALUE._col1 (type: bigint), VALUE._col2 (type: bigint)
                outputColumnNames: _col0, _col1, _col2, _col3, _col4, _col5, _col6
                Statistics: Num rows: 1178531672141 Data size: 584551709381936 Basic stats: COMPLETE Column stats: COMPLETE
                Limit
                  Number of rows: 100
                  Statistics: Num rows: 100 Data size: 49600 Basic stats: COMPLETE Column stats: COMPLETE
                  File Output Operator
                    compressed: false
                    Statistics: Num rows: 100 Data size: 49600 Basic stats: COMPLETE Column stats: COMPLETE
                    table:
                        input format: org.apache.hadoop.mapred.SequenceFileInputFormat
                        output format: org.apache.hadoop.hive.ql.io.HiveSequenceFileOutputFormat
                        serde: org.apache.hadoop.hive.serde2.lazy.LazySimpleSerDe
        Reducer 9 
            Execution mode: vectorized, llap
            Reduce Operator Tree:
              Group By Operator
                aggregations: min(VALUE._col0), max(VALUE._col1), min(VALUE._col2), max(VALUE._col3), bloom_filter(VALUE._col4, expectedEntries=1000000)
                mode: final
                outputColumnNames: _col0, _col1, _col2, _col3, _col4
                Statistics: Num rows: 1 Data size: 176 Basic stats: COMPLETE Column stats: COMPLETE
                Reduce Output Operator
                  null sort order: 
                  sort order: 
                  Statistics: Num rows: 1 Data size: 176 Basic stats: COMPLETE Column stats: COMPLETE
                  value expressions: _col0 (type: bigint), _col1 (type: bigint), _col2 (type: bigint), _col3 (type: bigint), _col4 (type: binary)

  Stage: Stage-0
    Fetch Operator
      limit: 100
      Processor Tree:
        ListSink

