STAGE DEPENDENCIES:
  Stage-1 is a root stage
  Stage-0 depends on stages: Stage-1

STAGE PLANS:
  Stage: Stage-1
    Tez
#### A masked pattern was here ####
      Edges:
        Map 1 <- Map 5 (BROADCAST_EDGE), Reducer 11 (BROADCAST_EDGE), Reducer 7 (BROADCAST_EDGE)
        Map 8 <- Map 5 (BROADCAST_EDGE), Reducer 7 (BROADCAST_EDGE)
        Reducer 10 <- Reducer 9 (SIMPLE_EDGE)
        Reducer 11 <- Reducer 10 (CUSTOM_SIMPLE_EDGE)
        Reducer 2 <- Map 1 (SIMPLE_EDGE), Map 6 (BROADCAST_EDGE), Reducer 10 (BROADCAST_EDGE)
        Reducer 3 <- Map 12 (CUSTOM_SIMPLE_EDGE), Reducer 2 (CUSTOM_SIMPLE_EDGE)
        Reducer 4 <- Reducer 3 (SIMPLE_EDGE)
        Reducer 7 <- Map 6 (CUSTOM_SIMPLE_EDGE)
        Reducer 9 <- Map 8 (SIMPLE_EDGE)
#### A masked pattern was here ####
      Vertices:
        Map 1 
            Map Operator Tree:
                TableScan
                  alias: store_returns
                  filterExpr: (sr_store_sk is not null and sr_customer_sk is not null and sr_store_sk BETWEEN DynamicValue(RS_41_store_s_store_sk_min) AND DynamicValue(RS_41_store_s_store_sk_max) and sr_store_sk BETWEEN DynamicValue(RS_44_store_returns_sr_store_sk_min) AND DynamicValue(RS_44_store_returns_sr_store_sk_max) and in_bloom_filter(sr_store_sk, DynamicValue(RS_41_store_s_store_sk_bloom_filter)) and in_bloom_filter(sr_store_sk, DynamicValue(RS_44_store_returns_sr_store_sk_bloom_filter))) (type: boolean)
                  Statistics: Num rows: 8332595709 Data size: 1113890910776 Basic stats: COMPLETE Column stats: COMPLETE
                  Filter Operator
                    predicate: (sr_store_sk is not null and sr_customer_sk is not null and sr_store_sk BETWEEN DynamicValue(RS_41_store_s_store_sk_min) AND DynamicValue(RS_41_store_s_store_sk_max) and sr_store_sk BETWEEN DynamicValue(RS_44_store_returns_sr_store_sk_min) AND DynamicValue(RS_44_store_returns_sr_store_sk_max) and in_bloom_filter(sr_store_sk, DynamicValue(RS_41_store_s_store_sk_bloom_filter)) and in_bloom_filter(sr_store_sk, DynamicValue(RS_44_store_returns_sr_store_sk_bloom_filter))) (type: boolean)
                    Statistics: Num rows: 8033148295 Data size: 1073861157208 Basic stats: COMPLETE Column stats: COMPLETE
                    Select Operator
                      expressions: sr_customer_sk (type: bigint), sr_store_sk (type: bigint), sr_fee (type: decimal(7,2)), sr_returned_date_sk (type: bigint)
                      outputColumnNames: _col0, _col1, _col2, _col3
                      Statistics: Num rows: 8033148295 Data size: 1073861157208 Basic stats: COMPLETE Column stats: COMPLETE
                      Map Join Operator
                        condition map:
                             Inner Join 0 to 1
                        keys:
                          0 _col3 (type: bigint)
                          1 _col0 (type: bigint)
                        outputColumnNames: _col0, _col1, _col2
                        input vertices:
                          1 Map 5
                        Statistics: Num rows: 1472589806 Data size: 169844484256 Basic stats: COMPLETE Column stats: COMPLETE
                        Group By Operator
                          aggregations: sum(_col2)
                          keys: _col1 (type: bigint), _col0 (type: bigint)
                          minReductionHashAggr: 0.8759661
                          mode: hash
                          outputColumnNames: _col0, _col1, _col2
                          Statistics: Num rows: 1472589806 Data size: 186160875424 Basic stats: COMPLETE Column stats: COMPLETE
                          Reduce Output Operator
                            key expressions: _col0 (type: bigint), _col1 (type: bigint)
                            null sort order: zz
                            sort order: ++
                            Map-reduce partition columns: _col0 (type: bigint), _col1 (type: bigint)
                            Statistics: Num rows: 1472589806 Data size: 186160875424 Basic stats: COMPLETE Column stats: COMPLETE
                            value expressions: _col2 (type: decimal(17,2))
            Execution mode: vectorized, llap
            LLAP IO: may be used (ACID table)
        Map 12 
            Map Operator Tree:
                TableScan
                  alias: customer
                  Statistics: Num rows: 80000000 Data size: 8640000000 Basic stats: COMPLETE Column stats: COMPLETE
                  Select Operator
                    expressions: c_customer_sk (type: bigint), c_customer_id (type: string)
                    outputColumnNames: _col0, _col1
                    Statistics: Num rows: 80000000 Data size: 8640000000 Basic stats: COMPLETE Column stats: COMPLETE
                    Reduce Output Operator
                      key expressions: _col0 (type: bigint)
                      null sort order: z
                      sort order: +
                      Map-reduce partition columns: _col0 (type: bigint)
                      Statistics: Num rows: 80000000 Data size: 8640000000 Basic stats: COMPLETE Column stats: COMPLETE
                      value expressions: _col1 (type: string)
            Execution mode: vectorized, llap
            LLAP IO: may be used (ACID table)
        Map 5 
            Map Operator Tree:
                TableScan
                  alias: date_dim
                  filterExpr: (d_year = 2000) (type: boolean)
                  Statistics: Num rows: 73049 Data size: 876588 Basic stats: COMPLETE Column stats: COMPLETE
                  Filter Operator
                    predicate: (d_year = 2000) (type: boolean)
                    Statistics: Num rows: 367 Data size: 4404 Basic stats: COMPLETE Column stats: COMPLETE
                    Select Operator
                      expressions: d_date_sk (type: bigint)
                      outputColumnNames: _col0
                      Statistics: Num rows: 367 Data size: 2936 Basic stats: COMPLETE Column stats: COMPLETE
                      Reduce Output Operator
                        key expressions: _col0 (type: bigint)
                        null sort order: z
                        sort order: +
                        Map-reduce partition columns: _col0 (type: bigint)
                        Statistics: Num rows: 367 Data size: 2936 Basic stats: COMPLETE Column stats: COMPLETE
                      Select Operator
                        expressions: _col0 (type: bigint)
                        outputColumnNames: _col0
                        Statistics: Num rows: 367 Data size: 2936 Basic stats: COMPLETE Column stats: COMPLETE
                        Group By Operator
                          keys: _col0 (type: bigint)
                          minReductionHashAggr: 0.4
                          mode: hash
                          outputColumnNames: _col0
                          Statistics: Num rows: 367 Data size: 2936 Basic stats: COMPLETE Column stats: COMPLETE
                          Dynamic Partitioning Event Operator
                            Target column: sr_returned_date_sk (bigint)
                            Target Input: store_returns
                            Partition key expr: sr_returned_date_sk
                            Statistics: Num rows: 367 Data size: 2936 Basic stats: COMPLETE Column stats: COMPLETE
                            Target Vertex: Map 1
                      Reduce Output Operator
                        key expressions: _col0 (type: bigint)
                        null sort order: z
                        sort order: +
                        Map-reduce partition columns: _col0 (type: bigint)
                        Statistics: Num rows: 367 Data size: 2936 Basic stats: COMPLETE Column stats: COMPLETE
                      Select Operator
                        expressions: _col0 (type: bigint)
                        outputColumnNames: _col0
                        Statistics: Num rows: 367 Data size: 2936 Basic stats: COMPLETE Column stats: COMPLETE
                        Group By Operator
                          keys: _col0 (type: bigint)
                          minReductionHashAggr: 0.4
                          mode: hash
                          outputColumnNames: _col0
                          Statistics: Num rows: 367 Data size: 2936 Basic stats: COMPLETE Column stats: COMPLETE
                          Dynamic Partitioning Event Operator
                            Target column: sr_returned_date_sk (bigint)
                            Target Input: store_returns
                            Partition key expr: sr_returned_date_sk
                            Statistics: Num rows: 367 Data size: 2936 Basic stats: COMPLETE Column stats: COMPLETE
                            Target Vertex: Map 8
            Execution mode: vectorized, llap
            LLAP IO: may be used (ACID table)
        Map 6 
            Map Operator Tree:
                TableScan
                  alias: store
                  filterExpr: (s_state = 'NM') (type: boolean)
                  Statistics: Num rows: 1704 Data size: 159230 Basic stats: COMPLETE Column stats: COMPLETE
                  Filter Operator
                    predicate: (s_state = 'NM') (type: boolean)
                    Statistics: Num rows: 40 Data size: 3760 Basic stats: COMPLETE Column stats: COMPLETE
                    Select Operator
                      expressions: s_store_sk (type: bigint)
                      outputColumnNames: _col0
                      Statistics: Num rows: 40 Data size: 320 Basic stats: COMPLETE Column stats: COMPLETE
                      Reduce Output Operator
                        key expressions: _col0 (type: bigint)
                        null sort order: z
                        sort order: +
                        Map-reduce partition columns: _col0 (type: bigint)
                        Statistics: Num rows: 40 Data size: 320 Basic stats: COMPLETE Column stats: COMPLETE
                      Select Operator
                        expressions: _col0 (type: bigint)
                        outputColumnNames: _col0
                        Statistics: Num rows: 40 Data size: 320 Basic stats: COMPLETE Column stats: COMPLETE
                        Group By Operator
                          aggregations: min(_col0), max(_col0), bloom_filter(_col0, expectedEntries=1000000)
                          minReductionHashAggr: 0.975
                          mode: hash
                          outputColumnNames: _col0, _col1, _col2
                          Statistics: Num rows: 1 Data size: 160 Basic stats: COMPLETE Column stats: COMPLETE
                          Reduce Output Operator
                            null sort order: 
                            sort order: 
                            Statistics: Num rows: 1 Data size: 160 Basic stats: COMPLETE Column stats: COMPLETE
                            value expressions: _col0 (type: bigint), _col1 (type: bigint), _col2 (type: binary)
            Execution mode: vectorized, llap
            LLAP IO: may be used (ACID table)
        Map 8 
            Map Operator Tree:
                TableScan
                  alias: store_returns
                  filterExpr: (sr_store_sk is not null and sr_store_sk BETWEEN DynamicValue(RS_41_store_s_store_sk_min) AND DynamicValue(RS_41_store_s_store_sk_max) and in_bloom_filter(sr_store_sk, DynamicValue(RS_41_store_s_store_sk_bloom_filter))) (type: boolean)
                  Statistics: Num rows: 8332595709 Data size: 1113890910776 Basic stats: COMPLETE Column stats: COMPLETE
                  Filter Operator
                    predicate: (sr_store_sk is not null and sr_store_sk BETWEEN DynamicValue(RS_41_store_s_store_sk_min) AND DynamicValue(RS_41_store_s_store_sk_max) and in_bloom_filter(sr_store_sk, DynamicValue(RS_41_store_s_store_sk_bloom_filter))) (type: boolean)
                    Statistics: Num rows: 8180935974 Data size: 1093617228248 Basic stats: COMPLETE Column stats: COMPLETE
                    Select Operator
                      expressions: sr_customer_sk (type: bigint), sr_store_sk (type: bigint), sr_fee (type: decimal(7,2)), sr_returned_date_sk (type: bigint)
                      outputColumnNames: _col0, _col1, _col2, _col3
                      Statistics: Num rows: 8180935974 Data size: 1093617228248 Basic stats: COMPLETE Column stats: COMPLETE
                      Map Join Operator
                        condition map:
                             Inner Join 0 to 1
                        keys:
                          0 _col3 (type: bigint)
                          1 _col0 (type: bigint)
                        outputColumnNames: _col0, _col1, _col2
                        input vertices:
                          1 Map 5
                        Statistics: Num rows: 1499681380 Data size: 172969152424 Basic stats: COMPLETE Column stats: COMPLETE
                        Group By Operator
                          aggregations: sum(_col2)
                          keys: _col1 (type: bigint), _col0 (type: bigint)
                          minReductionHashAggr: 0.87820673
                          mode: hash
                          outputColumnNames: _col0, _col1, _col2
                          Statistics: Num rows: 1499681380 Data size: 189585719944 Basic stats: COMPLETE Column stats: COMPLETE
                          Reduce Output Operator
                            key expressions: _col0 (type: bigint), _col1 (type: bigint)
                            null sort order: zz
                            sort order: ++
                            Map-reduce partition columns: _col0 (type: bigint), _col1 (type: bigint)
                            Statistics: Num rows: 1499681380 Data size: 189585719944 Basic stats: COMPLETE Column stats: COMPLETE
                            value expressions: _col2 (type: decimal(17,2))
            Execution mode: vectorized, llap
            LLAP IO: may be used (ACID table)
        Reducer 10 
            Execution mode: vectorized, llap
            Reduce Operator Tree:
              Group By Operator
                aggregations: sum(VALUE._col0), count(VALUE._col1)
                keys: KEY._col0 (type: bigint)
                mode: mergepartial
                outputColumnNames: _col0, _col1, _col2
                Statistics: Num rows: 161 Data size: 20488 Basic stats: COMPLETE Column stats: COMPLETE
                Filter Operator
                  predicate: CAST( (_col1 / _col2) AS decimal(21,6)) is not null (type: boolean)
                  Statistics: Num rows: 161 Data size: 20488 Basic stats: COMPLETE Column stats: COMPLETE
                  Select Operator
                    expressions: (CAST( (_col1 / _col2) AS decimal(21,6)) * 1.2) (type: decimal(24,7)), _col0 (type: bigint)
                    outputColumnNames: _col0, _col1
                    Statistics: Num rows: 161 Data size: 19200 Basic stats: COMPLETE Column stats: COMPLETE
                    Reduce Output Operator
                      key expressions: _col1 (type: bigint)
                      null sort order: z
                      sort order: +
                      Map-reduce partition columns: _col1 (type: bigint)
                      Statistics: Num rows: 161 Data size: 19200 Basic stats: COMPLETE Column stats: COMPLETE
                      value expressions: _col0 (type: decimal(24,7))
                    Select Operator
                      expressions: _col1 (type: bigint)
                      outputColumnNames: _col1
                      Statistics: Num rows: 161 Data size: 1168 Basic stats: COMPLETE Column stats: COMPLETE
                      Group By Operator
                        aggregations: min(_col1), max(_col1), bloom_filter(_col1, expectedEntries=1000000)
                        minReductionHashAggr: 0.99
                        mode: hash
                        outputColumnNames: _col0, _col1, _col2
                        Statistics: Num rows: 1 Data size: 160 Basic stats: COMPLETE Column stats: COMPLETE
                        Reduce Output Operator
                          null sort order: 
                          sort order: 
                          Statistics: Num rows: 1 Data size: 160 Basic stats: COMPLETE Column stats: COMPLETE
                          value expressions: _col0 (type: bigint), _col1 (type: bigint), _col2 (type: binary)
        Reducer 11 
            Execution mode: vectorized, llap
            Reduce Operator Tree:
              Group By Operator
                aggregations: min(VALUE._col0), max(VALUE._col1), bloom_filter(VALUE._col2, 1, expectedEntries=1000000)
                mode: final
                outputColumnNames: _col0, _col1, _col2
                Statistics: Num rows: 1 Data size: 160 Basic stats: COMPLETE Column stats: COMPLETE
                Reduce Output Operator
                  null sort order: 
                  sort order: 
                  Statistics: Num rows: 1 Data size: 160 Basic stats: COMPLETE Column stats: COMPLETE
                  value expressions: _col0 (type: bigint), _col1 (type: bigint), _col2 (type: binary)
        Reducer 2 
            Execution mode: vectorized, llap
            Reduce Operator Tree:
              Group By Operator
                aggregations: sum(VALUE._col0)
                keys: KEY._col0 (type: bigint), KEY._col1 (type: bigint)
                mode: mergepartial
                outputColumnNames: _col0, _col1, _col2
                Statistics: Num rows: 1472589806 Data size: 186160875424 Basic stats: COMPLETE Column stats: COMPLETE
                Filter Operator
                  predicate: _col2 is not null (type: boolean)
                  Statistics: Num rows: 1472589806 Data size: 186160875424 Basic stats: COMPLETE Column stats: COMPLETE
                  Select Operator
                    expressions: _col1 (type: bigint), _col0 (type: bigint), _col2 (type: decimal(17,2))
                    outputColumnNames: _col0, _col1, _col2
                    Statistics: Num rows: 1472589806 Data size: 186160875424 Basic stats: COMPLETE Column stats: COMPLETE
                    Map Join Operator
                      condition map:
                           Inner Join 0 to 1
                      keys:
                        0 _col1 (type: bigint)
                        1 _col0 (type: bigint)
                      outputColumnNames: _col0, _col1, _col2
                      input vertices:
                        1 Map 6
                      Statistics: Num rows: 34608481 Data size: 3876149888 Basic stats: COMPLETE Column stats: COMPLETE
                      Map Join Operator
                        condition map:
                             Inner Join 0 to 1
                        keys:
                          0 _col1 (type: bigint)
                          1 _col1 (type: bigint)
                        outputColumnNames: _col0, _col2, _col4
                        input vertices:
                          1 Reducer 10
                        Statistics: Num rows: 34824784 Data size: 7802482048 Basic stats: COMPLETE Column stats: COMPLETE
                        Filter Operator
                          predicate: (_col2 > _col4) (type: boolean)
                          Statistics: Num rows: 11608261 Data size: 2600827280 Basic stats: COMPLETE Column stats: COMPLETE
                          Reduce Output Operator
                            key expressions: _col0 (type: bigint)
                            null sort order: z
                            sort order: +
                            Map-reduce partition columns: _col0 (type: bigint)
                            Statistics: Num rows: 11608261 Data size: 2600827280 Basic stats: COMPLETE Column stats: COMPLETE
        Reducer 3 
            Execution mode: vectorized, llap
            Reduce Operator Tree:
              Map Join Operator
                condition map:
                     Inner Join 0 to 1
                keys:
                  0 KEY.reducesinkkey0 (type: bigint)
                  1 KEY.reducesinkkey0 (type: bigint)
                outputColumnNames: _col7
                input vertices:
                  1 Map 12
                Statistics: Num rows: 11608261 Data size: 1160826100 Basic stats: COMPLETE Column stats: COMPLETE
                DynamicPartitionHashJoin: true
                Top N Key Operator
                  sort order: +
                  keys: _col7 (type: string)
                  null sort order: z
                  Statistics: Num rows: 11608261 Data size: 1160826100 Basic stats: COMPLETE Column stats: COMPLETE
                  top n: 100
                  Select Operator
                    expressions: _col7 (type: string)
                    outputColumnNames: _col0
                    Statistics: Num rows: 11608261 Data size: 1160826100 Basic stats: COMPLETE Column stats: COMPLETE
                    Reduce Output Operator
                      key expressions: _col0 (type: string)
                      null sort order: z
                      sort order: +
                      Statistics: Num rows: 11608261 Data size: 1160826100 Basic stats: COMPLETE Column stats: COMPLETE
        Reducer 4 
            Execution mode: vectorized, llap
            Reduce Operator Tree:
              Select Operator
                expressions: KEY.reducesinkkey0 (type: string)
                outputColumnNames: _col0
                Statistics: Num rows: 11608261 Data size: 1160826100 Basic stats: COMPLETE Column stats: COMPLETE
                Limit
                  Number of rows: 100
                  Statistics: Num rows: 100 Data size: 10000 Basic stats: COMPLETE Column stats: COMPLETE
                  File Output Operator
                    compressed: false
                    Statistics: Num rows: 100 Data size: 10000 Basic stats: COMPLETE Column stats: COMPLETE
                    table:
                        input format: org.apache.hadoop.mapred.SequenceFileInputFormat
                        output format: org.apache.hadoop.hive.ql.io.HiveSequenceFileOutputFormat
                        serde: org.apache.hadoop.hive.serde2.lazy.LazySimpleSerDe
        Reducer 7 
            Execution mode: vectorized, llap
            Reduce Operator Tree:
              Group By Operator
                aggregations: min(VALUE._col0), max(VALUE._col1), bloom_filter(VALUE._col2, 1, expectedEntries=1000000)
                mode: final
                outputColumnNames: _col0, _col1, _col2
                Statistics: Num rows: 1 Data size: 160 Basic stats: COMPLETE Column stats: COMPLETE
                Reduce Output Operator
                  null sort order: 
                  sort order: 
                  Statistics: Num rows: 1 Data size: 160 Basic stats: COMPLETE Column stats: COMPLETE
                  value expressions: _col0 (type: bigint), _col1 (type: bigint), _col2 (type: binary)
                Reduce Output Operator
                  null sort order: 
                  sort order: 
                  Statistics: Num rows: 1 Data size: 160 Basic stats: COMPLETE Column stats: COMPLETE
                  value expressions: _col0 (type: bigint), _col1 (type: bigint), _col2 (type: binary)
        Reducer 9 
            Execution mode: vectorized, llap
            Reduce Operator Tree:
              Group By Operator
                aggregations: sum(VALUE._col0)
                keys: KEY._col0 (type: bigint), KEY._col1 (type: bigint)
                mode: mergepartial
                outputColumnNames: _col0, _col1, _col2
                Statistics: Num rows: 1499681380 Data size: 189585719944 Basic stats: COMPLETE Column stats: COMPLETE
                Select Operator
                  expressions: _col0 (type: bigint), _col2 (type: decimal(17,2))
                  outputColumnNames: _col1, _col2
                  Statistics: Num rows: 1499681380 Data size: 189585719944 Basic stats: COMPLETE Column stats: COMPLETE
                  Group By Operator
                    aggregations: sum(_col2), count(_col2)
                    keys: _col1 (type: bigint)
                    minReductionHashAggr: 0.99
                    mode: hash
                    outputColumnNames: _col0, _col1, _col2
                    Statistics: Num rows: 119301 Data size: 15175776 Basic stats: COMPLETE Column stats: COMPLETE
                    Reduce Output Operator
                      key expressions: _col0 (type: bigint)
                      null sort order: z
                      sort order: +
                      Map-reduce partition columns: _col0 (type: bigint)
                      Statistics: Num rows: 119301 Data size: 15175776 Basic stats: COMPLETE Column stats: COMPLETE
                      value expressions: _col1 (type: decimal(27,2)), _col2 (type: bigint)

  Stage: Stage-0
    Fetch Operator
      limit: 100
      Processor Tree:
        ListSink

