STAGE DEPENDENCIES:
  Stage-1 is a root stage
  Stage-0 depends on stages: Stage-1

STAGE PLANS:
  Stage: Stage-1
    Tez
#### A masked pattern was here ####
      Edges:
        Map 1 <- Map 5 (BROADCAST_EDGE), Reducer 9 (BROADCAST_EDGE)
        Map 7 <- Map 5 (BROADCAST_EDGE), Map 6 (BROADCAST_EDGE)
        Reducer 2 <- Map 1 (SIMPLE_EDGE)
        Reducer 3 <- Reducer 2 (SIMPLE_EDGE)
        Reducer 4 <- Reducer 3 (SIMPLE_EDGE)
        Reducer 8 <- Map 7 (SIMPLE_EDGE)
        Reducer 9 <- Map 6 (BROADCAST_EDGE), Reducer 8 (SIMPLE_EDGE)
#### A masked pattern was here ####
      Vertices:
        Map 1 
            Map Operator Tree:
                TableScan
                  alias: store_sales
                  filterExpr: ss_store_sk is not null (type: boolean)
                  probeDecodeDetails: cacheKey:HASH_MAP_MAPJOIN_123_container, bigKeyColName:ss_store_sk, smallTablePos:1, keyRatio:0.1919754858718087
                  Statistics: Num rows: 82510879939 Data size: 10327900046896 Basic stats: COMPLETE Column stats: COMPLETE
                  Filter Operator
                    predicate: ss_store_sk is not null (type: boolean)
                    Statistics: Num rows: 80569240632 Data size: 10084864744080 Basic stats: COMPLETE Column stats: COMPLETE
                    Select Operator
                      expressions: ss_store_sk (type: bigint), ss_net_profit (type: decimal(7,2)), ss_sold_date_sk (type: bigint)
                      outputColumnNames: _col0, _col1, _col2
                      Statistics: Num rows: 80569240632 Data size: 10084864744080 Basic stats: COMPLETE Column stats: COMPLETE
                      Map Join Operator
                        condition map:
                             Inner Join 0 to 1
                        keys:
                          0 _col2 (type: bigint)
                          1 _col0 (type: bigint)
                        outputColumnNames: _col0, _col1
                        input vertices:
                          1 Map 5
                        Statistics: Num rows: 15840066266 Data size: 1672809895104 Basic stats: COMPLETE Column stats: COMPLETE
                        Map Join Operator
                          condition map:
                               Inner Join 0 to 1
                          keys:
                            0 _col0 (type: bigint)
                            1 _col0 (type: bigint)
                          outputColumnNames: _col1, _col6, _col7
                          input vertices:
                            1 Reducer 9
                          Statistics: Num rows: 15840066266 Data size: 4475829148384 Basic stats: COMPLETE Column stats: COMPLETE
                          Select Operator
                            expressions: _col7 (type: char(2)), _col6 (type: varchar(30)), _col1 (type: decimal(7,2))
                            outputColumnNames: _col0, _col1, _col2
                            Statistics: Num rows: 15840066266 Data size: 4475829148384 Basic stats: COMPLETE Column stats: COMPLETE
                            Group By Operator
                              aggregations: sum(_col2)
                              keys: _col0 (type: char(2)), _col1 (type: varchar(30)), 0L (type: bigint)
                              grouping sets: 0, 1, 3
                              minReductionHashAggr: 0.99
                              mode: hash
                              outputColumnNames: _col0, _col1, _col2, _col3
                              Statistics: Num rows: 10752660 Data size: 3268808640 Basic stats: COMPLETE Column stats: COMPLETE
                              Reduce Output Operator
                                key expressions: _col0 (type: char(2)), _col1 (type: varchar(30)), _col2 (type: bigint)
                                null sort order: zzz
                                sort order: +++
                                Map-reduce partition columns: _col0 (type: char(2)), _col1 (type: varchar(30)), _col2 (type: bigint)
                                Statistics: Num rows: 10752660 Data size: 3268808640 Basic stats: COMPLETE Column stats: COMPLETE
                                value expressions: _col3 (type: decimal(17,2))
            Execution mode: vectorized, llap
            LLAP IO: may be used (ACID table)
        Map 5 
            Map Operator Tree:
                TableScan
                  alias: d1
                  filterExpr: d_month_seq BETWEEN 1212 AND 1223 (type: boolean)
                  Statistics: Num rows: 73049 Data size: 876588 Basic stats: COMPLETE Column stats: COMPLETE
                  Filter Operator
                    predicate: d_month_seq BETWEEN 1212 AND 1223 (type: boolean)
                    Statistics: Num rows: 359 Data size: 4308 Basic stats: COMPLETE Column stats: COMPLETE
                    Select Operator
                      expressions: d_date_sk (type: bigint)
                      outputColumnNames: _col0
                      Statistics: Num rows: 359 Data size: 4308 Basic stats: COMPLETE Column stats: COMPLETE
                      Reduce Output Operator
                        key expressions: _col0 (type: bigint)
                        null sort order: z
                        sort order: +
                        Map-reduce partition columns: _col0 (type: bigint)
                        Statistics: Num rows: 359 Data size: 4308 Basic stats: COMPLETE Column stats: COMPLETE
                      Select Operator
                        expressions: _col0 (type: bigint)
                        outputColumnNames: _col0
                        Statistics: Num rows: 359 Data size: 2872 Basic stats: COMPLETE Column stats: COMPLETE
                        Group By Operator
                          keys: _col0 (type: bigint)
                          minReductionHashAggr: 0.4
                          mode: hash
                          outputColumnNames: _col0
                          Statistics: Num rows: 359 Data size: 2872 Basic stats: COMPLETE Column stats: COMPLETE
                          Dynamic Partitioning Event Operator
                            Target column: ss_sold_date_sk (bigint)
                            Target Input: store_sales
                            Partition key expr: ss_sold_date_sk
                            Statistics: Num rows: 359 Data size: 2872 Basic stats: COMPLETE Column stats: COMPLETE
                            Target Vertex: Map 1
                      Reduce Output Operator
                        key expressions: _col0 (type: bigint)
                        null sort order: z
                        sort order: +
                        Map-reduce partition columns: _col0 (type: bigint)
                        Statistics: Num rows: 359 Data size: 2872 Basic stats: COMPLETE Column stats: COMPLETE
                      Select Operator
                        expressions: _col0 (type: bigint)
                        outputColumnNames: _col0
                        Statistics: Num rows: 359 Data size: 2872 Basic stats: COMPLETE Column stats: COMPLETE
                        Group By Operator
                          keys: _col0 (type: bigint)
                          minReductionHashAggr: 0.4
                          mode: hash
                          outputColumnNames: _col0
                          Statistics: Num rows: 359 Data size: 2872 Basic stats: COMPLETE Column stats: COMPLETE
                          Dynamic Partitioning Event Operator
                            Target column: ss_sold_date_sk (bigint)
                            Target Input: store_sales
                            Partition key expr: ss_sold_date_sk
                            Statistics: Num rows: 359 Data size: 2872 Basic stats: COMPLETE Column stats: COMPLETE
                            Target Vertex: Map 7
            Execution mode: vectorized, llap
            LLAP IO: may be used (ACID table)
        Map 6 
            Map Operator Tree:
                TableScan
                  alias: store
                  filterExpr: s_state is not null (type: boolean)
                  Statistics: Num rows: 1704 Data size: 327168 Basic stats: COMPLETE Column stats: COMPLETE
                  Filter Operator
                    predicate: s_state is not null (type: boolean)
                    Statistics: Num rows: 1704 Data size: 327168 Basic stats: COMPLETE Column stats: COMPLETE
                    Select Operator
                      expressions: s_store_sk (type: bigint), s_county (type: varchar(30)), s_state (type: char(2))
                      outputColumnNames: _col0, _col1, _col2
                      Statistics: Num rows: 1704 Data size: 327168 Basic stats: COMPLETE Column stats: COMPLETE
                      Reduce Output Operator
                        key expressions: _col2 (type: char(2))
                        null sort order: z
                        sort order: +
                        Map-reduce partition columns: _col2 (type: char(2))
                        Statistics: Num rows: 1704 Data size: 327168 Basic stats: COMPLETE Column stats: COMPLETE
                        value expressions: _col0 (type: bigint), _col1 (type: varchar(30))
                    Select Operator
                      expressions: s_store_sk (type: bigint), s_state (type: char(2))
                      outputColumnNames: _col0, _col1
                      Statistics: Num rows: 1704 Data size: 160176 Basic stats: COMPLETE Column stats: COMPLETE
                      Reduce Output Operator
                        key expressions: _col0 (type: bigint)
                        null sort order: z
                        sort order: +
                        Map-reduce partition columns: _col0 (type: bigint)
                        Statistics: Num rows: 1704 Data size: 160176 Basic stats: COMPLETE Column stats: COMPLETE
                        value expressions: _col1 (type: char(2))
            Execution mode: vectorized, llap
            LLAP IO: may be used (ACID table)
        Map 7 
            Map Operator Tree:
                TableScan
                  alias: store_sales
                  filterExpr: ss_store_sk is not null (type: boolean)
                  probeDecodeDetails: cacheKey:HASH_MAP_MAPJOIN_121_container, bigKeyColName:ss_store_sk, smallTablePos:1, keyRatio:0.1919754858718087
                  Statistics: Num rows: 82510879939 Data size: 10327900046896 Basic stats: COMPLETE Column stats: COMPLETE
                  Filter Operator
                    predicate: ss_store_sk is not null (type: boolean)
                    Statistics: Num rows: 80569240632 Data size: 10084864744080 Basic stats: COMPLETE Column stats: COMPLETE
                    Select Operator
                      expressions: ss_store_sk (type: bigint), ss_net_profit (type: decimal(7,2)), ss_sold_date_sk (type: bigint)
                      outputColumnNames: _col0, _col1, _col2
                      Statistics: Num rows: 80569240632 Data size: 10084864744080 Basic stats: COMPLETE Column stats: COMPLETE
                      Map Join Operator
                        condition map:
                             Inner Join 0 to 1
                        keys:
                          0 _col2 (type: bigint)
                          1 _col0 (type: bigint)
                        outputColumnNames: _col0, _col1
                        input vertices:
                          1 Map 5
                        Statistics: Num rows: 15840066266 Data size: 1672809895104 Basic stats: COMPLETE Column stats: COMPLETE
                        Map Join Operator
                          condition map:
                               Inner Join 0 to 1
                          keys:
                            0 _col0 (type: bigint)
                            1 _col0 (type: bigint)
                          outputColumnNames: _col1, _col5
                          input vertices:
                            1 Map 6
                          Statistics: Num rows: 15840066266 Data size: 2923502654316 Basic stats: COMPLETE Column stats: COMPLETE
                          Group By Operator
                            aggregations: sum(_col1)
                            keys: _col5 (type: char(2))
                            minReductionHashAggr: 0.99
                            mode: hash
                            outputColumnNames: _col0, _col1
                            Statistics: Num rows: 502480 Data size: 99491040 Basic stats: COMPLETE Column stats: COMPLETE
                            Reduce Output Operator
                              key expressions: _col0 (type: char(2))
                              null sort order: z
                              sort order: +
                              Map-reduce partition columns: _col0 (type: char(2))
                              Statistics: Num rows: 502480 Data size: 99491040 Basic stats: COMPLETE Column stats: COMPLETE
                              value expressions: _col1 (type: decimal(17,2))
            Execution mode: vectorized, llap
            LLAP IO: may be used (ACID table)
        Reducer 2 
            Execution mode: vectorized, llap
            Reduce Operator Tree:
              Group By Operator
                aggregations: sum(VALUE._col0)
                keys: KEY._col0 (type: char(2)), KEY._col1 (type: varchar(30)), KEY._col2 (type: bigint)
                mode: mergepartial
                outputColumnNames: _col0, _col1, _col2, _col3
                Statistics: Num rows: 615 Data size: 186960 Basic stats: COMPLETE Column stats: COMPLETE
                Select Operator
                  expressions: _col0 (type: char(2)), _col1 (type: varchar(30)), _col3 (type: decimal(17,2)), _col2 (type: bigint)
                  outputColumnNames: _col0, _col1, _col2, _col3
                  Statistics: Num rows: 615 Data size: 186960 Basic stats: COMPLETE Column stats: COMPLETE
                  Reduce Output Operator
                    key expressions: (grouping(_col3, 1L) + grouping(_col3, 0L)) (type: bigint), CASE WHEN ((grouping(_col3, 0L) = UDFToLong(0))) THEN (_col0) ELSE (CAST( null AS CHAR(2))) END (type: char(2)), _col2 (type: decimal(17,2))
                    null sort order: aaa
                    sort order: ++-
                    Map-reduce partition columns: (grouping(_col3, 1L) + grouping(_col3, 0L)) (type: bigint), CASE WHEN ((grouping(_col3, 0L) = UDFToLong(0))) THEN (_col0) ELSE (CAST( null AS CHAR(2))) END (type: char(2))
                    Statistics: Num rows: 615 Data size: 186960 Basic stats: COMPLETE Column stats: COMPLETE
                    value expressions: _col0 (type: char(2)), _col1 (type: varchar(30)), _col3 (type: bigint)
        Reducer 3 
            Execution mode: vectorized, llap
            Reduce Operator Tree:
              Select Operator
                expressions: VALUE._col0 (type: char(2)), VALUE._col1 (type: varchar(30)), KEY.reducesinkkey2 (type: decimal(17,2)), VALUE._col2 (type: bigint)
                outputColumnNames: _col0, _col1, _col2, _col3
                Statistics: Num rows: 615 Data size: 186960 Basic stats: COMPLETE Column stats: COMPLETE
                PTF Operator
                  Function definitions:
                      Input definition
                        input alias: ptf_0
                        output shape: _col0: char(2), _col1: varchar(30), _col2: decimal(17,2), _col3: bigint
                        type: WINDOWING
                      Windowing table definition
                        input alias: ptf_1
                        name: windowingtablefunction
                        order by: _col2 DESC NULLS FIRST
                        partition by: (grouping(_col3, 1L) + grouping(_col3, 0L)), CASE WHEN ((grouping(_col3, 0L) = UDFToLong(0))) THEN (_col0) ELSE (CAST( null AS CHAR(2))) END
                        raw input shape:
                        window functions:
                            window function definition
                              alias: rank_window_0
                              arguments: _col2
                              name: rank
                              window function: GenericUDAFRankEvaluator
                              window frame: ROWS PRECEDING(MAX)~FOLLOWING(MAX)
                              isPivotResult: true
                  Statistics: Num rows: 615 Data size: 186960 Basic stats: COMPLETE Column stats: COMPLETE
                  Top N Key Operator
                    sort order: -++
                    keys: (grouping(_col3, 1L) + grouping(_col3, 0L)) (type: bigint), CASE WHEN (((grouping(_col3, 1L) + grouping(_col3, 0L)) = 0L)) THEN (_col0) ELSE (null) END (type: char(2)), rank_window_0 (type: int)
                    null sort order: azz
                    Statistics: Num rows: 615 Data size: 186960 Basic stats: COMPLETE Column stats: COMPLETE
                    top n: 100
                    Select Operator
                      expressions: _col2 (type: decimal(17,2)), _col0 (type: char(2)), _col1 (type: varchar(30)), (grouping(_col3, 1L) + grouping(_col3, 0L)) (type: bigint), rank_window_0 (type: int), CASE WHEN (((grouping(_col3, 1L) + grouping(_col3, 0L)) = 0L)) THEN (_col0) ELSE (null) END (type: char(2))
                      outputColumnNames: _col0, _col1, _col2, _col3, _col4, _col5
                      Statistics: Num rows: 615 Data size: 242310 Basic stats: COMPLETE Column stats: COMPLETE
                      Reduce Output Operator
                        key expressions: _col3 (type: bigint), _col5 (type: char(2)), _col4 (type: int)
                        null sort order: azz
                        sort order: -++
                        Statistics: Num rows: 615 Data size: 242310 Basic stats: COMPLETE Column stats: COMPLETE
                        value expressions: _col0 (type: decimal(17,2)), _col1 (type: char(2)), _col2 (type: varchar(30))
        Reducer 4 
            Execution mode: vectorized, llap
            Reduce Operator Tree:
              Select Operator
                expressions: VALUE._col0 (type: decimal(17,2)), VALUE._col1 (type: char(2)), VALUE._col2 (type: varchar(30)), KEY.reducesinkkey0 (type: bigint), KEY.reducesinkkey2 (type: int)
                outputColumnNames: _col0, _col1, _col2, _col3, _col4
                Statistics: Num rows: 615 Data size: 242310 Basic stats: COMPLETE Column stats: COMPLETE
                Limit
                  Number of rows: 100
                  Statistics: Num rows: 100 Data size: 39400 Basic stats: COMPLETE Column stats: COMPLETE
                  File Output Operator
                    compressed: false
                    Statistics: Num rows: 100 Data size: 39400 Basic stats: COMPLETE Column stats: COMPLETE
                    table:
                        input format: org.apache.hadoop.mapred.SequenceFileInputFormat
                        output format: org.apache.hadoop.hive.ql.io.HiveSequenceFileOutputFormat
                        serde: org.apache.hadoop.hive.serde2.lazy.LazySimpleSerDe
        Reducer 8 
            Execution mode: vectorized, llap
            Reduce Operator Tree:
              Group By Operator
                aggregations: sum(VALUE._col0)
                keys: KEY._col0 (type: char(2))
                mode: mergepartial
                outputColumnNames: _col0, _col1
                Statistics: Num rows: 44 Data size: 8712 Basic stats: COMPLETE Column stats: COMPLETE
                Top N Key Operator
                  sort order: +-
                  keys: _col0 (type: char(2)), _col1 (type: decimal(17,2))
                  null sort order: aa
                  Map-reduce partition columns: _col0 (type: char(2))
                  Statistics: Num rows: 44 Data size: 8712 Basic stats: COMPLETE Column stats: COMPLETE
                  top n: 6
                  Reduce Output Operator
                    key expressions: _col0 (type: char(2)), _col1 (type: decimal(17,2))
                    null sort order: aa
                    sort order: +-
                    Map-reduce partition columns: _col0 (type: char(2))
                    Statistics: Num rows: 44 Data size: 8712 Basic stats: COMPLETE Column stats: COMPLETE
        Reducer 9 
            Execution mode: vectorized, llap
            Reduce Operator Tree:
              Select Operator
                expressions: KEY.reducesinkkey0 (type: char(2)), KEY.reducesinkkey1 (type: decimal(17,2))
                outputColumnNames: _col0, _col1
                Statistics: Num rows: 44 Data size: 8712 Basic stats: COMPLETE Column stats: COMPLETE
                PTF Operator
                  Function definitions:
                      Input definition
                        input alias: ptf_0
                        output shape: _col0: char(2), _col1: decimal(17,2)
                        type: WINDOWING
                      Windowing table definition
                        input alias: ptf_1
                        name: windowingtablefunction
                        order by: _col1 DESC NULLS FIRST
                        partition by: _col0
                        raw input shape:
                        window functions:
                            window function definition
                              alias: rank_window_0
                              arguments: _col1
                              name: rank
                              window function: GenericUDAFRankEvaluator
                              window frame: ROWS PRECEDING(MAX)~FOLLOWING(MAX)
                              isPivotResult: true
                  Statistics: Num rows: 44 Data size: 8712 Basic stats: COMPLETE Column stats: COMPLETE
                  Filter Operator
                    predicate: (rank_window_0 <= 5) (type: boolean)
                    Statistics: Num rows: 14 Data size: 2772 Basic stats: COMPLETE Column stats: COMPLETE
                    Select Operator
                      expressions: _col0 (type: char(2))
                      outputColumnNames: _col0
                      Statistics: Num rows: 14 Data size: 1204 Basic stats: COMPLETE Column stats: COMPLETE
                      Map Join Operator
                        condition map:
                             Inner Join 0 to 1
                        keys:
                          0 _col2 (type: char(2))
                          1 _col0 (type: char(2))
                        outputColumnNames: _col0, _col1, _col2
                        input vertices:
                          0 Map 6
                        Statistics: Num rows: 542 Data size: 104064 Basic stats: COMPLETE Column stats: COMPLETE
                        Reduce Output Operator
                          key expressions: _col0 (type: bigint)
                          null sort order: z
                          sort order: +
                          Map-reduce partition columns: _col0 (type: bigint)
                          Statistics: Num rows: 542 Data size: 104064 Basic stats: COMPLETE Column stats: COMPLETE
                          value expressions: _col1 (type: varchar(30)), _col2 (type: char(2))

  Stage: Stage-0
    Fetch Operator
      limit: -1
      Processor Tree:
        ListSink

