STAGE DEPENDENCIES:
  Stage-1 is a root stage
  Stage-0 depends on stages: Stage-1

STAGE PLANS:
  Stage: Stage-1
    Tez
#### A masked pattern was here ####
      Edges:
        Map 2 <- Map 6 (BROADCAST_EDGE), Map 7 (BROADCAST_EDGE), Map 8 (BROADCAST_EDGE)
        Reducer 3 <- Map 2 (SIMPLE_EDGE)
        Reducer 4 <- Map 1 (CUSTOM_SIMPLE_EDGE), Reducer 3 (CUSTOM_SIMPLE_EDGE)
        Reducer 5 <- Reducer 4 (SIMPLE_EDGE)
#### A masked pattern was here ####
      Vertices:
        Map 1 
            Map Operator Tree:
                TableScan
                  alias: customer
                  Statistics: Num rows: 80000000 Data size: 15040000000 Basic stats: COMPLETE Column stats: COMPLETE
                  Select Operator
                    expressions: c_customer_sk (type: bigint), c_first_name (type: char(20)), c_last_name (type: char(30))
                    outputColumnNames: _col0, _col1, _col2
                    Statistics: Num rows: 80000000 Data size: 15040000000 Basic stats: COMPLETE Column stats: COMPLETE
                    Reduce Output Operator
                      key expressions: _col0 (type: bigint)
                      null sort order: z
                      sort order: +
                      Map-reduce partition columns: _col0 (type: bigint)
                      Statistics: Num rows: 80000000 Data size: 15040000000 Basic stats: COMPLETE Column stats: COMPLETE
                      value expressions: _col1 (type: char(20)), _col2 (type: char(30))
            Execution mode: vectorized, llap
            LLAP IO: may be used (ACID table)
        Map 2 
            Map Operator Tree:
                TableScan
                  alias: store_sales
                  filterExpr: (ss_hdemo_sk is not null and ss_customer_sk is not null and ss_store_sk is not null) (type: boolean)
                  probeDecodeDetails: cacheKey:HASH_MAP_MAPJOIN_92_container, bigKeyColName:ss_hdemo_sk, smallTablePos:1, keyRatio:7.078831306026657E-5
                  Statistics: Num rows: 82510879939 Data size: 21944977264808 Basic stats: COMPLETE Column stats: COMPLETE
                  Filter Operator
                    predicate: (ss_hdemo_sk is not null and ss_customer_sk is not null and ss_store_sk is not null) (type: boolean)
                    Statistics: Num rows: 76814649841 Data size: 20429981423176 Basic stats: COMPLETE Column stats: COMPLETE
                    Select Operator
                      expressions: ss_customer_sk (type: bigint), ss_hdemo_sk (type: bigint), ss_addr_sk (type: bigint), ss_store_sk (type: bigint), ss_ticket_number (type: bigint), ss_coupon_amt (type: decimal(7,2)), ss_net_profit (type: decimal(7,2)), ss_sold_date_sk (type: bigint)
                      outputColumnNames: _col0, _col1, _col2, _col3, _col4, _col5, _col6, _col7
                      Statistics: Num rows: 76814649841 Data size: 20429981423176 Basic stats: COMPLETE Column stats: COMPLETE
                      Map Join Operator
                        condition map:
                             Inner Join 0 to 1
                        keys:
                          0 _col7 (type: bigint)
                          1 _col0 (type: bigint)
                        outputColumnNames: _col0, _col1, _col2, _col3, _col4, _col5, _col6
                        input vertices:
                          1 Map 6
                        Statistics: Num rows: 6604454498 Data size: 1279972653896 Basic stats: COMPLETE Column stats: COMPLETE
                        Map Join Operator
                          condition map:
                               Inner Join 0 to 1
                          keys:
                            0 _col3 (type: bigint)
                            1 _col0 (type: bigint)
                          outputColumnNames: _col0, _col1, _col2, _col4, _col5, _col6, _col10
                          input vertices:
                            1 Map 7
                          Statistics: Num rows: 6348351959 Data size: 1766432268779 Basic stats: COMPLETE Column stats: COMPLETE
                          Map Join Operator
                            condition map:
                                 Inner Join 0 to 1
                            keys:
                              0 _col1 (type: bigint)
                              1 _col0 (type: bigint)
                            outputColumnNames: _col0, _col2, _col4, _col5, _col6, _col10
                            input vertices:
                              1 Map 8
                            Statistics: Num rows: 5713516612 Data size: 1513660477204 Basic stats: COMPLETE Column stats: COMPLETE
                            Group By Operator
                              aggregations: sum(_col5), sum(_col6)
                              keys: _col0 (type: bigint), _col2 (type: bigint), _col4 (type: bigint), _col10 (type: varchar(60))
                              minReductionHashAggr: 0.4
                              mode: hash
                              outputColumnNames: _col0, _col1, _col2, _col3, _col4, _col5
                              Statistics: Num rows: 5713516612 Data size: 1919324915684 Basic stats: COMPLETE Column stats: COMPLETE
                              Reduce Output Operator
                                key expressions: _col0 (type: bigint), _col1 (type: bigint), _col2 (type: bigint), _col3 (type: varchar(60))
                                null sort order: zzzz
                                sort order: ++++
                                Map-reduce partition columns: _col0 (type: bigint), _col1 (type: bigint), _col2 (type: bigint), _col3 (type: varchar(60))
                                Statistics: Num rows: 5713516612 Data size: 1919324915684 Basic stats: COMPLETE Column stats: COMPLETE
                                value expressions: _col4 (type: decimal(17,2)), _col5 (type: decimal(17,2))
            Execution mode: vectorized, llap
            LLAP IO: may be used (ACID table)
        Map 6 
            Map Operator Tree:
                TableScan
                  alias: date_dim
                  filterExpr: ((d_dow = 1) and (d_year) IN (1998, 1999, 2000)) (type: boolean)
                  Statistics: Num rows: 73049 Data size: 1168784 Basic stats: COMPLETE Column stats: COMPLETE
                  Filter Operator
                    predicate: ((d_dow = 1) and (d_year) IN (1998, 1999, 2000)) (type: boolean)
                    Statistics: Num rows: 157 Data size: 2512 Basic stats: COMPLETE Column stats: COMPLETE
                    Select Operator
                      expressions: d_date_sk (type: bigint)
                      outputColumnNames: _col0
                      Statistics: Num rows: 157 Data size: 1256 Basic stats: COMPLETE Column stats: COMPLETE
                      Reduce Output Operator
                        key expressions: _col0 (type: bigint)
                        null sort order: z
                        sort order: +
                        Map-reduce partition columns: _col0 (type: bigint)
                        Statistics: Num rows: 157 Data size: 1256 Basic stats: COMPLETE Column stats: COMPLETE
                      Select Operator
                        expressions: _col0 (type: bigint)
                        outputColumnNames: _col0
                        Statistics: Num rows: 157 Data size: 1256 Basic stats: COMPLETE Column stats: COMPLETE
                        Group By Operator
                          keys: _col0 (type: bigint)
                          minReductionHashAggr: 0.4
                          mode: hash
                          outputColumnNames: _col0
                          Statistics: Num rows: 157 Data size: 1256 Basic stats: COMPLETE Column stats: COMPLETE
                          Dynamic Partitioning Event Operator
                            Target column: ss_sold_date_sk (bigint)
                            Target Input: store_sales
                            Partition key expr: ss_sold_date_sk
                            Statistics: Num rows: 157 Data size: 1256 Basic stats: COMPLETE Column stats: COMPLETE
                            Target Vertex: Map 2
            Execution mode: vectorized, llap
            LLAP IO: may be used (ACID table)
        Map 7 
            Map Operator Tree:
                TableScan
                  alias: store
                  filterExpr: s_number_employees BETWEEN 200 AND 295 (type: boolean)
                  Statistics: Num rows: 1704 Data size: 178872 Basic stats: COMPLETE Column stats: COMPLETE
                  Filter Operator
                    predicate: s_number_employees BETWEEN 200 AND 295 (type: boolean)
                    Statistics: Num rows: 1636 Data size: 171736 Basic stats: COMPLETE Column stats: COMPLETE
                    Select Operator
                      expressions: s_store_sk (type: bigint), s_city (type: varchar(60))
                      outputColumnNames: _col0, _col1
                      Statistics: Num rows: 1636 Data size: 165236 Basic stats: COMPLETE Column stats: COMPLETE
                      Reduce Output Operator
                        key expressions: _col0 (type: bigint)
                        null sort order: z
                        sort order: +
                        Map-reduce partition columns: _col0 (type: bigint)
                        Statistics: Num rows: 1636 Data size: 165236 Basic stats: COMPLETE Column stats: COMPLETE
                        value expressions: _col1 (type: varchar(60))
            Execution mode: vectorized, llap
            LLAP IO: may be used (ACID table)
        Map 8 
            Map Operator Tree:
                TableScan
                  alias: household_demographics
                  filterExpr: ((hd_vehicle_count > 0) or (hd_dep_count = 8)) (type: boolean)
                  Statistics: Num rows: 7200 Data size: 115200 Basic stats: COMPLETE Column stats: COMPLETE
                  Filter Operator
                    predicate: ((hd_vehicle_count > 0) or (hd_dep_count = 8)) (type: boolean)
                    Statistics: Num rows: 6480 Data size: 103680 Basic stats: COMPLETE Column stats: COMPLETE
                    Select Operator
                      expressions: hd_demo_sk (type: bigint)
                      outputColumnNames: _col0
                      Statistics: Num rows: 6480 Data size: 51840 Basic stats: COMPLETE Column stats: COMPLETE
                      Reduce Output Operator
                        key expressions: _col0 (type: bigint)
                        null sort order: z
                        sort order: +
                        Map-reduce partition columns: _col0 (type: bigint)
                        Statistics: Num rows: 6480 Data size: 51840 Basic stats: COMPLETE Column stats: COMPLETE
            Execution mode: vectorized, llap
            LLAP IO: may be used (ACID table)
        Reducer 3 
            Execution mode: vectorized, llap
            Reduce Operator Tree:
              Group By Operator
                aggregations: sum(VALUE._col0), sum(VALUE._col1)
                keys: KEY._col0 (type: bigint), KEY._col1 (type: bigint), KEY._col2 (type: bigint), KEY._col3 (type: varchar(60))
                mode: mergepartial
                outputColumnNames: _col0, _col1, _col2, _col3, _col4, _col5
                Statistics: Num rows: 5713516612 Data size: 1919324915684 Basic stats: COMPLETE Column stats: COMPLETE
                Select Operator
                  expressions: _col2 (type: bigint), _col0 (type: bigint), _col3 (type: varchar(60)), _col4 (type: decimal(17,2)), _col5 (type: decimal(17,2)), substr(_col3, 1, 30) (type: string)
                  outputColumnNames: _col0, _col1, _col2, _col3, _col4, _col5
                  Statistics: Num rows: 5713516612 Data size: 2413759812276 Basic stats: COMPLETE Column stats: COMPLETE
                  Reduce Output Operator
                    key expressions: _col1 (type: bigint)
                    null sort order: z
                    sort order: +
                    Map-reduce partition columns: _col1 (type: bigint)
                    Statistics: Num rows: 5713516612 Data size: 2413759812276 Basic stats: COMPLETE Column stats: COMPLETE
                    value expressions: _col0 (type: bigint), _col2 (type: varchar(60)), _col3 (type: decimal(17,2)), _col4 (type: decimal(17,2)), _col5 (type: string)
        Reducer 4 
            Execution mode: vectorized, llap
            Reduce Operator Tree:
              Map Join Operator
                condition map:
                     Inner Join 0 to 1
                keys:
                  0 KEY.reducesinkkey0 (type: bigint)
                  1 KEY.reducesinkkey0 (type: bigint)
                outputColumnNames: _col1, _col2, _col3, _col5, _col6, _col7, _col8
                input vertices:
                  0 Map 1
                Statistics: Num rows: 5713516612 Data size: 3410969417364 Basic stats: COMPLETE Column stats: COMPLETE
                DynamicPartitionHashJoin: true
                Top N Key Operator
                  sort order: ++++
                  keys: _col2 (type: char(30)), _col1 (type: char(20)), substr(_col5, 1, 30) (type: string), _col7 (type: decimal(17,2))
                  null sort order: zzzz
                  Statistics: Num rows: 5713516612 Data size: 3410969417364 Basic stats: COMPLETE Column stats: COMPLETE
                  top n: 100
                  Select Operator
                    expressions: _col2 (type: char(30)), _col1 (type: char(20)), _col8 (type: string), _col3 (type: bigint), _col6 (type: decimal(17,2)), _col7 (type: decimal(17,2)), substr(_col5, 1, 30) (type: string)
                    outputColumnNames: _col0, _col1, _col2, _col3, _col4, _col5, _col6
                    Statistics: Num rows: 5713516612 Data size: 3405255900752 Basic stats: COMPLETE Column stats: COMPLETE
                    Reduce Output Operator
                      key expressions: _col0 (type: char(30)), _col1 (type: char(20)), _col6 (type: string), _col5 (type: decimal(17,2))
                      null sort order: zzzz
                      sort order: ++++
                      Statistics: Num rows: 5713516612 Data size: 3405255900752 Basic stats: COMPLETE Column stats: COMPLETE
                      value expressions: _col2 (type: string), _col3 (type: bigint), _col4 (type: decimal(17,2))
        Reducer 5 
            Execution mode: vectorized, llap
            Reduce Operator Tree:
              Select Operator
                expressions: KEY.reducesinkkey0 (type: char(30)), KEY.reducesinkkey1 (type: char(20)), VALUE._col0 (type: string), VALUE._col1 (type: bigint), VALUE._col2 (type: decimal(17,2)), KEY.reducesinkkey3 (type: decimal(17,2))
                outputColumnNames: _col0, _col1, _col2, _col3, _col4, _col5
                Statistics: Num rows: 5713516612 Data size: 3405255900752 Basic stats: COMPLETE Column stats: COMPLETE
                Limit
                  Number of rows: 100
                  Statistics: Num rows: 100 Data size: 59600 Basic stats: COMPLETE Column stats: COMPLETE
                  File Output Operator
                    compressed: false
                    Statistics: Num rows: 100 Data size: 59600 Basic stats: COMPLETE Column stats: COMPLETE
                    table:
                        input format: org.apache.hadoop.mapred.SequenceFileInputFormat
                        output format: org.apache.hadoop.hive.ql.io.HiveSequenceFileOutputFormat
                        serde: org.apache.hadoop.hive.serde2.lazy.LazySimpleSerDe

  Stage: Stage-0
    Fetch Operator
      limit: -1
      Processor Tree:
        ListSink

