STAGE DEPENDENCIES:
  Stage-1 is a root stage
  Stage-0 depends on stages: Stage-1

STAGE PLANS:
  Stage: Stage-1
    Tez
#### A masked pattern was here ####
      Edges:
        Map 1 <- Map 2 (BROADCAST_EDGE), Map 4 (BROADCAST_EDGE)
        Map 5 <- Map 1 (BROADCAST_EDGE), Reducer 3 (BROADCAST_EDGE)
        Reducer 3 <- Map 2 (CUSTOM_SIMPLE_EDGE)
        Reducer 6 <- Map 5 (SIMPLE_EDGE)
        Reducer 7 <- Reducer 6 (SIMPLE_EDGE)
#### A masked pattern was here ####
      Vertices:
        Map 1 
            Map Operator Tree:
                TableScan
                  alias: inventory
                  filterExpr: inv_quantity_on_hand BETWEEN 100 AND 500 (type: boolean)
                  probeDecodeDetails: cacheKey:HASH_MAP_MAPJOIN_81_container, bigKeyColName:inv_item_sk, smallTablePos:1, keyRatio:6.143045734361187E-10
                  Statistics: Num rows: 1627857000 Data size: 32231551088 Basic stats: COMPLETE Column stats: COMPLETE
                  Filter Operator
                    predicate: inv_quantity_on_hand BETWEEN 100 AND 500 (type: boolean)
                    Statistics: Num rows: 732535650 Data size: 14504197992 Basic stats: COMPLETE Column stats: COMPLETE
                    Select Operator
                      expressions: inv_date_sk (type: bigint), inv_item_sk (type: bigint)
                      outputColumnNames: _col0, _col1
                      Statistics: Num rows: 732535650 Data size: 11720570400 Basic stats: COMPLETE Column stats: COMPLETE
                      Map Join Operator
                        condition map:
                             Inner Join 0 to 1
                        keys:
                          0 _col1 (type: bigint)
                          1 _col0 (type: bigint)
                        outputColumnNames: _col0, _col2, _col3, _col4, _col5
                        input vertices:
                          1 Map 2
                        Statistics: Num rows: 1263704 Data size: 520645936 Basic stats: COMPLETE Column stats: COMPLETE
                        Map Join Operator
                          condition map:
                               Inner Join 0 to 1
                          keys:
                            0 _col0 (type: bigint)
                            1 _col0 (type: bigint)
                          outputColumnNames: _col2, _col3, _col4, _col5
                          input vertices:
                            1 Map 4
                          Statistics: Num rows: 140402 Data size: 56722296 Basic stats: COMPLETE Column stats: COMPLETE
                          Reduce Output Operator
                            key expressions: _col2 (type: bigint)
                            null sort order: z
                            sort order: +
                            Map-reduce partition columns: _col2 (type: bigint)
                            Statistics: Num rows: 140402 Data size: 56722296 Basic stats: COMPLETE Column stats: COMPLETE
                            value expressions: _col3 (type: string), _col4 (type: varchar(200)), _col5 (type: decimal(7,2))
            Execution mode: vectorized, llap
            LLAP IO: may be used (ACID table)
        Map 2 
            Map Operator Tree:
                TableScan
                  alias: item
                  filterExpr: ((i_manufact_id) IN (437, 129, 727, 663) and i_current_price BETWEEN 30 AND 60) (type: boolean)
                  Statistics: Num rows: 462000 Data size: 188360804 Basic stats: COMPLETE Column stats: COMPLETE
                  Filter Operator
                    predicate: ((i_manufact_id) IN (437, 129, 727, 663) and i_current_price BETWEEN 30 AND 60) (type: boolean)
                    Statistics: Num rows: 797 Data size: 325060 Basic stats: COMPLETE Column stats: COMPLETE
                    Select Operator
                      expressions: i_item_sk (type: bigint), i_item_id (type: string), i_item_desc (type: varchar(200)), i_current_price (type: decimal(7,2))
                      outputColumnNames: _col0, _col1, _col2, _col3
                      Statistics: Num rows: 797 Data size: 321876 Basic stats: COMPLETE Column stats: COMPLETE
                      Reduce Output Operator
                        key expressions: _col0 (type: bigint)
                        null sort order: z
                        sort order: +
                        Map-reduce partition columns: _col0 (type: bigint)
                        Statistics: Num rows: 797 Data size: 321876 Basic stats: COMPLETE Column stats: COMPLETE
                        value expressions: _col1 (type: string), _col2 (type: varchar(200)), _col3 (type: decimal(7,2))
                      Select Operator
                        expressions: _col0 (type: bigint)
                        outputColumnNames: _col0
                        Statistics: Num rows: 797 Data size: 6376 Basic stats: COMPLETE Column stats: COMPLETE
                        Group By Operator
                          aggregations: min(_col0), max(_col0), bloom_filter(_col0, expectedEntries=1000000)
                          minReductionHashAggr: 0.99
                          mode: hash
                          outputColumnNames: _col0, _col1, _col2
                          Statistics: Num rows: 1 Data size: 24 Basic stats: COMPLETE Column stats: COMPLETE
                          Reduce Output Operator
                            null sort order: 
                            sort order: 
                            Statistics: Num rows: 1 Data size: 24 Basic stats: COMPLETE Column stats: COMPLETE
                            value expressions: _col0 (type: bigint), _col1 (type: bigint), _col2 (type: binary)
            Execution mode: vectorized, llap
            LLAP IO: may be used (ACID table)
        Map 4 
            Map Operator Tree:
                TableScan
                  alias: date_dim
                  filterExpr: CAST( d_date AS TIMESTAMP) BETWEEN TIMESTAMP'2002-05-30 00:00:00' AND TIMESTAMP'2002-07-29 00:00:00' (type: boolean)
                  Statistics: Num rows: 73049 Data size: 4675136 Basic stats: COMPLETE Column stats: COMPLETE
                  Filter Operator
                    predicate: CAST( d_date AS TIMESTAMP) BETWEEN TIMESTAMP'2002-05-30 00:00:00' AND TIMESTAMP'2002-07-29 00:00:00' (type: boolean)
                    Statistics: Num rows: 8116 Data size: 519424 Basic stats: COMPLETE Column stats: COMPLETE
                    Select Operator
                      expressions: d_date_sk (type: bigint)
                      outputColumnNames: _col0
                      Statistics: Num rows: 8116 Data size: 64928 Basic stats: COMPLETE Column stats: COMPLETE
                      Reduce Output Operator
                        key expressions: _col0 (type: bigint)
                        null sort order: z
                        sort order: +
                        Map-reduce partition columns: _col0 (type: bigint)
                        Statistics: Num rows: 8116 Data size: 64928 Basic stats: COMPLETE Column stats: COMPLETE
            Execution mode: vectorized, llap
            LLAP IO: may be used (ACID table)
        Map 5 
            Map Operator Tree:
                TableScan
                  alias: store_sales
                  filterExpr: (ss_item_sk BETWEEN DynamicValue(RS_12_item_i_item_sk_min) AND DynamicValue(RS_12_item_i_item_sk_max) and in_bloom_filter(ss_item_sk, DynamicValue(RS_12_item_i_item_sk_bloom_filter))) (type: boolean)
                  probeDecodeDetails: cacheKey:HASH_MAP_MAPJOIN_83_container, bigKeyColName:ss_item_sk, smallTablePos:0, keyRatio:0.0017251082505229268
                  Statistics: Num rows: 86404891377 Data size: 691239131016 Basic stats: COMPLETE Column stats: COMPLETE
                  Filter Operator
                    predicate: (ss_item_sk BETWEEN DynamicValue(RS_12_item_i_item_sk_min) AND DynamicValue(RS_12_item_i_item_sk_max) and in_bloom_filter(ss_item_sk, DynamicValue(RS_12_item_i_item_sk_bloom_filter))) (type: boolean)
                    Statistics: Num rows: 86404891377 Data size: 691239131016 Basic stats: COMPLETE Column stats: COMPLETE
                    Select Operator
                      expressions: ss_item_sk (type: bigint)
                      outputColumnNames: _col0
                      Statistics: Num rows: 86404891377 Data size: 691239131016 Basic stats: COMPLETE Column stats: COMPLETE
                      Map Join Operator
                        condition map:
                             Inner Join 0 to 1
                        keys:
                          0 _col2 (type: bigint)
                          1 _col0 (type: bigint)
                        outputColumnNames: _col3, _col4, _col5
                        input vertices:
                          0 Map 1
                        Statistics: Num rows: 149057791 Data size: 59026885124 Basic stats: COMPLETE Column stats: COMPLETE
                        Top N Key Operator
                          sort order: +++
                          keys: _col3 (type: string), _col4 (type: varchar(200)), _col5 (type: decimal(7,2))
                          null sort order: zzz
                          Statistics: Num rows: 149057791 Data size: 59026885124 Basic stats: COMPLETE Column stats: COMPLETE
                          top n: 100
                          Group By Operator
                            keys: _col3 (type: string), _col4 (type: varchar(200)), _col5 (type: decimal(7,2))
                            minReductionHashAggr: 0.99
                            mode: hash
                            outputColumnNames: _col0, _col1, _col2
                            Statistics: Num rows: 184107 Data size: 72906372 Basic stats: COMPLETE Column stats: COMPLETE
                            Reduce Output Operator
                              key expressions: _col0 (type: string), _col1 (type: varchar(200)), _col2 (type: decimal(7,2))
                              null sort order: zzz
                              sort order: +++
                              Map-reduce partition columns: _col0 (type: string), _col1 (type: varchar(200)), _col2 (type: decimal(7,2))
                              Statistics: Num rows: 184107 Data size: 72906372 Basic stats: COMPLETE Column stats: COMPLETE
            Execution mode: vectorized, llap
            LLAP IO: may be used (ACID table)
        Reducer 3 
            Execution mode: vectorized, llap
            Reduce Operator Tree:
              Group By Operator
                aggregations: min(VALUE._col0), max(VALUE._col1), bloom_filter(VALUE._col2, expectedEntries=1000000)
                mode: final
                outputColumnNames: _col0, _col1, _col2
                Statistics: Num rows: 1 Data size: 24 Basic stats: COMPLETE Column stats: COMPLETE
                Reduce Output Operator
                  null sort order: 
                  sort order: 
                  Statistics: Num rows: 1 Data size: 24 Basic stats: COMPLETE Column stats: COMPLETE
                  value expressions: _col0 (type: bigint), _col1 (type: bigint), _col2 (type: binary)
        Reducer 6 
            Execution mode: vectorized, llap
            Reduce Operator Tree:
              Group By Operator
                keys: KEY._col0 (type: string), KEY._col1 (type: varchar(200)), KEY._col2 (type: decimal(7,2))
                mode: mergepartial
                outputColumnNames: _col0, _col1, _col2
                Statistics: Num rows: 797 Data size: 315612 Basic stats: COMPLETE Column stats: COMPLETE
                Reduce Output Operator
                  key expressions: _col0 (type: string)
                  null sort order: z
                  sort order: +
                  Statistics: Num rows: 797 Data size: 315612 Basic stats: COMPLETE Column stats: COMPLETE
                  value expressions: _col1 (type: varchar(200)), _col2 (type: decimal(7,2))
        Reducer 7 
            Execution mode: vectorized, llap
            Reduce Operator Tree:
              Select Operator
                expressions: KEY.reducesinkkey0 (type: string), VALUE._col0 (type: varchar(200)), VALUE._col1 (type: decimal(7,2))
                outputColumnNames: _col0, _col1, _col2
                Statistics: Num rows: 797 Data size: 315612 Basic stats: COMPLETE Column stats: COMPLETE
                Limit
                  Number of rows: 100
                  Statistics: Num rows: 100 Data size: 39600 Basic stats: COMPLETE Column stats: COMPLETE
                  File Output Operator
                    compressed: false
                    Statistics: Num rows: 100 Data size: 39600 Basic stats: COMPLETE Column stats: COMPLETE
                    table:
                        input format: org.apache.hadoop.mapred.SequenceFileInputFormat
                        output format: org.apache.hadoop.hive.ql.io.HiveSequenceFileOutputFormat
                        serde: org.apache.hadoop.hive.serde2.lazy.LazySimpleSerDe

  Stage: Stage-0
    Fetch Operator
      limit: 100
      Processor Tree:
        ListSink

