Warning: Map Join MAPJOIN[331][bigTable=?] in task 'Reducer 6' is a cross product
STAGE DEPENDENCIES:
  Stage-1 is a root stage
  Stage-0 depends on stages: Stage-1

STAGE PLANS:
  Stage: Stage-1
    Tez
#### A masked pattern was here ####
      Edges:
        Map 1 <- Reducer 11 (BROADCAST_EDGE)
        Map 10 <- Map 8 (BROADCAST_EDGE)
        Map 8 <- Map 9 (BROADCAST_EDGE)
        Reducer 11 <- Map 10 (CUSTOM_SIMPLE_EDGE)
        Reducer 13 <- Map 12 (SIMPLE_EDGE)
        Reducer 2 <- Map 1 (CUSTOM_SIMPLE_EDGE), Map 10 (BROADCAST_EDGE), Map 12 (BROADCAST_EDGE), Map 7 (CUSTOM_SIMPLE_EDGE), Reducer 13 (BROADCAST_EDGE)
        Reducer 3 <- Reducer 2 (SIMPLE_EDGE)
        Reducer 4 <- Reducer 3 (SIMPLE_EDGE)
        Reducer 5 <- Reducer 2 (SIMPLE_EDGE)
        Reducer 6 <- Reducer 4 (BROADCAST_EDGE), Reducer 5 (CUSTOM_SIMPLE_EDGE)
#### A masked pattern was here ####
      Vertices:
        Map 1 
            Map Operator Tree:
                TableScan
                  alias: store_sales
                  filterExpr: (ss_store_sk is not null and ss_customer_sk is not null and ss_store_sk BETWEEN DynamicValue(RS[300]_col0) AND DynamicValue(RS[300]_col1) and ss_customer_sk BETWEEN DynamicValue(RS[300]_col2) AND DynamicValue(RS[300]_col3) and in_bloom_filter(hash(ss_store_sk,ss_customer_sk), DynamicValue(RS[300]_col4))) (type: boolean)
                  Statistics: Num rows: 86404891377 Data size: 11944483020904 Basic stats: COMPLETE Column stats: COMPLETE
                  Filter Operator
                    predicate: (ss_store_sk is not null and ss_customer_sk is not null and ss_store_sk BETWEEN DynamicValue(RS[300]_col0) AND DynamicValue(RS[300]_col1) and ss_customer_sk BETWEEN DynamicValue(RS[300]_col2) AND DynamicValue(RS[300]_col3) and in_bloom_filter(hash(ss_store_sk,ss_customer_sk), DynamicValue(RS[300]_col4))) (type: boolean)
                    Statistics: Num rows: 78797296641 Data size: 10892820496840 Basic stats: COMPLETE Column stats: COMPLETE
                    Select Operator
                      expressions: ss_item_sk (type: bigint), ss_customer_sk (type: bigint), ss_store_sk (type: bigint), ss_ticket_number (type: bigint), ss_sales_price (type: decimal(7,2))
                      outputColumnNames: _col0, _col1, _col2, _col3, _col4
                      Statistics: Num rows: 78797296641 Data size: 10892820496840 Basic stats: COMPLETE Column stats: COMPLETE
                      Reduce Output Operator
                        key expressions: _col0 (type: bigint), _col3 (type: bigint)
                        null sort order: zz
                        sort order: ++
                        Map-reduce partition columns: _col0 (type: bigint), _col3 (type: bigint)
                        Statistics: Num rows: 78797296641 Data size: 10892820496840 Basic stats: COMPLETE Column stats: COMPLETE
                        value expressions: _col1 (type: bigint), _col2 (type: bigint), _col4 (type: decimal(7,2))
            Execution mode: vectorized, llap
            LLAP IO: may be used (ACID table)
        Map 10 
            Map Operator Tree:
                TableScan
                  alias: customer
                  filterExpr: c_current_addr_sk is not null (type: boolean)
                  probeDecodeDetails: cacheKey:HASH_MAP_MAPJOIN_323_container, bigKeyColName:ca_state, smallTablePos:0, keyRatio:0.0997652625
                  Statistics: Num rows: 80000000 Data size: 23040000000 Basic stats: COMPLETE Column stats: COMPLETE
                  Filter Operator
                    predicate: c_current_addr_sk is not null (type: boolean)
                    Statistics: Num rows: 80000000 Data size: 23040000000 Basic stats: COMPLETE Column stats: COMPLETE
                    Select Operator
                      expressions: c_customer_sk (type: bigint), c_current_addr_sk (type: bigint), c_first_name (type: char(20)), c_last_name (type: char(30)), c_birth_country (type: varchar(20))
                      outputColumnNames: _col0, _col1, _col2, _col3, _col4
                      Statistics: Num rows: 80000000 Data size: 23040000000 Basic stats: COMPLETE Column stats: COMPLETE
                      Map Join Operator
                        condition map:
                             Inner Join 0 to 1
                        keys:
                          0 _col0 (type: bigint)
                          1 _col1 (type: bigint)
                        outputColumnNames: _col1, _col3, _col4, _col5, _col6, _col8, _col10, _col11, _col12
                        input vertices:
                          0 Map 8
                        Statistics: Num rows: 7981221 Data size: 5203756092 Basic stats: COMPLETE Column stats: COMPLETE
                        Filter Operator
                          predicate: (_col12 <> _col3) (type: boolean)
                          Statistics: Num rows: 7981221 Data size: 5203756092 Basic stats: COMPLETE Column stats: COMPLETE
                          Select Operator
                            expressions: _col8 (type: bigint), _col10 (type: char(20)), _col11 (type: char(30)), _col1 (type: char(2)), _col4 (type: bigint), _col5 (type: varchar(50)), _col6 (type: char(2))
                            outputColumnNames: _col0, _col2, _col3, _col6, _col9, _col10, _col11
                            Statistics: Num rows: 7981221 Data size: 5203756092 Basic stats: COMPLETE Column stats: COMPLETE
                            Reduce Output Operator
                              key expressions: _col9 (type: bigint), _col0 (type: bigint)
                              null sort order: zz
                              sort order: ++
                              Map-reduce partition columns: _col9 (type: bigint), _col0 (type: bigint)
                              Statistics: Num rows: 7981221 Data size: 5203756092 Basic stats: COMPLETE Column stats: COMPLETE
                              value expressions: _col2 (type: char(20)), _col3 (type: char(30)), _col6 (type: char(2)), _col10 (type: varchar(50)), _col11 (type: char(2))
                            Select Operator
                              expressions: _col9 (type: bigint), _col0 (type: bigint), hash(_col9,_col0) (type: int)
                              outputColumnNames: _col0, _col1, _col3
                              Statistics: Num rows: 7981221 Data size: 159624420 Basic stats: COMPLETE Column stats: COMPLETE
                              Group By Operator
                                aggregations: min(_col0), max(_col0), min(_col1), max(_col1), bloom_filter(_col3, expectedEntries=7981221)
                                minReductionHashAggr: 0.99
                                mode: hash
                                outputColumnNames: _col0, _col1, _col2, _col3, _col4
                                Statistics: Num rows: 1 Data size: 176 Basic stats: COMPLETE Column stats: COMPLETE
                                Reduce Output Operator
                                  null sort order: 
                                  sort order: 
                                  Statistics: Num rows: 1 Data size: 176 Basic stats: COMPLETE Column stats: COMPLETE
                                  value expressions: _col0 (type: bigint), _col1 (type: bigint), _col2 (type: bigint), _col3 (type: bigint), _col4 (type: binary)
            Execution mode: vectorized, llap
            LLAP IO: may be used (ACID table)
        Map 12 
            Map Operator Tree:
                TableScan
                  alias: item
                  Statistics: Num rows: 462000 Data size: 179582916 Basic stats: COMPLETE Column stats: COMPLETE
                  Filter Operator
                    predicate: (i_color = 'orchid              ') (type: boolean)
                    Statistics: Num rows: 4863 Data size: 1890431 Basic stats: COMPLETE Column stats: COMPLETE
                    Select Operator
                      expressions: i_item_sk (type: bigint), i_current_price (type: decimal(7,2)), i_size (type: char(20)), i_units (type: char(10)), i_manager_id (type: int)
                      outputColumnNames: _col0, _col1, _col2, _col3, _col4
                      Statistics: Num rows: 4863 Data size: 1457624 Basic stats: COMPLETE Column stats: COMPLETE
                      Reduce Output Operator
                        key expressions: _col0 (type: bigint)
                        null sort order: z
                        sort order: +
                        Map-reduce partition columns: _col0 (type: bigint)
                        Statistics: Num rows: 4863 Data size: 1457624 Basic stats: COMPLETE Column stats: COMPLETE
                        value expressions: _col1 (type: decimal(7,2)), _col2 (type: char(20)), _col3 (type: char(10)), _col4 (type: int)
                  Select Operator
                    expressions: i_item_sk (type: bigint), i_current_price (type: decimal(7,2)), i_size (type: char(20)), i_color (type: char(20)), i_units (type: char(10)), i_manager_id (type: int)
                    outputColumnNames: _col0, _col1, _col2, _col3, _col4, _col5
                    Statistics: Num rows: 462000 Data size: 179582916 Basic stats: COMPLETE Column stats: COMPLETE
                    Reduce Output Operator
                      key expressions: _col0 (type: bigint)
                      null sort order: z
                      sort order: +
                      Map-reduce partition columns: _col0 (type: bigint)
                      Statistics: Num rows: 462000 Data size: 179582916 Basic stats: COMPLETE Column stats: COMPLETE
                      value expressions: _col1 (type: decimal(7,2)), _col2 (type: char(20)), _col3 (type: char(20)), _col4 (type: char(10)), _col5 (type: int)
            Execution mode: vectorized, llap
            LLAP IO: may be used (ACID table)
        Map 7 
            Map Operator Tree:
                TableScan
                  alias: store_returns
                  Statistics: Num rows: 8634166995 Data size: 138146671920 Basic stats: COMPLETE Column stats: COMPLETE
                  Select Operator
                    expressions: sr_item_sk (type: bigint), sr_ticket_number (type: bigint)
                    outputColumnNames: _col0, _col1
                    Statistics: Num rows: 8634166995 Data size: 138146671920 Basic stats: COMPLETE Column stats: COMPLETE
                    Reduce Output Operator
                      key expressions: _col0 (type: bigint), _col1 (type: bigint)
                      null sort order: zz
                      sort order: ++
                      Map-reduce partition columns: _col0 (type: bigint), _col1 (type: bigint)
                      Statistics: Num rows: 8634166995 Data size: 138146671920 Basic stats: COMPLETE Column stats: COMPLETE
            Execution mode: vectorized, llap
            LLAP IO: may be used (ACID table)
        Map 8 
            Map Operator Tree:
                TableScan
                  alias: customer_address
                  filterExpr: ca_zip is not null (type: boolean)
                  probeDecodeDetails: cacheKey:HASH_MAP_MAPJOIN_322_container, bigKeyColName:ca_zip, smallTablePos:1, keyRatio:2.5E-8
                  Statistics: Num rows: 40000000 Data size: 11200000000 Basic stats: COMPLETE Column stats: COMPLETE
                  Filter Operator
                    predicate: ca_zip is not null (type: boolean)
                    Statistics: Num rows: 40000000 Data size: 11200000000 Basic stats: COMPLETE Column stats: COMPLETE
                    Select Operator
                      expressions: ca_address_sk (type: bigint), ca_state (type: char(2)), ca_zip (type: char(10)), upper(ca_country) (type: varchar(20))
                      outputColumnNames: _col0, _col1, _col2, _col3
                      Statistics: Num rows: 40000000 Data size: 11480000000 Basic stats: COMPLETE Column stats: COMPLETE
                      Map Join Operator
                        condition map:
                             Inner Join 0 to 1
                        keys:
                          0 _col2 (type: char(10))
                          1 _col3 (type: char(10))
                        outputColumnNames: _col0, _col1, _col3, _col4, _col5, _col6
                        input vertices:
                          1 Map 9
                        Statistics: Num rows: 712937 Data size: 270916060 Basic stats: COMPLETE Column stats: COMPLETE
                        Reduce Output Operator
                          key expressions: _col0 (type: bigint)
                          null sort order: z
                          sort order: +
                          Map-reduce partition columns: _col0 (type: bigint)
                          Statistics: Num rows: 712937 Data size: 270916060 Basic stats: COMPLETE Column stats: COMPLETE
                          value expressions: _col1 (type: char(2)), _col3 (type: varchar(20)), _col4 (type: bigint), _col5 (type: varchar(50)), _col6 (type: char(2))
            Execution mode: vectorized, llap
            LLAP IO: may be used (ACID table)
        Map 9 
            Map Operator Tree:
                TableScan
                  alias: store
                  filterExpr: ((s_market_id = 7) and s_zip is not null) (type: boolean)
                  Statistics: Num rows: 1704 Data size: 468544 Basic stats: COMPLETE Column stats: COMPLETE
                  Filter Operator
                    predicate: ((s_market_id = 7) and s_zip is not null) (type: boolean)
                    Statistics: Num rows: 170 Data size: 46750 Basic stats: COMPLETE Column stats: COMPLETE
                    Select Operator
                      expressions: s_store_sk (type: bigint), s_store_name (type: varchar(50)), s_state (type: char(2)), s_zip (type: char(10))
                      outputColumnNames: _col0, _col1, _col2, _col3
                      Statistics: Num rows: 170 Data size: 46070 Basic stats: COMPLETE Column stats: COMPLETE
                      Reduce Output Operator
                        key expressions: _col3 (type: char(10))
                        null sort order: z
                        sort order: +
                        Map-reduce partition columns: _col3 (type: char(10))
                        Statistics: Num rows: 170 Data size: 46070 Basic stats: COMPLETE Column stats: COMPLETE
                        value expressions: _col0 (type: bigint), _col1 (type: varchar(50)), _col2 (type: char(2))
            Execution mode: vectorized, llap
            LLAP IO: may be used (ACID table)
        Reducer 11 
            Execution mode: vectorized, llap
            Reduce Operator Tree:
              Group By Operator
                aggregations: min(VALUE._col0), max(VALUE._col1), min(VALUE._col2), max(VALUE._col3), bloom_filter(VALUE._col4, expectedEntries=7981221)
                mode: final
                outputColumnNames: _col0, _col1, _col2, _col3, _col4
                Statistics: Num rows: 1 Data size: 176 Basic stats: COMPLETE Column stats: COMPLETE
                Reduce Output Operator
                  null sort order: 
                  sort order: 
                  Statistics: Num rows: 1 Data size: 176 Basic stats: COMPLETE Column stats: COMPLETE
                  value expressions: _col0 (type: bigint), _col1 (type: bigint), _col2 (type: bigint), _col3 (type: bigint), _col4 (type: binary)
        Reducer 13 
            Execution mode: vectorized, llap
            Reduce Operator Tree:
              Select Operator
                expressions: VALUE._col2 (type: char(10)), VALUE._col3 (type: int), VALUE._col0 (type: decimal(7,2)), VALUE._col1 (type: char(20)), KEY.reducesinkkey0 (type: bigint)
                outputColumnNames: _col3, _col4, _col1, _col2, _col0
                Reduce Output Operator
                  key expressions: _col0 (type: bigint)
                  null sort order: z
                  sort order: +
                  Map-reduce partition columns: _col0 (type: bigint)
                  Statistics: Num rows: 4863 Data size: 1457624 Basic stats: COMPLETE Column stats: COMPLETE
                  value expressions: _col1 (type: decimal(7,2)), _col2 (type: char(20)), _col3 (type: char(10)), _col4 (type: int)
        Reducer 2 
            Execution mode: vectorized, llap
            Reduce Operator Tree:
              Map Join Operator
                condition map:
                     Inner Join 0 to 1
                keys:
                  0 KEY.reducesinkkey0 (type: bigint), KEY.reducesinkkey1 (type: bigint)
                  1 KEY.reducesinkkey0 (type: bigint), KEY.reducesinkkey1 (type: bigint)
                outputColumnNames: _col0, _col1, _col2, _col4
                input vertices:
                  1 Map 7
                Statistics: Num rows: 94077750532 Data size: 12340583852888 Basic stats: COMPLETE Column stats: COMPLETE
                DynamicPartitionHashJoin: true
                Map Join Operator
                  condition map:
                       Inner Join 0 to 1
                  keys:
                    0 _col2 (type: bigint), _col1 (type: bigint)
                    1 _col9 (type: bigint), _col0 (type: bigint)
                  outputColumnNames: _col0, _col4, _col9, _col10, _col13, _col17, _col18
                  input vertices:
                    1 Map 10
                  Statistics: Num rows: 9561873173 Data size: 4957439598608 Basic stats: COMPLETE Column stats: COMPLETE
                  Map Join Operator
                    condition map:
                         Inner Join 0 to 1
                    keys:
                      0 _col0 (type: bigint)
                      1 _col0 (type: bigint)
                    outputColumnNames: _col4, _col9, _col10, _col13, _col17, _col18, _col21, _col22, _col23, _col24
                    input vertices:
                      1 Reducer 13
                    Statistics: Num rows: 100648033 Data size: 73674358992 Basic stats: COMPLETE Column stats: COMPLETE
                    Group By Operator
                      aggregations: sum(_col4)
                      keys: _col9 (type: char(20)), _col10 (type: char(30)), _col17 (type: varchar(50)), _col13 (type: char(2)), _col18 (type: char(2)), _col21 (type: decimal(7,2)), _col22 (type: char(20)), _col23 (type: char(10)), _col24 (type: int)
                      minReductionHashAggr: 0.99
                      mode: hash
                      outputColumnNames: _col0, _col1, _col2, _col3, _col4, _col5, _col6, _col7, _col8, _col9
                      Statistics: Num rows: 100648033 Data size: 84946938576 Basic stats: COMPLETE Column stats: COMPLETE
                      Reduce Output Operator
                        key expressions: _col0 (type: char(20)), _col1 (type: char(30)), _col2 (type: varchar(50)), _col3 (type: char(2)), _col4 (type: char(2)), _col5 (type: decimal(7,2)), _col6 (type: char(20)), _col7 (type: char(10)), _col8 (type: int)
                        null sort order: zzzzzzzzz
                        sort order: +++++++++
                        Map-reduce partition columns: _col0 (type: char(20)), _col1 (type: char(30)), _col2 (type: varchar(50)), _col3 (type: char(2)), _col4 (type: char(2)), _col5 (type: decimal(7,2)), _col6 (type: char(20)), _col7 (type: char(10)), _col8 (type: int)
                        Statistics: Num rows: 100648033 Data size: 84946938576 Basic stats: COMPLETE Column stats: COMPLETE
                        value expressions: _col9 (type: decimal(17,2))
                  Map Join Operator
                    condition map:
                         Inner Join 0 to 1
                    keys:
                      0 _col0 (type: bigint)
                      1 _col0 (type: bigint)
                    outputColumnNames: _col4, _col9, _col10, _col13, _col17, _col18, _col21, _col22, _col23, _col24, _col25
                    input vertices:
                      1 Map 12
                    Statistics: Num rows: 9561873173 Data size: 8524018157053 Basic stats: COMPLETE Column stats: COMPLETE
                    Group By Operator
                      aggregations: sum(_col4)
                      keys: _col9 (type: char(20)), _col10 (type: char(30)), _col13 (type: char(2)), _col17 (type: varchar(50)), _col18 (type: char(2)), _col21 (type: decimal(7,2)), _col22 (type: char(20)), _col23 (type: char(20)), _col24 (type: char(10)), _col25 (type: int)
                      minReductionHashAggr: 0.99
                      mode: hash
                      outputColumnNames: _col0, _col1, _col2, _col3, _col4, _col5, _col6, _col7, _col8, _col9, _col10
                      Statistics: Num rows: 9561873173 Data size: 8921227535325 Basic stats: COMPLETE Column stats: COMPLETE
                      Reduce Output Operator
                        key expressions: _col0 (type: char(20)), _col1 (type: char(30)), _col2 (type: char(2)), _col3 (type: varchar(50)), _col4 (type: char(2)), _col5 (type: decimal(7,2)), _col6 (type: char(20)), _col7 (type: char(20)), _col8 (type: char(10)), _col9 (type: int)
                        null sort order: zzzzzzzzzz
                        sort order: ++++++++++
                        Map-reduce partition columns: _col0 (type: char(20)), _col1 (type: char(30)), _col2 (type: char(2)), _col3 (type: varchar(50)), _col4 (type: char(2)), _col5 (type: decimal(7,2)), _col6 (type: char(20)), _col7 (type: char(20)), _col8 (type: char(10)), _col9 (type: int)
                        Statistics: Num rows: 9561873173 Data size: 8921227535325 Basic stats: COMPLETE Column stats: COMPLETE
                        value expressions: _col10 (type: decimal(17,2))
        Reducer 3 
            Execution mode: vectorized, llap
            Reduce Operator Tree:
              Group By Operator
                aggregations: sum(VALUE._col0)
                keys: KEY._col0 (type: char(20)), KEY._col1 (type: char(30)), KEY._col2 (type: varchar(50)), KEY._col3 (type: char(2)), KEY._col4 (type: char(2)), KEY._col5 (type: decimal(7,2)), KEY._col6 (type: char(20)), KEY._col7 (type: char(10)), KEY._col8 (type: int)
                mode: mergepartial
                outputColumnNames: _col0, _col1, _col2, _col3, _col4, _col5, _col6, _col7, _col8, _col9
                Statistics: Num rows: 100648033 Data size: 84946938576 Basic stats: COMPLETE Column stats: COMPLETE
                Select Operator
                  expressions: _col0 (type: char(20)), _col1 (type: char(30)), _col2 (type: varchar(50)), _col9 (type: decimal(17,2))
                  outputColumnNames: _col0, _col1, _col3, _col9
                  Statistics: Num rows: 100648033 Data size: 84946938576 Basic stats: COMPLETE Column stats: COMPLETE
                  Group By Operator
                    aggregations: sum(_col9)
                    keys: _col0 (type: char(20)), _col1 (type: char(30)), _col3 (type: varchar(50))
                    minReductionHashAggr: 0.99
                    mode: hash
                    outputColumnNames: _col0, _col1, _col2, _col3
                    Statistics: Num rows: 11952 Data size: 4541760 Basic stats: COMPLETE Column stats: COMPLETE
                    Reduce Output Operator
                      key expressions: _col0 (type: char(20)), _col1 (type: char(30)), _col2 (type: varchar(50))
                      null sort order: zzz
                      sort order: +++
                      Map-reduce partition columns: _col0 (type: char(20)), _col1 (type: char(30)), _col2 (type: varchar(50))
                      Statistics: Num rows: 11952 Data size: 4541760 Basic stats: COMPLETE Column stats: COMPLETE
                      value expressions: _col3 (type: decimal(27,2))
        Reducer 4 
            Execution mode: vectorized, llap
            Reduce Operator Tree:
              Group By Operator
                aggregations: sum(VALUE._col0)
                keys: KEY._col0 (type: char(20)), KEY._col1 (type: char(30)), KEY._col2 (type: varchar(50))
                mode: mergepartial
                outputColumnNames: _col0, _col1, _col2, _col3
                Statistics: Num rows: 36 Data size: 13680 Basic stats: COMPLETE Column stats: COMPLETE
                Select Operator
                  expressions: _col1 (type: char(30)), _col0 (type: char(20)), _col2 (type: varchar(50)), _col3 (type: decimal(27,2))
                  outputColumnNames: _col0, _col1, _col2, _col3
                  Statistics: Num rows: 36 Data size: 13680 Basic stats: COMPLETE Column stats: COMPLETE
                  Filter Operator
                    predicate: _col3 is not null (type: boolean)
                    Statistics: Num rows: 36 Data size: 13680 Basic stats: COMPLETE Column stats: COMPLETE
                    Reduce Output Operator
                      null sort order: 
                      sort order: 
                      Statistics: Num rows: 36 Data size: 13680 Basic stats: COMPLETE Column stats: COMPLETE
                      value expressions: _col0 (type: char(30)), _col1 (type: char(20)), _col2 (type: varchar(50)), _col3 (type: decimal(27,2))
        Reducer 5 
            Execution mode: vectorized, llap
            Reduce Operator Tree:
              Group By Operator
                aggregations: sum(VALUE._col0)
                keys: KEY._col0 (type: char(20)), KEY._col1 (type: char(30)), KEY._col2 (type: char(2)), KEY._col3 (type: varchar(50)), KEY._col4 (type: char(2)), KEY._col5 (type: decimal(7,2)), KEY._col6 (type: char(20)), KEY._col7 (type: char(20)), KEY._col8 (type: char(10)), KEY._col9 (type: int)
                mode: mergepartial
                outputColumnNames: _col0, _col1, _col2, _col3, _col4, _col5, _col6, _col7, _col8, _col9, _col10
                Statistics: Num rows: 9561873173 Data size: 8921227535325 Basic stats: COMPLETE Column stats: COMPLETE
                Select Operator
                  expressions: _col10 (type: decimal(17,2))
                  outputColumnNames: _col10
                  Statistics: Num rows: 9561873173 Data size: 8921227535325 Basic stats: COMPLETE Column stats: COMPLETE
                  Group By Operator
                    aggregations: sum(_col10), count(_col10)
                    minReductionHashAggr: 0.99
                    mode: hash
                    outputColumnNames: _col0, _col1
                    Statistics: Num rows: 1 Data size: 120 Basic stats: COMPLETE Column stats: COMPLETE
                    Reduce Output Operator
                      null sort order: 
                      sort order: 
                      Statistics: Num rows: 1 Data size: 120 Basic stats: COMPLETE Column stats: COMPLETE
                      value expressions: _col0 (type: decimal(27,2)), _col1 (type: bigint)
        Reducer 6 
            Execution mode: vectorized, llap
            Reduce Operator Tree:
              Group By Operator
                aggregations: sum(VALUE._col0), count(VALUE._col1)
                mode: mergepartial
                outputColumnNames: _col0, _col1
                Statistics: Num rows: 1 Data size: 120 Basic stats: COMPLETE Column stats: COMPLETE
                Filter Operator
                  predicate: CAST( (_col0 / _col1) AS decimal(21,6)) is not null (type: boolean)
                  Statistics: Num rows: 1 Data size: 120 Basic stats: COMPLETE Column stats: COMPLETE
                  Select Operator
                    expressions: (0.05 * CAST( (_col0 / _col1) AS decimal(21,6))) (type: decimal(24,8))
                    outputColumnNames: _col0
                    Statistics: Num rows: 1 Data size: 112 Basic stats: COMPLETE Column stats: COMPLETE
                    Map Join Operator
                      condition map:
                           Inner Join 0 to 1
                      keys:
                        0 
                        1 
                      outputColumnNames: _col0, _col1, _col2, _col3, _col4
                      input vertices:
                        0 Reducer 4
                      Statistics: Num rows: 36 Data size: 17712 Basic stats: COMPLETE Column stats: COMPLETE
                      Filter Operator
                        predicate: (_col3 > _col4) (type: boolean)
                        Statistics: Num rows: 12 Data size: 5904 Basic stats: COMPLETE Column stats: COMPLETE
                        Select Operator
                          expressions: _col0 (type: char(30)), _col1 (type: char(20)), _col2 (type: varchar(50)), _col3 (type: decimal(27,2))
                          outputColumnNames: _col0, _col1, _col2, _col3
                          Statistics: Num rows: 12 Data size: 4560 Basic stats: COMPLETE Column stats: COMPLETE
                          File Output Operator
                            compressed: false
                            Statistics: Num rows: 12 Data size: 4560 Basic stats: COMPLETE Column stats: COMPLETE
                            table:
                                input format: org.apache.hadoop.mapred.SequenceFileInputFormat
                                output format: org.apache.hadoop.hive.ql.io.HiveSequenceFileOutputFormat
                                serde: org.apache.hadoop.hive.serde2.lazy.LazySimpleSerDe

  Stage: Stage-0
    Fetch Operator
      limit: -1
      Processor Tree:
        ListSink

