Warning: Map Join MAPJOIN[396][bigTable=?] in task 'Map 11' is a cross product
STAGE DEPENDENCIES:
  Stage-1 is a root stage
  Stage-0 depends on stages: Stage-1

STAGE PLANS:
  Stage: Stage-1
    Tez
#### A masked pattern was here ####
      Edges:
        Map 11 <- Map 1 (BROADCAST_EDGE), Reducer 2 (BROADCAST_EDGE)
        Reducer 10 <- Reducer 9 (SIMPLE_EDGE)
        Reducer 12 <- Map 1 (BROADCAST_EDGE), Map 11 (SIMPLE_EDGE)
        Reducer 14 <- Map 13 (CUSTOM_SIMPLE_EDGE), Map 6 (BROADCAST_EDGE), Reducer 12 (CUSTOM_SIMPLE_EDGE)
        Reducer 15 <- Reducer 14 (SIMPLE_EDGE)
        Reducer 2 <- Map 1 (CUSTOM_SIMPLE_EDGE)
        Reducer 4 <- Map 3 (CUSTOM_SIMPLE_EDGE), Map 6 (BROADCAST_EDGE), Reducer 12 (CUSTOM_SIMPLE_EDGE)
        Reducer 5 <- Reducer 4 (SIMPLE_EDGE)
        Reducer 8 <- Map 6 (BROADCAST_EDGE), Map 7 (CUSTOM_SIMPLE_EDGE), Reducer 12 (CUSTOM_SIMPLE_EDGE)
        Reducer 9 <- Reducer 15 (BROADCAST_EDGE), Reducer 5 (BROADCAST_EDGE), Reducer 8 (SIMPLE_EDGE)
#### A masked pattern was here ####
      Vertices:
        Map 1 
            Map Operator Tree:
                TableScan
                  alias: date_dim
                  filterExpr: (d_date is not null or ((d_date = DATE'1998-02-19') and d_week_seq is not null) or (d_date = DATE'1998-02-19')) (type: boolean)
                  Statistics: Num rows: 73049 Data size: 4675136 Basic stats: COMPLETE Column stats: COMPLETE
                  Filter Operator
                    predicate: d_date is not null (type: boolean)
                    Statistics: Num rows: 73049 Data size: 4675136 Basic stats: COMPLETE Column stats: COMPLETE
                    Select Operator
                      expressions: d_date_sk (type: bigint), d_date (type: date)
                      outputColumnNames: _col0, _col1
                      Statistics: Num rows: 73049 Data size: 4675136 Basic stats: COMPLETE Column stats: COMPLETE
                      Reduce Output Operator
                        key expressions: _col1 (type: date)
                        null sort order: z
                        sort order: +
                        Map-reduce partition columns: _col1 (type: date)
                        Statistics: Num rows: 73049 Data size: 4675136 Basic stats: COMPLETE Column stats: COMPLETE
                        value expressions: _col0 (type: bigint)
                  Filter Operator
                    predicate: ((d_date = DATE'1998-02-19') and d_week_seq is not null) (type: boolean)
                    Statistics: Num rows: 36524 Data size: 2191440 Basic stats: COMPLETE Column stats: COMPLETE
                    Select Operator
                      expressions: d_week_seq (type: int)
                      outputColumnNames: _col0
                      Statistics: Num rows: 36524 Data size: 146096 Basic stats: COMPLETE Column stats: COMPLETE
                      Reduce Output Operator
                        key expressions: _col0 (type: int)
                        null sort order: z
                        sort order: +
                        Map-reduce partition columns: _col0 (type: int)
                        Statistics: Num rows: 36524 Data size: 146096 Basic stats: COMPLETE Column stats: COMPLETE
                  Filter Operator
                    predicate: (d_date = DATE'1998-02-19') (type: boolean)
                    Statistics: Num rows: 36524 Data size: 2045344 Basic stats: COMPLETE Column stats: COMPLETE
                    Select Operator
                      Statistics: Num rows: 36524 Data size: 2045344 Basic stats: COMPLETE Column stats: COMPLETE
                      Group By Operator
                        aggregations: count()
                        minReductionHashAggr: 0.99
                        mode: hash
                        outputColumnNames: _col0
                        Statistics: Num rows: 1 Data size: 8 Basic stats: COMPLETE Column stats: COMPLETE
                        Reduce Output Operator
                          null sort order: 
                          sort order: 
                          Statistics: Num rows: 1 Data size: 8 Basic stats: COMPLETE Column stats: COMPLETE
                          value expressions: _col0 (type: bigint)
            Execution mode: vectorized, llap
            LLAP IO: may be used (ACID table)
        Map 11 
            Map Operator Tree:
                TableScan
                  alias: date_dim
                  filterExpr: (d_week_seq is not null and d_date is not null) (type: boolean)
                  Statistics: Num rows: 73049 Data size: 4382940 Basic stats: COMPLETE Column stats: COMPLETE
                  Filter Operator
                    predicate: (d_week_seq is not null and d_date is not null) (type: boolean)
                    Statistics: Num rows: 73049 Data size: 4382940 Basic stats: COMPLETE Column stats: COMPLETE
                    Select Operator
                      expressions: d_date (type: date), d_week_seq (type: int)
                      outputColumnNames: _col0, _col1
                      Statistics: Num rows: 73049 Data size: 4382940 Basic stats: COMPLETE Column stats: COMPLETE
                      Map Join Operator
                        condition map:
                             Inner Join 0 to 1
                        keys:
                          0 
                          1 
                        outputColumnNames: _col0, _col1
                        input vertices:
                          1 Reducer 2
                        Statistics: Num rows: 73049 Data size: 4382940 Basic stats: COMPLETE Column stats: COMPLETE
                        Map Join Operator
                          condition map:
                               Inner Join 0 to 1
                          keys:
                            0 _col1 (type: int)
                            1 _col0 (type: int)
                          outputColumnNames: _col0
                          input vertices:
                            1 Map 1
                          Statistics: Num rows: 236172 Data size: 13225632 Basic stats: COMPLETE Column stats: COMPLETE
                          Group By Operator
                            keys: _col0 (type: date)
                            minReductionHashAggr: 0.99
                            mode: hash
                            outputColumnNames: _col0
                            Statistics: Num rows: 73049 Data size: 4090744 Basic stats: COMPLETE Column stats: COMPLETE
                            Reduce Output Operator
                              key expressions: _col0 (type: date)
                              null sort order: z
                              sort order: +
                              Map-reduce partition columns: _col0 (type: date)
                              Statistics: Num rows: 73049 Data size: 4090744 Basic stats: COMPLETE Column stats: COMPLETE
            Execution mode: vectorized, llap
            LLAP IO: may be used (ACID table)
        Map 13 
            Map Operator Tree:
                TableScan
                  alias: web_sales
                  Statistics: Num rows: 21594638446 Data size: 2763811113552 Basic stats: COMPLETE Column stats: COMPLETE
                  Select Operator
                    expressions: ws_item_sk (type: bigint), ws_ext_sales_price (type: decimal(7,2)), ws_sold_date_sk (type: bigint)
                    outputColumnNames: _col0, _col1, _col2
                    Statistics: Num rows: 21594638446 Data size: 2763811113552 Basic stats: COMPLETE Column stats: COMPLETE
                    Reduce Output Operator
                      key expressions: _col2 (type: bigint)
                      null sort order: z
                      sort order: +
                      Map-reduce partition columns: _col2 (type: bigint)
                      Statistics: Num rows: 21594638446 Data size: 2763811113552 Basic stats: COMPLETE Column stats: COMPLETE
                      value expressions: _col0 (type: bigint), _col1 (type: decimal(7,2))
            Execution mode: vectorized, llap
            LLAP IO: may be used (ACID table)
        Map 3 
            Map Operator Tree:
                TableScan
                  alias: catalog_sales
                  Statistics: Num rows: 43005109025 Data size: 5492607208208 Basic stats: COMPLETE Column stats: COMPLETE
                  Select Operator
                    expressions: cs_item_sk (type: bigint), cs_ext_sales_price (type: decimal(7,2)), cs_sold_date_sk (type: bigint)
                    outputColumnNames: _col0, _col1, _col2
                    Statistics: Num rows: 43005109025 Data size: 5492607208208 Basic stats: COMPLETE Column stats: COMPLETE
                    Reduce Output Operator
                      key expressions: _col2 (type: bigint)
                      null sort order: z
                      sort order: +
                      Map-reduce partition columns: _col2 (type: bigint)
                      Statistics: Num rows: 43005109025 Data size: 5492607208208 Basic stats: COMPLETE Column stats: COMPLETE
                      value expressions: _col0 (type: bigint), _col1 (type: decimal(7,2))
            Execution mode: vectorized, llap
            LLAP IO: may be used (ACID table)
        Map 6 
            Map Operator Tree:
                TableScan
                  alias: item
                  Statistics: Num rows: 462000 Data size: 49896000 Basic stats: COMPLETE Column stats: COMPLETE
                  Select Operator
                    expressions: i_item_sk (type: bigint), i_item_id (type: string)
                    outputColumnNames: _col0, _col1
                    Statistics: Num rows: 462000 Data size: 49896000 Basic stats: COMPLETE Column stats: COMPLETE
                    Reduce Output Operator
                      key expressions: _col0 (type: bigint)
                      null sort order: z
                      sort order: +
                      Map-reduce partition columns: _col0 (type: bigint)
                      Statistics: Num rows: 462000 Data size: 49896000 Basic stats: COMPLETE Column stats: COMPLETE
                      value expressions: _col1 (type: string)
                    Reduce Output Operator
                      key expressions: _col0 (type: bigint)
                      null sort order: z
                      sort order: +
                      Map-reduce partition columns: _col0 (type: bigint)
                      Statistics: Num rows: 462000 Data size: 49896000 Basic stats: COMPLETE Column stats: COMPLETE
                      value expressions: _col1 (type: string)
                    Reduce Output Operator
                      key expressions: _col0 (type: bigint)
                      null sort order: z
                      sort order: +
                      Map-reduce partition columns: _col0 (type: bigint)
                      Statistics: Num rows: 462000 Data size: 49896000 Basic stats: COMPLETE Column stats: COMPLETE
                      value expressions: _col1 (type: string)
            Execution mode: vectorized, llap
            LLAP IO: may be used (ACID table)
        Map 7 
            Map Operator Tree:
                TableScan
                  alias: store_sales
                  Statistics: Num rows: 82510879939 Data size: 10343396725952 Basic stats: COMPLETE Column stats: COMPLETE
                  Select Operator
                    expressions: ss_item_sk (type: bigint), ss_ext_sales_price (type: decimal(7,2)), ss_sold_date_sk (type: bigint)
                    outputColumnNames: _col0, _col1, _col2
                    Statistics: Num rows: 82510879939 Data size: 10343396725952 Basic stats: COMPLETE Column stats: COMPLETE
                    Reduce Output Operator
                      key expressions: _col2 (type: bigint)
                      null sort order: z
                      sort order: +
                      Map-reduce partition columns: _col2 (type: bigint)
                      Statistics: Num rows: 82510879939 Data size: 10343396725952 Basic stats: COMPLETE Column stats: COMPLETE
                      value expressions: _col0 (type: bigint), _col1 (type: decimal(7,2))
            Execution mode: vectorized, llap
            LLAP IO: may be used (ACID table)
        Reducer 10 
            Execution mode: vectorized, llap
            Reduce Operator Tree:
              Select Operator
                expressions: KEY.reducesinkkey0 (type: string), KEY.reducesinkkey1 (type: decimal(17,2)), VALUE._col0 (type: decimal(38,17)), VALUE._col1 (type: decimal(17,2)), VALUE._col2 (type: decimal(38,17)), VALUE._col3 (type: decimal(17,2)), VALUE._col4 (type: decimal(38,17)), VALUE._col5 (type: decimal(23,6))
                outputColumnNames: _col0, _col1, _col2, _col3, _col4, _col5, _col6, _col7
                Statistics: Num rows: 1 Data size: 884 Basic stats: COMPLETE Column stats: COMPLETE
                Limit
                  Number of rows: 100
                  Statistics: Num rows: 1 Data size: 884 Basic stats: COMPLETE Column stats: COMPLETE
                  File Output Operator
                    compressed: false
                    Statistics: Num rows: 1 Data size: 884 Basic stats: COMPLETE Column stats: COMPLETE
                    table:
                        input format: org.apache.hadoop.mapred.SequenceFileInputFormat
                        output format: org.apache.hadoop.hive.ql.io.HiveSequenceFileOutputFormat
                        serde: org.apache.hadoop.hive.serde2.lazy.LazySimpleSerDe
        Reducer 12 
            Execution mode: vectorized, llap
            Reduce Operator Tree:
              Group By Operator
                keys: KEY._col0 (type: date)
                mode: mergepartial
                outputColumnNames: _col0
                Statistics: Num rows: 36524 Data size: 2045344 Basic stats: COMPLETE Column stats: COMPLETE
                Map Join Operator
                  condition map:
                       Inner Join 0 to 1
                  keys:
                    0 _col1 (type: date)
                    1 _col0 (type: date)
                  outputColumnNames: _col0
                  input vertices:
                    0 Map 1
                  Statistics: Num rows: 2668041676 Data size: 21344333408 Basic stats: COMPLETE Column stats: COMPLETE
                  Reduce Output Operator
                    key expressions: _col0 (type: bigint)
                    null sort order: z
                    sort order: +
                    Map-reduce partition columns: _col0 (type: bigint)
                    Statistics: Num rows: 2668041676 Data size: 21344333408 Basic stats: COMPLETE Column stats: COMPLETE
                  Select Operator
                    expressions: _col0 (type: bigint)
                    outputColumnNames: _col0
                    Statistics: Num rows: 2668041676 Data size: 21344333408 Basic stats: COMPLETE Column stats: COMPLETE
                    Group By Operator
                      keys: _col0 (type: bigint)
                      minReductionHashAggr: 0.99
                      mode: hash
                      outputColumnNames: _col0
                      Statistics: Num rows: 5699400 Data size: 45595200 Basic stats: COMPLETE Column stats: COMPLETE
                      Dynamic Partitioning Event Operator
                        Target column: cs_sold_date_sk (bigint)
                        Target Input: catalog_sales
                        Partition key expr: cs_sold_date_sk
                        Statistics: Num rows: 5699400 Data size: 45595200 Basic stats: COMPLETE Column stats: COMPLETE
                        Target Vertex: Map 3
                  Reduce Output Operator
                    key expressions: _col0 (type: bigint)
                    null sort order: z
                    sort order: +
                    Map-reduce partition columns: _col0 (type: bigint)
                    Statistics: Num rows: 2668041676 Data size: 21344333408 Basic stats: COMPLETE Column stats: COMPLETE
                  Select Operator
                    expressions: _col0 (type: bigint)
                    outputColumnNames: _col0
                    Statistics: Num rows: 2668041676 Data size: 21344333408 Basic stats: COMPLETE Column stats: COMPLETE
                    Group By Operator
                      keys: _col0 (type: bigint)
                      minReductionHashAggr: 0.99
                      mode: hash
                      outputColumnNames: _col0
                      Statistics: Num rows: 5699400 Data size: 45595200 Basic stats: COMPLETE Column stats: COMPLETE
                      Dynamic Partitioning Event Operator
                        Target column: ss_sold_date_sk (bigint)
                        Target Input: store_sales
                        Partition key expr: ss_sold_date_sk
                        Statistics: Num rows: 5699400 Data size: 45595200 Basic stats: COMPLETE Column stats: COMPLETE
                        Target Vertex: Map 7
                  Reduce Output Operator
                    key expressions: _col0 (type: bigint)
                    null sort order: z
                    sort order: +
                    Map-reduce partition columns: _col0 (type: bigint)
                    Statistics: Num rows: 2668041676 Data size: 21344333408 Basic stats: COMPLETE Column stats: COMPLETE
                  Select Operator
                    expressions: _col0 (type: bigint)
                    outputColumnNames: _col0
                    Statistics: Num rows: 2668041676 Data size: 21344333408 Basic stats: COMPLETE Column stats: COMPLETE
                    Group By Operator
                      keys: _col0 (type: bigint)
                      minReductionHashAggr: 0.99
                      mode: hash
                      outputColumnNames: _col0
                      Statistics: Num rows: 5699400 Data size: 45595200 Basic stats: COMPLETE Column stats: COMPLETE
                      Dynamic Partitioning Event Operator
                        Target column: ws_sold_date_sk (bigint)
                        Target Input: web_sales
                        Partition key expr: ws_sold_date_sk
                        Statistics: Num rows: 5699400 Data size: 45595200 Basic stats: COMPLETE Column stats: COMPLETE
                        Target Vertex: Map 13
        Reducer 14 
            Execution mode: vectorized, llap
            Reduce Operator Tree:
              Map Join Operator
                condition map:
                     Inner Join 0 to 1
                keys:
                  0 KEY.reducesinkkey0 (type: bigint)
                  1 KEY.reducesinkkey0 (type: bigint)
                outputColumnNames: _col3, _col4
                input vertices:
                  0 Reducer 12
                Statistics: Num rows: 1669782601 Data size: 200071304584 Basic stats: COMPLETE Column stats: COMPLETE
                DynamicPartitionHashJoin: true
                Map Join Operator
                  condition map:
                       Inner Join 0 to 1
                  keys:
                    0 _col3 (type: bigint)
                    1 _col0 (type: bigint)
                  outputColumnNames: _col4, _col7
                  input vertices:
                    1 Map 6
                  Statistics: Num rows: 1669782601 Data size: 353691303876 Basic stats: COMPLETE Column stats: COMPLETE
                  Group By Operator
                    aggregations: sum(_col4)
                    keys: _col7 (type: string)
                    minReductionHashAggr: 0.99
                    mode: hash
                    outputColumnNames: _col0, _col1
                    Statistics: Num rows: 342078168 Data size: 72520571616 Basic stats: COMPLETE Column stats: COMPLETE
                    Reduce Output Operator
                      key expressions: _col0 (type: string)
                      null sort order: z
                      sort order: +
                      Map-reduce partition columns: _col0 (type: string)
                      Statistics: Num rows: 342078168 Data size: 72520571616 Basic stats: COMPLETE Column stats: COMPLETE
                      value expressions: _col1 (type: decimal(17,2))
        Reducer 15 
            Execution mode: vectorized, llap
            Reduce Operator Tree:
              Group By Operator
                aggregations: sum(VALUE._col0)
                keys: KEY._col0 (type: string)
                mode: mergepartial
                outputColumnNames: _col0, _col1
                Statistics: Num rows: 247524 Data size: 52475088 Basic stats: COMPLETE Column stats: COMPLETE
                Select Operator
                  expressions: _col0 (type: string), _col1 (type: decimal(17,2)), (0.9 * _col1) (type: decimal(19,3)), (1.1 * _col1) (type: decimal(20,3))
                  outputColumnNames: _col0, _col1, _col2, _col3
                  Statistics: Num rows: 247524 Data size: 107920464 Basic stats: COMPLETE Column stats: COMPLETE
                  Reduce Output Operator
                    key expressions: _col0 (type: string)
                    null sort order: z
                    sort order: +
                    Map-reduce partition columns: _col0 (type: string)
                    Statistics: Num rows: 247524 Data size: 107920464 Basic stats: COMPLETE Column stats: COMPLETE
                    value expressions: _col1 (type: decimal(17,2)), _col2 (type: decimal(19,3)), _col3 (type: decimal(20,3))
        Reducer 2 
            Execution mode: vectorized, llap
            Reduce Operator Tree:
              Group By Operator
                aggregations: count(VALUE._col0)
                mode: mergepartial
                outputColumnNames: _col0
                Statistics: Num rows: 1 Data size: 8 Basic stats: COMPLETE Column stats: COMPLETE
                Filter Operator
                  predicate: (sq_count_check(_col0) <= 1) (type: boolean)
                  Statistics: Num rows: 1 Data size: 8 Basic stats: COMPLETE Column stats: COMPLETE
                  Select Operator
                    Statistics: Num rows: 1 Data size: 8 Basic stats: COMPLETE Column stats: COMPLETE
                    Reduce Output Operator
                      null sort order: 
                      sort order: 
                      Statistics: Num rows: 1 Data size: 8 Basic stats: COMPLETE Column stats: COMPLETE
        Reducer 4 
            Execution mode: vectorized, llap
            Reduce Operator Tree:
              Map Join Operator
                condition map:
                     Inner Join 0 to 1
                keys:
                  0 KEY.reducesinkkey0 (type: bigint)
                  1 KEY.reducesinkkey0 (type: bigint)
                outputColumnNames: _col3, _col4
                input vertices:
                  0 Reducer 12
                Statistics: Num rows: 3325324616 Data size: 386992206928 Basic stats: COMPLETE Column stats: COMPLETE
                DynamicPartitionHashJoin: true
                Map Join Operator
                  condition map:
                       Inner Join 0 to 1
                  keys:
                    0 _col3 (type: bigint)
                    1 _col0 (type: bigint)
                  outputColumnNames: _col4, _col7
                  input vertices:
                    1 Map 6
                  Statistics: Num rows: 3325324616 Data size: 692922071600 Basic stats: COMPLETE Column stats: COMPLETE
                  Group By Operator
                    aggregations: sum(_col4)
                    keys: _col7 (type: string)
                    minReductionHashAggr: 0.99
                    mode: hash
                    outputColumnNames: _col0, _col1
                    Statistics: Num rows: 670047468 Data size: 142050063216 Basic stats: COMPLETE Column stats: COMPLETE
                    Reduce Output Operator
                      key expressions: _col0 (type: string)
                      null sort order: z
                      sort order: +
                      Map-reduce partition columns: _col0 (type: string)
                      Statistics: Num rows: 670047468 Data size: 142050063216 Basic stats: COMPLETE Column stats: COMPLETE
                      value expressions: _col1 (type: decimal(17,2))
        Reducer 5 
            Execution mode: vectorized, llap
            Reduce Operator Tree:
              Group By Operator
                aggregations: sum(VALUE._col0)
                keys: KEY._col0 (type: string)
                mode: mergepartial
                outputColumnNames: _col0, _col1
                Statistics: Num rows: 247524 Data size: 52475088 Basic stats: COMPLETE Column stats: COMPLETE
                Reduce Output Operator
                  key expressions: _col0 (type: string)
                  null sort order: z
                  sort order: +
                  Map-reduce partition columns: _col0 (type: string)
                  Statistics: Num rows: 247524 Data size: 52475088 Basic stats: COMPLETE Column stats: COMPLETE
                  value expressions: _col1 (type: decimal(17,2))
        Reducer 8 
            Execution mode: vectorized, llap
            Reduce Operator Tree:
              Map Join Operator
                condition map:
                     Inner Join 0 to 1
                keys:
                  0 KEY.reducesinkkey0 (type: bigint)
                  1 KEY.reducesinkkey0 (type: bigint)
                outputColumnNames: _col3, _col4
                input vertices:
                  0 Reducer 12
                Statistics: Num rows: 6380066609 Data size: 547612086840 Basic stats: COMPLETE Column stats: COMPLETE
                DynamicPartitionHashJoin: true
                Map Join Operator
                  condition map:
                       Inner Join 0 to 1
                  keys:
                    0 _col3 (type: bigint)
                    1 _col0 (type: bigint)
                  outputColumnNames: _col4, _col7
                  input vertices:
                    1 Map 6
                  Statistics: Num rows: 6380066609 Data size: 1134578214868 Basic stats: COMPLETE Column stats: COMPLETE
                  Group By Operator
                    aggregations: sum(_col4)
                    keys: _col7 (type: string)
                    minReductionHashAggr: 0.99
                    mode: hash
                    outputColumnNames: _col0, _col1
                    Statistics: Num rows: 1097026368 Data size: 232569590016 Basic stats: COMPLETE Column stats: COMPLETE
                    Reduce Output Operator
                      key expressions: _col0 (type: string)
                      null sort order: z
                      sort order: +
                      Map-reduce partition columns: _col0 (type: string)
                      Statistics: Num rows: 1097026368 Data size: 232569590016 Basic stats: COMPLETE Column stats: COMPLETE
                      value expressions: _col1 (type: decimal(17,2))
        Reducer 9 
            Execution mode: vectorized, llap
            Reduce Operator Tree:
              Group By Operator
                aggregations: sum(VALUE._col0)
                keys: KEY._col0 (type: string)
                mode: mergepartial
                outputColumnNames: _col0, _col1
                Statistics: Num rows: 247524 Data size: 52475088 Basic stats: COMPLETE Column stats: COMPLETE
                Map Join Operator
                  condition map:
                       Inner Join 0 to 1
                  keys:
                    0 _col0 (type: string)
                    1 _col0 (type: string)
                  outputColumnNames: _col0, _col1, _col3
                  input vertices:
                    0 Reducer 5
                  Statistics: Num rows: 247524 Data size: 80197776 Basic stats: COMPLETE Column stats: COMPLETE
                  Filter Operator
                    predicate: (_col1 BETWEEN (0.9 * _col3) AND (1.1 * _col3) and _col3 BETWEEN (0.9 * _col1) AND (1.1 * _col1)) (type: boolean)
                    Statistics: Num rows: 3055 Data size: 989820 Basic stats: COMPLETE Column stats: COMPLETE
                    Map Join Operator
                      condition map:
                           Inner Join 0 to 1
                      keys:
                        0 _col0 (type: string)
                        1 _col0 (type: string)
                      outputColumnNames: _col0, _col1, _col3, _col5, _col6, _col7
                      input vertices:
                        1 Reducer 15
                      Statistics: Num rows: 3055 Data size: 2016300 Basic stats: COMPLETE Column stats: COMPLETE
                      Filter Operator
                        predicate: (_col5 BETWEEN (0.9 * _col1) AND (1.1 * _col1) and _col5 BETWEEN (0.9 * _col3) AND (1.1 * _col3) and _col1 BETWEEN _col6 AND _col7 and _col3 BETWEEN _col6 AND _col7) (type: boolean)
                        Statistics: Num rows: 1 Data size: 660 Basic stats: COMPLETE Column stats: COMPLETE
                        Top N Key Operator
                          sort order: ++
                          keys: _col0 (type: string), _col3 (type: decimal(17,2))
                          null sort order: zz
                          Statistics: Num rows: 1 Data size: 660 Basic stats: COMPLETE Column stats: COMPLETE
                          top n: 100
                          Select Operator
                            expressions: _col0 (type: string), _col3 (type: decimal(17,2)), (((_col3 / ((_col3 + _col1) + _col5)) / 3) * 100) (type: decimal(38,17)), _col1 (type: decimal(17,2)), (((_col1 / ((_col3 + _col1) + _col5)) / 3) * 100) (type: decimal(38,17)), _col5 (type: decimal(17,2)), (((_col5 / ((_col3 + _col1) + _col5)) / 3) * 100) (type: decimal(38,17)), (((_col3 + _col1) + _col5) / 3) (type: decimal(23,6))
                            outputColumnNames: _col0, _col1, _col2, _col3, _col4, _col5, _col6, _col7
                            Statistics: Num rows: 1 Data size: 884 Basic stats: COMPLETE Column stats: COMPLETE
                            Reduce Output Operator
                              key expressions: _col0 (type: string), _col1 (type: decimal(17,2))
                              null sort order: zz
                              sort order: ++
                              Statistics: Num rows: 1 Data size: 884 Basic stats: COMPLETE Column stats: COMPLETE
                              value expressions: _col2 (type: decimal(38,17)), _col3 (type: decimal(17,2)), _col4 (type: decimal(38,17)), _col5 (type: decimal(17,2)), _col6 (type: decimal(38,17)), _col7 (type: decimal(23,6))

  Stage: Stage-0
    Fetch Operator
      limit: 100
      Processor Tree:
        ListSink

