STAGE DEPENDENCIES:
  Stage-1 is a root stage
  Stage-0 depends on stages: Stage-1

STAGE PLANS:
  Stage: Stage-1
    Tez
#### A masked pattern was here ####
      Edges:
        Map 1 <- Map 5 (BROADCAST_EDGE), Map 6 (BROADCAST_EDGE), Map 7 (BROADCAST_EDGE)
        Reducer 2 <- Map 1 (SIMPLE_EDGE)
        Reducer 3 <- Reducer 2 (SIMPLE_EDGE)
        Reducer 4 <- Reducer 3 (SIMPLE_EDGE)
#### A masked pattern was here ####
      Vertices:
        Map 1 
            Map Operator Tree:
                TableScan
                  alias: store_sales
                  filterExpr: ss_store_sk is not null (type: boolean)
                  probeDecodeDetails: cacheKey:HASH_MAP_MAPJOIN_74_container, bigKeyColName:ss_store_sk, smallTablePos:1, keyRatio:2.0622734859426863E-7
                  Statistics: Num rows: 82510879939 Data size: 20011209733336 Basic stats: COMPLETE Column stats: COMPLETE
                  Filter Operator
                    predicate: ss_store_sk is not null (type: boolean)
                    Statistics: Num rows: 80569240632 Data size: 19540307575648 Basic stats: COMPLETE Column stats: COMPLETE
                    Select Operator
                      expressions: ss_item_sk (type: bigint), ss_store_sk (type: bigint), ss_ext_sales_price (type: decimal(7,2)), ss_net_profit (type: decimal(7,2)), ss_sold_date_sk (type: bigint)
                      outputColumnNames: _col0, _col1, _col2, _col3, _col4
                      Statistics: Num rows: 80569240632 Data size: 19540307575648 Basic stats: COMPLETE Column stats: COMPLETE
                      Map Join Operator
                        condition map:
                             Inner Join 0 to 1
                        keys:
                          0 _col4 (type: bigint)
                          1 _col0 (type: bigint)
                        outputColumnNames: _col0, _col1, _col2, _col3
                        input vertices:
                          1 Map 5
                        Statistics: Num rows: 16193047015 Data size: 3445467182512 Basic stats: COMPLETE Column stats: COMPLETE
                        Map Join Operator
                          condition map:
                               Inner Join 0 to 1
                          keys:
                            0 _col1 (type: bigint)
                            1 _col0 (type: bigint)
                          outputColumnNames: _col0, _col2, _col3
                          input vertices:
                            1 Map 6
                          Statistics: Num rows: 2949381825 Data size: 258560072776 Basic stats: COMPLETE Column stats: COMPLETE
                          Map Join Operator
                            condition map:
                                 Inner Join 0 to 1
                            keys:
                              0 _col0 (type: bigint)
                              1 _col0 (type: bigint)
                            outputColumnNames: _col2, _col3, _col8, _col9
                            input vertices:
                              1 Map 7
                            Statistics: Num rows: 2949381825 Data size: 771752510326 Basic stats: COMPLETE Column stats: COMPLETE
                            Select Operator
                              expressions: _col9 (type: char(50)), _col8 (type: char(50)), _col3 (type: decimal(7,2)), _col2 (type: decimal(7,2))
                              outputColumnNames: _col0, _col1, _col2, _col3
                              Statistics: Num rows: 2949381825 Data size: 771752510326 Basic stats: COMPLETE Column stats: COMPLETE
                              Group By Operator
                                aggregations: sum(_col2), sum(_col3)
                                keys: _col0 (type: char(50)), _col1 (type: char(50)), 0L (type: bigint)
                                grouping sets: 0, 1, 3
                                minReductionHashAggr: 0.99
                                mode: hash
                                outputColumnNames: _col0, _col1, _col2, _col3, _col4
                                Statistics: Num rows: 9850005 Data size: 4077902070 Basic stats: COMPLETE Column stats: COMPLETE
                                Reduce Output Operator
                                  key expressions: _col0 (type: char(50)), _col1 (type: char(50)), _col2 (type: bigint)
                                  null sort order: zzz
                                  sort order: +++
                                  Map-reduce partition columns: _col0 (type: char(50)), _col1 (type: char(50)), _col2 (type: bigint)
                                  Statistics: Num rows: 9850005 Data size: 4077902070 Basic stats: COMPLETE Column stats: COMPLETE
                                  value expressions: _col3 (type: decimal(17,2)), _col4 (type: decimal(17,2))
            Execution mode: vectorized, llap
            LLAP IO: may be used (ACID table)
        Map 5 
            Map Operator Tree:
                TableScan
                  alias: d1
                  filterExpr: (d_year = 1999) (type: boolean)
                  Statistics: Num rows: 73049 Data size: 876588 Basic stats: COMPLETE Column stats: COMPLETE
                  Filter Operator
                    predicate: (d_year = 1999) (type: boolean)
                    Statistics: Num rows: 367 Data size: 4404 Basic stats: COMPLETE Column stats: COMPLETE
                    Select Operator
                      expressions: d_date_sk (type: bigint)
                      outputColumnNames: _col0
                      Statistics: Num rows: 367 Data size: 2936 Basic stats: COMPLETE Column stats: COMPLETE
                      Reduce Output Operator
                        key expressions: _col0 (type: bigint)
                        null sort order: z
                        sort order: +
                        Map-reduce partition columns: _col0 (type: bigint)
                        Statistics: Num rows: 367 Data size: 2936 Basic stats: COMPLETE Column stats: COMPLETE
                      Select Operator
                        expressions: _col0 (type: bigint)
                        outputColumnNames: _col0
                        Statistics: Num rows: 367 Data size: 2936 Basic stats: COMPLETE Column stats: COMPLETE
                        Group By Operator
                          keys: _col0 (type: bigint)
                          minReductionHashAggr: 0.4
                          mode: hash
                          outputColumnNames: _col0
                          Statistics: Num rows: 367 Data size: 2936 Basic stats: COMPLETE Column stats: COMPLETE
                          Dynamic Partitioning Event Operator
                            Target column: ss_sold_date_sk (bigint)
                            Target Input: store_sales
                            Partition key expr: ss_sold_date_sk
                            Statistics: Num rows: 367 Data size: 2936 Basic stats: COMPLETE Column stats: COMPLETE
                            Target Vertex: Map 1
            Execution mode: vectorized, llap
            LLAP IO: may be used (ACID table)
        Map 6 
            Map Operator Tree:
                TableScan
                  alias: store
                  filterExpr: (s_state) IN ('SD', 'FL', 'MI', 'LA', 'MO', 'SC', 'AL', 'GA') (type: boolean)
                  Statistics: Num rows: 1704 Data size: 160176 Basic stats: COMPLETE Column stats: COMPLETE
                  Filter Operator
                    predicate: (s_state) IN ('SD', 'FL', 'MI', 'LA', 'MO', 'SC', 'AL', 'GA') (type: boolean)
                    Statistics: Num rows: 310 Data size: 29140 Basic stats: COMPLETE Column stats: COMPLETE
                    Select Operator
                      expressions: s_store_sk (type: bigint)
                      outputColumnNames: _col0
                      Statistics: Num rows: 310 Data size: 2480 Basic stats: COMPLETE Column stats: COMPLETE
                      Reduce Output Operator
                        key expressions: _col0 (type: bigint)
                        null sort order: z
                        sort order: +
                        Map-reduce partition columns: _col0 (type: bigint)
                        Statistics: Num rows: 310 Data size: 2480 Basic stats: COMPLETE Column stats: COMPLETE
            Execution mode: vectorized, llap
            LLAP IO: may be used (ACID table)
        Map 7 
            Map Operator Tree:
                TableScan
                  alias: item
                  Statistics: Num rows: 462000 Data size: 87780000 Basic stats: COMPLETE Column stats: COMPLETE
                  Select Operator
                    expressions: i_item_sk (type: bigint), i_class (type: char(50)), i_category (type: char(50))
                    outputColumnNames: _col0, _col1, _col2
                    Statistics: Num rows: 462000 Data size: 87780000 Basic stats: COMPLETE Column stats: COMPLETE
                    Reduce Output Operator
                      key expressions: _col0 (type: bigint)
                      null sort order: z
                      sort order: +
                      Map-reduce partition columns: _col0 (type: bigint)
                      Statistics: Num rows: 462000 Data size: 87780000 Basic stats: COMPLETE Column stats: COMPLETE
                      value expressions: _col1 (type: char(50)), _col2 (type: char(50))
            Execution mode: vectorized, llap
            LLAP IO: may be used (ACID table)
        Reducer 2 
            Execution mode: vectorized, llap
            Reduce Operator Tree:
              Group By Operator
                aggregations: sum(VALUE._col0), sum(VALUE._col1)
                keys: KEY._col0 (type: char(50)), KEY._col1 (type: char(50)), KEY._col2 (type: bigint)
                mode: mergepartial
                outputColumnNames: _col0, _col1, _col2, _col3, _col4
                Statistics: Num rows: 3267 Data size: 1352538 Basic stats: COMPLETE Column stats: COMPLETE
                Select Operator
                  expressions: _col0 (type: char(50)), _col1 (type: char(50)), _col3 (type: decimal(17,2)), _col4 (type: decimal(17,2)), _col2 (type: bigint)
                  outputColumnNames: _col0, _col1, _col2, _col3, _col4
                  Statistics: Num rows: 3267 Data size: 1352538 Basic stats: COMPLETE Column stats: COMPLETE
                  Reduce Output Operator
                    key expressions: (grouping(_col4, 1L) + grouping(_col4, 0L)) (type: bigint), CASE WHEN ((grouping(_col4, 0L) = UDFToLong(0))) THEN (_col0) ELSE (CAST( null AS CHAR(50))) END (type: char(50)), (_col2 / _col3) (type: decimal(37,20))
                    null sort order: aaz
                    sort order: +++
                    Map-reduce partition columns: (grouping(_col4, 1L) + grouping(_col4, 0L)) (type: bigint), CASE WHEN ((grouping(_col4, 0L) = UDFToLong(0))) THEN (_col0) ELSE (CAST( null AS CHAR(50))) END (type: char(50))
                    Statistics: Num rows: 3267 Data size: 1352538 Basic stats: COMPLETE Column stats: COMPLETE
                    value expressions: _col0 (type: char(50)), _col1 (type: char(50)), _col2 (type: decimal(17,2)), _col3 (type: decimal(17,2)), _col4 (type: bigint)
        Reducer 3 
            Execution mode: vectorized, llap
            Reduce Operator Tree:
              Select Operator
                expressions: VALUE._col0 (type: char(50)), VALUE._col1 (type: char(50)), VALUE._col2 (type: decimal(17,2)), VALUE._col3 (type: decimal(17,2)), VALUE._col4 (type: bigint)
                outputColumnNames: _col0, _col1, _col2, _col3, _col4
                Statistics: Num rows: 3267 Data size: 1352538 Basic stats: COMPLETE Column stats: COMPLETE
                PTF Operator
                  Function definitions:
                      Input definition
                        input alias: ptf_0
                        output shape: _col0: char(50), _col1: char(50), _col2: decimal(17,2), _col3: decimal(17,2), _col4: bigint
                        type: WINDOWING
                      Windowing table definition
                        input alias: ptf_1
                        name: windowingtablefunction
                        order by: (_col2 / _col3) ASC NULLS LAST
                        partition by: (grouping(_col4, 1L) + grouping(_col4, 0L)), CASE WHEN ((grouping(_col4, 0L) = UDFToLong(0))) THEN (_col0) ELSE (CAST( null AS CHAR(50))) END
                        raw input shape:
                        window functions:
                            window function definition
                              alias: rank_window_0
                              arguments: (_col2 / _col3)
                              name: rank
                              window function: GenericUDAFRankEvaluator
                              window frame: ROWS PRECEDING(MAX)~FOLLOWING(MAX)
                              isPivotResult: true
                  Statistics: Num rows: 3267 Data size: 1352538 Basic stats: COMPLETE Column stats: COMPLETE
                  Top N Key Operator
                    sort order: -++
                    keys: (grouping(_col4, 1L) + grouping(_col4, 0L)) (type: bigint), CASE WHEN (((grouping(_col4, 1L) + grouping(_col4, 0L)) = 0L)) THEN (_col0) ELSE (null) END (type: char(50)), rank_window_0 (type: int)
                    null sort order: azz
                    Statistics: Num rows: 3267 Data size: 1352538 Basic stats: COMPLETE Column stats: COMPLETE
                    top n: 100
                    Select Operator
                      expressions: (_col2 / _col3) (type: decimal(37,20)), _col0 (type: char(50)), _col1 (type: char(50)), (grouping(_col4, 1L) + grouping(_col4, 0L)) (type: bigint), rank_window_0 (type: int), CASE WHEN (((grouping(_col4, 1L) + grouping(_col4, 0L)) = 0L)) THEN (_col0) ELSE (null) END (type: char(50))
                      outputColumnNames: _col0, _col1, _col2, _col3, _col4, _col5
                      Statistics: Num rows: 3267 Data size: 1437480 Basic stats: COMPLETE Column stats: COMPLETE
                      Reduce Output Operator
                        key expressions: _col3 (type: bigint), _col5 (type: char(50)), _col4 (type: int)
                        null sort order: azz
                        sort order: -++
                        Statistics: Num rows: 3267 Data size: 1437480 Basic stats: COMPLETE Column stats: COMPLETE
                        value expressions: _col0 (type: decimal(37,20)), _col1 (type: char(50)), _col2 (type: char(50))
        Reducer 4 
            Execution mode: vectorized, llap
            Reduce Operator Tree:
              Select Operator
                expressions: VALUE._col0 (type: decimal(37,20)), VALUE._col1 (type: char(50)), VALUE._col2 (type: char(50)), KEY.reducesinkkey0 (type: bigint), KEY.reducesinkkey2 (type: int)
                outputColumnNames: _col0, _col1, _col2, _col3, _col4
                Statistics: Num rows: 3267 Data size: 1437480 Basic stats: COMPLETE Column stats: COMPLETE
                Limit
                  Number of rows: 100
                  Statistics: Num rows: 100 Data size: 44000 Basic stats: COMPLETE Column stats: COMPLETE
                  File Output Operator
                    compressed: false
                    Statistics: Num rows: 100 Data size: 44000 Basic stats: COMPLETE Column stats: COMPLETE
                    table:
                        input format: org.apache.hadoop.mapred.SequenceFileInputFormat
                        output format: org.apache.hadoop.hive.ql.io.HiveSequenceFileOutputFormat
                        serde: org.apache.hadoop.hive.serde2.lazy.LazySimpleSerDe

  Stage: Stage-0
    Fetch Operator
      limit: -1
      Processor Tree:
        ListSink

