STAGE DEPENDENCIES:
  Stage-1 is a root stage
  Stage-0 depends on stages: Stage-1

STAGE PLANS:
  Stage: Stage-1
    Tez
#### A masked pattern was here ####
      Edges:
        Map 1 <- Map 3 (BROADCAST_EDGE), Map 4 (BROADCAST_EDGE), Map 5 (BROADCAST_EDGE), Map 6 (BROADCAST_EDGE)
        Reducer 2 <- Map 1 (CUSTOM_SIMPLE_EDGE)
#### A masked pattern was here ####
      Vertices:
        Map 1 
            Map Operator Tree:
                TableScan
                  alias: store_sales
                  filterExpr: (ss_cdemo_sk is not null and ss_addr_sk is not null and ss_hdemo_sk is not null and ss_store_sk is not null and ((ss_sales_price >= 100) or (ss_sales_price <= 150) or (ss_sales_price >= 50) or (ss_sales_price <= 100) or (ss_sales_price >= 150) or (ss_sales_price <= 200)) and ((ss_net_profit >= 100) or (ss_net_profit <= 200) or (ss_net_profit >= 150) or (ss_net_profit <= 300) or (ss_net_profit >= 50) or (ss_net_profit <= 250))) (type: boolean)
                  probeDecodeDetails: cacheKey:HASH_MAP_MAPJOIN_89_container, bigKeyColName:ss_hdemo_sk, smallTablePos:1, keyRatio:8.246185236456299E-8
                  Statistics: Num rows: 82510879939 Data size: 39653754183252 Basic stats: COMPLETE Column stats: COMPLETE
                  Filter Operator
                    predicate: (ss_cdemo_sk is not null and ss_addr_sk is not null and ss_hdemo_sk is not null and ss_store_sk is not null and ((ss_sales_price >= 100) or (ss_sales_price <= 150) or (ss_sales_price >= 50) or (ss_sales_price <= 100) or (ss_sales_price >= 150) or (ss_sales_price <= 200)) and ((ss_net_profit >= 100) or (ss_net_profit <= 200) or (ss_net_profit >= 150) or (ss_net_profit <= 300) or (ss_net_profit >= 50) or (ss_net_profit <= 250))) (type: boolean)
                    Statistics: Num rows: 75000207877 Data size: 36044213915176 Basic stats: COMPLETE Column stats: COMPLETE
                    Select Operator
                      expressions: ss_cdemo_sk (type: bigint), ss_hdemo_sk (type: bigint), ss_addr_sk (type: bigint), ss_quantity (type: int), ss_ext_sales_price (type: decimal(7,2)), ss_ext_wholesale_cost (type: decimal(7,2)), ss_sold_date_sk (type: bigint), ss_net_profit BETWEEN 100 AND 200 (type: boolean), ss_net_profit BETWEEN 150 AND 300 (type: boolean), ss_net_profit BETWEEN 50 AND 250 (type: boolean), ss_sales_price BETWEEN 100 AND 150 (type: boolean), ss_sales_price BETWEEN 50 AND 100 (type: boolean), ss_sales_price BETWEEN 150 AND 200 (type: boolean)
                      outputColumnNames: _col0, _col1, _col2, _col3, _col4, _col5, _col6, _col7, _col8, _col9, _col10, _col11, _col12
                      Statistics: Num rows: 75000207877 Data size: 20854196630752 Basic stats: COMPLETE Column stats: COMPLETE
                      Map Join Operator
                        condition map:
                             Inner Join 0 to 1
                        keys:
                          0 _col6 (type: bigint)
                          1 _col0 (type: bigint)
                        outputColumnNames: _col0, _col1, _col2, _col3, _col4, _col5, _col7, _col8, _col9, _col10, _col11, _col12
                        input vertices:
                          1 Map 3
                        Statistics: Num rows: 15073766151 Data size: 3714497051360 Basic stats: COMPLETE Column stats: COMPLETE
                        Map Join Operator
                          condition map:
                               Inner Join 0 to 1
                          keys:
                            0 _col2 (type: bigint)
                            1 _col0 (type: bigint)
                          outputColumnNames: _col0, _col1, _col3, _col4, _col5, _col7, _col8, _col9, _col10, _col11, _col12, _col15, _col16, _col17
                          input vertices:
                            1 Map 4
                          Statistics: Num rows: 1279848314 Data size: 46074539548 Basic stats: COMPLETE Column stats: COMPLETE
                          Filter Operator
                            predicate: ((_col15 and _col7) or (_col16 and _col8) or (_col17 and _col9)) (type: boolean)
                            Statistics: Num rows: 959886234 Data size: 34555904668 Basic stats: COMPLETE Column stats: COMPLETE
                            Map Join Operator
                              condition map:
                                   Inner Join 0 to 1
                              keys:
                                0 _col1 (type: bigint)
                                1 _col0 (type: bigint)
                              outputColumnNames: _col0, _col3, _col4, _col5, _col10, _col11, _col12, _col19, _col20
                              input vertices:
                                1 Map 5
                              Statistics: Num rows: 191977250 Data size: 3839545236 Basic stats: COMPLETE Column stats: COMPLETE
                              Map Join Operator
                                condition map:
                                     Inner Join 0 to 1
                                keys:
                                  0 _col0 (type: bigint)
                                  1 _col0 (type: bigint)
                                outputColumnNames: _col3, _col4, _col5, _col10, _col11, _col12, _col19, _col20, _col22, _col23, _col24, _col25, _col26, _col27
                                input vertices:
                                  1 Map 6
                                Statistics: Num rows: 49365582 Data size: 2172085836 Basic stats: COMPLETE Column stats: COMPLETE
                                Filter Operator
                                  predicate: ((_col22 and _col23 and _col10 and _col19) or (_col24 and _col25 and _col11 and _col20) or (_col26 and _col27 and _col12 and _col20)) (type: boolean)
                                  Statistics: Num rows: 9256044 Data size: 407266164 Basic stats: COMPLETE Column stats: COMPLETE
                                  Select Operator
                                    expressions: _col3 (type: int), _col4 (type: decimal(7,2)), _col5 (type: decimal(7,2))
                                    outputColumnNames: _col3, _col4, _col5
                                    Statistics: Num rows: 9256044 Data size: 407266164 Basic stats: COMPLETE Column stats: COMPLETE
                                    Group By Operator
                                      aggregations: sum(_col3), count(_col3), sum(_col4), count(_col4), sum(_col5), count(_col5)
                                      minReductionHashAggr: 0.99
                                      mode: hash
                                      outputColumnNames: _col0, _col1, _col2, _col3, _col4, _col5
                                      Statistics: Num rows: 1 Data size: 256 Basic stats: COMPLETE Column stats: COMPLETE
                                      Reduce Output Operator
                                        null sort order: 
                                        sort order: 
                                        Statistics: Num rows: 1 Data size: 256 Basic stats: COMPLETE Column stats: COMPLETE
                                        value expressions: _col0 (type: bigint), _col1 (type: bigint), _col2 (type: decimal(17,2)), _col3 (type: bigint), _col4 (type: decimal(17,2)), _col5 (type: bigint)
            Execution mode: vectorized, llap
            LLAP IO: may be used (ACID table)
        Map 3 
            Map Operator Tree:
                TableScan
                  alias: date_dim
                  filterExpr: (d_year = 2001) (type: boolean)
                  Statistics: Num rows: 73049 Data size: 876588 Basic stats: COMPLETE Column stats: COMPLETE
                  Filter Operator
                    predicate: (d_year = 2001) (type: boolean)
                    Statistics: Num rows: 367 Data size: 4404 Basic stats: COMPLETE Column stats: COMPLETE
                    Select Operator
                      expressions: d_date_sk (type: bigint)
                      outputColumnNames: _col0
                      Statistics: Num rows: 367 Data size: 2936 Basic stats: COMPLETE Column stats: COMPLETE
                      Reduce Output Operator
                        key expressions: _col0 (type: bigint)
                        null sort order: z
                        sort order: +
                        Map-reduce partition columns: _col0 (type: bigint)
                        Statistics: Num rows: 367 Data size: 2936 Basic stats: COMPLETE Column stats: COMPLETE
                      Select Operator
                        expressions: _col0 (type: bigint)
                        outputColumnNames: _col0
                        Statistics: Num rows: 367 Data size: 2936 Basic stats: COMPLETE Column stats: COMPLETE
                        Group By Operator
                          keys: _col0 (type: bigint)
                          minReductionHashAggr: 0.4
                          mode: hash
                          outputColumnNames: _col0
                          Statistics: Num rows: 367 Data size: 2936 Basic stats: COMPLETE Column stats: COMPLETE
                          Dynamic Partitioning Event Operator
                            Target column: ss_sold_date_sk (bigint)
                            Target Input: store_sales
                            Partition key expr: ss_sold_date_sk
                            Statistics: Num rows: 367 Data size: 2936 Basic stats: COMPLETE Column stats: COMPLETE
                            Target Vertex: Map 1
            Execution mode: vectorized, llap
            LLAP IO: may be used (ACID table)
        Map 4 
            Map Operator Tree:
                TableScan
                  alias: customer_address
                  filterExpr: ((ca_state) IN ('KY', 'GA', 'NM', 'MT', 'OR', 'IN', 'WI', 'MO', 'WV') and (ca_country = 'United States')) (type: boolean)
                  Statistics: Num rows: 40000000 Data size: 7640000000 Basic stats: COMPLETE Column stats: COMPLETE
                  Filter Operator
                    predicate: ((ca_state) IN ('KY', 'GA', 'NM', 'MT', 'OR', 'IN', 'WI', 'MO', 'WV') and (ca_country = 'United States')) (type: boolean)
                    Statistics: Num rows: 3396227 Data size: 648679357 Basic stats: COMPLETE Column stats: COMPLETE
                    Select Operator
                      expressions: ca_address_sk (type: bigint), (ca_state) IN ('KY', 'GA', 'NM') (type: boolean), (ca_state) IN ('MT', 'OR', 'IN') (type: boolean), (ca_state) IN ('WI', 'MO', 'WV') (type: boolean)
                      outputColumnNames: _col0, _col1, _col2, _col3
                      Statistics: Num rows: 3396227 Data size: 67924540 Basic stats: COMPLETE Column stats: COMPLETE
                      Reduce Output Operator
                        key expressions: _col0 (type: bigint)
                        null sort order: z
                        sort order: +
                        Map-reduce partition columns: _col0 (type: bigint)
                        Statistics: Num rows: 3396227 Data size: 67924540 Basic stats: COMPLETE Column stats: COMPLETE
                        value expressions: _col1 (type: boolean), _col2 (type: boolean), _col3 (type: boolean)
            Execution mode: vectorized, llap
            LLAP IO: may be used (ACID table)
        Map 5 
            Map Operator Tree:
                TableScan
                  alias: household_demographics
                  filterExpr: (hd_dep_count) IN (3, 1) (type: boolean)
                  Statistics: Num rows: 7200 Data size: 86400 Basic stats: COMPLETE Column stats: COMPLETE
                  Filter Operator
                    predicate: (hd_dep_count) IN (3, 1) (type: boolean)
                    Statistics: Num rows: 1440 Data size: 17280 Basic stats: COMPLETE Column stats: COMPLETE
                    Select Operator
                      expressions: hd_demo_sk (type: bigint), (hd_dep_count = 3) (type: boolean), (hd_dep_count = 1) (type: boolean)
                      outputColumnNames: _col0, _col1, _col2
                      Statistics: Num rows: 1440 Data size: 23040 Basic stats: COMPLETE Column stats: COMPLETE
                      Reduce Output Operator
                        key expressions: _col0 (type: bigint)
                        null sort order: z
                        sort order: +
                        Map-reduce partition columns: _col0 (type: bigint)
                        Statistics: Num rows: 1440 Data size: 23040 Basic stats: COMPLETE Column stats: COMPLETE
                        value expressions: _col1 (type: boolean), _col2 (type: boolean)
            Execution mode: vectorized, llap
            LLAP IO: may be used (ACID table)
        Map 6 
            Map Operator Tree:
                TableScan
                  alias: customer_demographics
                  filterExpr: ((cd_marital_status) IN ('M', 'D', 'U') and (cd_education_status) IN ('4 yr Degree         ', 'Primary             ', 'Advanced Degree     ')) (type: boolean)
                  Statistics: Num rows: 1920800 Data size: 359189600 Basic stats: COMPLETE Column stats: COMPLETE
                  Filter Operator
                    predicate: ((cd_marital_status) IN ('M', 'D', 'U') and (cd_education_status) IN ('4 yr Degree         ', 'Primary             ', 'Advanced Degree     ')) (type: boolean)
                    Statistics: Num rows: 493920 Data size: 92363040 Basic stats: COMPLETE Column stats: COMPLETE
                    Select Operator
                      expressions: cd_demo_sk (type: bigint), (cd_marital_status = 'M') (type: boolean), (cd_education_status = '4 yr Degree         ') (type: boolean), (cd_marital_status = 'D') (type: boolean), (cd_education_status = 'Primary             ') (type: boolean), (cd_marital_status = 'U') (type: boolean), (cd_education_status = 'Advanced Degree     ') (type: boolean)
                      outputColumnNames: _col0, _col1, _col2, _col3, _col4, _col5, _col6
                      Statistics: Num rows: 493920 Data size: 15805440 Basic stats: COMPLETE Column stats: COMPLETE
                      Reduce Output Operator
                        key expressions: _col0 (type: bigint)
                        null sort order: z
                        sort order: +
                        Map-reduce partition columns: _col0 (type: bigint)
                        Statistics: Num rows: 493920 Data size: 15805440 Basic stats: COMPLETE Column stats: COMPLETE
                        value expressions: _col1 (type: boolean), _col2 (type: boolean), _col3 (type: boolean), _col4 (type: boolean), _col5 (type: boolean), _col6 (type: boolean)
            Execution mode: vectorized, llap
            LLAP IO: may be used (ACID table)
        Reducer 2 
            Execution mode: vectorized, llap
            Reduce Operator Tree:
              Group By Operator
                aggregations: sum(VALUE._col0), count(VALUE._col1), sum(VALUE._col2), count(VALUE._col3), sum(VALUE._col4), count(VALUE._col5)
                mode: mergepartial
                outputColumnNames: _col0, _col1, _col2, _col3, _col4, _col5
                Statistics: Num rows: 1 Data size: 256 Basic stats: COMPLETE Column stats: COMPLETE
                Select Operator
                  expressions: (UDFToDouble(_col0) / _col1) (type: double), CAST( (_col2 / _col3) AS decimal(11,6)) (type: decimal(11,6)), CAST( (_col4 / _col5) AS decimal(11,6)) (type: decimal(11,6)), CAST( _col4 AS decimal(17,2)) (type: decimal(17,2))
                  outputColumnNames: _col0, _col1, _col2, _col3
                  Statistics: Num rows: 1 Data size: 344 Basic stats: COMPLETE Column stats: COMPLETE
                  File Output Operator
                    compressed: false
                    Statistics: Num rows: 1 Data size: 344 Basic stats: COMPLETE Column stats: COMPLETE
                    table:
                        input format: org.apache.hadoop.mapred.SequenceFileInputFormat
                        output format: org.apache.hadoop.hive.ql.io.HiveSequenceFileOutputFormat
                        serde: org.apache.hadoop.hive.serde2.lazy.LazySimpleSerDe

  Stage: Stage-0
    Fetch Operator
      limit: -1
      Processor Tree:
        ListSink

