STAGE DEPENDENCIES:
  Stage-1 is a root stage
  Stage-0 depends on stages: Stage-1

STAGE PLANS:
  Stage: Stage-1
    Tez
#### A masked pattern was here ####
      Edges:
        Map 5 <- Map 10 (BROADCAST_EDGE), Map 8 (BROADCAST_EDGE), Map 9 (BROADCAST_EDGE)
        Reducer 2 <- Map 1 (CUSTOM_SIMPLE_EDGE), Map 4 (CUSTOM_SIMPLE_EDGE), Reducer 7 (BROADCAST_EDGE)
        Reducer 3 <- Reducer 2 (SIMPLE_EDGE)
        Reducer 6 <- Map 4 (CUSTOM_SIMPLE_EDGE), Map 5 (CUSTOM_SIMPLE_EDGE)
        Reducer 7 <- Reducer 6 (SIMPLE_EDGE)
#### A masked pattern was here ####
      Vertices:
        Map 1 
            Map Operator Tree:
                TableScan
                  alias: customer
                  filterExpr: c_current_addr_sk is not null (type: boolean)
                  Statistics: Num rows: 80000000 Data size: 15680000000 Basic stats: COMPLETE Column stats: COMPLETE
                  Filter Operator
                    predicate: c_current_addr_sk is not null (type: boolean)
                    Statistics: Num rows: 80000000 Data size: 15680000000 Basic stats: COMPLETE Column stats: COMPLETE
                    Select Operator
                      expressions: c_customer_sk (type: bigint), c_current_addr_sk (type: bigint), c_first_name (type: char(20)), c_last_name (type: char(30))
                      outputColumnNames: _col0, _col1, _col2, _col3
                      Statistics: Num rows: 80000000 Data size: 15680000000 Basic stats: COMPLETE Column stats: COMPLETE
                      Reduce Output Operator
                        key expressions: _col1 (type: bigint)
                        null sort order: z
                        sort order: +
                        Map-reduce partition columns: _col1 (type: bigint)
                        Statistics: Num rows: 80000000 Data size: 15680000000 Basic stats: COMPLETE Column stats: COMPLETE
                        value expressions: _col0 (type: bigint), _col2 (type: char(20)), _col3 (type: char(30))
            Execution mode: vectorized, llap
            LLAP IO: may be used (ACID table)
        Map 10 
            Map Operator Tree:
                TableScan
                  alias: household_demographics
                  filterExpr: ((hd_vehicle_count = 1) or (hd_dep_count = 2)) (type: boolean)
                  Statistics: Num rows: 7200 Data size: 115200 Basic stats: COMPLETE Column stats: COMPLETE
                  Filter Operator
                    predicate: ((hd_vehicle_count = 1) or (hd_dep_count = 2)) (type: boolean)
                    Statistics: Num rows: 1920 Data size: 30720 Basic stats: COMPLETE Column stats: COMPLETE
                    Select Operator
                      expressions: hd_demo_sk (type: bigint)
                      outputColumnNames: _col0
                      Statistics: Num rows: 1920 Data size: 15360 Basic stats: COMPLETE Column stats: COMPLETE
                      Reduce Output Operator
                        key expressions: _col0 (type: bigint)
                        null sort order: z
                        sort order: +
                        Map-reduce partition columns: _col0 (type: bigint)
                        Statistics: Num rows: 1920 Data size: 15360 Basic stats: COMPLETE Column stats: COMPLETE
            Execution mode: vectorized, llap
            LLAP IO: may be used (ACID table)
        Map 4 
            Map Operator Tree:
                TableScan
                  alias: current_addr
                  Statistics: Num rows: 40000000 Data size: 4040000000 Basic stats: COMPLETE Column stats: COMPLETE
                  Select Operator
                    expressions: ca_address_sk (type: bigint), ca_city (type: varchar(60))
                    outputColumnNames: _col0, _col1
                    Statistics: Num rows: 40000000 Data size: 4040000000 Basic stats: COMPLETE Column stats: COMPLETE
                    Reduce Output Operator
                      key expressions: _col0 (type: bigint)
                      null sort order: z
                      sort order: +
                      Map-reduce partition columns: _col0 (type: bigint)
                      Statistics: Num rows: 40000000 Data size: 4040000000 Basic stats: COMPLETE Column stats: COMPLETE
                      value expressions: _col1 (type: varchar(60))
                    Reduce Output Operator
                      key expressions: _col0 (type: bigint)
                      null sort order: z
                      sort order: +
                      Map-reduce partition columns: _col0 (type: bigint)
                      Statistics: Num rows: 40000000 Data size: 4040000000 Basic stats: COMPLETE Column stats: COMPLETE
                      value expressions: _col1 (type: varchar(60))
            Execution mode: vectorized, llap
            LLAP IO: may be used (ACID table)
        Map 5 
            Map Operator Tree:
                TableScan
                  alias: store_sales
                  filterExpr: (ss_addr_sk is not null and ss_hdemo_sk is not null and ss_customer_sk is not null and ss_store_sk is not null) (type: boolean)
                  probeDecodeDetails: cacheKey:HASH_MAP_MAPJOIN_135_container, bigKeyColName:ss_hdemo_sk, smallTablePos:1, keyRatio:7.538399789940944E-8
                  Statistics: Num rows: 82510879939 Data size: 30967846576600 Basic stats: COMPLETE Column stats: COMPLETE
                  Filter Operator
                    predicate: (ss_addr_sk is not null and ss_hdemo_sk is not null and ss_customer_sk is not null and ss_store_sk is not null) (type: boolean)
                    Statistics: Num rows: 75002212194 Data size: 28149705855152 Basic stats: COMPLETE Column stats: COMPLETE
                    Select Operator
                      expressions: ss_customer_sk (type: bigint), ss_hdemo_sk (type: bigint), ss_addr_sk (type: bigint), ss_store_sk (type: bigint), ss_ticket_number (type: bigint), ss_ext_sales_price (type: decimal(7,2)), ss_ext_list_price (type: decimal(7,2)), ss_ext_tax (type: decimal(7,2)), ss_sold_date_sk (type: bigint)
                      outputColumnNames: _col0, _col1, _col2, _col3, _col4, _col5, _col6, _col7, _col8
                      Statistics: Num rows: 75002212194 Data size: 28149705855152 Basic stats: COMPLETE Column stats: COMPLETE
                      Map Join Operator
                        condition map:
                             Inner Join 0 to 1
                        keys:
                          0 _col8 (type: bigint)
                          1 _col0 (type: bigint)
                        outputColumnNames: _col0, _col1, _col2, _col3, _col4, _col5, _col6, _col7
                        input vertices:
                          1 Map 8
                        Statistics: Num rows: 2916256322 Data size: 445368749728 Basic stats: COMPLETE Column stats: COMPLETE
                        Map Join Operator
                          condition map:
                               Inner Join 0 to 1
                          keys:
                            0 _col3 (type: bigint)
                            1 _col0 (type: bigint)
                          outputColumnNames: _col0, _col1, _col2, _col4, _col5, _col6, _col7
                          input vertices:
                            1 Map 9
                          Statistics: Num rows: 22274594 Data size: 178197112 Basic stats: COMPLETE Column stats: COMPLETE
                          Map Join Operator
                            condition map:
                                 Inner Join 0 to 1
                            keys:
                              0 _col1 (type: bigint)
                              1 _col0 (type: bigint)
                            outputColumnNames: _col0, _col2, _col4, _col5, _col6, _col7
                            input vertices:
                              1 Map 10
                            Statistics: Num rows: 5939893 Data size: 47519496 Basic stats: COMPLETE Column stats: COMPLETE
                            Reduce Output Operator
                              key expressions: _col2 (type: bigint)
                              null sort order: z
                              sort order: +
                              Map-reduce partition columns: _col2 (type: bigint)
                              Statistics: Num rows: 5939893 Data size: 47519496 Basic stats: COMPLETE Column stats: COMPLETE
                              value expressions: _col0 (type: bigint), _col4 (type: bigint), _col5 (type: decimal(7,2)), _col6 (type: decimal(7,2)), _col7 (type: decimal(7,2))
            Execution mode: vectorized, llap
            LLAP IO: may be used (ACID table)
        Map 8 
            Map Operator Tree:
                TableScan
                  alias: date_dim
                  filterExpr: (d_dom BETWEEN 1 AND 2 and (d_year) IN (1998, 1999, 2000)) (type: boolean)
                  Statistics: Num rows: 73049 Data size: 1168784 Basic stats: COMPLETE Column stats: COMPLETE
                  Filter Operator
                    predicate: (d_dom BETWEEN 1 AND 2 and (d_year) IN (1998, 1999, 2000)) (type: boolean)
                    Statistics: Num rows: 71 Data size: 1136 Basic stats: COMPLETE Column stats: COMPLETE
                    Select Operator
                      expressions: d_date_sk (type: bigint)
                      outputColumnNames: _col0
                      Statistics: Num rows: 71 Data size: 568 Basic stats: COMPLETE Column stats: COMPLETE
                      Reduce Output Operator
                        key expressions: _col0 (type: bigint)
                        null sort order: z
                        sort order: +
                        Map-reduce partition columns: _col0 (type: bigint)
                        Statistics: Num rows: 71 Data size: 568 Basic stats: COMPLETE Column stats: COMPLETE
                      Select Operator
                        expressions: _col0 (type: bigint)
                        outputColumnNames: _col0
                        Statistics: Num rows: 71 Data size: 568 Basic stats: COMPLETE Column stats: COMPLETE
                        Group By Operator
                          keys: _col0 (type: bigint)
                          minReductionHashAggr: 0.4
                          mode: hash
                          outputColumnNames: _col0
                          Statistics: Num rows: 71 Data size: 568 Basic stats: COMPLETE Column stats: COMPLETE
                          Dynamic Partitioning Event Operator
                            Target column: ss_sold_date_sk (bigint)
                            Target Input: store_sales
                            Partition key expr: ss_sold_date_sk
                            Statistics: Num rows: 71 Data size: 568 Basic stats: COMPLETE Column stats: COMPLETE
                            Target Vertex: Map 5
            Execution mode: vectorized, llap
            LLAP IO: may be used (ACID table)
        Map 9 
            Map Operator Tree:
                TableScan
                  alias: store
                  filterExpr: (s_city) IN ('Cedar Grove', 'Wildwood') (type: boolean)
                  Statistics: Num rows: 1704 Data size: 172104 Basic stats: COMPLETE Column stats: COMPLETE
                  Filter Operator
                    predicate: (s_city) IN ('Cedar Grove', 'Wildwood') (type: boolean)
                    Statistics: Num rows: 13 Data size: 1313 Basic stats: COMPLETE Column stats: COMPLETE
                    Select Operator
                      expressions: s_store_sk (type: bigint)
                      outputColumnNames: _col0
                      Statistics: Num rows: 13 Data size: 104 Basic stats: COMPLETE Column stats: COMPLETE
                      Reduce Output Operator
                        key expressions: _col0 (type: bigint)
                        null sort order: z
                        sort order: +
                        Map-reduce partition columns: _col0 (type: bigint)
                        Statistics: Num rows: 13 Data size: 104 Basic stats: COMPLETE Column stats: COMPLETE
            Execution mode: vectorized, llap
            LLAP IO: may be used (ACID table)
        Reducer 2 
            Execution mode: vectorized, llap
            Reduce Operator Tree:
              Map Join Operator
                condition map:
                     Inner Join 0 to 1
                keys:
                  0 KEY.reducesinkkey0 (type: bigint)
                  1 KEY.reducesinkkey0 (type: bigint)
                outputColumnNames: _col0, _col2, _col3, _col5
                input vertices:
                  1 Map 4
                Statistics: Num rows: 80000000 Data size: 22480000000 Basic stats: COMPLETE Column stats: COMPLETE
                DynamicPartitionHashJoin: true
                Map Join Operator
                  condition map:
                       Inner Join 0 to 1
                  keys:
                    0 _col0 (type: bigint)
                    1 _col1 (type: bigint)
                  outputColumnNames: _col2, _col3, _col5, _col6, _col8, _col9, _col10, _col11
                  input vertices:
                    1 Reducer 7
                  Statistics: Num rows: 5939893 Data size: 4217324030 Basic stats: COMPLETE Column stats: COMPLETE
                  Filter Operator
                    predicate: (_col5 <> _col8) (type: boolean)
                    Statistics: Num rows: 5939893 Data size: 4217324030 Basic stats: COMPLETE Column stats: COMPLETE
                    Top N Key Operator
                      sort order: ++
                      keys: _col3 (type: char(30)), _col6 (type: bigint)
                      null sort order: zz
                      Statistics: Num rows: 5939893 Data size: 4217324030 Basic stats: COMPLETE Column stats: COMPLETE
                      top n: 100
                      Select Operator
                        expressions: _col3 (type: char(30)), _col2 (type: char(20)), _col5 (type: varchar(60)), _col8 (type: varchar(60)), _col6 (type: bigint), _col9 (type: decimal(17,2)), _col11 (type: decimal(17,2)), _col10 (type: decimal(17,2))
                        outputColumnNames: _col0, _col1, _col2, _col3, _col4, _col5, _col6, _col7
                        Statistics: Num rows: 5939893 Data size: 4217324030 Basic stats: COMPLETE Column stats: COMPLETE
                        Reduce Output Operator
                          key expressions: _col0 (type: char(30)), _col4 (type: bigint)
                          null sort order: zz
                          sort order: ++
                          Statistics: Num rows: 5939893 Data size: 4217324030 Basic stats: COMPLETE Column stats: COMPLETE
                          value expressions: _col1 (type: char(20)), _col2 (type: varchar(60)), _col3 (type: varchar(60)), _col5 (type: decimal(17,2)), _col6 (type: decimal(17,2)), _col7 (type: decimal(17,2))
        Reducer 3 
            Execution mode: vectorized, llap
            Reduce Operator Tree:
              Select Operator
                expressions: KEY.reducesinkkey0 (type: char(30)), VALUE._col0 (type: char(20)), VALUE._col1 (type: varchar(60)), VALUE._col2 (type: varchar(60)), KEY.reducesinkkey1 (type: bigint), VALUE._col3 (type: decimal(17,2)), VALUE._col4 (type: decimal(17,2)), VALUE._col5 (type: decimal(17,2))
                outputColumnNames: _col0, _col1, _col2, _col3, _col4, _col5, _col6, _col7
                Statistics: Num rows: 5939893 Data size: 4217324030 Basic stats: COMPLETE Column stats: COMPLETE
                Limit
                  Number of rows: 100
                  Statistics: Num rows: 100 Data size: 71000 Basic stats: COMPLETE Column stats: COMPLETE
                  File Output Operator
                    compressed: false
                    Statistics: Num rows: 100 Data size: 71000 Basic stats: COMPLETE Column stats: COMPLETE
                    table:
                        input format: org.apache.hadoop.mapred.SequenceFileInputFormat
                        output format: org.apache.hadoop.hive.ql.io.HiveSequenceFileOutputFormat
                        serde: org.apache.hadoop.hive.serde2.lazy.LazySimpleSerDe
        Reducer 6 
            Execution mode: vectorized, llap
            Reduce Operator Tree:
              Map Join Operator
                condition map:
                     Inner Join 0 to 1
                keys:
                  0 KEY.reducesinkkey0 (type: bigint)
                  1 KEY.reducesinkkey0 (type: bigint)
                outputColumnNames: _col0, _col2, _col4, _col5, _col6, _col7, _col13
                input vertices:
                  1 Map 4
                Statistics: Num rows: 5939893 Data size: 599929545 Basic stats: COMPLETE Column stats: COMPLETE
                DynamicPartitionHashJoin: true
                Group By Operator
                  aggregations: sum(_col5), sum(_col6), sum(_col7)
                  keys: _col0 (type: bigint), _col13 (type: varchar(60)), _col2 (type: bigint), _col4 (type: bigint)
                  minReductionHashAggr: 0.4
                  mode: hash
                  outputColumnNames: _col0, _col1, _col2, _col3, _col4, _col5, _col6
                  Statistics: Num rows: 5939893 Data size: 2595733257 Basic stats: COMPLETE Column stats: COMPLETE
                  Reduce Output Operator
                    key expressions: _col0 (type: bigint), _col1 (type: varchar(60)), _col2 (type: bigint), _col3 (type: bigint)
                    null sort order: zzzz
                    sort order: ++++
                    Map-reduce partition columns: _col0 (type: bigint), _col1 (type: varchar(60)), _col2 (type: bigint), _col3 (type: bigint)
                    Statistics: Num rows: 5939893 Data size: 2595733257 Basic stats: COMPLETE Column stats: COMPLETE
                    value expressions: _col4 (type: decimal(17,2)), _col5 (type: decimal(17,2)), _col6 (type: decimal(17,2))
        Reducer 7 
            Execution mode: vectorized, llap
            Reduce Operator Tree:
              Group By Operator
                aggregations: sum(VALUE._col0), sum(VALUE._col1), sum(VALUE._col2)
                keys: KEY._col0 (type: bigint), KEY._col1 (type: varchar(60)), KEY._col2 (type: bigint), KEY._col3 (type: bigint)
                mode: mergepartial
                outputColumnNames: _col0, _col1, _col2, _col3, _col4, _col5, _col6
                Statistics: Num rows: 5939893 Data size: 2595733257 Basic stats: COMPLETE Column stats: COMPLETE
                Select Operator
                  expressions: _col3 (type: bigint), _col0 (type: bigint), _col1 (type: varchar(60)), _col4 (type: decimal(17,2)), _col5 (type: decimal(17,2)), _col6 (type: decimal(17,2))
                  outputColumnNames: _col0, _col1, _col2, _col3, _col4, _col5
                  Statistics: Num rows: 5939893 Data size: 2595733249 Basic stats: COMPLETE Column stats: COMPLETE
                  Reduce Output Operator
                    key expressions: _col1 (type: bigint)
                    null sort order: z
                    sort order: +
                    Map-reduce partition columns: _col1 (type: bigint)
                    Statistics: Num rows: 5939893 Data size: 2595733249 Basic stats: COMPLETE Column stats: COMPLETE
                    value expressions: _col0 (type: bigint), _col2 (type: varchar(60)), _col3 (type: decimal(17,2)), _col4 (type: decimal(17,2)), _col5 (type: decimal(17,2))

  Stage: Stage-0
    Fetch Operator
      limit: 100
      Processor Tree:
        ListSink

