STAGE DEPENDENCIES:
  Stage-1 is a root stage
  Stage-0 depends on stages: Stage-1

STAGE PLANS:
  Stage: Stage-1
    Tez
#### A masked pattern was here ####
      Edges:
        Map 1 <- Map 5 (BROADCAST_EDGE), Map 7 (BROADCAST_EDGE), Reducer 6 (BROADCAST_EDGE), Reducer 8 (BROADCAST_EDGE)
        Reducer 2 <- Map 1 (SIMPLE_EDGE), Reducer 4 (BROADCAST_EDGE)
        Reducer 3 <- Reducer 2 (SIMPLE_EDGE)
        Reducer 4 <- Map 1 (SIMPLE_EDGE)
        Reducer 6 <- Map 5 (SIMPLE_EDGE)
        Reducer 8 <- Map 7 (SIMPLE_EDGE)
#### A masked pattern was here ####
      Vertices:
        Map 1 
            Map Operator Tree:
                TableScan
                  alias: inventory
                  Statistics: Num rows: 1627857000 Data size: 45254407088 Basic stats: COMPLETE Column stats: COMPLETE
                  Select Operator
                    expressions: inv_date_sk (type: bigint), inv_warehouse_sk (type: bigint), inv_quantity_on_hand (type: int), inv_item_sk (type: bigint)
                    outputColumnNames: _col0, _col1, _col2, _col3
                    Statistics: Num rows: 1627857000 Data size: 45254407088 Basic stats: COMPLETE Column stats: COMPLETE
                    Map Join Operator
                      condition map:
                           Inner Join 0 to 1
                      keys:
                        0 _col0 (type: bigint)
                        1 _col0 (type: bigint)
                      outputColumnNames: _col1, _col2, _col3
                      input vertices:
                        1 Map 5
                      Statistics: Num rows: 27726856 Data size: 443629700 Basic stats: COMPLETE Column stats: COMPLETE
                      Map Join Operator
                        condition map:
                             Inner Join 0 to 1
                        keys:
                          0 _col1 (type: bigint)
                          1 _col0 (type: bigint)
                        outputColumnNames: _col2, _col3, _col5
                        input vertices:
                          1 Reducer 8
                        Statistics: Num rows: 27726856 Data size: 443629700 Basic stats: COMPLETE Column stats: COMPLETE
                        Select Operator
                          expressions: _col5 (type: bigint), _col3 (type: bigint), _col2 (type: int), UDFToDouble(_col2) (type: double), (UDFToDouble(_col2) * UDFToDouble(_col2)) (type: double)
                          outputColumnNames: _col1, _col2, _col3, _col4, _col5
                          Statistics: Num rows: 27726856 Data size: 443629700 Basic stats: COMPLETE Column stats: COMPLETE
                          Group By Operator
                            aggregations: sum(_col3), count(_col3), sum(_col5), sum(_col4)
                            keys: _col1 (type: bigint), _col2 (type: bigint)
                            minReductionHashAggr: 0.99
                            mode: hash
                            outputColumnNames: _col0, _col1, _col2, _col3, _col4, _col5
                            Statistics: Num rows: 15836 Data size: 760128 Basic stats: COMPLETE Column stats: COMPLETE
                            Reduce Output Operator
                              key expressions: _col0 (type: bigint), _col1 (type: bigint)
                              null sort order: zz
                              sort order: ++
                              Map-reduce partition columns: _col0 (type: bigint), _col1 (type: bigint)
                              Statistics: Num rows: 15836 Data size: 760128 Basic stats: COMPLETE Column stats: COMPLETE
                              value expressions: _col2 (type: bigint), _col3 (type: bigint), _col4 (type: double), _col5 (type: double)
                    Map Join Operator
                      condition map:
                           Inner Join 0 to 1
                      keys:
                        0 _col0 (type: bigint)
                        1 _col0 (type: bigint)
                      outputColumnNames: _col1, _col2, _col3
                      input vertices:
                        1 Reducer 6
                      Statistics: Num rows: 27726856 Data size: 443629700 Basic stats: COMPLETE Column stats: COMPLETE
                      Map Join Operator
                        condition map:
                             Inner Join 0 to 1
                        keys:
                          0 _col1 (type: bigint)
                          1 _col0 (type: bigint)
                        outputColumnNames: _col2, _col3, _col5
                        input vertices:
                          1 Map 7
                        Statistics: Num rows: 27726856 Data size: 443629700 Basic stats: COMPLETE Column stats: COMPLETE
                        Select Operator
                          expressions: _col5 (type: bigint), _col3 (type: bigint), _col2 (type: int), UDFToDouble(_col2) (type: double), (UDFToDouble(_col2) * UDFToDouble(_col2)) (type: double)
                          outputColumnNames: _col1, _col2, _col3, _col4, _col5
                          Statistics: Num rows: 27726856 Data size: 443629700 Basic stats: COMPLETE Column stats: COMPLETE
                          Group By Operator
                            aggregations: sum(_col3), count(_col3), sum(_col5), sum(_col4)
                            keys: _col1 (type: bigint), _col2 (type: bigint)
                            minReductionHashAggr: 0.99
                            mode: hash
                            outputColumnNames: _col0, _col1, _col2, _col3, _col4, _col5
                            Statistics: Num rows: 15836 Data size: 760128 Basic stats: COMPLETE Column stats: COMPLETE
                            Reduce Output Operator
                              key expressions: _col0 (type: bigint), _col1 (type: bigint)
                              null sort order: zz
                              sort order: ++
                              Map-reduce partition columns: _col0 (type: bigint), _col1 (type: bigint)
                              Statistics: Num rows: 15836 Data size: 760128 Basic stats: COMPLETE Column stats: COMPLETE
                              value expressions: _col2 (type: bigint), _col3 (type: bigint), _col4 (type: double), _col5 (type: double)
            Execution mode: vectorized, llap
            LLAP IO: may be used (ACID table)
        Map 5 
            Map Operator Tree:
                TableScan
                  alias: date_dim
                  filterExpr: (((d_year = 1999) and (d_moy = 5)) or ((d_year = 1999) and (d_moy = 4))) (type: boolean)
                  Statistics: Num rows: 73049 Data size: 1168784 Basic stats: COMPLETE Column stats: COMPLETE
                  Filter Operator
                    predicate: ((d_year = 1999) and (d_moy = 5)) (type: boolean)
                    Statistics: Num rows: 31 Data size: 496 Basic stats: COMPLETE Column stats: COMPLETE
                    Select Operator
                      expressions: d_date_sk (type: bigint)
                      outputColumnNames: _col0
                      Statistics: Num rows: 31 Data size: 248 Basic stats: COMPLETE Column stats: COMPLETE
                      Reduce Output Operator
                        key expressions: _col0 (type: bigint)
                        null sort order: z
                        sort order: +
                        Map-reduce partition columns: _col0 (type: bigint)
                        Statistics: Num rows: 31 Data size: 248 Basic stats: COMPLETE Column stats: COMPLETE
                  Filter Operator
                    predicate: ((d_year = 1999) and (d_moy = 4)) (type: boolean)
                    Statistics: Num rows: 31 Data size: 496 Basic stats: COMPLETE Column stats: COMPLETE
                    Select Operator
                      expressions: d_date_sk (type: bigint)
                      outputColumnNames: _col0
                      Statistics: Num rows: 31 Data size: 248 Basic stats: COMPLETE Column stats: COMPLETE
                      Reduce Output Operator
                        key expressions: _col0 (type: bigint)
                        null sort order: z
                        sort order: +
                        Map-reduce partition columns: _col0 (type: bigint)
                        Statistics: Num rows: 31 Data size: 248 Basic stats: COMPLETE Column stats: COMPLETE
            Execution mode: vectorized, llap
            LLAP IO: may be used (ACID table)
        Map 7 
            Map Operator Tree:
                TableScan
                  alias: warehouse
                  Statistics: Num rows: 27 Data size: 216 Basic stats: COMPLETE Column stats: COMPLETE
                  Select Operator
                    expressions: w_warehouse_sk (type: bigint)
                    outputColumnNames: _col0
                    Statistics: Num rows: 27 Data size: 216 Basic stats: COMPLETE Column stats: COMPLETE
                    Reduce Output Operator
                      key expressions: _col0 (type: bigint)
                      null sort order: z
                      sort order: +
                      Map-reduce partition columns: _col0 (type: bigint)
                      Statistics: Num rows: 27 Data size: 216 Basic stats: COMPLETE Column stats: COMPLETE
                    Reduce Output Operator
                      key expressions: _col0 (type: bigint)
                      null sort order: z
                      sort order: +
                      Map-reduce partition columns: _col0 (type: bigint)
                      Statistics: Num rows: 27 Data size: 216 Basic stats: COMPLETE Column stats: COMPLETE
            Execution mode: vectorized, llap
            LLAP IO: may be used (ACID table)
        Reducer 2 
            Execution mode: vectorized, llap
            Reduce Operator Tree:
              Group By Operator
                aggregations: sum(VALUE._col0), count(VALUE._col1), sum(VALUE._col2), sum(VALUE._col3)
                keys: KEY._col0 (type: bigint), KEY._col1 (type: bigint)
                mode: mergepartial
                outputColumnNames: _col0, _col1, _col2, _col3, _col4, _col5
                Statistics: Num rows: 7918 Data size: 380064 Basic stats: COMPLETE Column stats: COMPLETE
                Filter Operator
                  predicate: CASE WHEN (((UDFToDouble(_col2) / _col3) = 0)) THEN (false) ELSE (((power(((_col4 - ((_col5 * _col5) / _col3)) / CASE WHEN ((_col3 = 1L)) THEN (null) ELSE ((_col3 - 1)) END), 0.5) / (UDFToDouble(_col2) / _col3)) > 1.0D)) END (type: boolean)
                  Statistics: Num rows: 3959 Data size: 190032 Basic stats: COMPLETE Column stats: COMPLETE
                  Select Operator
                    expressions: _col0 (type: bigint), _col1 (type: bigint), (UDFToDouble(_col2) / _col3) (type: double), CASE WHEN (((UDFToDouble(_col2) / _col3) = 0)) THEN (null) ELSE ((power(((_col4 - ((_col5 * _col5) / _col3)) / CASE WHEN ((_col3 = 1L)) THEN (null) ELSE ((_col3 - 1)) END), 0.5) / (UDFToDouble(_col2) / _col3))) END (type: double)
                    outputColumnNames: _col0, _col1, _col2, _col3
                    Statistics: Num rows: 3959 Data size: 126688 Basic stats: COMPLETE Column stats: COMPLETE
                    Map Join Operator
                      condition map:
                           Inner Join 0 to 1
                      keys:
                        0 _col0 (type: bigint), _col1 (type: bigint)
                        1 _col0 (type: bigint), _col1 (type: bigint)
                      outputColumnNames: _col0, _col1, _col2, _col3, _col6, _col7
                      input vertices:
                        1 Reducer 4
                      Statistics: Num rows: 3959 Data size: 190032 Basic stats: COMPLETE Column stats: COMPLETE
                      Select Operator
                        expressions: _col0 (type: bigint), _col1 (type: bigint), _col6 (type: double), _col7 (type: double), _col2 (type: double), _col3 (type: double)
                        outputColumnNames: _col0, _col1, _col2, _col3, _col6, _col7
                        Statistics: Num rows: 3959 Data size: 253376 Basic stats: COMPLETE Column stats: COMPLETE
                        Reduce Output Operator
                          key expressions: _col0 (type: bigint), _col1 (type: bigint), _col2 (type: double), _col3 (type: double), _col6 (type: double), _col7 (type: double)
                          null sort order: zzzzzz
                          sort order: ++++++
                          Statistics: Num rows: 3959 Data size: 253376 Basic stats: COMPLETE Column stats: COMPLETE
        Reducer 3 
            Execution mode: vectorized, llap
            Reduce Operator Tree:
              Select Operator
                expressions: KEY.reducesinkkey0 (type: bigint), KEY.reducesinkkey1 (type: bigint), 4 (type: int), KEY.reducesinkkey2 (type: double), KEY.reducesinkkey3 (type: double), KEY.reducesinkkey0 (type: bigint), KEY.reducesinkkey1 (type: bigint), 5 (type: int), KEY.reducesinkkey4 (type: double), KEY.reducesinkkey5 (type: double)
                outputColumnNames: _col0, _col1, _col2, _col3, _col4, _col5, _col6, _col7, _col8, _col9
                Statistics: Num rows: 3959 Data size: 285048 Basic stats: COMPLETE Column stats: COMPLETE
                File Output Operator
                  compressed: false
                  Statistics: Num rows: 3959 Data size: 285048 Basic stats: COMPLETE Column stats: COMPLETE
                  table:
                      input format: org.apache.hadoop.mapred.SequenceFileInputFormat
                      output format: org.apache.hadoop.hive.ql.io.HiveSequenceFileOutputFormat
                      serde: org.apache.hadoop.hive.serde2.lazy.LazySimpleSerDe
        Reducer 4 
            Execution mode: vectorized, llap
            Reduce Operator Tree:
              Group By Operator
                aggregations: sum(VALUE._col0), count(VALUE._col1), sum(VALUE._col2), sum(VALUE._col3)
                keys: KEY._col0 (type: bigint), KEY._col1 (type: bigint)
                mode: mergepartial
                outputColumnNames: _col0, _col1, _col2, _col3, _col4, _col5
                Statistics: Num rows: 7918 Data size: 380064 Basic stats: COMPLETE Column stats: COMPLETE
                Filter Operator
                  predicate: CASE WHEN (((UDFToDouble(_col2) / _col3) = 0)) THEN (false) ELSE (((power(((_col4 - ((_col5 * _col5) / _col3)) / CASE WHEN ((_col3 = 1L)) THEN (null) ELSE ((_col3 - 1)) END), 0.5) / (UDFToDouble(_col2) / _col3)) > 1.0D)) END (type: boolean)
                  Statistics: Num rows: 3959 Data size: 190032 Basic stats: COMPLETE Column stats: COMPLETE
                  Select Operator
                    expressions: _col0 (type: bigint), _col1 (type: bigint), (UDFToDouble(_col2) / _col3) (type: double), CASE WHEN (((UDFToDouble(_col2) / _col3) = 0)) THEN (null) ELSE ((power(((_col4 - ((_col5 * _col5) / _col3)) / CASE WHEN ((_col3 = 1L)) THEN (null) ELSE ((_col3 - 1)) END), 0.5) / (UDFToDouble(_col2) / _col3))) END (type: double)
                    outputColumnNames: _col0, _col1, _col2, _col3
                    Statistics: Num rows: 3959 Data size: 126688 Basic stats: COMPLETE Column stats: COMPLETE
                    Reduce Output Operator
                      key expressions: _col0 (type: bigint), _col1 (type: bigint)
                      null sort order: zz
                      sort order: ++
                      Map-reduce partition columns: _col0 (type: bigint), _col1 (type: bigint)
                      Statistics: Num rows: 3959 Data size: 126688 Basic stats: COMPLETE Column stats: COMPLETE
                      value expressions: _col2 (type: double), _col3 (type: double)
        Reducer 6 
            Execution mode: vectorized, llap
            Reduce Operator Tree:
              Select Operator
                expressions: KEY.reducesinkkey0 (type: bigint)
                outputColumnNames: _col0
                Reduce Output Operator
                  key expressions: _col0 (type: bigint)
                  null sort order: z
                  sort order: +
                  Map-reduce partition columns: _col0 (type: bigint)
                  Statistics: Num rows: 31 Data size: 248 Basic stats: COMPLETE Column stats: COMPLETE
        Reducer 8 
            Execution mode: vectorized, llap
            Reduce Operator Tree:
              Select Operator
                expressions: KEY.reducesinkkey0 (type: bigint)
                outputColumnNames: _col0
                Reduce Output Operator
                  key expressions: _col0 (type: bigint)
                  null sort order: z
                  sort order: +
                  Map-reduce partition columns: _col0 (type: bigint)
                  Statistics: Num rows: 27 Data size: 216 Basic stats: COMPLETE Column stats: COMPLETE

  Stage: Stage-0
    Fetch Operator
      limit: -1
      Processor Tree:
        ListSink

