Warning: Map Join MAPJOIN[185][bigTable=?] in task 'Map 1' is a cross product
Warning: Map Join MAPJOIN[184][bigTable=?] in task 'Map 1' is a cross product
Warning: Map Join MAPJOIN[183][bigTable=?] in task 'Map 1' is a cross product
Warning: Map Join MAPJOIN[182][bigTable=?] in task 'Map 1' is a cross product
Warning: Map Join MAPJOIN[181][bigTable=?] in task 'Map 1' is a cross product
Warning: Map Join MAPJOIN[180][bigTable=?] in task 'Map 1' is a cross product
Warning: Map Join MAPJOIN[179][bigTable=?] in task 'Map 1' is a cross product
Warning: Map Join MAPJOIN[178][bigTable=?] in task 'Map 1' is a cross product
Warning: Map Join MAPJOIN[177][bigTable=?] in task 'Map 1' is a cross product
Warning: Map Join MAPJOIN[176][bigTable=?] in task 'Map 1' is a cross product
Warning: Map Join MAPJOIN[175][bigTable=?] in task 'Map 1' is a cross product
Warning: Map Join MAPJOIN[174][bigTable=?] in task 'Map 1' is a cross product
Warning: Map Join MAPJOIN[173][bigTable=?] in task 'Map 1' is a cross product
Warning: Map Join MAPJOIN[172][bigTable=?] in task 'Map 1' is a cross product
Warning: Map Join MAPJOIN[171][bigTable=?] in task 'Map 1' is a cross product
STAGE DEPENDENCIES:
  Stage-1 is a root stage
  Stage-0 depends on stages: Stage-1

STAGE PLANS:
  Stage: Stage-1
    Tez
#### A masked pattern was here ####
      Edges:
        Map 1 <- Reducer 10 (BROADCAST_EDGE), Reducer 11 (BROADCAST_EDGE), Reducer 12 (BROADCAST_EDGE), Reducer 13 (BROADCAST_EDGE), Reducer 14 (BROADCAST_EDGE), Reducer 15 (BROADCAST_EDGE), Reducer 16 (BROADCAST_EDGE), Reducer 17 (BROADCAST_EDGE), Reducer 3 (BROADCAST_EDGE), Reducer 4 (BROADCAST_EDGE), Reducer 5 (BROADCAST_EDGE), Reducer 6 (BROADCAST_EDGE), Reducer 7 (BROADCAST_EDGE), Reducer 8 (BROADCAST_EDGE), Reducer 9 (BROADCAST_EDGE)
        Reducer 10 <- Map 2 (CUSTOM_SIMPLE_EDGE)
        Reducer 11 <- Map 2 (CUSTOM_SIMPLE_EDGE)
        Reducer 12 <- Map 2 (CUSTOM_SIMPLE_EDGE)
        Reducer 13 <- Map 2 (CUSTOM_SIMPLE_EDGE)
        Reducer 14 <- Map 2 (CUSTOM_SIMPLE_EDGE)
        Reducer 15 <- Map 2 (CUSTOM_SIMPLE_EDGE)
        Reducer 16 <- Map 2 (CUSTOM_SIMPLE_EDGE)
        Reducer 17 <- Map 2 (CUSTOM_SIMPLE_EDGE)
        Reducer 3 <- Map 2 (CUSTOM_SIMPLE_EDGE)
        Reducer 4 <- Map 2 (CUSTOM_SIMPLE_EDGE)
        Reducer 5 <- Map 2 (CUSTOM_SIMPLE_EDGE)
        Reducer 6 <- Map 2 (CUSTOM_SIMPLE_EDGE)
        Reducer 7 <- Map 2 (CUSTOM_SIMPLE_EDGE)
        Reducer 8 <- Map 2 (CUSTOM_SIMPLE_EDGE)
        Reducer 9 <- Map 2 (CUSTOM_SIMPLE_EDGE)
#### A masked pattern was here ####
      Vertices:
        Map 1 
            Map Operator Tree:
                TableScan
                  alias: reason
                  filterExpr: (r_reason_sk = 1L) (type: boolean)
                  Statistics: Num rows: 72 Data size: 576 Basic stats: COMPLETE Column stats: COMPLETE
                  Filter Operator
                    predicate: (r_reason_sk = 1L) (type: boolean)
                    Statistics: Num rows: 1 Data size: 8 Basic stats: COMPLETE Column stats: COMPLETE
                    Select Operator
                      Statistics: Num rows: 1 Data size: 8 Basic stats: COMPLETE Column stats: COMPLETE
                      Map Join Operator
                        condition map:
                             Left Outer Join 0 to 1
                        keys:
                          0 
                          1 
                        outputColumnNames: _col1
                        input vertices:
                          1 Reducer 5
                        Statistics: Num rows: 1 Data size: 4 Basic stats: COMPLETE Column stats: COMPLETE
                        Map Join Operator
                          condition map:
                               Left Outer Join 0 to 1
                          keys:
                            0 
                            1 
                          outputColumnNames: _col1, _col2
                          input vertices:
                            1 Reducer 3
                          Statistics: Num rows: 1 Data size: 116 Basic stats: COMPLETE Column stats: COMPLETE
                          Map Join Operator
                            condition map:
                                 Left Outer Join 0 to 1
                            keys:
                              0 
                              1 
                            outputColumnNames: _col1, _col2, _col3
                            input vertices:
                              1 Reducer 4
                            Statistics: Num rows: 1 Data size: 228 Basic stats: COMPLETE Column stats: COMPLETE
                            Map Join Operator
                              condition map:
                                   Left Outer Join 0 to 1
                              keys:
                                0 
                                1 
                              outputColumnNames: _col1, _col2, _col3, _col4
                              input vertices:
                                1 Reducer 11
                              Statistics: Num rows: 1 Data size: 232 Basic stats: COMPLETE Column stats: COMPLETE
                              Map Join Operator
                                condition map:
                                     Left Outer Join 0 to 1
                                keys:
                                  0 
                                  1 
                                outputColumnNames: _col1, _col2, _col3, _col4, _col5
                                input vertices:
                                  1 Reducer 9
                                Statistics: Num rows: 1 Data size: 344 Basic stats: COMPLETE Column stats: COMPLETE
                                Map Join Operator
                                  condition map:
                                       Left Outer Join 0 to 1
                                  keys:
                                    0 
                                    1 
                                  outputColumnNames: _col1, _col2, _col3, _col4, _col5, _col6
                                  input vertices:
                                    1 Reducer 10
                                  Statistics: Num rows: 1 Data size: 456 Basic stats: COMPLETE Column stats: COMPLETE
                                  Map Join Operator
                                    condition map:
                                         Left Outer Join 0 to 1
                                    keys:
                                      0 
                                      1 
                                    outputColumnNames: _col1, _col2, _col3, _col4, _col5, _col6, _col7
                                    input vertices:
                                      1 Reducer 8
                                    Statistics: Num rows: 1 Data size: 460 Basic stats: COMPLETE Column stats: COMPLETE
                                    Map Join Operator
                                      condition map:
                                           Left Outer Join 0 to 1
                                      keys:
                                        0 
                                        1 
                                      outputColumnNames: _col1, _col2, _col3, _col4, _col5, _col6, _col7, _col8
                                      input vertices:
                                        1 Reducer 6
                                      Statistics: Num rows: 1 Data size: 572 Basic stats: COMPLETE Column stats: COMPLETE
                                      Map Join Operator
                                        condition map:
                                             Left Outer Join 0 to 1
                                        keys:
                                          0 
                                          1 
                                        outputColumnNames: _col1, _col2, _col3, _col4, _col5, _col6, _col7, _col8, _col9
                                        input vertices:
                                          1 Reducer 7
                                        Statistics: Num rows: 1 Data size: 684 Basic stats: COMPLETE Column stats: COMPLETE
                                        Map Join Operator
                                          condition map:
                                               Left Outer Join 0 to 1
                                          keys:
                                            0 
                                            1 
                                          outputColumnNames: _col1, _col2, _col3, _col4, _col5, _col6, _col7, _col8, _col9, _col10
                                          input vertices:
                                            1 Reducer 14
                                          Statistics: Num rows: 1 Data size: 688 Basic stats: COMPLETE Column stats: COMPLETE
                                          Map Join Operator
                                            condition map:
                                                 Left Outer Join 0 to 1
                                            keys:
                                              0 
                                              1 
                                            outputColumnNames: _col1, _col2, _col3, _col4, _col5, _col6, _col7, _col8, _col9, _col10, _col11
                                            input vertices:
                                              1 Reducer 12
                                            Statistics: Num rows: 1 Data size: 800 Basic stats: COMPLETE Column stats: COMPLETE
                                            Map Join Operator
                                              condition map:
                                                   Left Outer Join 0 to 1
                                              keys:
                                                0 
                                                1 
                                              outputColumnNames: _col1, _col2, _col3, _col4, _col5, _col6, _col7, _col8, _col9, _col10, _col11, _col12
                                              input vertices:
                                                1 Reducer 13
                                              Statistics: Num rows: 1 Data size: 912 Basic stats: COMPLETE Column stats: COMPLETE
                                              Map Join Operator
                                                condition map:
                                                     Left Outer Join 0 to 1
                                                keys:
                                                  0 
                                                  1 
                                                outputColumnNames: _col1, _col2, _col3, _col4, _col5, _col6, _col7, _col8, _col9, _col10, _col11, _col12, _col13
                                                input vertices:
                                                  1 Reducer 17
                                                Statistics: Num rows: 1 Data size: 916 Basic stats: COMPLETE Column stats: COMPLETE
                                                Map Join Operator
                                                  condition map:
                                                       Left Outer Join 0 to 1
                                                  keys:
                                                    0 
                                                    1 
                                                  outputColumnNames: _col1, _col2, _col3, _col4, _col5, _col6, _col7, _col8, _col9, _col10, _col11, _col12, _col13, _col14
                                                  input vertices:
                                                    1 Reducer 15
                                                  Statistics: Num rows: 1 Data size: 1028 Basic stats: COMPLETE Column stats: COMPLETE
                                                  Map Join Operator
                                                    condition map:
                                                         Left Outer Join 0 to 1
                                                    keys:
                                                      0 
                                                      1 
                                                    outputColumnNames: _col1, _col2, _col3, _col4, _col5, _col6, _col7, _col8, _col9, _col10, _col11, _col12, _col13, _col14, _col15
                                                    input vertices:
                                                      1 Reducer 16
                                                    Statistics: Num rows: 1 Data size: 1140 Basic stats: COMPLETE Column stats: COMPLETE
                                                    Select Operator
                                                      expressions: CASE WHEN (_col1) THEN (_col2) ELSE (_col3) END (type: decimal(11,6)), CASE WHEN (_col4) THEN (_col5) ELSE (_col6) END (type: decimal(11,6)), CASE WHEN (_col7) THEN (_col8) ELSE (_col9) END (type: decimal(11,6)), CASE WHEN (_col10) THEN (_col11) ELSE (_col12) END (type: decimal(11,6)), CASE WHEN (_col13) THEN (_col14) ELSE (_col15) END (type: decimal(11,6))
                                                      outputColumnNames: _col0, _col1, _col2, _col3, _col4
                                                      Statistics: Num rows: 1 Data size: 560 Basic stats: COMPLETE Column stats: COMPLETE
                                                      File Output Operator
                                                        compressed: false
                                                        Statistics: Num rows: 1 Data size: 560 Basic stats: COMPLETE Column stats: COMPLETE
                                                        table:
                                                            input format: org.apache.hadoop.mapred.SequenceFileInputFormat
                                                            output format: org.apache.hadoop.hive.ql.io.HiveSequenceFileOutputFormat
                                                            serde: org.apache.hadoop.hive.serde2.lazy.LazySimpleSerDe
            Execution mode: vectorized, llap
            LLAP IO: may be used (ACID table)
        Map 2 
            Map Operator Tree:
                TableScan
                  alias: store_sales
                  filterExpr: (ss_quantity BETWEEN 1 AND 20 or ss_quantity BETWEEN 41 AND 60 or ss_quantity BETWEEN 21 AND 40 or ss_quantity BETWEEN 61 AND 80 or ss_quantity BETWEEN 81 AND 100) (type: boolean)
                  Statistics: Num rows: 86404891377 Data size: 9571495477368 Basic stats: COMPLETE Column stats: COMPLETE
                  Filter Operator
                    predicate: ss_quantity BETWEEN 1 AND 20 (type: boolean)
                    Statistics: Num rows: 16616325265 Data size: 1840672207276 Basic stats: COMPLETE Column stats: COMPLETE
                    Select Operator
                      expressions: ss_ext_list_price (type: decimal(7,2))
                      outputColumnNames: ss_ext_list_price
                      Statistics: Num rows: 16616325265 Data size: 1840672207276 Basic stats: COMPLETE Column stats: COMPLETE
                      Group By Operator
                        aggregations: sum(ss_ext_list_price), count(ss_ext_list_price)
                        minReductionHashAggr: 0.99
                        mode: hash
                        outputColumnNames: _col0, _col1
                        Statistics: Num rows: 1 Data size: 120 Basic stats: COMPLETE Column stats: COMPLETE
                        Reduce Output Operator
                          null sort order: 
                          sort order: 
                          Statistics: Num rows: 1 Data size: 120 Basic stats: COMPLETE Column stats: COMPLETE
                          value expressions: _col0 (type: decimal(17,2)), _col1 (type: bigint)
                    Select Operator
                      expressions: ss_net_paid_inc_tax (type: decimal(7,2))
                      outputColumnNames: ss_net_paid_inc_tax
                      Statistics: Num rows: 16616325265 Data size: 1840645264444 Basic stats: COMPLETE Column stats: COMPLETE
                      Group By Operator
                        aggregations: sum(ss_net_paid_inc_tax), count(ss_net_paid_inc_tax)
                        minReductionHashAggr: 0.99
                        mode: hash
                        outputColumnNames: _col0, _col1
                        Statistics: Num rows: 1 Data size: 120 Basic stats: COMPLETE Column stats: COMPLETE
                        Reduce Output Operator
                          null sort order: 
                          sort order: 
                          Statistics: Num rows: 1 Data size: 120 Basic stats: COMPLETE Column stats: COMPLETE
                          value expressions: _col0 (type: decimal(17,2)), _col1 (type: bigint)
                    Select Operator
                      Statistics: Num rows: 16616325265 Data size: 63470890476 Basic stats: COMPLETE Column stats: COMPLETE
                      Group By Operator
                        aggregations: count()
                        minReductionHashAggr: 0.99
                        mode: hash
                        outputColumnNames: _col0
                        Statistics: Num rows: 1 Data size: 8 Basic stats: COMPLETE Column stats: COMPLETE
                        Reduce Output Operator
                          null sort order: 
                          sort order: 
                          Statistics: Num rows: 1 Data size: 8 Basic stats: COMPLETE Column stats: COMPLETE
                          value expressions: _col0 (type: bigint)
                  Filter Operator
                    predicate: ss_quantity BETWEEN 41 AND 60 (type: boolean)
                    Statistics: Num rows: 16616325265 Data size: 1840672207276 Basic stats: COMPLETE Column stats: COMPLETE
                    Select Operator
                      expressions: ss_ext_list_price (type: decimal(7,2))
                      outputColumnNames: ss_ext_list_price
                      Statistics: Num rows: 16616325265 Data size: 1840672207276 Basic stats: COMPLETE Column stats: COMPLETE
                      Group By Operator
                        aggregations: sum(ss_ext_list_price), count(ss_ext_list_price)
                        minReductionHashAggr: 0.99
                        mode: hash
                        outputColumnNames: _col0, _col1
                        Statistics: Num rows: 1 Data size: 120 Basic stats: COMPLETE Column stats: COMPLETE
                        Reduce Output Operator
                          null sort order: 
                          sort order: 
                          Statistics: Num rows: 1 Data size: 120 Basic stats: COMPLETE Column stats: COMPLETE
                          value expressions: _col0 (type: decimal(17,2)), _col1 (type: bigint)
                    Select Operator
                      expressions: ss_net_paid_inc_tax (type: decimal(7,2))
                      outputColumnNames: ss_net_paid_inc_tax
                      Statistics: Num rows: 16616325265 Data size: 1840645264444 Basic stats: COMPLETE Column stats: COMPLETE
                      Group By Operator
                        aggregations: sum(ss_net_paid_inc_tax), count(ss_net_paid_inc_tax)
                        minReductionHashAggr: 0.99
                        mode: hash
                        outputColumnNames: _col0, _col1
                        Statistics: Num rows: 1 Data size: 120 Basic stats: COMPLETE Column stats: COMPLETE
                        Reduce Output Operator
                          null sort order: 
                          sort order: 
                          Statistics: Num rows: 1 Data size: 120 Basic stats: COMPLETE Column stats: COMPLETE
                          value expressions: _col0 (type: decimal(17,2)), _col1 (type: bigint)
                    Select Operator
                      Statistics: Num rows: 16616325265 Data size: 63470890476 Basic stats: COMPLETE Column stats: COMPLETE
                      Group By Operator
                        aggregations: count()
                        minReductionHashAggr: 0.99
                        mode: hash
                        outputColumnNames: _col0
                        Statistics: Num rows: 1 Data size: 8 Basic stats: COMPLETE Column stats: COMPLETE
                        Reduce Output Operator
                          null sort order: 
                          sort order: 
                          Statistics: Num rows: 1 Data size: 8 Basic stats: COMPLETE Column stats: COMPLETE
                          value expressions: _col0 (type: bigint)
                  Filter Operator
                    predicate: ss_quantity BETWEEN 21 AND 40 (type: boolean)
                    Statistics: Num rows: 16616325265 Data size: 1840672207276 Basic stats: COMPLETE Column stats: COMPLETE
                    Select Operator
                      expressions: ss_ext_list_price (type: decimal(7,2))
                      outputColumnNames: ss_ext_list_price
                      Statistics: Num rows: 16616325265 Data size: 1840672207276 Basic stats: COMPLETE Column stats: COMPLETE
                      Group By Operator
                        aggregations: sum(ss_ext_list_price), count(ss_ext_list_price)
                        minReductionHashAggr: 0.99
                        mode: hash
                        outputColumnNames: _col0, _col1
                        Statistics: Num rows: 1 Data size: 120 Basic stats: COMPLETE Column stats: COMPLETE
                        Reduce Output Operator
                          null sort order: 
                          sort order: 
                          Statistics: Num rows: 1 Data size: 120 Basic stats: COMPLETE Column stats: COMPLETE
                          value expressions: _col0 (type: decimal(17,2)), _col1 (type: bigint)
                    Select Operator
                      expressions: ss_net_paid_inc_tax (type: decimal(7,2))
                      outputColumnNames: ss_net_paid_inc_tax
                      Statistics: Num rows: 16616325265 Data size: 1840645264444 Basic stats: COMPLETE Column stats: COMPLETE
                      Group By Operator
                        aggregations: sum(ss_net_paid_inc_tax), count(ss_net_paid_inc_tax)
                        minReductionHashAggr: 0.99
                        mode: hash
                        outputColumnNames: _col0, _col1
                        Statistics: Num rows: 1 Data size: 120 Basic stats: COMPLETE Column stats: COMPLETE
                        Reduce Output Operator
                          null sort order: 
                          sort order: 
                          Statistics: Num rows: 1 Data size: 120 Basic stats: COMPLETE Column stats: COMPLETE
                          value expressions: _col0 (type: decimal(17,2)), _col1 (type: bigint)
                    Select Operator
                      Statistics: Num rows: 16616325265 Data size: 63470890476 Basic stats: COMPLETE Column stats: COMPLETE
                      Group By Operator
                        aggregations: count()
                        minReductionHashAggr: 0.99
                        mode: hash
                        outputColumnNames: _col0
                        Statistics: Num rows: 1 Data size: 8 Basic stats: COMPLETE Column stats: COMPLETE
                        Reduce Output Operator
                          null sort order: 
                          sort order: 
                          Statistics: Num rows: 1 Data size: 8 Basic stats: COMPLETE Column stats: COMPLETE
                          value expressions: _col0 (type: bigint)
                  Filter Operator
                    predicate: ss_quantity BETWEEN 61 AND 80 (type: boolean)
                    Statistics: Num rows: 16616325265 Data size: 1840672207276 Basic stats: COMPLETE Column stats: COMPLETE
                    Select Operator
                      expressions: ss_ext_list_price (type: decimal(7,2))
                      outputColumnNames: ss_ext_list_price
                      Statistics: Num rows: 16616325265 Data size: 1840672207276 Basic stats: COMPLETE Column stats: COMPLETE
                      Group By Operator
                        aggregations: sum(ss_ext_list_price), count(ss_ext_list_price)
                        minReductionHashAggr: 0.99
                        mode: hash
                        outputColumnNames: _col0, _col1
                        Statistics: Num rows: 1 Data size: 120 Basic stats: COMPLETE Column stats: COMPLETE
                        Reduce Output Operator
                          null sort order: 
                          sort order: 
                          Statistics: Num rows: 1 Data size: 120 Basic stats: COMPLETE Column stats: COMPLETE
                          value expressions: _col0 (type: decimal(17,2)), _col1 (type: bigint)
                    Select Operator
                      expressions: ss_net_paid_inc_tax (type: decimal(7,2))
                      outputColumnNames: ss_net_paid_inc_tax
                      Statistics: Num rows: 16616325265 Data size: 1840645264444 Basic stats: COMPLETE Column stats: COMPLETE
                      Group By Operator
                        aggregations: sum(ss_net_paid_inc_tax), count(ss_net_paid_inc_tax)
                        minReductionHashAggr: 0.99
                        mode: hash
                        outputColumnNames: _col0, _col1
                        Statistics: Num rows: 1 Data size: 120 Basic stats: COMPLETE Column stats: COMPLETE
                        Reduce Output Operator
                          null sort order: 
                          sort order: 
                          Statistics: Num rows: 1 Data size: 120 Basic stats: COMPLETE Column stats: COMPLETE
                          value expressions: _col0 (type: decimal(17,2)), _col1 (type: bigint)
                    Select Operator
                      Statistics: Num rows: 16616325265 Data size: 63470890476 Basic stats: COMPLETE Column stats: COMPLETE
                      Group By Operator
                        aggregations: count()
                        minReductionHashAggr: 0.99
                        mode: hash
                        outputColumnNames: _col0
                        Statistics: Num rows: 1 Data size: 8 Basic stats: COMPLETE Column stats: COMPLETE
                        Reduce Output Operator
                          null sort order: 
                          sort order: 
                          Statistics: Num rows: 1 Data size: 8 Basic stats: COMPLETE Column stats: COMPLETE
                          value expressions: _col0 (type: bigint)
                  Filter Operator
                    predicate: ss_quantity BETWEEN 81 AND 100 (type: boolean)
                    Statistics: Num rows: 16616325265 Data size: 1840672207276 Basic stats: COMPLETE Column stats: COMPLETE
                    Select Operator
                      expressions: ss_ext_list_price (type: decimal(7,2))
                      outputColumnNames: ss_ext_list_price
                      Statistics: Num rows: 16616325265 Data size: 1840672207276 Basic stats: COMPLETE Column stats: COMPLETE
                      Group By Operator
                        aggregations: sum(ss_ext_list_price), count(ss_ext_list_price)
                        minReductionHashAggr: 0.99
                        mode: hash
                        outputColumnNames: _col0, _col1
                        Statistics: Num rows: 1 Data size: 120 Basic stats: COMPLETE Column stats: COMPLETE
                        Reduce Output Operator
                          null sort order: 
                          sort order: 
                          Statistics: Num rows: 1 Data size: 120 Basic stats: COMPLETE Column stats: COMPLETE
                          value expressions: _col0 (type: decimal(17,2)), _col1 (type: bigint)
                    Select Operator
                      expressions: ss_net_paid_inc_tax (type: decimal(7,2))
                      outputColumnNames: ss_net_paid_inc_tax
                      Statistics: Num rows: 16616325265 Data size: 1840645264444 Basic stats: COMPLETE Column stats: COMPLETE
                      Group By Operator
                        aggregations: sum(ss_net_paid_inc_tax), count(ss_net_paid_inc_tax)
                        minReductionHashAggr: 0.99
                        mode: hash
                        outputColumnNames: _col0, _col1
                        Statistics: Num rows: 1 Data size: 120 Basic stats: COMPLETE Column stats: COMPLETE
                        Reduce Output Operator
                          null sort order: 
                          sort order: 
                          Statistics: Num rows: 1 Data size: 120 Basic stats: COMPLETE Column stats: COMPLETE
                          value expressions: _col0 (type: decimal(17,2)), _col1 (type: bigint)
                    Select Operator
                      Statistics: Num rows: 16616325265 Data size: 63470890476 Basic stats: COMPLETE Column stats: COMPLETE
                      Group By Operator
                        aggregations: count()
                        minReductionHashAggr: 0.99
                        mode: hash
                        outputColumnNames: _col0
                        Statistics: Num rows: 1 Data size: 8 Basic stats: COMPLETE Column stats: COMPLETE
                        Reduce Output Operator
                          null sort order: 
                          sort order: 
                          Statistics: Num rows: 1 Data size: 8 Basic stats: COMPLETE Column stats: COMPLETE
                          value expressions: _col0 (type: bigint)
            Execution mode: vectorized, llap
            LLAP IO: may be used (ACID table)
        Reducer 10 
            Execution mode: vectorized, llap
            Reduce Operator Tree:
              Group By Operator
                aggregations: sum(VALUE._col0), count(VALUE._col1)
                mode: mergepartial
                outputColumnNames: _col0, _col1
                Statistics: Num rows: 1 Data size: 120 Basic stats: COMPLETE Column stats: COMPLETE
                Select Operator
                  expressions: CAST( (_col0 / _col1) AS decimal(11,6)) (type: decimal(11,6))
                  outputColumnNames: _col0
                  Statistics: Num rows: 1 Data size: 112 Basic stats: COMPLETE Column stats: COMPLETE
                  Reduce Output Operator
                    null sort order: 
                    sort order: 
                    Statistics: Num rows: 1 Data size: 112 Basic stats: COMPLETE Column stats: COMPLETE
                    value expressions: _col0 (type: decimal(11,6))
        Reducer 11 
            Execution mode: vectorized, llap
            Reduce Operator Tree:
              Group By Operator
                aggregations: count(VALUE._col0)
                mode: mergepartial
                outputColumnNames: _col0
                Statistics: Num rows: 1 Data size: 8 Basic stats: COMPLETE Column stats: COMPLETE
                Select Operator
                  expressions: (_col0 > 4595804L) (type: boolean)
                  outputColumnNames: _col0
                  Statistics: Num rows: 1 Data size: 4 Basic stats: COMPLETE Column stats: COMPLETE
                  Reduce Output Operator
                    null sort order: 
                    sort order: 
                    Statistics: Num rows: 1 Data size: 4 Basic stats: COMPLETE Column stats: COMPLETE
                    value expressions: _col0 (type: boolean)
        Reducer 12 
            Execution mode: vectorized, llap
            Reduce Operator Tree:
              Group By Operator
                aggregations: sum(VALUE._col0), count(VALUE._col1)
                mode: mergepartial
                outputColumnNames: _col0, _col1
                Statistics: Num rows: 1 Data size: 120 Basic stats: COMPLETE Column stats: COMPLETE
                Select Operator
                  expressions: CAST( (_col0 / _col1) AS decimal(11,6)) (type: decimal(11,6))
                  outputColumnNames: _col0
                  Statistics: Num rows: 1 Data size: 112 Basic stats: COMPLETE Column stats: COMPLETE
                  Reduce Output Operator
                    null sort order: 
                    sort order: 
                    Statistics: Num rows: 1 Data size: 112 Basic stats: COMPLETE Column stats: COMPLETE
                    value expressions: _col0 (type: decimal(11,6))
        Reducer 13 
            Execution mode: vectorized, llap
            Reduce Operator Tree:
              Group By Operator
                aggregations: sum(VALUE._col0), count(VALUE._col1)
                mode: mergepartial
                outputColumnNames: _col0, _col1
                Statistics: Num rows: 1 Data size: 120 Basic stats: COMPLETE Column stats: COMPLETE
                Select Operator
                  expressions: CAST( (_col0 / _col1) AS decimal(11,6)) (type: decimal(11,6))
                  outputColumnNames: _col0
                  Statistics: Num rows: 1 Data size: 112 Basic stats: COMPLETE Column stats: COMPLETE
                  Reduce Output Operator
                    null sort order: 
                    sort order: 
                    Statistics: Num rows: 1 Data size: 112 Basic stats: COMPLETE Column stats: COMPLETE
                    value expressions: _col0 (type: decimal(11,6))
        Reducer 14 
            Execution mode: vectorized, llap
            Reduce Operator Tree:
              Group By Operator
                aggregations: count(VALUE._col0)
                mode: mergepartial
                outputColumnNames: _col0
                Statistics: Num rows: 1 Data size: 8 Basic stats: COMPLETE Column stats: COMPLETE
                Select Operator
                  expressions: (_col0 > 10872978L) (type: boolean)
                  outputColumnNames: _col0
                  Statistics: Num rows: 1 Data size: 4 Basic stats: COMPLETE Column stats: COMPLETE
                  Reduce Output Operator
                    null sort order: 
                    sort order: 
                    Statistics: Num rows: 1 Data size: 4 Basic stats: COMPLETE Column stats: COMPLETE
                    value expressions: _col0 (type: boolean)
        Reducer 15 
            Execution mode: vectorized, llap
            Reduce Operator Tree:
              Group By Operator
                aggregations: sum(VALUE._col0), count(VALUE._col1)
                mode: mergepartial
                outputColumnNames: _col0, _col1
                Statistics: Num rows: 1 Data size: 120 Basic stats: COMPLETE Column stats: COMPLETE
                Select Operator
                  expressions: CAST( (_col0 / _col1) AS decimal(11,6)) (type: decimal(11,6))
                  outputColumnNames: _col0
                  Statistics: Num rows: 1 Data size: 112 Basic stats: COMPLETE Column stats: COMPLETE
                  Reduce Output Operator
                    null sort order: 
                    sort order: 
                    Statistics: Num rows: 1 Data size: 112 Basic stats: COMPLETE Column stats: COMPLETE
                    value expressions: _col0 (type: decimal(11,6))
        Reducer 16 
            Execution mode: vectorized, llap
            Reduce Operator Tree:
              Group By Operator
                aggregations: sum(VALUE._col0), count(VALUE._col1)
                mode: mergepartial
                outputColumnNames: _col0, _col1
                Statistics: Num rows: 1 Data size: 120 Basic stats: COMPLETE Column stats: COMPLETE
                Select Operator
                  expressions: CAST( (_col0 / _col1) AS decimal(11,6)) (type: decimal(11,6))
                  outputColumnNames: _col0
                  Statistics: Num rows: 1 Data size: 112 Basic stats: COMPLETE Column stats: COMPLETE
                  Reduce Output Operator
                    null sort order: 
                    sort order: 
                    Statistics: Num rows: 1 Data size: 112 Basic stats: COMPLETE Column stats: COMPLETE
                    value expressions: _col0 (type: decimal(11,6))
        Reducer 17 
            Execution mode: vectorized, llap
            Reduce Operator Tree:
              Group By Operator
                aggregations: count(VALUE._col0)
                mode: mergepartial
                outputColumnNames: _col0
                Statistics: Num rows: 1 Data size: 8 Basic stats: COMPLETE Column stats: COMPLETE
                Select Operator
                  expressions: (_col0 > 43571537L) (type: boolean)
                  outputColumnNames: _col0
                  Statistics: Num rows: 1 Data size: 4 Basic stats: COMPLETE Column stats: COMPLETE
                  Reduce Output Operator
                    null sort order: 
                    sort order: 
                    Statistics: Num rows: 1 Data size: 4 Basic stats: COMPLETE Column stats: COMPLETE
                    value expressions: _col0 (type: boolean)
        Reducer 3 
            Execution mode: vectorized, llap
            Reduce Operator Tree:
              Group By Operator
                aggregations: sum(VALUE._col0), count(VALUE._col1)
                mode: mergepartial
                outputColumnNames: _col0, _col1
                Statistics: Num rows: 1 Data size: 120 Basic stats: COMPLETE Column stats: COMPLETE
                Select Operator
                  expressions: CAST( (_col0 / _col1) AS decimal(11,6)) (type: decimal(11,6))
                  outputColumnNames: _col0
                  Statistics: Num rows: 1 Data size: 112 Basic stats: COMPLETE Column stats: COMPLETE
                  Reduce Output Operator
                    null sort order: 
                    sort order: 
                    Statistics: Num rows: 1 Data size: 112 Basic stats: COMPLETE Column stats: COMPLETE
                    value expressions: _col0 (type: decimal(11,6))
        Reducer 4 
            Execution mode: vectorized, llap
            Reduce Operator Tree:
              Group By Operator
                aggregations: sum(VALUE._col0), count(VALUE._col1)
                mode: mergepartial
                outputColumnNames: _col0, _col1
                Statistics: Num rows: 1 Data size: 120 Basic stats: COMPLETE Column stats: COMPLETE
                Select Operator
                  expressions: CAST( (_col0 / _col1) AS decimal(11,6)) (type: decimal(11,6))
                  outputColumnNames: _col0
                  Statistics: Num rows: 1 Data size: 112 Basic stats: COMPLETE Column stats: COMPLETE
                  Reduce Output Operator
                    null sort order: 
                    sort order: 
                    Statistics: Num rows: 1 Data size: 112 Basic stats: COMPLETE Column stats: COMPLETE
                    value expressions: _col0 (type: decimal(11,6))
        Reducer 5 
            Execution mode: vectorized, llap
            Reduce Operator Tree:
              Group By Operator
                aggregations: count(VALUE._col0)
                mode: mergepartial
                outputColumnNames: _col0
                Statistics: Num rows: 1 Data size: 8 Basic stats: COMPLETE Column stats: COMPLETE
                Select Operator
                  expressions: (_col0 > 409437L) (type: boolean)
                  outputColumnNames: _col0
                  Statistics: Num rows: 1 Data size: 4 Basic stats: COMPLETE Column stats: COMPLETE
                  Reduce Output Operator
                    null sort order: 
                    sort order: 
                    Statistics: Num rows: 1 Data size: 4 Basic stats: COMPLETE Column stats: COMPLETE
                    value expressions: _col0 (type: boolean)
        Reducer 6 
            Execution mode: vectorized, llap
            Reduce Operator Tree:
              Group By Operator
                aggregations: sum(VALUE._col0), count(VALUE._col1)
                mode: mergepartial
                outputColumnNames: _col0, _col1
                Statistics: Num rows: 1 Data size: 120 Basic stats: COMPLETE Column stats: COMPLETE
                Select Operator
                  expressions: CAST( (_col0 / _col1) AS decimal(11,6)) (type: decimal(11,6))
                  outputColumnNames: _col0
                  Statistics: Num rows: 1 Data size: 112 Basic stats: COMPLETE Column stats: COMPLETE
                  Reduce Output Operator
                    null sort order: 
                    sort order: 
                    Statistics: Num rows: 1 Data size: 112 Basic stats: COMPLETE Column stats: COMPLETE
                    value expressions: _col0 (type: decimal(11,6))
        Reducer 7 
            Execution mode: vectorized, llap
            Reduce Operator Tree:
              Group By Operator
                aggregations: sum(VALUE._col0), count(VALUE._col1)
                mode: mergepartial
                outputColumnNames: _col0, _col1
                Statistics: Num rows: 1 Data size: 120 Basic stats: COMPLETE Column stats: COMPLETE
                Select Operator
                  expressions: CAST( (_col0 / _col1) AS decimal(11,6)) (type: decimal(11,6))
                  outputColumnNames: _col0
                  Statistics: Num rows: 1 Data size: 112 Basic stats: COMPLETE Column stats: COMPLETE
                  Reduce Output Operator
                    null sort order: 
                    sort order: 
                    Statistics: Num rows: 1 Data size: 112 Basic stats: COMPLETE Column stats: COMPLETE
                    value expressions: _col0 (type: decimal(11,6))
        Reducer 8 
            Execution mode: vectorized, llap
            Reduce Operator Tree:
              Group By Operator
                aggregations: count(VALUE._col0)
                mode: mergepartial
                outputColumnNames: _col0
                Statistics: Num rows: 1 Data size: 8 Basic stats: COMPLETE Column stats: COMPLETE
                Select Operator
                  expressions: (_col0 > 7887297L) (type: boolean)
                  outputColumnNames: _col0
                  Statistics: Num rows: 1 Data size: 4 Basic stats: COMPLETE Column stats: COMPLETE
                  Reduce Output Operator
                    null sort order: 
                    sort order: 
                    Statistics: Num rows: 1 Data size: 4 Basic stats: COMPLETE Column stats: COMPLETE
                    value expressions: _col0 (type: boolean)
        Reducer 9 
            Execution mode: vectorized, llap
            Reduce Operator Tree:
              Group By Operator
                aggregations: sum(VALUE._col0), count(VALUE._col1)
                mode: mergepartial
                outputColumnNames: _col0, _col1
                Statistics: Num rows: 1 Data size: 120 Basic stats: COMPLETE Column stats: COMPLETE
                Select Operator
                  expressions: CAST( (_col0 / _col1) AS decimal(11,6)) (type: decimal(11,6))
                  outputColumnNames: _col0
                  Statistics: Num rows: 1 Data size: 112 Basic stats: COMPLETE Column stats: COMPLETE
                  Reduce Output Operator
                    null sort order: 
                    sort order: 
                    Statistics: Num rows: 1 Data size: 112 Basic stats: COMPLETE Column stats: COMPLETE
                    value expressions: _col0 (type: decimal(11,6))

  Stage: Stage-0
    Fetch Operator
      limit: -1
      Processor Tree:
        ListSink

