STAGE DEPENDENCIES:
  Stage-1 is a root stage
  Stage-0 depends on stages: Stage-1

STAGE PLANS:
  Stage: Stage-1
    Tez
#### A masked pattern was here ####
      Edges:
        Map 2 <- Reducer 12 (BROADCAST_EDGE)
        Map 9 <- Reducer 17 (BROADCAST_EDGE)
        Reducer 10 <- Map 1 (BROADCAST_EDGE), Map 13 (CUSTOM_SIMPLE_EDGE), Map 9 (CUSTOM_SIMPLE_EDGE)
        Reducer 11 <- Reducer 10 (SIMPLE_EDGE)
        Reducer 12 <- Reducer 11 (CUSTOM_SIMPLE_EDGE)
        Reducer 15 <- Map 1 (BROADCAST_EDGE), Map 14 (CUSTOM_SIMPLE_EDGE), Map 18 (CUSTOM_SIMPLE_EDGE)
        Reducer 16 <- Reducer 15 (SIMPLE_EDGE)
        Reducer 17 <- Reducer 16 (CUSTOM_SIMPLE_EDGE)
        Reducer 3 <- Map 1 (BROADCAST_EDGE), Map 2 (CUSTOM_SIMPLE_EDGE), Map 8 (CUSTOM_SIMPLE_EDGE)
        Reducer 4 <- Reducer 3 (SIMPLE_EDGE)
        Reducer 5 <- Reducer 11 (CUSTOM_SIMPLE_EDGE), Reducer 4 (CUSTOM_SIMPLE_EDGE)
        Reducer 6 <- Reducer 16 (CUSTOM_SIMPLE_EDGE), Reducer 5 (CUSTOM_SIMPLE_EDGE)
        Reducer 7 <- Reducer 6 (SIMPLE_EDGE)
#### A masked pattern was here ####
      Vertices:
        Map 1 
            Map Operator Tree:
                TableScan
                  alias: date_dim
                  filterExpr: (d_year = 2000) (type: boolean)
                  Statistics: Num rows: 73049 Data size: 876588 Basic stats: COMPLETE Column stats: COMPLETE
                  Filter Operator
                    predicate: (d_year = 2000) (type: boolean)
                    Statistics: Num rows: 367 Data size: 4404 Basic stats: COMPLETE Column stats: COMPLETE
                    Select Operator
                      expressions: d_date_sk (type: bigint)
                      outputColumnNames: _col0
                      Statistics: Num rows: 367 Data size: 2936 Basic stats: COMPLETE Column stats: COMPLETE
                      Reduce Output Operator
                        key expressions: _col0 (type: bigint)
                        null sort order: z
                        sort order: +
                        Map-reduce partition columns: _col0 (type: bigint)
                        Statistics: Num rows: 367 Data size: 2936 Basic stats: COMPLETE Column stats: COMPLETE
                      Select Operator
                        expressions: _col0 (type: bigint)
                        outputColumnNames: _col0
                        Statistics: Num rows: 367 Data size: 2936 Basic stats: COMPLETE Column stats: COMPLETE
                        Group By Operator
                          keys: _col0 (type: bigint)
                          minReductionHashAggr: 0.4
                          mode: hash
                          outputColumnNames: _col0
                          Statistics: Num rows: 367 Data size: 2936 Basic stats: COMPLETE Column stats: COMPLETE
                          Dynamic Partitioning Event Operator
                            Target column: ss_sold_date_sk (bigint)
                            Target Input: store_sales
                            Partition key expr: ss_sold_date_sk
                            Statistics: Num rows: 367 Data size: 2936 Basic stats: COMPLETE Column stats: COMPLETE
                            Target Vertex: Map 2
                      Reduce Output Operator
                        key expressions: _col0 (type: bigint)
                        null sort order: z
                        sort order: +
                        Map-reduce partition columns: _col0 (type: bigint)
                        Statistics: Num rows: 367 Data size: 2936 Basic stats: COMPLETE Column stats: COMPLETE
                      Select Operator
                        expressions: _col0 (type: bigint)
                        outputColumnNames: _col0
                        Statistics: Num rows: 367 Data size: 2936 Basic stats: COMPLETE Column stats: COMPLETE
                        Group By Operator
                          keys: _col0 (type: bigint)
                          minReductionHashAggr: 0.4
                          mode: hash
                          outputColumnNames: _col0
                          Statistics: Num rows: 367 Data size: 2936 Basic stats: COMPLETE Column stats: COMPLETE
                          Dynamic Partitioning Event Operator
                            Target column: ws_sold_date_sk (bigint)
                            Target Input: web_sales
                            Partition key expr: ws_sold_date_sk
                            Statistics: Num rows: 367 Data size: 2936 Basic stats: COMPLETE Column stats: COMPLETE
                            Target Vertex: Map 14
                      Reduce Output Operator
                        key expressions: _col0 (type: bigint)
                        null sort order: z
                        sort order: +
                        Map-reduce partition columns: _col0 (type: bigint)
                        Statistics: Num rows: 367 Data size: 2936 Basic stats: COMPLETE Column stats: COMPLETE
                      Select Operator
                        expressions: _col0 (type: bigint)
                        outputColumnNames: _col0
                        Statistics: Num rows: 367 Data size: 2936 Basic stats: COMPLETE Column stats: COMPLETE
                        Group By Operator
                          keys: _col0 (type: bigint)
                          minReductionHashAggr: 0.4
                          mode: hash
                          outputColumnNames: _col0
                          Statistics: Num rows: 367 Data size: 2936 Basic stats: COMPLETE Column stats: COMPLETE
                          Dynamic Partitioning Event Operator
                            Target column: cs_sold_date_sk (bigint)
                            Target Input: catalog_sales
                            Partition key expr: cs_sold_date_sk
                            Statistics: Num rows: 367 Data size: 2936 Basic stats: COMPLETE Column stats: COMPLETE
                            Target Vertex: Map 9
            Execution mode: vectorized, llap
            LLAP IO: may be used (ACID table)
        Map 13 
            Map Operator Tree:
                TableScan
                  alias: catalog_returns
                  Statistics: Num rows: 4320980099 Data size: 69135681584 Basic stats: COMPLETE Column stats: COMPLETE
                  Select Operator
                    expressions: cr_item_sk (type: bigint), cr_order_number (type: bigint)
                    outputColumnNames: _col0, _col1
                    Statistics: Num rows: 4320980099 Data size: 69135681584 Basic stats: COMPLETE Column stats: COMPLETE
                    Group By Operator
                      keys: _col0 (type: bigint), _col1 (type: bigint)
                      minReductionHashAggr: 0.4
                      mode: hash
                      outputColumnNames: _col0, _col1
                      Statistics: Num rows: 4320980099 Data size: 69135681584 Basic stats: COMPLETE Column stats: COMPLETE
                      Reduce Output Operator
                        key expressions: _col0 (type: bigint), _col1 (type: bigint)
                        null sort order: zz
                        sort order: ++
                        Map-reduce partition columns: _col0 (type: bigint), _col1 (type: bigint)
                        Statistics: Num rows: 4320980099 Data size: 69135681584 Basic stats: COMPLETE Column stats: COMPLETE
            Execution mode: vectorized, llap
            LLAP IO: may be used (ACID table)
        Map 14 
            Map Operator Tree:
                TableScan
                  alias: web_sales
                  filterExpr: ws_bill_customer_sk is not null (type: boolean)
                  Statistics: Num rows: 21594638446 Data size: 5613968462028 Basic stats: COMPLETE Column stats: COMPLETE
                  Filter Operator
                    predicate: ws_bill_customer_sk is not null (type: boolean)
                    Statistics: Num rows: 21591944812 Data size: 5613268196708 Basic stats: COMPLETE Column stats: COMPLETE
                    Select Operator
                      expressions: ws_item_sk (type: bigint), ws_bill_customer_sk (type: bigint), ws_order_number (type: bigint), ws_quantity (type: int), ws_wholesale_cost (type: decimal(7,2)), ws_sales_price (type: decimal(7,2)), ws_sold_date_sk (type: bigint)
                      outputColumnNames: _col0, _col1, _col2, _col3, _col4, _col5, _col6
                      Statistics: Num rows: 21591944812 Data size: 5613268196708 Basic stats: COMPLETE Column stats: COMPLETE
                      Reduce Output Operator
                        key expressions: _col0 (type: bigint), _col2 (type: bigint)
                        null sort order: zz
                        sort order: ++
                        Map-reduce partition columns: _col0 (type: bigint), _col2 (type: bigint)
                        Statistics: Num rows: 21591944812 Data size: 5613268196708 Basic stats: COMPLETE Column stats: COMPLETE
                        value expressions: _col1 (type: bigint), _col3 (type: int), _col4 (type: decimal(7,2)), _col5 (type: decimal(7,2)), _col6 (type: bigint)
            Execution mode: vectorized, llap
            LLAP IO: may be used (ACID table)
        Map 18 
            Map Operator Tree:
                TableScan
                  alias: web_returns
                  Statistics: Num rows: 2160007345 Data size: 34560117520 Basic stats: COMPLETE Column stats: COMPLETE
                  Select Operator
                    expressions: wr_item_sk (type: bigint), wr_order_number (type: bigint)
                    outputColumnNames: _col0, _col1
                    Statistics: Num rows: 2160007345 Data size: 34560117520 Basic stats: COMPLETE Column stats: COMPLETE
                    Group By Operator
                      keys: _col0 (type: bigint), _col1 (type: bigint)
                      minReductionHashAggr: 0.4
                      mode: hash
                      outputColumnNames: _col0, _col1
                      Statistics: Num rows: 2160007345 Data size: 34560117520 Basic stats: COMPLETE Column stats: COMPLETE
                      Reduce Output Operator
                        key expressions: _col0 (type: bigint), _col1 (type: bigint)
                        null sort order: zz
                        sort order: ++
                        Map-reduce partition columns: _col0 (type: bigint), _col1 (type: bigint)
                        Statistics: Num rows: 2160007345 Data size: 34560117520 Basic stats: COMPLETE Column stats: COMPLETE
            Execution mode: vectorized, llap
            LLAP IO: may be used (ACID table)
        Map 2 
            Map Operator Tree:
                TableScan
                  alias: store_sales
                  filterExpr: (ss_customer_sk is not null and ss_customer_sk BETWEEN DynamicValue(RS_70_catalog_sales_cs_bill_customer_sk_min) AND DynamicValue(RS_70_catalog_sales_cs_bill_customer_sk_max) and in_bloom_filter(ss_customer_sk, DynamicValue(RS_70_catalog_sales_cs_bill_customer_sk_bloom_filter))) (type: boolean)
                  Statistics: Num rows: 82510879939 Data size: 20994094222572 Basic stats: COMPLETE Column stats: COMPLETE
                  Filter Operator
                    predicate: (ss_customer_sk is not null and ss_customer_sk BETWEEN DynamicValue(RS_70_catalog_sales_cs_bill_customer_sk_min) AND DynamicValue(RS_70_catalog_sales_cs_bill_customer_sk_max) and in_bloom_filter(ss_customer_sk, DynamicValue(RS_70_catalog_sales_cs_bill_customer_sk_bloom_filter))) (type: boolean)
                    Statistics: Num rows: 80566020964 Data size: 20499243693804 Basic stats: COMPLETE Column stats: COMPLETE
                    Select Operator
                      expressions: ss_item_sk (type: bigint), ss_customer_sk (type: bigint), ss_ticket_number (type: bigint), ss_quantity (type: int), ss_wholesale_cost (type: decimal(7,2)), ss_sales_price (type: decimal(7,2)), ss_sold_date_sk (type: bigint)
                      outputColumnNames: _col0, _col1, _col2, _col3, _col4, _col5, _col6
                      Statistics: Num rows: 80566020964 Data size: 20499243693804 Basic stats: COMPLETE Column stats: COMPLETE
                      Reduce Output Operator
                        key expressions: _col0 (type: bigint), _col2 (type: bigint)
                        null sort order: zz
                        sort order: ++
                        Map-reduce partition columns: _col0 (type: bigint), _col2 (type: bigint)
                        Statistics: Num rows: 80566020964 Data size: 20499243693804 Basic stats: COMPLETE Column stats: COMPLETE
                        value expressions: _col1 (type: bigint), _col3 (type: int), _col4 (type: decimal(7,2)), _col5 (type: decimal(7,2)), _col6 (type: bigint)
            Execution mode: vectorized, llap
            LLAP IO: may be used (ACID table)
        Map 8 
            Map Operator Tree:
                TableScan
                  alias: store_returns
                  Statistics: Num rows: 8634166995 Data size: 138146671920 Basic stats: COMPLETE Column stats: COMPLETE
                  Select Operator
                    expressions: sr_item_sk (type: bigint), sr_ticket_number (type: bigint)
                    outputColumnNames: _col0, _col1
                    Statistics: Num rows: 8634166995 Data size: 138146671920 Basic stats: COMPLETE Column stats: COMPLETE
                    Group By Operator
                      keys: _col0 (type: bigint), _col1 (type: bigint)
                      minReductionHashAggr: 0.4
                      mode: hash
                      outputColumnNames: _col0, _col1
                      Statistics: Num rows: 8634166995 Data size: 138146671920 Basic stats: COMPLETE Column stats: COMPLETE
                      Reduce Output Operator
                        key expressions: _col0 (type: bigint), _col1 (type: bigint)
                        null sort order: zz
                        sort order: ++
                        Map-reduce partition columns: _col0 (type: bigint), _col1 (type: bigint)
                        Statistics: Num rows: 8634166995 Data size: 138146671920 Basic stats: COMPLETE Column stats: COMPLETE
            Execution mode: vectorized, llap
            LLAP IO: may be used (ACID table)
        Map 9 
            Map Operator Tree:
                TableScan
                  alias: catalog_sales
                  filterExpr: (cs_bill_customer_sk is not null and cs_bill_customer_sk BETWEEN DynamicValue(RS_73_web_sales_ws_bill_customer_sk_min) AND DynamicValue(RS_73_web_sales_ws_bill_customer_sk_max) and in_bloom_filter(cs_bill_customer_sk, DynamicValue(RS_73_web_sales_ws_bill_customer_sk_bloom_filter))) (type: boolean)
                  Statistics: Num rows: 43005109025 Data size: 11156091138028 Basic stats: COMPLETE Column stats: COMPLETE
                  Filter Operator
                    predicate: (cs_bill_customer_sk is not null and cs_bill_customer_sk BETWEEN DynamicValue(RS_73_web_sales_ws_bill_customer_sk_min) AND DynamicValue(RS_73_web_sales_ws_bill_customer_sk_max) and in_bloom_filter(cs_bill_customer_sk, DynamicValue(RS_73_web_sales_ws_bill_customer_sk_bloom_filter))) (type: boolean)
                    Statistics: Num rows: 42899393143 Data size: 11128667047300 Basic stats: COMPLETE Column stats: COMPLETE
                    Select Operator
                      expressions: cs_bill_customer_sk (type: bigint), cs_item_sk (type: bigint), cs_order_number (type: bigint), cs_quantity (type: int), cs_wholesale_cost (type: decimal(7,2)), cs_sales_price (type: decimal(7,2)), cs_sold_date_sk (type: bigint)
                      outputColumnNames: _col0, _col1, _col2, _col3, _col4, _col5, _col6
                      Statistics: Num rows: 42899393143 Data size: 11128667047300 Basic stats: COMPLETE Column stats: COMPLETE
                      Reduce Output Operator
                        key expressions: _col1 (type: bigint), _col2 (type: bigint)
                        null sort order: zz
                        sort order: ++
                        Map-reduce partition columns: _col1 (type: bigint), _col2 (type: bigint)
                        Statistics: Num rows: 42899393143 Data size: 11128667047300 Basic stats: COMPLETE Column stats: COMPLETE
                        value expressions: _col0 (type: bigint), _col3 (type: int), _col4 (type: decimal(7,2)), _col5 (type: decimal(7,2)), _col6 (type: bigint)
            Execution mode: vectorized, llap
            LLAP IO: may be used (ACID table)
        Reducer 10 
            Execution mode: vectorized, llap
            Reduce Operator Tree:
              Map Join Operator
                condition map:
                     Anti Join 0 to 1
                keys:
                  0 KEY.reducesinkkey0 (type: bigint), KEY.reducesinkkey1 (type: bigint)
                  1 KEY.reducesinkkey0 (type: bigint), KEY.reducesinkkey1 (type: bigint)
                outputColumnNames: _col0, _col1, _col3, _col4, _col5, _col6
                input vertices:
                  1 Map 13
                Statistics: Num rows: 1333908870 Data size: 310969865360 Basic stats: COMPLETE Column stats: COMPLETE
                DynamicPartitionHashJoin: true
                Select Operator
                  expressions: _col0 (type: bigint), _col1 (type: bigint), _col3 (type: int), _col4 (type: decimal(7,2)), _col5 (type: decimal(7,2)), _col6 (type: bigint)
                  outputColumnNames: _col0, _col1, _col2, _col3, _col4, _col5
                  Statistics: Num rows: 1333908870 Data size: 310969865360 Basic stats: COMPLETE Column stats: COMPLETE
                  Map Join Operator
                    condition map:
                         Inner Join 0 to 1
                    keys:
                      0 _col0 (type: bigint)
                      1 _col5 (type: bigint)
                    outputColumnNames: _col1, _col2, _col3, _col4, _col5
                    input vertices:
                      0 Map 1
                    Statistics: Num rows: 266197845 Data size: 39777104300 Basic stats: COMPLETE Column stats: COMPLETE
                    Group By Operator
                      aggregations: sum(_col3), sum(_col4), sum(_col5)
                      keys: _col1 (type: bigint), _col2 (type: bigint)
                      minReductionHashAggr: 0.90168124
                      mode: hash
                      outputColumnNames: _col0, _col1, _col2, _col3, _col4
                      Statistics: Num rows: 266197845 Data size: 65173417496 Basic stats: COMPLETE Column stats: COMPLETE
                      Reduce Output Operator
                        key expressions: _col0 (type: bigint), _col1 (type: bigint)
                        null sort order: zz
                        sort order: ++
                        Map-reduce partition columns: _col0 (type: bigint), _col1 (type: bigint)
                        Statistics: Num rows: 266197845 Data size: 65173417496 Basic stats: COMPLETE Column stats: COMPLETE
                        value expressions: _col2 (type: bigint), _col3 (type: decimal(17,2)), _col4 (type: decimal(17,2))
        Reducer 11 
            Execution mode: vectorized, llap
            Reduce Operator Tree:
              Group By Operator
                aggregations: sum(VALUE._col0), sum(VALUE._col1), sum(VALUE._col2)
                keys: KEY._col0 (type: bigint), KEY._col1 (type: bigint)
                mode: mergepartial
                outputColumnNames: _col0, _col1, _col2, _col3, _col4
                Statistics: Num rows: 266197845 Data size: 65173417496 Basic stats: COMPLETE Column stats: COMPLETE
                Select Operator
                  expressions: _col0 (type: bigint), _col2 (type: bigint), _col3 (type: decimal(17,2)), _col4 (type: decimal(17,2))
                  outputColumnNames: _col1, _col2, _col3, _col4
                  Statistics: Num rows: 266197845 Data size: 65173417496 Basic stats: COMPLETE Column stats: COMPLETE
                  Filter Operator
                    predicate: (_col2 > 0L) (type: boolean)
                    Statistics: Num rows: 266197845 Data size: 65173417496 Basic stats: COMPLETE Column stats: COMPLETE
                    Select Operator
                      expressions: _col1 (type: bigint), _col2 (type: bigint), _col3 (type: decimal(17,2)), _col4 (type: decimal(17,2))
                      outputColumnNames: _col0, _col1, _col2, _col3
                      Statistics: Num rows: 266197845 Data size: 63043834736 Basic stats: COMPLETE Column stats: COMPLETE
                      Reduce Output Operator
                        key expressions: _col0 (type: bigint)
                        null sort order: z
                        sort order: +
                        Map-reduce partition columns: _col0 (type: bigint)
                        Statistics: Num rows: 266197845 Data size: 63043834736 Basic stats: COMPLETE Column stats: COMPLETE
                        value expressions: _col1 (type: bigint), _col2 (type: decimal(17,2)), _col3 (type: decimal(17,2))
                      Select Operator
                        expressions: _col0 (type: bigint)
                        outputColumnNames: _col0
                        Statistics: Num rows: 266197845 Data size: 1285934696 Basic stats: COMPLETE Column stats: COMPLETE
                        Group By Operator
                          aggregations: min(_col0), max(_col0), bloom_filter(_col0, expectedEntries=1000000)
                          minReductionHashAggr: 0.99
                          mode: hash
                          outputColumnNames: _col0, _col1, _col2
                          Statistics: Num rows: 1 Data size: 24 Basic stats: COMPLETE Column stats: COMPLETE
                          Reduce Output Operator
                            null sort order: 
                            sort order: 
                            Statistics: Num rows: 1 Data size: 24 Basic stats: COMPLETE Column stats: COMPLETE
                            value expressions: _col0 (type: bigint), _col1 (type: bigint), _col2 (type: binary)
        Reducer 12 
            Execution mode: vectorized, llap
            Reduce Operator Tree:
              Group By Operator
                aggregations: min(VALUE._col0), max(VALUE._col1), bloom_filter(VALUE._col2, expectedEntries=1000000)
                mode: final
                outputColumnNames: _col0, _col1, _col2
                Statistics: Num rows: 1 Data size: 24 Basic stats: COMPLETE Column stats: COMPLETE
                Reduce Output Operator
                  null sort order: 
                  sort order: 
                  Statistics: Num rows: 1 Data size: 24 Basic stats: COMPLETE Column stats: COMPLETE
                  value expressions: _col0 (type: bigint), _col1 (type: bigint), _col2 (type: binary)
        Reducer 15 
            Execution mode: vectorized, llap
            Reduce Operator Tree:
              Map Join Operator
                condition map:
                     Anti Join 0 to 1
                keys:
                  0 KEY.reducesinkkey0 (type: bigint), KEY.reducesinkkey1 (type: bigint)
                  1 KEY.reducesinkkey0 (type: bigint), KEY.reducesinkkey1 (type: bigint)
                outputColumnNames: _col0, _col1, _col3, _col4, _col5, _col6
                input vertices:
                  1 Map 18
                Statistics: Num rows: 21591944812 Data size: 5440532638212 Basic stats: COMPLETE Column stats: COMPLETE
                DynamicPartitionHashJoin: true
                Select Operator
                  expressions: _col0 (type: bigint), _col1 (type: bigint), _col3 (type: int), _col4 (type: decimal(7,2)), _col5 (type: decimal(7,2)), _col6 (type: bigint)
                  outputColumnNames: _col0, _col1, _col2, _col3, _col4, _col5
                  Statistics: Num rows: 21591944812 Data size: 5440532638212 Basic stats: COMPLETE Column stats: COMPLETE
                  Map Join Operator
                    condition map:
                         Inner Join 0 to 1
                    keys:
                      0 _col0 (type: bigint)
                      1 _col5 (type: bigint)
                    outputColumnNames: _col1, _col2, _col3, _col4, _col5
                    input vertices:
                      0 Map 1
                    Statistics: Num rows: 4339613664 Data size: 1058228279604 Basic stats: COMPLETE Column stats: COMPLETE
                    Group By Operator
                      aggregations: sum(_col3), sum(_col4), sum(_col5)
                      keys: _col1 (type: bigint), _col2 (type: bigint)
                      minReductionHashAggr: 0.4
                      mode: hash
                      outputColumnNames: _col0, _col1, _col2, _col3, _col4
                      Statistics: Num rows: 4339613664 Data size: 1076202642296 Basic stats: COMPLETE Column stats: COMPLETE
                      Reduce Output Operator
                        key expressions: _col0 (type: bigint), _col1 (type: bigint)
                        null sort order: zz
                        sort order: ++
                        Map-reduce partition columns: _col0 (type: bigint), _col1 (type: bigint)
                        Statistics: Num rows: 4339613664 Data size: 1076202642296 Basic stats: COMPLETE Column stats: COMPLETE
                        value expressions: _col2 (type: bigint), _col3 (type: decimal(17,2)), _col4 (type: decimal(17,2))
        Reducer 16 
            Execution mode: vectorized, llap
            Reduce Operator Tree:
              Group By Operator
                aggregations: sum(VALUE._col0), sum(VALUE._col1), sum(VALUE._col2)
                keys: KEY._col0 (type: bigint), KEY._col1 (type: bigint)
                mode: mergepartial
                outputColumnNames: _col0, _col1, _col2, _col3, _col4
                Statistics: Num rows: 4339613664 Data size: 1076202642296 Basic stats: COMPLETE Column stats: COMPLETE
                Filter Operator
                  predicate: (_col2 > 0L) (type: boolean)
                  Statistics: Num rows: 4339613664 Data size: 1076202642296 Basic stats: COMPLETE Column stats: COMPLETE
                  Reduce Output Operator
                    key expressions: _col0 (type: bigint), _col1 (type: bigint)
                    null sort order: zz
                    sort order: ++
                    Map-reduce partition columns: _col0 (type: bigint), _col1 (type: bigint)
                    Statistics: Num rows: 4339613664 Data size: 1076202642296 Basic stats: COMPLETE Column stats: COMPLETE
                    value expressions: _col2 (type: bigint), _col3 (type: decimal(17,2)), _col4 (type: decimal(17,2))
                  Select Operator
                    expressions: _col1 (type: bigint)
                    outputColumnNames: _col0
                    Statistics: Num rows: 4339613664 Data size: 69390725872 Basic stats: COMPLETE Column stats: COMPLETE
                    Group By Operator
                      aggregations: min(_col0), max(_col0), bloom_filter(_col0, expectedEntries=15782384)
                      minReductionHashAggr: 0.99
                      mode: hash
                      outputColumnNames: _col0, _col1, _col2
                      Statistics: Num rows: 1 Data size: 24 Basic stats: COMPLETE Column stats: COMPLETE
                      Reduce Output Operator
                        null sort order: 
                        sort order: 
                        Statistics: Num rows: 1 Data size: 24 Basic stats: COMPLETE Column stats: COMPLETE
                        value expressions: _col0 (type: bigint), _col1 (type: bigint), _col2 (type: binary)
        Reducer 17 
            Execution mode: vectorized, llap
            Reduce Operator Tree:
              Group By Operator
                aggregations: min(VALUE._col0), max(VALUE._col1), bloom_filter(VALUE._col2, expectedEntries=15782384)
                mode: final
                outputColumnNames: _col0, _col1, _col2
                Statistics: Num rows: 1 Data size: 24 Basic stats: COMPLETE Column stats: COMPLETE
                Reduce Output Operator
                  null sort order: 
                  sort order: 
                  Statistics: Num rows: 1 Data size: 24 Basic stats: COMPLETE Column stats: COMPLETE
                  value expressions: _col0 (type: bigint), _col1 (type: bigint), _col2 (type: binary)
        Reducer 3 
            Execution mode: vectorized, llap
            Reduce Operator Tree:
              Map Join Operator
                condition map:
                     Anti Join 0 to 1
                keys:
                  0 KEY.reducesinkkey0 (type: bigint), KEY.reducesinkkey1 (type: bigint)
                  1 KEY.reducesinkkey0 (type: bigint), KEY.reducesinkkey1 (type: bigint)
                outputColumnNames: _col0, _col1, _col3, _col4, _col5, _col6
                input vertices:
                  1 Map 8
                Statistics: Num rows: 80566020964 Data size: 19854715526092 Basic stats: COMPLETE Column stats: COMPLETE
                DynamicPartitionHashJoin: true
                Select Operator
                  expressions: _col0 (type: bigint), _col1 (type: bigint), _col3 (type: int), _col4 (type: decimal(7,2)), _col5 (type: decimal(7,2)), _col6 (type: bigint)
                  outputColumnNames: _col0, _col1, _col2, _col3, _col4, _col5
                  Statistics: Num rows: 80566020964 Data size: 19854715526092 Basic stats: COMPLETE Column stats: COMPLETE
                  Map Join Operator
                    condition map:
                         Inner Join 0 to 1
                    keys:
                      0 _col0 (type: bigint)
                      1 _col5 (type: bigint)
                    outputColumnNames: _col1, _col2, _col3, _col4, _col5
                    input vertices:
                      0 Map 1
                    Statistics: Num rows: 16192399916 Data size: 3503023822668 Basic stats: COMPLETE Column stats: COMPLETE
                    Group By Operator
                      aggregations: sum(_col3), sum(_col4), sum(_col5)
                      keys: _col2 (type: bigint), _col1 (type: bigint)
                      minReductionHashAggr: 0.7020926
                      mode: hash
                      outputColumnNames: _col0, _col1, _col2, _col3, _col4
                      Statistics: Num rows: 16192399916 Data size: 4000523044608 Basic stats: COMPLETE Column stats: COMPLETE
                      Reduce Output Operator
                        key expressions: _col0 (type: bigint), _col1 (type: bigint)
                        null sort order: zz
                        sort order: ++
                        Map-reduce partition columns: _col0 (type: bigint), _col1 (type: bigint)
                        Statistics: Num rows: 16192399916 Data size: 4000523044608 Basic stats: COMPLETE Column stats: COMPLETE
                        value expressions: _col2 (type: bigint), _col3 (type: decimal(17,2)), _col4 (type: decimal(17,2))
        Reducer 4 
            Execution mode: vectorized, llap
            Reduce Operator Tree:
              Group By Operator
                aggregations: sum(VALUE._col0), sum(VALUE._col1), sum(VALUE._col2)
                keys: KEY._col0 (type: bigint), KEY._col1 (type: bigint)
                mode: mergepartial
                outputColumnNames: _col0, _col1, _col2, _col3, _col4
                Statistics: Num rows: 16192399916 Data size: 4000523044608 Basic stats: COMPLETE Column stats: COMPLETE
                Select Operator
                  expressions: _col1 (type: bigint), _col0 (type: bigint), _col2 (type: bigint), _col3 (type: decimal(17,2)), _col4 (type: decimal(17,2))
                  outputColumnNames: _col0, _col1, _col2, _col3, _col4
                  Statistics: Num rows: 16192399916 Data size: 4000523044608 Basic stats: COMPLETE Column stats: COMPLETE
                  Reduce Output Operator
                    key expressions: _col1 (type: bigint)
                    null sort order: z
                    sort order: +
                    Map-reduce partition columns: _col1 (type: bigint)
                    Statistics: Num rows: 16192399916 Data size: 4000523044608 Basic stats: COMPLETE Column stats: COMPLETE
                    value expressions: _col0 (type: bigint), _col2 (type: bigint), _col3 (type: decimal(17,2)), _col4 (type: decimal(17,2))
        Reducer 5 
            Execution mode: vectorized, llap
            Reduce Operator Tree:
              Map Join Operator
                condition map:
                     Inner Join 0 to 1
                keys:
                  0 KEY.reducesinkkey0 (type: bigint)
                  1 KEY.reducesinkkey0 (type: bigint)
                outputColumnNames: _col0, _col1, _col2, _col3, _col4, _col6, _col7, _col8
                input vertices:
                  1 Reducer 11
                Statistics: Num rows: 273113489255 Data size: 131079282707840 Basic stats: COMPLETE Column stats: COMPLETE
                DynamicPartitionHashJoin: true
                Reduce Output Operator
                  key expressions: _col0 (type: bigint), _col1 (type: bigint)
                  null sort order: zz
                  sort order: ++
                  Map-reduce partition columns: _col0 (type: bigint), _col1 (type: bigint)
                  Statistics: Num rows: 273113489255 Data size: 131079282707840 Basic stats: COMPLETE Column stats: COMPLETE
                  value expressions: _col2 (type: bigint), _col3 (type: decimal(17,2)), _col4 (type: decimal(17,2)), _col6 (type: bigint), _col7 (type: decimal(17,2)), _col8 (type: decimal(17,2))
        Reducer 6 
            Execution mode: vectorized, llap
            Reduce Operator Tree:
              Map Join Operator
                condition map:
                     Inner Join 0 to 1
                keys:
                  0 KEY.reducesinkkey0 (type: bigint), KEY.reducesinkkey1 (type: bigint)
                  1 KEY.reducesinkkey0 (type: bigint), KEY.reducesinkkey1 (type: bigint)
                outputColumnNames: _col0, _col1, _col2, _col3, _col4, _col6, _col7, _col8, _col11, _col12, _col13
                input vertices:
                  1 Reducer 16
                Statistics: Num rows: 75096831365509 Data size: 53468928740107848 Basic stats: COMPLETE Column stats: COMPLETE
                DynamicPartitionHashJoin: true
                Top N Key Operator
                  sort order: ++---++++
                  keys: _col0 (type: bigint), _col1 (type: bigint), _col2 (type: bigint), _col3 (type: decimal(17,2)), _col4 (type: decimal(17,2)), (CASE WHEN (_col11 is not null) THEN (_col11) ELSE (0L) END + CASE WHEN (_col6 is not null) THEN (_col6) ELSE (0L) END) (type: bigint), (CASE WHEN (_col12 is not null) THEN (_col12) ELSE (0) END + CASE WHEN (_col7 is not null) THEN (_col7) ELSE (0) END) (type: decimal(18,2)), (CASE WHEN (_col13 is not null) THEN (_col13) ELSE (0) END + CASE WHEN (_col8 is not null) THEN (_col8) ELSE (0) END) (type: decimal(18,2)), round((UDFToDouble(_col2) / UDFToDouble(CASE WHEN ((_col11 is not null and _col6 is not null)) THEN ((_col11 + _col6)) ELSE (1L) END)), 2) (type: double)
                  null sort order: zzaaazzzz
                  Statistics: Num rows: 75096831365509 Data size: 53468928740107848 Basic stats: COMPLETE Column stats: COMPLETE
                  top n: 100
                  Select Operator
                    expressions: _col0 (type: bigint), _col1 (type: bigint), (CASE WHEN (_col11 is not null) THEN (_col11) ELSE (0L) END + CASE WHEN (_col6 is not null) THEN (_col6) ELSE (0L) END) (type: bigint), (CASE WHEN (_col12 is not null) THEN (_col12) ELSE (0) END + CASE WHEN (_col7 is not null) THEN (_col7) ELSE (0) END) (type: decimal(18,2)), (CASE WHEN (_col13 is not null) THEN (_col13) ELSE (0) END + CASE WHEN (_col8 is not null) THEN (_col8) ELSE (0) END) (type: decimal(18,2)), _col2 (type: bigint), _col3 (type: decimal(17,2)), _col4 (type: decimal(17,2)), round((UDFToDouble(_col2) / UDFToDouble(CASE WHEN ((_col11 is not null and _col6 is not null)) THEN ((_col11 + _col6)) ELSE (1L) END)), 2) (type: double)
                    outputColumnNames: _col0, _col1, _col6, _col7, _col8, _col9, _col10, _col11, _col12
                    Statistics: Num rows: 75096831365509 Data size: 54670462849821424 Basic stats: COMPLETE Column stats: COMPLETE
                    Reduce Output Operator
                      key expressions: _col0 (type: bigint), _col1 (type: bigint), _col9 (type: bigint), _col10 (type: decimal(17,2)), _col11 (type: decimal(17,2)), _col6 (type: bigint), _col7 (type: decimal(18,2)), _col8 (type: decimal(18,2)), _col12 (type: double)
                      null sort order: zzaaazzzz
                      sort order: ++---++++
                      Statistics: Num rows: 75096831365509 Data size: 54670462849821424 Basic stats: COMPLETE Column stats: COMPLETE
        Reducer 7 
            Execution mode: vectorized, llap
            Reduce Operator Tree:
              Select Operator
                expressions: 2000 (type: int), KEY.reducesinkkey0 (type: bigint), KEY.reducesinkkey1 (type: bigint), KEY.reducesinkkey8 (type: double), KEY.reducesinkkey2 (type: bigint), KEY.reducesinkkey3 (type: decimal(17,2)), KEY.reducesinkkey4 (type: decimal(17,2)), KEY.reducesinkkey5 (type: bigint), KEY.reducesinkkey6 (type: decimal(18,2)), KEY.reducesinkkey7 (type: decimal(18,2))
                outputColumnNames: _col0, _col1, _col2, _col3, _col4, _col5, _col6, _col7, _col8, _col9
                Statistics: Num rows: 75096831365509 Data size: 36947610647561300 Basic stats: COMPLETE Column stats: COMPLETE
                Limit
                  Number of rows: 100
                  Statistics: Num rows: 100 Data size: 49200 Basic stats: COMPLETE Column stats: COMPLETE
                  File Output Operator
                    compressed: false
                    Statistics: Num rows: 100 Data size: 49200 Basic stats: COMPLETE Column stats: COMPLETE
                    table:
                        input format: org.apache.hadoop.mapred.SequenceFileInputFormat
                        output format: org.apache.hadoop.hive.ql.io.HiveSequenceFileOutputFormat
                        serde: org.apache.hadoop.hive.serde2.lazy.LazySimpleSerDe

  Stage: Stage-0
    Fetch Operator
      limit: 100
      Processor Tree:
        ListSink

