STAGE DEPENDENCIES:
  Stage-1 is a root stage
  Stage-0 depends on stages: Stage-1

STAGE PLANS:
  Stage: Stage-1
    Tez
#### A masked pattern was here ####
      Edges:
        Map 1 <- Map 10 (BROADCAST_EDGE), Map 8 (BROADCAST_EDGE), Map 9 (BROADCAST_EDGE)
        Map 11 <- Reducer 7 (BROADCAST_EDGE)
        Reducer 2 <- Map 1 (SIMPLE_EDGE)
        Reducer 3 <- Map 1 (CUSTOM_SIMPLE_EDGE), Reducer 2 (CUSTOM_SIMPLE_EDGE)
        Reducer 4 <- Map 11 (CUSTOM_SIMPLE_EDGE), Reducer 3 (CUSTOM_SIMPLE_EDGE)
        Reducer 5 <- Reducer 4 (SIMPLE_EDGE)
        Reducer 6 <- Reducer 5 (CUSTOM_SIMPLE_EDGE)
        Reducer 7 <- Reducer 3 (CUSTOM_SIMPLE_EDGE)
#### A masked pattern was here ####
      Vertices:
        Map 1 
            Map Operator Tree:
                TableScan
                  alias: cs1
                  filterExpr: ((cs_ship_addr_sk is not null and cs_ship_date_sk is not null and cs_call_center_sk is not null) or cs_warehouse_sk is not null) (type: boolean)
                  Statistics: Num rows: 43220864887 Data size: 11379157992136 Basic stats: COMPLETE Column stats: COMPLETE
                  Filter Operator
                    predicate: (cs_ship_addr_sk is not null and cs_ship_date_sk is not null and cs_call_center_sk is not null) (type: boolean)
                    Statistics: Num rows: 42578387146 Data size: 11210006917944 Basic stats: COMPLETE Column stats: COMPLETE
                    Select Operator
                      expressions: cs_ship_date_sk (type: bigint), cs_ship_addr_sk (type: bigint), cs_call_center_sk (type: bigint), cs_warehouse_sk (type: bigint), cs_order_number (type: bigint), cs_ext_ship_cost (type: decimal(7,2)), cs_net_profit (type: decimal(7,2))
                      outputColumnNames: _col0, _col1, _col2, _col3, _col4, _col5, _col6
                      Statistics: Num rows: 42578387146 Data size: 11210006917944 Basic stats: COMPLETE Column stats: COMPLETE
                      Map Join Operator
                        condition map:
                             Inner Join 0 to 1
                        keys:
                          0 _col1 (type: bigint)
                          1 _col0 (type: bigint)
                        outputColumnNames: _col0, _col2, _col3, _col4, _col5, _col6
                        input vertices:
                          1 Map 8
                        Statistics: Num rows: 803365808 Data size: 176672786488 Basic stats: COMPLETE Column stats: COMPLETE
                        Map Join Operator
                          condition map:
                               Inner Join 0 to 1
                          keys:
                            0 _col2 (type: bigint)
                            1 _col0 (type: bigint)
                          outputColumnNames: _col0, _col3, _col4, _col5, _col6
                          input vertices:
                            1 Map 9
                          Statistics: Num rows: 160673164 Data size: 19280779808 Basic stats: COMPLETE Column stats: COMPLETE
                          Map Join Operator
                            condition map:
                                 Inner Join 0 to 1
                            keys:
                              0 _col0 (type: bigint)
                              1 _col0 (type: bigint)
                            outputColumnNames: _col3, _col4, _col5, _col6
                            input vertices:
                              1 Map 10
                            Statistics: Num rows: 17851352 Data size: 2142162360 Basic stats: COMPLETE Column stats: COMPLETE
                            Reduce Output Operator
                              key expressions: _col4 (type: bigint)
                              null sort order: z
                              sort order: +
                              Map-reduce partition columns: _col4 (type: bigint)
                              Statistics: Num rows: 17851352 Data size: 2142162360 Basic stats: COMPLETE Column stats: COMPLETE
                              value expressions: _col3 (type: bigint), _col5 (type: decimal(7,2)), _col6 (type: decimal(7,2))
                  Filter Operator
                    predicate: cs_warehouse_sk is not null (type: boolean)
                    Statistics: Num rows: 43005584639 Data size: 686375690624 Basic stats: COMPLETE Column stats: COMPLETE
                    Select Operator
                      expressions: cs_order_number (type: bigint), cs_warehouse_sk (type: bigint)
                      outputColumnNames: _col0, _col1
                      Statistics: Num rows: 43005584639 Data size: 686375690624 Basic stats: COMPLETE Column stats: COMPLETE
                      Group By Operator
                        keys: _col0 (type: bigint), _col1 (type: bigint)
                        minReductionHashAggr: 0.45127505
                        mode: hash
                        outputColumnNames: _col0, _col1
                        Statistics: Num rows: 43005584639 Data size: 686375690624 Basic stats: COMPLETE Column stats: COMPLETE
                        Reduce Output Operator
                          key expressions: _col0 (type: bigint)
                          null sort order: z
                          sort order: +
                          Map-reduce partition columns: _col0 (type: bigint)
                          Statistics: Num rows: 43005584639 Data size: 686375690624 Basic stats: COMPLETE Column stats: COMPLETE
                          value expressions: _col1 (type: bigint)
            Execution mode: vectorized, llap
            LLAP IO: may be used (ACID table)
        Map 10 
            Map Operator Tree:
                TableScan
                  alias: date_dim
                  filterExpr: CAST( d_date AS TIMESTAMP) BETWEEN TIMESTAMP'2001-04-01 00:00:00' AND TIMESTAMP'2001-05-31 00:00:00' (type: boolean)
                  Statistics: Num rows: 73049 Data size: 4675136 Basic stats: COMPLETE Column stats: COMPLETE
                  Filter Operator
                    predicate: CAST( d_date AS TIMESTAMP) BETWEEN TIMESTAMP'2001-04-01 00:00:00' AND TIMESTAMP'2001-05-31 00:00:00' (type: boolean)
                    Statistics: Num rows: 8116 Data size: 519424 Basic stats: COMPLETE Column stats: COMPLETE
                    Select Operator
                      expressions: d_date_sk (type: bigint)
                      outputColumnNames: _col0
                      Statistics: Num rows: 8116 Data size: 519424 Basic stats: COMPLETE Column stats: COMPLETE
                      Reduce Output Operator
                        key expressions: _col0 (type: bigint)
                        null sort order: z
                        sort order: +
                        Map-reduce partition columns: _col0 (type: bigint)
                        Statistics: Num rows: 8116 Data size: 519424 Basic stats: COMPLETE Column stats: COMPLETE
            Execution mode: vectorized, llap
            LLAP IO: may be used (ACID table)
        Map 11 
            Map Operator Tree:
                TableScan
                  alias: cr1
                  filterExpr: (cr_order_number BETWEEN DynamicValue(RS_35_cs1_cs_order_number_min) AND DynamicValue(RS_35_cs1_cs_order_number_max) and in_bloom_filter(cr_order_number, DynamicValue(RS_35_cs1_cs_order_number_bloom_filter))) (type: boolean)
                  Statistics: Num rows: 4320980099 Data size: 34567840792 Basic stats: COMPLETE Column stats: COMPLETE
                  Filter Operator
                    predicate: (cr_order_number BETWEEN DynamicValue(RS_35_cs1_cs_order_number_min) AND DynamicValue(RS_35_cs1_cs_order_number_max) and in_bloom_filter(cr_order_number, DynamicValue(RS_35_cs1_cs_order_number_bloom_filter))) (type: boolean)
                    Statistics: Num rows: 4320980099 Data size: 34567840792 Basic stats: COMPLETE Column stats: COMPLETE
                    Select Operator
                      expressions: cr_order_number (type: bigint)
                      outputColumnNames: _col0
                      Statistics: Num rows: 4320980099 Data size: 34567840792 Basic stats: COMPLETE Column stats: COMPLETE
                      Group By Operator
                        keys: _col0 (type: bigint)
                        minReductionHashAggr: 0.4
                        mode: hash
                        outputColumnNames: _col0
                        Statistics: Num rows: 4320980099 Data size: 34567840792 Basic stats: COMPLETE Column stats: COMPLETE
                        Reduce Output Operator
                          key expressions: _col0 (type: bigint)
                          null sort order: z
                          sort order: +
                          Map-reduce partition columns: _col0 (type: bigint)
                          Statistics: Num rows: 4320980099 Data size: 34567840792 Basic stats: COMPLETE Column stats: COMPLETE
            Execution mode: vectorized, llap
            LLAP IO: may be used (ACID table)
        Map 8 
            Map Operator Tree:
                TableScan
                  alias: customer_address
                  filterExpr: (ca_state = 'NY') (type: boolean)
                  Statistics: Num rows: 40000000 Data size: 3760000000 Basic stats: COMPLETE Column stats: COMPLETE
                  Filter Operator
                    predicate: (ca_state = 'NY') (type: boolean)
                    Statistics: Num rows: 754717 Data size: 70943398 Basic stats: COMPLETE Column stats: COMPLETE
                    Select Operator
                      expressions: ca_address_sk (type: bigint)
                      outputColumnNames: _col0
                      Statistics: Num rows: 754717 Data size: 70943398 Basic stats: COMPLETE Column stats: COMPLETE
                      Reduce Output Operator
                        key expressions: _col0 (type: bigint)
                        null sort order: z
                        sort order: +
                        Map-reduce partition columns: _col0 (type: bigint)
                        Statistics: Num rows: 754717 Data size: 70943398 Basic stats: COMPLETE Column stats: COMPLETE
            Execution mode: vectorized, llap
            LLAP IO: may be used (ACID table)
        Map 9 
            Map Operator Tree:
                TableScan
                  alias: call_center
                  filterExpr: (cc_county) IN ('Ziebach County', 'Levy County', 'Huron County', 'Franklin Parish', 'Daviess County') (type: boolean)
                  Statistics: Num rows: 60 Data size: 6360 Basic stats: COMPLETE Column stats: COMPLETE
                  Filter Operator
                    predicate: (cc_county) IN ('Ziebach County', 'Levy County', 'Huron County', 'Franklin Parish', 'Daviess County') (type: boolean)
                    Statistics: Num rows: 12 Data size: 1272 Basic stats: COMPLETE Column stats: COMPLETE
                    Select Operator
                      expressions: cc_call_center_sk (type: bigint)
                      outputColumnNames: _col0
                      Statistics: Num rows: 12 Data size: 1272 Basic stats: COMPLETE Column stats: COMPLETE
                      Reduce Output Operator
                        key expressions: _col0 (type: bigint)
                        null sort order: z
                        sort order: +
                        Map-reduce partition columns: _col0 (type: bigint)
                        Statistics: Num rows: 12 Data size: 1272 Basic stats: COMPLETE Column stats: COMPLETE
            Execution mode: vectorized, llap
            LLAP IO: may be used (ACID table)
        Reducer 2 
            Execution mode: vectorized, llap
            Reduce Operator Tree:
              Select Operator
                expressions: KEY.reducesinkkey0 (type: bigint), VALUE._col3 (type: bigint), VALUE._col4 (type: decimal(7,2)), VALUE._col5 (type: decimal(7,2))
                outputColumnNames: _col4, _col3, _col5, _col6
                Reduce Output Operator
                  key expressions: _col4 (type: bigint)
                  null sort order: z
                  sort order: +
                  Map-reduce partition columns: _col4 (type: bigint)
                  Statistics: Num rows: 17851352 Data size: 2142162360 Basic stats: COMPLETE Column stats: COMPLETE
                  value expressions: _col3 (type: bigint), _col5 (type: decimal(7,2)), _col6 (type: decimal(7,2))
        Reducer 3 
            Execution mode: llap
            Reduce Operator Tree:
              Map Join Operator
                condition map:
                     Left Semi Join 0 to 1
                keys:
                  0 KEY.reducesinkkey0 (type: bigint)
                  1 KEY.reducesinkkey0 (type: bigint)
                outputColumnNames: _col3, _col4, _col5, _col6, _col14
                input vertices:
                  1 Map 1
                residual filter predicates: {(_col3 <> _col14)}
                Statistics: Num rows: 17851352 Data size: 2142162368 Basic stats: COMPLETE Column stats: COMPLETE
                DynamicPartitionHashJoin: true
                Select Operator
                  expressions: _col4 (type: bigint), _col5 (type: decimal(7,2)), _col6 (type: decimal(7,2))
                  outputColumnNames: _col4, _col5, _col6
                  Statistics: Num rows: 17851352 Data size: 2142162360 Basic stats: COMPLETE Column stats: COMPLETE
                  Reduce Output Operator
                    key expressions: _col4 (type: bigint)
                    null sort order: z
                    sort order: +
                    Map-reduce partition columns: _col4 (type: bigint)
                    Statistics: Num rows: 17851352 Data size: 2142162360 Basic stats: COMPLETE Column stats: COMPLETE
                    value expressions: _col5 (type: decimal(7,2)), _col6 (type: decimal(7,2))
                  Select Operator
                    expressions: _col4 (type: bigint)
                    outputColumnNames: _col0
                    Statistics: Num rows: 17851352 Data size: 285621632 Basic stats: COMPLETE Column stats: COMPLETE
                    Group By Operator
                      aggregations: min(_col0), max(_col0), bloom_filter(_col0, expectedEntries=1869746)
                      minReductionHashAggr: 0.99
                      mode: hash
                      outputColumnNames: _col0, _col1, _col2
                      Statistics: Num rows: 1 Data size: 24 Basic stats: COMPLETE Column stats: COMPLETE
                      Reduce Output Operator
                        null sort order: 
                        sort order: 
                        Statistics: Num rows: 1 Data size: 24 Basic stats: COMPLETE Column stats: COMPLETE
                        value expressions: _col0 (type: bigint), _col1 (type: bigint), _col2 (type: binary)
        Reducer 4 
            Execution mode: vectorized, llap
            Reduce Operator Tree:
              Map Join Operator
                condition map:
                     Anti Join 0 to 1
                keys:
                  0 KEY.reducesinkkey0 (type: bigint)
                  1 KEY.reducesinkkey0 (type: bigint)
                outputColumnNames: _col4, _col5, _col6
                input vertices:
                  1 Map 11
                Statistics: Num rows: 17851352 Data size: 2142162352 Basic stats: COMPLETE Column stats: COMPLETE
                DynamicPartitionHashJoin: true
                Group By Operator
                  aggregations: sum(_col5), sum(_col6)
                  keys: _col4 (type: bigint)
                  minReductionHashAggr: 0.8952603
                  mode: hash
                  outputColumnNames: _col0, _col2, _col3
                  Statistics: Num rows: 8925676 Data size: 2070756832 Basic stats: COMPLETE Column stats: COMPLETE
                  Reduce Output Operator
                    key expressions: _col0 (type: bigint)
                    null sort order: z
                    sort order: +
                    Map-reduce partition columns: _col0 (type: bigint)
                    Statistics: Num rows: 8925676 Data size: 2070756832 Basic stats: COMPLETE Column stats: COMPLETE
                    value expressions: _col2 (type: decimal(17,2)), _col3 (type: decimal(17,2))
        Reducer 5 
            Execution mode: vectorized, llap
            Reduce Operator Tree:
              Group By Operator
                aggregations: sum(VALUE._col0), sum(VALUE._col1)
                keys: KEY._col0 (type: bigint)
                mode: partial2
                outputColumnNames: _col0, _col1, _col2
                Statistics: Num rows: 8925676 Data size: 2070756832 Basic stats: COMPLETE Column stats: COMPLETE
                Group By Operator
                  aggregations: count(_col0), sum(_col1), sum(_col2)
                  mode: partial2
                  outputColumnNames: _col0, _col1, _col2
                  Statistics: Num rows: 1 Data size: 232 Basic stats: COMPLETE Column stats: COMPLETE
                  Reduce Output Operator
                    null sort order: 
                    sort order: 
                    Statistics: Num rows: 1 Data size: 232 Basic stats: COMPLETE Column stats: COMPLETE
                    value expressions: _col0 (type: bigint), _col1 (type: decimal(17,2)), _col2 (type: decimal(17,2))
        Reducer 6 
            Execution mode: vectorized, llap
            Reduce Operator Tree:
              Group By Operator
                aggregations: count(VALUE._col0), sum(VALUE._col1), sum(VALUE._col2)
                mode: mergepartial
                outputColumnNames: _col0, _col1, _col2
                Statistics: Num rows: 1 Data size: 232 Basic stats: COMPLETE Column stats: COMPLETE
                File Output Operator
                  compressed: false
                  Statistics: Num rows: 1 Data size: 232 Basic stats: COMPLETE Column stats: COMPLETE
                  table:
                      input format: org.apache.hadoop.mapred.SequenceFileInputFormat
                      output format: org.apache.hadoop.hive.ql.io.HiveSequenceFileOutputFormat
                      serde: org.apache.hadoop.hive.serde2.lazy.LazySimpleSerDe
        Reducer 7 
            Execution mode: vectorized, llap
            Reduce Operator Tree:
              Group By Operator
                aggregations: min(VALUE._col0), max(VALUE._col1), bloom_filter(VALUE._col2, expectedEntries=1869746)
                mode: final
                outputColumnNames: _col0, _col1, _col2
                Statistics: Num rows: 1 Data size: 24 Basic stats: COMPLETE Column stats: COMPLETE
                Reduce Output Operator
                  null sort order: 
                  sort order: 
                  Statistics: Num rows: 1 Data size: 24 Basic stats: COMPLETE Column stats: COMPLETE
                  value expressions: _col0 (type: bigint), _col1 (type: bigint), _col2 (type: binary)

  Stage: Stage-0
    Fetch Operator
      limit: -1
      Processor Tree:
        ListSink

