STAGE DEPENDENCIES:
  Stage-1 is a root stage
  Stage-0 depends on stages: Stage-1

STAGE PLANS:
  Stage: Stage-1
    Tez
#### A masked pattern was here ####
      Edges:
        Map 1 <- Map 7 (BROADCAST_EDGE)
        Map 5 <- Map 7 (BROADCAST_EDGE)
        Reducer 2 <- Map 1 (SIMPLE_EDGE)
        Reducer 3 <- Reducer 2 (CUSTOM_SIMPLE_EDGE), Reducer 6 (CUSTOM_SIMPLE_EDGE)
        Reducer 4 <- Reducer 3 (CUSTOM_SIMPLE_EDGE)
        Reducer 6 <- Map 5 (SIMPLE_EDGE)
#### A masked pattern was here ####
      Vertices:
        Map 1 
            Map Operator Tree:
                TableScan
                  alias: store_sales
                  filterExpr: ss_sold_date_sk is not null (type: boolean)
                  Statistics: Num rows: 82510879939 Data size: 1964702246744 Basic stats: COMPLETE Column stats: COMPLETE
                  Select Operator
                    expressions: ss_item_sk (type: bigint), ss_customer_sk (type: bigint), ss_sold_date_sk (type: bigint)
                    outputColumnNames: _col0, _col1, _col2
                    Statistics: Num rows: 82510879939 Data size: 1964702246744 Basic stats: COMPLETE Column stats: COMPLETE
                    Map Join Operator
                      condition map:
                           Inner Join 0 to 1
                      keys:
                        0 _col2 (type: bigint)
                        1 _col0 (type: bigint)
                      outputColumnNames: _col0, _col1
                      input vertices:
                        1 Map 7
                      Statistics: Num rows: 16221796254 Data size: 243989868272 Basic stats: COMPLETE Column stats: COMPLETE
                      Group By Operator
                        keys: _col1 (type: bigint), _col0 (type: bigint)
                        minReductionHashAggr: 0.7123034
                        mode: hash
                        outputColumnNames: _col0, _col1
                        Statistics: Num rows: 16221796254 Data size: 243989868272 Basic stats: COMPLETE Column stats: COMPLETE
                        Reduce Output Operator
                          key expressions: _col0 (type: bigint), _col1 (type: bigint)
                          null sort order: zz
                          sort order: ++
                          Map-reduce partition columns: _col0 (type: bigint), _col1 (type: bigint)
                          Statistics: Num rows: 16221796254 Data size: 243989868272 Basic stats: COMPLETE Column stats: COMPLETE
            Execution mode: vectorized, llap
            LLAP IO: may be used (ACID table)
        Map 5 
            Map Operator Tree:
                TableScan
                  alias: catalog_sales
                  filterExpr: cs_sold_date_sk is not null (type: boolean)
                  Statistics: Num rows: 43005109025 Data size: 1031276889552 Basic stats: COMPLETE Column stats: COMPLETE
                  Select Operator
                    expressions: cs_bill_customer_sk (type: bigint), cs_item_sk (type: bigint), cs_sold_date_sk (type: bigint)
                    outputColumnNames: _col0, _col1, _col2
                    Statistics: Num rows: 43005109025 Data size: 1031276889552 Basic stats: COMPLETE Column stats: COMPLETE
                    Map Join Operator
                      condition map:
                           Inner Join 0 to 1
                      keys:
                        0 _col2 (type: bigint)
                        1 _col0 (type: bigint)
                      outputColumnNames: _col0, _col1
                      input vertices:
                        1 Map 7
                      Statistics: Num rows: 8395118768 Data size: 133476173240 Basic stats: COMPLETE Column stats: COMPLETE
                      Group By Operator
                        keys: _col0 (type: bigint), _col1 (type: bigint)
                        minReductionHashAggr: 0.44997114
                        mode: hash
                        outputColumnNames: _col0, _col1
                        Statistics: Num rows: 8395118768 Data size: 133476173240 Basic stats: COMPLETE Column stats: COMPLETE
                        Reduce Output Operator
                          key expressions: _col0 (type: bigint), _col1 (type: bigint)
                          null sort order: zz
                          sort order: ++
                          Map-reduce partition columns: _col0 (type: bigint), _col1 (type: bigint)
                          Statistics: Num rows: 8395118768 Data size: 133476173240 Basic stats: COMPLETE Column stats: COMPLETE
            Execution mode: vectorized, llap
            LLAP IO: may be used (ACID table)
        Map 7 
            Map Operator Tree:
                TableScan
                  alias: date_dim
                  filterExpr: d_month_seq BETWEEN 1212 AND 1223 (type: boolean)
                  Statistics: Num rows: 73049 Data size: 876588 Basic stats: COMPLETE Column stats: COMPLETE
                  Filter Operator
                    predicate: d_month_seq BETWEEN 1212 AND 1223 (type: boolean)
                    Statistics: Num rows: 359 Data size: 4308 Basic stats: COMPLETE Column stats: COMPLETE
                    Select Operator
                      expressions: d_date_sk (type: bigint)
                      outputColumnNames: _col0
                      Statistics: Num rows: 359 Data size: 2872 Basic stats: COMPLETE Column stats: COMPLETE
                      Reduce Output Operator
                        key expressions: _col0 (type: bigint)
                        null sort order: z
                        sort order: +
                        Map-reduce partition columns: _col0 (type: bigint)
                        Statistics: Num rows: 359 Data size: 2872 Basic stats: COMPLETE Column stats: COMPLETE
                      Select Operator
                        expressions: _col0 (type: bigint)
                        outputColumnNames: _col0
                        Statistics: Num rows: 359 Data size: 2872 Basic stats: COMPLETE Column stats: COMPLETE
                        Group By Operator
                          keys: _col0 (type: bigint)
                          minReductionHashAggr: 0.4
                          mode: hash
                          outputColumnNames: _col0
                          Statistics: Num rows: 359 Data size: 2872 Basic stats: COMPLETE Column stats: COMPLETE
                          Dynamic Partitioning Event Operator
                            Target column: cs_sold_date_sk (bigint)
                            Target Input: catalog_sales
                            Partition key expr: cs_sold_date_sk
                            Statistics: Num rows: 359 Data size: 2872 Basic stats: COMPLETE Column stats: COMPLETE
                            Target Vertex: Map 5
                      Reduce Output Operator
                        key expressions: _col0 (type: bigint)
                        null sort order: z
                        sort order: +
                        Map-reduce partition columns: _col0 (type: bigint)
                        Statistics: Num rows: 359 Data size: 2872 Basic stats: COMPLETE Column stats: COMPLETE
                      Select Operator
                        expressions: _col0 (type: bigint)
                        outputColumnNames: _col0
                        Statistics: Num rows: 359 Data size: 2872 Basic stats: COMPLETE Column stats: COMPLETE
                        Group By Operator
                          keys: _col0 (type: bigint)
                          minReductionHashAggr: 0.4
                          mode: hash
                          outputColumnNames: _col0
                          Statistics: Num rows: 359 Data size: 2872 Basic stats: COMPLETE Column stats: COMPLETE
                          Dynamic Partitioning Event Operator
                            Target column: ss_sold_date_sk (bigint)
                            Target Input: store_sales
                            Partition key expr: ss_sold_date_sk
                            Statistics: Num rows: 359 Data size: 2872 Basic stats: COMPLETE Column stats: COMPLETE
                            Target Vertex: Map 1
            Execution mode: vectorized, llap
            LLAP IO: may be used (ACID table)
        Reducer 2 
            Execution mode: vectorized, llap
            Reduce Operator Tree:
              Group By Operator
                keys: KEY._col0 (type: bigint), KEY._col1 (type: bigint)
                mode: mergepartial
                outputColumnNames: _col0, _col1
                Statistics: Num rows: 16221796254 Data size: 243989868272 Basic stats: COMPLETE Column stats: COMPLETE
                Reduce Output Operator
                  key expressions: _col0 (type: bigint), _col1 (type: bigint)
                  null sort order: zz
                  sort order: ++
                  Map-reduce partition columns: _col0 (type: bigint), _col1 (type: bigint)
                  Statistics: Num rows: 16221796254 Data size: 243989868272 Basic stats: COMPLETE Column stats: COMPLETE
        Reducer 3 
            Execution mode: vectorized, llap
            Reduce Operator Tree:
              Map Join Operator
                condition map:
                     Full Outer Join 0 to 1
                keys:
                  0 KEY.reducesinkkey0 (type: bigint), KEY.reducesinkkey1 (type: bigint)
                  1 KEY.reducesinkkey0 (type: bigint), KEY.reducesinkkey1 (type: bigint)
                outputColumnNames: _col0, _col2
                input vertices:
                  1 Reducer 6
                Statistics: Num rows: 8845757909812 Data size: 141137410189600 Basic stats: COMPLETE Column stats: COMPLETE
                DynamicPartitionHashJoin: true
                Select Operator
                  expressions: CASE WHEN ((_col2 is null and _col0 is not null)) THEN (1) ELSE (0) END (type: int), CASE WHEN ((_col0 is null and _col2 is not null)) THEN (1) ELSE (0) END (type: int), CASE WHEN ((_col0 is not null and _col2 is not null)) THEN (1) ELSE (0) END (type: int)
                  outputColumnNames: _col0, _col1, _col2
                  Statistics: Num rows: 8845757909812 Data size: 141137410189600 Basic stats: COMPLETE Column stats: COMPLETE
                  Group By Operator
                    aggregations: sum(_col0), sum(_col1), sum(_col2)
                    minReductionHashAggr: 0.99
                    mode: hash
                    outputColumnNames: _col0, _col1, _col2
                    Statistics: Num rows: 1 Data size: 24 Basic stats: COMPLETE Column stats: COMPLETE
                    Reduce Output Operator
                      null sort order: 
                      sort order: 
                      Statistics: Num rows: 1 Data size: 24 Basic stats: COMPLETE Column stats: COMPLETE
                      value expressions: _col0 (type: bigint), _col1 (type: bigint), _col2 (type: bigint)
        Reducer 4 
            Execution mode: vectorized, llap
            Reduce Operator Tree:
              Group By Operator
                aggregations: sum(VALUE._col0), sum(VALUE._col1), sum(VALUE._col2)
                mode: mergepartial
                outputColumnNames: _col0, _col1, _col2
                Statistics: Num rows: 1 Data size: 24 Basic stats: COMPLETE Column stats: COMPLETE
                File Output Operator
                  compressed: false
                  Statistics: Num rows: 1 Data size: 24 Basic stats: COMPLETE Column stats: COMPLETE
                  table:
                      input format: org.apache.hadoop.mapred.SequenceFileInputFormat
                      output format: org.apache.hadoop.hive.ql.io.HiveSequenceFileOutputFormat
                      serde: org.apache.hadoop.hive.serde2.lazy.LazySimpleSerDe
        Reducer 6 
            Execution mode: vectorized, llap
            Reduce Operator Tree:
              Group By Operator
                keys: KEY._col0 (type: bigint), KEY._col1 (type: bigint)
                mode: mergepartial
                outputColumnNames: _col0, _col1
                Statistics: Num rows: 8395118768 Data size: 133476173240 Basic stats: COMPLETE Column stats: COMPLETE
                Reduce Output Operator
                  key expressions: _col0 (type: bigint), _col1 (type: bigint)
                  null sort order: zz
                  sort order: ++
                  Map-reduce partition columns: _col0 (type: bigint), _col1 (type: bigint)
                  Statistics: Num rows: 8395118768 Data size: 133476173240 Basic stats: COMPLETE Column stats: COMPLETE

  Stage: Stage-0
    Fetch Operator
      limit: -1
      Processor Tree:
        ListSink

