STAGE DEPENDENCIES:
  Stage-1 is a root stage
  Stage-0 depends on stages: Stage-1

STAGE PLANS:
  Stage: Stage-1
    Tez
#### A masked pattern was here ####
      Edges:
        Map 1 <- Map 4 (BROADCAST_EDGE), Map 5 (BROADCAST_EDGE)
        Reducer 2 <- Map 1 (SIMPLE_EDGE)
        Reducer 3 <- Reducer 2 (SIMPLE_EDGE)
#### A masked pattern was here ####
      Vertices:
        Map 1 
            Map Operator Tree:
                TableScan
                  alias: store_sales
                  probeDecodeDetails: cacheKey:HASH_MAP_MAPJOIN_54_container, bigKeyColName:ss_item_sk, smallTablePos:1, keyRatio:0.0010129870031902726
                  Statistics: Num rows: 82510879939 Data size: 10343396725952 Basic stats: COMPLETE Column stats: COMPLETE
                  Select Operator
                    expressions: ss_item_sk (type: bigint), ss_ext_sales_price (type: decimal(7,2)), ss_sold_date_sk (type: bigint)
                    outputColumnNames: _col0, _col1, _col2
                    Statistics: Num rows: 82510879939 Data size: 10343396725952 Basic stats: COMPLETE Column stats: COMPLETE
                    Map Join Operator
                      condition map:
                           Inner Join 0 to 1
                      keys:
                        0 _col0 (type: bigint)
                        1 _col0 (type: bigint)
                      outputColumnNames: _col1, _col2, _col4, _col5
                      input vertices:
                        1 Map 4
                      Statistics: Num rows: 83582449 Data size: 9361234400 Basic stats: COMPLETE Column stats: COMPLETE
                      Map Join Operator
                        condition map:
                             Inner Join 0 to 1
                        keys:
                          0 _col2 (type: bigint)
                          1 _col0 (type: bigint)
                        outputColumnNames: _col1, _col4, _col5, _col7
                        input vertices:
                          1 Map 5
                        Statistics: Num rows: 6964728 Data size: 752190736 Basic stats: COMPLETE Column stats: COMPLETE
                        Top N Key Operator
                          sort order: +
                          keys: _col7 (type: int)
                          null sort order: z
                          Statistics: Num rows: 6964728 Data size: 752190736 Basic stats: COMPLETE Column stats: COMPLETE
                          top n: 100
                          Group By Operator
                            aggregations: sum(_col1)
                            keys: _col7 (type: int), _col4 (type: int), _col5 (type: char(50))
                            minReductionHashAggr: 0.99
                            mode: hash
                            outputColumnNames: _col0, _col1, _col2, _col3
                            Statistics: Num rows: 931320 Data size: 204890400 Basic stats: COMPLETE Column stats: COMPLETE
                            Reduce Output Operator
                              key expressions: _col0 (type: int), _col1 (type: int), _col2 (type: char(50))
                              null sort order: zzz
                              sort order: +++
                              Map-reduce partition columns: _col0 (type: int), _col1 (type: int), _col2 (type: char(50))
                              Statistics: Num rows: 931320 Data size: 204890400 Basic stats: COMPLETE Column stats: COMPLETE
                              value expressions: _col3 (type: decimal(17,2))
            Execution mode: vectorized, llap
            LLAP IO: may be used (ACID table)
        Map 4 
            Map Operator Tree:
                TableScan
                  alias: item
                  filterExpr: (i_manufact_id = 436) (type: boolean)
                  Statistics: Num rows: 462000 Data size: 53582844 Basic stats: COMPLETE Column stats: COMPLETE
                  Filter Operator
                    predicate: (i_manufact_id = 436) (type: boolean)
                    Statistics: Num rows: 468 Data size: 54288 Basic stats: COMPLETE Column stats: COMPLETE
                    Select Operator
                      expressions: i_item_sk (type: bigint), i_brand_id (type: int), i_brand (type: char(50))
                      outputColumnNames: _col0, _col1, _col2
                      Statistics: Num rows: 468 Data size: 52416 Basic stats: COMPLETE Column stats: COMPLETE
                      Reduce Output Operator
                        key expressions: _col0 (type: bigint)
                        null sort order: z
                        sort order: +
                        Map-reduce partition columns: _col0 (type: bigint)
                        Statistics: Num rows: 468 Data size: 52416 Basic stats: COMPLETE Column stats: COMPLETE
                        value expressions: _col1 (type: int), _col2 (type: char(50))
            Execution mode: vectorized, llap
            LLAP IO: may be used (ACID table)
        Map 5 
            Map Operator Tree:
                TableScan
                  alias: dt
                  filterExpr: (d_moy = 12) (type: boolean)
                  Statistics: Num rows: 73049 Data size: 1168784 Basic stats: COMPLETE Column stats: COMPLETE
                  Filter Operator
                    predicate: (d_moy = 12) (type: boolean)
                    Statistics: Num rows: 6087 Data size: 97392 Basic stats: COMPLETE Column stats: COMPLETE
                    Select Operator
                      expressions: d_date_sk (type: bigint), d_year (type: int)
                      outputColumnNames: _col0, _col1
                      Statistics: Num rows: 6087 Data size: 73044 Basic stats: COMPLETE Column stats: COMPLETE
                      Reduce Output Operator
                        key expressions: _col0 (type: bigint)
                        null sort order: z
                        sort order: +
                        Map-reduce partition columns: _col0 (type: bigint)
                        Statistics: Num rows: 6087 Data size: 73044 Basic stats: COMPLETE Column stats: COMPLETE
                        value expressions: _col1 (type: int)
                      Select Operator
                        expressions: _col0 (type: bigint)
                        outputColumnNames: _col0
                        Statistics: Num rows: 6087 Data size: 48696 Basic stats: COMPLETE Column stats: COMPLETE
                        Group By Operator
                          keys: _col0 (type: bigint)
                          minReductionHashAggr: 0.4
                          mode: hash
                          outputColumnNames: _col0
                          Statistics: Num rows: 6087 Data size: 48696 Basic stats: COMPLETE Column stats: COMPLETE
                          Dynamic Partitioning Event Operator
                            Target column: ss_sold_date_sk (bigint)
                            Target Input: store_sales
                            Partition key expr: ss_sold_date_sk
                            Statistics: Num rows: 6087 Data size: 48696 Basic stats: COMPLETE Column stats: COMPLETE
                            Target Vertex: Map 1
            Execution mode: vectorized, llap
            LLAP IO: may be used (ACID table)
        Reducer 2 
            Execution mode: vectorized, llap
            Reduce Operator Tree:
              Group By Operator
                aggregations: sum(VALUE._col0)
                keys: KEY._col0 (type: int), KEY._col1 (type: int), KEY._col2 (type: char(50))
                mode: mergepartial
                outputColumnNames: _col0, _col1, _col2, _col3
                Statistics: Num rows: 302679 Data size: 66589380 Basic stats: COMPLETE Column stats: COMPLETE
                Top N Key Operator
                  sort order: +-+
                  keys: _col0 (type: int), _col3 (type: decimal(17,2)), _col1 (type: int)
                  null sort order: zaz
                  Statistics: Num rows: 302679 Data size: 66589380 Basic stats: COMPLETE Column stats: COMPLETE
                  top n: 100
                  Reduce Output Operator
                    key expressions: _col0 (type: int), _col3 (type: decimal(17,2)), _col1 (type: int)
                    null sort order: zaz
                    sort order: +-+
                    Statistics: Num rows: 302679 Data size: 66589380 Basic stats: COMPLETE Column stats: COMPLETE
                    value expressions: _col2 (type: char(50))
        Reducer 3 
            Execution mode: vectorized, llap
            Reduce Operator Tree:
              Select Operator
                expressions: KEY.reducesinkkey0 (type: int), KEY.reducesinkkey2 (type: int), VALUE._col0 (type: char(50)), KEY.reducesinkkey1 (type: decimal(17,2))
                outputColumnNames: _col0, _col1, _col2, _col3
                Statistics: Num rows: 302679 Data size: 66589380 Basic stats: COMPLETE Column stats: COMPLETE
                Limit
                  Number of rows: 100
                  Statistics: Num rows: 100 Data size: 22000 Basic stats: COMPLETE Column stats: COMPLETE
                  File Output Operator
                    compressed: false
                    Statistics: Num rows: 100 Data size: 22000 Basic stats: COMPLETE Column stats: COMPLETE
                    table:
                        input format: org.apache.hadoop.mapred.SequenceFileInputFormat
                        output format: org.apache.hadoop.hive.ql.io.HiveSequenceFileOutputFormat
                        serde: org.apache.hadoop.hive.serde2.lazy.LazySimpleSerDe

  Stage: Stage-0
    Fetch Operator
      limit: 100
      Processor Tree:
        ListSink

