STAGE DEPENDENCIES:
  Stage-1 is a root stage
  Stage-0 depends on stages: Stage-1

STAGE PLANS:
  Stage: Stage-1
    Tez
#### A masked pattern was here ####
      Edges:
        Map 1 <- Map 21 (BROADCAST_EDGE), Map 6 (BROADCAST_EDGE)
        Map 10 <- Reducer 7 (BROADCAST_EDGE), Reducer 8 (BROADCAST_EDGE)
        Map 15 <- Reducer 7 (BROADCAST_EDGE), Reducer 8 (BROADCAST_EDGE)
        Map 16 <- Reducer 7 (BROADCAST_EDGE), Reducer 8 (BROADCAST_EDGE)
        Map 28 <- Map 21 (BROADCAST_EDGE), Map 6 (BROADCAST_EDGE), Reducer 5 (BROADCAST_EDGE)
        Reducer 11 <- Map 10 (CUSTOM_SIMPLE_EDGE), Map 15 (CUSTOM_SIMPLE_EDGE)
        Reducer 12 <- Reducer 11 (SIMPLE_EDGE)
        Reducer 13 <- Map 10 (CUSTOM_SIMPLE_EDGE), Map 15 (CUSTOM_SIMPLE_EDGE)
        Reducer 14 <- Reducer 13 (SIMPLE_EDGE)
        Reducer 19 <- Map 18 (SIMPLE_EDGE)
        Reducer 2 <- Map 1 (CUSTOM_SIMPLE_EDGE), Map 27 (BROADCAST_EDGE), Map 9 (CUSTOM_SIMPLE_EDGE), Reducer 12 (BROADCAST_EDGE)
        Reducer 20 <- Map 18 (SIMPLE_EDGE)
        Reducer 22 <- Map 21 (SIMPLE_EDGE)
        Reducer 23 <- Map 21 (SIMPLE_EDGE)
        Reducer 25 <- Map 24 (SIMPLE_EDGE)
        Reducer 26 <- Map 24 (SIMPLE_EDGE)
        Reducer 29 <- Map 27 (BROADCAST_EDGE), Map 28 (CUSTOM_SIMPLE_EDGE), Map 9 (CUSTOM_SIMPLE_EDGE), Reducer 14 (BROADCAST_EDGE)
        Reducer 3 <- Map 16 (CUSTOM_SIMPLE_EDGE), Map 17 (BROADCAST_EDGE), Map 18 (BROADCAST_EDGE), Map 21 (BROADCAST_EDGE), Map 24 (BROADCAST_EDGE), Map 27 (BROADCAST_EDGE), Reducer 19 (BROADCAST_EDGE), Reducer 2 (CUSTOM_SIMPLE_EDGE), Reducer 22 (BROADCAST_EDGE), Reducer 25 (BROADCAST_EDGE)
        Reducer 30 <- Map 16 (CUSTOM_SIMPLE_EDGE), Map 17 (BROADCAST_EDGE), Map 18 (BROADCAST_EDGE), Map 21 (BROADCAST_EDGE), Map 24 (BROADCAST_EDGE), Map 27 (BROADCAST_EDGE), Reducer 20 (BROADCAST_EDGE), Reducer 23 (BROADCAST_EDGE), Reducer 26 (BROADCAST_EDGE), Reducer 29 (CUSTOM_SIMPLE_EDGE)
        Reducer 31 <- Reducer 30 (SIMPLE_EDGE)
        Reducer 32 <- Reducer 31 (CUSTOM_SIMPLE_EDGE), Reducer 4 (CUSTOM_SIMPLE_EDGE)
        Reducer 33 <- Reducer 32 (SIMPLE_EDGE)
        Reducer 4 <- Reducer 3 (SIMPLE_EDGE)
        Reducer 5 <- Reducer 4 (CUSTOM_SIMPLE_EDGE)
        Reducer 7 <- Map 6 (CUSTOM_SIMPLE_EDGE)
        Reducer 8 <- Map 6 (CUSTOM_SIMPLE_EDGE)
#### A masked pattern was here ####
      Vertices:
        Map 1 
            Map Operator Tree:
                TableScan
                  alias: store_sales
                  filterExpr: (ss_cdemo_sk is not null and ss_addr_sk is not null and ss_hdemo_sk is not null and ss_customer_sk is not null and ss_store_sk is not null and ss_promo_sk is not null) (type: boolean)
                  probeDecodeDetails: cacheKey:HASH_MAP_MAPJOIN_993_container, bigKeyColName:ss_item_sk, smallTablePos:1, keyRatio:1.914898982010722E-9
                  Statistics: Num rows: 82510879939 Data size: 32917667058984 Basic stats: COMPLETE Column stats: COMPLETE
                  Filter Operator
                    predicate: (ss_cdemo_sk is not null and ss_addr_sk is not null and ss_hdemo_sk is not null and ss_customer_sk is not null and ss_store_sk is not null and ss_promo_sk is not null) (type: boolean)
                    Statistics: Num rows: 71511093715 Data size: 28529308809584 Basic stats: COMPLETE Column stats: COMPLETE
                    Select Operator
                      expressions: ss_item_sk (type: bigint), ss_customer_sk (type: bigint), ss_cdemo_sk (type: bigint), ss_hdemo_sk (type: bigint), ss_addr_sk (type: bigint), ss_store_sk (type: bigint), ss_ticket_number (type: bigint), ss_wholesale_cost (type: decimal(7,2)), ss_list_price (type: decimal(7,2)), ss_coupon_amt (type: decimal(7,2)), ss_sold_date_sk (type: bigint)
                      outputColumnNames: _col0, _col1, _col2, _col3, _col4, _col5, _col6, _col7, _col8, _col9, _col10
                      Statistics: Num rows: 71511093715 Data size: 27970666706224 Basic stats: COMPLETE Column stats: COMPLETE
                      Map Join Operator
                        condition map:
                             Inner Join 0 to 1
                        keys:
                          0 _col0 (type: bigint)
                          1 _col0 (type: bigint)
                        outputColumnNames: _col0, _col1, _col2, _col3, _col4, _col5, _col6, _col7, _col8, _col9, _col10, _col11
                        input vertices:
                          1 Map 6
                        Statistics: Num rows: 1321097780 Data size: 42275129336 Basic stats: COMPLETE Column stats: COMPLETE
                        Map Join Operator
                          condition map:
                               Inner Join 0 to 1
                          keys:
                            0 _col10 (type: bigint)
                            1 _col0 (type: bigint)
                          outputColumnNames: _col0, _col1, _col2, _col3, _col4, _col5, _col6, _col7, _col8, _col9, _col11
                          input vertices:
                            1 Map 21
                          Statistics: Num rows: 265518185 Data size: 6372436816 Basic stats: COMPLETE Column stats: COMPLETE
                          Reduce Output Operator
                            key expressions: _col1 (type: bigint)
                            null sort order: z
                            sort order: +
                            Map-reduce partition columns: _col1 (type: bigint)
                            Statistics: Num rows: 265518185 Data size: 6372436816 Basic stats: COMPLETE Column stats: COMPLETE
                            value expressions: _col0 (type: bigint), _col2 (type: bigint), _col3 (type: bigint), _col4 (type: bigint), _col5 (type: bigint), _col6 (type: bigint), _col7 (type: decimal(7,2)), _col8 (type: decimal(7,2)), _col9 (type: decimal(7,2)), _col11 (type: bigint)
            Execution mode: vectorized, llap
            LLAP IO: may be used (ACID table)
        Map 10 
            Map Operator Tree:
                TableScan
                  alias: catalog_sales
                  filterExpr: ((cs_item_sk BETWEEN DynamicValue(RS_49_item_i_item_sk_min) AND DynamicValue(RS_49_item_i_item_sk_max) and in_bloom_filter(cs_item_sk, DynamicValue(RS_49_item_i_item_sk_bloom_filter))) or (cs_item_sk BETWEEN DynamicValue(RS_147_item_i_item_sk_min) AND DynamicValue(RS_147_item_i_item_sk_max) and in_bloom_filter(cs_item_sk, DynamicValue(RS_147_item_i_item_sk_bloom_filter)))) (type: boolean)
                  Statistics: Num rows: 43220864887 Data size: 5508302290240 Basic stats: COMPLETE Column stats: COMPLETE
                  Filter Operator
                    predicate: (cs_item_sk BETWEEN DynamicValue(RS_49_item_i_item_sk_min) AND DynamicValue(RS_49_item_i_item_sk_max) and in_bloom_filter(cs_item_sk, DynamicValue(RS_49_item_i_item_sk_bloom_filter))) (type: boolean)
                    Statistics: Num rows: 43220864887 Data size: 5508302290240 Basic stats: COMPLETE Column stats: COMPLETE
                    Select Operator
                      expressions: cs_item_sk (type: bigint), cs_order_number (type: bigint), cs_ext_list_price (type: decimal(7,2))
                      outputColumnNames: _col0, _col1, _col2
                      Statistics: Num rows: 43220864887 Data size: 5508302290240 Basic stats: COMPLETE Column stats: COMPLETE
                      Reduce Output Operator
                        key expressions: _col0 (type: bigint), _col1 (type: bigint)
                        null sort order: zz
                        sort order: ++
                        Map-reduce partition columns: _col0 (type: bigint), _col1 (type: bigint)
                        Statistics: Num rows: 43220864887 Data size: 5508302290240 Basic stats: COMPLETE Column stats: COMPLETE
                        value expressions: _col2 (type: decimal(7,2))
                  Filter Operator
                    predicate: (cs_item_sk BETWEEN DynamicValue(RS_147_item_i_item_sk_min) AND DynamicValue(RS_147_item_i_item_sk_max) and in_bloom_filter(cs_item_sk, DynamicValue(RS_147_item_i_item_sk_bloom_filter))) (type: boolean)
                    Statistics: Num rows: 43220864887 Data size: 5508302290240 Basic stats: COMPLETE Column stats: COMPLETE
                    Select Operator
                      expressions: cs_item_sk (type: bigint), cs_order_number (type: bigint), cs_ext_list_price (type: decimal(7,2))
                      outputColumnNames: _col0, _col1, _col2
                      Statistics: Num rows: 43220864887 Data size: 5508302290240 Basic stats: COMPLETE Column stats: COMPLETE
                      Reduce Output Operator
                        key expressions: _col0 (type: bigint), _col1 (type: bigint)
                        null sort order: zz
                        sort order: ++
                        Map-reduce partition columns: _col0 (type: bigint), _col1 (type: bigint)
                        Statistics: Num rows: 43220864887 Data size: 5508302290240 Basic stats: COMPLETE Column stats: COMPLETE
                        value expressions: _col2 (type: decimal(7,2))
            Execution mode: vectorized, llap
            LLAP IO: may be used (ACID table)
        Map 15 
            Map Operator Tree:
                TableScan
                  alias: catalog_returns
                  filterExpr: ((cr_item_sk BETWEEN DynamicValue(RS_49_item_i_item_sk_min) AND DynamicValue(RS_49_item_i_item_sk_max) and in_bloom_filter(cr_item_sk, DynamicValue(RS_49_item_i_item_sk_bloom_filter))) or (cr_item_sk BETWEEN DynamicValue(RS_147_item_i_item_sk_min) AND DynamicValue(RS_147_item_i_item_sk_max) and in_bloom_filter(cr_item_sk, DynamicValue(RS_147_item_i_item_sk_bloom_filter)))) (type: boolean)
                  Statistics: Num rows: 4320980099 Data size: 1492106347456 Basic stats: COMPLETE Column stats: COMPLETE
                  Filter Operator
                    predicate: (cr_item_sk BETWEEN DynamicValue(RS_49_item_i_item_sk_min) AND DynamicValue(RS_49_item_i_item_sk_max) and in_bloom_filter(cr_item_sk, DynamicValue(RS_49_item_i_item_sk_bloom_filter))) (type: boolean)
                    Statistics: Num rows: 4320980099 Data size: 1492106347456 Basic stats: COMPLETE Column stats: COMPLETE
                    Select Operator
                      expressions: cr_item_sk (type: bigint), cr_order_number (type: bigint), ((cr_refunded_cash + cr_reversed_charge) + cr_store_credit) (type: decimal(9,2))
                      outputColumnNames: _col0, _col1, _col2
                      Statistics: Num rows: 4320980099 Data size: 553085452672 Basic stats: COMPLETE Column stats: COMPLETE
                      Reduce Output Operator
                        key expressions: _col0 (type: bigint), _col1 (type: bigint)
                        null sort order: zz
                        sort order: ++
                        Map-reduce partition columns: _col0 (type: bigint), _col1 (type: bigint)
                        Statistics: Num rows: 4320980099 Data size: 553085452672 Basic stats: COMPLETE Column stats: COMPLETE
                        value expressions: _col2 (type: decimal(9,2))
                  Filter Operator
                    predicate: (cr_item_sk BETWEEN DynamicValue(RS_147_item_i_item_sk_min) AND DynamicValue(RS_147_item_i_item_sk_max) and in_bloom_filter(cr_item_sk, DynamicValue(RS_147_item_i_item_sk_bloom_filter))) (type: boolean)
                    Statistics: Num rows: 4320980099 Data size: 1492106347456 Basic stats: COMPLETE Column stats: COMPLETE
                    Select Operator
                      expressions: cr_item_sk (type: bigint), cr_order_number (type: bigint), ((cr_refunded_cash + cr_reversed_charge) + cr_store_credit) (type: decimal(9,2))
                      outputColumnNames: _col0, _col1, _col2
                      Statistics: Num rows: 4320980099 Data size: 553085452672 Basic stats: COMPLETE Column stats: COMPLETE
                      Reduce Output Operator
                        key expressions: _col0 (type: bigint), _col1 (type: bigint)
                        null sort order: zz
                        sort order: ++
                        Map-reduce partition columns: _col0 (type: bigint), _col1 (type: bigint)
                        Statistics: Num rows: 4320980099 Data size: 553085452672 Basic stats: COMPLETE Column stats: COMPLETE
                        value expressions: _col2 (type: decimal(9,2))
            Execution mode: vectorized, llap
            LLAP IO: may be used (ACID table)
        Map 16 
            Map Operator Tree:
                TableScan
                  alias: store_returns
                  filterExpr: ((sr_item_sk BETWEEN DynamicValue(RS_49_item_i_item_sk_min) AND DynamicValue(RS_49_item_i_item_sk_max) and in_bloom_filter(sr_item_sk, DynamicValue(RS_49_item_i_item_sk_bloom_filter))) or (sr_item_sk BETWEEN DynamicValue(RS_147_item_i_item_sk_min) AND DynamicValue(RS_147_item_i_item_sk_max) and in_bloom_filter(sr_item_sk, DynamicValue(RS_147_item_i_item_sk_bloom_filter)))) (type: boolean)
                  Statistics: Num rows: 8634166995 Data size: 138146671920 Basic stats: COMPLETE Column stats: COMPLETE
                  Filter Operator
                    predicate: (sr_item_sk BETWEEN DynamicValue(RS_49_item_i_item_sk_min) AND DynamicValue(RS_49_item_i_item_sk_max) and in_bloom_filter(sr_item_sk, DynamicValue(RS_49_item_i_item_sk_bloom_filter))) (type: boolean)
                    Statistics: Num rows: 8634166995 Data size: 138146671920 Basic stats: COMPLETE Column stats: COMPLETE
                    Select Operator
                      expressions: sr_item_sk (type: bigint), sr_ticket_number (type: bigint)
                      outputColumnNames: _col0, _col1
                      Statistics: Num rows: 8634166995 Data size: 138146671920 Basic stats: COMPLETE Column stats: COMPLETE
                      Reduce Output Operator
                        key expressions: _col0 (type: bigint), _col1 (type: bigint)
                        null sort order: zz
                        sort order: ++
                        Map-reduce partition columns: _col0 (type: bigint), _col1 (type: bigint)
                        Statistics: Num rows: 8634166995 Data size: 138146671920 Basic stats: COMPLETE Column stats: COMPLETE
                  Filter Operator
                    predicate: (sr_item_sk BETWEEN DynamicValue(RS_147_item_i_item_sk_min) AND DynamicValue(RS_147_item_i_item_sk_max) and in_bloom_filter(sr_item_sk, DynamicValue(RS_147_item_i_item_sk_bloom_filter))) (type: boolean)
                    Statistics: Num rows: 8634166995 Data size: 138146671920 Basic stats: COMPLETE Column stats: COMPLETE
                    Select Operator
                      expressions: sr_item_sk (type: bigint), sr_ticket_number (type: bigint)
                      outputColumnNames: _col0, _col1
                      Statistics: Num rows: 8634166995 Data size: 138146671920 Basic stats: COMPLETE Column stats: COMPLETE
                      Reduce Output Operator
                        key expressions: _col0 (type: bigint), _col1 (type: bigint)
                        null sort order: zz
                        sort order: ++
                        Map-reduce partition columns: _col0 (type: bigint), _col1 (type: bigint)
                        Statistics: Num rows: 8634166995 Data size: 138146671920 Basic stats: COMPLETE Column stats: COMPLETE
            Execution mode: vectorized, llap
            LLAP IO: may be used (ACID table)
        Map 17 
            Map Operator Tree:
                TableScan
                  alias: store
                  filterExpr: (s_store_name is not null and s_zip is not null) (type: boolean)
                  Statistics: Num rows: 1704 Data size: 315240 Basic stats: COMPLETE Column stats: COMPLETE
                  Filter Operator
                    predicate: (s_store_name is not null and s_zip is not null) (type: boolean)
                    Statistics: Num rows: 1704 Data size: 315240 Basic stats: COMPLETE Column stats: COMPLETE
                    Select Operator
                      expressions: s_store_sk (type: bigint), s_store_name (type: varchar(50)), s_zip (type: char(10))
                      outputColumnNames: _col0, _col1, _col2
                      Statistics: Num rows: 1704 Data size: 315240 Basic stats: COMPLETE Column stats: COMPLETE
                      Reduce Output Operator
                        key expressions: _col0 (type: bigint)
                        null sort order: z
                        sort order: +
                        Map-reduce partition columns: _col0 (type: bigint)
                        Statistics: Num rows: 1704 Data size: 315240 Basic stats: COMPLETE Column stats: COMPLETE
                        value expressions: _col1 (type: varchar(50)), _col2 (type: char(10))
                      Reduce Output Operator
                        key expressions: _col0 (type: bigint)
                        null sort order: z
                        sort order: +
                        Map-reduce partition columns: _col0 (type: bigint)
                        Statistics: Num rows: 1704 Data size: 315240 Basic stats: COMPLETE Column stats: COMPLETE
                        value expressions: _col1 (type: varchar(50)), _col2 (type: char(10))
            Execution mode: vectorized, llap
            LLAP IO: may be used (ACID table)
        Map 18 
            Map Operator Tree:
                TableScan
                  alias: hd1
                  filterExpr: hd_income_band_sk is not null (type: boolean)
                  Statistics: Num rows: 7200 Data size: 115200 Basic stats: COMPLETE Column stats: COMPLETE
                  Filter Operator
                    predicate: hd_income_band_sk is not null (type: boolean)
                    Statistics: Num rows: 7200 Data size: 115200 Basic stats: COMPLETE Column stats: COMPLETE
                    Select Operator
                      expressions: hd_demo_sk (type: bigint)
                      outputColumnNames: _col0
                      Statistics: Num rows: 7200 Data size: 57600 Basic stats: COMPLETE Column stats: COMPLETE
                      Reduce Output Operator
                        key expressions: _col0 (type: bigint)
                        null sort order: z
                        sort order: +
                        Map-reduce partition columns: _col0 (type: bigint)
                        Statistics: Num rows: 7200 Data size: 57600 Basic stats: COMPLETE Column stats: COMPLETE
                      Reduce Output Operator
                        key expressions: _col0 (type: bigint)
                        null sort order: z
                        sort order: +
                        Map-reduce partition columns: _col0 (type: bigint)
                        Statistics: Num rows: 7200 Data size: 57600 Basic stats: COMPLETE Column stats: COMPLETE
                      Reduce Output Operator
                        key expressions: _col0 (type: bigint)
                        null sort order: z
                        sort order: +
                        Map-reduce partition columns: _col0 (type: bigint)
                        Statistics: Num rows: 7200 Data size: 57600 Basic stats: COMPLETE Column stats: COMPLETE
                      Reduce Output Operator
                        key expressions: _col0 (type: bigint)
                        null sort order: z
                        sort order: +
                        Map-reduce partition columns: _col0 (type: bigint)
                        Statistics: Num rows: 7200 Data size: 57600 Basic stats: COMPLETE Column stats: COMPLETE
            Execution mode: vectorized, llap
            LLAP IO: may be used (ACID table)
        Map 21 
            Map Operator Tree:
                TableScan
                  alias: d2
                  Statistics: Num rows: 73049 Data size: 876588 Basic stats: COMPLETE Column stats: COMPLETE
                  Select Operator
                    expressions: d_date_sk (type: bigint), d_year (type: int)
                    outputColumnNames: _col0, _col1
                    Statistics: Num rows: 73049 Data size: 876588 Basic stats: COMPLETE Column stats: COMPLETE
                    Reduce Output Operator
                      key expressions: _col0 (type: bigint)
                      null sort order: z
                      sort order: +
                      Map-reduce partition columns: _col0 (type: bigint)
                      Statistics: Num rows: 73049 Data size: 876588 Basic stats: COMPLETE Column stats: COMPLETE
                      value expressions: _col1 (type: int)
                    Reduce Output Operator
                      key expressions: _col0 (type: bigint)
                      null sort order: z
                      sort order: +
                      Map-reduce partition columns: _col0 (type: bigint)
                      Statistics: Num rows: 73049 Data size: 876588 Basic stats: COMPLETE Column stats: COMPLETE
                      value expressions: _col1 (type: int)
                    Reduce Output Operator
                      key expressions: _col0 (type: bigint)
                      null sort order: z
                      sort order: +
                      Map-reduce partition columns: _col0 (type: bigint)
                      Statistics: Num rows: 73049 Data size: 876588 Basic stats: COMPLETE Column stats: COMPLETE
                      value expressions: _col1 (type: int)
                    Reduce Output Operator
                      key expressions: _col0 (type: bigint)
                      null sort order: z
                      sort order: +
                      Map-reduce partition columns: _col0 (type: bigint)
                      Statistics: Num rows: 73049 Data size: 876588 Basic stats: COMPLETE Column stats: COMPLETE
                      value expressions: _col1 (type: int)
                  Filter Operator
                    predicate: (d_year = 2001) (type: boolean)
                    Statistics: Num rows: 367 Data size: 4404 Basic stats: COMPLETE Column stats: COMPLETE
                    Select Operator
                      expressions: d_date_sk (type: bigint)
                      outputColumnNames: _col0
                      Statistics: Num rows: 367 Data size: 2936 Basic stats: COMPLETE Column stats: COMPLETE
                      Reduce Output Operator
                        key expressions: _col0 (type: bigint)
                        null sort order: z
                        sort order: +
                        Map-reduce partition columns: _col0 (type: bigint)
                        Statistics: Num rows: 367 Data size: 2936 Basic stats: COMPLETE Column stats: COMPLETE
                      Select Operator
                        expressions: _col0 (type: bigint)
                        outputColumnNames: _col0
                        Statistics: Num rows: 367 Data size: 2936 Basic stats: COMPLETE Column stats: COMPLETE
                        Group By Operator
                          keys: _col0 (type: bigint)
                          minReductionHashAggr: 0.5013624
                          mode: hash
                          outputColumnNames: _col0
                          Statistics: Num rows: 183 Data size: 1464 Basic stats: COMPLETE Column stats: COMPLETE
                          Dynamic Partitioning Event Operator
                            Target column: ss_sold_date_sk (bigint)
                            Target Input: store_sales
                            Partition key expr: ss_sold_date_sk
                            Statistics: Num rows: 183 Data size: 1464 Basic stats: COMPLETE Column stats: COMPLETE
                            Target Vertex: Map 1
                  Filter Operator
                    predicate: (d_year = 2000) (type: boolean)
                    Statistics: Num rows: 367 Data size: 4404 Basic stats: COMPLETE Column stats: COMPLETE
                    Select Operator
                      expressions: d_date_sk (type: bigint)
                      outputColumnNames: _col0
                      Statistics: Num rows: 367 Data size: 2936 Basic stats: COMPLETE Column stats: COMPLETE
                      Reduce Output Operator
                        key expressions: _col0 (type: bigint)
                        null sort order: z
                        sort order: +
                        Map-reduce partition columns: _col0 (type: bigint)
                        Statistics: Num rows: 367 Data size: 2936 Basic stats: COMPLETE Column stats: COMPLETE
                      Select Operator
                        expressions: _col0 (type: bigint)
                        outputColumnNames: _col0
                        Statistics: Num rows: 367 Data size: 2936 Basic stats: COMPLETE Column stats: COMPLETE
                        Group By Operator
                          keys: _col0 (type: bigint)
                          minReductionHashAggr: 0.5013624
                          mode: hash
                          outputColumnNames: _col0
                          Statistics: Num rows: 183 Data size: 1464 Basic stats: COMPLETE Column stats: COMPLETE
                          Dynamic Partitioning Event Operator
                            Target column: ss_sold_date_sk (bigint)
                            Target Input: store_sales
                            Partition key expr: ss_sold_date_sk
                            Statistics: Num rows: 183 Data size: 1464 Basic stats: COMPLETE Column stats: COMPLETE
                            Target Vertex: Map 28
            Execution mode: vectorized, llap
            LLAP IO: may be used (ACID table)
        Map 24 
            Map Operator Tree:
                TableScan
                  alias: cd1
                  Statistics: Num rows: 1920800 Data size: 178634400 Basic stats: COMPLETE Column stats: COMPLETE
                  Select Operator
                    expressions: cd_demo_sk (type: bigint), cd_marital_status (type: char(1))
                    outputColumnNames: _col0, _col1
                    Statistics: Num rows: 1920800 Data size: 178634400 Basic stats: COMPLETE Column stats: COMPLETE
                    Reduce Output Operator
                      key expressions: _col0 (type: bigint)
                      null sort order: z
                      sort order: +
                      Map-reduce partition columns: _col0 (type: bigint)
                      Statistics: Num rows: 1920800 Data size: 178634400 Basic stats: COMPLETE Column stats: COMPLETE
                      value expressions: _col1 (type: char(1))
                    Reduce Output Operator
                      key expressions: _col0 (type: bigint)
                      null sort order: z
                      sort order: +
                      Map-reduce partition columns: _col0 (type: bigint)
                      Statistics: Num rows: 1920800 Data size: 178634400 Basic stats: COMPLETE Column stats: COMPLETE
                      value expressions: _col1 (type: char(1))
                    Reduce Output Operator
                      key expressions: _col0 (type: bigint)
                      null sort order: z
                      sort order: +
                      Map-reduce partition columns: _col0 (type: bigint)
                      Statistics: Num rows: 1920800 Data size: 178634400 Basic stats: COMPLETE Column stats: COMPLETE
                      value expressions: _col1 (type: char(1))
                    Reduce Output Operator
                      key expressions: _col0 (type: bigint)
                      null sort order: z
                      sort order: +
                      Map-reduce partition columns: _col0 (type: bigint)
                      Statistics: Num rows: 1920800 Data size: 178634400 Basic stats: COMPLETE Column stats: COMPLETE
                      value expressions: _col1 (type: char(1))
            Execution mode: vectorized, llap
            LLAP IO: may be used (ACID table)
        Map 27 
            Map Operator Tree:
                TableScan
                  alias: ad2
                  Statistics: Num rows: 40000000 Data size: 14760000000 Basic stats: COMPLETE Column stats: COMPLETE
                  Select Operator
                    expressions: ca_address_sk (type: bigint), ca_street_number (type: char(10)), ca_street_name (type: varchar(60)), ca_city (type: varchar(60)), ca_zip (type: char(10))
                    outputColumnNames: _col0, _col1, _col2, _col3, _col4
                    Statistics: Num rows: 40000000 Data size: 14760000000 Basic stats: COMPLETE Column stats: COMPLETE
                    Reduce Output Operator
                      key expressions: _col0 (type: bigint)
                      null sort order: z
                      sort order: +
                      Map-reduce partition columns: _col0 (type: bigint)
                      Statistics: Num rows: 40000000 Data size: 14760000000 Basic stats: COMPLETE Column stats: COMPLETE
                      value expressions: _col1 (type: char(10)), _col2 (type: varchar(60)), _col3 (type: varchar(60)), _col4 (type: char(10))
                    Reduce Output Operator
                      key expressions: _col0 (type: bigint)
                      null sort order: z
                      sort order: +
                      Map-reduce partition columns: _col0 (type: bigint)
                      Statistics: Num rows: 40000000 Data size: 14760000000 Basic stats: COMPLETE Column stats: COMPLETE
                      value expressions: _col1 (type: char(10)), _col2 (type: varchar(60)), _col3 (type: varchar(60)), _col4 (type: char(10))
                    Reduce Output Operator
                      key expressions: _col0 (type: bigint)
                      null sort order: z
                      sort order: +
                      Map-reduce partition columns: _col0 (type: bigint)
                      Statistics: Num rows: 40000000 Data size: 14760000000 Basic stats: COMPLETE Column stats: COMPLETE
                      value expressions: _col1 (type: char(10)), _col2 (type: varchar(60)), _col3 (type: varchar(60)), _col4 (type: char(10))
                    Reduce Output Operator
                      key expressions: _col0 (type: bigint)
                      null sort order: z
                      sort order: +
                      Map-reduce partition columns: _col0 (type: bigint)
                      Statistics: Num rows: 40000000 Data size: 14760000000 Basic stats: COMPLETE Column stats: COMPLETE
                      value expressions: _col1 (type: char(10)), _col2 (type: varchar(60)), _col3 (type: varchar(60)), _col4 (type: char(10))
            Execution mode: vectorized, llap
            LLAP IO: may be used (ACID table)
        Map 28 
            Map Operator Tree:
                TableScan
                  alias: store_sales
                  filterExpr: (ss_cdemo_sk is not null and ss_addr_sk is not null and ss_hdemo_sk is not null and ss_customer_sk is not null and ss_store_sk is not null and ss_promo_sk is not null and ss_item_sk BETWEEN DynamicValue(RS_196_item_i_item_sk_min) AND DynamicValue(RS_196_item_i_item_sk_max) and in_bloom_filter(ss_item_sk, DynamicValue(RS_196_item_i_item_sk_bloom_filter))) (type: boolean)
                  probeDecodeDetails: cacheKey:HASH_MAP_MAPJOIN_1008_container, bigKeyColName:ss_item_sk, smallTablePos:1, keyRatio:1.914898982010722E-9
                  Statistics: Num rows: 82510879939 Data size: 32917667058984 Basic stats: COMPLETE Column stats: COMPLETE
                  Filter Operator
                    predicate: (ss_cdemo_sk is not null and ss_addr_sk is not null and ss_hdemo_sk is not null and ss_customer_sk is not null and ss_store_sk is not null and ss_promo_sk is not null and ss_item_sk BETWEEN DynamicValue(RS_196_item_i_item_sk_min) AND DynamicValue(RS_196_item_i_item_sk_max) and in_bloom_filter(ss_item_sk, DynamicValue(RS_196_item_i_item_sk_bloom_filter))) (type: boolean)
                    Statistics: Num rows: 71511093715 Data size: 28529308809584 Basic stats: COMPLETE Column stats: COMPLETE
                    Select Operator
                      expressions: ss_item_sk (type: bigint), ss_customer_sk (type: bigint), ss_cdemo_sk (type: bigint), ss_hdemo_sk (type: bigint), ss_addr_sk (type: bigint), ss_store_sk (type: bigint), ss_ticket_number (type: bigint), ss_wholesale_cost (type: decimal(7,2)), ss_list_price (type: decimal(7,2)), ss_coupon_amt (type: decimal(7,2)), ss_sold_date_sk (type: bigint)
                      outputColumnNames: _col0, _col1, _col2, _col3, _col4, _col5, _col6, _col7, _col8, _col9, _col10
                      Statistics: Num rows: 71511093715 Data size: 27970666706224 Basic stats: COMPLETE Column stats: COMPLETE
                      Map Join Operator
                        condition map:
                             Inner Join 0 to 1
                        keys:
                          0 _col0 (type: bigint)
                          1 _col0 (type: bigint)
                        outputColumnNames: _col0, _col1, _col2, _col3, _col4, _col5, _col6, _col7, _col8, _col9, _col10, _col11, _col12
                        input vertices:
                          1 Map 6
                        Statistics: Num rows: 1321097780 Data size: 183632591796 Basic stats: COMPLETE Column stats: COMPLETE
                        Map Join Operator
                          condition map:
                               Inner Join 0 to 1
                          keys:
                            0 _col10 (type: bigint)
                            1 _col0 (type: bigint)
                          outputColumnNames: _col0, _col1, _col2, _col3, _col4, _col5, _col6, _col7, _col8, _col9, _col11, _col12
                          input vertices:
                            1 Map 21
                          Statistics: Num rows: 265518185 Data size: 34782882611 Basic stats: COMPLETE Column stats: COMPLETE
                          Reduce Output Operator
                            key expressions: _col1 (type: bigint)
                            null sort order: z
                            sort order: +
                            Map-reduce partition columns: _col1 (type: bigint)
                            Statistics: Num rows: 265518185 Data size: 34782882611 Basic stats: COMPLETE Column stats: COMPLETE
                            value expressions: _col0 (type: bigint), _col2 (type: bigint), _col3 (type: bigint), _col4 (type: bigint), _col5 (type: bigint), _col6 (type: bigint), _col7 (type: decimal(7,2)), _col8 (type: decimal(7,2)), _col9 (type: decimal(7,2)), _col11 (type: bigint), _col12 (type: char(50))
            Execution mode: vectorized, llap
            LLAP IO: may be used (ACID table)
        Map 6 
            Map Operator Tree:
                TableScan
                  alias: item
                  filterExpr: (i_current_price BETWEEN 36 AND 45 and (i_color) IN ('maroon              ', 'burnished           ', 'dim                 ', 'steel               ', 'navajo              ', 'chocolate           ')) (type: boolean)
                  Statistics: Num rows: 462000 Data size: 96427408 Basic stats: COMPLETE Column stats: COMPLETE
                  Filter Operator
                    predicate: (i_current_price BETWEEN 36 AND 45 and (i_color) IN ('maroon              ', 'burnished           ', 'dim                 ', 'steel               ', 'navajo              ', 'chocolate           ')) (type: boolean)
                    Statistics: Num rows: 8535 Data size: 1781463 Basic stats: COMPLETE Column stats: COMPLETE
                    Select Operator
                      expressions: i_item_sk (type: bigint)
                      outputColumnNames: _col0
                      Statistics: Num rows: 8535 Data size: 68280 Basic stats: COMPLETE Column stats: COMPLETE
                      Reduce Output Operator
                        key expressions: _col0 (type: bigint)
                        null sort order: z
                        sort order: +
                        Map-reduce partition columns: _col0 (type: bigint)
                        Statistics: Num rows: 8535 Data size: 68280 Basic stats: COMPLETE Column stats: COMPLETE
                      Select Operator
                        expressions: _col0 (type: bigint)
                        outputColumnNames: _col0
                        Statistics: Num rows: 8535 Data size: 68280 Basic stats: COMPLETE Column stats: COMPLETE
                        Group By Operator
                          aggregations: min(_col0), max(_col0), bloom_filter(_col0, expectedEntries=1000000)
                          minReductionHashAggr: 0.99
                          mode: hash
                          outputColumnNames: _col0, _col1, _col2
                          Statistics: Num rows: 1 Data size: 24 Basic stats: COMPLETE Column stats: COMPLETE
                          Reduce Output Operator
                            null sort order: 
                            sort order: 
                            Statistics: Num rows: 1 Data size: 24 Basic stats: COMPLETE Column stats: COMPLETE
                            value expressions: _col0 (type: bigint), _col1 (type: bigint), _col2 (type: binary)
                    Select Operator
                      expressions: i_item_sk (type: bigint), i_product_name (type: char(50))
                      outputColumnNames: _col0, _col1
                      Statistics: Num rows: 8535 Data size: 981525 Basic stats: COMPLETE Column stats: COMPLETE
                      Reduce Output Operator
                        key expressions: _col0 (type: bigint)
                        null sort order: z
                        sort order: +
                        Map-reduce partition columns: _col0 (type: bigint)
                        Statistics: Num rows: 8535 Data size: 981525 Basic stats: COMPLETE Column stats: COMPLETE
                        value expressions: _col1 (type: char(50))
                      Select Operator
                        expressions: _col0 (type: bigint)
                        outputColumnNames: _col0
                        Statistics: Num rows: 8535 Data size: 68280 Basic stats: COMPLETE Column stats: COMPLETE
                        Group By Operator
                          aggregations: min(_col0), max(_col0), bloom_filter(_col0, expectedEntries=1000000)
                          minReductionHashAggr: 0.99
                          mode: hash
                          outputColumnNames: _col0, _col1, _col2
                          Statistics: Num rows: 1 Data size: 24 Basic stats: COMPLETE Column stats: COMPLETE
                          Reduce Output Operator
                            null sort order: 
                            sort order: 
                            Statistics: Num rows: 1 Data size: 24 Basic stats: COMPLETE Column stats: COMPLETE
                            value expressions: _col0 (type: bigint), _col1 (type: bigint), _col2 (type: binary)
            Execution mode: vectorized, llap
            LLAP IO: may be used (ACID table)
        Map 9 
            Map Operator Tree:
                TableScan
                  alias: customer
                  filterExpr: (c_first_shipto_date_sk is not null and c_first_sales_date_sk is not null and c_current_hdemo_sk is not null and c_current_cdemo_sk is not null and c_current_addr_sk is not null) (type: boolean)
                  Statistics: Num rows: 80000000 Data size: 3750417208 Basic stats: COMPLETE Column stats: COMPLETE
                  Filter Operator
                    predicate: (c_first_shipto_date_sk is not null and c_first_sales_date_sk is not null and c_current_hdemo_sk is not null and c_current_cdemo_sk is not null and c_current_addr_sk is not null) (type: boolean)
                    Statistics: Num rows: 69376329 Data size: 3252377232 Basic stats: COMPLETE Column stats: COMPLETE
                    Select Operator
                      expressions: c_customer_sk (type: bigint), c_current_cdemo_sk (type: bigint), c_current_hdemo_sk (type: bigint), c_current_addr_sk (type: bigint), c_first_shipto_date_sk (type: bigint), c_first_sales_date_sk (type: bigint)
                      outputColumnNames: _col0, _col1, _col2, _col3, _col4, _col5
                      Statistics: Num rows: 69376329 Data size: 3252377232 Basic stats: COMPLETE Column stats: COMPLETE
                      Reduce Output Operator
                        key expressions: _col0 (type: bigint)
                        null sort order: z
                        sort order: +
                        Map-reduce partition columns: _col0 (type: bigint)
                        Statistics: Num rows: 69376329 Data size: 3252377232 Basic stats: COMPLETE Column stats: COMPLETE
                        value expressions: _col1 (type: bigint), _col2 (type: bigint), _col3 (type: bigint), _col4 (type: bigint), _col5 (type: bigint)
                      Reduce Output Operator
                        key expressions: _col0 (type: bigint)
                        null sort order: z
                        sort order: +
                        Map-reduce partition columns: _col0 (type: bigint)
                        Statistics: Num rows: 69376329 Data size: 3252377232 Basic stats: COMPLETE Column stats: COMPLETE
                        value expressions: _col1 (type: bigint), _col2 (type: bigint), _col3 (type: bigint), _col4 (type: bigint), _col5 (type: bigint)
            Execution mode: vectorized, llap
            LLAP IO: may be used (ACID table)
        Reducer 11 
            Execution mode: vectorized, llap
            Reduce Operator Tree:
              Map Join Operator
                condition map:
                     Inner Join 0 to 1
                keys:
                  0 KEY.reducesinkkey0 (type: bigint), KEY.reducesinkkey1 (type: bigint)
                  1 KEY.reducesinkkey0 (type: bigint), KEY.reducesinkkey1 (type: bigint)
                outputColumnNames: _col0, _col2, _col5
                input vertices:
                  1 Map 15
                Statistics: Num rows: 41876960211 Data size: 9691486353656 Basic stats: COMPLETE Column stats: COMPLETE
                DynamicPartitionHashJoin: true
                Group By Operator
                  aggregations: sum(_col2), sum(_col5)
                  keys: _col0 (type: bigint)
                  minReductionHashAggr: 0.99
                  mode: hash
                  outputColumnNames: _col0, _col1, _col2
                  Statistics: Num rows: 17049691022 Data size: 3955528317104 Basic stats: COMPLETE Column stats: COMPLETE
                  Reduce Output Operator
                    key expressions: _col0 (type: bigint)
                    null sort order: z
                    sort order: +
                    Map-reduce partition columns: _col0 (type: bigint)
                    Statistics: Num rows: 17049691022 Data size: 3955528317104 Basic stats: COMPLETE Column stats: COMPLETE
                    value expressions: _col1 (type: decimal(17,2)), _col2 (type: decimal(19,2))
        Reducer 12 
            Execution mode: vectorized, llap
            Reduce Operator Tree:
              Group By Operator
                aggregations: sum(VALUE._col0), sum(VALUE._col1)
                keys: KEY._col0 (type: bigint)
                mode: mergepartial
                outputColumnNames: _col0, _col1, _col2
                Statistics: Num rows: 450359 Data size: 104483288 Basic stats: COMPLETE Column stats: COMPLETE
                Filter Operator
                  predicate: (_col1 > (2 * _col2)) (type: boolean)
                  Statistics: Num rows: 150119 Data size: 34827608 Basic stats: COMPLETE Column stats: COMPLETE
                  Select Operator
                    expressions: _col0 (type: bigint)
                    outputColumnNames: _col0
                    Statistics: Num rows: 150119 Data size: 1200952 Basic stats: COMPLETE Column stats: COMPLETE
                    Reduce Output Operator
                      key expressions: _col0 (type: bigint)
                      null sort order: z
                      sort order: +
                      Map-reduce partition columns: _col0 (type: bigint)
                      Statistics: Num rows: 150119 Data size: 1200952 Basic stats: COMPLETE Column stats: COMPLETE
        Reducer 13 
            Execution mode: vectorized, llap
            Reduce Operator Tree:
              Map Join Operator
                condition map:
                     Inner Join 0 to 1
                keys:
                  0 KEY.reducesinkkey0 (type: bigint), KEY.reducesinkkey1 (type: bigint)
                  1 KEY.reducesinkkey0 (type: bigint), KEY.reducesinkkey1 (type: bigint)
                outputColumnNames: _col0, _col2, _col5
                input vertices:
                  1 Map 15
                Statistics: Num rows: 41876960211 Data size: 9691486353656 Basic stats: COMPLETE Column stats: COMPLETE
                DynamicPartitionHashJoin: true
                Group By Operator
                  aggregations: sum(_col2), sum(_col5)
                  keys: _col0 (type: bigint)
                  minReductionHashAggr: 0.99
                  mode: hash
                  outputColumnNames: _col0, _col1, _col2
                  Statistics: Num rows: 17049691022 Data size: 3955528317104 Basic stats: COMPLETE Column stats: COMPLETE
                  Reduce Output Operator
                    key expressions: _col0 (type: bigint)
                    null sort order: z
                    sort order: +
                    Map-reduce partition columns: _col0 (type: bigint)
                    Statistics: Num rows: 17049691022 Data size: 3955528317104 Basic stats: COMPLETE Column stats: COMPLETE
                    value expressions: _col1 (type: decimal(17,2)), _col2 (type: decimal(19,2))
        Reducer 14 
            Execution mode: vectorized, llap
            Reduce Operator Tree:
              Group By Operator
                aggregations: sum(VALUE._col0), sum(VALUE._col1)
                keys: KEY._col0 (type: bigint)
                mode: mergepartial
                outputColumnNames: _col0, _col1, _col2
                Statistics: Num rows: 450359 Data size: 104483288 Basic stats: COMPLETE Column stats: COMPLETE
                Filter Operator
                  predicate: (_col1 > (2 * _col2)) (type: boolean)
                  Statistics: Num rows: 150119 Data size: 34827608 Basic stats: COMPLETE Column stats: COMPLETE
                  Select Operator
                    expressions: _col0 (type: bigint)
                    outputColumnNames: _col0
                    Statistics: Num rows: 150119 Data size: 1200952 Basic stats: COMPLETE Column stats: COMPLETE
                    Reduce Output Operator
                      key expressions: _col0 (type: bigint)
                      null sort order: z
                      sort order: +
                      Map-reduce partition columns: _col0 (type: bigint)
                      Statistics: Num rows: 150119 Data size: 1200952 Basic stats: COMPLETE Column stats: COMPLETE
        Reducer 19 
            Execution mode: vectorized, llap
            Reduce Operator Tree:
              Select Operator
                expressions: KEY.reducesinkkey0 (type: bigint)
                outputColumnNames: _col0
                Reduce Output Operator
                  key expressions: _col0 (type: bigint)
                  null sort order: z
                  sort order: +
                  Map-reduce partition columns: _col0 (type: bigint)
                  Statistics: Num rows: 7200 Data size: 57600 Basic stats: COMPLETE Column stats: COMPLETE
        Reducer 2 
            Execution mode: vectorized, llap
            Reduce Operator Tree:
              Map Join Operator
                condition map:
                     Inner Join 0 to 1
                keys:
                  0 KEY.reducesinkkey0 (type: bigint)
                  1 KEY.reducesinkkey0 (type: bigint)
                outputColumnNames: _col0, _col2, _col3, _col4, _col5, _col6, _col7, _col8, _col9, _col11, _col15, _col16, _col17, _col18, _col19
                input vertices:
                  1 Map 9
                Statistics: Num rows: 230258467 Data size: 14658855696 Basic stats: COMPLETE Column stats: COMPLETE
                DynamicPartitionHashJoin: true
                Map Join Operator
                  condition map:
                       Inner Join 0 to 1
                  keys:
                    0 _col0 (type: bigint)
                    1 _col0 (type: bigint)
                  outputColumnNames: _col0, _col2, _col3, _col4, _col5, _col6, _col7, _col8, _col9, _col11, _col15, _col16, _col17, _col18, _col19
                  input vertices:
                    1 Reducer 12
                  Statistics: Num rows: 230258467 Data size: 14658855696 Basic stats: COMPLETE Column stats: COMPLETE
                  Map Join Operator
                    condition map:
                         Inner Join 0 to 1
                    keys:
                      0 _col4 (type: bigint)
                      1 _col0 (type: bigint)
                    outputColumnNames: _col0, _col2, _col3, _col5, _col6, _col7, _col8, _col9, _col11, _col15, _col16, _col17, _col18, _col19, _col22, _col23, _col24, _col25
                    input vertices:
                      1 Map 27
                    Statistics: Num rows: 230258467 Data size: 97782162275 Basic stats: COMPLETE Column stats: COMPLETE
                    Reduce Output Operator
                      key expressions: _col0 (type: bigint), _col6 (type: bigint)
                      null sort order: zz
                      sort order: ++
                      Map-reduce partition columns: _col0 (type: bigint), _col6 (type: bigint)
                      Statistics: Num rows: 230258467 Data size: 97782162275 Basic stats: COMPLETE Column stats: COMPLETE
                      value expressions: _col2 (type: bigint), _col3 (type: bigint), _col5 (type: bigint), _col7 (type: decimal(7,2)), _col8 (type: decimal(7,2)), _col9 (type: decimal(7,2)), _col11 (type: bigint), _col15 (type: bigint), _col16 (type: bigint), _col17 (type: bigint), _col18 (type: bigint), _col19 (type: bigint), _col22 (type: char(10)), _col23 (type: varchar(60)), _col24 (type: varchar(60)), _col25 (type: char(10))
        Reducer 20 
            Execution mode: vectorized, llap
            Reduce Operator Tree:
              Select Operator
                expressions: KEY.reducesinkkey0 (type: bigint)
                outputColumnNames: _col0
                Reduce Output Operator
                  key expressions: _col0 (type: bigint)
                  null sort order: z
                  sort order: +
                  Map-reduce partition columns: _col0 (type: bigint)
                  Statistics: Num rows: 7200 Data size: 57600 Basic stats: COMPLETE Column stats: COMPLETE
        Reducer 22 
            Execution mode: vectorized, llap
            Reduce Operator Tree:
              Select Operator
                expressions: VALUE._col0 (type: int), KEY.reducesinkkey0 (type: bigint)
                outputColumnNames: _col1, _col0
                Reduce Output Operator
                  key expressions: _col0 (type: bigint)
                  null sort order: z
                  sort order: +
                  Map-reduce partition columns: _col0 (type: bigint)
                  Statistics: Num rows: 73049 Data size: 876588 Basic stats: COMPLETE Column stats: COMPLETE
                  value expressions: _col1 (type: int)
        Reducer 23 
            Execution mode: vectorized, llap
            Reduce Operator Tree:
              Select Operator
                expressions: VALUE._col0 (type: int), KEY.reducesinkkey0 (type: bigint)
                outputColumnNames: _col1, _col0
                Reduce Output Operator
                  key expressions: _col0 (type: bigint)
                  null sort order: z
                  sort order: +
                  Map-reduce partition columns: _col0 (type: bigint)
                  Statistics: Num rows: 73049 Data size: 876588 Basic stats: COMPLETE Column stats: COMPLETE
                  value expressions: _col1 (type: int)
        Reducer 25 
            Execution mode: vectorized, llap
            Reduce Operator Tree:
              Select Operator
                expressions: VALUE._col0 (type: char(1)), KEY.reducesinkkey0 (type: bigint)
                outputColumnNames: _col1, _col0
                Reduce Output Operator
                  key expressions: _col0 (type: bigint)
                  null sort order: z
                  sort order: +
                  Map-reduce partition columns: _col0 (type: bigint)
                  Statistics: Num rows: 1920800 Data size: 178634400 Basic stats: COMPLETE Column stats: COMPLETE
                  value expressions: _col1 (type: char(1))
        Reducer 26 
            Execution mode: vectorized, llap
            Reduce Operator Tree:
              Select Operator
                expressions: VALUE._col0 (type: char(1)), KEY.reducesinkkey0 (type: bigint)
                outputColumnNames: _col1, _col0
                Reduce Output Operator
                  key expressions: _col0 (type: bigint)
                  null sort order: z
                  sort order: +
                  Map-reduce partition columns: _col0 (type: bigint)
                  Statistics: Num rows: 1920800 Data size: 178634400 Basic stats: COMPLETE Column stats: COMPLETE
                  value expressions: _col1 (type: char(1))
        Reducer 29 
            Execution mode: vectorized, llap
            Reduce Operator Tree:
              Map Join Operator
                condition map:
                     Inner Join 0 to 1
                keys:
                  0 KEY.reducesinkkey0 (type: bigint)
                  1 KEY.reducesinkkey0 (type: bigint)
                outputColumnNames: _col0, _col2, _col3, _col4, _col5, _col6, _col7, _col8, _col9, _col11, _col12, _col15, _col16, _col17, _col18, _col19
                input vertices:
                  1 Map 9
                Statistics: Num rows: 230258467 Data size: 39296511665 Basic stats: COMPLETE Column stats: COMPLETE
                DynamicPartitionHashJoin: true
                Map Join Operator
                  condition map:
                       Inner Join 0 to 1
                  keys:
                    0 _col0 (type: bigint)
                    1 _col0 (type: bigint)
                  outputColumnNames: _col0, _col2, _col3, _col4, _col5, _col6, _col7, _col8, _col9, _col11, _col12, _col15, _col16, _col17, _col18, _col19
                  input vertices:
                    1 Reducer 14
                  Statistics: Num rows: 230258467 Data size: 39296511665 Basic stats: COMPLETE Column stats: COMPLETE
                  Map Join Operator
                    condition map:
                         Inner Join 0 to 1
                    keys:
                      0 _col4 (type: bigint)
                      1 _col0 (type: bigint)
                    outputColumnNames: _col0, _col2, _col3, _col5, _col6, _col7, _col8, _col9, _col11, _col12, _col15, _col16, _col17, _col18, _col19, _col22, _col23, _col24, _col25
                    input vertices:
                      1 Map 27
                    Statistics: Num rows: 230258467 Data size: 122419818244 Basic stats: COMPLETE Column stats: COMPLETE
                    Reduce Output Operator
                      key expressions: _col0 (type: bigint), _col6 (type: bigint)
                      null sort order: zz
                      sort order: ++
                      Map-reduce partition columns: _col0 (type: bigint), _col6 (type: bigint)
                      Statistics: Num rows: 230258467 Data size: 122419818244 Basic stats: COMPLETE Column stats: COMPLETE
                      value expressions: _col2 (type: bigint), _col3 (type: bigint), _col5 (type: bigint), _col7 (type: decimal(7,2)), _col8 (type: decimal(7,2)), _col9 (type: decimal(7,2)), _col11 (type: bigint), _col12 (type: char(50)), _col15 (type: bigint), _col16 (type: bigint), _col17 (type: bigint), _col18 (type: bigint), _col19 (type: bigint), _col22 (type: char(10)), _col23 (type: varchar(60)), _col24 (type: varchar(60)), _col25 (type: char(10))
        Reducer 3 
            Execution mode: vectorized, llap
            Reduce Operator Tree:
              Map Join Operator
                condition map:
                     Inner Join 0 to 1
                keys:
                  0 KEY.reducesinkkey0 (type: bigint), KEY.reducesinkkey1 (type: bigint)
                  1 KEY.reducesinkkey0 (type: bigint), KEY.reducesinkkey1 (type: bigint)
                outputColumnNames: _col2, _col3, _col5, _col7, _col8, _col9, _col11, _col15, _col16, _col17, _col18, _col19, _col22, _col23, _col24, _col25
                input vertices:
                  1 Map 16
                Statistics: Num rows: 388710326 Data size: 215947506374 Basic stats: COMPLETE Column stats: COMPLETE
                DynamicPartitionHashJoin: true
                Map Join Operator
                  condition map:
                       Inner Join 0 to 1
                  keys:
                    0 _col5 (type: bigint)
                    1 _col0 (type: bigint)
                  outputColumnNames: _col2, _col3, _col7, _col8, _col9, _col11, _col15, _col16, _col17, _col18, _col19, _col22, _col23, _col24, _col25, _col29, _col30
                  input vertices:
                    1 Map 17
                  Statistics: Num rows: 388710326 Data size: 283481619196 Basic stats: COMPLETE Column stats: COMPLETE
                  Map Join Operator
                    condition map:
                         Inner Join 0 to 1
                    keys:
                      0 _col3 (type: bigint)
                      1 _col0 (type: bigint)
                    outputColumnNames: _col2, _col7, _col8, _col9, _col11, _col15, _col16, _col17, _col18, _col19, _col22, _col23, _col24, _col25, _col29, _col30
                    input vertices:
                      1 Reducer 19
                    Statistics: Num rows: 388710326 Data size: 282214004316 Basic stats: COMPLETE Column stats: COMPLETE
                    Map Join Operator
                      condition map:
                           Inner Join 0 to 1
                      keys:
                        0 _col16 (type: bigint)
                        1 _col0 (type: bigint)
                      outputColumnNames: _col2, _col7, _col8, _col9, _col11, _col15, _col17, _col18, _col19, _col22, _col23, _col24, _col25, _col29, _col30
                      input vertices:
                        1 Map 18
                      Statistics: Num rows: 388710326 Data size: 279123740180 Basic stats: COMPLETE Column stats: COMPLETE
                      Map Join Operator
                        condition map:
                             Inner Join 0 to 1
                        keys:
                          0 _col19 (type: bigint)
                          1 _col0 (type: bigint)
                        outputColumnNames: _col2, _col7, _col8, _col9, _col11, _col15, _col17, _col18, _col22, _col23, _col24, _col25, _col29, _col30, _col34
                        input vertices:
                          1 Reducer 22
                        Statistics: Num rows: 388710326 Data size: 277588320868 Basic stats: COMPLETE Column stats: COMPLETE
                        Map Join Operator
                          condition map:
                               Inner Join 0 to 1
                          keys:
                            0 _col18 (type: bigint)
                            1 _col0 (type: bigint)
                          outputColumnNames: _col2, _col7, _col8, _col9, _col11, _col15, _col17, _col22, _col23, _col24, _col25, _col29, _col30, _col34, _col36
                          input vertices:
                            1 Map 21
                          Statistics: Num rows: 388710326 Data size: 276052909900 Basic stats: COMPLETE Column stats: COMPLETE
                          Map Join Operator
                            condition map:
                                 Inner Join 0 to 1
                            keys:
                              0 _col2 (type: bigint)
                              1 _col0 (type: bigint)
                            outputColumnNames: _col7, _col8, _col9, _col11, _col15, _col17, _col22, _col23, _col24, _col25, _col29, _col30, _col34, _col36, _col38
                            input vertices:
                              1 Reducer 25
                            Statistics: Num rows: 388710326 Data size: 307825672730 Basic stats: COMPLETE Column stats: COMPLETE
                            Map Join Operator
                              condition map:
                                   Inner Join 0 to 1
                              keys:
                                0 _col15 (type: bigint)
                                1 _col0 (type: bigint)
                              outputColumnNames: _col7, _col8, _col9, _col11, _col17, _col22, _col23, _col24, _col25, _col29, _col30, _col34, _col36, _col38, _col40
                              input vertices:
                                1 Map 24
                              Statistics: Num rows: 388710326 Data size: 337775783592 Basic stats: COMPLETE Column stats: COMPLETE
                              Filter Operator
                                predicate: (_col38 <> _col40) (type: boolean)
                                Statistics: Num rows: 388710326 Data size: 337775783592 Basic stats: COMPLETE Column stats: COMPLETE
                                Map Join Operator
                                  condition map:
                                       Inner Join 0 to 1
                                  keys:
                                    0 _col17 (type: bigint)
                                    1 _col0 (type: bigint)
                                  outputColumnNames: _col7, _col8, _col9, _col11, _col22, _col23, _col24, _col25, _col29, _col30, _col34, _col36, _col42, _col43, _col44, _col45
                                  input vertices:
                                    1 Map 27
                                  Statistics: Num rows: 388710326 Data size: 408909773250 Basic stats: COMPLETE Column stats: COMPLETE
                                  Group By Operator
                                    aggregations: count(), sum(_col7), sum(_col8), sum(_col9)
                                    keys: _col29 (type: varchar(50)), _col11 (type: bigint), _col30 (type: char(10)), _col22 (type: char(10)), _col23 (type: varchar(60)), _col24 (type: varchar(60)), _col25 (type: char(10)), _col34 (type: int), _col36 (type: int), _col42 (type: char(10)), _col43 (type: varchar(60)), _col44 (type: varchar(60)), _col45 (type: char(10))
                                    minReductionHashAggr: 0.8285618
                                    mode: hash
                                    outputColumnNames: _col0, _col1, _col2, _col3, _col4, _col5, _col6, _col7, _col8, _col9, _col10, _col11, _col12, _col13, _col14, _col15, _col16
                                    Statistics: Num rows: 388710326 Data size: 489386300434 Basic stats: COMPLETE Column stats: COMPLETE
                                    Reduce Output Operator
                                      key expressions: _col0 (type: varchar(50)), _col1 (type: bigint), _col2 (type: char(10)), _col3 (type: char(10)), _col4 (type: varchar(60)), _col5 (type: varchar(60)), _col6 (type: char(10)), _col7 (type: int), _col8 (type: int), _col9 (type: char(10)), _col10 (type: varchar(60)), _col11 (type: varchar(60)), _col12 (type: char(10))
                                      null sort order: zzzzzzzzzzzzz
                                      sort order: +++++++++++++
                                      Map-reduce partition columns: _col0 (type: varchar(50)), _col1 (type: bigint), _col2 (type: char(10)), _col3 (type: char(10)), _col4 (type: varchar(60)), _col5 (type: varchar(60)), _col6 (type: char(10)), _col7 (type: int), _col8 (type: int), _col9 (type: char(10)), _col10 (type: varchar(60)), _col11 (type: varchar(60)), _col12 (type: char(10))
                                      Statistics: Num rows: 388710326 Data size: 489386300434 Basic stats: COMPLETE Column stats: COMPLETE
                                      value expressions: _col13 (type: bigint), _col14 (type: decimal(17,2)), _col15 (type: decimal(17,2)), _col16 (type: decimal(17,2))
        Reducer 30 
            Execution mode: vectorized, llap
            Reduce Operator Tree:
              Map Join Operator
                condition map:
                     Inner Join 0 to 1
                keys:
                  0 KEY.reducesinkkey0 (type: bigint), KEY.reducesinkkey1 (type: bigint)
                  1 KEY.reducesinkkey0 (type: bigint), KEY.reducesinkkey1 (type: bigint)
                outputColumnNames: _col2, _col3, _col5, _col7, _col8, _col9, _col11, _col12, _col15, _col16, _col17, _col18, _col19, _col22, _col23, _col24, _col25
                input vertices:
                  1 Map 16
                Statistics: Num rows: 388710326 Data size: 257539511256 Basic stats: COMPLETE Column stats: COMPLETE
                DynamicPartitionHashJoin: true
                Map Join Operator
                  condition map:
                       Inner Join 0 to 1
                  keys:
                    0 _col5 (type: bigint)
                    1 _col0 (type: bigint)
                  outputColumnNames: _col2, _col3, _col7, _col8, _col9, _col11, _col12, _col15, _col16, _col17, _col18, _col19, _col22, _col23, _col24, _col25, _col29, _col30
                  input vertices:
                    1 Map 17
                  Statistics: Num rows: 388710326 Data size: 325073624078 Basic stats: COMPLETE Column stats: COMPLETE
                  Map Join Operator
                    condition map:
                         Inner Join 0 to 1
                    keys:
                      0 _col3 (type: bigint)
                      1 _col0 (type: bigint)
                    outputColumnNames: _col2, _col7, _col8, _col9, _col11, _col12, _col15, _col16, _col17, _col18, _col19, _col22, _col23, _col24, _col25, _col29, _col30
                    input vertices:
                      1 Reducer 20
                    Statistics: Num rows: 388710326 Data size: 323806009198 Basic stats: COMPLETE Column stats: COMPLETE
                    Map Join Operator
                      condition map:
                           Inner Join 0 to 1
                      keys:
                        0 _col16 (type: bigint)
                        1 _col0 (type: bigint)
                      outputColumnNames: _col2, _col7, _col8, _col9, _col11, _col12, _col15, _col17, _col18, _col19, _col22, _col23, _col24, _col25, _col29, _col30
                      input vertices:
                        1 Map 18
                      Statistics: Num rows: 388710326 Data size: 320715745062 Basic stats: COMPLETE Column stats: COMPLETE
                      Map Join Operator
                        condition map:
                             Inner Join 0 to 1
                        keys:
                          0 _col19 (type: bigint)
                          1 _col0 (type: bigint)
                        outputColumnNames: _col2, _col7, _col8, _col9, _col11, _col12, _col15, _col17, _col18, _col22, _col23, _col24, _col25, _col29, _col30, _col34
                        input vertices:
                          1 Reducer 23
                        Statistics: Num rows: 388710326 Data size: 319180325750 Basic stats: COMPLETE Column stats: COMPLETE
                        Map Join Operator
                          condition map:
                               Inner Join 0 to 1
                          keys:
                            0 _col18 (type: bigint)
                            1 _col0 (type: bigint)
                          outputColumnNames: _col2, _col7, _col8, _col9, _col11, _col12, _col15, _col17, _col22, _col23, _col24, _col25, _col29, _col30, _col34, _col36
                          input vertices:
                            1 Map 21
                          Statistics: Num rows: 388710326 Data size: 317644914782 Basic stats: COMPLETE Column stats: COMPLETE
                          Map Join Operator
                            condition map:
                                 Inner Join 0 to 1
                            keys:
                              0 _col2 (type: bigint)
                              1 _col0 (type: bigint)
                            outputColumnNames: _col7, _col8, _col9, _col11, _col12, _col15, _col17, _col22, _col23, _col24, _col25, _col29, _col30, _col34, _col36, _col38
                            input vertices:
                              1 Reducer 26
                            Statistics: Num rows: 388710326 Data size: 349417677612 Basic stats: COMPLETE Column stats: COMPLETE
                            Map Join Operator
                              condition map:
                                   Inner Join 0 to 1
                              keys:
                                0 _col15 (type: bigint)
                                1 _col0 (type: bigint)
                              outputColumnNames: _col7, _col8, _col9, _col11, _col12, _col17, _col22, _col23, _col24, _col25, _col29, _col30, _col34, _col36, _col38, _col40
                              input vertices:
                                1 Map 24
                              Statistics: Num rows: 388710326 Data size: 379367788474 Basic stats: COMPLETE Column stats: COMPLETE
                              Filter Operator
                                predicate: (_col38 <> _col40) (type: boolean)
                                Statistics: Num rows: 388710326 Data size: 379367788474 Basic stats: COMPLETE Column stats: COMPLETE
                                Map Join Operator
                                  condition map:
                                       Inner Join 0 to 1
                                  keys:
                                    0 _col17 (type: bigint)
                                    1 _col0 (type: bigint)
                                  outputColumnNames: _col7, _col8, _col9, _col11, _col12, _col22, _col23, _col24, _col25, _col29, _col30, _col34, _col36, _col42, _col43, _col44, _col45
                                  input vertices:
                                    1 Map 27
                                  Statistics: Num rows: 388710326 Data size: 450501778132 Basic stats: COMPLETE Column stats: COMPLETE
                                  Group By Operator
                                    aggregations: count(), sum(_col7), sum(_col8), sum(_col9)
                                    keys: _col29 (type: varchar(50)), _col11 (type: bigint), _col30 (type: char(10)), _col22 (type: char(10)), _col23 (type: varchar(60)), _col24 (type: varchar(60)), _col25 (type: char(10)), _col12 (type: char(50)), _col34 (type: int), _col36 (type: int), _col42 (type: char(10)), _col43 (type: varchar(60)), _col44 (type: varchar(60)), _col45 (type: char(10))
                                    minReductionHashAggr: 0.82600623
                                    mode: hash
                                    outputColumnNames: _col0, _col1, _col2, _col3, _col4, _col5, _col6, _col7, _col8, _col9, _col10, _col11, _col12, _col13, _col14, _col15, _col16, _col17
                                    Statistics: Num rows: 388710326 Data size: 530978305316 Basic stats: COMPLETE Column stats: COMPLETE
                                    Reduce Output Operator
                                      key expressions: _col0 (type: varchar(50)), _col1 (type: bigint), _col2 (type: char(10)), _col3 (type: char(10)), _col4 (type: varchar(60)), _col5 (type: varchar(60)), _col6 (type: char(10)), _col7 (type: char(50)), _col8 (type: int), _col9 (type: int), _col10 (type: char(10)), _col11 (type: varchar(60)), _col12 (type: varchar(60)), _col13 (type: char(10))
                                      null sort order: zzzzzzzzzzzzzz
                                      sort order: ++++++++++++++
                                      Map-reduce partition columns: _col0 (type: varchar(50)), _col1 (type: bigint), _col2 (type: char(10)), _col3 (type: char(10)), _col4 (type: varchar(60)), _col5 (type: varchar(60)), _col6 (type: char(10)), _col7 (type: char(50)), _col8 (type: int), _col9 (type: int), _col10 (type: char(10)), _col11 (type: varchar(60)), _col12 (type: varchar(60)), _col13 (type: char(10))
                                      Statistics: Num rows: 388710326 Data size: 530978305316 Basic stats: COMPLETE Column stats: COMPLETE
                                      value expressions: _col14 (type: bigint), _col15 (type: decimal(17,2)), _col16 (type: decimal(17,2)), _col17 (type: decimal(17,2))
        Reducer 31 
            Execution mode: vectorized, llap
            Reduce Operator Tree:
              Group By Operator
                aggregations: count(VALUE._col0), sum(VALUE._col1), sum(VALUE._col2), sum(VALUE._col3)
                keys: KEY._col0 (type: varchar(50)), KEY._col1 (type: bigint), KEY._col2 (type: char(10)), KEY._col3 (type: char(10)), KEY._col4 (type: varchar(60)), KEY._col5 (type: varchar(60)), KEY._col6 (type: char(10)), KEY._col7 (type: char(50)), KEY._col8 (type: int), KEY._col9 (type: int), KEY._col10 (type: char(10)), KEY._col11 (type: varchar(60)), KEY._col12 (type: varchar(60)), KEY._col13 (type: char(10))
                mode: mergepartial
                outputColumnNames: _col0, _col1, _col2, _col3, _col4, _col5, _col6, _col7, _col8, _col9, _col10, _col11, _col12, _col13, _col14, _col15, _col16, _col17
                Statistics: Num rows: 388710326 Data size: 530978305316 Basic stats: COMPLETE Column stats: COMPLETE
                Select Operator
                  expressions: _col7 (type: char(50)), _col1 (type: bigint), _col0 (type: varchar(50)), _col2 (type: char(10)), _col3 (type: char(10)), _col4 (type: varchar(60)), _col5 (type: varchar(60)), _col6 (type: char(10)), _col10 (type: char(10)), _col11 (type: varchar(60)), _col12 (type: varchar(60)), _col13 (type: char(10)), _col14 (type: bigint), _col15 (type: decimal(17,2)), _col16 (type: decimal(17,2)), _col17 (type: decimal(17,2))
                  outputColumnNames: _col0, _col1, _col2, _col3, _col4, _col5, _col6, _col7, _col8, _col9, _col10, _col11, _col14, _col15, _col16, _col17
                  Statistics: Num rows: 388710326 Data size: 530978305316 Basic stats: COMPLETE Column stats: COMPLETE
                  Filter Operator
                    predicate: _col14 is not null (type: boolean)
                    Statistics: Num rows: 388710326 Data size: 530978305316 Basic stats: COMPLETE Column stats: COMPLETE
                    Select Operator
                      expressions: _col0 (type: char(50)), _col1 (type: bigint), _col2 (type: varchar(50)), _col3 (type: char(10)), _col4 (type: char(10)), _col5 (type: varchar(60)), _col6 (type: varchar(60)), _col7 (type: char(10)), _col8 (type: char(10)), _col9 (type: varchar(60)), _col10 (type: varchar(60)), _col11 (type: char(10)), _col14 (type: bigint), _col15 (type: decimal(17,2)), _col16 (type: decimal(17,2)), _col17 (type: decimal(17,2))
                      outputColumnNames: _col0, _col1, _col2, _col3, _col4, _col5, _col6, _col7, _col8, _col9, _col10, _col11, _col12, _col13, _col14, _col15
                      Statistics: Num rows: 388710326 Data size: 527868622708 Basic stats: COMPLETE Column stats: COMPLETE
                      Reduce Output Operator
                        key expressions: _col2 (type: varchar(50)), _col1 (type: bigint), _col3 (type: char(10))
                        null sort order: zzz
                        sort order: +++
                        Map-reduce partition columns: _col2 (type: varchar(50)), _col1 (type: bigint), _col3 (type: char(10))
                        Statistics: Num rows: 388710326 Data size: 527868622708 Basic stats: COMPLETE Column stats: COMPLETE
                        value expressions: _col0 (type: char(50)), _col4 (type: char(10)), _col5 (type: varchar(60)), _col6 (type: varchar(60)), _col7 (type: char(10)), _col8 (type: char(10)), _col9 (type: varchar(60)), _col10 (type: varchar(60)), _col11 (type: char(10)), _col12 (type: bigint), _col13 (type: decimal(17,2)), _col14 (type: decimal(17,2)), _col15 (type: decimal(17,2))
        Reducer 32 
            Execution mode: vectorized, llap
            Reduce Operator Tree:
              Map Join Operator
                condition map:
                     Inner Join 0 to 1
                keys:
                  0 KEY.reducesinkkey0 (type: varchar(50)), KEY.reducesinkkey1 (type: bigint), KEY.reducesinkkey2 (type: char(10))
                  1 KEY.reducesinkkey0 (type: varchar(50)), KEY.reducesinkkey1 (type: bigint), KEY.reducesinkkey2 (type: char(10))
                outputColumnNames: _col3, _col4, _col5, _col6, _col7, _col9, _col10, _col11, _col12, _col13, _col14, _col15, _col16, _col17, _col18, _col19, _col20, _col21, _col22
                input vertices:
                  0 Reducer 4
                Statistics: Num rows: 101474625613852 Data size: 171898015789865288 Basic stats: COMPLETE Column stats: COMPLETE
                DynamicPartitionHashJoin: true
                Filter Operator
                  predicate: (_col3 <= _col19) (type: boolean)
                  Statistics: Num rows: 33824875204617 Data size: 57299338596621198 Basic stats: COMPLETE Column stats: COMPLETE
                  Select Operator
                    expressions: _col7 (type: char(50)), _col9 (type: varchar(50)), _col10 (type: char(10)), _col11 (type: char(10)), _col12 (type: varchar(60)), _col13 (type: varchar(60)), _col14 (type: char(10)), _col15 (type: char(10)), _col16 (type: varchar(60)), _col17 (type: varchar(60)), _col18 (type: char(10)), _col19 (type: bigint), _col20 (type: decimal(17,2)), _col21 (type: decimal(17,2)), _col22 (type: decimal(17,2)), _col4 (type: decimal(17,2)), _col5 (type: decimal(17,2)), _col6 (type: decimal(17,2)), _col3 (type: bigint)
                    outputColumnNames: _col0, _col1, _col2, _col3, _col4, _col5, _col6, _col7, _col8, _col9, _col10, _col11, _col12, _col13, _col14, _col15, _col16, _col17, _col18
                    Statistics: Num rows: 33824875204617 Data size: 57299338596621198 Basic stats: COMPLETE Column stats: COMPLETE
                    Reduce Output Operator
                      key expressions: _col0 (type: char(50)), _col1 (type: varchar(50)), _col18 (type: bigint)
                      null sort order: zzz
                      sort order: +++
                      Statistics: Num rows: 33824875204617 Data size: 57299338596621198 Basic stats: COMPLETE Column stats: COMPLETE
                      value expressions: _col2 (type: char(10)), _col3 (type: char(10)), _col4 (type: varchar(60)), _col5 (type: varchar(60)), _col6 (type: char(10)), _col7 (type: char(10)), _col8 (type: varchar(60)), _col9 (type: varchar(60)), _col10 (type: char(10)), _col11 (type: bigint), _col12 (type: decimal(17,2)), _col13 (type: decimal(17,2)), _col14 (type: decimal(17,2)), _col15 (type: decimal(17,2)), _col16 (type: decimal(17,2)), _col17 (type: decimal(17,2))
        Reducer 33 
            Execution mode: vectorized, llap
            Reduce Operator Tree:
              Select Operator
                expressions: KEY.reducesinkkey0 (type: char(50)), KEY.reducesinkkey1 (type: varchar(50)), VALUE._col0 (type: char(10)), VALUE._col1 (type: char(10)), VALUE._col2 (type: varchar(60)), VALUE._col3 (type: varchar(60)), VALUE._col4 (type: char(10)), VALUE._col5 (type: char(10)), VALUE._col6 (type: varchar(60)), VALUE._col7 (type: varchar(60)), VALUE._col8 (type: char(10)), 2000 (type: int), VALUE._col9 (type: bigint), VALUE._col10 (type: decimal(17,2)), VALUE._col11 (type: decimal(17,2)), VALUE._col12 (type: decimal(17,2)), VALUE._col13 (type: decimal(17,2)), VALUE._col14 (type: decimal(17,2)), VALUE._col15 (type: decimal(17,2)), 2001 (type: int), KEY.reducesinkkey2 (type: bigint)
                outputColumnNames: _col0, _col1, _col2, _col3, _col4, _col5, _col6, _col7, _col8, _col9, _col10, _col11, _col12, _col13, _col14, _col15, _col16, _col17, _col18, _col19, _col20
                Statistics: Num rows: 33824875204617 Data size: 57569937598258134 Basic stats: COMPLETE Column stats: COMPLETE
                File Output Operator
                  compressed: false
                  Statistics: Num rows: 33824875204617 Data size: 57569937598258134 Basic stats: COMPLETE Column stats: COMPLETE
                  table:
                      input format: org.apache.hadoop.mapred.SequenceFileInputFormat
                      output format: org.apache.hadoop.hive.ql.io.HiveSequenceFileOutputFormat
                      serde: org.apache.hadoop.hive.serde2.lazy.LazySimpleSerDe
        Reducer 4 
            Execution mode: vectorized, llap
            Reduce Operator Tree:
              Group By Operator
                aggregations: count(VALUE._col0), sum(VALUE._col1), sum(VALUE._col2), sum(VALUE._col3)
                keys: KEY._col0 (type: varchar(50)), KEY._col1 (type: bigint), KEY._col2 (type: char(10)), KEY._col3 (type: char(10)), KEY._col4 (type: varchar(60)), KEY._col5 (type: varchar(60)), KEY._col6 (type: char(10)), KEY._col7 (type: int), KEY._col8 (type: int), KEY._col9 (type: char(10)), KEY._col10 (type: varchar(60)), KEY._col11 (type: varchar(60)), KEY._col12 (type: char(10))
                mode: mergepartial
                outputColumnNames: _col0, _col1, _col2, _col3, _col4, _col5, _col6, _col7, _col8, _col9, _col10, _col11, _col12, _col13, _col14, _col15, _col16
                Statistics: Num rows: 388710326 Data size: 489386300434 Basic stats: COMPLETE Column stats: COMPLETE
                Select Operator
                  expressions: _col1 (type: bigint), _col0 (type: varchar(50)), _col2 (type: char(10)), _col13 (type: bigint), _col14 (type: decimal(17,2)), _col15 (type: decimal(17,2)), _col16 (type: decimal(17,2))
                  outputColumnNames: _col0, _col1, _col2, _col13, _col14, _col15, _col16
                  Statistics: Num rows: 388710326 Data size: 489386300434 Basic stats: COMPLETE Column stats: COMPLETE
                  Filter Operator
                    predicate: _col13 is not null (type: boolean)
                    Statistics: Num rows: 388710326 Data size: 489386300434 Basic stats: COMPLETE Column stats: COMPLETE
                    Select Operator
                      expressions: _col0 (type: bigint), _col1 (type: varchar(50)), _col2 (type: char(10)), _col13 (type: bigint), _col14 (type: decimal(17,2)), _col15 (type: decimal(17,2)), _col16 (type: decimal(17,2))
                      outputColumnNames: _col0, _col1, _col2, _col3, _col4, _col5, _col6
                      Statistics: Num rows: 388710326 Data size: 205627762454 Basic stats: COMPLETE Column stats: COMPLETE
                      Reduce Output Operator
                        key expressions: _col1 (type: varchar(50)), _col0 (type: bigint), _col2 (type: char(10))
                        null sort order: zzz
                        sort order: +++
                        Map-reduce partition columns: _col1 (type: varchar(50)), _col0 (type: bigint), _col2 (type: char(10))
                        Statistics: Num rows: 388710326 Data size: 205627762454 Basic stats: COMPLETE Column stats: COMPLETE
                        value expressions: _col3 (type: bigint), _col4 (type: decimal(17,2)), _col5 (type: decimal(17,2)), _col6 (type: decimal(17,2))
                      Select Operator
                        expressions: _col0 (type: bigint)
                        outputColumnNames: _col0
                        Statistics: Num rows: 388710326 Data size: 3109682608 Basic stats: COMPLETE Column stats: COMPLETE
                        Group By Operator
                          aggregations: min(_col0), max(_col0), bloom_filter(_col0, expectedEntries=1000000)
                          minReductionHashAggr: 0.99
                          mode: hash
                          outputColumnNames: _col0, _col1, _col2
                          Statistics: Num rows: 1 Data size: 24 Basic stats: COMPLETE Column stats: COMPLETE
                          Reduce Output Operator
                            null sort order: 
                            sort order: 
                            Statistics: Num rows: 1 Data size: 24 Basic stats: COMPLETE Column stats: COMPLETE
                            value expressions: _col0 (type: bigint), _col1 (type: bigint), _col2 (type: binary)
        Reducer 5 
            Execution mode: vectorized, llap
            Reduce Operator Tree:
              Group By Operator
                aggregations: min(VALUE._col0), max(VALUE._col1), bloom_filter(VALUE._col2, expectedEntries=1000000)
                mode: final
                outputColumnNames: _col0, _col1, _col2
                Statistics: Num rows: 1 Data size: 24 Basic stats: COMPLETE Column stats: COMPLETE
                Reduce Output Operator
                  null sort order: 
                  sort order: 
                  Statistics: Num rows: 1 Data size: 24 Basic stats: COMPLETE Column stats: COMPLETE
                  value expressions: _col0 (type: bigint), _col1 (type: bigint), _col2 (type: binary)
        Reducer 7 
            Execution mode: vectorized, llap
            Reduce Operator Tree:
              Group By Operator
                aggregations: min(VALUE._col0), max(VALUE._col1), bloom_filter(VALUE._col2, expectedEntries=1000000)
                mode: final
                outputColumnNames: _col0, _col1, _col2
                Statistics: Num rows: 1 Data size: 24 Basic stats: COMPLETE Column stats: COMPLETE
                Reduce Output Operator
                  null sort order: 
                  sort order: 
                  Statistics: Num rows: 1 Data size: 24 Basic stats: COMPLETE Column stats: COMPLETE
                  value expressions: _col0 (type: bigint), _col1 (type: bigint), _col2 (type: binary)
                Reduce Output Operator
                  null sort order: 
                  sort order: 
                  Statistics: Num rows: 1 Data size: 24 Basic stats: COMPLETE Column stats: COMPLETE
                  value expressions: _col0 (type: bigint), _col1 (type: bigint), _col2 (type: binary)
                Reduce Output Operator
                  null sort order: 
                  sort order: 
                  Statistics: Num rows: 1 Data size: 24 Basic stats: COMPLETE Column stats: COMPLETE
                  value expressions: _col0 (type: bigint), _col1 (type: bigint), _col2 (type: binary)
        Reducer 8 
            Execution mode: vectorized, llap
            Reduce Operator Tree:
              Group By Operator
                aggregations: min(VALUE._col0), max(VALUE._col1), bloom_filter(VALUE._col2, expectedEntries=1000000)
                mode: final
                outputColumnNames: _col0, _col1, _col2
                Statistics: Num rows: 1 Data size: 24 Basic stats: COMPLETE Column stats: COMPLETE
                Reduce Output Operator
                  null sort order: 
                  sort order: 
                  Statistics: Num rows: 1 Data size: 24 Basic stats: COMPLETE Column stats: COMPLETE
                  value expressions: _col0 (type: bigint), _col1 (type: bigint), _col2 (type: binary)
                Reduce Output Operator
                  null sort order: 
                  sort order: 
                  Statistics: Num rows: 1 Data size: 24 Basic stats: COMPLETE Column stats: COMPLETE
                  value expressions: _col0 (type: bigint), _col1 (type: bigint), _col2 (type: binary)
                Reduce Output Operator
                  null sort order: 
                  sort order: 
                  Statistics: Num rows: 1 Data size: 24 Basic stats: COMPLETE Column stats: COMPLETE
                  value expressions: _col0 (type: bigint), _col1 (type: bigint), _col2 (type: binary)

  Stage: Stage-0
    Fetch Operator
      limit: -1
      Processor Tree:
        ListSink

