STAGE DEPENDENCIES:
  Stage-1 is a root stage
  Stage-0 depends on stages: Stage-1

STAGE PLANS:
  Stage: Stage-1
    Tez
#### A masked pattern was here ####
      Edges:
        Map 1 <- Map 4 (BROADCAST_EDGE), Map 5 (BROADCAST_EDGE)
        Reducer 2 <- Map 1 (SIMPLE_EDGE)
        Reducer 3 <- Reducer 2 (SIMPLE_EDGE)
#### A masked pattern was here ####
      Vertices:
        Map 1 
            Map Operator Tree:
                TableScan
                  alias: inventory
                  probeDecodeDetails: cacheKey:HASH_MAP_MAPJOIN_51_container, bigKeyColName:inv_date_sk, smallTablePos:1, keyRatio:0.1972500588196629
                  Statistics: Num rows: 1627857000 Data size: 32231551088 Basic stats: COMPLETE Column stats: COMPLETE
                  Select Operator
                    expressions: inv_date_sk (type: bigint), inv_item_sk (type: bigint), inv_quantity_on_hand (type: int)
                    outputColumnNames: _col0, _col1, _col2
                    Statistics: Num rows: 1627857000 Data size: 32231551088 Basic stats: COMPLETE Column stats: COMPLETE
                    Map Join Operator
                      condition map:
                           Inner Join 0 to 1
                      keys:
                        0 _col0 (type: bigint)
                        1 _col0 (type: bigint)
                      outputColumnNames: _col1, _col2
                      input vertices:
                        1 Map 4
                      Statistics: Num rows: 321094889 Data size: 3527549756 Basic stats: COMPLETE Column stats: COMPLETE
                      Map Join Operator
                        condition map:
                             Inner Join 0 to 1
                        keys:
                          0 _col1 (type: bigint)
                          1 _col0 (type: bigint)
                        outputColumnNames: _col2, _col5, _col6, _col7, _col8
                        input vertices:
                          1 Map 5
                        Statistics: Num rows: 321094889 Data size: 125864702465 Basic stats: COMPLETE Column stats: COMPLETE
                        Group By Operator
                          aggregations: sum(_col2), count(_col2)
                          keys: _col5 (type: char(50)), _col6 (type: char(50)), _col7 (type: char(50)), _col8 (type: char(50)), 0L (type: bigint)
                          grouping sets: 0, 2, 6, 14, 15
                          minReductionHashAggr: 0.83334786
                          mode: hash
                          outputColumnNames: _col0, _col1, _col2, _col3, _col4, _col5, _col6
                          Statistics: Num rows: 1605474445 Data size: 663060945785 Basic stats: COMPLETE Column stats: COMPLETE
                          Reduce Output Operator
                            key expressions: _col0 (type: char(50)), _col1 (type: char(50)), _col2 (type: char(50)), _col3 (type: char(50)), _col4 (type: bigint)
                            null sort order: zzzzz
                            sort order: +++++
                            Map-reduce partition columns: _col0 (type: char(50)), _col1 (type: char(50)), _col2 (type: char(50)), _col3 (type: char(50)), _col4 (type: bigint)
                            Statistics: Num rows: 1605474445 Data size: 663060945785 Basic stats: COMPLETE Column stats: COMPLETE
                            value expressions: _col5 (type: bigint), _col6 (type: bigint)
            Execution mode: vectorized, llap
            LLAP IO: may be used (ACID table)
        Map 4 
            Map Operator Tree:
                TableScan
                  alias: date_dim
                  filterExpr: d_month_seq BETWEEN 1212 AND 1223 (type: boolean)
                  Statistics: Num rows: 73049 Data size: 876588 Basic stats: COMPLETE Column stats: COMPLETE
                  Filter Operator
                    predicate: d_month_seq BETWEEN 1212 AND 1223 (type: boolean)
                    Statistics: Num rows: 359 Data size: 4308 Basic stats: COMPLETE Column stats: COMPLETE
                    Select Operator
                      expressions: d_date_sk (type: bigint)
                      outputColumnNames: _col0
                      Statistics: Num rows: 359 Data size: 2872 Basic stats: COMPLETE Column stats: COMPLETE
                      Reduce Output Operator
                        key expressions: _col0 (type: bigint)
                        null sort order: z
                        sort order: +
                        Map-reduce partition columns: _col0 (type: bigint)
                        Statistics: Num rows: 359 Data size: 2872 Basic stats: COMPLETE Column stats: COMPLETE
            Execution mode: vectorized, llap
            LLAP IO: may be used (ACID table)
        Map 5 
            Map Operator Tree:
                TableScan
                  alias: item
                  Statistics: Num rows: 462000 Data size: 183414000 Basic stats: COMPLETE Column stats: COMPLETE
                  Select Operator
                    expressions: i_item_sk (type: bigint), i_brand (type: char(50)), i_class (type: char(50)), i_category (type: char(50)), i_product_name (type: char(50))
                    outputColumnNames: _col0, _col1, _col2, _col3, _col4
                    Statistics: Num rows: 462000 Data size: 183414000 Basic stats: COMPLETE Column stats: COMPLETE
                    Reduce Output Operator
                      key expressions: _col0 (type: bigint)
                      null sort order: z
                      sort order: +
                      Map-reduce partition columns: _col0 (type: bigint)
                      Statistics: Num rows: 462000 Data size: 183414000 Basic stats: COMPLETE Column stats: COMPLETE
                      value expressions: _col1 (type: char(50)), _col2 (type: char(50)), _col3 (type: char(50)), _col4 (type: char(50))
            Execution mode: vectorized, llap
            LLAP IO: may be used (ACID table)
        Reducer 2 
            Execution mode: vectorized, llap
            Reduce Operator Tree:
              Group By Operator
                aggregations: sum(VALUE._col0), count(VALUE._col1)
                keys: KEY._col0 (type: char(50)), KEY._col1 (type: char(50)), KEY._col2 (type: char(50)), KEY._col3 (type: char(50)), KEY._col4 (type: bigint)
                mode: mergepartial
                outputColumnNames: _col0, _col1, _col2, _col3, _col5, _col6
                Statistics: Num rows: 1605474445 Data size: 663060945785 Basic stats: COMPLETE Column stats: COMPLETE
                pruneGroupingSetId: true
                Top N Key Operator
                  sort order: +++++
                  keys: (UDFToDouble(_col5) / _col6) (type: double), _col3 (type: char(50)), _col0 (type: char(50)), _col1 (type: char(50)), _col2 (type: char(50))
                  null sort order: zzzzz
                  Statistics: Num rows: 1605474445 Data size: 663060945785 Basic stats: COMPLETE Column stats: COMPLETE
                  top n: 100
                  Select Operator
                    expressions: _col3 (type: char(50)), _col0 (type: char(50)), _col1 (type: char(50)), _col2 (type: char(50)), (UDFToDouble(_col5) / _col6) (type: double)
                    outputColumnNames: _col0, _col1, _col2, _col3, _col4
                    Statistics: Num rows: 1605474445 Data size: 637373354665 Basic stats: COMPLETE Column stats: COMPLETE
                    Reduce Output Operator
                      key expressions: _col4 (type: double), _col0 (type: char(50)), _col1 (type: char(50)), _col2 (type: char(50)), _col3 (type: char(50))
                      null sort order: zzzzz
                      sort order: +++++
                      Statistics: Num rows: 1605474445 Data size: 637373354665 Basic stats: COMPLETE Column stats: COMPLETE
        Reducer 3 
            Execution mode: vectorized, llap
            Reduce Operator Tree:
              Select Operator
                expressions: KEY.reducesinkkey1 (type: char(50)), KEY.reducesinkkey2 (type: char(50)), KEY.reducesinkkey3 (type: char(50)), KEY.reducesinkkey4 (type: char(50)), KEY.reducesinkkey0 (type: double)
                outputColumnNames: _col0, _col1, _col2, _col3, _col4
                Statistics: Num rows: 1605474445 Data size: 637373354665 Basic stats: COMPLETE Column stats: COMPLETE
                Limit
                  Number of rows: 100
                  Statistics: Num rows: 100 Data size: 39700 Basic stats: COMPLETE Column stats: COMPLETE
                  File Output Operator
                    compressed: false
                    Statistics: Num rows: 100 Data size: 39700 Basic stats: COMPLETE Column stats: COMPLETE
                    table:
                        input format: org.apache.hadoop.mapred.SequenceFileInputFormat
                        output format: org.apache.hadoop.hive.ql.io.HiveSequenceFileOutputFormat
                        serde: org.apache.hadoop.hive.serde2.lazy.LazySimpleSerDe

  Stage: Stage-0
    Fetch Operator
      limit: 100
      Processor Tree:
        ListSink

