STAGE DEPENDENCIES:
  Stage-1 is a root stage
  Stage-0 depends on stages: Stage-1

STAGE PLANS:
  Stage: Stage-1
    Tez
#### A masked pattern was here ####
      Edges:
        Map 1 <- Map 7 (BROADCAST_EDGE), Map 8 (BROADCAST_EDGE), Map 9 (BROADCAST_EDGE)
        Map 15 <- Reducer 6 (BROADCAST_EDGE)
        Map 9 <- Map 10 (BROADCAST_EDGE), Reducer 11 (BROADCAST_EDGE), Reducer 13 (BROADCAST_EDGE)
        Reducer 11 <- Map 10 (CUSTOM_SIMPLE_EDGE)
        Reducer 13 <- Map 12 (CUSTOM_SIMPLE_EDGE)
        Reducer 2 <- Map 1 (CUSTOM_SIMPLE_EDGE), Map 10 (BROADCAST_EDGE), Map 12 (CUSTOM_SIMPLE_EDGE), Map 14 (BROADCAST_EDGE)
        Reducer 3 <- Map 15 (CUSTOM_SIMPLE_EDGE), Map 16 (BROADCAST_EDGE), Map 17 (BROADCAST_EDGE), Reducer 2 (CUSTOM_SIMPLE_EDGE)
        Reducer 4 <- Reducer 3 (SIMPLE_EDGE)
        Reducer 5 <- Reducer 4 (SIMPLE_EDGE)
        Reducer 6 <- Map 1 (CUSTOM_SIMPLE_EDGE)
#### A masked pattern was here ####
      Vertices:
        Map 1 
            Map Operator Tree:
                TableScan
                  alias: catalog_sales
                  filterExpr: (cs_quantity is not null and cs_bill_hdemo_sk is not null and cs_bill_cdemo_sk is not null and cs_ship_date_sk is not null) (type: boolean)
                  probeDecodeDetails: cacheKey:HASH_MAP_MAPJOIN_255_container, bigKeyColName:cs_bill_cdemo_sk, smallTablePos:1, keyRatio:1.4649422226409529E-9
                  Statistics: Num rows: 43005109025 Data size: 2576434485612 Basic stats: COMPLETE Column stats: COMPLETE
                  Filter Operator
                    predicate: (cs_quantity is not null and cs_bill_hdemo_sk is not null and cs_bill_cdemo_sk is not null and cs_ship_date_sk is not null) (type: boolean)
                    Statistics: Num rows: 42576611738 Data size: 2550763229048 Basic stats: COMPLETE Column stats: COMPLETE
                    Select Operator
                      expressions: cs_ship_date_sk (type: bigint), cs_bill_cdemo_sk (type: bigint), cs_bill_hdemo_sk (type: bigint), cs_item_sk (type: bigint), cs_promo_sk (type: bigint), cs_order_number (type: bigint), cs_quantity (type: int), cs_sold_date_sk (type: bigint)
                      outputColumnNames: _col0, _col1, _col2, _col3, _col4, _col5, _col6, _col7
                      Statistics: Num rows: 42576611738 Data size: 2550763229048 Basic stats: COMPLETE Column stats: COMPLETE
                      Map Join Operator
                        condition map:
                             Inner Join 0 to 1
                        keys:
                          0 _col2 (type: bigint)
                          1 _col0 (type: bigint)
                        outputColumnNames: _col0, _col1, _col3, _col4, _col5, _col6, _col7
                        input vertices:
                          1 Map 7
                        Statistics: Num rows: 7096102168 Data size: 366017247672 Basic stats: COMPLETE Column stats: COMPLETE
                        Map Join Operator
                          condition map:
                               Inner Join 0 to 1
                          keys:
                            0 _col1 (type: bigint)
                            1 _col0 (type: bigint)
                          outputColumnNames: _col0, _col3, _col4, _col5, _col6, _col7
                          input vertices:
                            1 Map 8
                          Statistics: Num rows: 1419220455 Data size: 60315479356 Basic stats: COMPLETE Column stats: COMPLETE
                          Map Join Operator
                            condition map:
                                 Inner Join 0 to 1
                            keys:
                              0 _col7 (type: bigint)
                              1 _col2 (type: bigint)
                            outputColumnNames: _col0, _col3, _col4, _col5, _col6, _col10, _col13, _col14
                            input vertices:
                              1 Map 9
                            Statistics: Num rows: 283222816 Data size: 27324952200 Basic stats: COMPLETE Column stats: COMPLETE
                            Reduce Output Operator
                              key expressions: _col10 (type: bigint), _col3 (type: bigint)
                              null sort order: zz
                              sort order: ++
                              Map-reduce partition columns: _col10 (type: bigint), _col3 (type: bigint)
                              Statistics: Num rows: 283222816 Data size: 27324952200 Basic stats: COMPLETE Column stats: COMPLETE
                              value expressions: _col0 (type: bigint), _col4 (type: bigint), _col5 (type: bigint), _col6 (type: int), _col13 (type: int), _col14 (type: date)
                            Select Operator
                              expressions: _col3 (type: bigint)
                              outputColumnNames: _col3
                              Statistics: Num rows: 283222816 Data size: 2265782528 Basic stats: COMPLETE Column stats: COMPLETE
                              Group By Operator
                                aggregations: min(_col3), max(_col3), bloom_filter(_col3, expectedEntries=1000000)
                                minReductionHashAggr: 0.99
                                mode: hash
                                outputColumnNames: _col0, _col1, _col2
                                Statistics: Num rows: 1 Data size: 24 Basic stats: COMPLETE Column stats: COMPLETE
                                Reduce Output Operator
                                  null sort order: 
                                  sort order: 
                                  Statistics: Num rows: 1 Data size: 24 Basic stats: COMPLETE Column stats: COMPLETE
                                  value expressions: _col0 (type: bigint), _col1 (type: bigint), _col2 (type: binary)
            Execution mode: vectorized, llap
            LLAP IO: may be used (ACID table)
        Map 10 
            Map Operator Tree:
                TableScan
                  alias: d1
                  filterExpr: (((d_year = 2001) and d_week_seq is not null and d_date is not null) or d_date is not null) (type: boolean)
                  Statistics: Num rows: 73049 Data size: 5259528 Basic stats: COMPLETE Column stats: COMPLETE
                  Filter Operator
                    predicate: ((d_year = 2001) and d_week_seq is not null and d_date is not null) (type: boolean)
                    Statistics: Num rows: 367 Data size: 26424 Basic stats: COMPLETE Column stats: COMPLETE
                    Select Operator
                      expressions: d_date_sk (type: bigint), d_week_seq (type: int), (d_date + 5) (type: date)
                      outputColumnNames: _col0, _col1, _col2
                      Statistics: Num rows: 367 Data size: 24956 Basic stats: COMPLETE Column stats: COMPLETE
                      Reduce Output Operator
                        key expressions: _col1 (type: int)
                        null sort order: z
                        sort order: +
                        Map-reduce partition columns: _col1 (type: int)
                        Statistics: Num rows: 367 Data size: 24956 Basic stats: COMPLETE Column stats: COMPLETE
                        value expressions: _col0 (type: bigint), _col2 (type: date)
                      Select Operator
                        expressions: _col1 (type: int)
                        outputColumnNames: _col1
                        Statistics: Num rows: 367 Data size: 1468 Basic stats: COMPLETE Column stats: COMPLETE
                        Group By Operator
                          aggregations: min(_col1), max(_col1), bloom_filter(_col1, expectedEntries=1000000)
                          minReductionHashAggr: 0.99
                          mode: hash
                          outputColumnNames: _col0, _col1, _col2
                          Statistics: Num rows: 1 Data size: 12 Basic stats: COMPLETE Column stats: COMPLETE
                          Reduce Output Operator
                            null sort order: 
                            sort order: 
                            Statistics: Num rows: 1 Data size: 12 Basic stats: COMPLETE Column stats: COMPLETE
                            value expressions: _col0 (type: int), _col1 (type: int), _col2 (type: binary)
                  Filter Operator
                    predicate: d_date is not null (type: boolean)
                    Statistics: Num rows: 73049 Data size: 4675136 Basic stats: COMPLETE Column stats: COMPLETE
                    Select Operator
                      expressions: d_date_sk (type: bigint), d_date (type: date)
                      outputColumnNames: _col0, _col1
                      Statistics: Num rows: 73049 Data size: 4675136 Basic stats: COMPLETE Column stats: COMPLETE
                      Reduce Output Operator
                        key expressions: _col0 (type: bigint)
                        null sort order: z
                        sort order: +
                        Map-reduce partition columns: _col0 (type: bigint)
                        Statistics: Num rows: 73049 Data size: 4675136 Basic stats: COMPLETE Column stats: COMPLETE
                        value expressions: _col1 (type: date)
            Execution mode: vectorized, llap
            LLAP IO: may be used (ACID table)
        Map 12 
            Map Operator Tree:
                TableScan
                  alias: inventory
                  filterExpr: inv_quantity_on_hand is not null (type: boolean)
                  Statistics: Num rows: 1627857000 Data size: 45254407088 Basic stats: COMPLETE Column stats: COMPLETE
                  Filter Operator
                    predicate: inv_quantity_on_hand is not null (type: boolean)
                    Statistics: Num rows: 1546459771 Data size: 42991564996 Basic stats: COMPLETE Column stats: COMPLETE
                    Select Operator
                      expressions: inv_date_sk (type: bigint), inv_item_sk (type: bigint), inv_warehouse_sk (type: bigint), inv_quantity_on_hand (type: int)
                      outputColumnNames: _col0, _col1, _col2, _col3
                      Statistics: Num rows: 1546459771 Data size: 42991564996 Basic stats: COMPLETE Column stats: COMPLETE
                      Reduce Output Operator
                        key expressions: _col0 (type: bigint), _col1 (type: bigint)
                        null sort order: zz
                        sort order: ++
                        Map-reduce partition columns: _col0 (type: bigint), _col1 (type: bigint)
                        Statistics: Num rows: 1546459771 Data size: 42991564996 Basic stats: COMPLETE Column stats: COMPLETE
                        value expressions: _col2 (type: bigint), _col3 (type: int)
                      Select Operator
                        expressions: _col0 (type: bigint)
                        outputColumnNames: _col0
                        Statistics: Num rows: 1546459771 Data size: 12371678168 Basic stats: COMPLETE Column stats: COMPLETE
                        Group By Operator
                          aggregations: min(_col0), max(_col0), bloom_filter(_col0, expectedEntries=1000000)
                          minReductionHashAggr: 0.99
                          mode: hash
                          outputColumnNames: _col0, _col1, _col2
                          Statistics: Num rows: 1 Data size: 24 Basic stats: COMPLETE Column stats: COMPLETE
                          Reduce Output Operator
                            null sort order: 
                            sort order: 
                            Statistics: Num rows: 1 Data size: 24 Basic stats: COMPLETE Column stats: COMPLETE
                            value expressions: _col0 (type: bigint), _col1 (type: bigint), _col2 (type: binary)
            Execution mode: vectorized, llap
            LLAP IO: may be used (ACID table)
        Map 14 
            Map Operator Tree:
                TableScan
                  alias: promotion
                  Statistics: Num rows: 2300 Data size: 18400 Basic stats: COMPLETE Column stats: COMPLETE
                  Select Operator
                    expressions: p_promo_sk (type: bigint)
                    outputColumnNames: _col0
                    Statistics: Num rows: 2300 Data size: 18400 Basic stats: COMPLETE Column stats: COMPLETE
                    Reduce Output Operator
                      key expressions: _col0 (type: bigint)
                      null sort order: z
                      sort order: +
                      Map-reduce partition columns: _col0 (type: bigint)
                      Statistics: Num rows: 2300 Data size: 18400 Basic stats: COMPLETE Column stats: COMPLETE
            Execution mode: vectorized, llap
            LLAP IO: may be used (ACID table)
        Map 15 
            Map Operator Tree:
                TableScan
                  alias: catalog_returns
                  filterExpr: (cr_item_sk BETWEEN DynamicValue(RS_36_catalog_sales_cs_item_sk_min) AND DynamicValue(RS_36_catalog_sales_cs_item_sk_max) and in_bloom_filter(cr_item_sk, DynamicValue(RS_36_catalog_sales_cs_item_sk_bloom_filter))) (type: boolean)
                  Statistics: Num rows: 4320980099 Data size: 69135681584 Basic stats: COMPLETE Column stats: COMPLETE
                  Filter Operator
                    predicate: (cr_item_sk BETWEEN DynamicValue(RS_36_catalog_sales_cs_item_sk_min) AND DynamicValue(RS_36_catalog_sales_cs_item_sk_max) and in_bloom_filter(cr_item_sk, DynamicValue(RS_36_catalog_sales_cs_item_sk_bloom_filter))) (type: boolean)
                    Statistics: Num rows: 4320980099 Data size: 69135681584 Basic stats: COMPLETE Column stats: COMPLETE
                    Select Operator
                      expressions: cr_item_sk (type: bigint), cr_order_number (type: bigint)
                      outputColumnNames: _col0, _col1
                      Statistics: Num rows: 4320980099 Data size: 69135681584 Basic stats: COMPLETE Column stats: COMPLETE
                      Reduce Output Operator
                        key expressions: _col0 (type: bigint), _col1 (type: bigint)
                        null sort order: zz
                        sort order: ++
                        Map-reduce partition columns: _col0 (type: bigint), _col1 (type: bigint)
                        Statistics: Num rows: 4320980099 Data size: 69135681584 Basic stats: COMPLETE Column stats: COMPLETE
            Execution mode: vectorized, llap
            LLAP IO: may be used (ACID table)
        Map 16 
            Map Operator Tree:
                TableScan
                  alias: warehouse
                  Statistics: Num rows: 27 Data size: 2916 Basic stats: COMPLETE Column stats: COMPLETE
                  Select Operator
                    expressions: w_warehouse_sk (type: bigint), w_warehouse_name (type: varchar(20))
                    outputColumnNames: _col0, _col1
                    Statistics: Num rows: 27 Data size: 2916 Basic stats: COMPLETE Column stats: COMPLETE
                    Reduce Output Operator
                      key expressions: _col0 (type: bigint)
                      null sort order: z
                      sort order: +
                      Map-reduce partition columns: _col0 (type: bigint)
                      Statistics: Num rows: 27 Data size: 2916 Basic stats: COMPLETE Column stats: COMPLETE
                      value expressions: _col1 (type: varchar(20))
            Execution mode: vectorized, llap
            LLAP IO: may be used (ACID table)
        Map 17 
            Map Operator Tree:
                TableScan
                  alias: item
                  Statistics: Num rows: 462000 Data size: 88704000 Basic stats: COMPLETE Column stats: COMPLETE
                  Select Operator
                    expressions: i_item_sk (type: bigint), i_item_desc (type: varchar(200))
                    outputColumnNames: _col0, _col1
                    Statistics: Num rows: 462000 Data size: 88704000 Basic stats: COMPLETE Column stats: COMPLETE
                    Reduce Output Operator
                      key expressions: _col0 (type: bigint)
                      null sort order: z
                      sort order: +
                      Map-reduce partition columns: _col0 (type: bigint)
                      Statistics: Num rows: 462000 Data size: 88704000 Basic stats: COMPLETE Column stats: COMPLETE
                      value expressions: _col1 (type: varchar(200))
            Execution mode: vectorized, llap
            LLAP IO: may be used (ACID table)
        Map 7 
            Map Operator Tree:
                TableScan
                  alias: household_demographics
                  filterExpr: (hd_buy_potential = '1001-5000      ') (type: boolean)
                  Statistics: Num rows: 7200 Data size: 720000 Basic stats: COMPLETE Column stats: COMPLETE
                  Filter Operator
                    predicate: (hd_buy_potential = '1001-5000      ') (type: boolean)
                    Statistics: Num rows: 1200 Data size: 120000 Basic stats: COMPLETE Column stats: COMPLETE
                    Select Operator
                      expressions: hd_demo_sk (type: bigint)
                      outputColumnNames: _col0
                      Statistics: Num rows: 1200 Data size: 9600 Basic stats: COMPLETE Column stats: COMPLETE
                      Reduce Output Operator
                        key expressions: _col0 (type: bigint)
                        null sort order: z
                        sort order: +
                        Map-reduce partition columns: _col0 (type: bigint)
                        Statistics: Num rows: 1200 Data size: 9600 Basic stats: COMPLETE Column stats: COMPLETE
            Execution mode: vectorized, llap
            LLAP IO: may be used (ACID table)
        Map 8 
            Map Operator Tree:
                TableScan
                  alias: customer_demographics
                  filterExpr: (cd_marital_status = 'M') (type: boolean)
                  Statistics: Num rows: 1920800 Data size: 178634400 Basic stats: COMPLETE Column stats: COMPLETE
                  Filter Operator
                    predicate: (cd_marital_status = 'M') (type: boolean)
                    Statistics: Num rows: 384160 Data size: 35726880 Basic stats: COMPLETE Column stats: COMPLETE
                    Select Operator
                      expressions: cd_demo_sk (type: bigint)
                      outputColumnNames: _col0
                      Statistics: Num rows: 384160 Data size: 3073280 Basic stats: COMPLETE Column stats: COMPLETE
                      Reduce Output Operator
                        key expressions: _col0 (type: bigint)
                        null sort order: z
                        sort order: +
                        Map-reduce partition columns: _col0 (type: bigint)
                        Statistics: Num rows: 384160 Data size: 3073280 Basic stats: COMPLETE Column stats: COMPLETE
            Execution mode: vectorized, llap
            LLAP IO: may be used (ACID table)
        Map 9 
            Map Operator Tree:
                TableScan
                  alias: d2
                  filterExpr: (d_week_seq is not null and d_week_seq BETWEEN DynamicValue(RS_16_d1_d_week_seq_min) AND DynamicValue(RS_16_d1_d_week_seq_max) and d_date_sk BETWEEN DynamicValue(RS_37_inventory_inv_date_sk_min) AND DynamicValue(RS_37_inventory_inv_date_sk_max) and in_bloom_filter(d_week_seq, DynamicValue(RS_16_d1_d_week_seq_bloom_filter)) and in_bloom_filter(d_date_sk, DynamicValue(RS_37_inventory_inv_date_sk_bloom_filter))) (type: boolean)
                  probeDecodeDetails: cacheKey:HASH_MAP_MAPJOIN_256_container, bigKeyColName:d_week_seq, smallTablePos:1, keyRatio:0.03248504428534271
                  Statistics: Num rows: 73049 Data size: 876588 Basic stats: COMPLETE Column stats: COMPLETE
                  Filter Operator
                    predicate: (d_week_seq is not null and d_week_seq BETWEEN DynamicValue(RS_16_d1_d_week_seq_min) AND DynamicValue(RS_16_d1_d_week_seq_max) and d_date_sk BETWEEN DynamicValue(RS_37_inventory_inv_date_sk_min) AND DynamicValue(RS_37_inventory_inv_date_sk_max) and in_bloom_filter(d_week_seq, DynamicValue(RS_16_d1_d_week_seq_bloom_filter)) and in_bloom_filter(d_date_sk, DynamicValue(RS_37_inventory_inv_date_sk_bloom_filter))) (type: boolean)
                    Statistics: Num rows: 73049 Data size: 876588 Basic stats: COMPLETE Column stats: COMPLETE
                    Select Operator
                      expressions: d_date_sk (type: bigint), d_week_seq (type: int)
                      outputColumnNames: _col0, _col1
                      Statistics: Num rows: 73049 Data size: 876588 Basic stats: COMPLETE Column stats: COMPLETE
                      Map Join Operator
                        condition map:
                             Inner Join 0 to 1
                        keys:
                          0 _col1 (type: int)
                          1 _col1 (type: int)
                        outputColumnNames: _col0, _col2, _col3, _col4
                        input vertices:
                          1 Map 10
                        Statistics: Num rows: 2373 Data size: 180348 Basic stats: COMPLETE Column stats: COMPLETE
                        Reduce Output Operator
                          key expressions: _col2 (type: bigint)
                          null sort order: z
                          sort order: +
                          Map-reduce partition columns: _col2 (type: bigint)
                          Statistics: Num rows: 2373 Data size: 180348 Basic stats: COMPLETE Column stats: COMPLETE
                          value expressions: _col0 (type: bigint), _col3 (type: int), _col4 (type: date)
                        Select Operator
                          expressions: _col2 (type: bigint)
                          outputColumnNames: _col0
                          Statistics: Num rows: 2373 Data size: 18984 Basic stats: COMPLETE Column stats: COMPLETE
                          Group By Operator
                            keys: _col0 (type: bigint)
                            minReductionHashAggr: 0.8453435
                            mode: hash
                            outputColumnNames: _col0
                            Statistics: Num rows: 367 Data size: 2936 Basic stats: COMPLETE Column stats: COMPLETE
                            Dynamic Partitioning Event Operator
                              Target column: cs_sold_date_sk (bigint)
                              Target Input: catalog_sales
                              Partition key expr: cs_sold_date_sk
                              Statistics: Num rows: 367 Data size: 2936 Basic stats: COMPLETE Column stats: COMPLETE
                              Target Vertex: Map 1
            Execution mode: vectorized, llap
            LLAP IO: may be used (ACID table)
        Reducer 11 
            Execution mode: vectorized, llap
            Reduce Operator Tree:
              Group By Operator
                aggregations: min(VALUE._col0), max(VALUE._col1), bloom_filter(VALUE._col2, expectedEntries=1000000)
                mode: final
                outputColumnNames: _col0, _col1, _col2
                Statistics: Num rows: 1 Data size: 12 Basic stats: COMPLETE Column stats: COMPLETE
                Reduce Output Operator
                  null sort order: 
                  sort order: 
                  Statistics: Num rows: 1 Data size: 12 Basic stats: COMPLETE Column stats: COMPLETE
                  value expressions: _col0 (type: int), _col1 (type: int), _col2 (type: binary)
        Reducer 13 
            Execution mode: vectorized, llap
            Reduce Operator Tree:
              Group By Operator
                aggregations: min(VALUE._col0), max(VALUE._col1), bloom_filter(VALUE._col2, expectedEntries=1000000)
                mode: final
                outputColumnNames: _col0, _col1, _col2
                Statistics: Num rows: 1 Data size: 24 Basic stats: COMPLETE Column stats: COMPLETE
                Reduce Output Operator
                  null sort order: 
                  sort order: 
                  Statistics: Num rows: 1 Data size: 24 Basic stats: COMPLETE Column stats: COMPLETE
                  value expressions: _col0 (type: bigint), _col1 (type: bigint), _col2 (type: binary)
        Reducer 2 
            Execution mode: vectorized, llap
            Reduce Operator Tree:
              Map Join Operator
                condition map:
                     Inner Join 0 to 1
                keys:
                  0 KEY.reducesinkkey0 (type: bigint), KEY.reducesinkkey1 (type: bigint)
                  1 KEY.reducesinkkey0 (type: bigint), KEY.reducesinkkey1 (type: bigint)
                outputColumnNames: _col0, _col3, _col4, _col5, _col6, _col13, _col14, _col17, _col18
                input vertices:
                  1 Map 12
                Statistics: Num rows: 942302766443 Data size: 101766259246588 Basic stats: COMPLETE Column stats: COMPLETE
                DynamicPartitionHashJoin: true
                Filter Operator
                  predicate: (_col18 < _col6) (type: boolean)
                  Statistics: Num rows: 314100922147 Data size: 33922086415476 Basic stats: COMPLETE Column stats: COMPLETE
                  Map Join Operator
                    condition map:
                         Left Outer Join 0 to 1
                    keys:
                      0 _col4 (type: bigint)
                      1 _col0 (type: bigint)
                    outputColumnNames: _col0, _col3, _col5, _col13, _col14, _col17, _col19
                    input vertices:
                      1 Map 14
                    Statistics: Num rows: 314100922147 Data size: 31409808967876 Basic stats: COMPLETE Column stats: COMPLETE
                    Map Join Operator
                      condition map:
                           Inner Join 0 to 1
                      keys:
                        0 _col0 (type: bigint)
                        1 _col0 (type: bigint)
                      outputColumnNames: _col3, _col5, _col13, _col14, _col17, _col19, _col21
                      input vertices:
                        1 Map 10
                      Statistics: Num rows: 314100922147 Data size: 46486936477756 Basic stats: COMPLETE Column stats: COMPLETE
                      Filter Operator
                        predicate: (_col21 > _col14) (type: boolean)
                        Statistics: Num rows: 104700307382 Data size: 15495645492536 Basic stats: COMPLETE Column stats: COMPLETE
                        Select Operator
                          expressions: _col3 (type: bigint), _col5 (type: bigint), _col17 (type: bigint), _col13 (type: int), _col19 (type: bigint)
                          outputColumnNames: _col3, _col5, _col10, _col15, _col21
                          Statistics: Num rows: 104700307382 Data size: 3769211065752 Basic stats: COMPLETE Column stats: COMPLETE
                          Reduce Output Operator
                            key expressions: _col3 (type: bigint), _col5 (type: bigint)
                            null sort order: zz
                            sort order: ++
                            Map-reduce partition columns: _col3 (type: bigint), _col5 (type: bigint)
                            Statistics: Num rows: 104700307382 Data size: 3769211065752 Basic stats: COMPLETE Column stats: COMPLETE
                            value expressions: _col10 (type: bigint), _col15 (type: int), _col21 (type: bigint)
        Reducer 3 
            Execution mode: vectorized, llap
            Reduce Operator Tree:
              Map Join Operator
                condition map:
                     Left Outer Join 0 to 1
                keys:
                  0 KEY.reducesinkkey0 (type: bigint), KEY.reducesinkkey1 (type: bigint)
                  1 KEY.reducesinkkey0 (type: bigint), KEY.reducesinkkey1 (type: bigint)
                outputColumnNames: _col3, _col10, _col15, _col21
                input vertices:
                  1 Map 15
                Statistics: Num rows: 273405096989 Data size: 7655342715692 Basic stats: COMPLETE Column stats: COMPLETE
                DynamicPartitionHashJoin: true
                Map Join Operator
                  condition map:
                       Inner Join 0 to 1
                  keys:
                    0 _col10 (type: bigint)
                    1 _col0 (type: bigint)
                  outputColumnNames: _col3, _col15, _col21, _col25
                  input vertices:
                    1 Map 16
                  Statistics: Num rows: 273405096989 Data size: 32808611638680 Basic stats: COMPLETE Column stats: COMPLETE
                  Map Join Operator
                    condition map:
                         Inner Join 0 to 1
                    keys:
                      0 _col3 (type: bigint)
                      1 _col0 (type: bigint)
                    outputColumnNames: _col15, _col21, _col25, _col27
                    input vertices:
                      1 Map 17
                    Statistics: Num rows: 273405096989 Data size: 80927908708744 Basic stats: COMPLETE Column stats: COMPLETE
                    Select Operator
                      expressions: _col27 (type: varchar(200)), _col25 (type: varchar(20)), _col15 (type: int), CASE WHEN (_col21 is null) THEN (1) ELSE (0) END (type: int), CASE WHEN (_col21 is not null) THEN (1) ELSE (0) END (type: int)
                      outputColumnNames: _col0, _col1, _col2, _col3, _col4
                      Statistics: Num rows: 273405096989 Data size: 80927908708744 Basic stats: COMPLETE Column stats: COMPLETE
                      Group By Operator
                        aggregations: count(_col3), count(_col4), count()
                        keys: _col0 (type: varchar(200)), _col1 (type: varchar(20)), _col2 (type: int)
                        minReductionHashAggr: 0.99
                        mode: hash
                        outputColumnNames: _col0, _col1, _col2, _col3, _col4, _col5
                        Statistics: Num rows: 273405096989 Data size: 85302390260568 Basic stats: COMPLETE Column stats: COMPLETE
                        Reduce Output Operator
                          key expressions: _col0 (type: varchar(200)), _col1 (type: varchar(20)), _col2 (type: int)
                          null sort order: zzz
                          sort order: +++
                          Map-reduce partition columns: _col0 (type: varchar(200)), _col1 (type: varchar(20)), _col2 (type: int)
                          Statistics: Num rows: 273405096989 Data size: 85302390260568 Basic stats: COMPLETE Column stats: COMPLETE
                          value expressions: _col3 (type: bigint), _col4 (type: bigint), _col5 (type: bigint)
        Reducer 4 
            Execution mode: vectorized, llap
            Reduce Operator Tree:
              Group By Operator
                aggregations: count(VALUE._col0), count(VALUE._col1), count(VALUE._col2)
                keys: KEY._col0 (type: varchar(200)), KEY._col1 (type: varchar(20)), KEY._col2 (type: int)
                mode: mergepartial
                outputColumnNames: _col0, _col1, _col2, _col3, _col4, _col5
                Statistics: Num rows: 3387352014 Data size: 1056853828368 Basic stats: COMPLETE Column stats: COMPLETE
                Top N Key Operator
                  sort order: -+++
                  keys: _col5 (type: bigint), _col0 (type: varchar(200)), _col1 (type: varchar(20)), _col2 (type: int)
                  null sort order: azzz
                  Statistics: Num rows: 3387352014 Data size: 1056853828368 Basic stats: COMPLETE Column stats: COMPLETE
                  top n: 100
                  Reduce Output Operator
                    key expressions: _col5 (type: bigint), _col0 (type: varchar(200)), _col1 (type: varchar(20)), _col2 (type: int)
                    null sort order: azzz
                    sort order: -+++
                    Statistics: Num rows: 3387352014 Data size: 1056853828368 Basic stats: COMPLETE Column stats: COMPLETE
                    value expressions: _col3 (type: bigint), _col4 (type: bigint)
        Reducer 5 
            Execution mode: vectorized, llap
            Reduce Operator Tree:
              Select Operator
                expressions: KEY.reducesinkkey1 (type: varchar(200)), KEY.reducesinkkey2 (type: varchar(20)), KEY.reducesinkkey3 (type: int), VALUE._col0 (type: bigint), VALUE._col1 (type: bigint), KEY.reducesinkkey0 (type: bigint)
                outputColumnNames: _col0, _col1, _col2, _col3, _col4, _col5
                Statistics: Num rows: 3387352014 Data size: 1056853828368 Basic stats: COMPLETE Column stats: COMPLETE
                Limit
                  Number of rows: 100
                  Statistics: Num rows: 100 Data size: 31200 Basic stats: COMPLETE Column stats: COMPLETE
                  File Output Operator
                    compressed: false
                    Statistics: Num rows: 100 Data size: 31200 Basic stats: COMPLETE Column stats: COMPLETE
                    table:
                        input format: org.apache.hadoop.mapred.SequenceFileInputFormat
                        output format: org.apache.hadoop.hive.ql.io.HiveSequenceFileOutputFormat
                        serde: org.apache.hadoop.hive.serde2.lazy.LazySimpleSerDe
        Reducer 6 
            Execution mode: vectorized, llap
            Reduce Operator Tree:
              Group By Operator
                aggregations: min(VALUE._col0), max(VALUE._col1), bloom_filter(VALUE._col2, expectedEntries=1000000)
                mode: final
                outputColumnNames: _col0, _col1, _col2
                Statistics: Num rows: 1 Data size: 24 Basic stats: COMPLETE Column stats: COMPLETE
                Reduce Output Operator
                  null sort order: 
                  sort order: 
                  Statistics: Num rows: 1 Data size: 24 Basic stats: COMPLETE Column stats: COMPLETE
                  value expressions: _col0 (type: bigint), _col1 (type: bigint), _col2 (type: binary)

  Stage: Stage-0
    Fetch Operator
      limit: 100
      Processor Tree:
        ListSink

