Warning: Map Join MAPJOIN[294][bigTable=?] in task 'Map 21' is a cross product
Warning: Map Join MAPJOIN[291][bigTable=?] in task 'Map 21' is a cross product
Warning: Map Join MAPJOIN[292][bigTable=?] in task 'Map 1' is a cross product
Warning: Map Join MAPJOIN[286][bigTable=?] in task 'Map 1' is a cross product
STAGE DEPENDENCIES:
  Stage-1 is a root stage
  Stage-0 depends on stages: Stage-1

STAGE PLANS:
  Stage: Stage-1
    Tez
#### A masked pattern was here ####
      Edges:
        Map 1 <- Map 21 (BROADCAST_EDGE), Reducer 15 (BROADCAST_EDGE), Reducer 7 (BROADCAST_EDGE), Reducer 9 (BROADCAST_EDGE)
        Map 12 <- Map 13 (BROADCAST_EDGE)
        Map 14 <- Union 17 (BROADCAST_EDGE)
        Map 16 <- Map 19 (BROADCAST_EDGE), Map 5 (BROADCAST_EDGE), Union 17 (CONTAINS)
        Map 18 <- Map 19 (BROADCAST_EDGE), Map 5 (BROADCAST_EDGE), Reducer 20 (BROADCAST_EDGE), Union 17 (CONTAINS)
        Map 21 <- Reducer 10 (BROADCAST_EDGE), Reducer 11 (BROADCAST_EDGE)
        Reducer 10 <- Map 5 (SIMPLE_EDGE)
        Reducer 11 <- Map 5 (SIMPLE_EDGE)
        Reducer 15 <- Map 12 (CUSTOM_SIMPLE_EDGE), Map 14 (CUSTOM_SIMPLE_EDGE)
        Reducer 2 <- Map 1 (SIMPLE_EDGE)
        Reducer 20 <- Map 19 (CUSTOM_SIMPLE_EDGE)
        Reducer 3 <- Reducer 2 (SIMPLE_EDGE)
        Reducer 4 <- Reducer 3 (SIMPLE_EDGE)
        Reducer 6 <- Map 5 (SIMPLE_EDGE)
        Reducer 7 <- Reducer 6 (CUSTOM_SIMPLE_EDGE)
        Reducer 8 <- Map 5 (SIMPLE_EDGE)
        Reducer 9 <- Reducer 8 (CUSTOM_SIMPLE_EDGE)
#### A masked pattern was here ####
      Vertices:
        Map 1 
            Map Operator Tree:
                TableScan
                  alias: store_sales
                  filterExpr: ss_customer_sk is not null (type: boolean)
                  Statistics: Num rows: 82510879939 Data size: 10327837854160 Basic stats: COMPLETE Column stats: COMPLETE
                  Filter Operator
                    predicate: ss_customer_sk is not null (type: boolean)
                    Statistics: Num rows: 80566020964 Data size: 10084401010960 Basic stats: COMPLETE Column stats: COMPLETE
                    Select Operator
                      expressions: ss_customer_sk (type: bigint), ss_ext_sales_price (type: decimal(7,2)), ss_sold_date_sk (type: bigint)
                      outputColumnNames: _col0, _col1, _col2
                      Statistics: Num rows: 80566020964 Data size: 10084401010960 Basic stats: COMPLETE Column stats: COMPLETE
                      Map Join Operator
                        condition map:
                             Inner Join 0 to 1
                        keys:
                          0 
                          1 
                        outputColumnNames: _col0, _col1, _col2
                        input vertices:
                          1 Reducer 9
                        Statistics: Num rows: 80566020964 Data size: 10084401010960 Basic stats: COMPLETE Column stats: COMPLETE
                        Map Join Operator
                          condition map:
                               Inner Join 0 to 1
                          keys:
                            0 
                            1 
                          outputColumnNames: _col0, _col1, _col2
                          input vertices:
                            1 Reducer 7
                          Statistics: Num rows: 80566020964 Data size: 10084401010960 Basic stats: COMPLETE Column stats: COMPLETE
                          Map Join Operator
                            condition map:
                                 Inner Join 0 to 1
                            keys:
                              0 _col0 (type: bigint)
                              1 _col5 (type: bigint)
                            outputColumnNames: _col1, _col2, _col10
                            input vertices:
                              1 Reducer 15
                            Statistics: Num rows: 80566020964 Data size: 10099593145520 Basic stats: COMPLETE Column stats: COMPLETE
                            Map Join Operator
                              condition map:
                                   Inner Join 0 to 1
                              keys:
                                0 _col2 (type: bigint)
                                1 _col0 (type: bigint)
                              outputColumnNames: _col1, _col10
                              input vertices:
                                1 Map 21
                              Statistics: Num rows: 80566020964 Data size: 9455064977808 Basic stats: COMPLETE Column stats: COMPLETE
                              Group By Operator
                                aggregations: sum(_col1)
                                keys: _col10 (type: bigint)
                                minReductionHashAggr: 0.99
                                mode: hash
                                outputColumnNames: _col0, _col1
                                Statistics: Num rows: 36934 Data size: 4432080 Basic stats: COMPLETE Column stats: COMPLETE
                                Reduce Output Operator
                                  key expressions: _col0 (type: bigint)
                                  null sort order: z
                                  sort order: +
                                  Map-reduce partition columns: _col0 (type: bigint)
                                  Statistics: Num rows: 36934 Data size: 4432080 Basic stats: COMPLETE Column stats: COMPLETE
                                  value expressions: _col1 (type: decimal(17,2))
            Execution mode: vectorized, llap
            LLAP IO: may be used (ACID table)
        Map 12 
            Map Operator Tree:
                TableScan
                  alias: customer_address
                  filterExpr: (ca_county is not null and ca_state is not null) (type: boolean)
                  Statistics: Num rows: 40000000 Data size: 7680000000 Basic stats: COMPLETE Column stats: COMPLETE
                  Filter Operator
                    predicate: (ca_county is not null and ca_state is not null) (type: boolean)
                    Statistics: Num rows: 40000000 Data size: 7680000000 Basic stats: COMPLETE Column stats: COMPLETE
                    Select Operator
                      expressions: ca_address_sk (type: bigint), ca_county (type: varchar(30)), ca_state (type: char(2))
                      outputColumnNames: _col0, _col1, _col2
                      Statistics: Num rows: 40000000 Data size: 7680000000 Basic stats: COMPLETE Column stats: COMPLETE
                      Map Join Operator
                        condition map:
                             Inner Join 0 to 1
                        keys:
                          0 _col1 (type: varchar(30)), _col2 (type: char(2))
                          1 _col0 (type: varchar(30)), _col1 (type: char(2))
                        outputColumnNames: _col0
                        input vertices:
                          1 Map 13
                        Statistics: Num rows: 35316062 Data size: 282528496 Basic stats: COMPLETE Column stats: COMPLETE
                        Reduce Output Operator
                          key expressions: _col0 (type: bigint)
                          null sort order: z
                          sort order: +
                          Map-reduce partition columns: _col0 (type: bigint)
                          Statistics: Num rows: 35316062 Data size: 282528496 Basic stats: COMPLETE Column stats: COMPLETE
            Execution mode: vectorized, llap
            LLAP IO: may be used (ACID table)
        Map 13 
            Map Operator Tree:
                TableScan
                  alias: store
                  filterExpr: (s_county is not null and s_state is not null) (type: boolean)
                  Statistics: Num rows: 1704 Data size: 313536 Basic stats: COMPLETE Column stats: COMPLETE
                  Filter Operator
                    predicate: (s_county is not null and s_state is not null) (type: boolean)
                    Statistics: Num rows: 1704 Data size: 313536 Basic stats: COMPLETE Column stats: COMPLETE
                    Select Operator
                      expressions: s_county (type: varchar(30)), s_state (type: char(2))
                      outputColumnNames: _col0, _col1
                      Statistics: Num rows: 1704 Data size: 313536 Basic stats: COMPLETE Column stats: COMPLETE
                      Reduce Output Operator
                        key expressions: _col0 (type: varchar(30)), _col1 (type: char(2))
                        null sort order: zz
                        sort order: ++
                        Map-reduce partition columns: _col0 (type: varchar(30)), _col1 (type: char(2))
                        Statistics: Num rows: 1704 Data size: 313536 Basic stats: COMPLETE Column stats: COMPLETE
            Execution mode: vectorized, llap
            LLAP IO: may be used (ACID table)
        Map 14 
            Map Operator Tree:
                TableScan
                  alias: customer
                  filterExpr: c_current_addr_sk is not null (type: boolean)
                  Statistics: Num rows: 80000000 Data size: 1280000000 Basic stats: COMPLETE Column stats: COMPLETE
                  Filter Operator
                    predicate: c_current_addr_sk is not null (type: boolean)
                    Statistics: Num rows: 80000000 Data size: 1280000000 Basic stats: COMPLETE Column stats: COMPLETE
                    Select Operator
                      expressions: c_customer_sk (type: bigint), c_current_addr_sk (type: bigint)
                      outputColumnNames: _col0, _col1
                      Statistics: Num rows: 80000000 Data size: 1280000000 Basic stats: COMPLETE Column stats: COMPLETE
                      Map Join Operator
                        condition map:
                             Left Semi Join 0 to 1
                        keys:
                          0 _col0 (type: bigint)
                          1 _col0 (type: bigint)
                        outputColumnNames: _col0, _col1
                        input vertices:
                          1 Union 17
                        Statistics: Num rows: 1216 Data size: 19456 Basic stats: COMPLETE Column stats: COMPLETE
                        Reduce Output Operator
                          key expressions: _col1 (type: bigint)
                          null sort order: z
                          sort order: +
                          Map-reduce partition columns: _col1 (type: bigint)
                          Statistics: Num rows: 1216 Data size: 19456 Basic stats: COMPLETE Column stats: COMPLETE
                          value expressions: _col0 (type: bigint)
            Execution mode: vectorized, llap
            LLAP IO: may be used (ACID table)
        Map 16 
            Map Operator Tree:
                TableScan
                  alias: catalog_sales
                  filterExpr: cs_bill_customer_sk is not null (type: boolean)
                  probeDecodeDetails: cacheKey:HASH_MAP_MAPJOIN_289_container, bigKeyColName:item_sk, smallTablePos:1, keyRatio:2.3199545882327872E-5
                  Statistics: Num rows: 43005109025 Data size: 1031276889552 Basic stats: COMPLETE Column stats: COMPLETE
                  Filter Operator
                    predicate: cs_bill_customer_sk is not null (type: boolean)
                    Statistics: Num rows: 42899393143 Data size: 1028741787368 Basic stats: COMPLETE Column stats: COMPLETE
                    Select Operator
                      expressions: cs_sold_date_sk (type: bigint), cs_bill_customer_sk (type: bigint), cs_item_sk (type: bigint)
                      outputColumnNames: _col0, _col1, _col2
                      Statistics: Num rows: 42899393143 Data size: 1028741787368 Basic stats: COMPLETE Column stats: COMPLETE
                      Map Join Operator
                        condition map:
                             Inner Join 0 to 1
                        keys:
                          0 _col0 (type: bigint)
                          1 _col0 (type: bigint)
                        outputColumnNames: _col1, _col2
                        input vertices:
                          1 Map 5
                        Statistics: Num rows: 1087114782 Data size: 15684993992 Basic stats: COMPLETE Column stats: COMPLETE
                        Map Join Operator
                          condition map:
                               Inner Join 0 to 1
                          keys:
                            0 _col2 (type: bigint)
                            1 _col0 (type: bigint)
                          outputColumnNames: _col1
                          input vertices:
                            1 Map 19
                          Statistics: Num rows: 997699 Data size: 8 Basic stats: COMPLETE Column stats: COMPLETE
                          Select Operator
                            expressions: _col1 (type: bigint)
                            outputColumnNames: _col0
                            Statistics: Num rows: 997699 Data size: 8 Basic stats: COMPLETE Column stats: COMPLETE
                            Group By Operator
                              keys: _col0 (type: bigint)
                              minReductionHashAggr: 0.99
                              mode: hash
                              outputColumnNames: _col0
                              Statistics: Num rows: 1216 Data size: 8 Basic stats: COMPLETE Column stats: COMPLETE
                              Reduce Output Operator
                                key expressions: _col0 (type: bigint)
                                null sort order: z
                                sort order: +
                                Map-reduce partition columns: _col0 (type: bigint)
                                Statistics: Num rows: 1216 Data size: 8 Basic stats: COMPLETE Column stats: COMPLETE
            Execution mode: vectorized, llap
            LLAP IO: may be used (ACID table)
        Map 18 
            Map Operator Tree:
                TableScan
                  alias: web_sales
                  filterExpr: (ws_bill_customer_sk is not null and ws_item_sk BETWEEN DynamicValue(RS_60_item_i_item_sk_min) AND DynamicValue(RS_60_item_i_item_sk_max) and in_bloom_filter(ws_item_sk, DynamicValue(RS_60_item_i_item_sk_bloom_filter))) (type: boolean)
                  Statistics: Num rows: 21594638446 Data size: 518249773640 Basic stats: COMPLETE Column stats: COMPLETE
                  Filter Operator
                    predicate: (ws_bill_customer_sk is not null and ws_item_sk BETWEEN DynamicValue(RS_60_item_i_item_sk_min) AND DynamicValue(RS_60_item_i_item_sk_max) and in_bloom_filter(ws_item_sk, DynamicValue(RS_60_item_i_item_sk_bloom_filter))) (type: boolean)
                    Statistics: Num rows: 21591944812 Data size: 518185129112 Basic stats: COMPLETE Column stats: COMPLETE
                    Select Operator
                      expressions: ws_sold_date_sk (type: bigint), ws_bill_customer_sk (type: bigint), ws_item_sk (type: bigint)
                      outputColumnNames: _col0, _col1, _col2
                      Statistics: Num rows: 21591944812 Data size: 518185129112 Basic stats: COMPLETE Column stats: COMPLETE
                      Map Join Operator
                        condition map:
                             Inner Join 0 to 1
                        keys:
                          0 _col0 (type: bigint)
                          1 _col0 (type: bigint)
                        outputColumnNames: _col1, _col2
                        input vertices:
                          1 Map 5
                        Statistics: Num rows: 1087114782 Data size: 15684993992 Basic stats: COMPLETE Column stats: COMPLETE
                        Map Join Operator
                          condition map:
                               Inner Join 0 to 1
                          keys:
                            0 _col2 (type: bigint)
                            1 _col0 (type: bigint)
                          outputColumnNames: _col1
                          input vertices:
                            1 Map 19
                          Statistics: Num rows: 997699 Data size: 8 Basic stats: COMPLETE Column stats: COMPLETE
                          Select Operator
                            expressions: _col1 (type: bigint)
                            outputColumnNames: _col0
                            Statistics: Num rows: 997699 Data size: 8 Basic stats: COMPLETE Column stats: COMPLETE
                            Group By Operator
                              keys: _col0 (type: bigint)
                              minReductionHashAggr: 0.99
                              mode: hash
                              outputColumnNames: _col0
                              Statistics: Num rows: 1216 Data size: 8 Basic stats: COMPLETE Column stats: COMPLETE
                              Reduce Output Operator
                                key expressions: _col0 (type: bigint)
                                null sort order: z
                                sort order: +
                                Map-reduce partition columns: _col0 (type: bigint)
                                Statistics: Num rows: 1216 Data size: 8 Basic stats: COMPLETE Column stats: COMPLETE
            Execution mode: vectorized, llap
            LLAP IO: may be used (ACID table)
        Map 19 
            Map Operator Tree:
                TableScan
                  alias: item
                  filterExpr: ((i_class = 'consignment                                       ') and (i_category = 'Jewelry                                           ')) (type: boolean)
                  Statistics: Num rows: 462000 Data size: 87780000 Basic stats: COMPLETE Column stats: COMPLETE
                  Filter Operator
                    predicate: ((i_class = 'consignment                                       ') and (i_category = 'Jewelry                                           ')) (type: boolean)
                    Statistics: Num rows: 424 Data size: 80560 Basic stats: COMPLETE Column stats: COMPLETE
                    Select Operator
                      expressions: i_item_sk (type: bigint)
                      outputColumnNames: _col0
                      Statistics: Num rows: 424 Data size: 3392 Basic stats: COMPLETE Column stats: COMPLETE
                      Reduce Output Operator
                        key expressions: _col0 (type: bigint)
                        null sort order: z
                        sort order: +
                        Map-reduce partition columns: _col0 (type: bigint)
                        Statistics: Num rows: 424 Data size: 3392 Basic stats: COMPLETE Column stats: COMPLETE
                      Select Operator
                        expressions: _col0 (type: bigint)
                        outputColumnNames: _col0
                        Statistics: Num rows: 424 Data size: 3392 Basic stats: COMPLETE Column stats: COMPLETE
                        Group By Operator
                          aggregations: min(_col0), max(_col0), bloom_filter(_col0, expectedEntries=1000000)
                          minReductionHashAggr: 0.99
                          mode: hash
                          outputColumnNames: _col0, _col1, _col2
                          Statistics: Num rows: 1 Data size: 24 Basic stats: COMPLETE Column stats: COMPLETE
                          Reduce Output Operator
                            null sort order: 
                            sort order: 
                            Statistics: Num rows: 1 Data size: 24 Basic stats: COMPLETE Column stats: COMPLETE
                            value expressions: _col0 (type: bigint), _col1 (type: bigint), _col2 (type: binary)
                      Reduce Output Operator
                        key expressions: _col0 (type: bigint)
                        null sort order: z
                        sort order: +
                        Map-reduce partition columns: _col0 (type: bigint)
                        Statistics: Num rows: 424 Data size: 3392 Basic stats: COMPLETE Column stats: COMPLETE
            Execution mode: vectorized, llap
            LLAP IO: may be used (ACID table)
        Map 21 
            Map Operator Tree:
                TableScan
                  alias: date_dim
                  filterExpr: d_month_seq is not null (type: boolean)
                  Statistics: Num rows: 73049 Data size: 876588 Basic stats: COMPLETE Column stats: COMPLETE
                  Filter Operator
                    predicate: d_month_seq is not null (type: boolean)
                    Statistics: Num rows: 73049 Data size: 876588 Basic stats: COMPLETE Column stats: COMPLETE
                    Select Operator
                      expressions: d_date_sk (type: bigint), d_month_seq (type: int)
                      outputColumnNames: _col0, _col1
                      Statistics: Num rows: 73049 Data size: 876588 Basic stats: COMPLETE Column stats: COMPLETE
                      Map Join Operator
                        condition map:
                             Inner Join 0 to 1
                        keys:
                          0 
                          1 
                        outputColumnNames: _col0, _col1, _col2
                        input vertices:
                          1 Reducer 10
                        Statistics: Num rows: 2264519 Data size: 36232304 Basic stats: COMPLETE Column stats: COMPLETE
                        Filter Operator
                          predicate: (_col2 <= _col1) (type: boolean)
                          Statistics: Num rows: 754839 Data size: 12077424 Basic stats: COMPLETE Column stats: COMPLETE
                          Map Join Operator
                            condition map:
                                 Inner Join 0 to 1
                            keys:
                              0 
                              1 
                            outputColumnNames: _col0, _col1, _col3
                            input vertices:
                              1 Reducer 11
                            Statistics: Num rows: 23400009 Data size: 374400144 Basic stats: COMPLETE Column stats: COMPLETE
                            Filter Operator
                              predicate: (_col1 <= _col3) (type: boolean)
                              Statistics: Num rows: 7800003 Data size: 124800048 Basic stats: COMPLETE Column stats: COMPLETE
                              Select Operator
                                expressions: _col0 (type: bigint)
                                outputColumnNames: _col0
                                Statistics: Num rows: 7800003 Data size: 124800048 Basic stats: COMPLETE Column stats: COMPLETE
                                Reduce Output Operator
                                  key expressions: _col0 (type: bigint)
                                  null sort order: z
                                  sort order: +
                                  Map-reduce partition columns: _col0 (type: bigint)
                                  Statistics: Num rows: 7800003 Data size: 124800048 Basic stats: COMPLETE Column stats: COMPLETE
                                Select Operator
                                  expressions: _col0 (type: bigint)
                                  outputColumnNames: _col0
                                  Statistics: Num rows: 7800003 Data size: 62400024 Basic stats: COMPLETE Column stats: COMPLETE
                                  Group By Operator
                                    keys: _col0 (type: bigint)
                                    minReductionHashAggr: 0.99
                                    mode: hash
                                    outputColumnNames: _col0
                                    Statistics: Num rows: 67850 Data size: 542800 Basic stats: COMPLETE Column stats: COMPLETE
                                    Dynamic Partitioning Event Operator
                                      Target column: ss_sold_date_sk (bigint)
                                      Target Input: store_sales
                                      Partition key expr: ss_sold_date_sk
                                      Statistics: Num rows: 67850 Data size: 542800 Basic stats: COMPLETE Column stats: COMPLETE
                                      Target Vertex: Map 1
            Execution mode: vectorized, llap
            LLAP IO: may be used (ACID table)
        Map 5 
            Map Operator Tree:
                TableScan
                  alias: date_dim
                  filterExpr: (((d_year = 1999) and (d_moy = 3)) or ((d_year = 1999) and (d_moy = 3) and d_month_seq is not null)) (type: boolean)
                  Statistics: Num rows: 73049 Data size: 876588 Basic stats: COMPLETE Column stats: COMPLETE
                  Filter Operator
                    predicate: ((d_year = 1999) and (d_moy = 3)) (type: boolean)
                    Statistics: Num rows: 31 Data size: 372 Basic stats: COMPLETE Column stats: COMPLETE
                    Select Operator
                      expressions: (d_month_seq + 1) (type: int)
                      outputColumnNames: _col0
                      Statistics: Num rows: 31 Data size: 372 Basic stats: COMPLETE Column stats: COMPLETE
                      Group By Operator
                        keys: _col0 (type: int)
                        minReductionHashAggr: 0.4
                        mode: hash
                        outputColumnNames: _col0
                        Statistics: Num rows: 31 Data size: 124 Basic stats: COMPLETE Column stats: COMPLETE
                        Reduce Output Operator
                          key expressions: _col0 (type: int)
                          null sort order: z
                          sort order: +
                          Map-reduce partition columns: _col0 (type: int)
                          Statistics: Num rows: 31 Data size: 124 Basic stats: COMPLETE Column stats: COMPLETE
                    Select Operator
                      expressions: (d_month_seq + 3) (type: int)
                      outputColumnNames: _col0
                      Statistics: Num rows: 31 Data size: 372 Basic stats: COMPLETE Column stats: COMPLETE
                      Group By Operator
                        keys: _col0 (type: int)
                        minReductionHashAggr: 0.4
                        mode: hash
                        outputColumnNames: _col0
                        Statistics: Num rows: 31 Data size: 124 Basic stats: COMPLETE Column stats: COMPLETE
                        Reduce Output Operator
                          key expressions: _col0 (type: int)
                          null sort order: z
                          sort order: +
                          Map-reduce partition columns: _col0 (type: int)
                          Statistics: Num rows: 31 Data size: 124 Basic stats: COMPLETE Column stats: COMPLETE
                    Select Operator
                      expressions: d_date_sk (type: bigint)
                      outputColumnNames: _col0
                      Statistics: Num rows: 31 Data size: 248 Basic stats: COMPLETE Column stats: COMPLETE
                      Reduce Output Operator
                        key expressions: _col0 (type: bigint)
                        null sort order: z
                        sort order: +
                        Map-reduce partition columns: _col0 (type: bigint)
                        Statistics: Num rows: 31 Data size: 248 Basic stats: COMPLETE Column stats: COMPLETE
                      Select Operator
                        expressions: _col0 (type: bigint)
                        outputColumnNames: _col0
                        Statistics: Num rows: 31 Data size: 248 Basic stats: COMPLETE Column stats: COMPLETE
                        Group By Operator
                          keys: _col0 (type: bigint)
                          minReductionHashAggr: 0.4
                          mode: hash
                          outputColumnNames: _col0
                          Statistics: Num rows: 31 Data size: 248 Basic stats: COMPLETE Column stats: COMPLETE
                          Dynamic Partitioning Event Operator
                            Target column: cs_sold_date_sk (bigint)
                            Target Input: catalog_sales
                            Partition key expr: cs_sold_date_sk
                            Statistics: Num rows: 31 Data size: 248 Basic stats: COMPLETE Column stats: COMPLETE
                            Target Vertex: Map 16
                      Select Operator
                        expressions: _col0 (type: bigint)
                        outputColumnNames: _col0
                        Statistics: Num rows: 31 Data size: 248 Basic stats: COMPLETE Column stats: COMPLETE
                        Group By Operator
                          keys: _col0 (type: bigint)
                          minReductionHashAggr: 0.4
                          mode: hash
                          outputColumnNames: _col0
                          Statistics: Num rows: 31 Data size: 248 Basic stats: COMPLETE Column stats: COMPLETE
                          Dynamic Partitioning Event Operator
                            Target column: ws_sold_date_sk (bigint)
                            Target Input: web_sales
                            Partition key expr: ws_sold_date_sk
                            Statistics: Num rows: 31 Data size: 248 Basic stats: COMPLETE Column stats: COMPLETE
                            Target Vertex: Map 18
                      Reduce Output Operator
                        key expressions: _col0 (type: bigint)
                        null sort order: z
                        sort order: +
                        Map-reduce partition columns: _col0 (type: bigint)
                        Statistics: Num rows: 31 Data size: 248 Basic stats: COMPLETE Column stats: COMPLETE
                  Filter Operator
                    predicate: ((d_year = 1999) and (d_moy = 3) and d_month_seq is not null) (type: boolean)
                    Statistics: Num rows: 31 Data size: 372 Basic stats: COMPLETE Column stats: COMPLETE
                    Select Operator
                      expressions: (d_month_seq + 1) (type: int)
                      outputColumnNames: _col0
                      Statistics: Num rows: 31 Data size: 372 Basic stats: COMPLETE Column stats: COMPLETE
                      Group By Operator
                        keys: _col0 (type: int)
                        minReductionHashAggr: 0.4
                        mode: hash
                        outputColumnNames: _col0
                        Statistics: Num rows: 31 Data size: 124 Basic stats: COMPLETE Column stats: COMPLETE
                        Reduce Output Operator
                          key expressions: _col0 (type: int)
                          null sort order: z
                          sort order: +
                          Map-reduce partition columns: _col0 (type: int)
                          Statistics: Num rows: 31 Data size: 124 Basic stats: COMPLETE Column stats: COMPLETE
                    Select Operator
                      expressions: (d_month_seq + 3) (type: int)
                      outputColumnNames: _col0
                      Statistics: Num rows: 31 Data size: 372 Basic stats: COMPLETE Column stats: COMPLETE
                      Group By Operator
                        keys: _col0 (type: int)
                        minReductionHashAggr: 0.4
                        mode: hash
                        outputColumnNames: _col0
                        Statistics: Num rows: 31 Data size: 124 Basic stats: COMPLETE Column stats: COMPLETE
                        Reduce Output Operator
                          key expressions: _col0 (type: int)
                          null sort order: z
                          sort order: +
                          Map-reduce partition columns: _col0 (type: int)
                          Statistics: Num rows: 31 Data size: 124 Basic stats: COMPLETE Column stats: COMPLETE
            Execution mode: vectorized, llap
            LLAP IO: may be used (ACID table)
        Reducer 10 
            Execution mode: vectorized, llap
            Reduce Operator Tree:
              Group By Operator
                keys: KEY._col0 (type: int)
                mode: mergepartial
                outputColumnNames: _col0
                Statistics: Num rows: 31 Data size: 124 Basic stats: COMPLETE Column stats: COMPLETE
                Reduce Output Operator
                  null sort order: 
                  sort order: 
                  Statistics: Num rows: 31 Data size: 124 Basic stats: COMPLETE Column stats: COMPLETE
                  value expressions: _col0 (type: int)
        Reducer 11 
            Execution mode: vectorized, llap
            Reduce Operator Tree:
              Group By Operator
                keys: KEY._col0 (type: int)
                mode: mergepartial
                outputColumnNames: _col0
                Statistics: Num rows: 31 Data size: 124 Basic stats: COMPLETE Column stats: COMPLETE
                Reduce Output Operator
                  null sort order: 
                  sort order: 
                  Statistics: Num rows: 31 Data size: 124 Basic stats: COMPLETE Column stats: COMPLETE
                  value expressions: _col0 (type: int)
        Reducer 15 
            Execution mode: vectorized, llap
            Reduce Operator Tree:
              Map Join Operator
                condition map:
                     Inner Join 0 to 1
                keys:
                  0 KEY.reducesinkkey0 (type: bigint)
                  1 KEY.reducesinkkey0 (type: bigint)
                outputColumnNames: _col5
                input vertices:
                  0 Map 12
                Statistics: Num rows: 1216 Data size: 9728 Basic stats: COMPLETE Column stats: COMPLETE
                DynamicPartitionHashJoin: true
                Reduce Output Operator
                  key expressions: _col5 (type: bigint)
                  null sort order: z
                  sort order: +
                  Map-reduce partition columns: _col5 (type: bigint)
                  Statistics: Num rows: 1216 Data size: 9728 Basic stats: COMPLETE Column stats: COMPLETE
        Reducer 2 
            Execution mode: vectorized, llap
            Reduce Operator Tree:
              Group By Operator
                aggregations: sum(VALUE._col0)
                keys: KEY._col0 (type: bigint)
                mode: mergepartial
                outputColumnNames: _col0, _col1
                Statistics: Num rows: 1 Data size: 120 Basic stats: COMPLETE Column stats: COMPLETE
                Top N Key Operator
                  sort order: +
                  keys: UDFToInteger((_col1 / 50)) (type: int)
                  null sort order: z
                  Statistics: Num rows: 1 Data size: 120 Basic stats: COMPLETE Column stats: COMPLETE
                  top n: 100
                  Select Operator
                    expressions: UDFToInteger((_col1 / 50)) (type: int)
                    outputColumnNames: _col0
                    Statistics: Num rows: 1 Data size: 120 Basic stats: COMPLETE Column stats: COMPLETE
                    Group By Operator
                      aggregations: count()
                      keys: _col0 (type: int)
                      minReductionHashAggr: 0.4
                      mode: hash
                      outputColumnNames: _col0, _col1
                      Statistics: Num rows: 1 Data size: 12 Basic stats: COMPLETE Column stats: COMPLETE
                      Reduce Output Operator
                        key expressions: _col0 (type: int)
                        null sort order: z
                        sort order: +
                        Map-reduce partition columns: _col0 (type: int)
                        Statistics: Num rows: 1 Data size: 12 Basic stats: COMPLETE Column stats: COMPLETE
                        value expressions: _col1 (type: bigint)
        Reducer 20 
            Execution mode: vectorized, llap
            Reduce Operator Tree:
              Group By Operator
                aggregations: min(VALUE._col0), max(VALUE._col1), bloom_filter(VALUE._col2, expectedEntries=1000000)
                mode: final
                outputColumnNames: _col0, _col1, _col2
                Statistics: Num rows: 1 Data size: 24 Basic stats: COMPLETE Column stats: COMPLETE
                Reduce Output Operator
                  null sort order: 
                  sort order: 
                  Statistics: Num rows: 1 Data size: 24 Basic stats: COMPLETE Column stats: COMPLETE
                  value expressions: _col0 (type: bigint), _col1 (type: bigint), _col2 (type: binary)
        Reducer 3 
            Execution mode: vectorized, llap
            Reduce Operator Tree:
              Group By Operator
                aggregations: count(VALUE._col0)
                keys: KEY._col0 (type: int)
                mode: mergepartial
                outputColumnNames: _col0, _col1
                Statistics: Num rows: 1 Data size: 12 Basic stats: COMPLETE Column stats: COMPLETE
                Top N Key Operator
                  sort order: ++
                  keys: _col0 (type: int), _col1 (type: bigint)
                  null sort order: zz
                  Statistics: Num rows: 1 Data size: 12 Basic stats: COMPLETE Column stats: COMPLETE
                  top n: 100
                  Select Operator
                    expressions: _col0 (type: int), _col1 (type: bigint), (_col0 * 50) (type: int)
                    outputColumnNames: _col0, _col1, _col2
                    Statistics: Num rows: 1 Data size: 16 Basic stats: COMPLETE Column stats: COMPLETE
                    Reduce Output Operator
                      key expressions: _col0 (type: int), _col1 (type: bigint)
                      null sort order: zz
                      sort order: ++
                      Statistics: Num rows: 1 Data size: 16 Basic stats: COMPLETE Column stats: COMPLETE
                      value expressions: _col2 (type: int)
        Reducer 4 
            Execution mode: vectorized, llap
            Reduce Operator Tree:
              Select Operator
                expressions: KEY.reducesinkkey0 (type: int), KEY.reducesinkkey1 (type: bigint), VALUE._col0 (type: int)
                outputColumnNames: _col0, _col1, _col2
                Statistics: Num rows: 1 Data size: 16 Basic stats: COMPLETE Column stats: COMPLETE
                Limit
                  Number of rows: 100
                  Statistics: Num rows: 1 Data size: 16 Basic stats: COMPLETE Column stats: COMPLETE
                  File Output Operator
                    compressed: false
                    Statistics: Num rows: 1 Data size: 16 Basic stats: COMPLETE Column stats: COMPLETE
                    table:
                        input format: org.apache.hadoop.mapred.SequenceFileInputFormat
                        output format: org.apache.hadoop.hive.ql.io.HiveSequenceFileOutputFormat
                        serde: org.apache.hadoop.hive.serde2.lazy.LazySimpleSerDe
        Reducer 6 
            Execution mode: vectorized, llap
            Reduce Operator Tree:
              Group By Operator
                keys: KEY._col0 (type: int)
                mode: mergepartial
                outputColumnNames: _col0
                Statistics: Num rows: 31 Data size: 124 Basic stats: COMPLETE Column stats: COMPLETE
                Select Operator
                  Statistics: Num rows: 31 Data size: 124 Basic stats: COMPLETE Column stats: COMPLETE
                  Group By Operator
                    aggregations: count()
                    minReductionHashAggr: 0.96774197
                    mode: hash
                    outputColumnNames: _col0
                    Statistics: Num rows: 1 Data size: 8 Basic stats: COMPLETE Column stats: COMPLETE
                    Reduce Output Operator
                      null sort order: 
                      sort order: 
                      Statistics: Num rows: 1 Data size: 8 Basic stats: COMPLETE Column stats: COMPLETE
                      value expressions: _col0 (type: bigint)
        Reducer 7 
            Execution mode: vectorized, llap
            Reduce Operator Tree:
              Group By Operator
                aggregations: count(VALUE._col0)
                mode: mergepartial
                outputColumnNames: _col0
                Statistics: Num rows: 1 Data size: 8 Basic stats: COMPLETE Column stats: COMPLETE
                Filter Operator
                  predicate: (sq_count_check(_col0) <= 1) (type: boolean)
                  Statistics: Num rows: 1 Data size: 8 Basic stats: COMPLETE Column stats: COMPLETE
                  Select Operator
                    Statistics: Num rows: 1 Data size: 8 Basic stats: COMPLETE Column stats: COMPLETE
                    Reduce Output Operator
                      null sort order: 
                      sort order: 
                      Statistics: Num rows: 1 Data size: 8 Basic stats: COMPLETE Column stats: COMPLETE
        Reducer 8 
            Execution mode: vectorized, llap
            Reduce Operator Tree:
              Group By Operator
                keys: KEY._col0 (type: int)
                mode: mergepartial
                outputColumnNames: _col0
                Statistics: Num rows: 31 Data size: 124 Basic stats: COMPLETE Column stats: COMPLETE
                Select Operator
                  Statistics: Num rows: 31 Data size: 124 Basic stats: COMPLETE Column stats: COMPLETE
                  Group By Operator
                    aggregations: count()
                    minReductionHashAggr: 0.96774197
                    mode: hash
                    outputColumnNames: _col0
                    Statistics: Num rows: 1 Data size: 8 Basic stats: COMPLETE Column stats: COMPLETE
                    Reduce Output Operator
                      null sort order: 
                      sort order: 
                      Statistics: Num rows: 1 Data size: 8 Basic stats: COMPLETE Column stats: COMPLETE
                      value expressions: _col0 (type: bigint)
        Reducer 9 
            Execution mode: vectorized, llap
            Reduce Operator Tree:
              Group By Operator
                aggregations: count(VALUE._col0)
                mode: mergepartial
                outputColumnNames: _col0
                Statistics: Num rows: 1 Data size: 8 Basic stats: COMPLETE Column stats: COMPLETE
                Filter Operator
                  predicate: (sq_count_check(_col0) <= 1) (type: boolean)
                  Statistics: Num rows: 1 Data size: 8 Basic stats: COMPLETE Column stats: COMPLETE
                  Select Operator
                    Statistics: Num rows: 1 Data size: 8 Basic stats: COMPLETE Column stats: COMPLETE
                    Reduce Output Operator
                      null sort order: 
                      sort order: 
                      Statistics: Num rows: 1 Data size: 8 Basic stats: COMPLETE Column stats: COMPLETE
        Union 17 
            Vertex: Union 17

  Stage: Stage-0
    Fetch Operator
      limit: 100
      Processor Tree:
        ListSink

