STAGE DEPENDENCIES:
  Stage-1 is a root stage
  Stage-0 depends on stages: Stage-1

STAGE PLANS:
  Stage: Stage-1
    Tez
#### A masked pattern was here ####
      Edges:
        Map 1 <- Map 4 (BROADCAST_EDGE)
        Reducer 10 <- Map 8 (BROADCAST_EDGE), Map 9 (CUSTOM_SIMPLE_EDGE), Reducer 3 (CUSTOM_SIMPLE_EDGE)
        Reducer 11 <- Reducer 10 (SIMPLE_EDGE), Reducer 15 (BROADCAST_EDGE), Reducer 7 (BROADCAST_EDGE)
        Reducer 12 <- Reducer 11 (SIMPLE_EDGE)
        Reducer 14 <- Map 13 (CUSTOM_SIMPLE_EDGE), Map 8 (BROADCAST_EDGE), Reducer 3 (CUSTOM_SIMPLE_EDGE)
        Reducer 15 <- Reducer 14 (SIMPLE_EDGE)
        Reducer 2 <- Map 1 (SIMPLE_EDGE)
        Reducer 3 <- Map 1 (SIMPLE_EDGE), Reducer 2 (BROADCAST_EDGE)
        Reducer 6 <- Map 5 (CUSTOM_SIMPLE_EDGE), Map 8 (BROADCAST_EDGE), Reducer 3 (CUSTOM_SIMPLE_EDGE)
        Reducer 7 <- Reducer 6 (SIMPLE_EDGE)
#### A masked pattern was here ####
      Vertices:
        Map 1 
            Map Operator Tree:
                TableScan
                  alias: date_dim
                  filterExpr: (d_date is not null or (d_week_seq is not null and d_date is not null)) (type: boolean)
                  Statistics: Num rows: 73049 Data size: 4675136 Basic stats: COMPLETE Column stats: COMPLETE
                  Filter Operator
                    predicate: d_date is not null (type: boolean)
                    Statistics: Num rows: 73049 Data size: 4675136 Basic stats: COMPLETE Column stats: COMPLETE
                    Select Operator
                      expressions: d_date_sk (type: bigint), d_date (type: date)
                      outputColumnNames: _col0, _col1
                      Statistics: Num rows: 73049 Data size: 4675136 Basic stats: COMPLETE Column stats: COMPLETE
                      Reduce Output Operator
                        key expressions: _col1 (type: date)
                        null sort order: z
                        sort order: +
                        Map-reduce partition columns: _col1 (type: date)
                        Statistics: Num rows: 73049 Data size: 4675136 Basic stats: COMPLETE Column stats: COMPLETE
                        value expressions: _col0 (type: bigint)
                  Filter Operator
                    predicate: (d_week_seq is not null and d_date is not null) (type: boolean)
                    Statistics: Num rows: 73049 Data size: 4382940 Basic stats: COMPLETE Column stats: COMPLETE
                    Select Operator
                      expressions: d_date (type: date), d_week_seq (type: int)
                      outputColumnNames: _col0, _col1
                      Statistics: Num rows: 73049 Data size: 4382940 Basic stats: COMPLETE Column stats: COMPLETE
                      Map Join Operator
                        condition map:
                             Left Semi Join 0 to 1
                        keys:
                          0 _col1 (type: int)
                          1 _col0 (type: int)
                        outputColumnNames: _col0
                        input vertices:
                          1 Map 4
                        Statistics: Num rows: 73049 Data size: 4090744 Basic stats: COMPLETE Column stats: COMPLETE
                        Group By Operator
                          keys: _col0 (type: date)
                          minReductionHashAggr: 0.99
                          mode: hash
                          outputColumnNames: _col0
                          Statistics: Num rows: 36524 Data size: 2045344 Basic stats: COMPLETE Column stats: COMPLETE
                          Reduce Output Operator
                            key expressions: _col0 (type: date)
                            null sort order: z
                            sort order: +
                            Map-reduce partition columns: _col0 (type: date)
                            Statistics: Num rows: 36524 Data size: 2045344 Basic stats: COMPLETE Column stats: COMPLETE
            Execution mode: vectorized, llap
            LLAP IO: may be used (ACID table)
        Map 13 
            Map Operator Tree:
                TableScan
                  alias: web_returns
                  Statistics: Num rows: 2062802370 Data size: 41061626908 Basic stats: COMPLETE Column stats: COMPLETE
                  Select Operator
                    expressions: wr_item_sk (type: bigint), wr_return_quantity (type: int), wr_returned_date_sk (type: bigint)
                    outputColumnNames: _col0, _col1, _col2
                    Statistics: Num rows: 2062802370 Data size: 41061626908 Basic stats: COMPLETE Column stats: COMPLETE
                    Reduce Output Operator
                      key expressions: _col2 (type: bigint)
                      null sort order: z
                      sort order: +
                      Map-reduce partition columns: _col2 (type: bigint)
                      Statistics: Num rows: 2062802370 Data size: 41061626908 Basic stats: COMPLETE Column stats: COMPLETE
                      value expressions: _col0 (type: bigint), _col1 (type: int)
            Execution mode: vectorized, llap
            LLAP IO: may be used (ACID table)
        Map 4 
            Map Operator Tree:
                TableScan
                  alias: date_dim
                  filterExpr: ((d_date) IN (DATE'1998-01-02', DATE'1998-10-15', DATE'1998-11-10') and d_week_seq is not null) (type: boolean)
                  Statistics: Num rows: 73049 Data size: 4382940 Basic stats: COMPLETE Column stats: COMPLETE
                  Filter Operator
                    predicate: ((d_date) IN (DATE'1998-01-02', DATE'1998-10-15', DATE'1998-11-10') and d_week_seq is not null) (type: boolean)
                    Statistics: Num rows: 73049 Data size: 4382940 Basic stats: COMPLETE Column stats: COMPLETE
                    Select Operator
                      expressions: d_week_seq (type: int)
                      outputColumnNames: _col0
                      Statistics: Num rows: 73049 Data size: 292196 Basic stats: COMPLETE Column stats: COMPLETE
                      Group By Operator
                        keys: _col0 (type: int)
                        minReductionHashAggr: 0.8453504
                        mode: hash
                        outputColumnNames: _col0
                        Statistics: Num rows: 11297 Data size: 45188 Basic stats: COMPLETE Column stats: COMPLETE
                        Reduce Output Operator
                          key expressions: _col0 (type: int)
                          null sort order: z
                          sort order: +
                          Map-reduce partition columns: _col0 (type: int)
                          Statistics: Num rows: 11297 Data size: 45188 Basic stats: COMPLETE Column stats: COMPLETE
            Execution mode: vectorized, llap
            LLAP IO: may be used (ACID table)
        Map 5 
            Map Operator Tree:
                TableScan
                  alias: catalog_returns
                  Statistics: Num rows: 4320980099 Data size: 86073249960 Basic stats: COMPLETE Column stats: COMPLETE
                  Select Operator
                    expressions: cr_item_sk (type: bigint), cr_return_quantity (type: int), cr_returned_date_sk (type: bigint)
                    outputColumnNames: _col0, _col1, _col2
                    Statistics: Num rows: 4320980099 Data size: 86073249960 Basic stats: COMPLETE Column stats: COMPLETE
                    Reduce Output Operator
                      key expressions: _col2 (type: bigint)
                      null sort order: z
                      sort order: +
                      Map-reduce partition columns: _col2 (type: bigint)
                      Statistics: Num rows: 4320980099 Data size: 86073249960 Basic stats: COMPLETE Column stats: COMPLETE
                      value expressions: _col0 (type: bigint), _col1 (type: int)
            Execution mode: vectorized, llap
            LLAP IO: may be used (ACID table)
        Map 8 
            Map Operator Tree:
                TableScan
                  alias: item
                  Statistics: Num rows: 462000 Data size: 49896000 Basic stats: COMPLETE Column stats: COMPLETE
                  Select Operator
                    expressions: i_item_sk (type: bigint), i_item_id (type: string)
                    outputColumnNames: _col0, _col1
                    Statistics: Num rows: 462000 Data size: 49896000 Basic stats: COMPLETE Column stats: COMPLETE
                    Reduce Output Operator
                      key expressions: _col0 (type: bigint)
                      null sort order: z
                      sort order: +
                      Map-reduce partition columns: _col0 (type: bigint)
                      Statistics: Num rows: 462000 Data size: 49896000 Basic stats: COMPLETE Column stats: COMPLETE
                      value expressions: _col1 (type: string)
                    Reduce Output Operator
                      key expressions: _col0 (type: bigint)
                      null sort order: z
                      sort order: +
                      Map-reduce partition columns: _col0 (type: bigint)
                      Statistics: Num rows: 462000 Data size: 49896000 Basic stats: COMPLETE Column stats: COMPLETE
                      value expressions: _col1 (type: string)
                    Reduce Output Operator
                      key expressions: _col0 (type: bigint)
                      null sort order: z
                      sort order: +
                      Map-reduce partition columns: _col0 (type: bigint)
                      Statistics: Num rows: 462000 Data size: 49896000 Basic stats: COMPLETE Column stats: COMPLETE
                      value expressions: _col1 (type: string)
            Execution mode: vectorized, llap
            LLAP IO: may be used (ACID table)
        Map 9 
            Map Operator Tree:
                TableScan
                  alias: store_returns
                  Statistics: Num rows: 8332595709 Data size: 166044313360 Basic stats: COMPLETE Column stats: COMPLETE
                  Select Operator
                    expressions: sr_item_sk (type: bigint), sr_return_quantity (type: int), sr_returned_date_sk (type: bigint)
                    outputColumnNames: _col0, _col1, _col2
                    Statistics: Num rows: 8332595709 Data size: 166044313360 Basic stats: COMPLETE Column stats: COMPLETE
                    Reduce Output Operator
                      key expressions: _col2 (type: bigint)
                      null sort order: z
                      sort order: +
                      Map-reduce partition columns: _col2 (type: bigint)
                      Statistics: Num rows: 8332595709 Data size: 166044313360 Basic stats: COMPLETE Column stats: COMPLETE
                      value expressions: _col0 (type: bigint), _col1 (type: int)
            Execution mode: vectorized, llap
            LLAP IO: may be used (ACID table)
        Reducer 10 
            Execution mode: vectorized, llap
            Reduce Operator Tree:
              Map Join Operator
                condition map:
                     Inner Join 0 to 1
                keys:
                  0 KEY.reducesinkkey0 (type: bigint)
                  1 KEY.reducesinkkey0 (type: bigint)
                outputColumnNames: _col3, _col4
                input vertices:
                  0 Reducer 3
                Statistics: Num rows: 322153773 Data size: 3258244456 Basic stats: COMPLETE Column stats: COMPLETE
                DynamicPartitionHashJoin: true
                Map Join Operator
                  condition map:
                       Inner Join 0 to 1
                  keys:
                    0 _col3 (type: bigint)
                    1 _col0 (type: bigint)
                  outputColumnNames: _col4, _col7
                  input vertices:
                    1 Map 8
                  Statistics: Num rows: 322153773 Data size: 32896391572 Basic stats: COMPLETE Column stats: COMPLETE
                  Group By Operator
                    aggregations: sum(_col4)
                    keys: _col7 (type: string)
                    minReductionHashAggr: 0.99
                    mode: hash
                    outputColumnNames: _col0, _col1
                    Statistics: Num rows: 31930596 Data size: 3448504368 Basic stats: COMPLETE Column stats: COMPLETE
                    Reduce Output Operator
                      key expressions: _col0 (type: string)
                      null sort order: z
                      sort order: +
                      Map-reduce partition columns: _col0 (type: string)
                      Statistics: Num rows: 31930596 Data size: 3448504368 Basic stats: COMPLETE Column stats: COMPLETE
                      value expressions: _col1 (type: bigint)
        Reducer 11 
            Execution mode: vectorized, llap
            Reduce Operator Tree:
              Group By Operator
                aggregations: sum(VALUE._col0)
                keys: KEY._col0 (type: string)
                mode: mergepartial
                outputColumnNames: _col0, _col1
                Statistics: Num rows: 247524 Data size: 26732592 Basic stats: COMPLETE Column stats: COMPLETE
                Map Join Operator
                  condition map:
                       Inner Join 0 to 1
                  keys:
                    0 _col0 (type: string)
                    1 _col0 (type: string)
                  outputColumnNames: _col0, _col1, _col3
                  input vertices:
                    0 Reducer 7
                  Statistics: Num rows: 247524 Data size: 28712784 Basic stats: COMPLETE Column stats: COMPLETE
                  Map Join Operator
                    condition map:
                         Inner Join 0 to 1
                    keys:
                      0 _col0 (type: string)
                      1 _col0 (type: string)
                    outputColumnNames: _col0, _col1, _col3, _col5, _col6
                    input vertices:
                      1 Reducer 15
                    Statistics: Num rows: 247524 Data size: 32673168 Basic stats: COMPLETE Column stats: COMPLETE
                    Top N Key Operator
                      sort order: ++
                      keys: _col0 (type: string), _col3 (type: bigint)
                      null sort order: zz
                      Statistics: Num rows: 247524 Data size: 32673168 Basic stats: COMPLETE Column stats: COMPLETE
                      top n: 100
                      Select Operator
                        expressions: _col0 (type: string), _col3 (type: bigint), (((UDFToDouble(_col3) / UDFToDouble(((_col3 + _col1) + _col5))) / 3.0D) * 100.0D) (type: double), _col1 (type: bigint), (((UDFToDouble(_col1) / UDFToDouble(((_col3 + _col1) + _col5))) / 3.0D) * 100.0D) (type: double), _col5 (type: bigint), (((_col6 / UDFToDouble(((_col3 + _col1) + _col5))) / 3.0D) * 100.0D) (type: double), (CAST( ((_col3 + _col1) + _col5) AS decimal(19,0)) / 3) (type: decimal(25,6))
                        outputColumnNames: _col0, _col1, _col2, _col3, _col4, _col5, _col6, _col7
                        Statistics: Num rows: 247524 Data size: 64356240 Basic stats: COMPLETE Column stats: COMPLETE
                        Reduce Output Operator
                          key expressions: _col0 (type: string), _col1 (type: bigint)
                          null sort order: zz
                          sort order: ++
                          Statistics: Num rows: 247524 Data size: 64356240 Basic stats: COMPLETE Column stats: COMPLETE
                          value expressions: _col2 (type: double), _col3 (type: bigint), _col4 (type: double), _col5 (type: bigint), _col6 (type: double), _col7 (type: decimal(25,6))
        Reducer 12 
            Execution mode: vectorized, llap
            Reduce Operator Tree:
              Select Operator
                expressions: KEY.reducesinkkey0 (type: string), KEY.reducesinkkey1 (type: bigint), VALUE._col0 (type: double), VALUE._col1 (type: bigint), VALUE._col2 (type: double), VALUE._col3 (type: bigint), VALUE._col4 (type: double), VALUE._col5 (type: decimal(25,6))
                outputColumnNames: _col0, _col1, _col2, _col3, _col4, _col5, _col6, _col7
                Statistics: Num rows: 247524 Data size: 64356240 Basic stats: COMPLETE Column stats: COMPLETE
                Limit
                  Number of rows: 100
                  Statistics: Num rows: 100 Data size: 26000 Basic stats: COMPLETE Column stats: COMPLETE
                  File Output Operator
                    compressed: false
                    Statistics: Num rows: 100 Data size: 26000 Basic stats: COMPLETE Column stats: COMPLETE
                    table:
                        input format: org.apache.hadoop.mapred.SequenceFileInputFormat
                        output format: org.apache.hadoop.hive.ql.io.HiveSequenceFileOutputFormat
                        serde: org.apache.hadoop.hive.serde2.lazy.LazySimpleSerDe
        Reducer 14 
            Execution mode: vectorized, llap
            Reduce Operator Tree:
              Map Join Operator
                condition map:
                     Inner Join 0 to 1
                keys:
                  0 KEY.reducesinkkey0 (type: bigint)
                  1 KEY.reducesinkkey0 (type: bigint)
                outputColumnNames: _col3, _col4
                input vertices:
                  0 Reducer 3
                Statistics: Num rows: 79751808 Data size: 762601204 Basic stats: COMPLETE Column stats: COMPLETE
                DynamicPartitionHashJoin: true
                Map Join Operator
                  condition map:
                       Inner Join 0 to 1
                  keys:
                    0 _col3 (type: bigint)
                    1 _col0 (type: bigint)
                  outputColumnNames: _col4, _col7
                  input vertices:
                    1 Map 8
                  Statistics: Num rows: 79751808 Data size: 8099767540 Basic stats: COMPLETE Column stats: COMPLETE
                  Group By Operator
                    aggregations: sum(_col4)
                    keys: _col7 (type: string)
                    minReductionHashAggr: 0.99
                    mode: hash
                    outputColumnNames: _col0, _col1
                    Statistics: Num rows: 7920768 Data size: 855442944 Basic stats: COMPLETE Column stats: COMPLETE
                    Reduce Output Operator
                      key expressions: _col0 (type: string)
                      null sort order: z
                      sort order: +
                      Map-reduce partition columns: _col0 (type: string)
                      Statistics: Num rows: 7920768 Data size: 855442944 Basic stats: COMPLETE Column stats: COMPLETE
                      value expressions: _col1 (type: bigint)
        Reducer 15 
            Execution mode: vectorized, llap
            Reduce Operator Tree:
              Group By Operator
                aggregations: sum(VALUE._col0)
                keys: KEY._col0 (type: string)
                mode: mergepartial
                outputColumnNames: _col0, _col1
                Statistics: Num rows: 247524 Data size: 26732592 Basic stats: COMPLETE Column stats: COMPLETE
                Select Operator
                  expressions: _col0 (type: string), _col1 (type: bigint), UDFToDouble(_col1) (type: double)
                  outputColumnNames: _col0, _col1, _col2
                  Statistics: Num rows: 247524 Data size: 28712784 Basic stats: COMPLETE Column stats: COMPLETE
                  Reduce Output Operator
                    key expressions: _col0 (type: string)
                    null sort order: z
                    sort order: +
                    Map-reduce partition columns: _col0 (type: string)
                    Statistics: Num rows: 247524 Data size: 28712784 Basic stats: COMPLETE Column stats: COMPLETE
                    value expressions: _col1 (type: bigint), _col2 (type: double)
        Reducer 2 
            Execution mode: vectorized, llap
            Reduce Operator Tree:
              Select Operator
                expressions: VALUE._col0 (type: bigint), KEY.reducesinkkey0 (type: date)
                outputColumnNames: _col0, _col1
                Reduce Output Operator
                  key expressions: _col1 (type: date)
                  null sort order: z
                  sort order: +
                  Map-reduce partition columns: _col1 (type: date)
                  Statistics: Num rows: 73049 Data size: 4675136 Basic stats: COMPLETE Column stats: COMPLETE
                  value expressions: _col0 (type: bigint)
        Reducer 3 
            Execution mode: vectorized, llap
            Reduce Operator Tree:
              Group By Operator
                keys: KEY._col0 (type: date)
                mode: mergepartial
                outputColumnNames: _col0
                Statistics: Num rows: 18262 Data size: 1022672 Basic stats: COMPLETE Column stats: COMPLETE
                Map Join Operator
                  condition map:
                       Inner Join 0 to 1
                  keys:
                    0 _col1 (type: date)
                    1 _col0 (type: date)
                  outputColumnNames: _col0
                  input vertices:
                    0 Reducer 2
                  Statistics: Num rows: 1334020838 Data size: 10672166704 Basic stats: COMPLETE Column stats: COMPLETE
                  Reduce Output Operator
                    key expressions: _col0 (type: bigint)
                    null sort order: z
                    sort order: +
                    Map-reduce partition columns: _col0 (type: bigint)
                    Statistics: Num rows: 1334020838 Data size: 10672166704 Basic stats: COMPLETE Column stats: COMPLETE
                  Select Operator
                    expressions: _col0 (type: bigint)
                    outputColumnNames: _col0
                    Statistics: Num rows: 1334020838 Data size: 10672166704 Basic stats: COMPLETE Column stats: COMPLETE
                    Group By Operator
                      keys: _col0 (type: bigint)
                      minReductionHashAggr: 0.99
                      mode: hash
                      outputColumnNames: _col0
                      Statistics: Num rows: 2849700 Data size: 22797600 Basic stats: COMPLETE Column stats: COMPLETE
                      Dynamic Partitioning Event Operator
                        Target column: cr_returned_date_sk (bigint)
                        Target Input: catalog_returns
                        Partition key expr: cr_returned_date_sk
                        Statistics: Num rows: 2849700 Data size: 22797600 Basic stats: COMPLETE Column stats: COMPLETE
                        Target Vertex: Map 5
                  Reduce Output Operator
                    key expressions: _col0 (type: bigint)
                    null sort order: z
                    sort order: +
                    Map-reduce partition columns: _col0 (type: bigint)
                    Statistics: Num rows: 1334020838 Data size: 10672166704 Basic stats: COMPLETE Column stats: COMPLETE
                  Select Operator
                    expressions: _col0 (type: bigint)
                    outputColumnNames: _col0
                    Statistics: Num rows: 1334020838 Data size: 10672166704 Basic stats: COMPLETE Column stats: COMPLETE
                    Group By Operator
                      keys: _col0 (type: bigint)
                      minReductionHashAggr: 0.99
                      mode: hash
                      outputColumnNames: _col0
                      Statistics: Num rows: 2849700 Data size: 22797600 Basic stats: COMPLETE Column stats: COMPLETE
                      Dynamic Partitioning Event Operator
                        Target column: sr_returned_date_sk (bigint)
                        Target Input: store_returns
                        Partition key expr: sr_returned_date_sk
                        Statistics: Num rows: 2849700 Data size: 22797600 Basic stats: COMPLETE Column stats: COMPLETE
                        Target Vertex: Map 9
                  Reduce Output Operator
                    key expressions: _col0 (type: bigint)
                    null sort order: z
                    sort order: +
                    Map-reduce partition columns: _col0 (type: bigint)
                    Statistics: Num rows: 1334020838 Data size: 10672166704 Basic stats: COMPLETE Column stats: COMPLETE
                  Select Operator
                    expressions: _col0 (type: bigint)
                    outputColumnNames: _col0
                    Statistics: Num rows: 1334020838 Data size: 10672166704 Basic stats: COMPLETE Column stats: COMPLETE
                    Group By Operator
                      keys: _col0 (type: bigint)
                      minReductionHashAggr: 0.99
                      mode: hash
                      outputColumnNames: _col0
                      Statistics: Num rows: 2849700 Data size: 22797600 Basic stats: COMPLETE Column stats: COMPLETE
                      Dynamic Partitioning Event Operator
                        Target column: wr_returned_date_sk (bigint)
                        Target Input: web_returns
                        Partition key expr: wr_returned_date_sk
                        Statistics: Num rows: 2849700 Data size: 22797600 Basic stats: COMPLETE Column stats: COMPLETE
                        Target Vertex: Map 13
        Reducer 6 
            Execution mode: vectorized, llap
            Reduce Operator Tree:
              Map Join Operator
                condition map:
                     Inner Join 0 to 1
                keys:
                  0 KEY.reducesinkkey0 (type: bigint)
                  1 KEY.reducesinkkey0 (type: bigint)
                outputColumnNames: _col3, _col4
                input vertices:
                  0 Reducer 3
                Statistics: Num rows: 167057192 Data size: 1658334284 Basic stats: COMPLETE Column stats: COMPLETE
                DynamicPartitionHashJoin: true
                Map Join Operator
                  condition map:
                       Inner Join 0 to 1
                  keys:
                    0 _col3 (type: bigint)
                    1 _col0 (type: bigint)
                  outputColumnNames: _col4, _col7
                  input vertices:
                    1 Map 8
                  Statistics: Num rows: 167057192 Data size: 17027595948 Basic stats: COMPLETE Column stats: COMPLETE
                  Group By Operator
                    aggregations: sum(_col4)
                    keys: _col7 (type: string)
                    minReductionHashAggr: 0.99
                    mode: hash
                    outputColumnNames: _col0, _col1
                    Statistics: Num rows: 16584108 Data size: 1791083664 Basic stats: COMPLETE Column stats: COMPLETE
                    Reduce Output Operator
                      key expressions: _col0 (type: string)
                      null sort order: z
                      sort order: +
                      Map-reduce partition columns: _col0 (type: string)
                      Statistics: Num rows: 16584108 Data size: 1791083664 Basic stats: COMPLETE Column stats: COMPLETE
                      value expressions: _col1 (type: bigint)
        Reducer 7 
            Execution mode: vectorized, llap
            Reduce Operator Tree:
              Group By Operator
                aggregations: sum(VALUE._col0)
                keys: KEY._col0 (type: string)
                mode: mergepartial
                outputColumnNames: _col0, _col1
                Statistics: Num rows: 247524 Data size: 26732592 Basic stats: COMPLETE Column stats: COMPLETE
                Reduce Output Operator
                  key expressions: _col0 (type: string)
                  null sort order: z
                  sort order: +
                  Map-reduce partition columns: _col0 (type: string)
                  Statistics: Num rows: 247524 Data size: 26732592 Basic stats: COMPLETE Column stats: COMPLETE
                  value expressions: _col1 (type: bigint)

  Stage: Stage-0
    Fetch Operator
      limit: 100
      Processor Tree:
        ListSink

