STAGE DEPENDENCIES:
  Stage-1 is a root stage
  Stage-0 depends on stages: Stage-1

STAGE PLANS:
  Stage: Stage-1
    Tez
#### A masked pattern was here ####
      Edges:
        Map 1 <- Map 4 (BROADCAST_EDGE), Map 5 (BROADCAST_EDGE)
        Reducer 2 <- Map 1 (SIMPLE_EDGE)
        Reducer 3 <- Reducer 2 (SIMPLE_EDGE)
#### A masked pattern was here ####
      Vertices:
        Map 1 
            Map Operator Tree:
                TableScan
                  alias: store_sales
                  filterExpr: ss_store_sk is not null (type: boolean)
                  probeDecodeDetails: cacheKey:HASH_MAP_MAPJOIN_60_container, bigKeyColName:ss_item_sk, smallTablePos:1, keyRatio:8.876983260165157E-5
                  Statistics: Num rows: 82510879939 Data size: 10988352362648 Basic stats: COMPLETE Column stats: COMPLETE
                  Filter Operator
                    predicate: ss_store_sk is not null (type: boolean)
                    Statistics: Num rows: 80569240632 Data size: 10729775349712 Basic stats: COMPLETE Column stats: COMPLETE
                    Select Operator
                      expressions: ss_item_sk (type: bigint), ss_sales_price (type: decimal(7,2)), ss_sold_date_sk (type: bigint)
                      outputColumnNames: _col0, _col1, _col2
                      Statistics: Num rows: 80569240632 Data size: 10100389015120 Basic stats: COMPLETE Column stats: COMPLETE
                      Map Join Operator
                        condition map:
                             Inner Join 0 to 1
                        keys:
                          0 _col0 (type: bigint)
                          1 _col0 (type: bigint)
                        outputColumnNames: _col1, _col2, _col4
                        input vertices:
                          1 Map 4
                        Statistics: Num rows: 7324477 Data size: 87893836 Basic stats: COMPLETE Column stats: COMPLETE
                        Map Join Operator
                          condition map:
                               Inner Join 0 to 1
                          keys:
                            0 _col2 (type: bigint)
                            1 _col0 (type: bigint)
                          outputColumnNames: _col1, _col4, _col6
                          input vertices:
                            1 Map 5
                          Statistics: Num rows: 1440007 Data size: 11520168 Basic stats: COMPLETE Column stats: COMPLETE
                          Group By Operator
                            aggregations: sum(_col1)
                            keys: _col4 (type: int), _col6 (type: int)
                            minReductionHashAggr: 0.99
                            mode: hash
                            outputColumnNames: _col0, _col1, _col2
                            Statistics: Num rows: 108 Data size: 12960 Basic stats: COMPLETE Column stats: COMPLETE
                            Reduce Output Operator
                              key expressions: _col0 (type: int), _col1 (type: int)
                              null sort order: az
                              sort order: ++
                              Map-reduce partition columns: _col0 (type: int)
                              Statistics: Num rows: 108 Data size: 12960 Basic stats: COMPLETE Column stats: COMPLETE
                              value expressions: _col2 (type: decimal(17,2))
            Execution mode: vectorized, llap
            LLAP IO: may be used (ACID table)
        Map 4 
            Map Operator Tree:
                TableScan
                  alias: item
                  filterExpr: ((i_brand) IN ('scholaramalgamalg #14                             ', 'scholaramalgamalg #7                              ', 'exportiunivamalg #9                               ', 'scholaramalgamalg #9                              ', 'amalgimporto #1                                   ', 'edu packscholar #1                                ', 'exportiimporto #1                                 ', 'importoamalg #1                                   ') and (i_class) IN ('personal                                          ', 'portable                                          ', 'refernece                                         ', 'self-help                                         ', 'accessories                                       ', 'classical                                         ', 'fragrances                                        ', 'pants                                             ') and (i_category) IN ('Books                                             ', 'Children                                          ', 'Electronics                                       ', 'Women                                             ', 'Music                                             ', 'Men                                               ') and (((i_category) IN ('Books                                             ', 'Children                                          ', 'Electronics                                       ') and (i_class) IN ('personal                                          ', 'portable                                          ', 'refernece                                         ', 'self-help                                         ') and (i_brand) IN ('scholaramalgamalg #14                             ', 'scholaramalgamalg #7                              ', 'exportiunivamalg #9                               ', 'scholaramalgamalg #9                              ')) or ((i_category) IN ('Women                                             ', 'Music                                             ', 'Men                                               ') and (i_class) IN ('accessories                                       ', 'classical                                         ', 'fragrances                                        ', 'pants                                             ') and (i_brand) IN ('amalgimporto #1                                   ', 'edu packscholar #1                                ', 'exportiimporto #1                                 ', 'importoamalg #1                                   ')))) (type: boolean)
                  Statistics: Num rows: 462000 Data size: 135823508 Basic stats: COMPLETE Column stats: COMPLETE
                  Filter Operator
                    predicate: ((i_brand) IN ('scholaramalgamalg #14                             ', 'scholaramalgamalg #7                              ', 'exportiunivamalg #9                               ', 'scholaramalgamalg #9                              ', 'amalgimporto #1                                   ', 'edu packscholar #1                                ', 'exportiimporto #1                                 ', 'importoamalg #1                                   ') and (i_class) IN ('personal                                          ', 'portable                                          ', 'refernece                                         ', 'self-help                                         ', 'accessories                                       ', 'classical                                         ', 'fragrances                                        ', 'pants                                             ') and (i_category) IN ('Books                                             ', 'Children                                          ', 'Electronics                                       ', 'Women                                             ', 'Music                                             ', 'Men                                               ') and (((i_category) IN ('Books                                             ', 'Children                                          ', 'Electronics                                       ') and (i_class) IN ('personal                                          ', 'portable                                          ', 'refernece                                         ', 'self-help                                         ') and (i_brand) IN ('scholaramalgamalg #14                             ', 'scholaramalgamalg #7                              ', 'exportiunivamalg #9                               ', 'scholaramalgamalg #9                              ')) or ((i_category) IN ('Women                                             ', 'Music                                             ', 'Men                                               ') and (i_class) IN ('accessories                                       ', 'classical                                         ', 'fragrances                                        ', 'pants                                             ') and (i_brand) IN ('amalgimporto #1                                   ', 'edu packscholar #1                                ', 'exportiimporto #1                                 ', 'importoamalg #1                                   ')))) (type: boolean)
                    Statistics: Num rows: 42 Data size: 12348 Basic stats: COMPLETE Column stats: COMPLETE
                    Select Operator
                      expressions: i_item_sk (type: bigint), i_manager_id (type: int)
                      outputColumnNames: _col0, _col1
                      Statistics: Num rows: 42 Data size: 504 Basic stats: COMPLETE Column stats: COMPLETE
                      Reduce Output Operator
                        key expressions: _col0 (type: bigint)
                        null sort order: z
                        sort order: +
                        Map-reduce partition columns: _col0 (type: bigint)
                        Statistics: Num rows: 42 Data size: 504 Basic stats: COMPLETE Column stats: COMPLETE
                        value expressions: _col1 (type: int)
            Execution mode: vectorized, llap
            LLAP IO: may be used (ACID table)
        Map 5 
            Map Operator Tree:
                TableScan
                  alias: date_dim
                  filterExpr: (d_month_seq) IN (1212, 1213, 1214, 1215, 1216, 1217, 1218, 1219, 1220, 1221, 1222, 1223) (type: boolean)
                  Statistics: Num rows: 73049 Data size: 1168784 Basic stats: COMPLETE Column stats: COMPLETE
                  Filter Operator
                    predicate: (d_month_seq) IN (1212, 1213, 1214, 1215, 1216, 1217, 1218, 1219, 1220, 1221, 1222, 1223) (type: boolean)
                    Statistics: Num rows: 359 Data size: 5744 Basic stats: COMPLETE Column stats: COMPLETE
                    Select Operator
                      expressions: d_date_sk (type: bigint), d_moy (type: int)
                      outputColumnNames: _col0, _col1
                      Statistics: Num rows: 359 Data size: 4308 Basic stats: COMPLETE Column stats: COMPLETE
                      Reduce Output Operator
                        key expressions: _col0 (type: bigint)
                        null sort order: z
                        sort order: +
                        Map-reduce partition columns: _col0 (type: bigint)
                        Statistics: Num rows: 359 Data size: 4308 Basic stats: COMPLETE Column stats: COMPLETE
                        value expressions: _col1 (type: int)
                      Select Operator
                        expressions: _col0 (type: bigint)
                        outputColumnNames: _col0
                        Statistics: Num rows: 359 Data size: 2872 Basic stats: COMPLETE Column stats: COMPLETE
                        Group By Operator
                          keys: _col0 (type: bigint)
                          minReductionHashAggr: 0.4
                          mode: hash
                          outputColumnNames: _col0
                          Statistics: Num rows: 359 Data size: 2872 Basic stats: COMPLETE Column stats: COMPLETE
                          Dynamic Partitioning Event Operator
                            Target column: ss_sold_date_sk (bigint)
                            Target Input: store_sales
                            Partition key expr: ss_sold_date_sk
                            Statistics: Num rows: 359 Data size: 2872 Basic stats: COMPLETE Column stats: COMPLETE
                            Target Vertex: Map 1
            Execution mode: vectorized, llap
            LLAP IO: may be used (ACID table)
        Reducer 2 
            Execution mode: llap
            Reduce Operator Tree:
              Group By Operator
                aggregations: sum(VALUE._col0)
                keys: KEY._col0 (type: int), KEY._col1 (type: int)
                mode: mergepartial
                outputColumnNames: _col0, _col1, _col2
                Statistics: Num rows: 108 Data size: 12960 Basic stats: COMPLETE Column stats: COMPLETE
                Select Operator
                  expressions: _col0 (type: int), _col2 (type: decimal(17,2))
                  outputColumnNames: _col0, _col2
                  Statistics: Num rows: 108 Data size: 12960 Basic stats: COMPLETE Column stats: COMPLETE
                  PTF Operator
                    Function definitions:
                        Input definition
                          input alias: ptf_0
                          output shape: _col0: int, _col2: decimal(17,2)
                          type: WINDOWING
                        Windowing table definition
                          input alias: ptf_1
                          name: windowingtablefunction
                          order by: _col0 ASC NULLS FIRST
                          partition by: _col0
                          raw input shape:
                          window functions:
                              window function definition
                                alias: avg_window_0
                                arguments: _col2
                                name: avg
                                window function: GenericUDAFAverageEvaluatorDecimal
                                window frame: ROWS PRECEDING(MAX)~FOLLOWING(MAX)
                    Statistics: Num rows: 108 Data size: 12528 Basic stats: COMPLETE Column stats: COMPLETE
                    Select Operator
                      expressions: avg_window_0 (type: decimal(21,6)), _col0 (type: int), _col2 (type: decimal(17,2))
                      outputColumnNames: avg_window_0, _col0, _col2
                      Statistics: Num rows: 108 Data size: 12528 Basic stats: COMPLETE Column stats: COMPLETE
                      Filter Operator
                        predicate: CASE WHEN ((avg_window_0 > 0)) THEN (((abs((_col2 - avg_window_0)) / avg_window_0) > 0.1)) ELSE (false) END (type: boolean)
                        Statistics: Num rows: 54 Data size: 12312 Basic stats: COMPLETE Column stats: COMPLETE
                        Top N Key Operator
                          sort order: +++
                          keys: _col0 (type: int), avg_window_0 (type: decimal(21,6)), _col2 (type: decimal(17,2))
                          null sort order: zzz
                          Statistics: Num rows: 54 Data size: 12312 Basic stats: COMPLETE Column stats: COMPLETE
                          top n: 100
                          Select Operator
                            expressions: _col0 (type: int), _col2 (type: decimal(17,2)), avg_window_0 (type: decimal(21,6))
                            outputColumnNames: _col0, _col1, _col2
                            Statistics: Num rows: 54 Data size: 12312 Basic stats: COMPLETE Column stats: COMPLETE
                            Reduce Output Operator
                              key expressions: _col0 (type: int), _col2 (type: decimal(21,6)), _col1 (type: decimal(17,2))
                              null sort order: zzz
                              sort order: +++
                              Statistics: Num rows: 54 Data size: 12312 Basic stats: COMPLETE Column stats: COMPLETE
        Reducer 3 
            Execution mode: vectorized, llap
            Reduce Operator Tree:
              Select Operator
                expressions: KEY.reducesinkkey0 (type: int), KEY.reducesinkkey2 (type: decimal(17,2)), KEY.reducesinkkey1 (type: decimal(21,6))
                outputColumnNames: _col0, _col1, _col2
                Statistics: Num rows: 54 Data size: 12312 Basic stats: COMPLETE Column stats: COMPLETE
                Limit
                  Number of rows: 100
                  Statistics: Num rows: 54 Data size: 12312 Basic stats: COMPLETE Column stats: COMPLETE
                  File Output Operator
                    compressed: false
                    Statistics: Num rows: 54 Data size: 12312 Basic stats: COMPLETE Column stats: COMPLETE
                    table:
                        input format: org.apache.hadoop.mapred.SequenceFileInputFormat
                        output format: org.apache.hadoop.hive.ql.io.HiveSequenceFileOutputFormat
                        serde: org.apache.hadoop.hive.serde2.lazy.LazySimpleSerDe

  Stage: Stage-0
    Fetch Operator
      limit: 100
      Processor Tree:
        ListSink

