Warning: Map Join MAPJOIN[112][bigTable=?] in task 'Reducer 2' is a cross product
STAGE DEPENDENCIES:
  Stage-1 is a root stage
  Stage-0 depends on stages: Stage-1

STAGE PLANS:
  Stage: Stage-1
    Tez
#### A masked pattern was here ####
      Edges:
        Reducer 2 <- Map 1 (SIMPLE_EDGE), Reducer 6 (BROADCAST_EDGE)
        Reducer 3 <- Map 7 (BROADCAST_EDGE), Reducer 2 (SIMPLE_EDGE), Reducer 5 (BROADCAST_EDGE), Reducer 8 (BROADCAST_EDGE)
        Reducer 4 <- Reducer 3 (SIMPLE_EDGE)
        Reducer 5 <- Reducer 2 (SIMPLE_EDGE)
        Reducer 6 <- Map 1 (SIMPLE_EDGE)
        Reducer 8 <- Map 7 (SIMPLE_EDGE)
#### A masked pattern was here ####
      Vertices:
        Map 1 
            Map Operator Tree:
                TableScan
                  alias: ss1
                  filterExpr: ((ss_store_sk = 410L) or (ss_hdemo_sk is null and (ss_store_sk = 410L))) (type: boolean)
                  Statistics: Num rows: 86404891377 Data size: 10592345773408 Basic stats: COMPLETE Column stats: COMPLETE
                  Filter Operator
                    predicate: (ss_store_sk = 410L) (type: boolean)
                    Statistics: Num rows: 99315967 Data size: 12175110240 Basic stats: COMPLETE Column stats: COMPLETE
                    Select Operator
                      expressions: ss_item_sk (type: bigint), ss_net_profit (type: decimal(7,2))
                      outputColumnNames: ss_item_sk, ss_net_profit
                      Statistics: Num rows: 99315967 Data size: 12175110240 Basic stats: COMPLETE Column stats: COMPLETE
                      Group By Operator
                        aggregations: sum(ss_net_profit), count(ss_net_profit)
                        keys: ss_item_sk (type: bigint)
                        minReductionHashAggr: 0.99
                        mode: hash
                        outputColumnNames: _col0, _col1, _col2
                        Statistics: Num rows: 49657983 Data size: 6356221824 Basic stats: COMPLETE Column stats: COMPLETE
                        Reduce Output Operator
                          key expressions: _col0 (type: bigint)
                          null sort order: z
                          sort order: +
                          Map-reduce partition columns: _col0 (type: bigint)
                          Statistics: Num rows: 49657983 Data size: 6356221824 Basic stats: COMPLETE Column stats: COMPLETE
                          value expressions: _col1 (type: decimal(17,2)), _col2 (type: bigint)
                  Filter Operator
                    predicate: (ss_hdemo_sk is null and (ss_store_sk = 410L)) (type: boolean)
                    Statistics: Num rows: 4472322 Data size: 546649416 Basic stats: COMPLETE Column stats: COMPLETE
                    Select Operator
                      expressions: ss_net_profit (type: decimal(7,2))
                      outputColumnNames: _col1
                      Statistics: Num rows: 4472322 Data size: 546649416 Basic stats: COMPLETE Column stats: COMPLETE
                      Group By Operator
                        aggregations: sum(_col1), count(_col1)
                        keys: true (type: boolean)
                        minReductionHashAggr: 0.99
                        mode: hash
                        outputColumnNames: _col0, _col1, _col2
                        Statistics: Num rows: 41255 Data size: 5115620 Basic stats: COMPLETE Column stats: COMPLETE
                        Reduce Output Operator
                          key expressions: _col0 (type: boolean)
                          null sort order: z
                          sort order: +
                          Map-reduce partition columns: _col0 (type: boolean)
                          Statistics: Num rows: 41255 Data size: 5115620 Basic stats: COMPLETE Column stats: COMPLETE
                          value expressions: _col1 (type: decimal(17,2)), _col2 (type: bigint)
            Execution mode: vectorized, llap
            LLAP IO: may be used (ACID table)
        Map 7 
            Map Operator Tree:
                TableScan
                  alias: i1
                  Statistics: Num rows: 462000 Data size: 53130000 Basic stats: COMPLETE Column stats: COMPLETE
                  Select Operator
                    expressions: i_item_sk (type: bigint), i_product_name (type: char(50))
                    outputColumnNames: _col0, _col1
                    Statistics: Num rows: 462000 Data size: 53130000 Basic stats: COMPLETE Column stats: COMPLETE
                    Reduce Output Operator
                      key expressions: _col0 (type: bigint)
                      null sort order: z
                      sort order: +
                      Map-reduce partition columns: _col0 (type: bigint)
                      Statistics: Num rows: 462000 Data size: 53130000 Basic stats: COMPLETE Column stats: COMPLETE
                      value expressions: _col1 (type: char(50))
                    Reduce Output Operator
                      key expressions: _col0 (type: bigint)
                      null sort order: z
                      sort order: +
                      Map-reduce partition columns: _col0 (type: bigint)
                      Statistics: Num rows: 462000 Data size: 53130000 Basic stats: COMPLETE Column stats: COMPLETE
                      value expressions: _col1 (type: char(50))
            Execution mode: vectorized, llap
            LLAP IO: may be used (ACID table)
        Reducer 2 
            Execution mode: vectorized, llap
            Reduce Operator Tree:
              Group By Operator
                aggregations: sum(VALUE._col0), count(VALUE._col1)
                keys: KEY._col0 (type: bigint)
                mode: mergepartial
                outputColumnNames: _col0, _col1, _col2
                Statistics: Num rows: 464811 Data size: 59495808 Basic stats: COMPLETE Column stats: COMPLETE
                Filter Operator
                  predicate: CAST( (_col1 / _col2) AS decimal(11,6)) is not null (type: boolean)
                  Statistics: Num rows: 464811 Data size: 59495808 Basic stats: COMPLETE Column stats: COMPLETE
                  Select Operator
                    expressions: _col0 (type: bigint), CAST( (_col1 / _col2) AS decimal(11,6)) (type: decimal(11,6))
                    outputColumnNames: _col0, _col1
                    Statistics: Num rows: 464811 Data size: 55777320 Basic stats: COMPLETE Column stats: COMPLETE
                    Map Join Operator
                      condition map:
                           Inner Join 0 to 1
                      keys:
                        0 
                        1 
                      outputColumnNames: _col0, _col1, _col2
                      input vertices:
                        1 Reducer 6
                      Statistics: Num rows: 464811 Data size: 107836152 Basic stats: COMPLETE Column stats: COMPLETE
                      Filter Operator
                        predicate: (_col1 > (0.9 * _col2)) (type: boolean)
                        Statistics: Num rows: 154937 Data size: 35945384 Basic stats: COMPLETE Column stats: COMPLETE
                        Top N Key Operator
                          sort order: +
                          keys: _col1 (type: decimal(11,6))
                          null sort order: z
                          Statistics: Num rows: 154937 Data size: 35945384 Basic stats: COMPLETE Column stats: COMPLETE
                          top n: 11
                          Reduce Output Operator
                            key expressions: 0 (type: int), _col1 (type: decimal(11,6))
                            null sort order: az
                            sort order: ++
                            Map-reduce partition columns: 0 (type: int)
                            Statistics: Num rows: 154937 Data size: 35945384 Basic stats: COMPLETE Column stats: COMPLETE
                            value expressions: _col0 (type: bigint)
                        Top N Key Operator
                          sort order: -
                          keys: _col1 (type: decimal(11,6))
                          null sort order: a
                          Statistics: Num rows: 154937 Data size: 35945384 Basic stats: COMPLETE Column stats: COMPLETE
                          top n: 11
                          Reduce Output Operator
                            key expressions: 0 (type: int), _col1 (type: decimal(11,6))
                            null sort order: aa
                            sort order: +-
                            Map-reduce partition columns: 0 (type: int)
                            Statistics: Num rows: 154937 Data size: 35945384 Basic stats: COMPLETE Column stats: COMPLETE
                            value expressions: _col0 (type: bigint)
        Reducer 3 
            Execution mode: vectorized, llap
            Reduce Operator Tree:
              Select Operator
                expressions: VALUE._col0 (type: bigint), KEY.reducesinkkey1 (type: decimal(11,6))
                outputColumnNames: _col0, _col1
                Statistics: Num rows: 154937 Data size: 18592440 Basic stats: COMPLETE Column stats: COMPLETE
                PTF Operator
                  Function definitions:
                      Input definition
                        input alias: ptf_0
                        output shape: _col0: bigint, _col1: decimal(11,6)
                        type: WINDOWING
                      Windowing table definition
                        input alias: ptf_1
                        name: windowingtablefunction
                        order by: _col1 ASC NULLS LAST
                        partition by: 0
                        raw input shape:
                        window functions:
                            window function definition
                              alias: rank_window_0
                              arguments: _col1
                              name: rank
                              window function: GenericUDAFRankEvaluator
                              window frame: ROWS PRECEDING(MAX)~FOLLOWING(MAX)
                              isPivotResult: true
                  Statistics: Num rows: 154937 Data size: 18592440 Basic stats: COMPLETE Column stats: COMPLETE
                  Filter Operator
                    predicate: (rank_window_0 < 11) (type: boolean)
                    Statistics: Num rows: 51645 Data size: 6197400 Basic stats: COMPLETE Column stats: COMPLETE
                    Select Operator
                      expressions: _col0 (type: bigint), rank_window_0 (type: int)
                      outputColumnNames: _col0, _col1
                      Statistics: Num rows: 51645 Data size: 619740 Basic stats: COMPLETE Column stats: COMPLETE
                      Map Join Operator
                        condition map:
                             Inner Join 0 to 1
                        keys:
                          0 _col1 (type: int)
                          1 _col1 (type: int)
                        outputColumnNames: _col0, _col1, _col2
                        input vertices:
                          1 Reducer 5
                        Statistics: Num rows: 51645 Data size: 1032900 Basic stats: COMPLETE Column stats: COMPLETE
                        Map Join Operator
                          condition map:
                               Inner Join 0 to 1
                          keys:
                            0 _col0 (type: bigint)
                            1 _col0 (type: bigint)
                          outputColumnNames: _col1, _col2, _col5
                          input vertices:
                            1 Reducer 8
                          Statistics: Num rows: 51645 Data size: 6145755 Basic stats: COMPLETE Column stats: COMPLETE
                          Map Join Operator
                            condition map:
                                 Inner Join 0 to 1
                            keys:
                              0 _col2 (type: bigint)
                              1 _col0 (type: bigint)
                            outputColumnNames: _col1, _col5, _col7
                            input vertices:
                              1 Map 7
                            Statistics: Num rows: 51645 Data size: 11258610 Basic stats: COMPLETE Column stats: COMPLETE
                            Top N Key Operator
                              sort order: +
                              keys: _col1 (type: int)
                              null sort order: z
                              Statistics: Num rows: 51645 Data size: 11258610 Basic stats: COMPLETE Column stats: COMPLETE
                              top n: 100
                              Select Operator
                                expressions: _col1 (type: int), _col5 (type: char(50)), _col7 (type: char(50))
                                outputColumnNames: _col0, _col1, _col2
                                Statistics: Num rows: 51645 Data size: 11258610 Basic stats: COMPLETE Column stats: COMPLETE
                                Reduce Output Operator
                                  key expressions: _col0 (type: int)
                                  null sort order: z
                                  sort order: +
                                  Statistics: Num rows: 51645 Data size: 11258610 Basic stats: COMPLETE Column stats: COMPLETE
                                  value expressions: _col1 (type: char(50)), _col2 (type: char(50))
        Reducer 4 
            Execution mode: vectorized, llap
            Reduce Operator Tree:
              Select Operator
                expressions: KEY.reducesinkkey0 (type: int), VALUE._col0 (type: char(50)), VALUE._col1 (type: char(50))
                outputColumnNames: _col0, _col1, _col2
                Statistics: Num rows: 51645 Data size: 11258610 Basic stats: COMPLETE Column stats: COMPLETE
                Limit
                  Number of rows: 100
                  Statistics: Num rows: 100 Data size: 21800 Basic stats: COMPLETE Column stats: COMPLETE
                  File Output Operator
                    compressed: false
                    Statistics: Num rows: 100 Data size: 21800 Basic stats: COMPLETE Column stats: COMPLETE
                    table:
                        input format: org.apache.hadoop.mapred.SequenceFileInputFormat
                        output format: org.apache.hadoop.hive.ql.io.HiveSequenceFileOutputFormat
                        serde: org.apache.hadoop.hive.serde2.lazy.LazySimpleSerDe
        Reducer 5 
            Execution mode: vectorized, llap
            Reduce Operator Tree:
              Select Operator
                expressions: VALUE._col0 (type: bigint), KEY.reducesinkkey1 (type: decimal(11,6))
                outputColumnNames: _col0, _col1
                Statistics: Num rows: 154937 Data size: 18592440 Basic stats: COMPLETE Column stats: COMPLETE
                PTF Operator
                  Function definitions:
                      Input definition
                        input alias: ptf_0
                        output shape: _col0: bigint, _col1: decimal(11,6)
                        type: WINDOWING
                      Windowing table definition
                        input alias: ptf_1
                        name: windowingtablefunction
                        order by: _col1 DESC NULLS FIRST
                        partition by: 0
                        raw input shape:
                        window functions:
                            window function definition
                              alias: rank_window_0
                              arguments: _col1
                              name: rank
                              window function: GenericUDAFRankEvaluator
                              window frame: ROWS PRECEDING(MAX)~FOLLOWING(MAX)
                              isPivotResult: true
                  Statistics: Num rows: 154937 Data size: 18592440 Basic stats: COMPLETE Column stats: COMPLETE
                  Filter Operator
                    predicate: (rank_window_0 < 11) (type: boolean)
                    Statistics: Num rows: 51645 Data size: 6197400 Basic stats: COMPLETE Column stats: COMPLETE
                    Select Operator
                      expressions: _col0 (type: bigint), rank_window_0 (type: int)
                      outputColumnNames: _col0, _col1
                      Statistics: Num rows: 51645 Data size: 619740 Basic stats: COMPLETE Column stats: COMPLETE
                      Reduce Output Operator
                        key expressions: _col1 (type: int)
                        null sort order: z
                        sort order: +
                        Map-reduce partition columns: _col1 (type: int)
                        Statistics: Num rows: 51645 Data size: 619740 Basic stats: COMPLETE Column stats: COMPLETE
                        value expressions: _col0 (type: bigint)
        Reducer 6 
            Execution mode: vectorized, llap
            Reduce Operator Tree:
              Group By Operator
                aggregations: sum(VALUE._col0), count(VALUE._col1)
                keys: KEY._col0 (type: boolean)
                mode: mergepartial
                outputColumnNames: _col0, _col1, _col2
                Statistics: Num rows: 1 Data size: 124 Basic stats: COMPLETE Column stats: COMPLETE
                Select Operator
                  expressions: _col1 (type: decimal(17,2)), _col2 (type: bigint)
                  outputColumnNames: _col1, _col2
                  Statistics: Num rows: 1 Data size: 120 Basic stats: COMPLETE Column stats: COMPLETE
                  Filter Operator
                    predicate: CAST( (_col1 / _col2) AS decimal(11,6)) is not null (type: boolean)
                    Statistics: Num rows: 1 Data size: 120 Basic stats: COMPLETE Column stats: COMPLETE
                    Select Operator
                      expressions: CAST( (_col1 / _col2) AS decimal(11,6)) (type: decimal(11,6))
                      outputColumnNames: _col0
                      Statistics: Num rows: 1 Data size: 112 Basic stats: COMPLETE Column stats: COMPLETE
                      Reduce Output Operator
                        null sort order: 
                        sort order: 
                        Statistics: Num rows: 1 Data size: 112 Basic stats: COMPLETE Column stats: COMPLETE
                        value expressions: _col0 (type: decimal(11,6))
        Reducer 8 
            Execution mode: vectorized, llap
            Reduce Operator Tree:
              Select Operator
                expressions: VALUE._col0 (type: char(50)), KEY.reducesinkkey0 (type: bigint)
                outputColumnNames: _col1, _col0
                Reduce Output Operator
                  key expressions: _col0 (type: bigint)
                  null sort order: z
                  sort order: +
                  Map-reduce partition columns: _col0 (type: bigint)
                  Statistics: Num rows: 462000 Data size: 53130000 Basic stats: COMPLETE Column stats: COMPLETE
                  value expressions: _col1 (type: char(50))

  Stage: Stage-0
    Fetch Operator
      limit: 100
      Processor Tree:
        ListSink

