STAGE DEPENDENCIES:
  Stage-1 is a root stage
  Stage-0 depends on stages: Stage-1

STAGE PLANS:
  Stage: Stage-1
    Tez
#### A masked pattern was here ####
      Edges:
        Map 1 <- Reducer 17 (BROADCAST_EDGE)
        Map 10 <- Reducer 16 (BROADCAST_EDGE)
        Map 20 <- Reducer 18 (BROADCAST_EDGE)
        Reducer 11 <- Map 10 (CUSTOM_SIMPLE_EDGE), Map 13 (CUSTOM_SIMPLE_EDGE), Map 14 (BROADCAST_EDGE), Map 15 (BROADCAST_EDGE), Map 19 (BROADCAST_EDGE), Map 8 (BROADCAST_EDGE)
        Reducer 12 <- Reducer 11 (SIMPLE_EDGE), Union 4 (CONTAINS)
        Reducer 16 <- Map 15 (CUSTOM_SIMPLE_EDGE)
        Reducer 17 <- Map 15 (CUSTOM_SIMPLE_EDGE)
        Reducer 18 <- Map 15 (CUSTOM_SIMPLE_EDGE)
        Reducer 2 <- Map 1 (CUSTOM_SIMPLE_EDGE), Map 14 (BROADCAST_EDGE), Map 15 (BROADCAST_EDGE), Map 7 (CUSTOM_SIMPLE_EDGE), Map 8 (BROADCAST_EDGE), Map 9 (BROADCAST_EDGE)
        Reducer 21 <- Map 14 (BROADCAST_EDGE), Map 15 (BROADCAST_EDGE), Map 20 (CUSTOM_SIMPLE_EDGE), Map 23 (CUSTOM_SIMPLE_EDGE), Map 24 (BROADCAST_EDGE), Map 8 (BROADCAST_EDGE)
        Reducer 22 <- Reducer 21 (SIMPLE_EDGE), Union 4 (CONTAINS)
        Reducer 3 <- Reducer 2 (SIMPLE_EDGE), Union 4 (CONTAINS)
        Reducer 5 <- Union 4 (SIMPLE_EDGE)
        Reducer 6 <- Reducer 5 (SIMPLE_EDGE)
#### A masked pattern was here ####
      Vertices:
        Map 1 
            Map Operator Tree:
                TableScan
                  alias: store_sales
                  filterExpr: (ss_store_sk is not null and ss_promo_sk is not null and ss_promo_sk BETWEEN DynamicValue(RS_23_promotion_p_promo_sk_min) AND DynamicValue(RS_23_promotion_p_promo_sk_max) and in_bloom_filter(ss_promo_sk, DynamicValue(RS_23_promotion_p_promo_sk_bloom_filter))) (type: boolean)
                  Statistics: Num rows: 82510879939 Data size: 21315868812296 Basic stats: COMPLETE Column stats: COMPLETE
                  Filter Operator
                    predicate: (ss_store_sk is not null and ss_promo_sk is not null and ss_promo_sk BETWEEN DynamicValue(RS_23_promotion_p_promo_sk_min) AND DynamicValue(RS_23_promotion_p_promo_sk_max) and in_bloom_filter(ss_promo_sk, DynamicValue(RS_23_promotion_p_promo_sk_bloom_filter))) (type: boolean)
                    Statistics: Num rows: 78675502838 Data size: 20325037116048 Basic stats: COMPLETE Column stats: COMPLETE
                    Select Operator
                      expressions: ss_item_sk (type: bigint), ss_store_sk (type: bigint), ss_promo_sk (type: bigint), ss_ticket_number (type: bigint), ss_ext_sales_price (type: decimal(7,2)), ss_net_profit (type: decimal(7,2)), ss_sold_date_sk (type: bigint)
                      outputColumnNames: _col0, _col1, _col2, _col3, _col4, _col5, _col6
                      Statistics: Num rows: 78675502838 Data size: 20325037116048 Basic stats: COMPLETE Column stats: COMPLETE
                      Reduce Output Operator
                        key expressions: _col0 (type: bigint), _col3 (type: bigint)
                        null sort order: zz
                        sort order: ++
                        Map-reduce partition columns: _col0 (type: bigint), _col3 (type: bigint)
                        Statistics: Num rows: 78675502838 Data size: 20325037116048 Basic stats: COMPLETE Column stats: COMPLETE
                        value expressions: _col1 (type: bigint), _col2 (type: bigint), _col4 (type: decimal(7,2)), _col5 (type: decimal(7,2)), _col6 (type: bigint)
            Execution mode: vectorized, llap
            LLAP IO: may be used (ACID table)
        Map 10 
            Map Operator Tree:
                TableScan
                  alias: catalog_sales
                  filterExpr: (cs_catalog_page_sk is not null and cs_promo_sk is not null and cs_promo_sk BETWEEN DynamicValue(RS_60_promotion_p_promo_sk_min) AND DynamicValue(RS_60_promotion_p_promo_sk_max) and in_bloom_filter(cs_promo_sk, DynamicValue(RS_60_promotion_p_promo_sk_bloom_filter))) (type: boolean)
                  Statistics: Num rows: 43005109025 Data size: 11339575410520 Basic stats: COMPLETE Column stats: COMPLETE
                  Filter Operator
                    predicate: (cs_catalog_page_sk is not null and cs_promo_sk is not null and cs_promo_sk BETWEEN DynamicValue(RS_60_promotion_p_promo_sk_min) AND DynamicValue(RS_60_promotion_p_promo_sk_max) and in_bloom_filter(cs_promo_sk, DynamicValue(RS_60_promotion_p_promo_sk_bloom_filter))) (type: boolean)
                    Statistics: Num rows: 42789551679 Data size: 11282737308320 Basic stats: COMPLETE Column stats: COMPLETE
                    Select Operator
                      expressions: cs_catalog_page_sk (type: bigint), cs_item_sk (type: bigint), cs_promo_sk (type: bigint), cs_order_number (type: bigint), cs_ext_sales_price (type: decimal(7,2)), cs_net_profit (type: decimal(7,2)), cs_sold_date_sk (type: bigint)
                      outputColumnNames: _col0, _col1, _col2, _col3, _col4, _col5, _col6
                      Statistics: Num rows: 42789551679 Data size: 11282737308320 Basic stats: COMPLETE Column stats: COMPLETE
                      Reduce Output Operator
                        key expressions: _col1 (type: bigint), _col3 (type: bigint)
                        null sort order: zz
                        sort order: ++
                        Map-reduce partition columns: _col1 (type: bigint), _col3 (type: bigint)
                        Statistics: Num rows: 42789551679 Data size: 11282737308320 Basic stats: COMPLETE Column stats: COMPLETE
                        value expressions: _col0 (type: bigint), _col2 (type: bigint), _col4 (type: decimal(7,2)), _col5 (type: decimal(7,2)), _col6 (type: bigint)
            Execution mode: vectorized, llap
            LLAP IO: may be used (ACID table)
        Map 13 
            Map Operator Tree:
                TableScan
                  alias: catalog_returns
                  Statistics: Num rows: 4320980099 Data size: 1017653227728 Basic stats: COMPLETE Column stats: COMPLETE
                  Select Operator
                    expressions: cr_item_sk (type: bigint), cr_order_number (type: bigint), cr_return_amount (type: decimal(7,2)), cr_net_loss (type: decimal(7,2))
                    outputColumnNames: _col0, _col1, _col2, _col3
                    Statistics: Num rows: 4320980099 Data size: 1017653227728 Basic stats: COMPLETE Column stats: COMPLETE
                    Reduce Output Operator
                      key expressions: _col0 (type: bigint), _col1 (type: bigint)
                      null sort order: zz
                      sort order: ++
                      Map-reduce partition columns: _col0 (type: bigint), _col1 (type: bigint)
                      Statistics: Num rows: 4320980099 Data size: 1017653227728 Basic stats: COMPLETE Column stats: COMPLETE
                      value expressions: _col2 (type: decimal(7,2)), _col3 (type: decimal(7,2))
            Execution mode: vectorized, llap
            LLAP IO: may be used (ACID table)
        Map 14 
            Map Operator Tree:
                TableScan
                  alias: item
                  filterExpr: (i_current_price > 50) (type: boolean)
                  Statistics: Num rows: 462000 Data size: 55309408 Basic stats: COMPLETE Column stats: COMPLETE
                  Filter Operator
                    predicate: (i_current_price > 50) (type: boolean)
                    Statistics: Num rows: 235620 Data size: 28207872 Basic stats: COMPLETE Column stats: COMPLETE
                    Select Operator
                      expressions: i_item_sk (type: bigint)
                      outputColumnNames: _col0
                      Statistics: Num rows: 235620 Data size: 1884960 Basic stats: COMPLETE Column stats: COMPLETE
                      Reduce Output Operator
                        key expressions: _col0 (type: bigint)
                        null sort order: z
                        sort order: +
                        Map-reduce partition columns: _col0 (type: bigint)
                        Statistics: Num rows: 235620 Data size: 1884960 Basic stats: COMPLETE Column stats: COMPLETE
                      Reduce Output Operator
                        key expressions: _col0 (type: bigint)
                        null sort order: z
                        sort order: +
                        Map-reduce partition columns: _col0 (type: bigint)
                        Statistics: Num rows: 235620 Data size: 1884960 Basic stats: COMPLETE Column stats: COMPLETE
                      Reduce Output Operator
                        key expressions: _col0 (type: bigint)
                        null sort order: z
                        sort order: +
                        Map-reduce partition columns: _col0 (type: bigint)
                        Statistics: Num rows: 235620 Data size: 1884960 Basic stats: COMPLETE Column stats: COMPLETE
            Execution mode: vectorized, llap
            LLAP IO: may be used (ACID table)
        Map 15 
            Map Operator Tree:
                TableScan
                  alias: promotion
                  filterExpr: (p_channel_tv = 'N') (type: boolean)
                  Statistics: Num rows: 2300 Data size: 213900 Basic stats: COMPLETE Column stats: COMPLETE
                  Filter Operator
                    predicate: (p_channel_tv = 'N') (type: boolean)
                    Statistics: Num rows: 1150 Data size: 106950 Basic stats: COMPLETE Column stats: COMPLETE
                    Select Operator
                      expressions: p_promo_sk (type: bigint)
                      outputColumnNames: _col0
                      Statistics: Num rows: 1150 Data size: 9200 Basic stats: COMPLETE Column stats: COMPLETE
                      Reduce Output Operator
                        key expressions: _col0 (type: bigint)
                        null sort order: z
                        sort order: +
                        Map-reduce partition columns: _col0 (type: bigint)
                        Statistics: Num rows: 1150 Data size: 9200 Basic stats: COMPLETE Column stats: COMPLETE
                      Select Operator
                        expressions: _col0 (type: bigint)
                        outputColumnNames: _col0
                        Statistics: Num rows: 1150 Data size: 9200 Basic stats: COMPLETE Column stats: COMPLETE
                        Group By Operator
                          aggregations: min(_col0), max(_col0), bloom_filter(_col0, expectedEntries=1000000)
                          minReductionHashAggr: 0.99
                          mode: hash
                          outputColumnNames: _col0, _col1, _col2
                          Statistics: Num rows: 1 Data size: 24 Basic stats: COMPLETE Column stats: COMPLETE
                          Reduce Output Operator
                            null sort order: 
                            sort order: 
                            Statistics: Num rows: 1 Data size: 24 Basic stats: COMPLETE Column stats: COMPLETE
                            value expressions: _col0 (type: bigint), _col1 (type: bigint), _col2 (type: binary)
                      Reduce Output Operator
                        key expressions: _col0 (type: bigint)
                        null sort order: z
                        sort order: +
                        Map-reduce partition columns: _col0 (type: bigint)
                        Statistics: Num rows: 1150 Data size: 9200 Basic stats: COMPLETE Column stats: COMPLETE
                      Select Operator
                        expressions: _col0 (type: bigint)
                        outputColumnNames: _col0
                        Statistics: Num rows: 1150 Data size: 9200 Basic stats: COMPLETE Column stats: COMPLETE
                        Group By Operator
                          aggregations: min(_col0), max(_col0), bloom_filter(_col0, expectedEntries=1000000)
                          minReductionHashAggr: 0.99
                          mode: hash
                          outputColumnNames: _col0, _col1, _col2
                          Statistics: Num rows: 1 Data size: 24 Basic stats: COMPLETE Column stats: COMPLETE
                          Reduce Output Operator
                            null sort order: 
                            sort order: 
                            Statistics: Num rows: 1 Data size: 24 Basic stats: COMPLETE Column stats: COMPLETE
                            value expressions: _col0 (type: bigint), _col1 (type: bigint), _col2 (type: binary)
                      Reduce Output Operator
                        key expressions: _col0 (type: bigint)
                        null sort order: z
                        sort order: +
                        Map-reduce partition columns: _col0 (type: bigint)
                        Statistics: Num rows: 1150 Data size: 9200 Basic stats: COMPLETE Column stats: COMPLETE
                      Select Operator
                        expressions: _col0 (type: bigint)
                        outputColumnNames: _col0
                        Statistics: Num rows: 1150 Data size: 9200 Basic stats: COMPLETE Column stats: COMPLETE
                        Group By Operator
                          aggregations: min(_col0), max(_col0), bloom_filter(_col0, expectedEntries=1000000)
                          minReductionHashAggr: 0.99
                          mode: hash
                          outputColumnNames: _col0, _col1, _col2
                          Statistics: Num rows: 1 Data size: 24 Basic stats: COMPLETE Column stats: COMPLETE
                          Reduce Output Operator
                            null sort order: 
                            sort order: 
                            Statistics: Num rows: 1 Data size: 24 Basic stats: COMPLETE Column stats: COMPLETE
                            value expressions: _col0 (type: bigint), _col1 (type: bigint), _col2 (type: binary)
            Execution mode: vectorized, llap
            LLAP IO: may be used (ACID table)
        Map 19 
            Map Operator Tree:
                TableScan
                  alias: catalog_page
                  Statistics: Num rows: 46000 Data size: 4968000 Basic stats: COMPLETE Column stats: COMPLETE
                  Select Operator
                    expressions: cp_catalog_page_sk (type: bigint), cp_catalog_page_id (type: string)
                    outputColumnNames: _col0, _col1
                    Statistics: Num rows: 46000 Data size: 4968000 Basic stats: COMPLETE Column stats: COMPLETE
                    Reduce Output Operator
                      key expressions: _col0 (type: bigint)
                      null sort order: z
                      sort order: +
                      Map-reduce partition columns: _col0 (type: bigint)
                      Statistics: Num rows: 46000 Data size: 4968000 Basic stats: COMPLETE Column stats: COMPLETE
                      value expressions: _col1 (type: string)
            Execution mode: vectorized, llap
            LLAP IO: may be used (ACID table)
        Map 20 
            Map Operator Tree:
                TableScan
                  alias: web_sales
                  filterExpr: (ws_web_site_sk is not null and ws_promo_sk is not null and ws_promo_sk BETWEEN DynamicValue(RS_98_promotion_p_promo_sk_min) AND DynamicValue(RS_98_promotion_p_promo_sk_max) and in_bloom_filter(ws_promo_sk, DynamicValue(RS_98_promotion_p_promo_sk_bloom_filter))) (type: boolean)
                  Statistics: Num rows: 21594638446 Data size: 5700638697608 Basic stats: COMPLETE Column stats: COMPLETE
                  Filter Operator
                    predicate: (ws_web_site_sk is not null and ws_promo_sk is not null and ws_promo_sk BETWEEN DynamicValue(RS_98_promotion_p_promo_sk_min) AND DynamicValue(RS_98_promotion_p_promo_sk_max) and in_bloom_filter(ws_promo_sk, DynamicValue(RS_98_promotion_p_promo_sk_bloom_filter))) (type: boolean)
                    Statistics: Num rows: 21589233207 Data size: 5699211801048 Basic stats: COMPLETE Column stats: COMPLETE
                    Select Operator
                      expressions: ws_item_sk (type: bigint), ws_web_site_sk (type: bigint), ws_promo_sk (type: bigint), ws_order_number (type: bigint), ws_ext_sales_price (type: decimal(7,2)), ws_net_profit (type: decimal(7,2)), ws_sold_date_sk (type: bigint)
                      outputColumnNames: _col0, _col1, _col2, _col3, _col4, _col5, _col6
                      Statistics: Num rows: 21589233207 Data size: 5699211801048 Basic stats: COMPLETE Column stats: COMPLETE
                      Reduce Output Operator
                        key expressions: _col0 (type: bigint), _col3 (type: bigint)
                        null sort order: zz
                        sort order: ++
                        Map-reduce partition columns: _col0 (type: bigint), _col3 (type: bigint)
                        Statistics: Num rows: 21589233207 Data size: 5699211801048 Basic stats: COMPLETE Column stats: COMPLETE
                        value expressions: _col1 (type: bigint), _col2 (type: bigint), _col4 (type: decimal(7,2)), _col5 (type: decimal(7,2)), _col6 (type: bigint)
            Execution mode: vectorized, llap
            LLAP IO: may be used (ACID table)
        Map 23 
            Map Operator Tree:
                TableScan
                  alias: web_returns
                  Statistics: Num rows: 2160007345 Data size: 496628694560 Basic stats: COMPLETE Column stats: COMPLETE
                  Select Operator
                    expressions: wr_item_sk (type: bigint), wr_order_number (type: bigint), wr_return_amt (type: decimal(7,2)), wr_net_loss (type: decimal(7,2))
                    outputColumnNames: _col0, _col1, _col2, _col3
                    Statistics: Num rows: 2160007345 Data size: 496628694560 Basic stats: COMPLETE Column stats: COMPLETE
                    Reduce Output Operator
                      key expressions: _col0 (type: bigint), _col1 (type: bigint)
                      null sort order: zz
                      sort order: ++
                      Map-reduce partition columns: _col0 (type: bigint), _col1 (type: bigint)
                      Statistics: Num rows: 2160007345 Data size: 496628694560 Basic stats: COMPLETE Column stats: COMPLETE
                      value expressions: _col2 (type: decimal(7,2)), _col3 (type: decimal(7,2))
            Execution mode: vectorized, llap
            LLAP IO: may be used (ACID table)
        Map 24 
            Map Operator Tree:
                TableScan
                  alias: web_site
                  Statistics: Num rows: 84 Data size: 9072 Basic stats: COMPLETE Column stats: COMPLETE
                  Select Operator
                    expressions: web_site_sk (type: bigint), web_site_id (type: string)
                    outputColumnNames: _col0, _col1
                    Statistics: Num rows: 84 Data size: 9072 Basic stats: COMPLETE Column stats: COMPLETE
                    Reduce Output Operator
                      key expressions: _col0 (type: bigint)
                      null sort order: z
                      sort order: +
                      Map-reduce partition columns: _col0 (type: bigint)
                      Statistics: Num rows: 84 Data size: 9072 Basic stats: COMPLETE Column stats: COMPLETE
                      value expressions: _col1 (type: string)
            Execution mode: vectorized, llap
            LLAP IO: may be used (ACID table)
        Map 7 
            Map Operator Tree:
                TableScan
                  alias: store_returns
                  Statistics: Num rows: 8634166995 Data size: 2004678961248 Basic stats: COMPLETE Column stats: COMPLETE
                  Select Operator
                    expressions: sr_item_sk (type: bigint), sr_ticket_number (type: bigint), sr_return_amt (type: decimal(7,2)), sr_net_loss (type: decimal(7,2))
                    outputColumnNames: _col0, _col1, _col2, _col3
                    Statistics: Num rows: 8634166995 Data size: 2004678961248 Basic stats: COMPLETE Column stats: COMPLETE
                    Reduce Output Operator
                      key expressions: _col0 (type: bigint), _col1 (type: bigint)
                      null sort order: zz
                      sort order: ++
                      Map-reduce partition columns: _col0 (type: bigint), _col1 (type: bigint)
                      Statistics: Num rows: 8634166995 Data size: 2004678961248 Basic stats: COMPLETE Column stats: COMPLETE
                      value expressions: _col2 (type: decimal(7,2)), _col3 (type: decimal(7,2))
            Execution mode: vectorized, llap
            LLAP IO: may be used (ACID table)
        Map 8 
            Map Operator Tree:
                TableScan
                  alias: date_dim
                  filterExpr: CAST( d_date AS TIMESTAMP) BETWEEN TIMESTAMP'1998-08-04 00:00:00' AND TIMESTAMP'1998-09-03 00:00:00' (type: boolean)
                  Statistics: Num rows: 73049 Data size: 4675136 Basic stats: COMPLETE Column stats: COMPLETE
                  Filter Operator
                    predicate: CAST( d_date AS TIMESTAMP) BETWEEN TIMESTAMP'1998-08-04 00:00:00' AND TIMESTAMP'1998-09-03 00:00:00' (type: boolean)
                    Statistics: Num rows: 8116 Data size: 519424 Basic stats: COMPLETE Column stats: COMPLETE
                    Select Operator
                      expressions: d_date_sk (type: bigint)
                      outputColumnNames: _col0
                      Statistics: Num rows: 8116 Data size: 64928 Basic stats: COMPLETE Column stats: COMPLETE
                      Reduce Output Operator
                        key expressions: _col0 (type: bigint)
                        null sort order: z
                        sort order: +
                        Map-reduce partition columns: _col0 (type: bigint)
                        Statistics: Num rows: 8116 Data size: 64928 Basic stats: COMPLETE Column stats: COMPLETE
                      Select Operator
                        expressions: _col0 (type: bigint)
                        outputColumnNames: _col0
                        Statistics: Num rows: 8116 Data size: 64928 Basic stats: COMPLETE Column stats: COMPLETE
                        Group By Operator
                          keys: _col0 (type: bigint)
                          minReductionHashAggr: 0.4
                          mode: hash
                          outputColumnNames: _col0
                          Statistics: Num rows: 8116 Data size: 64928 Basic stats: COMPLETE Column stats: COMPLETE
                          Dynamic Partitioning Event Operator
                            Target column: ss_sold_date_sk (bigint)
                            Target Input: store_sales
                            Partition key expr: ss_sold_date_sk
                            Statistics: Num rows: 8116 Data size: 64928 Basic stats: COMPLETE Column stats: COMPLETE
                            Target Vertex: Map 1
                      Reduce Output Operator
                        key expressions: _col0 (type: bigint)
                        null sort order: z
                        sort order: +
                        Map-reduce partition columns: _col0 (type: bigint)
                        Statistics: Num rows: 8116 Data size: 64928 Basic stats: COMPLETE Column stats: COMPLETE
                      Select Operator
                        expressions: _col0 (type: bigint)
                        outputColumnNames: _col0
                        Statistics: Num rows: 8116 Data size: 64928 Basic stats: COMPLETE Column stats: COMPLETE
                        Group By Operator
                          keys: _col0 (type: bigint)
                          minReductionHashAggr: 0.4
                          mode: hash
                          outputColumnNames: _col0
                          Statistics: Num rows: 8116 Data size: 64928 Basic stats: COMPLETE Column stats: COMPLETE
                          Dynamic Partitioning Event Operator
                            Target column: ws_sold_date_sk (bigint)
                            Target Input: web_sales
                            Partition key expr: ws_sold_date_sk
                            Statistics: Num rows: 8116 Data size: 64928 Basic stats: COMPLETE Column stats: COMPLETE
                            Target Vertex: Map 20
                      Reduce Output Operator
                        key expressions: _col0 (type: bigint)
                        null sort order: z
                        sort order: +
                        Map-reduce partition columns: _col0 (type: bigint)
                        Statistics: Num rows: 8116 Data size: 64928 Basic stats: COMPLETE Column stats: COMPLETE
                      Select Operator
                        expressions: _col0 (type: bigint)
                        outputColumnNames: _col0
                        Statistics: Num rows: 8116 Data size: 64928 Basic stats: COMPLETE Column stats: COMPLETE
                        Group By Operator
                          keys: _col0 (type: bigint)
                          minReductionHashAggr: 0.4
                          mode: hash
                          outputColumnNames: _col0
                          Statistics: Num rows: 8116 Data size: 64928 Basic stats: COMPLETE Column stats: COMPLETE
                          Dynamic Partitioning Event Operator
                            Target column: cs_sold_date_sk (bigint)
                            Target Input: catalog_sales
                            Partition key expr: cs_sold_date_sk
                            Statistics: Num rows: 8116 Data size: 64928 Basic stats: COMPLETE Column stats: COMPLETE
                            Target Vertex: Map 10
            Execution mode: vectorized, llap
            LLAP IO: may be used (ACID table)
        Map 9 
            Map Operator Tree:
                TableScan
                  alias: store
                  Statistics: Num rows: 1704 Data size: 184032 Basic stats: COMPLETE Column stats: COMPLETE
                  Select Operator
                    expressions: s_store_sk (type: bigint), s_store_id (type: string)
                    outputColumnNames: _col0, _col1
                    Statistics: Num rows: 1704 Data size: 184032 Basic stats: COMPLETE Column stats: COMPLETE
                    Reduce Output Operator
                      key expressions: _col0 (type: bigint)
                      null sort order: z
                      sort order: +
                      Map-reduce partition columns: _col0 (type: bigint)
                      Statistics: Num rows: 1704 Data size: 184032 Basic stats: COMPLETE Column stats: COMPLETE
                      value expressions: _col1 (type: string)
            Execution mode: vectorized, llap
            LLAP IO: may be used (ACID table)
        Reducer 11 
            Execution mode: vectorized, llap
            Reduce Operator Tree:
              Map Join Operator
                condition map:
                     Left Outer Join 0 to 1
                keys:
                  0 KEY.reducesinkkey0 (type: bigint), KEY.reducesinkkey1 (type: bigint)
                  1 KEY.reducesinkkey0 (type: bigint), KEY.reducesinkkey1 (type: bigint)
                outputColumnNames: _col0, _col1, _col2, _col4, _col5, _col6, _col9, _col10
                input vertices:
                  1 Map 13
                Statistics: Num rows: 68128960197 Data size: 26694756517832 Basic stats: COMPLETE Column stats: COMPLETE
                DynamicPartitionHashJoin: true
                Map Join Operator
                  condition map:
                       Inner Join 0 to 1
                  keys:
                    0 _col1 (type: bigint)
                    1 _col0 (type: bigint)
                  outputColumnNames: _col0, _col2, _col4, _col5, _col6, _col9, _col10
                  input vertices:
                    1 Map 14
                  Statistics: Num rows: 34745769051 Data size: 10392858615344 Basic stats: COMPLETE Column stats: COMPLETE
                  Map Join Operator
                    condition map:
                         Inner Join 0 to 1
                    keys:
                      0 _col2 (type: bigint)
                      1 _col0 (type: bigint)
                    outputColumnNames: _col0, _col4, _col5, _col6, _col9, _col10
                    input vertices:
                      1 Map 15
                    Statistics: Num rows: 17372884526 Data size: 4156645910128 Basic stats: COMPLETE Column stats: COMPLETE
                    Map Join Operator
                      condition map:
                           Inner Join 0 to 1
                      keys:
                        0 _col6 (type: bigint)
                        1 _col0 (type: bigint)
                      outputColumnNames: _col0, _col4, _col5, _col9, _col10
                      input vertices:
                        1 Map 8
                      Statistics: Num rows: 1930188361 Data size: 434957323640 Basic stats: COMPLETE Column stats: COMPLETE
                      Map Join Operator
                        condition map:
                             Inner Join 0 to 1
                        keys:
                          0 _col0 (type: bigint)
                          1 _col0 (type: bigint)
                        outputColumnNames: _col4, _col5, _col9, _col10, _col15
                        input vertices:
                          1 Map 19
                        Statistics: Num rows: 1930188361 Data size: 613394664868 Basic stats: COMPLETE Column stats: COMPLETE
                        Select Operator
                          expressions: _col15 (type: string), _col4 (type: decimal(7,2)), CASE WHEN (_col9 is not null) THEN (_col9) ELSE (0) END (type: decimal(7,2)), (_col5 - CASE WHEN (_col10 is not null) THEN (_col10) ELSE (0) END) (type: decimal(8,2))
                          outputColumnNames: _col0, _col1, _col2, _col3
                          Statistics: Num rows: 1930188361 Data size: 613394664868 Basic stats: COMPLETE Column stats: COMPLETE
                          Group By Operator
                            aggregations: sum(_col1), sum(_col2), sum(_col3)
                            keys: _col0 (type: string)
                            minReductionHashAggr: 0.99
                            mode: hash
                            outputColumnNames: _col0, _col1, _col2, _col3
                            Statistics: Num rows: 110000727 Data size: 47960316972 Basic stats: COMPLETE Column stats: COMPLETE
                            Reduce Output Operator
                              key expressions: _col0 (type: string)
                              null sort order: z
                              sort order: +
                              Map-reduce partition columns: _col0 (type: string)
                              Statistics: Num rows: 110000727 Data size: 47960316972 Basic stats: COMPLETE Column stats: COMPLETE
                              value expressions: _col1 (type: decimal(17,2)), _col2 (type: decimal(17,2)), _col3 (type: decimal(18,2))
        Reducer 12 
            Execution mode: vectorized, llap
            Reduce Operator Tree:
              Group By Operator
                aggregations: sum(VALUE._col0), sum(VALUE._col1), sum(VALUE._col2)
                keys: KEY._col0 (type: string)
                mode: mergepartial
                outputColumnNames: _col0, _col1, _col2, _col3
                Statistics: Num rows: 45891 Data size: 20008476 Basic stats: COMPLETE Column stats: COMPLETE
                Select Operator
                  expressions: 'catalog channel' (type: string), concat('catalog_page', _col0) (type: string), _col1 (type: decimal(17,2)), _col2 (type: decimal(17,2)), _col3 (type: decimal(18,2))
                  outputColumnNames: _col0, _col1, _col2, _col3, _col4
                  Statistics: Num rows: 45891 Data size: 28406529 Basic stats: COMPLETE Column stats: COMPLETE
                  Top N Key Operator
                    sort order: ++
                    keys: _col0 (type: string), _col1 (type: string)
                    null sort order: zz
                    Statistics: Num rows: 46812 Data size: 28974702 Basic stats: COMPLETE Column stats: COMPLETE
                    top n: 100
                    Group By Operator
                      aggregations: sum(_col2), sum(_col3), sum(_col4)
                      keys: _col0 (type: string), _col1 (type: string), 0L (type: bigint)
                      grouping sets: 0, 1, 3
                      minReductionHashAggr: 0.4
                      mode: hash
                      outputColumnNames: _col0, _col1, _col2, _col3, _col4, _col5
                      Statistics: Num rows: 70218 Data size: 44026686 Basic stats: COMPLETE Column stats: COMPLETE
                      Reduce Output Operator
                        key expressions: _col0 (type: string), _col1 (type: string), _col2 (type: bigint)
                        null sort order: zzz
                        sort order: +++
                        Map-reduce partition columns: _col0 (type: string), _col1 (type: string), _col2 (type: bigint)
                        Statistics: Num rows: 70218 Data size: 44026686 Basic stats: COMPLETE Column stats: COMPLETE
                        value expressions: _col3 (type: decimal(27,2)), _col4 (type: decimal(27,2)), _col5 (type: decimal(28,2))
        Reducer 16 
            Execution mode: vectorized, llap
            Reduce Operator Tree:
              Group By Operator
                aggregations: min(VALUE._col0), max(VALUE._col1), bloom_filter(VALUE._col2, expectedEntries=1000000)
                mode: final
                outputColumnNames: _col0, _col1, _col2
                Statistics: Num rows: 1 Data size: 24 Basic stats: COMPLETE Column stats: COMPLETE
                Reduce Output Operator
                  null sort order: 
                  sort order: 
                  Statistics: Num rows: 1 Data size: 24 Basic stats: COMPLETE Column stats: COMPLETE
                  value expressions: _col0 (type: bigint), _col1 (type: bigint), _col2 (type: binary)
        Reducer 17 
            Execution mode: vectorized, llap
            Reduce Operator Tree:
              Group By Operator
                aggregations: min(VALUE._col0), max(VALUE._col1), bloom_filter(VALUE._col2, expectedEntries=1000000)
                mode: final
                outputColumnNames: _col0, _col1, _col2
                Statistics: Num rows: 1 Data size: 24 Basic stats: COMPLETE Column stats: COMPLETE
                Reduce Output Operator
                  null sort order: 
                  sort order: 
                  Statistics: Num rows: 1 Data size: 24 Basic stats: COMPLETE Column stats: COMPLETE
                  value expressions: _col0 (type: bigint), _col1 (type: bigint), _col2 (type: binary)
        Reducer 18 
            Execution mode: vectorized, llap
            Reduce Operator Tree:
              Group By Operator
                aggregations: min(VALUE._col0), max(VALUE._col1), bloom_filter(VALUE._col2, expectedEntries=1000000)
                mode: final
                outputColumnNames: _col0, _col1, _col2
                Statistics: Num rows: 1 Data size: 24 Basic stats: COMPLETE Column stats: COMPLETE
                Reduce Output Operator
                  null sort order: 
                  sort order: 
                  Statistics: Num rows: 1 Data size: 24 Basic stats: COMPLETE Column stats: COMPLETE
                  value expressions: _col0 (type: bigint), _col1 (type: bigint), _col2 (type: binary)
        Reducer 2 
            Execution mode: vectorized, llap
            Reduce Operator Tree:
              Map Join Operator
                condition map:
                     Left Outer Join 0 to 1
                keys:
                  0 KEY.reducesinkkey0 (type: bigint), KEY.reducesinkkey1 (type: bigint)
                  1 KEY.reducesinkkey0 (type: bigint), KEY.reducesinkkey1 (type: bigint)
                outputColumnNames: _col0, _col1, _col2, _col4, _col5, _col6, _col9, _col10
                input vertices:
                  1 Map 7
                Statistics: Num rows: 125690246562 Data size: 52704730158864 Basic stats: COMPLETE Column stats: COMPLETE
                DynamicPartitionHashJoin: true
                Map Join Operator
                  condition map:
                       Inner Join 0 to 1
                  keys:
                    0 _col0 (type: bigint)
                    1 _col0 (type: bigint)
                  outputColumnNames: _col1, _col2, _col4, _col5, _col6, _col9, _col10
                  input vertices:
                    1 Map 14
                  Statistics: Num rows: 64102024548 Data size: 22629567395760 Basic stats: COMPLETE Column stats: COMPLETE
                  Map Join Operator
                    condition map:
                         Inner Join 0 to 1
                    keys:
                      0 _col2 (type: bigint)
                      1 _col0 (type: bigint)
                    outputColumnNames: _col1, _col4, _col5, _col6, _col9, _col10
                    input vertices:
                      1 Map 15
                    Statistics: Num rows: 32051012274 Data size: 7261741124624 Basic stats: COMPLETE Column stats: COMPLETE
                    Map Join Operator
                      condition map:
                           Inner Join 0 to 1
                      keys:
                        0 _col6 (type: bigint)
                        1 _col0 (type: bigint)
                      outputColumnNames: _col1, _col4, _col5, _col9, _col10
                      input vertices:
                        1 Map 8
                      Statistics: Num rows: 3560979800 Data size: 395645492464 Basic stats: COMPLETE Column stats: COMPLETE
                      Map Join Operator
                        condition map:
                             Inner Join 0 to 1
                        keys:
                          0 _col1 (type: bigint)
                          1 _col0 (type: bigint)
                        outputColumnNames: _col4, _col5, _col9, _col10, _col15
                        input vertices:
                          1 Map 9
                        Statistics: Num rows: 3560979800 Data size: 738066718256 Basic stats: COMPLETE Column stats: COMPLETE
                        Select Operator
                          expressions: _col15 (type: string), _col4 (type: decimal(7,2)), CASE WHEN (_col9 is not null) THEN (_col9) ELSE (0) END (type: decimal(7,2)), (_col5 - CASE WHEN (_col10 is not null) THEN (_col10) ELSE (0) END) (type: decimal(8,2))
                          outputColumnNames: _col0, _col1, _col2, _col3
                          Statistics: Num rows: 3560979800 Data size: 738066718256 Basic stats: COMPLETE Column stats: COMPLETE
                          Group By Operator
                            aggregations: sum(_col1), sum(_col2), sum(_col3)
                            keys: _col0 (type: string)
                            minReductionHashAggr: 0.99
                            mode: hash
                            outputColumnNames: _col0, _col1, _col2, _col3
                            Statistics: Num rows: 2535036 Data size: 1105275696 Basic stats: COMPLETE Column stats: COMPLETE
                            Reduce Output Operator
                              key expressions: _col0 (type: string)
                              null sort order: z
                              sort order: +
                              Map-reduce partition columns: _col0 (type: string)
                              Statistics: Num rows: 2535036 Data size: 1105275696 Basic stats: COMPLETE Column stats: COMPLETE
                              value expressions: _col1 (type: decimal(17,2)), _col2 (type: decimal(17,2)), _col3 (type: decimal(18,2))
        Reducer 21 
            Execution mode: vectorized, llap
            Reduce Operator Tree:
              Map Join Operator
                condition map:
                     Left Outer Join 0 to 1
                keys:
                  0 KEY.reducesinkkey0 (type: bigint), KEY.reducesinkkey1 (type: bigint)
                  1 KEY.reducesinkkey0 (type: bigint), KEY.reducesinkkey1 (type: bigint)
                outputColumnNames: _col0, _col1, _col2, _col4, _col5, _col6, _col9, _col10
                input vertices:
                  1 Map 23
                Statistics: Num rows: 33638432926 Data size: 14382415234448 Basic stats: COMPLETE Column stats: COMPLETE
                DynamicPartitionHashJoin: true
                Map Join Operator
                  condition map:
                       Inner Join 0 to 1
                  keys:
                    0 _col0 (type: bigint)
                    1 _col0 (type: bigint)
                  outputColumnNames: _col1, _col2, _col4, _col5, _col6, _col9, _col10
                  input vertices:
                    1 Map 14
                  Statistics: Num rows: 17155600472 Data size: 6333410852752 Basic stats: COMPLETE Column stats: COMPLETE
                  Map Join Operator
                    condition map:
                         Inner Join 0 to 1
                    keys:
                      0 _col2 (type: bigint)
                      1 _col0 (type: bigint)
                    outputColumnNames: _col1, _col4, _col5, _col6, _col9, _col10
                    input vertices:
                      1 Map 15
                    Statistics: Num rows: 8577800236 Data size: 2216088348040 Basic stats: COMPLETE Column stats: COMPLETE
                    Map Join Operator
                      condition map:
                           Inner Join 0 to 1
                      keys:
                        0 _col6 (type: bigint)
                        1 _col0 (type: bigint)
                      outputColumnNames: _col1, _col4, _col5, _col9, _col10
                      input vertices:
                        1 Map 8
                      Statistics: Num rows: 953023671 Data size: 220777334864 Basic stats: COMPLETE Column stats: COMPLETE
                      Map Join Operator
                        condition map:
                             Inner Join 0 to 1
                        keys:
                          0 _col1 (type: bigint)
                          1 _col0 (type: bigint)
                        outputColumnNames: _col4, _col5, _col9, _col10, _col15
                        input vertices:
                          1 Map 24
                        Statistics: Num rows: 953023671 Data size: 308477137804 Basic stats: COMPLETE Column stats: COMPLETE
                        Select Operator
                          expressions: _col15 (type: string), _col4 (type: decimal(7,2)), CASE WHEN (_col9 is not null) THEN (_col9) ELSE (0) END (type: decimal(7,2)), (_col5 - CASE WHEN (_col10 is not null) THEN (_col10) ELSE (0) END) (type: decimal(8,2))
                          outputColumnNames: _col0, _col1, _col2, _col3
                          Statistics: Num rows: 953023671 Data size: 308477137804 Basic stats: COMPLETE Column stats: COMPLETE
                          Group By Operator
                            aggregations: sum(_col1), sum(_col2), sum(_col3)
                            keys: _col0 (type: string)
                            minReductionHashAggr: 0.99
                            mode: hash
                            outputColumnNames: _col0, _col1, _col2, _col3
                            Statistics: Num rows: 50610 Data size: 22065960 Basic stats: COMPLETE Column stats: COMPLETE
                            Reduce Output Operator
                              key expressions: _col0 (type: string)
                              null sort order: z
                              sort order: +
                              Map-reduce partition columns: _col0 (type: string)
                              Statistics: Num rows: 50610 Data size: 22065960 Basic stats: COMPLETE Column stats: COMPLETE
                              value expressions: _col1 (type: decimal(17,2)), _col2 (type: decimal(17,2)), _col3 (type: decimal(18,2))
        Reducer 22 
            Execution mode: vectorized, llap
            Reduce Operator Tree:
              Group By Operator
                aggregations: sum(VALUE._col0), sum(VALUE._col1), sum(VALUE._col2)
                keys: KEY._col0 (type: string)
                mode: mergepartial
                outputColumnNames: _col0, _col1, _col2, _col3
                Statistics: Num rows: 42 Data size: 18312 Basic stats: COMPLETE Column stats: COMPLETE
                Select Operator
                  expressions: 'web channel' (type: string), concat('web_site', _col0) (type: string), _col1 (type: decimal(17,2)), _col2 (type: decimal(17,2)), _col3 (type: decimal(18,2))
                  outputColumnNames: _col0, _col1, _col2, _col3, _col4
                  Statistics: Num rows: 42 Data size: 25830 Basic stats: COMPLETE Column stats: COMPLETE
                  Top N Key Operator
                    sort order: ++
                    keys: _col0 (type: string), _col1 (type: string)
                    null sort order: zz
                    Statistics: Num rows: 46812 Data size: 28974702 Basic stats: COMPLETE Column stats: COMPLETE
                    top n: 100
                    Group By Operator
                      aggregations: sum(_col2), sum(_col3), sum(_col4)
                      keys: _col0 (type: string), _col1 (type: string), 0L (type: bigint)
                      grouping sets: 0, 1, 3
                      minReductionHashAggr: 0.4
                      mode: hash
                      outputColumnNames: _col0, _col1, _col2, _col3, _col4, _col5
                      Statistics: Num rows: 70218 Data size: 44026686 Basic stats: COMPLETE Column stats: COMPLETE
                      Reduce Output Operator
                        key expressions: _col0 (type: string), _col1 (type: string), _col2 (type: bigint)
                        null sort order: zzz
                        sort order: +++
                        Map-reduce partition columns: _col0 (type: string), _col1 (type: string), _col2 (type: bigint)
                        Statistics: Num rows: 70218 Data size: 44026686 Basic stats: COMPLETE Column stats: COMPLETE
                        value expressions: _col3 (type: decimal(27,2)), _col4 (type: decimal(27,2)), _col5 (type: decimal(28,2))
        Reducer 3 
            Execution mode: vectorized, llap
            Reduce Operator Tree:
              Group By Operator
                aggregations: sum(VALUE._col0), sum(VALUE._col1), sum(VALUE._col2)
                keys: KEY._col0 (type: string)
                mode: mergepartial
                outputColumnNames: _col0, _col1, _col2, _col3
                Statistics: Num rows: 879 Data size: 383244 Basic stats: COMPLETE Column stats: COMPLETE
                Select Operator
                  expressions: 'store channel' (type: string), concat('store', _col0) (type: string), _col1 (type: decimal(17,2)), _col2 (type: decimal(17,2)), _col3 (type: decimal(18,2))
                  outputColumnNames: _col0, _col1, _col2, _col3, _col4
                  Statistics: Num rows: 879 Data size: 542343 Basic stats: COMPLETE Column stats: COMPLETE
                  Top N Key Operator
                    sort order: ++
                    keys: _col0 (type: string), _col1 (type: string)
                    null sort order: zz
                    Statistics: Num rows: 46812 Data size: 28974702 Basic stats: COMPLETE Column stats: COMPLETE
                    top n: 100
                    Group By Operator
                      aggregations: sum(_col2), sum(_col3), sum(_col4)
                      keys: _col0 (type: string), _col1 (type: string), 0L (type: bigint)
                      grouping sets: 0, 1, 3
                      minReductionHashAggr: 0.4
                      mode: hash
                      outputColumnNames: _col0, _col1, _col2, _col3, _col4, _col5
                      Statistics: Num rows: 70218 Data size: 44026686 Basic stats: COMPLETE Column stats: COMPLETE
                      Reduce Output Operator
                        key expressions: _col0 (type: string), _col1 (type: string), _col2 (type: bigint)
                        null sort order: zzz
                        sort order: +++
                        Map-reduce partition columns: _col0 (type: string), _col1 (type: string), _col2 (type: bigint)
                        Statistics: Num rows: 70218 Data size: 44026686 Basic stats: COMPLETE Column stats: COMPLETE
                        value expressions: _col3 (type: decimal(27,2)), _col4 (type: decimal(27,2)), _col5 (type: decimal(28,2))
        Reducer 5 
            Execution mode: vectorized, llap
            Reduce Operator Tree:
              Group By Operator
                aggregations: sum(VALUE._col0), sum(VALUE._col1), sum(VALUE._col2)
                keys: KEY._col0 (type: string), KEY._col1 (type: string), KEY._col2 (type: bigint)
                mode: mergepartial
                outputColumnNames: _col0, _col1, _col3, _col4, _col5
                Statistics: Num rows: 70218 Data size: 44026686 Basic stats: COMPLETE Column stats: COMPLETE
                pruneGroupingSetId: true
                Select Operator
                  expressions: _col0 (type: string), _col1 (type: string), _col3 (type: decimal(27,2)), _col4 (type: decimal(27,2)), _col5 (type: decimal(28,2))
                  outputColumnNames: _col0, _col1, _col2, _col3, _col4
                  Statistics: Num rows: 70218 Data size: 43464942 Basic stats: COMPLETE Column stats: COMPLETE
                  Reduce Output Operator
                    key expressions: _col0 (type: string), _col1 (type: string)
                    null sort order: zz
                    sort order: ++
                    Statistics: Num rows: 70218 Data size: 43464942 Basic stats: COMPLETE Column stats: COMPLETE
                    value expressions: _col2 (type: decimal(27,2)), _col3 (type: decimal(27,2)), _col4 (type: decimal(28,2))
        Reducer 6 
            Execution mode: vectorized, llap
            Reduce Operator Tree:
              Select Operator
                expressions: KEY.reducesinkkey0 (type: string), KEY.reducesinkkey1 (type: string), VALUE._col0 (type: decimal(27,2)), VALUE._col1 (type: decimal(27,2)), VALUE._col2 (type: decimal(28,2))
                outputColumnNames: _col0, _col1, _col2, _col3, _col4
                Statistics: Num rows: 70218 Data size: 43464942 Basic stats: COMPLETE Column stats: COMPLETE
                Limit
                  Number of rows: 100
                  Statistics: Num rows: 100 Data size: 61900 Basic stats: COMPLETE Column stats: COMPLETE
                  File Output Operator
                    compressed: false
                    Statistics: Num rows: 100 Data size: 61900 Basic stats: COMPLETE Column stats: COMPLETE
                    table:
                        input format: org.apache.hadoop.mapred.SequenceFileInputFormat
                        output format: org.apache.hadoop.hive.ql.io.HiveSequenceFileOutputFormat
                        serde: org.apache.hadoop.hive.serde2.lazy.LazySimpleSerDe
        Union 4 
            Vertex: Union 4

  Stage: Stage-0
    Fetch Operator
      limit: 100
      Processor Tree:
        ListSink

