STAGE DEPENDENCIES:
  Stage-1 is a root stage
  Stage-0 depends on stages: Stage-1

STAGE PLANS:
  Stage: Stage-1
    Tez
#### A masked pattern was here ####
      Edges:
        Map 1 <- Reducer 4 (BROADCAST_EDGE)
        Map 3 <- Map 5 (BROADCAST_EDGE), Map 6 (BROADCAST_EDGE), Map 7 (BROADCAST_EDGE)
        Reducer 2 <- Map 1 (SIMPLE_EDGE)
        Reducer 4 <- Map 3 (SIMPLE_EDGE)
#### A masked pattern was here ####
      Vertices:
        Map 1 
            Map Operator Tree:
                TableScan
                  alias: customer
                  probeDecodeDetails: cacheKey:HASH_MAP_MAPJOIN_92_container, bigKeyColName:c_customer_sk, smallTablePos:1, keyRatio:1.25E-8
                  Statistics: Num rows: 80000000 Data size: 28800000000 Basic stats: COMPLETE Column stats: COMPLETE
                  Select Operator
                    expressions: c_customer_sk (type: bigint), c_salutation (type: char(10)), c_first_name (type: char(20)), c_last_name (type: char(30)), c_preferred_cust_flag (type: char(1))
                    outputColumnNames: _col0, _col1, _col2, _col3, _col4
                    Statistics: Num rows: 80000000 Data size: 28800000000 Basic stats: COMPLETE Column stats: COMPLETE
                    Map Join Operator
                      condition map:
                           Inner Join 0 to 1
                      keys:
                        0 _col0 (type: bigint)
                        1 _col1 (type: bigint)
                      outputColumnNames: _col1, _col2, _col3, _col4, _col5, _col7
                      input vertices:
                        1 Reducer 4
                      Statistics: Num rows: 6 Data size: 2208 Basic stats: COMPLETE Column stats: COMPLETE
                      Select Operator
                        expressions: _col3 (type: char(30)), _col2 (type: char(20)), _col1 (type: char(10)), _col4 (type: char(1)), _col5 (type: bigint), _col7 (type: bigint)
                        outputColumnNames: _col0, _col1, _col2, _col3, _col4, _col5
                        Statistics: Num rows: 6 Data size: 2208 Basic stats: COMPLETE Column stats: COMPLETE
                        Reduce Output Operator
                          key expressions: _col0 (type: char(30)), _col1 (type: char(20)), _col2 (type: char(10)), _col3 (type: char(1))
                          null sort order: zzza
                          sort order: +++-
                          Statistics: Num rows: 6 Data size: 2208 Basic stats: COMPLETE Column stats: COMPLETE
                          value expressions: _col4 (type: bigint), _col5 (type: bigint)
            Execution mode: vectorized, llap
            LLAP IO: may be used (ACID table)
        Map 3 
            Map Operator Tree:
                TableScan
                  alias: store_sales
                  filterExpr: (ss_hdemo_sk is not null and ss_customer_sk is not null and ss_store_sk is not null) (type: boolean)
                  probeDecodeDetails: cacheKey:HASH_MAP_MAPJOIN_91_container, bigKeyColName:ss_store_sk, smallTablePos:1, keyRatio:1.0878322963754328E-6
                  Statistics: Num rows: 82510879939 Data size: 3253774532920 Basic stats: COMPLETE Column stats: COMPLETE
                  Filter Operator
                    predicate: (ss_hdemo_sk is not null and ss_customer_sk is not null and ss_store_sk is not null) (type: boolean)
                    Statistics: Num rows: 76814649841 Data size: 3029146599728 Basic stats: COMPLETE Column stats: COMPLETE
                    Select Operator
                      expressions: ss_customer_sk (type: bigint), ss_hdemo_sk (type: bigint), ss_store_sk (type: bigint), ss_ticket_number (type: bigint), ss_sold_date_sk (type: bigint)
                      outputColumnNames: _col0, _col1, _col2, _col3, _col4
                      Statistics: Num rows: 76814649841 Data size: 3029146599728 Basic stats: COMPLETE Column stats: COMPLETE
                      Map Join Operator
                        condition map:
                             Inner Join 0 to 1
                        keys:
                          0 _col4 (type: bigint)
                          1 _col0 (type: bigint)
                        outputColumnNames: _col0, _col1, _col2, _col3
                        input vertices:
                          1 Map 5
                        Statistics: Num rows: 10474581088 Data size: 291747200904 Basic stats: COMPLETE Column stats: COMPLETE
                        Map Join Operator
                          condition map:
                               Inner Join 0 to 1
                          keys:
                            0 _col1 (type: bigint)
                            1 _col0 (type: bigint)
                          outputColumnNames: _col0, _col2, _col3
                          input vertices:
                            1 Map 6
                          Statistics: Num rows: 1396610885 Data size: 11172887096 Basic stats: COMPLETE Column stats: COMPLETE
                          Map Join Operator
                            condition map:
                                 Inner Join 0 to 1
                            keys:
                              0 _col2 (type: bigint)
                              1 _col0 (type: bigint)
                            outputColumnNames: _col0, _col3
                            input vertices:
                              1 Map 7
                            Statistics: Num rows: 87801095 Data size: 702408768 Basic stats: COMPLETE Column stats: COMPLETE
                            Group By Operator
                              aggregations: count()
                              keys: _col0 (type: bigint), _col3 (type: bigint)
                              minReductionHashAggr: 0.4
                              mode: hash
                              outputColumnNames: _col0, _col1, _col2
                              Statistics: Num rows: 87801095 Data size: 1404817528 Basic stats: COMPLETE Column stats: COMPLETE
                              Reduce Output Operator
                                key expressions: _col0 (type: bigint), _col1 (type: bigint)
                                null sort order: zz
                                sort order: ++
                                Map-reduce partition columns: _col0 (type: bigint), _col1 (type: bigint)
                                Statistics: Num rows: 87801095 Data size: 1404817528 Basic stats: COMPLETE Column stats: COMPLETE
                                value expressions: _col2 (type: bigint)
            Execution mode: vectorized, llap
            LLAP IO: may be used (ACID table)
        Map 5 
            Map Operator Tree:
                TableScan
                  alias: date_dim
                  filterExpr: ((d_year) IN (2000, 2001, 2002) and (d_dom BETWEEN 1 AND 3 or d_dom BETWEEN 25 AND 28) and ((d_dom >= 1) or (d_dom <= 3) or (d_dom >= 25) or (d_dom <= 28))) (type: boolean)
                  Statistics: Num rows: 73049 Data size: 1168784 Basic stats: COMPLETE Column stats: COMPLETE
                  Filter Operator
                    predicate: ((d_year) IN (2000, 2001, 2002) and (d_dom BETWEEN 1 AND 3 or d_dom BETWEEN 25 AND 28) and ((d_dom >= 1) or (d_dom <= 3) or (d_dom >= 25) or (d_dom <= 28))) (type: boolean)
                    Statistics: Num rows: 249 Data size: 3984 Basic stats: COMPLETE Column stats: COMPLETE
                    Select Operator
                      expressions: d_date_sk (type: bigint)
                      outputColumnNames: _col0
                      Statistics: Num rows: 249 Data size: 1992 Basic stats: COMPLETE Column stats: COMPLETE
                      Reduce Output Operator
                        key expressions: _col0 (type: bigint)
                        null sort order: z
                        sort order: +
                        Map-reduce partition columns: _col0 (type: bigint)
                        Statistics: Num rows: 249 Data size: 1992 Basic stats: COMPLETE Column stats: COMPLETE
                      Select Operator
                        expressions: _col0 (type: bigint)
                        outputColumnNames: _col0
                        Statistics: Num rows: 249 Data size: 1992 Basic stats: COMPLETE Column stats: COMPLETE
                        Group By Operator
                          keys: _col0 (type: bigint)
                          minReductionHashAggr: 0.4
                          mode: hash
                          outputColumnNames: _col0
                          Statistics: Num rows: 249 Data size: 1992 Basic stats: COMPLETE Column stats: COMPLETE
                          Dynamic Partitioning Event Operator
                            Target column: ss_sold_date_sk (bigint)
                            Target Input: store_sales
                            Partition key expr: ss_sold_date_sk
                            Statistics: Num rows: 249 Data size: 1992 Basic stats: COMPLETE Column stats: COMPLETE
                            Target Vertex: Map 3
            Execution mode: vectorized, llap
            LLAP IO: may be used (ACID table)
        Map 6 
            Map Operator Tree:
                TableScan
                  alias: household_demographics
                  filterExpr: ((hd_vehicle_count > 0) and (hd_buy_potential) IN ('>10000         ', 'unknown        ') and CASE WHEN ((hd_vehicle_count > 0)) THEN (((UDFToDouble(hd_dep_count) / UDFToDouble(hd_vehicle_count)) > 1.2D)) ELSE (false) END) (type: boolean)
                  Statistics: Num rows: 7200 Data size: 777600 Basic stats: COMPLETE Column stats: COMPLETE
                  Filter Operator
                    predicate: ((hd_vehicle_count > 0) and (hd_buy_potential) IN ('>10000         ', 'unknown        ') and CASE WHEN ((hd_vehicle_count > 0)) THEN (((UDFToDouble(hd_dep_count) / UDFToDouble(hd_vehicle_count)) > 1.2D)) ELSE (false) END) (type: boolean)
                    Statistics: Num rows: 960 Data size: 103680 Basic stats: COMPLETE Column stats: COMPLETE
                    Select Operator
                      expressions: hd_demo_sk (type: bigint)
                      outputColumnNames: _col0
                      Statistics: Num rows: 960 Data size: 7680 Basic stats: COMPLETE Column stats: COMPLETE
                      Reduce Output Operator
                        key expressions: _col0 (type: bigint)
                        null sort order: z
                        sort order: +
                        Map-reduce partition columns: _col0 (type: bigint)
                        Statistics: Num rows: 960 Data size: 7680 Basic stats: COMPLETE Column stats: COMPLETE
            Execution mode: vectorized, llap
            LLAP IO: may be used (ACID table)
        Map 7 
            Map Operator Tree:
                TableScan
                  alias: store
                  filterExpr: (s_county) IN ('Mobile County', 'Maverick County', 'Huron County', 'Kittitas County', 'Fairfield County', 'Jackson County', 'Barrow County', 'Pennington County') (type: boolean)
                  Statistics: Num rows: 1704 Data size: 180624 Basic stats: COMPLETE Column stats: COMPLETE
                  Filter Operator
                    predicate: (s_county) IN ('Mobile County', 'Maverick County', 'Huron County', 'Kittitas County', 'Fairfield County', 'Jackson County', 'Barrow County', 'Pennington County') (type: boolean)
                    Statistics: Num rows: 107 Data size: 11342 Basic stats: COMPLETE Column stats: COMPLETE
                    Select Operator
                      expressions: s_store_sk (type: bigint)
                      outputColumnNames: _col0
                      Statistics: Num rows: 107 Data size: 856 Basic stats: COMPLETE Column stats: COMPLETE
                      Reduce Output Operator
                        key expressions: _col0 (type: bigint)
                        null sort order: z
                        sort order: +
                        Map-reduce partition columns: _col0 (type: bigint)
                        Statistics: Num rows: 107 Data size: 856 Basic stats: COMPLETE Column stats: COMPLETE
            Execution mode: vectorized, llap
            LLAP IO: may be used (ACID table)
        Reducer 2 
            Execution mode: vectorized, llap
            Reduce Operator Tree:
              Select Operator
                expressions: KEY.reducesinkkey0 (type: char(30)), KEY.reducesinkkey1 (type: char(20)), KEY.reducesinkkey2 (type: char(10)), KEY.reducesinkkey3 (type: char(1)), VALUE._col0 (type: bigint), VALUE._col1 (type: bigint)
                outputColumnNames: _col0, _col1, _col2, _col3, _col4, _col5
                Statistics: Num rows: 6 Data size: 2208 Basic stats: COMPLETE Column stats: COMPLETE
                File Output Operator
                  compressed: false
                  Statistics: Num rows: 6 Data size: 2208 Basic stats: COMPLETE Column stats: COMPLETE
                  table:
                      input format: org.apache.hadoop.mapred.SequenceFileInputFormat
                      output format: org.apache.hadoop.hive.ql.io.HiveSequenceFileOutputFormat
                      serde: org.apache.hadoop.hive.serde2.lazy.LazySimpleSerDe
        Reducer 4 
            Execution mode: vectorized, llap
            Reduce Operator Tree:
              Group By Operator
                aggregations: count(VALUE._col0)
                keys: KEY._col0 (type: bigint), KEY._col1 (type: bigint)
                mode: mergepartial
                outputColumnNames: _col0, _col1, _col2
                Statistics: Num rows: 87801095 Data size: 1404817528 Basic stats: COMPLETE Column stats: COMPLETE
                Select Operator
                  expressions: _col1 (type: bigint), _col0 (type: bigint), _col2 (type: bigint)
                  outputColumnNames: _col0, _col1, _col2
                  Statistics: Num rows: 87801095 Data size: 1404817528 Basic stats: COMPLETE Column stats: COMPLETE
                  Filter Operator
                    predicate: _col2 BETWEEN 15L AND 20L (type: boolean)
                    Statistics: Num rows: 6 Data size: 104 Basic stats: COMPLETE Column stats: COMPLETE
                    Reduce Output Operator
                      key expressions: _col1 (type: bigint)
                      null sort order: z
                      sort order: +
                      Map-reduce partition columns: _col1 (type: bigint)
                      Statistics: Num rows: 6 Data size: 104 Basic stats: COMPLETE Column stats: COMPLETE
                      value expressions: _col0 (type: bigint), _col2 (type: bigint)

  Stage: Stage-0
    Fetch Operator
      limit: -1
      Processor Tree:
        ListSink

