STAGE DEPENDENCIES:
  Stage-1 is a root stage
  Stage-0 depends on stages: Stage-1

STAGE PLANS:
  Stage: Stage-1
    Tez
#### A masked pattern was here ####
      Edges:
        Map 10 <- Map 9 (BROADCAST_EDGE)
        Map 12 <- Map 9 (BROADCAST_EDGE)
        Map 2 <- Map 7 (BROADCAST_EDGE)
        Map 8 <- Map 9 (BROADCAST_EDGE), Reducer 6 (BROADCAST_EDGE)
        Reducer 11 <- Map 10 (SIMPLE_EDGE)
        Reducer 13 <- Map 12 (SIMPLE_EDGE)
        Reducer 3 <- Map 1 (BROADCAST_EDGE), Map 2 (CUSTOM_SIMPLE_EDGE), Map 8 (CUSTOM_SIMPLE_EDGE), Reducer 11 (BROADCAST_EDGE), Reducer 13 (BROADCAST_EDGE)
        Reducer 4 <- Reducer 3 (SIMPLE_EDGE)
        Reducer 5 <- Reducer 4 (SIMPLE_EDGE)
        Reducer 6 <- Map 2 (CUSTOM_SIMPLE_EDGE)
#### A masked pattern was here ####
      Vertices:
        Map 1 
            Map Operator Tree:
                TableScan
                  alias: customer_demographics
                  Statistics: Num rows: 1920800 Data size: 727983200 Basic stats: COMPLETE Column stats: COMPLETE
                  Select Operator
                    expressions: cd_demo_sk (type: bigint), cd_gender (type: char(1)), cd_marital_status (type: char(1)), cd_education_status (type: char(20)), cd_purchase_estimate (type: int), cd_credit_rating (type: char(10)), cd_dep_count (type: int), cd_dep_employed_count (type: int), cd_dep_college_count (type: int)
                    outputColumnNames: _col0, _col1, _col2, _col3, _col4, _col5, _col6, _col7, _col8
                    Statistics: Num rows: 1920800 Data size: 727983200 Basic stats: COMPLETE Column stats: COMPLETE
                    Reduce Output Operator
                      key expressions: _col0 (type: bigint)
                      null sort order: z
                      sort order: +
                      Map-reduce partition columns: _col0 (type: bigint)
                      Statistics: Num rows: 1920800 Data size: 727983200 Basic stats: COMPLETE Column stats: COMPLETE
                      value expressions: _col1 (type: char(1)), _col2 (type: char(1)), _col3 (type: char(20)), _col4 (type: int), _col5 (type: char(10)), _col6 (type: int), _col7 (type: int), _col8 (type: int)
            Execution mode: vectorized, llap
            LLAP IO: may be used (ACID table)
        Map 10 
            Map Operator Tree:
                TableScan
                  alias: web_sales
                  filterExpr: ws_bill_customer_sk is not null (type: boolean)
                  Statistics: Num rows: 21594638446 Data size: 345492666072 Basic stats: COMPLETE Column stats: COMPLETE
                  Filter Operator
                    predicate: ws_bill_customer_sk is not null (type: boolean)
                    Statistics: Num rows: 21591944812 Data size: 345449570616 Basic stats: COMPLETE Column stats: COMPLETE
                    Select Operator
                      expressions: ws_bill_customer_sk (type: bigint), ws_sold_date_sk (type: bigint)
                      outputColumnNames: _col0, _col1
                      Statistics: Num rows: 21591944812 Data size: 345449570616 Basic stats: COMPLETE Column stats: COMPLETE
                      Map Join Operator
                        condition map:
                             Inner Join 0 to 1
                        keys:
                          0 _col1 (type: bigint)
                          1 _col0 (type: bigint)
                        outputColumnNames: _col0
                        input vertices:
                          1 Map 9
                        Statistics: Num rows: 1442596381 Data size: 11519224672 Basic stats: COMPLETE Column stats: COMPLETE
                        Group By Operator
                          keys: _col0 (type: bigint)
                          minReductionHashAggr: 0.99
                          mode: hash
                          outputColumnNames: _col0
                          Statistics: Num rows: 236090745 Data size: 1885199752 Basic stats: COMPLETE Column stats: COMPLETE
                          Reduce Output Operator
                            key expressions: _col0 (type: bigint)
                            null sort order: z
                            sort order: +
                            Map-reduce partition columns: _col0 (type: bigint)
                            Statistics: Num rows: 236090745 Data size: 1885199752 Basic stats: COMPLETE Column stats: COMPLETE
            Execution mode: vectorized, llap
            LLAP IO: may be used (ACID table)
        Map 12 
            Map Operator Tree:
                TableScan
                  alias: catalog_sales
                  filterExpr: cs_ship_customer_sk is not null (type: boolean)
                  Statistics: Num rows: 43005109025 Data size: 687211661648 Basic stats: COMPLETE Column stats: COMPLETE
                  Filter Operator
                    predicate: cs_ship_customer_sk is not null (type: boolean)
                    Statistics: Num rows: 42896348680 Data size: 685473696576 Basic stats: COMPLETE Column stats: COMPLETE
                    Select Operator
                      expressions: cs_ship_customer_sk (type: bigint), cs_sold_date_sk (type: bigint)
                      outputColumnNames: _col0, _col1
                      Statistics: Num rows: 42896348680 Data size: 685473696576 Basic stats: COMPLETE Column stats: COMPLETE
                      Map Join Operator
                        condition map:
                             Inner Join 0 to 1
                        keys:
                          0 _col1 (type: bigint)
                          1 _col0 (type: bigint)
                        outputColumnNames: _col0
                        input vertices:
                          1 Map 9
                        Statistics: Num rows: 2845722002 Data size: 21897893712 Basic stats: COMPLETE Column stats: COMPLETE
                        Group By Operator
                          keys: _col0 (type: bigint)
                          minReductionHashAggr: 0.99
                          mode: hash
                          outputColumnNames: _col0
                          Statistics: Num rows: 448006164 Data size: 3447417344 Basic stats: COMPLETE Column stats: COMPLETE
                          Reduce Output Operator
                            key expressions: _col0 (type: bigint)
                            null sort order: z
                            sort order: +
                            Map-reduce partition columns: _col0 (type: bigint)
                            Statistics: Num rows: 448006164 Data size: 3447417344 Basic stats: COMPLETE Column stats: COMPLETE
            Execution mode: vectorized, llap
            LLAP IO: may be used (ACID table)
        Map 2 
            Map Operator Tree:
                TableScan
                  alias: c
                  filterExpr: (c_current_cdemo_sk is not null and c_current_addr_sk is not null) (type: boolean)
                  probeDecodeDetails: cacheKey:HASH_MAP_MAPJOIN_163_container, bigKeyColName:c_current_addr_sk, smallTablePos:1, keyRatio:0.00250005
                  Statistics: Num rows: 80000000 Data size: 1897611080 Basic stats: COMPLETE Column stats: COMPLETE
                  Filter Operator
                    predicate: (c_current_cdemo_sk is not null and c_current_addr_sk is not null) (type: boolean)
                    Statistics: Num rows: 77201384 Data size: 1831227520 Basic stats: COMPLETE Column stats: COMPLETE
                    Select Operator
                      expressions: c_customer_sk (type: bigint), c_current_cdemo_sk (type: bigint), c_current_addr_sk (type: bigint)
                      outputColumnNames: _col0, _col1, _col2
                      Statistics: Num rows: 77201384 Data size: 1831227520 Basic stats: COMPLETE Column stats: COMPLETE
                      Map Join Operator
                        condition map:
                             Inner Join 0 to 1
                        keys:
                          0 _col2 (type: bigint)
                          1 _col0 (type: bigint)
                        outputColumnNames: _col0, _col1
                        input vertices:
                          1 Map 7
                        Statistics: Num rows: 200004 Data size: 1600040 Basic stats: COMPLETE Column stats: COMPLETE
                        Reduce Output Operator
                          key expressions: _col0 (type: bigint)
                          null sort order: z
                          sort order: +
                          Map-reduce partition columns: _col0 (type: bigint)
                          Statistics: Num rows: 200004 Data size: 1600040 Basic stats: COMPLETE Column stats: COMPLETE
                          value expressions: _col1 (type: bigint)
                        Select Operator
                          expressions: _col0 (type: bigint)
                          outputColumnNames: _col0
                          Statistics: Num rows: 200004 Data size: 1600032 Basic stats: COMPLETE Column stats: COMPLETE
                          Group By Operator
                            aggregations: min(_col0), max(_col0), bloom_filter(_col0, expectedEntries=1000000)
                            minReductionHashAggr: 0.99
                            mode: hash
                            outputColumnNames: _col0, _col1, _col2
                            Statistics: Num rows: 1 Data size: 24 Basic stats: COMPLETE Column stats: COMPLETE
                            Reduce Output Operator
                              null sort order: 
                              sort order: 
                              Statistics: Num rows: 1 Data size: 24 Basic stats: COMPLETE Column stats: COMPLETE
                              value expressions: _col0 (type: bigint), _col1 (type: bigint), _col2 (type: binary)
            Execution mode: vectorized, llap
            LLAP IO: may be used (ACID table)
        Map 7 
            Map Operator Tree:
                TableScan
                  alias: ca
                  filterExpr: (ca_county) IN ('Walker County', 'Richland County', 'Gaines County', 'Douglas County', 'Dona Ana County') (type: boolean)
                  Statistics: Num rows: 40000000 Data size: 4240000000 Basic stats: COMPLETE Column stats: COMPLETE
                  Filter Operator
                    predicate: (ca_county) IN ('Walker County', 'Richland County', 'Gaines County', 'Douglas County', 'Dona Ana County') (type: boolean)
                    Statistics: Num rows: 103627 Data size: 10984462 Basic stats: COMPLETE Column stats: COMPLETE
                    Select Operator
                      expressions: ca_address_sk (type: bigint)
                      outputColumnNames: _col0
                      Statistics: Num rows: 103627 Data size: 10984462 Basic stats: COMPLETE Column stats: COMPLETE
                      Reduce Output Operator
                        key expressions: _col0 (type: bigint)
                        null sort order: z
                        sort order: +
                        Map-reduce partition columns: _col0 (type: bigint)
                        Statistics: Num rows: 103627 Data size: 10984462 Basic stats: COMPLETE Column stats: COMPLETE
            Execution mode: vectorized, llap
            LLAP IO: may be used (ACID table)
        Map 8 
            Map Operator Tree:
                TableScan
                  alias: store_sales
                  filterExpr: (ss_customer_sk is not null and ss_customer_sk BETWEEN DynamicValue(RS_51_c_c_customer_sk_min) AND DynamicValue(RS_51_c_c_customer_sk_max) and in_bloom_filter(ss_customer_sk, DynamicValue(RS_51_c_c_customer_sk_bloom_filter))) (type: boolean)
                  Statistics: Num rows: 82510879939 Data size: 1304615207232 Basic stats: COMPLETE Column stats: COMPLETE
                  Filter Operator
                    predicate: (ss_customer_sk is not null and ss_customer_sk BETWEEN DynamicValue(RS_51_c_c_customer_sk_min) AND DynamicValue(RS_51_c_c_customer_sk_max) and in_bloom_filter(ss_customer_sk, DynamicValue(RS_51_c_c_customer_sk_bloom_filter))) (type: boolean)
                    Statistics: Num rows: 80566020964 Data size: 1273864200864 Basic stats: COMPLETE Column stats: COMPLETE
                    Select Operator
                      expressions: ss_customer_sk (type: bigint), ss_sold_date_sk (type: bigint)
                      outputColumnNames: _col0, _col1
                      Statistics: Num rows: 80566020964 Data size: 1273864200864 Basic stats: COMPLETE Column stats: COMPLETE
                      Map Join Operator
                        condition map:
                             Inner Join 0 to 1
                        keys:
                          0 _col1 (type: bigint)
                          1 _col0 (type: bigint)
                        outputColumnNames: _col0
                        input vertices:
                          1 Map 9
                        Statistics: Num rows: 5382759696 Data size: 27869943008 Basic stats: COMPLETE Column stats: COMPLETE
                        Group By Operator
                          keys: _col0 (type: bigint)
                          minReductionHashAggr: 0.99
                          mode: hash
                          outputColumnNames: _col0
                          Statistics: Num rows: 571864249 Data size: 2960902024 Basic stats: COMPLETE Column stats: COMPLETE
                          Reduce Output Operator
                            key expressions: _col0 (type: bigint)
                            null sort order: z
                            sort order: +
                            Map-reduce partition columns: _col0 (type: bigint)
                            Statistics: Num rows: 571864249 Data size: 2960902024 Basic stats: COMPLETE Column stats: COMPLETE
            Execution mode: vectorized, llap
            LLAP IO: may be used (ACID table)
        Map 9 
            Map Operator Tree:
                TableScan
                  alias: date_dim
                  filterExpr: ((d_year = 2002) and d_moy BETWEEN 4 AND 7) (type: boolean)
                  Statistics: Num rows: 73049 Data size: 1168784 Basic stats: COMPLETE Column stats: COMPLETE
                  Filter Operator
                    predicate: ((d_year = 2002) and d_moy BETWEEN 4 AND 7) (type: boolean)
                    Statistics: Num rows: 122 Data size: 1952 Basic stats: COMPLETE Column stats: COMPLETE
                    Select Operator
                      expressions: d_date_sk (type: bigint)
                      outputColumnNames: _col0
                      Statistics: Num rows: 122 Data size: 976 Basic stats: COMPLETE Column stats: COMPLETE
                      Reduce Output Operator
                        key expressions: _col0 (type: bigint)
                        null sort order: z
                        sort order: +
                        Map-reduce partition columns: _col0 (type: bigint)
                        Statistics: Num rows: 122 Data size: 976 Basic stats: COMPLETE Column stats: COMPLETE
                      Select Operator
                        expressions: _col0 (type: bigint)
                        outputColumnNames: _col0
                        Statistics: Num rows: 122 Data size: 976 Basic stats: COMPLETE Column stats: COMPLETE
                        Group By Operator
                          keys: _col0 (type: bigint)
                          minReductionHashAggr: 0.4
                          mode: hash
                          outputColumnNames: _col0
                          Statistics: Num rows: 122 Data size: 976 Basic stats: COMPLETE Column stats: COMPLETE
                          Dynamic Partitioning Event Operator
                            Target column: ss_sold_date_sk (bigint)
                            Target Input: store_sales
                            Partition key expr: ss_sold_date_sk
                            Statistics: Num rows: 122 Data size: 976 Basic stats: COMPLETE Column stats: COMPLETE
                            Target Vertex: Map 8
                      Reduce Output Operator
                        key expressions: _col0 (type: bigint)
                        null sort order: z
                        sort order: +
                        Map-reduce partition columns: _col0 (type: bigint)
                        Statistics: Num rows: 122 Data size: 976 Basic stats: COMPLETE Column stats: COMPLETE
                      Select Operator
                        expressions: _col0 (type: bigint)
                        outputColumnNames: _col0
                        Statistics: Num rows: 122 Data size: 976 Basic stats: COMPLETE Column stats: COMPLETE
                        Group By Operator
                          keys: _col0 (type: bigint)
                          minReductionHashAggr: 0.4
                          mode: hash
                          outputColumnNames: _col0
                          Statistics: Num rows: 122 Data size: 976 Basic stats: COMPLETE Column stats: COMPLETE
                          Dynamic Partitioning Event Operator
                            Target column: ws_sold_date_sk (bigint)
                            Target Input: web_sales
                            Partition key expr: ws_sold_date_sk
                            Statistics: Num rows: 122 Data size: 976 Basic stats: COMPLETE Column stats: COMPLETE
                            Target Vertex: Map 10
                      Reduce Output Operator
                        key expressions: _col0 (type: bigint)
                        null sort order: z
                        sort order: +
                        Map-reduce partition columns: _col0 (type: bigint)
                        Statistics: Num rows: 122 Data size: 976 Basic stats: COMPLETE Column stats: COMPLETE
                      Select Operator
                        expressions: _col0 (type: bigint)
                        outputColumnNames: _col0
                        Statistics: Num rows: 122 Data size: 976 Basic stats: COMPLETE Column stats: COMPLETE
                        Group By Operator
                          keys: _col0 (type: bigint)
                          minReductionHashAggr: 0.4
                          mode: hash
                          outputColumnNames: _col0
                          Statistics: Num rows: 122 Data size: 976 Basic stats: COMPLETE Column stats: COMPLETE
                          Dynamic Partitioning Event Operator
                            Target column: cs_sold_date_sk (bigint)
                            Target Input: catalog_sales
                            Partition key expr: cs_sold_date_sk
                            Statistics: Num rows: 122 Data size: 976 Basic stats: COMPLETE Column stats: COMPLETE
                            Target Vertex: Map 12
            Execution mode: vectorized, llap
            LLAP IO: may be used (ACID table)
        Reducer 11 
            Execution mode: vectorized, llap
            Reduce Operator Tree:
              Group By Operator
                keys: KEY._col0 (type: bigint)
                mode: mergepartial
                outputColumnNames: _col0
                Statistics: Num rows: 5246461 Data size: 41893336 Basic stats: COMPLETE Column stats: COMPLETE
                Select Operator
                  expressions: true (type: boolean), _col0 (type: bigint)
                  outputColumnNames: _col0, _col1
                  Statistics: Num rows: 5246461 Data size: 62879180 Basic stats: COMPLETE Column stats: COMPLETE
                  Reduce Output Operator
                    key expressions: _col1 (type: bigint)
                    null sort order: z
                    sort order: +
                    Map-reduce partition columns: _col1 (type: bigint)
                    Statistics: Num rows: 5246461 Data size: 62879180 Basic stats: COMPLETE Column stats: COMPLETE
                    value expressions: _col0 (type: boolean)
        Reducer 13 
            Execution mode: vectorized, llap
            Reduce Operator Tree:
              Group By Operator
                keys: KEY._col0 (type: bigint)
                mode: mergepartial
                outputColumnNames: _col0
                Statistics: Num rows: 5209374 Data size: 40086256 Basic stats: COMPLETE Column stats: COMPLETE
                Select Operator
                  expressions: true (type: boolean), _col0 (type: bigint)
                  outputColumnNames: _col0, _col1
                  Statistics: Num rows: 5209374 Data size: 60923752 Basic stats: COMPLETE Column stats: COMPLETE
                  Reduce Output Operator
                    key expressions: _col1 (type: bigint)
                    null sort order: z
                    sort order: +
                    Map-reduce partition columns: _col1 (type: bigint)
                    Statistics: Num rows: 5209374 Data size: 60923752 Basic stats: COMPLETE Column stats: COMPLETE
                    value expressions: _col0 (type: boolean)
        Reducer 3 
            Execution mode: vectorized, llap
            Reduce Operator Tree:
              Map Join Operator
                condition map:
                     Left Semi Join 0 to 1
                keys:
                  0 KEY.reducesinkkey0 (type: bigint)
                  1 KEY.reducesinkkey0 (type: bigint)
                outputColumnNames: _col0, _col1
                input vertices:
                  1 Map 8
                Statistics: Num rows: 1481515 Data size: 22104216 Basic stats: COMPLETE Column stats: COMPLETE
                DynamicPartitionHashJoin: true
                Map Join Operator
                  condition map:
                       Left Outer Join 0 to 1
                  keys:
                    0 _col0 (type: bigint)
                    1 _col1 (type: bigint)
                  outputColumnNames: _col0, _col1, _col5
                  input vertices:
                    1 Reducer 11
                  Statistics: Num rows: 5246461 Data size: 103329196 Basic stats: COMPLETE Column stats: COMPLETE
                  Map Join Operator
                    condition map:
                         Left Outer Join 0 to 1
                    keys:
                      0 _col0 (type: bigint)
                      1 _col1 (type: bigint)
                    outputColumnNames: _col1, _col5, _col7
                    input vertices:
                      1 Reducer 13
                    Statistics: Num rows: 5209374 Data size: 81749960 Basic stats: COMPLETE Column stats: COMPLETE
                    Filter Operator
                      predicate: (_col5 is not null or _col7 is not null) (type: boolean)
                      Statistics: Num rows: 5209374 Data size: 81749960 Basic stats: COMPLETE Column stats: COMPLETE
                      Select Operator
                        expressions: _col1 (type: bigint)
                        outputColumnNames: _col1
                        Statistics: Num rows: 5209374 Data size: 81749960 Basic stats: COMPLETE Column stats: COMPLETE
                        Map Join Operator
                          condition map:
                               Inner Join 0 to 1
                          keys:
                            0 _col0 (type: bigint)
                            1 _col1 (type: bigint)
                          outputColumnNames: _col1, _col2, _col3, _col4, _col5, _col6, _col7, _col8
                          input vertices:
                            0 Map 1
                          Statistics: Num rows: 5209374 Data size: 1932677754 Basic stats: COMPLETE Column stats: COMPLETE
                          Top N Key Operator
                            sort order: ++++++++
                            keys: _col1 (type: char(1)), _col2 (type: char(1)), _col3 (type: char(20)), _col4 (type: int), _col5 (type: char(10)), _col6 (type: int), _col7 (type: int), _col8 (type: int)
                            null sort order: zzzzzzzz
                            Statistics: Num rows: 5209374 Data size: 1932677754 Basic stats: COMPLETE Column stats: COMPLETE
                            top n: 100
                            Group By Operator
                              aggregations: count()
                              keys: _col1 (type: char(1)), _col2 (type: char(1)), _col3 (type: char(20)), _col4 (type: int), _col5 (type: char(10)), _col6 (type: int), _col7 (type: int), _col8 (type: int)
                              minReductionHashAggr: 0.99
                              mode: hash
                              outputColumnNames: _col0, _col1, _col2, _col3, _col4, _col5, _col6, _col7, _col8
                              Statistics: Num rows: 2604687 Data size: 987176373 Basic stats: COMPLETE Column stats: COMPLETE
                              Reduce Output Operator
                                key expressions: _col0 (type: char(1)), _col1 (type: char(1)), _col2 (type: char(20)), _col3 (type: int), _col4 (type: char(10)), _col5 (type: int), _col6 (type: int), _col7 (type: int)
                                null sort order: zzzzzzzz
                                sort order: ++++++++
                                Map-reduce partition columns: _col0 (type: char(1)), _col1 (type: char(1)), _col2 (type: char(20)), _col3 (type: int), _col4 (type: char(10)), _col5 (type: int), _col6 (type: int), _col7 (type: int)
                                Statistics: Num rows: 2604687 Data size: 987176373 Basic stats: COMPLETE Column stats: COMPLETE
                                value expressions: _col8 (type: bigint)
        Reducer 4 
            Execution mode: vectorized, llap
            Reduce Operator Tree:
              Group By Operator
                aggregations: count(VALUE._col0)
                keys: KEY._col0 (type: char(1)), KEY._col1 (type: char(1)), KEY._col2 (type: char(20)), KEY._col3 (type: int), KEY._col4 (type: char(10)), KEY._col5 (type: int), KEY._col6 (type: int), KEY._col7 (type: int)
                mode: mergepartial
                outputColumnNames: _col0, _col1, _col2, _col3, _col4, _col5, _col6, _col7, _col8
                Statistics: Num rows: 1920800 Data size: 727983200 Basic stats: COMPLETE Column stats: COMPLETE
                Select Operator
                  expressions: _col0 (type: char(1)), _col1 (type: char(1)), _col2 (type: char(20)), _col8 (type: bigint), _col3 (type: int), _col4 (type: char(10)), _col5 (type: int), _col6 (type: int), _col7 (type: int)
                  outputColumnNames: _col0, _col1, _col2, _col3, _col4, _col6, _col8, _col10, _col12
                  Statistics: Num rows: 1920800 Data size: 804815200 Basic stats: COMPLETE Column stats: COMPLETE
                  Reduce Output Operator
                    key expressions: _col0 (type: char(1)), _col1 (type: char(1)), _col2 (type: char(20)), _col4 (type: int), _col6 (type: char(10)), _col8 (type: int), _col10 (type: int), _col12 (type: int)
                    null sort order: zzzzzzzz
                    sort order: ++++++++
                    Statistics: Num rows: 1920800 Data size: 804815200 Basic stats: COMPLETE Column stats: COMPLETE
                    value expressions: _col3 (type: bigint)
        Reducer 5 
            Execution mode: vectorized, llap
            Reduce Operator Tree:
              Select Operator
                expressions: KEY.reducesinkkey0 (type: char(1)), KEY.reducesinkkey1 (type: char(1)), KEY.reducesinkkey2 (type: char(20)), VALUE._col0 (type: bigint), KEY.reducesinkkey3 (type: int), VALUE._col0 (type: bigint), KEY.reducesinkkey4 (type: char(10)), VALUE._col0 (type: bigint), KEY.reducesinkkey5 (type: int), VALUE._col0 (type: bigint), KEY.reducesinkkey6 (type: int), VALUE._col0 (type: bigint), KEY.reducesinkkey7 (type: int), VALUE._col0 (type: bigint)
                outputColumnNames: _col0, _col1, _col2, _col3, _col4, _col5, _col6, _col7, _col8, _col9, _col10, _col11, _col12, _col13
                Statistics: Num rows: 1920800 Data size: 804815200 Basic stats: COMPLETE Column stats: COMPLETE
                Limit
                  Number of rows: 100
                  Statistics: Num rows: 100 Data size: 41900 Basic stats: COMPLETE Column stats: COMPLETE
                  File Output Operator
                    compressed: false
                    Statistics: Num rows: 100 Data size: 41900 Basic stats: COMPLETE Column stats: COMPLETE
                    table:
                        input format: org.apache.hadoop.mapred.SequenceFileInputFormat
                        output format: org.apache.hadoop.hive.ql.io.HiveSequenceFileOutputFormat
                        serde: org.apache.hadoop.hive.serde2.lazy.LazySimpleSerDe
        Reducer 6 
            Execution mode: vectorized, llap
            Reduce Operator Tree:
              Group By Operator
                aggregations: min(VALUE._col0), max(VALUE._col1), bloom_filter(VALUE._col2, expectedEntries=1000000)
                mode: final
                outputColumnNames: _col0, _col1, _col2
                Statistics: Num rows: 1 Data size: 24 Basic stats: COMPLETE Column stats: COMPLETE
                Reduce Output Operator
                  null sort order: 
                  sort order: 
                  Statistics: Num rows: 1 Data size: 24 Basic stats: COMPLETE Column stats: COMPLETE
                  value expressions: _col0 (type: bigint), _col1 (type: bigint), _col2 (type: binary)

  Stage: Stage-0
    Fetch Operator
      limit: 100
      Processor Tree:
        ListSink

