STAGE DEPENDENCIES:
  Stage-1 is a root stage
  Stage-0 depends on stages: Stage-1

STAGE PLANS:
  Stage: Stage-1
    Tez
#### A masked pattern was here ####
      Edges:
        Map 1 <- Reducer 5 (BROADCAST_EDGE)
        Reducer 2 <- Map 1 (SIMPLE_EDGE)
        Reducer 3 <- Reducer 2 (SIMPLE_EDGE)
        Reducer 5 <- Map 4 (SIMPLE_EDGE)
#### A masked pattern was here ####
      Vertices:
        Map 1 
            Map Operator Tree:
                TableScan
                  alias: i1
                  filterExpr: (i_manufact_id BETWEEN 970 AND 1010 and i_manufact is not null) (type: boolean)
                  probeDecodeDetails: cacheKey:HASH_MAP_MAPJOIN_43_container, bigKeyColName:i_manufact, smallTablePos:1, keyRatio:0.001751082251082251
                  Statistics: Num rows: 462000 Data size: 95167396 Basic stats: COMPLETE Column stats: COMPLETE
                  Filter Operator
                    predicate: (i_manufact_id BETWEEN 970 AND 1010 and i_manufact is not null) (type: boolean)
                    Statistics: Num rows: 14511 Data size: 2989126 Basic stats: COMPLETE Column stats: COMPLETE
                    Select Operator
                      expressions: i_manufact (type: char(50)), i_product_name (type: char(50))
                      outputColumnNames: _col0, _col1
                      Statistics: Num rows: 14511 Data size: 2931222 Basic stats: COMPLETE Column stats: COMPLETE
                      Map Join Operator
                        condition map:
                             Inner Join 0 to 1
                        keys:
                          0 _col0 (type: char(50))
                          1 _col0 (type: char(50))
                        outputColumnNames: _col1
                        input vertices:
                          1 Reducer 5
                        Statistics: Num rows: 809 Data size: 86563 Basic stats: COMPLETE Column stats: COMPLETE
                        Top N Key Operator
                          sort order: +
                          keys: _col1 (type: char(50))
                          null sort order: z
                          Statistics: Num rows: 809 Data size: 86563 Basic stats: COMPLETE Column stats: COMPLETE
                          top n: 100
                          Group By Operator
                            keys: _col1 (type: char(50))
                            minReductionHashAggr: 0.4
                            mode: hash
                            outputColumnNames: _col0
                            Statistics: Num rows: 809 Data size: 86563 Basic stats: COMPLETE Column stats: COMPLETE
                            Reduce Output Operator
                              key expressions: _col0 (type: char(50))
                              null sort order: z
                              sort order: +
                              Map-reduce partition columns: _col0 (type: char(50))
                              Statistics: Num rows: 809 Data size: 86563 Basic stats: COMPLETE Column stats: COMPLETE
            Execution mode: vectorized, llap
            LLAP IO: may be used (ACID table)
        Map 4 
            Map Operator Tree:
                TableScan
                  alias: item
                  filterExpr: ((((i_category = 'Women                                             ') and (i_color) IN ('frosted             ', 'rose                ') and (i_units) IN ('Lb        ', 'Gross     ') and (i_size) IN ('medium              ', 'large               ')) or ((i_category = 'Women                                             ') and (i_color) IN ('chocolate           ', 'black               ') and (i_units) IN ('Box       ', 'Dram      ') and (i_size) IN ('economy             ', 'petite              ')) or ((i_category = 'Men                                               ') and (i_color) IN ('slate               ', 'magenta             ') and (i_units) IN ('Carton    ', 'Bundle    ') and (i_size) IN ('N/A                 ', 'small               ')) or ((i_category = 'Men                                               ') and (i_color) IN ('cornflower          ', 'firebrick           ') and (i_units) IN ('Pound     ', 'Oz        ') and (i_size) IN ('medium              ', 'large               ')) or ((i_category = 'Women                                             ') and (i_color) IN ('almond              ', 'steel               ') and (i_units) IN ('Tsp       ', 'Case      ') and (i_size) IN ('medium              ', 'large               ')) or ((i_category = 'Women                                             ') and (i_color) IN ('purple              ', 'aquamarine          ') and (i_units) IN ('Bunch     ', 'Gram      ') and (i_size) IN ('economy             ', 'petite              ')) or ((i_category = 'Men                                               ') and (i_color) IN ('lavender            ', 'papaya              ') and (i_units) IN ('Pallet    ', 'Cup       ') and (i_size) IN ('N/A                 ', 'small               ')) or ((i_category = 'Men                                               ') and (i_color) IN ('maroon              ', 'cyan                ') and (i_units) IN ('Each      ', 'N/A       ') and (i_size) IN ('medium              ', 'large               '))) and i_manufact is not null) (type: boolean)
                  Statistics: Num rows: 462000 Data size: 207900000 Basic stats: COMPLETE Column stats: COMPLETE
                  Filter Operator
                    predicate: ((((i_category = 'Women                                             ') and (i_color) IN ('frosted             ', 'rose                ') and (i_units) IN ('Lb        ', 'Gross     ') and (i_size) IN ('medium              ', 'large               ')) or ((i_category = 'Women                                             ') and (i_color) IN ('chocolate           ', 'black               ') and (i_units) IN ('Box       ', 'Dram      ') and (i_size) IN ('economy             ', 'petite              ')) or ((i_category = 'Men                                               ') and (i_color) IN ('slate               ', 'magenta             ') and (i_units) IN ('Carton    ', 'Bundle    ') and (i_size) IN ('N/A                 ', 'small               ')) or ((i_category = 'Men                                               ') and (i_color) IN ('cornflower          ', 'firebrick           ') and (i_units) IN ('Pound     ', 'Oz        ') and (i_size) IN ('medium              ', 'large               ')) or ((i_category = 'Women                                             ') and (i_color) IN ('almond              ', 'steel               ') and (i_units) IN ('Tsp       ', 'Case      ') and (i_size) IN ('medium              ', 'large               ')) or ((i_category = 'Women                                             ') and (i_color) IN ('purple              ', 'aquamarine          ') and (i_units) IN ('Bunch     ', 'Gram      ') and (i_size) IN ('economy             ', 'petite              ')) or ((i_category = 'Men                                               ') and (i_color) IN ('lavender            ', 'papaya              ') and (i_units) IN ('Pallet    ', 'Cup       ') and (i_size) IN ('N/A                 ', 'small               ')) or ((i_category = 'Men                                               ') and (i_color) IN ('maroon              ', 'cyan                ') and (i_units) IN ('Each      ', 'N/A       ') and (i_size) IN ('medium              ', 'large               '))) and i_manufact is not null) (type: boolean)
                    Statistics: Num rows: 168 Data size: 75600 Basic stats: COMPLETE Column stats: COMPLETE
                    Select Operator
                      expressions: i_manufact (type: char(50))
                      outputColumnNames: i_manufact
                      Statistics: Num rows: 168 Data size: 75600 Basic stats: COMPLETE Column stats: COMPLETE
                      Group By Operator
                        aggregations: count()
                        keys: i_manufact (type: char(50))
                        minReductionHashAggr: 0.4
                        mode: hash
                        outputColumnNames: _col0, _col1
                        Statistics: Num rows: 168 Data size: 17304 Basic stats: COMPLETE Column stats: COMPLETE
                        Reduce Output Operator
                          key expressions: _col0 (type: char(50))
                          null sort order: z
                          sort order: +
                          Map-reduce partition columns: _col0 (type: char(50))
                          Statistics: Num rows: 168 Data size: 17304 Basic stats: COMPLETE Column stats: COMPLETE
                          value expressions: _col1 (type: bigint)
            Execution mode: vectorized, llap
            LLAP IO: may be used (ACID table)
        Reducer 2 
            Execution mode: vectorized, llap
            Reduce Operator Tree:
              Group By Operator
                keys: KEY._col0 (type: char(50))
                mode: mergepartial
                outputColumnNames: _col0
                Statistics: Num rows: 809 Data size: 86563 Basic stats: COMPLETE Column stats: COMPLETE
                Reduce Output Operator
                  key expressions: _col0 (type: char(50))
                  null sort order: z
                  sort order: +
                  Statistics: Num rows: 809 Data size: 86563 Basic stats: COMPLETE Column stats: COMPLETE
        Reducer 3 
            Execution mode: vectorized, llap
            Reduce Operator Tree:
              Select Operator
                expressions: KEY.reducesinkkey0 (type: char(50))
                outputColumnNames: _col0
                Statistics: Num rows: 809 Data size: 86563 Basic stats: COMPLETE Column stats: COMPLETE
                Limit
                  Number of rows: 100
                  Statistics: Num rows: 100 Data size: 10700 Basic stats: COMPLETE Column stats: COMPLETE
                  File Output Operator
                    compressed: false
                    Statistics: Num rows: 100 Data size: 10700 Basic stats: COMPLETE Column stats: COMPLETE
                    table:
                        input format: org.apache.hadoop.mapred.SequenceFileInputFormat
                        output format: org.apache.hadoop.hive.ql.io.HiveSequenceFileOutputFormat
                        serde: org.apache.hadoop.hive.serde2.lazy.LazySimpleSerDe
        Reducer 5 
            Execution mode: vectorized, llap
            Reduce Operator Tree:
              Group By Operator
                aggregations: count(VALUE._col0)
                keys: KEY._col0 (type: char(50))
                mode: mergepartial
                outputColumnNames: _col0, _col1
                Statistics: Num rows: 168 Data size: 17304 Basic stats: COMPLETE Column stats: COMPLETE
                Filter Operator
                  predicate: (_col1 > 0L) (type: boolean)
                  Statistics: Num rows: 56 Data size: 5768 Basic stats: COMPLETE Column stats: COMPLETE
                  Select Operator
                    expressions: _col0 (type: char(50))
                    outputColumnNames: _col0
                    Statistics: Num rows: 56 Data size: 5320 Basic stats: COMPLETE Column stats: COMPLETE
                    Reduce Output Operator
                      key expressions: _col0 (type: char(50))
                      null sort order: z
                      sort order: +
                      Map-reduce partition columns: _col0 (type: char(50))
                      Statistics: Num rows: 56 Data size: 5320 Basic stats: COMPLETE Column stats: COMPLETE

  Stage: Stage-0
    Fetch Operator
      limit: 100
      Processor Tree:
        ListSink

