STAGE DEPENDENCIES:
  Stage-1 is a root stage
  Stage-0 depends on stages: Stage-1

STAGE PLANS:
  Stage: Stage-1
    Tez
#### A masked pattern was here ####
      Edges:
        Map 1 <- Reducer 7 (BROADCAST_EDGE)
        Map 5 <- Reducer 7 (BROADCAST_EDGE)
        Reducer 2 <- Map 1 (CUSTOM_SIMPLE_EDGE), Map 5 (CUSTOM_SIMPLE_EDGE), Map 6 (BROADCAST_EDGE), Map 8 (BROADCAST_EDGE), Map 9 (BROADCAST_EDGE)
        Reducer 3 <- Reducer 2 (SIMPLE_EDGE)
        Reducer 4 <- Reducer 3 (SIMPLE_EDGE)
        Reducer 7 <- Map 6 (CUSTOM_SIMPLE_EDGE)
#### A masked pattern was here ####
      Vertices:
        Map 1 
            Map Operator Tree:
                TableScan
                  alias: catalog_sales
                  filterExpr: (cs_warehouse_sk is not null and cs_item_sk BETWEEN DynamicValue(RS_17_item_i_item_sk_min) AND DynamicValue(RS_17_item_i_item_sk_max) and in_bloom_filter(cs_item_sk, DynamicValue(RS_17_item_i_item_sk_bloom_filter))) (type: boolean)
                  Statistics: Num rows: 43005109025 Data size: 6179957594616 Basic stats: COMPLETE Column stats: COMPLETE
                  Filter Operator
                    predicate: (cs_warehouse_sk is not null and cs_item_sk BETWEEN DynamicValue(RS_17_item_i_item_sk_min) AND DynamicValue(RS_17_item_i_item_sk_max) and in_bloom_filter(cs_item_sk, DynamicValue(RS_17_item_i_item_sk_bloom_filter))) (type: boolean)
                    Statistics: Num rows: 42897418825 Data size: 6164482203784 Basic stats: COMPLETE Column stats: COMPLETE
                    Select Operator
                      expressions: cs_warehouse_sk (type: bigint), cs_item_sk (type: bigint), cs_order_number (type: bigint), cs_sales_price (type: decimal(7,2)), cs_sold_date_sk (type: bigint)
                      outputColumnNames: _col0, _col1, _col2, _col3, _col4
                      Statistics: Num rows: 42897418825 Data size: 6164482203784 Basic stats: COMPLETE Column stats: COMPLETE
                      Reduce Output Operator
                        key expressions: _col1 (type: bigint), _col2 (type: bigint)
                        null sort order: zz
                        sort order: ++
                        Map-reduce partition columns: _col1 (type: bigint), _col2 (type: bigint)
                        Statistics: Num rows: 42897418825 Data size: 6164482203784 Basic stats: COMPLETE Column stats: COMPLETE
                        value expressions: _col0 (type: bigint), _col3 (type: decimal(7,2)), _col4 (type: bigint)
            Execution mode: vectorized, llap
            LLAP IO: may be used (ACID table)
        Map 5 
            Map Operator Tree:
                TableScan
                  alias: catalog_returns
                  filterExpr: (cr_item_sk BETWEEN DynamicValue(RS_17_item_i_item_sk_min) AND DynamicValue(RS_17_item_i_item_sk_max) and in_bloom_filter(cr_item_sk, DynamicValue(RS_17_item_i_item_sk_bloom_filter))) (type: boolean)
                  Statistics: Num rows: 4320980099 Data size: 543456366240 Basic stats: COMPLETE Column stats: COMPLETE
                  Filter Operator
                    predicate: (cr_item_sk BETWEEN DynamicValue(RS_17_item_i_item_sk_min) AND DynamicValue(RS_17_item_i_item_sk_max) and in_bloom_filter(cr_item_sk, DynamicValue(RS_17_item_i_item_sk_bloom_filter))) (type: boolean)
                    Statistics: Num rows: 4320980099 Data size: 543456366240 Basic stats: COMPLETE Column stats: COMPLETE
                    Select Operator
                      expressions: cr_item_sk (type: bigint), cr_order_number (type: bigint), cr_refunded_cash (type: decimal(7,2))
                      outputColumnNames: _col0, _col1, _col2
                      Statistics: Num rows: 4320980099 Data size: 543456366240 Basic stats: COMPLETE Column stats: COMPLETE
                      Reduce Output Operator
                        key expressions: _col0 (type: bigint), _col1 (type: bigint)
                        null sort order: zz
                        sort order: ++
                        Map-reduce partition columns: _col0 (type: bigint), _col1 (type: bigint)
                        Statistics: Num rows: 4320980099 Data size: 543456366240 Basic stats: COMPLETE Column stats: COMPLETE
                        value expressions: _col2 (type: decimal(7,2))
            Execution mode: vectorized, llap
            LLAP IO: may be used (ACID table)
        Map 6 
            Map Operator Tree:
                TableScan
                  alias: item
                  filterExpr: i_current_price BETWEEN 0.99 AND 1.49 (type: boolean)
                  Statistics: Num rows: 462000 Data size: 101509408 Basic stats: COMPLETE Column stats: COMPLETE
                  Filter Operator
                    predicate: i_current_price BETWEEN 0.99 AND 1.49 (type: boolean)
                    Statistics: Num rows: 9240 Data size: 2030336 Basic stats: COMPLETE Column stats: COMPLETE
                    Select Operator
                      expressions: i_item_sk (type: bigint), i_item_id (type: string)
                      outputColumnNames: _col0, _col1
                      Statistics: Num rows: 9240 Data size: 997920 Basic stats: COMPLETE Column stats: COMPLETE
                      Reduce Output Operator
                        key expressions: _col0 (type: bigint)
                        null sort order: z
                        sort order: +
                        Map-reduce partition columns: _col0 (type: bigint)
                        Statistics: Num rows: 9240 Data size: 997920 Basic stats: COMPLETE Column stats: COMPLETE
                        value expressions: _col1 (type: string)
                      Select Operator
                        expressions: _col0 (type: bigint)
                        outputColumnNames: _col0
                        Statistics: Num rows: 9240 Data size: 73920 Basic stats: COMPLETE Column stats: COMPLETE
                        Group By Operator
                          aggregations: min(_col0), max(_col0), bloom_filter(_col0, expectedEntries=1000000)
                          minReductionHashAggr: 0.99
                          mode: hash
                          outputColumnNames: _col0, _col1, _col2
                          Statistics: Num rows: 1 Data size: 24 Basic stats: COMPLETE Column stats: COMPLETE
                          Reduce Output Operator
                            null sort order: 
                            sort order: 
                            Statistics: Num rows: 1 Data size: 24 Basic stats: COMPLETE Column stats: COMPLETE
                            value expressions: _col0 (type: bigint), _col1 (type: bigint), _col2 (type: binary)
            Execution mode: vectorized, llap
            LLAP IO: may be used (ACID table)
        Map 8 
            Map Operator Tree:
                TableScan
                  alias: date_dim
                  filterExpr: CAST( d_date AS TIMESTAMP) BETWEEN TIMESTAMP'1998-03-09 00:00:00' AND TIMESTAMP'1998-05-08 00:00:00' (type: boolean)
                  Statistics: Num rows: 73049 Data size: 4675136 Basic stats: COMPLETE Column stats: COMPLETE
                  Filter Operator
                    predicate: CAST( d_date AS TIMESTAMP) BETWEEN TIMESTAMP'1998-03-09 00:00:00' AND TIMESTAMP'1998-05-08 00:00:00' (type: boolean)
                    Statistics: Num rows: 8116 Data size: 519424 Basic stats: COMPLETE Column stats: COMPLETE
                    Select Operator
                      expressions: d_date_sk (type: bigint), (d_date < DATE'1998-04-08') (type: boolean), (d_date >= DATE'1998-04-08') (type: boolean)
                      outputColumnNames: _col0, _col1, _col2
                      Statistics: Num rows: 8116 Data size: 129856 Basic stats: COMPLETE Column stats: COMPLETE
                      Reduce Output Operator
                        key expressions: _col0 (type: bigint)
                        null sort order: z
                        sort order: +
                        Map-reduce partition columns: _col0 (type: bigint)
                        Statistics: Num rows: 8116 Data size: 129856 Basic stats: COMPLETE Column stats: COMPLETE
                        value expressions: _col1 (type: boolean), _col2 (type: boolean)
                      Select Operator
                        expressions: _col0 (type: bigint)
                        outputColumnNames: _col0
                        Statistics: Num rows: 8116 Data size: 64928 Basic stats: COMPLETE Column stats: COMPLETE
                        Group By Operator
                          keys: _col0 (type: bigint)
                          minReductionHashAggr: 0.4
                          mode: hash
                          outputColumnNames: _col0
                          Statistics: Num rows: 8116 Data size: 64928 Basic stats: COMPLETE Column stats: COMPLETE
                          Dynamic Partitioning Event Operator
                            Target column: cs_sold_date_sk (bigint)
                            Target Input: catalog_sales
                            Partition key expr: cs_sold_date_sk
                            Statistics: Num rows: 8116 Data size: 64928 Basic stats: COMPLETE Column stats: COMPLETE
                            Target Vertex: Map 1
            Execution mode: vectorized, llap
            LLAP IO: may be used (ACID table)
        Map 9 
            Map Operator Tree:
                TableScan
                  alias: warehouse
                  Statistics: Num rows: 27 Data size: 2538 Basic stats: COMPLETE Column stats: COMPLETE
                  Select Operator
                    expressions: w_warehouse_sk (type: bigint), w_state (type: char(2))
                    outputColumnNames: _col0, _col1
                    Statistics: Num rows: 27 Data size: 2538 Basic stats: COMPLETE Column stats: COMPLETE
                    Reduce Output Operator
                      key expressions: _col0 (type: bigint)
                      null sort order: z
                      sort order: +
                      Map-reduce partition columns: _col0 (type: bigint)
                      Statistics: Num rows: 27 Data size: 2538 Basic stats: COMPLETE Column stats: COMPLETE
                      value expressions: _col1 (type: char(2))
            Execution mode: vectorized, llap
            LLAP IO: may be used (ACID table)
        Reducer 2 
            Execution mode: vectorized, llap
            Reduce Operator Tree:
              Map Join Operator
                condition map:
                     Left Outer Join 0 to 1
                keys:
                  0 KEY.reducesinkkey0 (type: bigint), KEY.reducesinkkey1 (type: bigint)
                  1 KEY.reducesinkkey0 (type: bigint), KEY.reducesinkkey1 (type: bigint)
                outputColumnNames: _col0, _col1, _col3, _col4, _col7
                input vertices:
                  1 Map 5
                Statistics: Num rows: 68233473334 Data size: 13912497170504 Basic stats: COMPLETE Column stats: COMPLETE
                DynamicPartitionHashJoin: true
                Map Join Operator
                  condition map:
                       Inner Join 0 to 1
                  keys:
                    0 _col1 (type: bigint)
                    1 _col0 (type: bigint)
                  outputColumnNames: _col0, _col3, _col4, _col7, _col9
                  input vertices:
                    1 Map 6
                  Statistics: Num rows: 1364669437 Data size: 298398524732 Basic stats: COMPLETE Column stats: COMPLETE
                  Map Join Operator
                    condition map:
                         Inner Join 0 to 1
                    keys:
                      0 _col4 (type: bigint)
                      1 _col0 (type: bigint)
                    outputColumnNames: _col0, _col3, _col7, _col9, _col11, _col12
                    input vertices:
                      1 Map 8
                    Statistics: Num rows: 151619558 Data size: 21823152320 Basic stats: COMPLETE Column stats: COMPLETE
                    Map Join Operator
                      condition map:
                           Inner Join 0 to 1
                      keys:
                        0 _col0 (type: bigint)
                        1 _col0 (type: bigint)
                      outputColumnNames: _col3, _col7, _col9, _col11, _col12, _col14
                      input vertices:
                        1 Map 9
                      Statistics: Num rows: 151619558 Data size: 34508842076 Basic stats: COMPLETE Column stats: COMPLETE
                      Top N Key Operator
                        sort order: ++
                        keys: _col14 (type: char(2)), _col9 (type: string)
                        null sort order: zz
                        Statistics: Num rows: 151619558 Data size: 34508842076 Basic stats: COMPLETE Column stats: COMPLETE
                        top n: 100
                        Select Operator
                          expressions: _col14 (type: char(2)), _col9 (type: string), CASE WHEN (_col11) THEN ((_col3 - CASE WHEN (_col7 is not null) THEN (_col7) ELSE (0) END)) ELSE (0) END (type: decimal(8,2)), CASE WHEN (_col12) THEN ((_col3 - CASE WHEN (_col7 is not null) THEN (_col7) ELSE (0) END)) ELSE (0) END (type: decimal(8,2))
                          outputColumnNames: _col0, _col1, _col2, _col3
                          Statistics: Num rows: 151619558 Data size: 34508842076 Basic stats: COMPLETE Column stats: COMPLETE
                          Group By Operator
                            aggregations: sum(_col2), sum(_col3)
                            keys: _col0 (type: char(2)), _col1 (type: string)
                            minReductionHashAggr: 0.99
                            mode: hash
                            outputColumnNames: _col0, _col1, _col2, _col3
                            Statistics: Num rows: 1663740 Data size: 682133400 Basic stats: COMPLETE Column stats: COMPLETE
                            Reduce Output Operator
                              key expressions: _col0 (type: char(2)), _col1 (type: string)
                              null sort order: zz
                              sort order: ++
                              Map-reduce partition columns: _col0 (type: char(2)), _col1 (type: string)
                              Statistics: Num rows: 1663740 Data size: 682133400 Basic stats: COMPLETE Column stats: COMPLETE
                              value expressions: _col2 (type: decimal(18,2)), _col3 (type: decimal(18,2))
        Reducer 3 
            Execution mode: vectorized, llap
            Reduce Operator Tree:
              Group By Operator
                aggregations: sum(VALUE._col0), sum(VALUE._col1)
                keys: KEY._col0 (type: char(2)), KEY._col1 (type: string)
                mode: mergepartial
                outputColumnNames: _col0, _col1, _col2, _col3
                Statistics: Num rows: 12324 Data size: 5052840 Basic stats: COMPLETE Column stats: COMPLETE
                Reduce Output Operator
                  key expressions: _col0 (type: char(2)), _col1 (type: string)
                  null sort order: zz
                  sort order: ++
                  Statistics: Num rows: 12324 Data size: 5052840 Basic stats: COMPLETE Column stats: COMPLETE
                  value expressions: _col2 (type: decimal(18,2)), _col3 (type: decimal(18,2))
        Reducer 4 
            Execution mode: vectorized, llap
            Reduce Operator Tree:
              Select Operator
                expressions: KEY.reducesinkkey0 (type: char(2)), KEY.reducesinkkey1 (type: string), VALUE._col0 (type: decimal(18,2)), VALUE._col1 (type: decimal(18,2))
                outputColumnNames: _col0, _col1, _col2, _col3
                Statistics: Num rows: 12324 Data size: 5052840 Basic stats: COMPLETE Column stats: COMPLETE
                Limit
                  Number of rows: 100
                  Statistics: Num rows: 100 Data size: 41000 Basic stats: COMPLETE Column stats: COMPLETE
                  File Output Operator
                    compressed: false
                    Statistics: Num rows: 100 Data size: 41000 Basic stats: COMPLETE Column stats: COMPLETE
                    table:
                        input format: org.apache.hadoop.mapred.SequenceFileInputFormat
                        output format: org.apache.hadoop.hive.ql.io.HiveSequenceFileOutputFormat
                        serde: org.apache.hadoop.hive.serde2.lazy.LazySimpleSerDe
        Reducer 7 
            Execution mode: vectorized, llap
            Reduce Operator Tree:
              Group By Operator
                aggregations: min(VALUE._col0), max(VALUE._col1), bloom_filter(VALUE._col2, expectedEntries=1000000)
                mode: final
                outputColumnNames: _col0, _col1, _col2
                Statistics: Num rows: 1 Data size: 24 Basic stats: COMPLETE Column stats: COMPLETE
                Reduce Output Operator
                  null sort order: 
                  sort order: 
                  Statistics: Num rows: 1 Data size: 24 Basic stats: COMPLETE Column stats: COMPLETE
                  value expressions: _col0 (type: bigint), _col1 (type: bigint), _col2 (type: binary)
                Reduce Output Operator
                  null sort order: 
                  sort order: 
                  Statistics: Num rows: 1 Data size: 24 Basic stats: COMPLETE Column stats: COMPLETE
                  value expressions: _col0 (type: bigint), _col1 (type: bigint), _col2 (type: binary)

  Stage: Stage-0
    Fetch Operator
      limit: 100
      Processor Tree:
        ListSink

