STAGE DEPENDENCIES:
  Stage-1 is a root stage
  Stage-0 depends on stages: Stage-1

STAGE PLANS:
  Stage: Stage-1
    Tez
#### A masked pattern was here ####
      Edges:
        Map 1 <- Map 4 (BROADCAST_EDGE), Map 5 (BROADCAST_EDGE), Map 6 (BROADCAST_EDGE), Map 7 (BROADCAST_EDGE)
        Reducer 2 <- Map 1 (SIMPLE_EDGE)
        Reducer 3 <- Reducer 2 (SIMPLE_EDGE)
#### A masked pattern was here ####
      Vertices:
        Map 1 
            Map Operator Tree:
                TableScan
                  alias: web_sales
                  filterExpr: (ws_warehouse_sk is not null and ws_ship_mode_sk is not null and ws_web_site_sk is not null and ws_ship_date_sk is not null) (type: boolean)
                  probeDecodeDetails: cacheKey:HASH_MAP_MAPJOIN_99_container, bigKeyColName:ws_ship_date_sk, smallTablePos:1, keyRatio:0.18438885128604865
                  Statistics: Num rows: 21600036511 Data size: 863828698536 Basic stats: COMPLETE Column stats: COMPLETE
                  Filter Operator
                    predicate: (ws_warehouse_sk is not null and ws_ship_mode_sk is not null and ws_web_site_sk is not null and ws_ship_date_sk is not null) (type: boolean)
                    Statistics: Num rows: 21578449364 Data size: 862965385320 Basic stats: COMPLETE Column stats: COMPLETE
                    Select Operator
                      expressions: ws_ship_date_sk (type: bigint), ws_web_site_sk (type: bigint), ws_ship_mode_sk (type: bigint), ws_warehouse_sk (type: bigint), CASE WHEN (((ws_ship_date_sk - ws_sold_date_sk) <= 30L)) THEN (1) ELSE (0) END (type: int), CASE WHEN ((((ws_ship_date_sk - ws_sold_date_sk) > 30L) and ((ws_ship_date_sk - ws_sold_date_sk) <= 60L))) THEN (1) ELSE (0) END (type: int), CASE WHEN ((((ws_ship_date_sk - ws_sold_date_sk) > 60L) and ((ws_ship_date_sk - ws_sold_date_sk) <= 90L))) THEN (1) ELSE (0) END (type: int), CASE WHEN ((((ws_ship_date_sk - ws_sold_date_sk) > 90L) and ((ws_ship_date_sk - ws_sold_date_sk) <= 120L))) THEN (1) ELSE (0) END (type: int), CASE WHEN (((ws_ship_date_sk - ws_sold_date_sk) > 120L)) THEN (1) ELSE (0) END (type: int)
                      outputColumnNames: _col0, _col1, _col2, _col3, _col4, _col5, _col6, _col7, _col8
                      Statistics: Num rows: 21578449364 Data size: 1121906777688 Basic stats: COMPLETE Column stats: COMPLETE
                      Map Join Operator
                        condition map:
                             Inner Join 0 to 1
                        keys:
                          0 _col0 (type: bigint)
                          1 _col0 (type: bigint)
                        outputColumnNames: _col1, _col2, _col3, _col4, _col5, _col6, _col7, _col8
                        input vertices:
                          1 Map 4
                        Statistics: Num rows: 3982805920 Data size: 175113995672 Basic stats: COMPLETE Column stats: COMPLETE
                        Map Join Operator
                          condition map:
                               Inner Join 0 to 1
                          keys:
                            0 _col2 (type: bigint)
                            1 _col0 (type: bigint)
                          outputColumnNames: _col1, _col3, _col4, _col5, _col6, _col7, _col8, _col11
                          input vertices:
                            1 Map 5
                          Statistics: Num rows: 3982805920 Data size: 509712849448 Basic stats: COMPLETE Column stats: COMPLETE
                          Map Join Operator
                            condition map:
                                 Inner Join 0 to 1
                            keys:
                              0 _col3 (type: bigint)
                              1 _col0 (type: bigint)
                            outputColumnNames: _col1, _col4, _col5, _col6, _col7, _col8, _col11, _col13
                            input vertices:
                              1 Map 6
                            Statistics: Num rows: 3982805920 Data size: 872191355904 Basic stats: COMPLETE Column stats: COMPLETE
                            Map Join Operator
                              condition map:
                                   Inner Join 0 to 1
                              keys:
                                0 _col1 (type: bigint)
                                1 _col0 (type: bigint)
                              outputColumnNames: _col4, _col5, _col6, _col7, _col8, _col11, _col13, _col15
                              input vertices:
                                1 Map 7
                              Statistics: Num rows: 3982805920 Data size: 1198824581920 Basic stats: COMPLETE Column stats: COMPLETE
                              Top N Key Operator
                                sort order: +++
                                keys: _col13 (type: string), _col11 (type: char(30)), _col15 (type: varchar(50))
                                null sort order: zzz
                                Statistics: Num rows: 3982805920 Data size: 1198824581920 Basic stats: COMPLETE Column stats: COMPLETE
                                top n: 100
                                Group By Operator
                                  aggregations: sum(_col4), sum(_col5), sum(_col6), sum(_col7), sum(_col8)
                                  keys: _col13 (type: string), _col11 (type: char(30)), _col15 (type: varchar(50))
                                  minReductionHashAggr: 0.99
                                  mode: hash
                                  outputColumnNames: _col0, _col1, _col2, _col3, _col4, _col5, _col6, _col7
                                  Statistics: Num rows: 11379690 Data size: 3652880490 Basic stats: COMPLETE Column stats: COMPLETE
                                  Reduce Output Operator
                                    key expressions: _col0 (type: string), _col1 (type: char(30)), _col2 (type: varchar(50))
                                    null sort order: zzz
                                    sort order: +++
                                    Map-reduce partition columns: _col0 (type: string), _col1 (type: char(30)), _col2 (type: varchar(50))
                                    Statistics: Num rows: 11379690 Data size: 3652880490 Basic stats: COMPLETE Column stats: COMPLETE
                                    value expressions: _col3 (type: bigint), _col4 (type: bigint), _col5 (type: bigint), _col6 (type: bigint), _col7 (type: bigint)
            Execution mode: vectorized, llap
            LLAP IO: may be used (ACID table)
        Map 4 
            Map Operator Tree:
                TableScan
                  alias: date_dim
                  filterExpr: d_month_seq BETWEEN 1215 AND 1226 (type: boolean)
                  Statistics: Num rows: 73049 Data size: 876588 Basic stats: COMPLETE Column stats: COMPLETE
                  Filter Operator
                    predicate: d_month_seq BETWEEN 1215 AND 1226 (type: boolean)
                    Statistics: Num rows: 359 Data size: 4308 Basic stats: COMPLETE Column stats: COMPLETE
                    Select Operator
                      expressions: d_date_sk (type: bigint)
                      outputColumnNames: _col0
                      Statistics: Num rows: 359 Data size: 2872 Basic stats: COMPLETE Column stats: COMPLETE
                      Reduce Output Operator
                        key expressions: _col0 (type: bigint)
                        null sort order: z
                        sort order: +
                        Map-reduce partition columns: _col0 (type: bigint)
                        Statistics: Num rows: 359 Data size: 2872 Basic stats: COMPLETE Column stats: COMPLETE
            Execution mode: vectorized, llap
            LLAP IO: may be used (ACID table)
        Map 5 
            Map Operator Tree:
                TableScan
                  alias: ship_mode
                  Statistics: Num rows: 20 Data size: 2000 Basic stats: COMPLETE Column stats: COMPLETE
                  Select Operator
                    expressions: sm_ship_mode_sk (type: bigint), sm_type (type: char(30))
                    outputColumnNames: _col0, _col1
                    Statistics: Num rows: 20 Data size: 2000 Basic stats: COMPLETE Column stats: COMPLETE
                    Reduce Output Operator
                      key expressions: _col0 (type: bigint)
                      null sort order: z
                      sort order: +
                      Map-reduce partition columns: _col0 (type: bigint)
                      Statistics: Num rows: 20 Data size: 2000 Basic stats: COMPLETE Column stats: COMPLETE
                      value expressions: _col1 (type: char(30))
            Execution mode: vectorized, llap
            LLAP IO: may be used (ACID table)
        Map 6 
            Map Operator Tree:
                TableScan
                  alias: warehouse
                  Statistics: Num rows: 27 Data size: 2916 Basic stats: COMPLETE Column stats: COMPLETE
                  Select Operator
                    expressions: w_warehouse_sk (type: bigint), substr(w_warehouse_name, 1, 20) (type: string)
                    outputColumnNames: _col0, _col1
                    Statistics: Num rows: 27 Data size: 2889 Basic stats: COMPLETE Column stats: COMPLETE
                    Reduce Output Operator
                      key expressions: _col0 (type: bigint)
                      null sort order: z
                      sort order: +
                      Map-reduce partition columns: _col0 (type: bigint)
                      Statistics: Num rows: 27 Data size: 2889 Basic stats: COMPLETE Column stats: COMPLETE
                      value expressions: _col1 (type: string)
            Execution mode: vectorized, llap
            LLAP IO: may be used (ACID table)
        Map 7 
            Map Operator Tree:
                TableScan
                  alias: web_site
                  Statistics: Num rows: 84 Data size: 8232 Basic stats: COMPLETE Column stats: COMPLETE
                  Select Operator
                    expressions: web_site_sk (type: bigint), web_name (type: varchar(50))
                    outputColumnNames: _col0, _col1
                    Statistics: Num rows: 84 Data size: 8232 Basic stats: COMPLETE Column stats: COMPLETE
                    Reduce Output Operator
                      key expressions: _col0 (type: bigint)
                      null sort order: z
                      sort order: +
                      Map-reduce partition columns: _col0 (type: bigint)
                      Statistics: Num rows: 84 Data size: 8232 Basic stats: COMPLETE Column stats: COMPLETE
                      value expressions: _col1 (type: varchar(50))
            Execution mode: vectorized, llap
            LLAP IO: may be used (ACID table)
        Reducer 2 
            Execution mode: vectorized, llap
            Reduce Operator Tree:
              Group By Operator
                aggregations: sum(VALUE._col0), sum(VALUE._col1), sum(VALUE._col2), sum(VALUE._col3), sum(VALUE._col4)
                keys: KEY._col0 (type: string), KEY._col1 (type: char(30)), KEY._col2 (type: varchar(50))
                mode: mergepartial
                outputColumnNames: _col0, _col1, _col2, _col3, _col4, _col5, _col6, _col7
                Statistics: Num rows: 2430 Data size: 780030 Basic stats: COMPLETE Column stats: COMPLETE
                Select Operator
                  expressions: _col1 (type: char(30)), _col2 (type: varchar(50)), _col3 (type: bigint), _col4 (type: bigint), _col5 (type: bigint), _col6 (type: bigint), _col7 (type: bigint), _col0 (type: string)
                  outputColumnNames: _col1, _col2, _col3, _col4, _col5, _col6, _col7, _col8
                  Statistics: Num rows: 2430 Data size: 1020600 Basic stats: COMPLETE Column stats: COMPLETE
                  Reduce Output Operator
                    key expressions: _col8 (type: string), _col1 (type: char(30)), _col2 (type: varchar(50))
                    null sort order: zzz
                    sort order: +++
                    Statistics: Num rows: 2430 Data size: 1020600 Basic stats: COMPLETE Column stats: COMPLETE
                    value expressions: _col3 (type: bigint), _col4 (type: bigint), _col5 (type: bigint), _col6 (type: bigint), _col7 (type: bigint)
        Reducer 3 
            Execution mode: vectorized, llap
            Reduce Operator Tree:
              Select Operator
                expressions: KEY.reducesinkkey0 (type: string), KEY.reducesinkkey1 (type: char(30)), KEY.reducesinkkey2 (type: varchar(50)), VALUE._col0 (type: bigint), VALUE._col1 (type: bigint), VALUE._col2 (type: bigint), VALUE._col3 (type: bigint), VALUE._col4 (type: bigint)
                outputColumnNames: _col0, _col1, _col2, _col3, _col4, _col5, _col6, _col7
                Statistics: Num rows: 2430 Data size: 1020600 Basic stats: COMPLETE Column stats: COMPLETE
                Limit
                  Number of rows: 100
                  Statistics: Num rows: 100 Data size: 42000 Basic stats: COMPLETE Column stats: COMPLETE
                  File Output Operator
                    compressed: false
                    Statistics: Num rows: 100 Data size: 42000 Basic stats: COMPLETE Column stats: COMPLETE
                    table:
                        input format: org.apache.hadoop.mapred.SequenceFileInputFormat
                        output format: org.apache.hadoop.hive.ql.io.HiveSequenceFileOutputFormat
                        serde: org.apache.hadoop.hive.serde2.lazy.LazySimpleSerDe

  Stage: Stage-0
    Fetch Operator
      limit: -1
      Processor Tree:
        ListSink

