STAGE DEPENDENCIES:
  Stage-1 is a root stage
  Stage-0 depends on stages: Stage-1

STAGE PLANS:
  Stage: Stage-1
    Tez
#### A masked pattern was here ####
      Edges:
        Map 1 <- Map 3 (BROADCAST_EDGE), Map 4 (BROADCAST_EDGE)
        Map 4 <- Map 5 (BROADCAST_EDGE), Map 6 (BROADCAST_EDGE)
        Map 6 <- Map 7 (BROADCAST_EDGE)
        Reducer 2 <- Map 1 (SIMPLE_EDGE)
#### A masked pattern was here ####
      Vertices:
        Map 1 
            Map Operator Tree:
                TableScan
                  alias: store_returns
                  filterExpr: sr_cdemo_sk is not null (type: boolean)
                  probeDecodeDetails: cacheKey:HASH_MAP_MAPJOIN_120_container, bigKeyColName:sr_cdemo_sk, smallTablePos:1, keyRatio:2.536782067417032E-6
                  Statistics: Num rows: 8634166995 Data size: 66673356440 Basic stats: COMPLETE Column stats: COMPLETE
                  Filter Operator
                    predicate: sr_cdemo_sk is not null (type: boolean)
                    Statistics: Num rows: 8334169554 Data size: 64356765120 Basic stats: COMPLETE Column stats: COMPLETE
                    Select Operator
                      expressions: sr_cdemo_sk (type: bigint)
                      outputColumnNames: _col0
                      Statistics: Num rows: 8334169554 Data size: 64356765120 Basic stats: COMPLETE Column stats: COMPLETE
                      Map Join Operator
                        condition map:
                             Inner Join 0 to 1
                        keys:
                          0 _col0 (type: bigint)
                          1 _col0 (type: bigint)
                        outputColumnNames: _col1
                        input vertices:
                          1 Map 3
                        Statistics: Num rows: 8334169554 Data size: 66673356432 Basic stats: COMPLETE Column stats: COMPLETE
                        Map Join Operator
                          condition map:
                               Inner Join 0 to 1
                          keys:
                            0 _col1 (type: bigint)
                            1 _col1 (type: bigint)
                          outputColumnNames: _col2, _col6
                          input vertices:
                            1 Map 4
                          Statistics: Num rows: 21903 Data size: 6220452 Basic stats: COMPLETE Column stats: COMPLETE
                          Top N Key Operator
                            sort order: +
                            keys: _col2 (type: char(16))
                            null sort order: z
                            Statistics: Num rows: 21903 Data size: 6220452 Basic stats: COMPLETE Column stats: COMPLETE
                            top n: 100
                            Select Operator
                              expressions: _col6 (type: string), _col2 (type: char(16))
                              outputColumnNames: _col1, _col2
                              Statistics: Num rows: 21903 Data size: 8410752 Basic stats: COMPLETE Column stats: COMPLETE
                              Reduce Output Operator
                                key expressions: _col2 (type: char(16))
                                null sort order: z
                                sort order: +
                                Statistics: Num rows: 21903 Data size: 8410752 Basic stats: COMPLETE Column stats: COMPLETE
                                value expressions: _col1 (type: string)
            Execution mode: vectorized, llap
            LLAP IO: may be used (ACID table)
        Map 3 
            Map Operator Tree:
                TableScan
                  alias: customer_demographics
                  Statistics: Num rows: 1920800 Data size: 15366400 Basic stats: COMPLETE Column stats: COMPLETE
                  Select Operator
                    expressions: cd_demo_sk (type: bigint)
                    outputColumnNames: _col0
                    Statistics: Num rows: 1920800 Data size: 15366400 Basic stats: COMPLETE Column stats: COMPLETE
                    Reduce Output Operator
                      key expressions: _col0 (type: bigint)
                      null sort order: z
                      sort order: +
                      Map-reduce partition columns: _col0 (type: bigint)
                      Statistics: Num rows: 1920800 Data size: 15366400 Basic stats: COMPLETE Column stats: COMPLETE
            Execution mode: vectorized, llap
            LLAP IO: may be used (ACID table)
        Map 4 
            Map Operator Tree:
                TableScan
                  alias: customer
                  filterExpr: (c_current_hdemo_sk is not null and c_current_cdemo_sk is not null and c_current_addr_sk is not null) (type: boolean)
                  probeDecodeDetails: cacheKey:HASH_MAP_MAPJOIN_119_container, bigKeyColName:c_current_hdemo_sk, smallTablePos:1, keyRatio:2.836375E-4
                  Statistics: Num rows: 80000000 Data size: 24275219040 Basic stats: COMPLETE Column stats: COMPLETE
                  Filter Operator
                    predicate: (c_current_hdemo_sk is not null and c_current_cdemo_sk is not null and c_current_addr_sk is not null) (type: boolean)
                    Statistics: Num rows: 74500295 Data size: 22606387248 Basic stats: COMPLETE Column stats: COMPLETE
                    Select Operator
                      expressions: c_customer_id (type: char(16)), c_current_cdemo_sk (type: bigint), c_current_hdemo_sk (type: bigint), c_current_addr_sk (type: bigint), concat(concat(c_last_name, ', '), c_first_name) (type: string)
                      outputColumnNames: _col0, _col1, _col2, _col3, _col4
                      Statistics: Num rows: 74500295 Data size: 22904388428 Basic stats: COMPLETE Column stats: COMPLETE
                      Map Join Operator
                        condition map:
                             Inner Join 0 to 1
                        keys:
                          0 _col3 (type: bigint)
                          1 _col0 (type: bigint)
                        outputColumnNames: _col0, _col1, _col2, _col4
                        input vertices:
                          1 Map 5
                        Statistics: Num rows: 75635 Data size: 21480356 Basic stats: COMPLETE Column stats: COMPLETE
                        Map Join Operator
                          condition map:
                               Inner Join 0 to 1
                          keys:
                            0 _col2 (type: bigint)
                            1 _col0 (type: bigint)
                          outputColumnNames: _col0, _col1, _col4
                          input vertices:
                            1 Map 6
                          Statistics: Num rows: 22691 Data size: 6444252 Basic stats: COMPLETE Column stats: COMPLETE
                          Reduce Output Operator
                            key expressions: _col1 (type: bigint)
                            null sort order: z
                            sort order: +
                            Map-reduce partition columns: _col1 (type: bigint)
                            Statistics: Num rows: 22691 Data size: 6444252 Basic stats: COMPLETE Column stats: COMPLETE
                            value expressions: _col0 (type: char(16)), _col4 (type: string)
            Execution mode: vectorized, llap
            LLAP IO: may be used (ACID table)
        Map 5 
            Map Operator Tree:
                TableScan
                  alias: customer_address
                  filterExpr: (ca_city = 'Hopewell') (type: boolean)
                  Statistics: Num rows: 40000000 Data size: 4040000000 Basic stats: COMPLETE Column stats: COMPLETE
                  Filter Operator
                    predicate: (ca_city = 'Hopewell') (type: boolean)
                    Statistics: Num rows: 40609 Data size: 4101509 Basic stats: COMPLETE Column stats: COMPLETE
                    Select Operator
                      expressions: ca_address_sk (type: bigint)
                      outputColumnNames: _col0
                      Statistics: Num rows: 40609 Data size: 324872 Basic stats: COMPLETE Column stats: COMPLETE
                      Reduce Output Operator
                        key expressions: _col0 (type: bigint)
                        null sort order: z
                        sort order: +
                        Map-reduce partition columns: _col0 (type: bigint)
                        Statistics: Num rows: 40609 Data size: 324872 Basic stats: COMPLETE Column stats: COMPLETE
            Execution mode: vectorized, llap
            LLAP IO: may be used (ACID table)
        Map 6 
            Map Operator Tree:
                TableScan
                  alias: household_demographics
                  filterExpr: hd_income_band_sk is not null (type: boolean)
                  probeDecodeDetails: cacheKey:HASH_MAP_MAPJOIN_118_container, bigKeyColName:hd_income_band_sk, smallTablePos:1, keyRatio:0.3001388888888889
                  Statistics: Num rows: 7200 Data size: 115200 Basic stats: COMPLETE Column stats: COMPLETE
                  Filter Operator
                    predicate: hd_income_band_sk is not null (type: boolean)
                    Statistics: Num rows: 7200 Data size: 115200 Basic stats: COMPLETE Column stats: COMPLETE
                    Select Operator
                      expressions: hd_demo_sk (type: bigint), hd_income_band_sk (type: bigint)
                      outputColumnNames: _col0, _col1
                      Statistics: Num rows: 7200 Data size: 115200 Basic stats: COMPLETE Column stats: COMPLETE
                      Map Join Operator
                        condition map:
                             Inner Join 0 to 1
                        keys:
                          0 _col1 (type: bigint)
                          1 _col0 (type: bigint)
                        outputColumnNames: _col0
                        input vertices:
                          1 Map 7
                        Statistics: Num rows: 2161 Data size: 17288 Basic stats: COMPLETE Column stats: COMPLETE
                        Reduce Output Operator
                          key expressions: _col0 (type: bigint)
                          null sort order: z
                          sort order: +
                          Map-reduce partition columns: _col0 (type: bigint)
                          Statistics: Num rows: 2161 Data size: 17288 Basic stats: COMPLETE Column stats: COMPLETE
            Execution mode: vectorized, llap
            LLAP IO: may be used (ACID table)
        Map 7 
            Map Operator Tree:
                TableScan
                  alias: income_band
                  filterExpr: ((ib_lower_bound >= 32287) and (ib_upper_bound <= 82287)) (type: boolean)
                  Statistics: Num rows: 20 Data size: 320 Basic stats: COMPLETE Column stats: COMPLETE
                  Filter Operator
                    predicate: ((ib_lower_bound >= 32287) and (ib_upper_bound <= 82287)) (type: boolean)
                    Statistics: Num rows: 6 Data size: 96 Basic stats: COMPLETE Column stats: COMPLETE
                    Select Operator
                      expressions: ib_income_band_sk (type: bigint)
                      outputColumnNames: _col0
                      Statistics: Num rows: 6 Data size: 48 Basic stats: COMPLETE Column stats: COMPLETE
                      Reduce Output Operator
                        key expressions: _col0 (type: bigint)
                        null sort order: z
                        sort order: +
                        Map-reduce partition columns: _col0 (type: bigint)
                        Statistics: Num rows: 6 Data size: 48 Basic stats: COMPLETE Column stats: COMPLETE
            Execution mode: vectorized, llap
            LLAP IO: may be used (ACID table)
        Reducer 2 
            Execution mode: vectorized, llap
            Reduce Operator Tree:
              Select Operator
                expressions: KEY.reducesinkkey0 (type: char(16)), VALUE._col0 (type: string)
                outputColumnNames: _col0, _col1
                Statistics: Num rows: 21903 Data size: 8410752 Basic stats: COMPLETE Column stats: COMPLETE
                Limit
                  Number of rows: 100
                  Statistics: Num rows: 100 Data size: 38400 Basic stats: COMPLETE Column stats: COMPLETE
                  File Output Operator
                    compressed: false
                    Statistics: Num rows: 100 Data size: 38400 Basic stats: COMPLETE Column stats: COMPLETE
                    table:
                        input format: org.apache.hadoop.mapred.SequenceFileInputFormat
                        output format: org.apache.hadoop.hive.ql.io.HiveSequenceFileOutputFormat
                        serde: org.apache.hadoop.hive.serde2.lazy.LazySimpleSerDe

  Stage: Stage-0
    Fetch Operator
      limit: -1
      Processor Tree:
        ListSink

