STAGE DEPENDENCIES:
  Stage-1 is a root stage
  Stage-0 depends on stages: Stage-1

STAGE PLANS:
  Stage: Stage-1
    Tez
#### A masked pattern was here ####
      Edges:
        Map 1 <- Map 6 (BROADCAST_EDGE), Union 2 (CONTAINS)
        Map 10 <- Map 7 (BROADCAST_EDGE), Union 11 (CONTAINS)
        Map 13 <- Map 7 (BROADCAST_EDGE), Union 11 (CONTAINS)
        Map 5 <- Map 6 (BROADCAST_EDGE), Union 2 (CONTAINS)
        Map 6 <- Reducer 8 (BROADCAST_EDGE), Reducer 9 (BROADCAST_EDGE)
        Reducer 12 <- Map 7 (BROADCAST_EDGE), Union 11 (SIMPLE_EDGE)
        Reducer 3 <- Map 7 (BROADCAST_EDGE), Reducer 12 (BROADCAST_EDGE), Union 2 (SIMPLE_EDGE)
        Reducer 4 <- Reducer 3 (SIMPLE_EDGE)
        Reducer 8 <- Map 7 (CUSTOM_SIMPLE_EDGE)
        Reducer 9 <- Map 7 (CUSTOM_SIMPLE_EDGE)
#### A masked pattern was here ####
      Vertices:
        Map 1 
            Map Operator Tree:
                TableScan
                  alias: web_sales
                  filterExpr: ws_sold_date_sk is not null (type: boolean)
                  Statistics: Num rows: 21594638446 Data size: 2591054005984 Basic stats: COMPLETE Column stats: COMPLETE
                  Select Operator
                    expressions: ws_sold_date_sk (type: bigint), ws_ext_sales_price (type: decimal(7,2))
                    outputColumnNames: _col0, _col1
                    Statistics: Num rows: 21594638446 Data size: 2591054005984 Basic stats: COMPLETE Column stats: COMPLETE
                    Map Join Operator
                      condition map:
                           Inner Join 0 to 1
                      keys:
                        0 _col0 (type: bigint)
                        1 _col0 (type: bigint)
                      outputColumnNames: _col1, _col3, _col4, _col5, _col6, _col7, _col8, _col9, _col10
                      input vertices:
                        1 Map 6
                      Statistics: Num rows: 64599747471 Data size: 9289711673536 Basic stats: COMPLETE Column stats: COMPLETE
                      Select Operator
                        expressions: _col3 (type: int), CASE WHEN (_col4) THEN (_col1) ELSE (null) END (type: decimal(7,2)), CASE WHEN (_col5) THEN (_col1) ELSE (null) END (type: decimal(7,2)), CASE WHEN (_col6) THEN (_col1) ELSE (null) END (type: decimal(7,2)), CASE WHEN (_col7) THEN (_col1) ELSE (null) END (type: decimal(7,2)), CASE WHEN (_col8) THEN (_col1) ELSE (null) END (type: decimal(7,2)), CASE WHEN (_col9) THEN (_col1) ELSE (null) END (type: decimal(7,2)), CASE WHEN (_col10) THEN (_col1) ELSE (null) END (type: decimal(7,2))
                        outputColumnNames: _col0, _col1, _col2, _col3, _col4, _col5, _col6, _col7
                        Statistics: Num rows: 64599747471 Data size: 9289711673536 Basic stats: COMPLETE Column stats: COMPLETE
                        Group By Operator
                          aggregations: sum(_col1), sum(_col2), sum(_col3), sum(_col4), sum(_col5), sum(_col6), sum(_col7)
                          keys: _col0 (type: int)
                          minReductionHashAggr: 0.99
                          mode: hash
                          outputColumnNames: _col0, _col1, _col2, _col3, _col4, _col5, _col6, _col7
                          Statistics: Num rows: 409945536 Data size: 323037082368 Basic stats: COMPLETE Column stats: COMPLETE
                          Reduce Output Operator
                            key expressions: _col0 (type: int)
                            null sort order: z
                            sort order: +
                            Map-reduce partition columns: _col0 (type: int)
                            Statistics: Num rows: 409945536 Data size: 323037082368 Basic stats: COMPLETE Column stats: COMPLETE
                            value expressions: _col1 (type: decimal(17,2)), _col2 (type: decimal(17,2)), _col3 (type: decimal(17,2)), _col4 (type: decimal(17,2)), _col5 (type: decimal(17,2)), _col6 (type: decimal(17,2)), _col7 (type: decimal(17,2))
            Execution mode: vectorized, llap
            LLAP IO: may be used (ACID table)
        Map 10 
            Map Operator Tree:
                TableScan
                  alias: web_sales
                  filterExpr: ws_sold_date_sk is not null (type: boolean)
                  Statistics: Num rows: 21594638446 Data size: 2591054005984 Basic stats: COMPLETE Column stats: COMPLETE
                  Select Operator
                    expressions: ws_sold_date_sk (type: bigint), ws_ext_sales_price (type: decimal(7,2))
                    outputColumnNames: _col0, _col1
                    Statistics: Num rows: 21594638446 Data size: 2591054005984 Basic stats: COMPLETE Column stats: COMPLETE
                    Map Join Operator
                      condition map:
                           Inner Join 0 to 1
                      keys:
                        0 _col0 (type: bigint)
                        1 _col0 (type: bigint)
                      outputColumnNames: _col1, _col3, _col4, _col5, _col6, _col7, _col8, _col9, _col10
                      input vertices:
                        1 Map 7
                      Statistics: Num rows: 64599747471 Data size: 9289711673536 Basic stats: COMPLETE Column stats: COMPLETE
                      Select Operator
                        expressions: _col3 (type: int), CASE WHEN (_col4) THEN (_col1) ELSE (null) END (type: decimal(7,2)), CASE WHEN (_col5) THEN (_col1) ELSE (null) END (type: decimal(7,2)), CASE WHEN (_col6) THEN (_col1) ELSE (null) END (type: decimal(7,2)), CASE WHEN (_col7) THEN (_col1) ELSE (null) END (type: decimal(7,2)), CASE WHEN (_col8) THEN (_col1) ELSE (null) END (type: decimal(7,2)), CASE WHEN (_col9) THEN (_col1) ELSE (null) END (type: decimal(7,2)), CASE WHEN (_col10) THEN (_col1) ELSE (null) END (type: decimal(7,2))
                        outputColumnNames: _col0, _col1, _col2, _col3, _col4, _col5, _col6, _col7
                        Statistics: Num rows: 64599747471 Data size: 9289711673536 Basic stats: COMPLETE Column stats: COMPLETE
                        Group By Operator
                          aggregations: sum(_col1), sum(_col2), sum(_col3), sum(_col4), sum(_col5), sum(_col6), sum(_col7)
                          keys: _col0 (type: int)
                          minReductionHashAggr: 0.99
                          mode: hash
                          outputColumnNames: _col0, _col1, _col2, _col3, _col4, _col5, _col6, _col7
                          Statistics: Num rows: 409945536 Data size: 323037082368 Basic stats: COMPLETE Column stats: COMPLETE
                          Reduce Output Operator
                            key expressions: _col0 (type: int)
                            null sort order: z
                            sort order: +
                            Map-reduce partition columns: _col0 (type: int)
                            Statistics: Num rows: 409945536 Data size: 323037082368 Basic stats: COMPLETE Column stats: COMPLETE
                            value expressions: _col1 (type: decimal(17,2)), _col2 (type: decimal(17,2)), _col3 (type: decimal(17,2)), _col4 (type: decimal(17,2)), _col5 (type: decimal(17,2)), _col6 (type: decimal(17,2)), _col7 (type: decimal(17,2))
            Execution mode: vectorized, llap
            LLAP IO: may be used (ACID table)
        Map 13 
            Map Operator Tree:
                TableScan
                  alias: catalog_sales
                  filterExpr: cs_sold_date_sk is not null (type: boolean)
                  Statistics: Num rows: 43005109025 Data size: 5148566336008 Basic stats: COMPLETE Column stats: COMPLETE
                  Select Operator
                    expressions: cs_sold_date_sk (type: bigint), cs_ext_sales_price (type: decimal(7,2))
                    outputColumnNames: _col0, _col1
                    Statistics: Num rows: 43005109025 Data size: 5148566336008 Basic stats: COMPLETE Column stats: COMPLETE
                    Map Join Operator
                      condition map:
                           Inner Join 0 to 1
                      keys:
                        0 _col0 (type: bigint)
                        1 _col0 (type: bigint)
                      outputColumnNames: _col1, _col3, _col4, _col5, _col6, _col7, _col8, _col9, _col10
                      input vertices:
                        1 Map 7
                      Statistics: Num rows: 64599747471 Data size: 9289711673536 Basic stats: COMPLETE Column stats: COMPLETE
                      Select Operator
                        expressions: _col3 (type: int), CASE WHEN (_col4) THEN (_col1) ELSE (null) END (type: decimal(7,2)), CASE WHEN (_col5) THEN (_col1) ELSE (null) END (type: decimal(7,2)), CASE WHEN (_col6) THEN (_col1) ELSE (null) END (type: decimal(7,2)), CASE WHEN (_col7) THEN (_col1) ELSE (null) END (type: decimal(7,2)), CASE WHEN (_col8) THEN (_col1) ELSE (null) END (type: decimal(7,2)), CASE WHEN (_col9) THEN (_col1) ELSE (null) END (type: decimal(7,2)), CASE WHEN (_col10) THEN (_col1) ELSE (null) END (type: decimal(7,2))
                        outputColumnNames: _col0, _col1, _col2, _col3, _col4, _col5, _col6, _col7
                        Statistics: Num rows: 64599747471 Data size: 9289711673536 Basic stats: COMPLETE Column stats: COMPLETE
                        Group By Operator
                          aggregations: sum(_col1), sum(_col2), sum(_col3), sum(_col4), sum(_col5), sum(_col6), sum(_col7)
                          keys: _col0 (type: int)
                          minReductionHashAggr: 0.99
                          mode: hash
                          outputColumnNames: _col0, _col1, _col2, _col3, _col4, _col5, _col6, _col7
                          Statistics: Num rows: 409945536 Data size: 323037082368 Basic stats: COMPLETE Column stats: COMPLETE
                          Reduce Output Operator
                            key expressions: _col0 (type: int)
                            null sort order: z
                            sort order: +
                            Map-reduce partition columns: _col0 (type: int)
                            Statistics: Num rows: 409945536 Data size: 323037082368 Basic stats: COMPLETE Column stats: COMPLETE
                            value expressions: _col1 (type: decimal(17,2)), _col2 (type: decimal(17,2)), _col3 (type: decimal(17,2)), _col4 (type: decimal(17,2)), _col5 (type: decimal(17,2)), _col6 (type: decimal(17,2)), _col7 (type: decimal(17,2))
            Execution mode: vectorized, llap
            LLAP IO: may be used (ACID table)
        Map 5 
            Map Operator Tree:
                TableScan
                  alias: catalog_sales
                  filterExpr: cs_sold_date_sk is not null (type: boolean)
                  Statistics: Num rows: 43005109025 Data size: 5148566336008 Basic stats: COMPLETE Column stats: COMPLETE
                  Select Operator
                    expressions: cs_sold_date_sk (type: bigint), cs_ext_sales_price (type: decimal(7,2))
                    outputColumnNames: _col0, _col1
                    Statistics: Num rows: 43005109025 Data size: 5148566336008 Basic stats: COMPLETE Column stats: COMPLETE
                    Map Join Operator
                      condition map:
                           Inner Join 0 to 1
                      keys:
                        0 _col0 (type: bigint)
                        1 _col0 (type: bigint)
                      outputColumnNames: _col1, _col3, _col4, _col5, _col6, _col7, _col8, _col9, _col10
                      input vertices:
                        1 Map 6
                      Statistics: Num rows: 64599747471 Data size: 9289711673536 Basic stats: COMPLETE Column stats: COMPLETE
                      Select Operator
                        expressions: _col3 (type: int), CASE WHEN (_col4) THEN (_col1) ELSE (null) END (type: decimal(7,2)), CASE WHEN (_col5) THEN (_col1) ELSE (null) END (type: decimal(7,2)), CASE WHEN (_col6) THEN (_col1) ELSE (null) END (type: decimal(7,2)), CASE WHEN (_col7) THEN (_col1) ELSE (null) END (type: decimal(7,2)), CASE WHEN (_col8) THEN (_col1) ELSE (null) END (type: decimal(7,2)), CASE WHEN (_col9) THEN (_col1) ELSE (null) END (type: decimal(7,2)), CASE WHEN (_col10) THEN (_col1) ELSE (null) END (type: decimal(7,2))
                        outputColumnNames: _col0, _col1, _col2, _col3, _col4, _col5, _col6, _col7
                        Statistics: Num rows: 64599747471 Data size: 9289711673536 Basic stats: COMPLETE Column stats: COMPLETE
                        Group By Operator
                          aggregations: sum(_col1), sum(_col2), sum(_col3), sum(_col4), sum(_col5), sum(_col6), sum(_col7)
                          keys: _col0 (type: int)
                          minReductionHashAggr: 0.99
                          mode: hash
                          outputColumnNames: _col0, _col1, _col2, _col3, _col4, _col5, _col6, _col7
                          Statistics: Num rows: 409945536 Data size: 323037082368 Basic stats: COMPLETE Column stats: COMPLETE
                          Reduce Output Operator
                            key expressions: _col0 (type: int)
                            null sort order: z
                            sort order: +
                            Map-reduce partition columns: _col0 (type: int)
                            Statistics: Num rows: 409945536 Data size: 323037082368 Basic stats: COMPLETE Column stats: COMPLETE
                            value expressions: _col1 (type: decimal(17,2)), _col2 (type: decimal(17,2)), _col3 (type: decimal(17,2)), _col4 (type: decimal(17,2)), _col5 (type: decimal(17,2)), _col6 (type: decimal(17,2)), _col7 (type: decimal(17,2))
            Execution mode: vectorized, llap
            LLAP IO: may be used (ACID table)
        Map 6 
            Map Operator Tree:
                TableScan
                  alias: date_dim
                  filterExpr: (d_week_seq is not null and d_week_seq BETWEEN DynamicValue(RS_51_date_dim_d_week_seq_min) AND DynamicValue(RS_51_date_dim_d_week_seq_max) and (d_week_seq - 53) BETWEEN DynamicValue(RS_47_date_dim_d_week_seq_min) AND DynamicValue(RS_47_date_dim_d_week_seq_max) and in_bloom_filter(d_week_seq, DynamicValue(RS_51_date_dim_d_week_seq_bloom_filter)) and in_bloom_filter((d_week_seq - 53), DynamicValue(RS_47_date_dim_d_week_seq_bloom_filter))) (type: boolean)
                  Statistics: Num rows: 73049 Data size: 7524047 Basic stats: COMPLETE Column stats: COMPLETE
                  Filter Operator
                    predicate: (d_week_seq is not null and d_week_seq BETWEEN DynamicValue(RS_51_date_dim_d_week_seq_min) AND DynamicValue(RS_51_date_dim_d_week_seq_max) and (d_week_seq - 53) BETWEEN DynamicValue(RS_47_date_dim_d_week_seq_min) AND DynamicValue(RS_47_date_dim_d_week_seq_max) and in_bloom_filter(d_week_seq, DynamicValue(RS_51_date_dim_d_week_seq_bloom_filter)) and in_bloom_filter((d_week_seq - 53), DynamicValue(RS_47_date_dim_d_week_seq_bloom_filter))) (type: boolean)
                    Statistics: Num rows: 73049 Data size: 7524047 Basic stats: COMPLETE Column stats: COMPLETE
                    Select Operator
                      expressions: d_date_sk (type: bigint), d_week_seq (type: int), (d_day_name = 'Sunday   ') (type: boolean), (d_day_name = 'Monday   ') (type: boolean), (d_day_name = 'Tuesday  ') (type: boolean), (d_day_name = 'Wednesday') (type: boolean), (d_day_name = 'Thursday ') (type: boolean), (d_day_name = 'Friday   ') (type: boolean), (d_day_name = 'Saturday ') (type: boolean)
                      outputColumnNames: _col0, _col1, _col2, _col3, _col4, _col5, _col6, _col7, _col8
                      Statistics: Num rows: 73049 Data size: 2921960 Basic stats: COMPLETE Column stats: COMPLETE
                      Reduce Output Operator
                        key expressions: _col0 (type: bigint)
                        null sort order: z
                        sort order: +
                        Map-reduce partition columns: _col0 (type: bigint)
                        Statistics: Num rows: 73049 Data size: 2921960 Basic stats: COMPLETE Column stats: COMPLETE
                        value expressions: _col1 (type: int), _col2 (type: boolean), _col3 (type: boolean), _col4 (type: boolean), _col5 (type: boolean), _col6 (type: boolean), _col7 (type: boolean), _col8 (type: boolean)
                      Select Operator
                        expressions: _col0 (type: bigint)
                        outputColumnNames: _col0
                        Statistics: Num rows: 73049 Data size: 584392 Basic stats: COMPLETE Column stats: COMPLETE
                        Group By Operator
                          keys: _col0 (type: bigint)
                          minReductionHashAggr: 0.4
                          mode: hash
                          outputColumnNames: _col0
                          Statistics: Num rows: 67850 Data size: 542800 Basic stats: COMPLETE Column stats: COMPLETE
                          Dynamic Partitioning Event Operator
                            Target column: ws_sold_date_sk (bigint)
                            Target Input: web_sales
                            Partition key expr: ws_sold_date_sk
                            Statistics: Num rows: 67850 Data size: 542800 Basic stats: COMPLETE Column stats: COMPLETE
                            Target Vertex: Map 1
                      Select Operator
                        expressions: _col0 (type: bigint)
                        outputColumnNames: _col0
                        Statistics: Num rows: 73049 Data size: 584392 Basic stats: COMPLETE Column stats: COMPLETE
                        Group By Operator
                          keys: _col0 (type: bigint)
                          minReductionHashAggr: 0.4
                          mode: hash
                          outputColumnNames: _col0
                          Statistics: Num rows: 67850 Data size: 542800 Basic stats: COMPLETE Column stats: COMPLETE
                          Dynamic Partitioning Event Operator
                            Target column: cs_sold_date_sk (bigint)
                            Target Input: catalog_sales
                            Partition key expr: cs_sold_date_sk
                            Statistics: Num rows: 67850 Data size: 542800 Basic stats: COMPLETE Column stats: COMPLETE
                            Target Vertex: Map 5
                      Reduce Output Operator
                        key expressions: _col0 (type: bigint)
                        null sort order: z
                        sort order: +
                        Map-reduce partition columns: _col0 (type: bigint)
                        Statistics: Num rows: 73049 Data size: 2921960 Basic stats: COMPLETE Column stats: COMPLETE
                        value expressions: _col1 (type: int), _col2 (type: boolean), _col3 (type: boolean), _col4 (type: boolean), _col5 (type: boolean), _col6 (type: boolean), _col7 (type: boolean), _col8 (type: boolean)
            Execution mode: vectorized, llap
            LLAP IO: may be used (ACID table)
        Map 7 
            Map Operator Tree:
                TableScan
                  alias: date_dim
                  filterExpr: (((d_year = 2002) and d_week_seq is not null) or ((d_year = 2001) and d_week_seq is not null) or d_week_seq is not null) (type: boolean)
                  Statistics: Num rows: 73049 Data size: 584392 Basic stats: COMPLETE Column stats: COMPLETE
                  Filter Operator
                    predicate: ((d_year = 2002) and d_week_seq is not null) (type: boolean)
                    Statistics: Num rows: 367 Data size: 2936 Basic stats: COMPLETE Column stats: COMPLETE
                    Select Operator
                      expressions: d_week_seq (type: int)
                      outputColumnNames: _col0
                      Statistics: Num rows: 367 Data size: 1468 Basic stats: COMPLETE Column stats: COMPLETE
                      Reduce Output Operator
                        key expressions: _col0 (type: int)
                        null sort order: z
                        sort order: +
                        Map-reduce partition columns: _col0 (type: int)
                        Statistics: Num rows: 367 Data size: 1468 Basic stats: COMPLETE Column stats: COMPLETE
                      Select Operator
                        expressions: _col0 (type: int)
                        outputColumnNames: _col0
                        Statistics: Num rows: 367 Data size: 1468 Basic stats: COMPLETE Column stats: COMPLETE
                        Group By Operator
                          aggregations: min(_col0), max(_col0), bloom_filter(_col0, expectedEntries=1000000)
                          minReductionHashAggr: 0.99
                          mode: hash
                          outputColumnNames: _col0, _col1, _col2
                          Statistics: Num rows: 1 Data size: 12 Basic stats: COMPLETE Column stats: COMPLETE
                          Reduce Output Operator
                            null sort order: 
                            sort order: 
                            Statistics: Num rows: 1 Data size: 12 Basic stats: COMPLETE Column stats: COMPLETE
                            value expressions: _col0 (type: int), _col1 (type: int), _col2 (type: binary)
                  Filter Operator
                    predicate: ((d_year = 2001) and d_week_seq is not null) (type: boolean)
                    Statistics: Num rows: 367 Data size: 2936 Basic stats: COMPLETE Column stats: COMPLETE
                    Select Operator
                      expressions: d_week_seq (type: int)
                      outputColumnNames: _col0
                      Statistics: Num rows: 367 Data size: 1468 Basic stats: COMPLETE Column stats: COMPLETE
                      Reduce Output Operator
                        key expressions: _col0 (type: int)
                        null sort order: z
                        sort order: +
                        Map-reduce partition columns: _col0 (type: int)
                        Statistics: Num rows: 367 Data size: 1468 Basic stats: COMPLETE Column stats: COMPLETE
                      Select Operator
                        expressions: _col0 (type: int)
                        outputColumnNames: _col0
                        Statistics: Num rows: 367 Data size: 1468 Basic stats: COMPLETE Column stats: COMPLETE
                        Group By Operator
                          aggregations: min(_col0), max(_col0), bloom_filter(_col0, expectedEntries=1000000)
                          minReductionHashAggr: 0.99
                          mode: hash
                          outputColumnNames: _col0, _col1, _col2
                          Statistics: Num rows: 1 Data size: 12 Basic stats: COMPLETE Column stats: COMPLETE
                          Reduce Output Operator
                            null sort order: 
                            sort order: 
                            Statistics: Num rows: 1 Data size: 12 Basic stats: COMPLETE Column stats: COMPLETE
                            value expressions: _col0 (type: int), _col1 (type: int), _col2 (type: binary)
                  Filter Operator
                    predicate: d_week_seq is not null (type: boolean)
                    Statistics: Num rows: 73049 Data size: 7524047 Basic stats: COMPLETE Column stats: COMPLETE
                    Select Operator
                      expressions: d_date_sk (type: bigint), d_week_seq (type: int), (d_day_name = 'Sunday   ') (type: boolean), (d_day_name = 'Monday   ') (type: boolean), (d_day_name = 'Tuesday  ') (type: boolean), (d_day_name = 'Wednesday') (type: boolean), (d_day_name = 'Thursday ') (type: boolean), (d_day_name = 'Friday   ') (type: boolean), (d_day_name = 'Saturday ') (type: boolean)
                      outputColumnNames: _col0, _col1, _col2, _col3, _col4, _col5, _col6, _col7, _col8
                      Statistics: Num rows: 73049 Data size: 2921960 Basic stats: COMPLETE Column stats: COMPLETE
                      Reduce Output Operator
                        key expressions: _col0 (type: bigint)
                        null sort order: z
                        sort order: +
                        Map-reduce partition columns: _col0 (type: bigint)
                        Statistics: Num rows: 73049 Data size: 2921960 Basic stats: COMPLETE Column stats: COMPLETE
                        value expressions: _col1 (type: int), _col2 (type: boolean), _col3 (type: boolean), _col4 (type: boolean), _col5 (type: boolean), _col6 (type: boolean), _col7 (type: boolean), _col8 (type: boolean)
                      Select Operator
                        expressions: _col0 (type: bigint)
                        outputColumnNames: _col0
                        Statistics: Num rows: 73049 Data size: 584392 Basic stats: COMPLETE Column stats: COMPLETE
                        Group By Operator
                          keys: _col0 (type: bigint)
                          minReductionHashAggr: 0.4
                          mode: hash
                          outputColumnNames: _col0
                          Statistics: Num rows: 67850 Data size: 542800 Basic stats: COMPLETE Column stats: COMPLETE
                          Dynamic Partitioning Event Operator
                            Target column: ws_sold_date_sk (bigint)
                            Target Input: web_sales
                            Partition key expr: ws_sold_date_sk
                            Statistics: Num rows: 67850 Data size: 542800 Basic stats: COMPLETE Column stats: COMPLETE
                            Target Vertex: Map 10
                      Select Operator
                        expressions: _col0 (type: bigint)
                        outputColumnNames: _col0
                        Statistics: Num rows: 73049 Data size: 584392 Basic stats: COMPLETE Column stats: COMPLETE
                        Group By Operator
                          keys: _col0 (type: bigint)
                          minReductionHashAggr: 0.4
                          mode: hash
                          outputColumnNames: _col0
                          Statistics: Num rows: 67850 Data size: 542800 Basic stats: COMPLETE Column stats: COMPLETE
                          Dynamic Partitioning Event Operator
                            Target column: cs_sold_date_sk (bigint)
                            Target Input: catalog_sales
                            Partition key expr: cs_sold_date_sk
                            Statistics: Num rows: 67850 Data size: 542800 Basic stats: COMPLETE Column stats: COMPLETE
                            Target Vertex: Map 13
                      Reduce Output Operator
                        key expressions: _col0 (type: bigint)
                        null sort order: z
                        sort order: +
                        Map-reduce partition columns: _col0 (type: bigint)
                        Statistics: Num rows: 73049 Data size: 2921960 Basic stats: COMPLETE Column stats: COMPLETE
                        value expressions: _col1 (type: int), _col2 (type: boolean), _col3 (type: boolean), _col4 (type: boolean), _col5 (type: boolean), _col6 (type: boolean), _col7 (type: boolean), _col8 (type: boolean)
            Execution mode: vectorized, llap
            LLAP IO: may be used (ACID table)
        Reducer 12 
            Execution mode: vectorized, llap
            Reduce Operator Tree:
              Group By Operator
                aggregations: sum(VALUE._col0), sum(VALUE._col1), sum(VALUE._col2), sum(VALUE._col3), sum(VALUE._col4), sum(VALUE._col5), sum(VALUE._col6)
                keys: KEY._col0 (type: int)
                mode: mergepartial
                outputColumnNames: _col0, _col1, _col2, _col3, _col4, _col5, _col6, _col7
                Statistics: Num rows: 11297 Data size: 8902036 Basic stats: COMPLETE Column stats: COMPLETE
                Map Join Operator
                  condition map:
                       Inner Join 0 to 1
                  keys:
                    0 _col0 (type: int)
                    1 _col0 (type: int)
                  outputColumnNames: _col0, _col1, _col2, _col3, _col4, _col5, _col6, _col7
                  input vertices:
                    1 Map 7
                  Statistics: Num rows: 367 Data size: 289196 Basic stats: COMPLETE Column stats: COMPLETE
                  Reduce Output Operator
                    key expressions: _col0 (type: int)
                    null sort order: z
                    sort order: +
                    Map-reduce partition columns: _col0 (type: int)
                    Statistics: Num rows: 367 Data size: 289196 Basic stats: COMPLETE Column stats: COMPLETE
                    value expressions: _col1 (type: decimal(17,2)), _col2 (type: decimal(17,2)), _col3 (type: decimal(17,2)), _col4 (type: decimal(17,2)), _col5 (type: decimal(17,2)), _col6 (type: decimal(17,2)), _col7 (type: decimal(17,2))
        Reducer 3 
            Execution mode: vectorized, llap
            Reduce Operator Tree:
              Group By Operator
                aggregations: sum(VALUE._col0), sum(VALUE._col1), sum(VALUE._col2), sum(VALUE._col3), sum(VALUE._col4), sum(VALUE._col5), sum(VALUE._col6)
                keys: KEY._col0 (type: int)
                mode: mergepartial
                outputColumnNames: _col0, _col1, _col2, _col3, _col4, _col5, _col6, _col7
                Statistics: Num rows: 11297 Data size: 8902036 Basic stats: COMPLETE Column stats: COMPLETE
                Map Join Operator
                  condition map:
                       Inner Join 0 to 1
                  keys:
                    0 _col0 (type: int)
                    1 _col0 (type: int)
                  outputColumnNames: _col0, _col1, _col2, _col3, _col4, _col5, _col6, _col7
                  input vertices:
                    1 Map 7
                  Statistics: Num rows: 367 Data size: 289196 Basic stats: COMPLETE Column stats: COMPLETE
                  Map Join Operator
                    condition map:
                         Inner Join 0 to 1
                    keys:
                      0 (_col0 - 53) (type: int)
                      1 _col0 (type: int)
                    outputColumnNames: _col1, _col2, _col3, _col4, _col5, _col6, _col7, _col9, _col10, _col11, _col12, _col13, _col14, _col15, _col16
                    input vertices:
                      1 Reducer 12
                    Statistics: Num rows: 11224 Data size: 17644128 Basic stats: COMPLETE Column stats: COMPLETE
                    Select Operator
                      expressions: _col9 (type: int), round((_col10 / _col1), 2) (type: decimal(20,2)), round((_col11 / _col2), 2) (type: decimal(20,2)), round((_col12 / _col3), 2) (type: decimal(20,2)), round((_col13 / _col4), 2) (type: decimal(20,2)), round((_col14 / _col5), 2) (type: decimal(20,2)), round((_col15 / _col6), 2) (type: decimal(20,2)), round((_col16 / _col7), 2) (type: decimal(20,2))
                      outputColumnNames: _col0, _col1, _col2, _col3, _col4, _col5, _col6, _col7
                      Statistics: Num rows: 11224 Data size: 8844512 Basic stats: COMPLETE Column stats: COMPLETE
                      Reduce Output Operator
                        key expressions: _col0 (type: int)
                        null sort order: z
                        sort order: +
                        Statistics: Num rows: 11224 Data size: 8844512 Basic stats: COMPLETE Column stats: COMPLETE
                        value expressions: _col1 (type: decimal(20,2)), _col2 (type: decimal(20,2)), _col3 (type: decimal(20,2)), _col4 (type: decimal(20,2)), _col5 (type: decimal(20,2)), _col6 (type: decimal(20,2)), _col7 (type: decimal(20,2))
        Reducer 4 
            Execution mode: vectorized, llap
            Reduce Operator Tree:
              Select Operator
                expressions: KEY.reducesinkkey0 (type: int), VALUE._col0 (type: decimal(20,2)), VALUE._col1 (type: decimal(20,2)), VALUE._col2 (type: decimal(20,2)), VALUE._col3 (type: decimal(20,2)), VALUE._col4 (type: decimal(20,2)), VALUE._col5 (type: decimal(20,2)), VALUE._col6 (type: decimal(20,2))
                outputColumnNames: _col0, _col1, _col2, _col3, _col4, _col5, _col6, _col7
                Statistics: Num rows: 11224 Data size: 8844512 Basic stats: COMPLETE Column stats: COMPLETE
                File Output Operator
                  compressed: false
                  Statistics: Num rows: 11224 Data size: 8844512 Basic stats: COMPLETE Column stats: COMPLETE
                  table:
                      input format: org.apache.hadoop.mapred.SequenceFileInputFormat
                      output format: org.apache.hadoop.hive.ql.io.HiveSequenceFileOutputFormat
                      serde: org.apache.hadoop.hive.serde2.lazy.LazySimpleSerDe
        Reducer 8 
            Execution mode: vectorized, llap
            Reduce Operator Tree:
              Group By Operator
                aggregations: min(VALUE._col0), max(VALUE._col1), bloom_filter(VALUE._col2, expectedEntries=1000000)
                mode: final
                outputColumnNames: _col0, _col1, _col2
                Statistics: Num rows: 1 Data size: 12 Basic stats: COMPLETE Column stats: COMPLETE
                Reduce Output Operator
                  null sort order: 
                  sort order: 
                  Statistics: Num rows: 1 Data size: 12 Basic stats: COMPLETE Column stats: COMPLETE
                  value expressions: _col0 (type: int), _col1 (type: int), _col2 (type: binary)
        Reducer 9 
            Execution mode: vectorized, llap
            Reduce Operator Tree:
              Group By Operator
                aggregations: min(VALUE._col0), max(VALUE._col1), bloom_filter(VALUE._col2, expectedEntries=1000000)
                mode: final
                outputColumnNames: _col0, _col1, _col2
                Statistics: Num rows: 1 Data size: 12 Basic stats: COMPLETE Column stats: COMPLETE
                Reduce Output Operator
                  null sort order: 
                  sort order: 
                  Statistics: Num rows: 1 Data size: 12 Basic stats: COMPLETE Column stats: COMPLETE
                  value expressions: _col0 (type: int), _col1 (type: int), _col2 (type: binary)
        Union 11 
            Vertex: Union 11
        Union 2 
            Vertex: Union 2

  Stage: Stage-0
    Fetch Operator
      limit: -1
      Processor Tree:
        ListSink

