STAGE DEPENDENCIES:
  Stage-1 is a root stage
  Stage-0 depends on stages: Stage-1

STAGE PLANS:
  Stage: Stage-1
    Tez
#### A masked pattern was here ####
      Edges:
        Map 1 <- Map 10 (BROADCAST_EDGE)
        Map 11 <- Map 13 (BROADCAST_EDGE), Reducer 9 (BROADCAST_EDGE)
        Map 12 <- Map 13 (BROADCAST_EDGE), Reducer 8 (BROADCAST_EDGE)
        Map 15 <- Map 13 (BROADCAST_EDGE), Reducer 7 (BROADCAST_EDGE)
        Reducer 2 <- Map 1 (CUSTOM_SIMPLE_EDGE), Map 11 (CUSTOM_SIMPLE_EDGE)
        Reducer 3 <- Map 12 (CUSTOM_SIMPLE_EDGE), Map 14 (BROADCAST_EDGE), Reducer 2 (CUSTOM_SIMPLE_EDGE)
        Reducer 4 <- Map 15 (CUSTOM_SIMPLE_EDGE), Reducer 3 (CUSTOM_SIMPLE_EDGE)
        Reducer 5 <- Reducer 4 (SIMPLE_EDGE)
        Reducer 6 <- Reducer 5 (SIMPLE_EDGE)
        Reducer 7 <- Reducer 3 (CUSTOM_SIMPLE_EDGE)
        Reducer 8 <- Reducer 2 (CUSTOM_SIMPLE_EDGE)
        Reducer 9 <- Map 1 (CUSTOM_SIMPLE_EDGE)
#### A masked pattern was here ####
      Vertices:
        Map 1 
            Map Operator Tree:
                TableScan
                  alias: c
                  filterExpr: (c_current_cdemo_sk is not null and c_current_addr_sk is not null) (type: boolean)
                  probeDecodeDetails: cacheKey:HASH_MAP_MAPJOIN_157_container, bigKeyColName:c_current_addr_sk, smallTablePos:1, keyRatio:0.054623625
                  Statistics: Num rows: 80000000 Data size: 1897611080 Basic stats: COMPLETE Column stats: COMPLETE
                  Filter Operator
                    predicate: (c_current_cdemo_sk is not null and c_current_addr_sk is not null) (type: boolean)
                    Statistics: Num rows: 77201384 Data size: 1831227520 Basic stats: COMPLETE Column stats: COMPLETE
                    Select Operator
                      expressions: c_customer_sk (type: bigint), c_current_cdemo_sk (type: bigint), c_current_addr_sk (type: bigint)
                      outputColumnNames: _col0, _col1, _col2
                      Statistics: Num rows: 77201384 Data size: 1831227520 Basic stats: COMPLETE Column stats: COMPLETE
                      Map Join Operator
                        condition map:
                             Inner Join 0 to 1
                        keys:
                          0 _col2 (type: bigint)
                          1 _col0 (type: bigint)
                        outputColumnNames: _col0, _col1
                        input vertices:
                          1 Map 10
                        Statistics: Num rows: 4369890 Data size: 48312544 Basic stats: COMPLETE Column stats: COMPLETE
                        Reduce Output Operator
                          key expressions: _col0 (type: bigint)
                          null sort order: z
                          sort order: +
                          Map-reduce partition columns: _col0 (type: bigint)
                          Statistics: Num rows: 4369890 Data size: 48312544 Basic stats: COMPLETE Column stats: COMPLETE
                          value expressions: _col1 (type: bigint)
                        Select Operator
                          expressions: _col0 (type: bigint)
                          outputColumnNames: _col0
                          Statistics: Num rows: 4369890 Data size: 34959120 Basic stats: COMPLETE Column stats: COMPLETE
                          Group By Operator
                            aggregations: min(_col0), max(_col0), bloom_filter(_col0, expectedEntries=4369890)
                            minReductionHashAggr: 0.99
                            mode: hash
                            outputColumnNames: _col0, _col1, _col2
                            Statistics: Num rows: 1 Data size: 24 Basic stats: COMPLETE Column stats: COMPLETE
                            Reduce Output Operator
                              null sort order: 
                              sort order: 
                              Statistics: Num rows: 1 Data size: 24 Basic stats: COMPLETE Column stats: COMPLETE
                              value expressions: _col0 (type: bigint), _col1 (type: bigint), _col2 (type: binary)
            Execution mode: vectorized, llap
            LLAP IO: may be used (ACID table)
        Map 10 
            Map Operator Tree:
                TableScan
                  alias: ca
                  filterExpr: (ca_state) IN ('CO', 'IL', 'MN') (type: boolean)
                  Statistics: Num rows: 40000000 Data size: 3760000000 Basic stats: COMPLETE Column stats: COMPLETE
                  Filter Operator
                    predicate: (ca_state) IN ('CO', 'IL', 'MN') (type: boolean)
                    Statistics: Num rows: 2264151 Data size: 212830194 Basic stats: COMPLETE Column stats: COMPLETE
                    Select Operator
                      expressions: ca_address_sk (type: bigint)
                      outputColumnNames: _col0
                      Statistics: Num rows: 2264151 Data size: 212830194 Basic stats: COMPLETE Column stats: COMPLETE
                      Reduce Output Operator
                        key expressions: _col0 (type: bigint)
                        null sort order: z
                        sort order: +
                        Map-reduce partition columns: _col0 (type: bigint)
                        Statistics: Num rows: 2264151 Data size: 212830194 Basic stats: COMPLETE Column stats: COMPLETE
            Execution mode: vectorized, llap
            LLAP IO: may be used (ACID table)
        Map 11 
            Map Operator Tree:
                TableScan
                  alias: store_sales
                  filterExpr: (ss_customer_sk is not null and ss_customer_sk BETWEEN DynamicValue(RS_31_c_c_customer_sk_min) AND DynamicValue(RS_31_c_c_customer_sk_max) and in_bloom_filter(ss_customer_sk, DynamicValue(RS_31_c_c_customer_sk_bloom_filter))) (type: boolean)
                  Statistics: Num rows: 82510879939 Data size: 1304615207232 Basic stats: COMPLETE Column stats: COMPLETE
                  Filter Operator
                    predicate: (ss_customer_sk is not null and ss_customer_sk BETWEEN DynamicValue(RS_31_c_c_customer_sk_min) AND DynamicValue(RS_31_c_c_customer_sk_max) and in_bloom_filter(ss_customer_sk, DynamicValue(RS_31_c_c_customer_sk_bloom_filter))) (type: boolean)
                    Statistics: Num rows: 80566020964 Data size: 1273864200864 Basic stats: COMPLETE Column stats: COMPLETE
                    Select Operator
                      expressions: ss_customer_sk (type: bigint), ss_sold_date_sk (type: bigint)
                      outputColumnNames: _col0, _col1
                      Statistics: Num rows: 80566020964 Data size: 1273864200864 Basic stats: COMPLETE Column stats: COMPLETE
                      Map Join Operator
                        condition map:
                             Inner Join 0 to 1
                        keys:
                          0 _col1 (type: bigint)
                          1 _col0 (type: bigint)
                        outputColumnNames: _col0
                        input vertices:
                          1 Map 13
                        Statistics: Num rows: 4059130281 Data size: 17280907688 Basic stats: COMPLETE Column stats: COMPLETE
                        Group By Operator
                          keys: _col0 (type: bigint)
                          minReductionHashAggr: 0.99
                          mode: hash
                          outputColumnNames: _col0
                          Statistics: Num rows: 269031664 Data size: 1145346680 Basic stats: COMPLETE Column stats: COMPLETE
                          Reduce Output Operator
                            key expressions: _col0 (type: bigint)
                            null sort order: z
                            sort order: +
                            Map-reduce partition columns: _col0 (type: bigint)
                            Statistics: Num rows: 269031664 Data size: 1145346680 Basic stats: COMPLETE Column stats: COMPLETE
            Execution mode: vectorized, llap
            LLAP IO: may be used (ACID table)
        Map 12 
            Map Operator Tree:
                TableScan
                  alias: web_sales
                  filterExpr: (ws_bill_customer_sk is not null and ws_bill_customer_sk BETWEEN DynamicValue(RS_34_c_c_customer_sk_min) AND DynamicValue(RS_34_c_c_customer_sk_max) and in_bloom_filter(ws_bill_customer_sk, DynamicValue(RS_34_c_c_customer_sk_bloom_filter))) (type: boolean)
                  Statistics: Num rows: 21594638446 Data size: 345492666072 Basic stats: COMPLETE Column stats: COMPLETE
                  Filter Operator
                    predicate: (ws_bill_customer_sk is not null and ws_bill_customer_sk BETWEEN DynamicValue(RS_34_c_c_customer_sk_min) AND DynamicValue(RS_34_c_c_customer_sk_max) and in_bloom_filter(ws_bill_customer_sk, DynamicValue(RS_34_c_c_customer_sk_bloom_filter))) (type: boolean)
                    Statistics: Num rows: 21591944812 Data size: 345449570616 Basic stats: COMPLETE Column stats: COMPLETE
                    Select Operator
                      expressions: ws_bill_customer_sk (type: bigint), ws_sold_date_sk (type: bigint)
                      outputColumnNames: _col0, _col1
                      Statistics: Num rows: 21591944812 Data size: 345449570616 Basic stats: COMPLETE Column stats: COMPLETE
                      Map Join Operator
                        condition map:
                             Inner Join 0 to 1
                        keys:
                          0 _col1 (type: bigint)
                          1 _col0 (type: bigint)
                        outputColumnNames: _col0
                        input vertices:
                          1 Map 13
                        Statistics: Num rows: 1087859571 Data size: 8681330192 Basic stats: COMPLETE Column stats: COMPLETE
                        Select Operator
                          expressions: true (type: boolean), _col0 (type: bigint)
                          outputColumnNames: _col0, _col1
                          Statistics: Num rows: 1087859571 Data size: 13032768476 Basic stats: COMPLETE Column stats: COMPLETE
                          Reduce Output Operator
                            key expressions: _col1 (type: bigint)
                            null sort order: z
                            sort order: +
                            Map-reduce partition columns: _col1 (type: bigint)
                            Statistics: Num rows: 1087859571 Data size: 13032768476 Basic stats: COMPLETE Column stats: COMPLETE
                            value expressions: _col0 (type: boolean)
            Execution mode: vectorized, llap
            LLAP IO: may be used (ACID table)
        Map 13 
            Map Operator Tree:
                TableScan
                  alias: date_dim
                  filterExpr: ((d_year = 1999) and d_moy BETWEEN 1 AND 3) (type: boolean)
                  Statistics: Num rows: 73049 Data size: 1168784 Basic stats: COMPLETE Column stats: COMPLETE
                  Filter Operator
                    predicate: ((d_year = 1999) and d_moy BETWEEN 1 AND 3) (type: boolean)
                    Statistics: Num rows: 92 Data size: 1472 Basic stats: COMPLETE Column stats: COMPLETE
                    Select Operator
                      expressions: d_date_sk (type: bigint)
                      outputColumnNames: _col0
                      Statistics: Num rows: 92 Data size: 736 Basic stats: COMPLETE Column stats: COMPLETE
                      Reduce Output Operator
                        key expressions: _col0 (type: bigint)
                        null sort order: z
                        sort order: +
                        Map-reduce partition columns: _col0 (type: bigint)
                        Statistics: Num rows: 92 Data size: 736 Basic stats: COMPLETE Column stats: COMPLETE
                      Select Operator
                        expressions: _col0 (type: bigint)
                        outputColumnNames: _col0
                        Statistics: Num rows: 92 Data size: 736 Basic stats: COMPLETE Column stats: COMPLETE
                        Group By Operator
                          keys: _col0 (type: bigint)
                          minReductionHashAggr: 0.4
                          mode: hash
                          outputColumnNames: _col0
                          Statistics: Num rows: 92 Data size: 736 Basic stats: COMPLETE Column stats: COMPLETE
                          Dynamic Partitioning Event Operator
                            Target column: ws_sold_date_sk (bigint)
                            Target Input: web_sales
                            Partition key expr: ws_sold_date_sk
                            Statistics: Num rows: 92 Data size: 736 Basic stats: COMPLETE Column stats: COMPLETE
                            Target Vertex: Map 12
                      Reduce Output Operator
                        key expressions: _col0 (type: bigint)
                        null sort order: z
                        sort order: +
                        Map-reduce partition columns: _col0 (type: bigint)
                        Statistics: Num rows: 92 Data size: 736 Basic stats: COMPLETE Column stats: COMPLETE
                      Select Operator
                        expressions: _col0 (type: bigint)
                        outputColumnNames: _col0
                        Statistics: Num rows: 92 Data size: 736 Basic stats: COMPLETE Column stats: COMPLETE
                        Group By Operator
                          keys: _col0 (type: bigint)
                          minReductionHashAggr: 0.4
                          mode: hash
                          outputColumnNames: _col0
                          Statistics: Num rows: 92 Data size: 736 Basic stats: COMPLETE Column stats: COMPLETE
                          Dynamic Partitioning Event Operator
                            Target column: ss_sold_date_sk (bigint)
                            Target Input: store_sales
                            Partition key expr: ss_sold_date_sk
                            Statistics: Num rows: 92 Data size: 736 Basic stats: COMPLETE Column stats: COMPLETE
                            Target Vertex: Map 11
                      Reduce Output Operator
                        key expressions: _col0 (type: bigint)
                        null sort order: z
                        sort order: +
                        Map-reduce partition columns: _col0 (type: bigint)
                        Statistics: Num rows: 92 Data size: 736 Basic stats: COMPLETE Column stats: COMPLETE
                      Select Operator
                        expressions: _col0 (type: bigint)
                        outputColumnNames: _col0
                        Statistics: Num rows: 92 Data size: 736 Basic stats: COMPLETE Column stats: COMPLETE
                        Group By Operator
                          keys: _col0 (type: bigint)
                          minReductionHashAggr: 0.4
                          mode: hash
                          outputColumnNames: _col0
                          Statistics: Num rows: 92 Data size: 736 Basic stats: COMPLETE Column stats: COMPLETE
                          Dynamic Partitioning Event Operator
                            Target column: cs_sold_date_sk (bigint)
                            Target Input: catalog_sales
                            Partition key expr: cs_sold_date_sk
                            Statistics: Num rows: 92 Data size: 736 Basic stats: COMPLETE Column stats: COMPLETE
                            Target Vertex: Map 15
            Execution mode: vectorized, llap
            LLAP IO: may be used (ACID table)
        Map 14 
            Map Operator Tree:
                TableScan
                  alias: customer_demographics
                  Statistics: Num rows: 1920800 Data size: 704933600 Basic stats: COMPLETE Column stats: COMPLETE
                  Select Operator
                    expressions: cd_demo_sk (type: bigint), cd_gender (type: char(1)), cd_marital_status (type: char(1)), cd_education_status (type: char(20)), cd_purchase_estimate (type: int), cd_credit_rating (type: char(10))
                    outputColumnNames: _col0, _col1, _col2, _col3, _col4, _col5
                    Statistics: Num rows: 1920800 Data size: 704933600 Basic stats: COMPLETE Column stats: COMPLETE
                    Reduce Output Operator
                      key expressions: _col0 (type: bigint)
                      null sort order: z
                      sort order: +
                      Map-reduce partition columns: _col0 (type: bigint)
                      Statistics: Num rows: 1920800 Data size: 704933600 Basic stats: COMPLETE Column stats: COMPLETE
                      value expressions: _col1 (type: char(1)), _col2 (type: char(1)), _col3 (type: char(20)), _col4 (type: int), _col5 (type: char(10))
            Execution mode: vectorized, llap
            LLAP IO: may be used (ACID table)
        Map 15 
            Map Operator Tree:
                TableScan
                  alias: catalog_sales
                  filterExpr: (cs_ship_customer_sk is not null and cs_ship_customer_sk BETWEEN DynamicValue(RS_57_c_c_customer_sk_min) AND DynamicValue(RS_57_c_c_customer_sk_max) and in_bloom_filter(cs_ship_customer_sk, DynamicValue(RS_57_c_c_customer_sk_bloom_filter))) (type: boolean)
                  Statistics: Num rows: 43005109025 Data size: 687211661648 Basic stats: COMPLETE Column stats: COMPLETE
                  Filter Operator
                    predicate: (cs_ship_customer_sk is not null and cs_ship_customer_sk BETWEEN DynamicValue(RS_57_c_c_customer_sk_min) AND DynamicValue(RS_57_c_c_customer_sk_max) and in_bloom_filter(cs_ship_customer_sk, DynamicValue(RS_57_c_c_customer_sk_bloom_filter))) (type: boolean)
                    Statistics: Num rows: 42896348680 Data size: 685473696576 Basic stats: COMPLETE Column stats: COMPLETE
                    Select Operator
                      expressions: cs_ship_customer_sk (type: bigint), cs_sold_date_sk (type: bigint)
                      outputColumnNames: _col0, _col1
                      Statistics: Num rows: 42896348680 Data size: 685473696576 Basic stats: COMPLETE Column stats: COMPLETE
                      Map Join Operator
                        condition map:
                             Inner Join 0 to 1
                        keys:
                          0 _col1 (type: bigint)
                          1 _col0 (type: bigint)
                        outputColumnNames: _col0
                        input vertices:
                          1 Map 13
                        Statistics: Num rows: 2145954306 Data size: 16299752144 Basic stats: COMPLETE Column stats: COMPLETE
                        Group By Operator
                          keys: _col0 (type: bigint)
                          minReductionHashAggr: 0.99
                          mode: hash
                          outputColumnNames: _col0
                          Statistics: Num rows: 251416384 Data size: 1909651456 Basic stats: COMPLETE Column stats: COMPLETE
                          Reduce Output Operator
                            key expressions: _col0 (type: bigint)
                            null sort order: z
                            sort order: +
                            Map-reduce partition columns: _col0 (type: bigint)
                            Statistics: Num rows: 251416384 Data size: 1909651456 Basic stats: COMPLETE Column stats: COMPLETE
            Execution mode: vectorized, llap
            LLAP IO: may be used (ACID table)
        Reducer 2 
            Execution mode: vectorized, llap
            Reduce Operator Tree:
              Map Join Operator
                condition map:
                     Left Semi Join 0 to 1
                keys:
                  0 KEY.reducesinkkey0 (type: bigint)
                  1 KEY.reducesinkkey0 (type: bigint)
                outputColumnNames: _col0, _col1
                input vertices:
                  1 Map 11
                Statistics: Num rows: 15228208 Data size: 222045632 Basic stats: COMPLETE Column stats: COMPLETE
                DynamicPartitionHashJoin: true
                Reduce Output Operator
                  key expressions: _col0 (type: bigint)
                  null sort order: z
                  sort order: +
                  Map-reduce partition columns: _col0 (type: bigint)
                  Statistics: Num rows: 15228208 Data size: 222045632 Basic stats: COMPLETE Column stats: COMPLETE
                  value expressions: _col1 (type: bigint)
                Select Operator
                  expressions: _col0 (type: bigint)
                  outputColumnNames: _col0
                  Statistics: Num rows: 15228208 Data size: 121825664 Basic stats: COMPLETE Column stats: COMPLETE
                  Group By Operator
                    aggregations: min(_col0), max(_col0), bloom_filter(_col0, expectedEntries=3956347)
                    minReductionHashAggr: 0.99
                    mode: hash
                    outputColumnNames: _col0, _col1, _col2
                    Statistics: Num rows: 1 Data size: 24 Basic stats: COMPLETE Column stats: COMPLETE
                    Reduce Output Operator
                      null sort order: 
                      sort order: 
                      Statistics: Num rows: 1 Data size: 24 Basic stats: COMPLETE Column stats: COMPLETE
                      value expressions: _col0 (type: bigint), _col1 (type: bigint), _col2 (type: binary)
        Reducer 3 
            Execution mode: vectorized, llap
            Reduce Operator Tree:
              Map Join Operator
                condition map:
                     Left Outer Join 0 to 1
                keys:
                  0 KEY.reducesinkkey0 (type: bigint)
                  1 KEY.reducesinkkey0 (type: bigint)
                outputColumnNames: _col0, _col1, _col5
                input vertices:
                  1 Map 12
                Statistics: Num rows: 1087859571 Data size: 21735585724 Basic stats: COMPLETE Column stats: COMPLETE
                DynamicPartitionHashJoin: true
                Filter Operator
                  predicate: _col5 is null (type: boolean)
                  Statistics: Num rows: 1 Data size: 20 Basic stats: COMPLETE Column stats: COMPLETE
                  Select Operator
                    expressions: _col0 (type: bigint), _col1 (type: bigint)
                    outputColumnNames: _col0, _col1
                    Statistics: Num rows: 1 Data size: 20 Basic stats: COMPLETE Column stats: COMPLETE
                    Map Join Operator
                      condition map:
                           Inner Join 0 to 1
                      keys:
                        0 _col1 (type: bigint)
                        1 _col0 (type: bigint)
                      outputColumnNames: _col0, _col8, _col9, _col10, _col11, _col12
                      input vertices:
                        1 Map 14
                      Statistics: Num rows: 1 Data size: 367 Basic stats: COMPLETE Column stats: COMPLETE
                      Select Operator
                        expressions: _col0 (type: bigint), _col8 (type: char(1)), _col9 (type: char(1)), _col10 (type: char(20)), _col11 (type: int), _col12 (type: char(10))
                        outputColumnNames: _col0, _col6, _col7, _col8, _col9, _col10
                        Statistics: Num rows: 1 Data size: 367 Basic stats: COMPLETE Column stats: COMPLETE
                        Reduce Output Operator
                          key expressions: _col0 (type: bigint)
                          null sort order: z
                          sort order: +
                          Map-reduce partition columns: _col0 (type: bigint)
                          Statistics: Num rows: 1 Data size: 367 Basic stats: COMPLETE Column stats: COMPLETE
                          value expressions: _col6 (type: char(1)), _col7 (type: char(1)), _col8 (type: char(20)), _col9 (type: int), _col10 (type: char(10))
                        Select Operator
                          expressions: _col0 (type: bigint)
                          outputColumnNames: _col0
                          Statistics: Num rows: 1 Data size: 8 Basic stats: COMPLETE Column stats: COMPLETE
                          Group By Operator
                            aggregations: min(_col0), max(_col0), bloom_filter(_col0, expectedEntries=1000000)
                            minReductionHashAggr: 0.4
                            mode: hash
                            outputColumnNames: _col0, _col1, _col2
                            Statistics: Num rows: 1 Data size: 24 Basic stats: COMPLETE Column stats: COMPLETE
                            Reduce Output Operator
                              null sort order: 
                              sort order: 
                              Statistics: Num rows: 1 Data size: 24 Basic stats: COMPLETE Column stats: COMPLETE
                              value expressions: _col0 (type: bigint), _col1 (type: bigint), _col2 (type: binary)
        Reducer 4 
            Execution mode: vectorized, llap
            Reduce Operator Tree:
              Map Join Operator
                condition map:
                     Anti Join 0 to 1
                keys:
                  0 KEY.reducesinkkey0 (type: bigint)
                  1 KEY.reducesinkkey0 (type: bigint)
                outputColumnNames: _col6, _col7, _col8, _col9, _col10
                input vertices:
                  1 Map 15
                Statistics: Num rows: 251416384 Data size: 90258481856 Basic stats: COMPLETE Column stats: COMPLETE
                DynamicPartitionHashJoin: true
                Top N Key Operator
                  sort order: +++++
                  keys: _col6 (type: char(1)), _col7 (type: char(1)), _col8 (type: char(20)), _col9 (type: int), _col10 (type: char(10))
                  null sort order: zzzzz
                  Statistics: Num rows: 251416384 Data size: 90258481856 Basic stats: COMPLETE Column stats: COMPLETE
                  top n: 100
                  Group By Operator
                    aggregations: count()
                    keys: _col6 (type: char(1)), _col7 (type: char(1)), _col8 (type: char(20)), _col9 (type: int), _col10 (type: char(10))
                    minReductionHashAggr: 0.99
                    mode: hash
                    outputColumnNames: _col0, _col1, _col2, _col3, _col4, _col5
                    Statistics: Num rows: 353 Data size: 129551 Basic stats: COMPLETE Column stats: COMPLETE
                    Reduce Output Operator
                      key expressions: _col0 (type: char(1)), _col1 (type: char(1)), _col2 (type: char(20)), _col3 (type: int), _col4 (type: char(10))
                      null sort order: zzzzz
                      sort order: +++++
                      Map-reduce partition columns: _col0 (type: char(1)), _col1 (type: char(1)), _col2 (type: char(20)), _col3 (type: int), _col4 (type: char(10))
                      Statistics: Num rows: 353 Data size: 129551 Basic stats: COMPLETE Column stats: COMPLETE
                      value expressions: _col5 (type: bigint)
        Reducer 5 
            Execution mode: vectorized, llap
            Reduce Operator Tree:
              Group By Operator
                aggregations: count(VALUE._col0)
                keys: KEY._col0 (type: char(1)), KEY._col1 (type: char(1)), KEY._col2 (type: char(20)), KEY._col3 (type: int), KEY._col4 (type: char(10))
                mode: mergepartial
                outputColumnNames: _col0, _col1, _col2, _col3, _col4, _col5
                Statistics: Num rows: 1 Data size: 367 Basic stats: COMPLETE Column stats: COMPLETE
                Select Operator
                  expressions: _col0 (type: char(1)), _col1 (type: char(1)), _col2 (type: char(20)), _col5 (type: bigint), _col3 (type: int), _col4 (type: char(10))
                  outputColumnNames: _col0, _col1, _col2, _col3, _col4, _col6
                  Statistics: Num rows: 1 Data size: 383 Basic stats: COMPLETE Column stats: COMPLETE
                  Reduce Output Operator
                    key expressions: _col0 (type: char(1)), _col1 (type: char(1)), _col2 (type: char(20)), _col4 (type: int), _col6 (type: char(10))
                    null sort order: zzzzz
                    sort order: +++++
                    Statistics: Num rows: 1 Data size: 383 Basic stats: COMPLETE Column stats: COMPLETE
                    value expressions: _col3 (type: bigint)
        Reducer 6 
            Execution mode: vectorized, llap
            Reduce Operator Tree:
              Select Operator
                expressions: KEY.reducesinkkey0 (type: char(1)), KEY.reducesinkkey1 (type: char(1)), KEY.reducesinkkey2 (type: char(20)), VALUE._col0 (type: bigint), KEY.reducesinkkey3 (type: int), VALUE._col0 (type: bigint), KEY.reducesinkkey4 (type: char(10)), VALUE._col0 (type: bigint)
                outputColumnNames: _col0, _col1, _col2, _col3, _col4, _col5, _col6, _col7
                Statistics: Num rows: 1 Data size: 383 Basic stats: COMPLETE Column stats: COMPLETE
                Limit
                  Number of rows: 100
                  Statistics: Num rows: 1 Data size: 383 Basic stats: COMPLETE Column stats: COMPLETE
                  File Output Operator
                    compressed: false
                    Statistics: Num rows: 1 Data size: 383 Basic stats: COMPLETE Column stats: COMPLETE
                    table:
                        input format: org.apache.hadoop.mapred.SequenceFileInputFormat
                        output format: org.apache.hadoop.hive.ql.io.HiveSequenceFileOutputFormat
                        serde: org.apache.hadoop.hive.serde2.lazy.LazySimpleSerDe
        Reducer 7 
            Execution mode: vectorized, llap
            Reduce Operator Tree:
              Group By Operator
                aggregations: min(VALUE._col0), max(VALUE._col1), bloom_filter(VALUE._col2, expectedEntries=1000000)
                mode: final
                outputColumnNames: _col0, _col1, _col2
                Statistics: Num rows: 1 Data size: 24 Basic stats: COMPLETE Column stats: COMPLETE
                Reduce Output Operator
                  null sort order: 
                  sort order: 
                  Statistics: Num rows: 1 Data size: 24 Basic stats: COMPLETE Column stats: COMPLETE
                  value expressions: _col0 (type: bigint), _col1 (type: bigint), _col2 (type: binary)
        Reducer 8 
            Execution mode: vectorized, llap
            Reduce Operator Tree:
              Group By Operator
                aggregations: min(VALUE._col0), max(VALUE._col1), bloom_filter(VALUE._col2, expectedEntries=3956347)
                mode: final
                outputColumnNames: _col0, _col1, _col2
                Statistics: Num rows: 1 Data size: 24 Basic stats: COMPLETE Column stats: COMPLETE
                Reduce Output Operator
                  null sort order: 
                  sort order: 
                  Statistics: Num rows: 1 Data size: 24 Basic stats: COMPLETE Column stats: COMPLETE
                  value expressions: _col0 (type: bigint), _col1 (type: bigint), _col2 (type: binary)
        Reducer 9 
            Execution mode: vectorized, llap
            Reduce Operator Tree:
              Group By Operator
                aggregations: min(VALUE._col0), max(VALUE._col1), bloom_filter(VALUE._col2, expectedEntries=4369890)
                mode: final
                outputColumnNames: _col0, _col1, _col2
                Statistics: Num rows: 1 Data size: 24 Basic stats: COMPLETE Column stats: COMPLETE
                Reduce Output Operator
                  null sort order: 
                  sort order: 
                  Statistics: Num rows: 1 Data size: 24 Basic stats: COMPLETE Column stats: COMPLETE
                  value expressions: _col0 (type: bigint), _col1 (type: bigint), _col2 (type: binary)

  Stage: Stage-0
    Fetch Operator
      limit: 100
      Processor Tree:
        ListSink

