STAGE DEPENDENCIES:
  Stage-1 is a root stage
  Stage-0 depends on stages: Stage-1

STAGE PLANS:
  Stage: Stage-1
    Tez
#### A masked pattern was here ####
      Edges:
        Map 1 <- Map 2 (BROADCAST_EDGE), Reducer 9 (BROADCAST_EDGE)
        Map 3 <- Map 2 (BROADCAST_EDGE), Reducer 10 (BROADCAST_EDGE)
        Map 8 <- Map 2 (BROADCAST_EDGE)
        Reducer 10 <- Map 8 (CUSTOM_SIMPLE_EDGE)
        Reducer 4 <- Map 3 (CUSTOM_SIMPLE_EDGE), Map 8 (CUSTOM_SIMPLE_EDGE)
        Reducer 5 <- Map 1 (CUSTOM_SIMPLE_EDGE), Map 11 (BROADCAST_EDGE), Map 12 (BROADCAST_EDGE), Reducer 4 (CUSTOM_SIMPLE_EDGE)
        Reducer 6 <- Reducer 5 (SIMPLE_EDGE)
        Reducer 7 <- Reducer 6 (SIMPLE_EDGE)
        Reducer 9 <- Map 8 (CUSTOM_SIMPLE_EDGE)
#### A masked pattern was here ####
      Vertices:
        Map 1 
            Map Operator Tree:
                TableScan
                  alias: catalog_sales
                  filterExpr: (cs_bill_customer_sk is not null and cs_bill_customer_sk BETWEEN DynamicValue(RS[198]_col0) AND DynamicValue(RS[198]_col1) and cs_item_sk BETWEEN DynamicValue(RS[198]_col2) AND DynamicValue(RS[198]_col3) and in_bloom_filter(hash(cs_bill_customer_sk,cs_item_sk), DynamicValue(RS[198]_col4))) (type: boolean)
                  Statistics: Num rows: 43005109025 Data size: 1202866239204 Basic stats: COMPLETE Column stats: COMPLETE
                  Filter Operator
                    predicate: (cs_bill_customer_sk is not null and cs_bill_customer_sk BETWEEN DynamicValue(RS[198]_col0) AND DynamicValue(RS[198]_col1) and cs_item_sk BETWEEN DynamicValue(RS[198]_col2) AND DynamicValue(RS[198]_col3) and in_bloom_filter(hash(cs_bill_customer_sk,cs_item_sk), DynamicValue(RS[198]_col4))) (type: boolean)
                    Statistics: Num rows: 42899393143 Data size: 1199909333196 Basic stats: COMPLETE Column stats: COMPLETE
                    Select Operator
                      expressions: cs_bill_customer_sk (type: bigint), cs_item_sk (type: bigint), cs_quantity (type: int), cs_sold_date_sk (type: bigint)
                      outputColumnNames: _col0, _col1, _col2, _col3
                      Statistics: Num rows: 42899393143 Data size: 1199909333196 Basic stats: COMPLETE Column stats: COMPLETE
                      Map Join Operator
                        condition map:
                             Inner Join 0 to 1
                        keys:
                          0 _col3 (type: bigint)
                          1 _col0 (type: bigint)
                        outputColumnNames: _col0, _col1, _col2
                        input vertices:
                          1 Map 2
                        Statistics: Num rows: 6391665695 Data size: 126559639092 Basic stats: COMPLETE Column stats: COMPLETE
                        Reduce Output Operator
                          key expressions: _col0 (type: bigint), _col1 (type: bigint)
                          null sort order: zz
                          sort order: ++
                          Map-reduce partition columns: _col0 (type: bigint), _col1 (type: bigint)
                          Statistics: Num rows: 6391665695 Data size: 126559639092 Basic stats: COMPLETE Column stats: COMPLETE
                          value expressions: _col2 (type: int)
            Execution mode: vectorized, llap
            LLAP IO: may be used (ACID table)
        Map 11 
            Map Operator Tree:
                TableScan
                  alias: store
                  Statistics: Num rows: 1704 Data size: 160176 Basic stats: COMPLETE Column stats: COMPLETE
                  Select Operator
                    expressions: s_store_sk (type: bigint), s_state (type: char(2))
                    outputColumnNames: _col0, _col1
                    Statistics: Num rows: 1704 Data size: 160176 Basic stats: COMPLETE Column stats: COMPLETE
                    Reduce Output Operator
                      key expressions: _col0 (type: bigint)
                      null sort order: z
                      sort order: +
                      Map-reduce partition columns: _col0 (type: bigint)
                      Statistics: Num rows: 1704 Data size: 160176 Basic stats: COMPLETE Column stats: COMPLETE
                      value expressions: _col1 (type: char(2))
            Execution mode: vectorized, llap
            LLAP IO: may be used (ACID table)
        Map 12 
            Map Operator Tree:
                TableScan
                  alias: item
                  Statistics: Num rows: 462000 Data size: 134904000 Basic stats: COMPLETE Column stats: COMPLETE
                  Select Operator
                    expressions: i_item_sk (type: bigint), i_item_id (type: string), i_item_desc (type: varchar(200))
                    outputColumnNames: _col0, _col1, _col2
                    Statistics: Num rows: 462000 Data size: 134904000 Basic stats: COMPLETE Column stats: COMPLETE
                    Reduce Output Operator
                      key expressions: _col0 (type: bigint)
                      null sort order: z
                      sort order: +
                      Map-reduce partition columns: _col0 (type: bigint)
                      Statistics: Num rows: 462000 Data size: 134904000 Basic stats: COMPLETE Column stats: COMPLETE
                      value expressions: _col1 (type: string), _col2 (type: varchar(200))
            Execution mode: vectorized, llap
            LLAP IO: may be used (ACID table)
        Map 2 
            Map Operator Tree:
                TableScan
                  alias: d3
                  filterExpr: ((d_quarter_name) IN ('2000Q1', '2000Q2', '2000Q3') or (d_quarter_name = '2000Q1')) (type: boolean)
                  Statistics: Num rows: 73049 Data size: 7158802 Basic stats: COMPLETE Column stats: COMPLETE
                  Filter Operator
                    predicate: (d_quarter_name) IN ('2000Q1', '2000Q2', '2000Q3') (type: boolean)
                    Statistics: Num rows: 274 Data size: 26852 Basic stats: COMPLETE Column stats: COMPLETE
                    Select Operator
                      expressions: d_date_sk (type: bigint)
                      outputColumnNames: _col0
                      Statistics: Num rows: 274 Data size: 2192 Basic stats: COMPLETE Column stats: COMPLETE
                      Reduce Output Operator
                        key expressions: _col0 (type: bigint)
                        null sort order: z
                        sort order: +
                        Map-reduce partition columns: _col0 (type: bigint)
                        Statistics: Num rows: 274 Data size: 2192 Basic stats: COMPLETE Column stats: COMPLETE
                      Select Operator
                        expressions: _col0 (type: bigint)
                        outputColumnNames: _col0
                        Statistics: Num rows: 274 Data size: 2192 Basic stats: COMPLETE Column stats: COMPLETE
                        Group By Operator
                          keys: _col0 (type: bigint)
                          minReductionHashAggr: 0.4
                          mode: hash
                          outputColumnNames: _col0
                          Statistics: Num rows: 274 Data size: 2192 Basic stats: COMPLETE Column stats: COMPLETE
                          Dynamic Partitioning Event Operator
                            Target column: cs_sold_date_sk (bigint)
                            Target Input: catalog_sales
                            Partition key expr: cs_sold_date_sk
                            Statistics: Num rows: 274 Data size: 2192 Basic stats: COMPLETE Column stats: COMPLETE
                            Target Vertex: Map 1
                      Reduce Output Operator
                        key expressions: _col0 (type: bigint)
                        null sort order: z
                        sort order: +
                        Map-reduce partition columns: _col0 (type: bigint)
                        Statistics: Num rows: 274 Data size: 2192 Basic stats: COMPLETE Column stats: COMPLETE
                      Select Operator
                        expressions: _col0 (type: bigint)
                        outputColumnNames: _col0
                        Statistics: Num rows: 274 Data size: 2192 Basic stats: COMPLETE Column stats: COMPLETE
                        Group By Operator
                          keys: _col0 (type: bigint)
                          minReductionHashAggr: 0.4
                          mode: hash
                          outputColumnNames: _col0
                          Statistics: Num rows: 274 Data size: 2192 Basic stats: COMPLETE Column stats: COMPLETE
                          Dynamic Partitioning Event Operator
                            Target column: sr_returned_date_sk (bigint)
                            Target Input: store_returns
                            Partition key expr: sr_returned_date_sk
                            Statistics: Num rows: 274 Data size: 2192 Basic stats: COMPLETE Column stats: COMPLETE
                            Target Vertex: Map 8
                  Filter Operator
                    predicate: (d_quarter_name = '2000Q1') (type: boolean)
                    Statistics: Num rows: 91 Data size: 8918 Basic stats: COMPLETE Column stats: COMPLETE
                    Select Operator
                      expressions: d_date_sk (type: bigint)
                      outputColumnNames: _col0
                      Statistics: Num rows: 91 Data size: 728 Basic stats: COMPLETE Column stats: COMPLETE
                      Reduce Output Operator
                        key expressions: _col0 (type: bigint)
                        null sort order: z
                        sort order: +
                        Map-reduce partition columns: _col0 (type: bigint)
                        Statistics: Num rows: 91 Data size: 728 Basic stats: COMPLETE Column stats: COMPLETE
                      Select Operator
                        expressions: _col0 (type: bigint)
                        outputColumnNames: _col0
                        Statistics: Num rows: 91 Data size: 728 Basic stats: COMPLETE Column stats: COMPLETE
                        Group By Operator
                          keys: _col0 (type: bigint)
                          minReductionHashAggr: 0.4
                          mode: hash
                          outputColumnNames: _col0
                          Statistics: Num rows: 91 Data size: 728 Basic stats: COMPLETE Column stats: COMPLETE
                          Dynamic Partitioning Event Operator
                            Target column: ss_sold_date_sk (bigint)
                            Target Input: store_sales
                            Partition key expr: ss_sold_date_sk
                            Statistics: Num rows: 91 Data size: 728 Basic stats: COMPLETE Column stats: COMPLETE
                            Target Vertex: Map 3
            Execution mode: vectorized, llap
            LLAP IO: may be used (ACID table)
        Map 3 
            Map Operator Tree:
                TableScan
                  alias: store_sales
                  filterExpr: (ss_customer_sk is not null and ss_store_sk is not null and ss_customer_sk BETWEEN DynamicValue(RS[208]_col0) AND DynamicValue(RS[208]_col1) and ss_item_sk BETWEEN DynamicValue(RS[208]_col2) AND DynamicValue(RS[208]_col3) and ss_ticket_number BETWEEN DynamicValue(RS[208]_col4) AND DynamicValue(RS[208]_col5) and in_bloom_filter(hash(hash(ss_customer_sk,ss_item_sk),ss_ticket_number), DynamicValue(RS[208]_col6))) (type: boolean)
                  Statistics: Num rows: 82510879939 Data size: 3591605541540 Basic stats: COMPLETE Column stats: COMPLETE
                  Filter Operator
                    predicate: (ss_customer_sk is not null and ss_store_sk is not null and ss_customer_sk BETWEEN DynamicValue(RS[208]_col0) AND DynamicValue(RS[208]_col1) and ss_item_sk BETWEEN DynamicValue(RS[208]_col2) AND DynamicValue(RS[208]_col3) and ss_ticket_number BETWEEN DynamicValue(RS[208]_col4) AND DynamicValue(RS[208]_col5) and in_bloom_filter(hash(hash(ss_customer_sk,ss_item_sk),ss_ticket_number), DynamicValue(RS[208]_col6))) (type: boolean)
                    Statistics: Num rows: 78670147920 Data size: 3424422808632 Basic stats: COMPLETE Column stats: COMPLETE
                    Select Operator
                      expressions: ss_item_sk (type: bigint), ss_customer_sk (type: bigint), ss_store_sk (type: bigint), ss_ticket_number (type: bigint), ss_quantity (type: int), ss_sold_date_sk (type: bigint)
                      outputColumnNames: _col0, _col1, _col2, _col3, _col4, _col5
                      Statistics: Num rows: 78670147920 Data size: 3424422808632 Basic stats: COMPLETE Column stats: COMPLETE
                      Map Join Operator
                        condition map:
                             Inner Join 0 to 1
                        keys:
                          0 _col5 (type: bigint)
                          1 _col0 (type: bigint)
                        outputColumnNames: _col0, _col1, _col2, _col3, _col4
                        input vertices:
                          1 Map 2
                        Statistics: Num rows: 3920528575 Data size: 104075328852 Basic stats: COMPLETE Column stats: COMPLETE
                        Reduce Output Operator
                          key expressions: _col1 (type: bigint), _col0 (type: bigint), _col3 (type: bigint)
                          null sort order: zzz
                          sort order: +++
                          Map-reduce partition columns: _col1 (type: bigint), _col0 (type: bigint), _col3 (type: bigint)
                          Statistics: Num rows: 3920528575 Data size: 104075328852 Basic stats: COMPLETE Column stats: COMPLETE
                          value expressions: _col2 (type: bigint), _col4 (type: int)
            Execution mode: vectorized, llap
            LLAP IO: may be used (ACID table)
        Map 8 
            Map Operator Tree:
                TableScan
                  alias: store_returns
                  filterExpr: sr_customer_sk is not null (type: boolean)
                  Statistics: Num rows: 8332595709 Data size: 298161625552 Basic stats: COMPLETE Column stats: COMPLETE
                  Filter Operator
                    predicate: sr_customer_sk is not null (type: boolean)
                    Statistics: Num rows: 8182068314 Data size: 292775369652 Basic stats: COMPLETE Column stats: COMPLETE
                    Select Operator
                      expressions: sr_item_sk (type: bigint), sr_customer_sk (type: bigint), sr_ticket_number (type: bigint), sr_return_quantity (type: int), sr_returned_date_sk (type: bigint)
                      outputColumnNames: _col0, _col1, _col2, _col3, _col4
                      Statistics: Num rows: 8182068314 Data size: 292775369652 Basic stats: COMPLETE Column stats: COMPLETE
                      Map Join Operator
                        condition map:
                             Inner Join 0 to 1
                        keys:
                          0 _col4 (type: bigint)
                          1 _col0 (type: bigint)
                        outputColumnNames: _col0, _col1, _col2, _col3
                        input vertices:
                          1 Map 2
                        Statistics: Num rows: 1119808180 Data size: 29575539388 Basic stats: COMPLETE Column stats: COMPLETE
                        Reduce Output Operator
                          key expressions: _col1 (type: bigint), _col0 (type: bigint), _col2 (type: bigint)
                          null sort order: zzz
                          sort order: +++
                          Map-reduce partition columns: _col1 (type: bigint), _col0 (type: bigint), _col2 (type: bigint)
                          Statistics: Num rows: 1119808180 Data size: 29575539388 Basic stats: COMPLETE Column stats: COMPLETE
                          value expressions: _col3 (type: int)
                        Select Operator
                          expressions: _col1 (type: bigint), _col0 (type: bigint), hash(_col1,_col0) (type: int)
                          outputColumnNames: _col0, _col1, _col3
                          Statistics: Num rows: 1119808180 Data size: 21213698528 Basic stats: COMPLETE Column stats: COMPLETE
                          Group By Operator
                            aggregations: min(_col0), max(_col0), min(_col1), max(_col1), bloom_filter(_col3, expectedEntries=1000000)
                            minReductionHashAggr: 0.99
                            mode: hash
                            outputColumnNames: _col0, _col1, _col2, _col3, _col4
                            Statistics: Num rows: 1 Data size: 176 Basic stats: COMPLETE Column stats: COMPLETE
                            Reduce Output Operator
                              null sort order: 
                              sort order: 
                              Statistics: Num rows: 1 Data size: 176 Basic stats: COMPLETE Column stats: COMPLETE
                              value expressions: _col0 (type: bigint), _col1 (type: bigint), _col2 (type: bigint), _col3 (type: bigint), _col4 (type: binary)
                        Select Operator
                          expressions: _col1 (type: bigint), _col0 (type: bigint), _col2 (type: bigint), hash(hash(_col1,_col0),_col2) (type: int)
                          outputColumnNames: _col0, _col1, _col2, _col4
                          Statistics: Num rows: 1119808180 Data size: 30172163968 Basic stats: COMPLETE Column stats: COMPLETE
                          Group By Operator
                            aggregations: min(_col0), max(_col0), min(_col1), max(_col1), min(_col2), max(_col2), bloom_filter(_col4, expectedEntries=1000000)
                            minReductionHashAggr: 0.99
                            mode: hash
                            outputColumnNames: _col0, _col1, _col2, _col3, _col4, _col5, _col6
                            Statistics: Num rows: 1 Data size: 192 Basic stats: COMPLETE Column stats: COMPLETE
                            Reduce Output Operator
                              null sort order: 
                              sort order: 
                              Statistics: Num rows: 1 Data size: 192 Basic stats: COMPLETE Column stats: COMPLETE
                              value expressions: _col0 (type: bigint), _col1 (type: bigint), _col2 (type: bigint), _col3 (type: bigint), _col4 (type: bigint), _col5 (type: bigint), _col6 (type: binary)
            Execution mode: vectorized, llap
            LLAP IO: may be used (ACID table)
        Reducer 10 
            Execution mode: vectorized, llap
            Reduce Operator Tree:
              Group By Operator
                aggregations: min(VALUE._col0), max(VALUE._col1), min(VALUE._col2), max(VALUE._col3), min(VALUE._col4), max(VALUE._col5), bloom_filter(VALUE._col6, expectedEntries=1000000)
                mode: final
                outputColumnNames: _col0, _col1, _col2, _col3, _col4, _col5, _col6
                Statistics: Num rows: 1 Data size: 192 Basic stats: COMPLETE Column stats: COMPLETE
                Reduce Output Operator
                  null sort order: 
                  sort order: 
                  Statistics: Num rows: 1 Data size: 192 Basic stats: COMPLETE Column stats: COMPLETE
                  value expressions: _col0 (type: bigint), _col1 (type: bigint), _col2 (type: bigint), _col3 (type: bigint), _col4 (type: bigint), _col5 (type: bigint), _col6 (type: binary)
        Reducer 4 
            Execution mode: vectorized, llap
            Reduce Operator Tree:
              Map Join Operator
                condition map:
                     Inner Join 0 to 1
                keys:
                  0 KEY.reducesinkkey0 (type: bigint), KEY.reducesinkkey1 (type: bigint), KEY.reducesinkkey2 (type: bigint)
                  1 KEY.reducesinkkey0 (type: bigint), KEY.reducesinkkey1 (type: bigint), KEY.reducesinkkey2 (type: bigint)
                outputColumnNames: _col0, _col2, _col4, _col7, _col8, _col10
                input vertices:
                  1 Map 8
                Statistics: Num rows: 6332615350 Data size: 229296458988 Basic stats: COMPLETE Column stats: COMPLETE
                DynamicPartitionHashJoin: true
                Reduce Output Operator
                  key expressions: _col8 (type: bigint), _col7 (type: bigint)
                  null sort order: zz
                  sort order: ++
                  Map-reduce partition columns: _col8 (type: bigint), _col7 (type: bigint)
                  Statistics: Num rows: 6332615350 Data size: 229296458988 Basic stats: COMPLETE Column stats: COMPLETE
                  value expressions: _col0 (type: bigint), _col2 (type: bigint), _col4 (type: int), _col10 (type: int)
        Reducer 5 
            Execution mode: vectorized, llap
            Reduce Operator Tree:
              Map Join Operator
                condition map:
                     Inner Join 0 to 1
                keys:
                  0 KEY.reducesinkkey0 (type: bigint), KEY.reducesinkkey1 (type: bigint)
                  1 KEY.reducesinkkey0 (type: bigint), KEY.reducesinkkey1 (type: bigint)
                outputColumnNames: _col2, _col5, _col7, _col9, _col15
                input vertices:
                  0 Map 1
                Statistics: Num rows: 3459560664786 Data size: 96844442897324 Basic stats: COMPLETE Column stats: COMPLETE
                DynamicPartitionHashJoin: true
                Map Join Operator
                  condition map:
                       Inner Join 0 to 1
                  keys:
                    0 _col7 (type: bigint)
                    1 _col0 (type: bigint)
                  outputColumnNames: _col2, _col5, _col9, _col15, _col19
                  input vertices:
                    1 Map 11
                  Statistics: Num rows: 3459560664786 Data size: 366704984826736 Basic stats: COMPLETE Column stats: COMPLETE
                  Map Join Operator
                    condition map:
                         Inner Join 0 to 1
                    keys:
                      0 _col5 (type: bigint)
                      1 _col0 (type: bigint)
                    outputColumnNames: _col2, _col9, _col15, _col19, _col21, _col22
                    input vertices:
                      1 Map 12
                    Statistics: Num rows: 3459560664786 Data size: 1321543728307672 Basic stats: COMPLETE Column stats: COMPLETE
                    Top N Key Operator
                      sort order: +++
                      keys: _col21 (type: string), _col22 (type: varchar(200)), _col19 (type: char(2))
                      null sort order: zzz
                      Statistics: Num rows: 3459560664786 Data size: 1321543728307672 Basic stats: COMPLETE Column stats: COMPLETE
                      top n: 100
                      Select Operator
                        expressions: _col21 (type: string), _col22 (type: varchar(200)), _col19 (type: char(2)), _col9 (type: int), _col15 (type: int), _col2 (type: int), UDFToDouble(_col9) (type: double), (UDFToDouble(_col9) * UDFToDouble(_col9)) (type: double), UDFToDouble(_col15) (type: double), (UDFToDouble(_col15) * UDFToDouble(_col15)) (type: double), UDFToDouble(_col2) (type: double), (UDFToDouble(_col2) * UDFToDouble(_col2)) (type: double)
                        outputColumnNames: _col0, _col1, _col2, _col3, _col4, _col5, _col6, _col7, _col8, _col9, _col10, _col11
                        Statistics: Num rows: 3459560664786 Data size: 1321543728307672 Basic stats: COMPLETE Column stats: COMPLETE
                        Group By Operator
                          aggregations: count(_col3), sum(_col3), sum(_col7), sum(_col6), count(_col4), sum(_col4), sum(_col9), sum(_col8), count(_col5), sum(_col5), sum(_col11), sum(_col10)
                          keys: _col0 (type: string), _col1 (type: varchar(200)), _col2 (type: char(2))
                          minReductionHashAggr: 0.99
                          mode: hash
                          outputColumnNames: _col0, _col1, _col2, _col3, _col4, _col5, _col6, _col7, _col8, _col9, _col10, _col11, _col12, _col13, _col14
                          Statistics: Num rows: 3459560664786 Data size: 1612155269790276 Basic stats: COMPLETE Column stats: COMPLETE
                          Reduce Output Operator
                            key expressions: _col0 (type: string), _col1 (type: varchar(200)), _col2 (type: char(2))
                            null sort order: zzz
                            sort order: +++
                            Map-reduce partition columns: _col0 (type: string), _col1 (type: varchar(200)), _col2 (type: char(2))
                            Statistics: Num rows: 3459560664786 Data size: 1612155269790276 Basic stats: COMPLETE Column stats: COMPLETE
                            value expressions: _col3 (type: bigint), _col4 (type: bigint), _col5 (type: double), _col6 (type: double), _col7 (type: bigint), _col8 (type: bigint), _col9 (type: double), _col10 (type: double), _col11 (type: bigint), _col12 (type: bigint), _col13 (type: double), _col14 (type: double)
        Reducer 6 
            Execution mode: vectorized, llap
            Reduce Operator Tree:
              Group By Operator
                aggregations: count(VALUE._col0), sum(VALUE._col1), sum(VALUE._col2), sum(VALUE._col3), count(VALUE._col4), sum(VALUE._col5), sum(VALUE._col6), sum(VALUE._col7), count(VALUE._col8), sum(VALUE._col9), sum(VALUE._col10), sum(VALUE._col11)
                keys: KEY._col0 (type: string), KEY._col1 (type: varchar(200)), KEY._col2 (type: char(2))
                mode: mergepartial
                outputColumnNames: _col0, _col1, _col2, _col3, _col4, _col5, _col6, _col7, _col8, _col9, _col10, _col11, _col12, _col13, _col14
                Statistics: Num rows: 3459560664786 Data size: 1612155269790276 Basic stats: COMPLETE Column stats: COMPLETE
                Select Operator
                  expressions: _col0 (type: string), _col1 (type: varchar(200)), _col2 (type: char(2)), _col3 (type: bigint), (UDFToDouble(_col4) / _col3) (type: double), power(((_col5 - ((_col6 * _col6) / _col3)) / CASE WHEN ((_col3 = 1L)) THEN (null) ELSE ((_col3 - 1)) END), 0.5) (type: double), (power(((_col5 - ((_col6 * _col6) / _col3)) / CASE WHEN ((_col3 = 1L)) THEN (null) ELSE ((_col3 - 1)) END), 0.5) / (UDFToDouble(_col4) / _col3)) (type: double), _col7 (type: bigint), (UDFToDouble(_col8) / _col7) (type: double), power(((_col9 - ((_col10 * _col10) / _col7)) / CASE WHEN ((_col7 = 1L)) THEN (null) ELSE ((_col7 - 1)) END), 0.5) (type: double), (power(((_col9 - ((_col10 * _col10) / _col7)) / CASE WHEN ((_col7 = 1L)) THEN (null) ELSE ((_col7 - 1)) END), 0.5) / (UDFToDouble(_col8) / _col7)) (type: double), _col11 (type: bigint), (UDFToDouble(_col12) / _col11) (type: double), (power(((_col13 - ((_col14 * _col14) / _col11)) / CASE WHEN ((_col11 = 1L)) THEN (null) ELSE ((_col11 - 1)) END), 0.5) / (UDFToDouble(_col12) / _col11)) (type: double)
                  outputColumnNames: _col0, _col1, _col2, _col3, _col4, _col5, _col6, _col7, _col8, _col9, _col10, _col11, _col12, _col13
                  Statistics: Num rows: 3459560664786 Data size: 1612155269790276 Basic stats: COMPLETE Column stats: COMPLETE
                  Reduce Output Operator
                    key expressions: _col0 (type: string), _col1 (type: varchar(200)), _col2 (type: char(2))
                    null sort order: zzz
                    sort order: +++
                    Statistics: Num rows: 3459560664786 Data size: 1612155269790276 Basic stats: COMPLETE Column stats: COMPLETE
                    value expressions: _col3 (type: bigint), _col4 (type: double), _col5 (type: double), _col6 (type: double), _col7 (type: bigint), _col8 (type: double), _col9 (type: double), _col10 (type: double), _col11 (type: bigint), _col12 (type: double), _col13 (type: double)
        Reducer 7 
            Execution mode: vectorized, llap
            Reduce Operator Tree:
              Select Operator
                expressions: KEY.reducesinkkey0 (type: string), KEY.reducesinkkey1 (type: varchar(200)), KEY.reducesinkkey2 (type: char(2)), VALUE._col0 (type: bigint), VALUE._col1 (type: double), VALUE._col2 (type: double), VALUE._col3 (type: double), VALUE._col4 (type: bigint), VALUE._col5 (type: double), VALUE._col6 (type: double), VALUE._col7 (type: double), VALUE._col8 (type: bigint), VALUE._col9 (type: double), VALUE._col10 (type: double), VALUE._col10 (type: double)
                outputColumnNames: _col0, _col1, _col2, _col3, _col4, _col5, _col6, _col7, _col8, _col9, _col10, _col11, _col12, _col13, _col14
                Statistics: Num rows: 3459560664786 Data size: 1612155269790276 Basic stats: COMPLETE Column stats: COMPLETE
                Limit
                  Number of rows: 100
                  Statistics: Num rows: 100 Data size: 46600 Basic stats: COMPLETE Column stats: COMPLETE
                  File Output Operator
                    compressed: false
                    Statistics: Num rows: 100 Data size: 46600 Basic stats: COMPLETE Column stats: COMPLETE
                    table:
                        input format: org.apache.hadoop.mapred.SequenceFileInputFormat
                        output format: org.apache.hadoop.hive.ql.io.HiveSequenceFileOutputFormat
                        serde: org.apache.hadoop.hive.serde2.lazy.LazySimpleSerDe
        Reducer 9 
            Execution mode: vectorized, llap
            Reduce Operator Tree:
              Group By Operator
                aggregations: min(VALUE._col0), max(VALUE._col1), min(VALUE._col2), max(VALUE._col3), bloom_filter(VALUE._col4, expectedEntries=1000000)
                mode: final
                outputColumnNames: _col0, _col1, _col2, _col3, _col4
                Statistics: Num rows: 1 Data size: 176 Basic stats: COMPLETE Column stats: COMPLETE
                Reduce Output Operator
                  null sort order: 
                  sort order: 
                  Statistics: Num rows: 1 Data size: 176 Basic stats: COMPLETE Column stats: COMPLETE
                  value expressions: _col0 (type: bigint), _col1 (type: bigint), _col2 (type: bigint), _col3 (type: bigint), _col4 (type: binary)

  Stage: Stage-0
    Fetch Operator
      limit: 100
      Processor Tree:
        ListSink

