Warning: Map Join MAPJOIN[1098][bigTable=?] in task 'Reducer 10' is a cross product
Warning: Map Join MAPJOIN[1147][bigTable=?] in task 'Reducer 15' is a cross product
Warning: Map Join MAPJOIN[1163][bigTable=?] in task 'Reducer 21' is a cross product
Warning: Map Join MAPJOIN[1199][bigTable=?] in task 'Reducer 30' is a cross product
STAGE DEPENDENCIES:
  Stage-1 is a root stage
  Stage-2 depends on stages: Stage-1
  Stage-4 depends on stages: Stage-2, Stage-0
  Stage-0 depends on stages: Stage-1
  Stage-3 depends on stages: Stage-4

STAGE PLANS:
  Stage: Stage-1
    Tez
#### A masked pattern was here ####
      Edges:
        Map 1 <- Map 4 (BROADCAST_EDGE), Union 2 (CONTAINS)
        Map 7 <- Reducer 5 (BROADCAST_EDGE), Union 2 (CONTAINS)
        Map 8 <- Reducer 6 (BROADCAST_EDGE), Union 2 (CONTAINS)
        Reducer 3 <- Union 2 (CUSTOM_SIMPLE_EDGE)
        Reducer 5 <- Map 4 (SIMPLE_EDGE)
        Reducer 6 <- Map 4 (SIMPLE_EDGE)
#### A masked pattern was here ####
      Vertices:
        Map 1 
            Map Operator Tree:
                TableScan
                  alias: store_sales
                  filterExpr: ss_sold_date_sk is not null (type: boolean)
                  Statistics: Num rows: 82510879939 Data size: 10005709976020 Basic stats: COMPLETE Column stats: COMPLETE
                  Select Operator
                    expressions: ss_quantity (type: int), ss_list_price (type: decimal(7,2)), ss_sold_date_sk (type: bigint)
                    outputColumnNames: _col0, _col1, _col2
                    Statistics: Num rows: 82510879939 Data size: 10005709976020 Basic stats: COMPLETE Column stats: COMPLETE
                    Map Join Operator
                      condition map:
                           Inner Join 0 to 1
                      keys:
                        0 _col2 (type: bigint)
                        1 _col0 (type: bigint)
                      outputColumnNames: _col0, _col1
                      input vertices:
                        1 Map 4
                      Statistics: Num rows: 49749852010 Data size: 5545343696744 Basic stats: COMPLETE Column stats: COMPLETE
                      Select Operator
                        expressions: (CAST( _col0 AS decimal(10,0)) * _col1) (type: decimal(18,2))
                        outputColumnNames: _col0
                        Statistics: Num rows: 88516906238 Data size: 10029566262388 Basic stats: COMPLETE Column stats: COMPLETE
                        Group By Operator
                          aggregations: sum(_col0), count(_col0)
                          minReductionHashAggr: 0.99
                          mode: hash
                          outputColumnNames: _col0, _col1
                          Statistics: Num rows: 1 Data size: 120 Basic stats: COMPLETE Column stats: COMPLETE
                          Reduce Output Operator
                            null sort order: 
                            sort order: 
                            Statistics: Num rows: 1 Data size: 120 Basic stats: COMPLETE Column stats: COMPLETE
                            value expressions: _col0 (type: decimal(28,2)), _col1 (type: bigint)
            Execution mode: vectorized, llap
            LLAP IO: may be used (ACID table)
        Map 4 
            Map Operator Tree:
                TableScan
                  alias: date_dim
                  filterExpr: (d_year BETWEEN 1999 AND 2001 or d_year BETWEEN 1998 AND 2000) (type: boolean)
                  Statistics: Num rows: 73049 Data size: 876588 Basic stats: COMPLETE Column stats: COMPLETE
                  Filter Operator
                    predicate: d_year BETWEEN 1999 AND 2001 (type: boolean)
                    Statistics: Num rows: 1101 Data size: 13212 Basic stats: COMPLETE Column stats: COMPLETE
                    Select Operator
                      expressions: d_date_sk (type: bigint)
                      outputColumnNames: _col0
                      Statistics: Num rows: 1101 Data size: 8808 Basic stats: COMPLETE Column stats: COMPLETE
                      Reduce Output Operator
                        key expressions: _col0 (type: bigint)
                        null sort order: z
                        sort order: +
                        Map-reduce partition columns: _col0 (type: bigint)
                        Statistics: Num rows: 1101 Data size: 8808 Basic stats: COMPLETE Column stats: COMPLETE
                      Select Operator
                        expressions: _col0 (type: bigint)
                        outputColumnNames: _col0
                        Statistics: Num rows: 1101 Data size: 8808 Basic stats: COMPLETE Column stats: COMPLETE
                        Group By Operator
                          keys: _col0 (type: bigint)
                          minReductionHashAggr: 0.4
                          mode: hash
                          outputColumnNames: _col0
                          Statistics: Num rows: 1101 Data size: 8808 Basic stats: COMPLETE Column stats: COMPLETE
                          Dynamic Partitioning Event Operator
                            Target column: ss_sold_date_sk (bigint)
                            Target Input: store_sales
                            Partition key expr: ss_sold_date_sk
                            Statistics: Num rows: 1101 Data size: 8808 Basic stats: COMPLETE Column stats: COMPLETE
                            Target Vertex: Map 1
                  Filter Operator
                    predicate: d_year BETWEEN 1998 AND 2000 (type: boolean)
                    Statistics: Num rows: 1101 Data size: 13212 Basic stats: COMPLETE Column stats: COMPLETE
                    Select Operator
                      expressions: d_date_sk (type: bigint)
                      outputColumnNames: _col0
                      Statistics: Num rows: 1101 Data size: 8808 Basic stats: COMPLETE Column stats: COMPLETE
                      Reduce Output Operator
                        key expressions: _col0 (type: bigint)
                        null sort order: z
                        sort order: +
                        Map-reduce partition columns: _col0 (type: bigint)
                        Statistics: Num rows: 1101 Data size: 8808 Basic stats: COMPLETE Column stats: COMPLETE
                      Select Operator
                        expressions: _col0 (type: bigint)
                        outputColumnNames: _col0
                        Statistics: Num rows: 1101 Data size: 8808 Basic stats: COMPLETE Column stats: COMPLETE
                        Group By Operator
                          keys: _col0 (type: bigint)
                          minReductionHashAggr: 0.4
                          mode: hash
                          outputColumnNames: _col0
                          Statistics: Num rows: 1101 Data size: 8808 Basic stats: COMPLETE Column stats: COMPLETE
                          Dynamic Partitioning Event Operator
                            Target column: cs_sold_date_sk (bigint)
                            Target Input: catalog_sales
                            Partition key expr: cs_sold_date_sk
                            Statistics: Num rows: 1101 Data size: 8808 Basic stats: COMPLETE Column stats: COMPLETE
                            Target Vertex: Map 7
                          Dynamic Partitioning Event Operator
                            Target column: ws_sold_date_sk (bigint)
                            Target Input: web_sales
                            Partition key expr: ws_sold_date_sk
                            Statistics: Num rows: 1101 Data size: 8808 Basic stats: COMPLETE Column stats: COMPLETE
                            Target Vertex: Map 8
                      Reduce Output Operator
                        key expressions: _col0 (type: bigint)
                        null sort order: z
                        sort order: +
                        Map-reduce partition columns: _col0 (type: bigint)
                        Statistics: Num rows: 1101 Data size: 8808 Basic stats: COMPLETE Column stats: COMPLETE
            Execution mode: vectorized, llap
            LLAP IO: may be used (ACID table)
        Map 7 
            Map Operator Tree:
                TableScan
                  alias: catalog_sales
                  filterExpr: cs_sold_date_sk is not null (type: boolean)
                  Statistics: Num rows: 43005109025 Data size: 5320191433036 Basic stats: COMPLETE Column stats: COMPLETE
                  Select Operator
                    expressions: cs_quantity (type: int), cs_list_price (type: decimal(7,2)), cs_sold_date_sk (type: bigint)
                    outputColumnNames: _col0, _col1, _col2
                    Statistics: Num rows: 43005109025 Data size: 5320191433036 Basic stats: COMPLETE Column stats: COMPLETE
                    Map Join Operator
                      condition map:
                           Inner Join 0 to 1
                      keys:
                        0 _col2 (type: bigint)
                        1 _col0 (type: bigint)
                      outputColumnNames: _col0, _col1
                      input vertices:
                        1 Reducer 5
                      Statistics: Num rows: 25746588712 Data size: 2974162204528 Basic stats: COMPLETE Column stats: COMPLETE
                      Select Operator
                        expressions: (CAST( _col0 AS decimal(10,0)) * _col1) (type: decimal(18,2))
                        outputColumnNames: _col0
                        Statistics: Num rows: 88516906238 Data size: 10029566262388 Basic stats: COMPLETE Column stats: COMPLETE
                        Group By Operator
                          aggregations: sum(_col0), count(_col0)
                          minReductionHashAggr: 0.99
                          mode: hash
                          outputColumnNames: _col0, _col1
                          Statistics: Num rows: 1 Data size: 120 Basic stats: COMPLETE Column stats: COMPLETE
                          Reduce Output Operator
                            null sort order: 
                            sort order: 
                            Statistics: Num rows: 1 Data size: 120 Basic stats: COMPLETE Column stats: COMPLETE
                            value expressions: _col0 (type: decimal(28,2)), _col1 (type: bigint)
            Execution mode: vectorized, llap
            LLAP IO: may be used (ACID table)
        Map 8 
            Map Operator Tree:
                TableScan
                  alias: web_sales
                  filterExpr: ws_sold_date_sk is not null (type: boolean)
                  Statistics: Num rows: 21594638446 Data size: 2677421528564 Basic stats: COMPLETE Column stats: COMPLETE
                  Select Operator
                    expressions: ws_quantity (type: int), ws_list_price (type: decimal(7,2)), ws_sold_date_sk (type: bigint)
                    outputColumnNames: _col0, _col1, _col2
                    Statistics: Num rows: 21594638446 Data size: 2677421528564 Basic stats: COMPLETE Column stats: COMPLETE
                    Map Join Operator
                      condition map:
                           Inner Join 0 to 1
                      keys:
                        0 _col2 (type: bigint)
                        1 _col0 (type: bigint)
                      outputColumnNames: _col0, _col1
                      input vertices:
                        1 Reducer 6
                      Statistics: Num rows: 13020465516 Data size: 1510060361116 Basic stats: COMPLETE Column stats: COMPLETE
                      Select Operator
                        expressions: (CAST( _col0 AS decimal(10,0)) * _col1) (type: decimal(18,2))
                        outputColumnNames: _col0
                        Statistics: Num rows: 88516906238 Data size: 10029566262388 Basic stats: COMPLETE Column stats: COMPLETE
                        Group By Operator
                          aggregations: sum(_col0), count(_col0)
                          minReductionHashAggr: 0.99
                          mode: hash
                          outputColumnNames: _col0, _col1
                          Statistics: Num rows: 1 Data size: 120 Basic stats: COMPLETE Column stats: COMPLETE
                          Reduce Output Operator
                            null sort order: 
                            sort order: 
                            Statistics: Num rows: 1 Data size: 120 Basic stats: COMPLETE Column stats: COMPLETE
                            value expressions: _col0 (type: decimal(28,2)), _col1 (type: bigint)
            Execution mode: vectorized, llap
            LLAP IO: may be used (ACID table)
        Reducer 3 
            Execution mode: vectorized, llap
            Reduce Operator Tree:
              Group By Operator
                aggregations: sum(VALUE._col0), count(VALUE._col1)
                mode: mergepartial
                outputColumnNames: _col0, _col1
                Statistics: Num rows: 1 Data size: 120 Basic stats: COMPLETE Column stats: COMPLETE
                Select Operator
                  expressions: CAST( (_col0 / _col1) AS decimal(22,6)) (type: decimal(22,6))
                  outputColumnNames: _col0
                  Statistics: Num rows: 1 Data size: 112 Basic stats: COMPLETE Column stats: COMPLETE
                  File Output Operator
                    compressed: false
                    Statistics: Num rows: 1 Data size: 112 Basic stats: COMPLETE Column stats: COMPLETE
                    table:
                        input format: org.apache.hadoop.hive.ql.io.orc.OrcInputFormat
                        output format: org.apache.hadoop.hive.ql.io.orc.OrcOutputFormat
                        serde: org.apache.hadoop.hive.ql.io.orc.OrcSerde
                        name: default.avg_sales
        Reducer 5 
            Execution mode: vectorized, llap
            Reduce Operator Tree:
              Select Operator
                expressions: KEY.reducesinkkey0 (type: bigint)
                outputColumnNames: _col0
                Reduce Output Operator
                  key expressions: _col0 (type: bigint)
                  null sort order: z
                  sort order: +
                  Map-reduce partition columns: _col0 (type: bigint)
                  Statistics: Num rows: 1101 Data size: 8808 Basic stats: COMPLETE Column stats: COMPLETE
        Reducer 6 
            Execution mode: vectorized, llap
            Reduce Operator Tree:
              Select Operator
                expressions: KEY.reducesinkkey0 (type: bigint)
                outputColumnNames: _col0
                Reduce Output Operator
                  key expressions: _col0 (type: bigint)
                  null sort order: z
                  sort order: +
                  Map-reduce partition columns: _col0 (type: bigint)
                  Statistics: Num rows: 1101 Data size: 8808 Basic stats: COMPLETE Column stats: COMPLETE
        Union 2 
            Vertex: Union 2

  Stage: Stage-2
    Dependency Collection

  Stage: Stage-4
    Tez
#### A masked pattern was here ####
      Edges:
        Map 14 <- Map 19 (BROADCAST_EDGE), Map 26 (BROADCAST_EDGE), Reducer 25 (BROADCAST_EDGE)
        Map 20 <- Map 19 (BROADCAST_EDGE), Map 26 (BROADCAST_EDGE), Reducer 25 (BROADCAST_EDGE)
        Map 22 <- Map 19 (BROADCAST_EDGE), Map 26 (BROADCAST_EDGE)
        Map 27 <- Map 19 (BROADCAST_EDGE), Map 26 (BROADCAST_EDGE)
        Map 29 <- Map 19 (BROADCAST_EDGE), Map 26 (BROADCAST_EDGE), Reducer 25 (BROADCAST_EDGE)
        Map 31 <- Map 19 (BROADCAST_EDGE), Map 26 (BROADCAST_EDGE)
        Reducer 10 <- Map 9 (CUSTOM_SIMPLE_EDGE), Reducer 13 (BROADCAST_EDGE)
        Reducer 11 <- Reducer 10 (CUSTOM_SIMPLE_EDGE)
        Reducer 12 <- Reducer 10 (CUSTOM_SIMPLE_EDGE)
        Reducer 13 <- Map 9 (CUSTOM_SIMPLE_EDGE)
        Reducer 15 <- Map 14 (SIMPLE_EDGE), Reducer 11 (BROADCAST_EDGE), Union 16 (CONTAINS)
        Reducer 17 <- Union 16 (SIMPLE_EDGE)
        Reducer 18 <- Reducer 17 (SIMPLE_EDGE)
        Reducer 21 <- Map 20 (SIMPLE_EDGE), Reducer 12 (BROADCAST_EDGE), Union 16 (CONTAINS)
        Reducer 23 <- Map 22 (SIMPLE_EDGE), Union 24 (CONTAINS)
        Reducer 25 <- Map 26 (BROADCAST_EDGE), Union 24 (SIMPLE_EDGE)
        Reducer 28 <- Map 27 (SIMPLE_EDGE), Union 24 (CONTAINS)
        Reducer 30 <- Map 29 (SIMPLE_EDGE), Reducer 10 (BROADCAST_EDGE), Union 16 (CONTAINS)
        Reducer 32 <- Map 31 (SIMPLE_EDGE), Union 24 (CONTAINS)
#### A masked pattern was here ####
      Vertices:
        Map 14 
            Map Operator Tree:
                TableScan
                  alias: store_sales
                  Statistics: Num rows: 82510879939 Data size: 10665797015532 Basic stats: COMPLETE Column stats: COMPLETE
                  Select Operator
                    expressions: ss_item_sk (type: bigint), ss_quantity (type: int), ss_list_price (type: decimal(7,2)), ss_sold_date_sk (type: bigint)
                    outputColumnNames: _col0, _col1, _col2, _col3
                    Statistics: Num rows: 82510879939 Data size: 10665797015532 Basic stats: COMPLETE Column stats: COMPLETE
                    Map Join Operator
                      condition map:
                           Inner Join 0 to 1
                      keys:
                        0 _col3 (type: bigint)
                        1 _col0 (type: bigint)
                      outputColumnNames: _col0, _col1, _col2
                      input vertices:
                        1 Map 19
                      Statistics: Num rows: 1400767848 Data size: 11206142900 Basic stats: COMPLETE Column stats: COMPLETE
                      Map Join Operator
                        condition map:
                             Left Semi Join 0 to 1
                        keys:
                          0 _col0 (type: bigint)
                          1 _col0 (type: bigint)
                        outputColumnNames: _col0, _col1, _col2
                        input vertices:
                          1 Reducer 25
                        Statistics: Num rows: 1400767848 Data size: 11206142900 Basic stats: COMPLETE Column stats: COMPLETE
                        Map Join Operator
                          condition map:
                               Inner Join 0 to 1
                          keys:
                            0 _col0 (type: bigint)
                            1 _col0 (type: bigint)
                          outputColumnNames: _col1, _col2, _col8, _col9, _col10
                          input vertices:
                            1 Map 26
                          Statistics: Num rows: 1400767848 Data size: 16809200716 Basic stats: COMPLETE Column stats: COMPLETE
                          Select Operator
                            expressions: _col8 (type: int), _col9 (type: int), _col10 (type: int), (CAST( _col1 AS decimal(10,0)) * _col2) (type: decimal(18,2))
                            outputColumnNames: _col0, _col1, _col2, _col3
                            Statistics: Num rows: 1400767848 Data size: 16809200716 Basic stats: COMPLETE Column stats: COMPLETE
                            Group By Operator
                              aggregations: sum(_col3), count()
                              keys: _col0 (type: int), _col1 (type: int), _col2 (type: int)
                              minReductionHashAggr: 0.99
                              mode: hash
                              outputColumnNames: _col0, _col1, _col2, _col3, _col4
                              Statistics: Num rows: 11885346 Data size: 1568865568 Basic stats: COMPLETE Column stats: COMPLETE
                              Reduce Output Operator
                                key expressions: _col0 (type: int), _col1 (type: int), _col2 (type: int)
                                null sort order: zzz
                                sort order: +++
                                Map-reduce partition columns: _col0 (type: int), _col1 (type: int), _col2 (type: int)
                                Statistics: Num rows: 11885346 Data size: 1568865568 Basic stats: COMPLETE Column stats: COMPLETE
                                value expressions: _col3 (type: decimal(28,2)), _col4 (type: bigint)
            Execution mode: vectorized, llap
            LLAP IO: may be used (ACID table)
        Map 19 
            Map Operator Tree:
                TableScan
                  alias: date_dim
                  filterExpr: (((d_year = 2000) and (d_moy = 11)) or d_year BETWEEN 1999 AND 2001) (type: boolean)
                  Statistics: Num rows: 73049 Data size: 1168784 Basic stats: COMPLETE Column stats: COMPLETE
                  Filter Operator
                    predicate: ((d_year = 2000) and (d_moy = 11)) (type: boolean)
                    Statistics: Num rows: 31 Data size: 496 Basic stats: COMPLETE Column stats: COMPLETE
                    Select Operator
                      expressions: d_date_sk (type: bigint)
                      outputColumnNames: _col0
                      Statistics: Num rows: 31 Data size: 248 Basic stats: COMPLETE Column stats: COMPLETE
                      Reduce Output Operator
                        key expressions: _col0 (type: bigint)
                        null sort order: z
                        sort order: +
                        Map-reduce partition columns: _col0 (type: bigint)
                        Statistics: Num rows: 31 Data size: 248 Basic stats: COMPLETE Column stats: COMPLETE
                      Select Operator
                        expressions: _col0 (type: bigint)
                        outputColumnNames: _col0
                        Statistics: Num rows: 31 Data size: 248 Basic stats: COMPLETE Column stats: COMPLETE
                        Group By Operator
                          keys: _col0 (type: bigint)
                          minReductionHashAggr: 0.4
                          mode: hash
                          outputColumnNames: _col0
                          Statistics: Num rows: 31 Data size: 248 Basic stats: COMPLETE Column stats: COMPLETE
                          Dynamic Partitioning Event Operator
                            Target column: ss_sold_date_sk (bigint)
                            Target Input: store_sales
                            Partition key expr: ss_sold_date_sk
                            Statistics: Num rows: 31 Data size: 248 Basic stats: COMPLETE Column stats: COMPLETE
                            Target Vertex: Map 14
                      Reduce Output Operator
                        key expressions: _col0 (type: bigint)
                        null sort order: z
                        sort order: +
                        Map-reduce partition columns: _col0 (type: bigint)
                        Statistics: Num rows: 31 Data size: 248 Basic stats: COMPLETE Column stats: COMPLETE
                      Select Operator
                        expressions: _col0 (type: bigint)
                        outputColumnNames: _col0
                        Statistics: Num rows: 31 Data size: 248 Basic stats: COMPLETE Column stats: COMPLETE
                        Group By Operator
                          keys: _col0 (type: bigint)
                          minReductionHashAggr: 0.4
                          mode: hash
                          outputColumnNames: _col0
                          Statistics: Num rows: 31 Data size: 248 Basic stats: COMPLETE Column stats: COMPLETE
                          Dynamic Partitioning Event Operator
                            Target column: ws_sold_date_sk (bigint)
                            Target Input: web_sales
                            Partition key expr: ws_sold_date_sk
                            Statistics: Num rows: 31 Data size: 248 Basic stats: COMPLETE Column stats: COMPLETE
                            Target Vertex: Map 29
                      Reduce Output Operator
                        key expressions: _col0 (type: bigint)
                        null sort order: z
                        sort order: +
                        Map-reduce partition columns: _col0 (type: bigint)
                        Statistics: Num rows: 31 Data size: 248 Basic stats: COMPLETE Column stats: COMPLETE
                      Select Operator
                        expressions: _col0 (type: bigint)
                        outputColumnNames: _col0
                        Statistics: Num rows: 31 Data size: 248 Basic stats: COMPLETE Column stats: COMPLETE
                        Group By Operator
                          keys: _col0 (type: bigint)
                          minReductionHashAggr: 0.4
                          mode: hash
                          outputColumnNames: _col0
                          Statistics: Num rows: 31 Data size: 248 Basic stats: COMPLETE Column stats: COMPLETE
                          Dynamic Partitioning Event Operator
                            Target column: cs_sold_date_sk (bigint)
                            Target Input: catalog_sales
                            Partition key expr: cs_sold_date_sk
                            Statistics: Num rows: 31 Data size: 248 Basic stats: COMPLETE Column stats: COMPLETE
                            Target Vertex: Map 20
                  Filter Operator
                    predicate: d_year BETWEEN 1999 AND 2001 (type: boolean)
                    Statistics: Num rows: 1101 Data size: 13212 Basic stats: COMPLETE Column stats: COMPLETE
                    Select Operator
                      expressions: d_date_sk (type: bigint)
                      outputColumnNames: _col0
                      Statistics: Num rows: 1101 Data size: 8808 Basic stats: COMPLETE Column stats: COMPLETE
                      Reduce Output Operator
                        key expressions: _col0 (type: bigint)
                        null sort order: z
                        sort order: +
                        Map-reduce partition columns: _col0 (type: bigint)
                        Statistics: Num rows: 1101 Data size: 8808 Basic stats: COMPLETE Column stats: COMPLETE
                      Select Operator
                        expressions: _col0 (type: bigint)
                        outputColumnNames: _col0
                        Statistics: Num rows: 1101 Data size: 8808 Basic stats: COMPLETE Column stats: COMPLETE
                        Group By Operator
                          keys: _col0 (type: bigint)
                          minReductionHashAggr: 0.4
                          mode: hash
                          outputColumnNames: _col0
                          Statistics: Num rows: 1101 Data size: 8808 Basic stats: COMPLETE Column stats: COMPLETE
                          Dynamic Partitioning Event Operator
                            Target column: cs_sold_date_sk (bigint)
                            Target Input: catalog_sales
                            Partition key expr: cs_sold_date_sk
                            Statistics: Num rows: 1101 Data size: 8808 Basic stats: COMPLETE Column stats: COMPLETE
                            Target Vertex: Map 27
                      Reduce Output Operator
                        key expressions: _col0 (type: bigint)
                        null sort order: z
                        sort order: +
                        Map-reduce partition columns: _col0 (type: bigint)
                        Statistics: Num rows: 1101 Data size: 8808 Basic stats: COMPLETE Column stats: COMPLETE
                      Select Operator
                        expressions: _col0 (type: bigint)
                        outputColumnNames: _col0
                        Statistics: Num rows: 1101 Data size: 8808 Basic stats: COMPLETE Column stats: COMPLETE
                        Group By Operator
                          keys: _col0 (type: bigint)
                          minReductionHashAggr: 0.4
                          mode: hash
                          outputColumnNames: _col0
                          Statistics: Num rows: 1101 Data size: 8808 Basic stats: COMPLETE Column stats: COMPLETE
                          Dynamic Partitioning Event Operator
                            Target column: ws_sold_date_sk (bigint)
                            Target Input: web_sales
                            Partition key expr: ws_sold_date_sk
                            Statistics: Num rows: 1101 Data size: 8808 Basic stats: COMPLETE Column stats: COMPLETE
                            Target Vertex: Map 31
                      Reduce Output Operator
                        key expressions: _col0 (type: bigint)
                        null sort order: z
                        sort order: +
                        Map-reduce partition columns: _col0 (type: bigint)
                        Statistics: Num rows: 1101 Data size: 8808 Basic stats: COMPLETE Column stats: COMPLETE
                      Select Operator
                        expressions: _col0 (type: bigint)
                        outputColumnNames: _col0
                        Statistics: Num rows: 1101 Data size: 8808 Basic stats: COMPLETE Column stats: COMPLETE
                        Group By Operator
                          keys: _col0 (type: bigint)
                          minReductionHashAggr: 0.4
                          mode: hash
                          outputColumnNames: _col0
                          Statistics: Num rows: 1101 Data size: 8808 Basic stats: COMPLETE Column stats: COMPLETE
                          Dynamic Partitioning Event Operator
                            Target column: ss_sold_date_sk (bigint)
                            Target Input: store_sales
                            Partition key expr: ss_sold_date_sk
                            Statistics: Num rows: 1101 Data size: 8808 Basic stats: COMPLETE Column stats: COMPLETE
                            Target Vertex: Map 22
            Execution mode: vectorized, llap
            LLAP IO: may be used (ACID table)
        Map 20 
            Map Operator Tree:
                TableScan
                  alias: catalog_sales
                  Statistics: Num rows: 43005109025 Data size: 5664232305236 Basic stats: COMPLETE Column stats: COMPLETE
                  Select Operator
                    expressions: cs_item_sk (type: bigint), cs_quantity (type: int), cs_list_price (type: decimal(7,2)), cs_sold_date_sk (type: bigint)
                    outputColumnNames: _col0, _col1, _col2, _col3
                    Statistics: Num rows: 43005109025 Data size: 5664232305236 Basic stats: COMPLETE Column stats: COMPLETE
                    Map Join Operator
                      condition map:
                           Inner Join 0 to 1
                      keys:
                        0 _col3 (type: bigint)
                        1 _col0 (type: bigint)
                      outputColumnNames: _col0, _col1, _col2
                      input vertices:
                        1 Map 19
                      Statistics: Num rows: 724926652 Data size: 77448818784 Basic stats: COMPLETE Column stats: COMPLETE
                      Map Join Operator
                        condition map:
                             Left Semi Join 0 to 1
                        keys:
                          0 _col0 (type: bigint)
                          1 _col0 (type: bigint)
                        outputColumnNames: _col0, _col1, _col2
                        input vertices:
                          1 Reducer 25
                        Statistics: Num rows: 724926652 Data size: 77448818784 Basic stats: COMPLETE Column stats: COMPLETE
                        Map Join Operator
                          condition map:
                               Inner Join 0 to 1
                          keys:
                            0 _col0 (type: bigint)
                            1 _col0 (type: bigint)
                          outputColumnNames: _col1, _col2, _col8, _col9, _col10
                          input vertices:
                            1 Map 26
                          Statistics: Num rows: 724926652 Data size: 80348511816 Basic stats: COMPLETE Column stats: COMPLETE
                          Select Operator
                            expressions: _col8 (type: int), _col9 (type: int), _col10 (type: int), (CAST( _col1 AS decimal(10,0)) * _col2) (type: decimal(18,2))
                            outputColumnNames: _col0, _col1, _col2, _col3
                            Statistics: Num rows: 724926652 Data size: 80348511816 Basic stats: COMPLETE Column stats: COMPLETE
                            Group By Operator
                              aggregations: sum(_col3), count()
                              keys: _col0 (type: int), _col1 (type: int), _col2 (type: int)
                              minReductionHashAggr: 0.99
                              mode: hash
                              outputColumnNames: _col0, _col1, _col2, _col3, _col4
                              Statistics: Num rows: 56545434 Data size: 7463996240 Basic stats: COMPLETE Column stats: COMPLETE
                              Reduce Output Operator
                                key expressions: _col0 (type: int), _col1 (type: int), _col2 (type: int)
                                null sort order: zzz
                                sort order: +++
                                Map-reduce partition columns: _col0 (type: int), _col1 (type: int), _col2 (type: int)
                                Statistics: Num rows: 56545434 Data size: 7463996240 Basic stats: COMPLETE Column stats: COMPLETE
                                value expressions: _col3 (type: decimal(28,2)), _col4 (type: bigint)
            Execution mode: vectorized, llap
            LLAP IO: may be used (ACID table)
        Map 22 
            Map Operator Tree:
                TableScan
                  alias: store_sales
                  Statistics: Num rows: 82510879939 Data size: 1320174079024 Basic stats: COMPLETE Column stats: COMPLETE
                  Select Operator
                    expressions: ss_item_sk (type: bigint), ss_sold_date_sk (type: bigint)
                    outputColumnNames: _col0, _col1
                    Statistics: Num rows: 82510879939 Data size: 1320174079024 Basic stats: COMPLETE Column stats: COMPLETE
                    Map Join Operator
                      condition map:
                           Inner Join 0 to 1
                      keys:
                        0 _col1 (type: bigint)
                        1 _col0 (type: bigint)
                      outputColumnNames: _col0
                      input vertices:
                        1 Map 19
                      Statistics: Num rows: 49749852010 Data size: 397998816080 Basic stats: COMPLETE Column stats: COMPLETE
                      Map Join Operator
                        condition map:
                             Inner Join 0 to 1
                        keys:
                          0 _col0 (type: bigint)
                          1 _col0 (type: bigint)
                        outputColumnNames: _col4, _col5, _col6
                        input vertices:
                          1 Map 26
                        Statistics: Num rows: 49385019517 Data size: 592620220724 Basic stats: COMPLETE Column stats: COMPLETE
                        Group By Operator
                          aggregations: count()
                          keys: _col4 (type: int), _col5 (type: int), _col6 (type: int)
                          minReductionHashAggr: 0.99
                          mode: hash
                          outputColumnNames: _col0, _col1, _col2, _col3
                          Statistics: Num rows: 416887515 Data size: 8337750196 Basic stats: COMPLETE Column stats: COMPLETE
                          Reduce Output Operator
                            key expressions: _col0 (type: int), _col1 (type: int), _col2 (type: int)
                            null sort order: zzz
                            sort order: +++
                            Map-reduce partition columns: _col0 (type: int), _col1 (type: int), _col2 (type: int)
                            Statistics: Num rows: 416887515 Data size: 8337750196 Basic stats: COMPLETE Column stats: COMPLETE
                            value expressions: _col3 (type: bigint)
            Execution mode: vectorized, llap
            LLAP IO: may be used (ACID table)
        Map 26 
            Map Operator Tree:
                TableScan
                  alias: iss
                  Statistics: Num rows: 462000 Data size: 9226424 Basic stats: COMPLETE Column stats: COMPLETE
                  Filter Operator
                    predicate: (i_category_id is not null and i_brand_id is not null and i_class_id is not null) (type: boolean)
                    Statistics: Num rows: 458612 Data size: 9158760 Basic stats: COMPLETE Column stats: COMPLETE
                    Select Operator
                      expressions: i_item_sk (type: bigint), i_brand_id (type: int), i_class_id (type: int), i_category_id (type: int)
                      outputColumnNames: _col0, _col1, _col2, _col3
                      Statistics: Num rows: 458612 Data size: 9158760 Basic stats: COMPLETE Column stats: COMPLETE
                      Reduce Output Operator
                        key expressions: _col0 (type: bigint)
                        null sort order: z
                        sort order: +
                        Map-reduce partition columns: _col0 (type: bigint)
                        Statistics: Num rows: 458612 Data size: 9158760 Basic stats: COMPLETE Column stats: COMPLETE
                        value expressions: _col1 (type: int), _col2 (type: int), _col3 (type: int)
                      Reduce Output Operator
                        key expressions: _col1 (type: int), _col2 (type: int), _col3 (type: int)
                        null sort order: zzz
                        sort order: +++
                        Map-reduce partition columns: _col1 (type: int), _col2 (type: int), _col3 (type: int)
                        Statistics: Num rows: 458612 Data size: 9158760 Basic stats: COMPLETE Column stats: COMPLETE
                        value expressions: _col0 (type: bigint)
                      Reduce Output Operator
                        key expressions: _col0 (type: bigint)
                        null sort order: z
                        sort order: +
                        Map-reduce partition columns: _col0 (type: bigint)
                        Statistics: Num rows: 458612 Data size: 9158760 Basic stats: COMPLETE Column stats: COMPLETE
                        value expressions: _col1 (type: int), _col2 (type: int), _col3 (type: int)
                      Reduce Output Operator
                        key expressions: _col0 (type: bigint)
                        null sort order: z
                        sort order: +
                        Map-reduce partition columns: _col0 (type: bigint)
                        Statistics: Num rows: 458612 Data size: 9158760 Basic stats: COMPLETE Column stats: COMPLETE
                        value expressions: _col1 (type: int), _col2 (type: int), _col3 (type: int)
                  Select Operator
                    expressions: i_item_sk (type: bigint), i_brand_id (type: int), i_class_id (type: int), i_category_id (type: int)
                    outputColumnNames: _col0, _col1, _col2, _col3
                    Statistics: Num rows: 462000 Data size: 9226424 Basic stats: COMPLETE Column stats: COMPLETE
                    Reduce Output Operator
                      key expressions: _col0 (type: bigint)
                      null sort order: z
                      sort order: +
                      Map-reduce partition columns: _col0 (type: bigint)
                      Statistics: Num rows: 462000 Data size: 9226424 Basic stats: COMPLETE Column stats: COMPLETE
                      value expressions: _col1 (type: int), _col2 (type: int), _col3 (type: int)
                    Reduce Output Operator
                      key expressions: _col0 (type: bigint)
                      null sort order: z
                      sort order: +
                      Map-reduce partition columns: _col0 (type: bigint)
                      Statistics: Num rows: 462000 Data size: 9226424 Basic stats: COMPLETE Column stats: COMPLETE
                      value expressions: _col1 (type: int), _col2 (type: int), _col3 (type: int)
                    Reduce Output Operator
                      key expressions: _col0 (type: bigint)
                      null sort order: z
                      sort order: +
                      Map-reduce partition columns: _col0 (type: bigint)
                      Statistics: Num rows: 462000 Data size: 9226424 Basic stats: COMPLETE Column stats: COMPLETE
                      value expressions: _col1 (type: int), _col2 (type: int), _col3 (type: int)
            Execution mode: vectorized, llap
            LLAP IO: may be used (ACID table)
        Map 27 
            Map Operator Tree:
                TableScan
                  alias: catalog_sales
                  Statistics: Num rows: 43005109025 Data size: 688081744400 Basic stats: COMPLETE Column stats: COMPLETE
                  Select Operator
                    expressions: cs_item_sk (type: bigint), cs_sold_date_sk (type: bigint)
                    outputColumnNames: _col0, _col1
                    Statistics: Num rows: 43005109025 Data size: 688081744400 Basic stats: COMPLETE Column stats: COMPLETE
                    Map Join Operator
                      condition map:
                           Inner Join 0 to 1
                      keys:
                        0 _col1 (type: bigint)
                        1 _col0 (type: bigint)
                      outputColumnNames: _col0
                      input vertices:
                        1 Map 19
                      Statistics: Num rows: 25746588712 Data size: 205972709696 Basic stats: COMPLETE Column stats: COMPLETE
                      Map Join Operator
                        condition map:
                             Inner Join 0 to 1
                        keys:
                          0 _col0 (type: bigint)
                          1 _col0 (type: bigint)
                        outputColumnNames: _col4, _col5, _col6
                        input vertices:
                          1 Map 26
                        Statistics: Num rows: 25557780268 Data size: 306693349736 Basic stats: COMPLETE Column stats: COMPLETE
                        Group By Operator
                          aggregations: count()
                          keys: _col4 (type: int), _col5 (type: int), _col6 (type: int)
                          minReductionHashAggr: 0.99
                          mode: hash
                          outputColumnNames: _col0, _col1, _col2, _col3
                          Statistics: Num rows: 215917119 Data size: 4318342276 Basic stats: COMPLETE Column stats: COMPLETE
                          Reduce Output Operator
                            key expressions: _col0 (type: int), _col1 (type: int), _col2 (type: int)
                            null sort order: zzz
                            sort order: +++
                            Map-reduce partition columns: _col0 (type: int), _col1 (type: int), _col2 (type: int)
                            Statistics: Num rows: 215917119 Data size: 4318342276 Basic stats: COMPLETE Column stats: COMPLETE
                            value expressions: _col3 (type: bigint)
            Execution mode: vectorized, llap
            LLAP IO: may be used (ACID table)
        Map 29 
            Map Operator Tree:
                TableScan
                  alias: web_sales
                  Statistics: Num rows: 21594638446 Data size: 2850178636132 Basic stats: COMPLETE Column stats: COMPLETE
                  Select Operator
                    expressions: ws_item_sk (type: bigint), ws_quantity (type: int), ws_list_price (type: decimal(7,2)), ws_sold_date_sk (type: bigint)
                    outputColumnNames: _col0, _col1, _col2, _col3
                    Statistics: Num rows: 21594638446 Data size: 2850178636132 Basic stats: COMPLETE Column stats: COMPLETE
                    Map Join Operator
                      condition map:
                           Inner Join 0 to 1
                      keys:
                        0 _col3 (type: bigint)
                        1 _col0 (type: bigint)
                      outputColumnNames: _col0, _col1, _col2
                      input vertices:
                        1 Map 19
                      Statistics: Num rows: 366607110 Data size: 45145642900 Basic stats: COMPLETE Column stats: COMPLETE
                      Map Join Operator
                        condition map:
                             Left Semi Join 0 to 1
                        keys:
                          0 _col0 (type: bigint)
                          1 _col0 (type: bigint)
                        outputColumnNames: _col0, _col1, _col2
                        input vertices:
                          1 Reducer 25
                        Statistics: Num rows: 366607110 Data size: 45145642900 Basic stats: COMPLETE Column stats: COMPLETE
                        Map Join Operator
                          condition map:
                               Inner Join 0 to 1
                          keys:
                            0 _col0 (type: bigint)
                            1 _col0 (type: bigint)
                          outputColumnNames: _col1, _col2, _col8, _col9, _col10
                          input vertices:
                            1 Map 26
                          Statistics: Num rows: 366607110 Data size: 46612057764 Basic stats: COMPLETE Column stats: COMPLETE
                          Select Operator
                            expressions: _col8 (type: int), _col9 (type: int), _col10 (type: int), (CAST( _col1 AS decimal(10,0)) * _col2) (type: decimal(18,2))
                            outputColumnNames: _col0, _col1, _col2, _col3
                            Statistics: Num rows: 366607110 Data size: 46612057764 Basic stats: COMPLETE Column stats: COMPLETE
                            Group By Operator
                              aggregations: sum(_col3), count()
                              keys: _col0 (type: int), _col1 (type: int), _col2 (type: int)
                              minReductionHashAggr: 0.99
                              mode: hash
                              outputColumnNames: _col0, _col1, _col2, _col3, _col4
                              Statistics: Num rows: 32954823 Data size: 4350035428 Basic stats: COMPLETE Column stats: COMPLETE
                              Reduce Output Operator
                                key expressions: _col0 (type: int), _col1 (type: int), _col2 (type: int)
                                null sort order: zzz
                                sort order: +++
                                Map-reduce partition columns: _col0 (type: int), _col1 (type: int), _col2 (type: int)
                                Statistics: Num rows: 32954823 Data size: 4350035428 Basic stats: COMPLETE Column stats: COMPLETE
                                value expressions: _col3 (type: decimal(28,2)), _col4 (type: bigint)
            Execution mode: vectorized, llap
            LLAP IO: may be used (ACID table)
        Map 31 
            Map Operator Tree:
                TableScan
                  alias: web_sales
                  Statistics: Num rows: 21594638446 Data size: 345514215136 Basic stats: COMPLETE Column stats: COMPLETE
                  Select Operator
                    expressions: ws_item_sk (type: bigint), ws_sold_date_sk (type: bigint)
                    outputColumnNames: _col0, _col1
                    Statistics: Num rows: 21594638446 Data size: 345514215136 Basic stats: COMPLETE Column stats: COMPLETE
                    Map Join Operator
                      condition map:
                           Inner Join 0 to 1
                      keys:
                        0 _col1 (type: bigint)
                        1 _col0 (type: bigint)
                      outputColumnNames: _col0
                      input vertices:
                        1 Map 19
                      Statistics: Num rows: 13020465516 Data size: 104163724128 Basic stats: COMPLETE Column stats: COMPLETE
                      Map Join Operator
                        condition map:
                             Inner Join 0 to 1
                        keys:
                          0 _col0 (type: bigint)
                          1 _col0 (type: bigint)
                        outputColumnNames: _col4, _col5, _col6
                        input vertices:
                          1 Map 26
                        Statistics: Num rows: 12924982039 Data size: 155099770988 Basic stats: COMPLETE Column stats: COMPLETE
                        Group By Operator
                          aggregations: count()
                          keys: _col4 (type: int), _col5 (type: int), _col6 (type: int)
                          minReductionHashAggr: 0.99
                          mode: hash
                          outputColumnNames: _col0, _col1, _col2, _col3
                          Statistics: Num rows: 109129086 Data size: 2182581616 Basic stats: COMPLETE Column stats: COMPLETE
                          Reduce Output Operator
                            key expressions: _col0 (type: int), _col1 (type: int), _col2 (type: int)
                            null sort order: zzz
                            sort order: +++
                            Map-reduce partition columns: _col0 (type: int), _col1 (type: int), _col2 (type: int)
                            Statistics: Num rows: 109129086 Data size: 2182581616 Basic stats: COMPLETE Column stats: COMPLETE
                            value expressions: _col3 (type: bigint)
            Execution mode: vectorized, llap
            LLAP IO: may be used (ACID table)
        Map 9 
            Map Operator Tree:
                TableScan
                  alias: avg_sales
                  Statistics: Num rows: 1 Data size: 112 Basic stats: COMPLETE Column stats: COMPLETE
                  Select Operator
                    Statistics: Num rows: 1 Data size: 112 Basic stats: COMPLETE Column stats: COMPLETE
                    Group By Operator
                      aggregations: count()
                      minReductionHashAggr: 0.4
                      mode: hash
                      outputColumnNames: _col0
                      Statistics: Num rows: 1 Data size: 8 Basic stats: COMPLETE Column stats: COMPLETE
                      Reduce Output Operator
                        null sort order: 
                        sort order: 
                        Statistics: Num rows: 1 Data size: 8 Basic stats: COMPLETE Column stats: COMPLETE
                        value expressions: _col0 (type: bigint)
                  Filter Operator
                    predicate: average_sales is not null (type: boolean)
                    Statistics: Num rows: 1 Data size: 112 Basic stats: COMPLETE Column stats: COMPLETE
                    Select Operator
                      expressions: average_sales (type: decimal(22,6))
                      outputColumnNames: _col0
                      Statistics: Num rows: 1 Data size: 112 Basic stats: COMPLETE Column stats: COMPLETE
                      Reduce Output Operator
                        null sort order: 
                        sort order: 
                        Statistics: Num rows: 1 Data size: 112 Basic stats: COMPLETE Column stats: COMPLETE
                        value expressions: _col0 (type: decimal(22,6))
            Execution mode: vectorized, llap
            LLAP IO: all inputs
        Reducer 10 
            Execution mode: vectorized, llap
            Reduce Operator Tree:
              Group By Operator
                aggregations: count(VALUE._col0)
                mode: mergepartial
                outputColumnNames: _col0
                Statistics: Num rows: 1 Data size: 8 Basic stats: COMPLETE Column stats: COMPLETE
                Filter Operator
                  predicate: sq_count_check(_col0) (type: boolean)
                  Statistics: Num rows: 1 Data size: 8 Basic stats: COMPLETE Column stats: COMPLETE
                  Select Operator
                    Statistics: Num rows: 1 Data size: 8 Basic stats: COMPLETE Column stats: COMPLETE
                    Map Join Operator
                      condition map:
                           Inner Join 0 to 1
                      keys:
                        0 
                        1 
                      outputColumnNames: _col1
                      input vertices:
                        1 Reducer 13
                      Statistics: Num rows: 1 Data size: 112 Basic stats: COMPLETE Column stats: COMPLETE
                      Reduce Output Operator
                        null sort order: 
                        sort order: 
                        Statistics: Num rows: 1 Data size: 112 Basic stats: COMPLETE Column stats: COMPLETE
                        value expressions: _col1 (type: decimal(22,6))
                      Reduce Output Operator
                        null sort order: 
                        sort order: 
                        Statistics: Num rows: 1 Data size: 112 Basic stats: COMPLETE Column stats: COMPLETE
                        value expressions: _col1 (type: decimal(22,6))
                      Reduce Output Operator
                        null sort order: 
                        sort order: 
                        Statistics: Num rows: 1 Data size: 112 Basic stats: COMPLETE Column stats: COMPLETE
                        value expressions: _col1 (type: decimal(22,6))
        Reducer 11 
            Execution mode: vectorized, llap
            Reduce Operator Tree:
              Select Operator
                expressions: VALUE._col1 (type: decimal(22,6))
                outputColumnNames: _col1
                Reduce Output Operator
                  null sort order: 
                  sort order: 
                  Statistics: Num rows: 1 Data size: 112 Basic stats: COMPLETE Column stats: COMPLETE
                  value expressions: _col1 (type: decimal(22,6))
        Reducer 12 
            Execution mode: vectorized, llap
            Reduce Operator Tree:
              Select Operator
                expressions: VALUE._col1 (type: decimal(22,6))
                outputColumnNames: _col1
                Reduce Output Operator
                  null sort order: 
                  sort order: 
                  Statistics: Num rows: 1 Data size: 112 Basic stats: COMPLETE Column stats: COMPLETE
                  value expressions: _col1 (type: decimal(22,6))
        Reducer 13 
            Execution mode: vectorized, llap
            Reduce Operator Tree:
              Select Operator
                expressions: VALUE._col0 (type: decimal(22,6))
                outputColumnNames: _col0
                Reduce Output Operator
                  null sort order: 
                  sort order: 
                  Statistics: Num rows: 1 Data size: 112 Basic stats: COMPLETE Column stats: COMPLETE
                  value expressions: _col0 (type: decimal(22,6))
        Reducer 15 
            Execution mode: vectorized, llap
            Reduce Operator Tree:
              Group By Operator
                aggregations: sum(VALUE._col0), count(VALUE._col1)
                keys: KEY._col0 (type: int), KEY._col1 (type: int), KEY._col2 (type: int)
                mode: mergepartial
                outputColumnNames: _col0, _col1, _col2, _col3, _col4
                Statistics: Num rows: 180081 Data size: 23770692 Basic stats: COMPLETE Column stats: COMPLETE
                Filter Operator
                  predicate: _col3 is not null (type: boolean)
                  Statistics: Num rows: 180081 Data size: 23770692 Basic stats: COMPLETE Column stats: COMPLETE
                  Map Join Operator
                    condition map:
                         Inner Join 0 to 1
                    keys:
                      0 
                      1 
                    outputColumnNames: _col1, _col2, _col3, _col4, _col5, _col6
                    input vertices:
                      0 Reducer 11
                    Statistics: Num rows: 180081 Data size: 43939764 Basic stats: COMPLETE Column stats: COMPLETE
                    Filter Operator
                      predicate: (_col5 > _col1) (type: boolean)
                      Statistics: Num rows: 60027 Data size: 14646588 Basic stats: COMPLETE Column stats: COMPLETE
                      Select Operator
                        expressions: 'store' (type: string), _col2 (type: int), _col3 (type: int), _col4 (type: int), _col5 (type: decimal(28,2)), _col6 (type: bigint)
                        outputColumnNames: _col0, _col1, _col2, _col3, _col4, _col5
                        Statistics: Num rows: 60027 Data size: 13265967 Basic stats: COMPLETE Column stats: COMPLETE
                        Top N Key Operator
                          sort order: ++++
                          keys: _col0 (type: string), _col1 (type: int), _col2 (type: int), _col3 (type: int)
                          null sort order: zzzz
                          Statistics: Num rows: 180081 Data size: 39797901 Basic stats: COMPLETE Column stats: COMPLETE
                          top n: 100
                          Group By Operator
                            aggregations: sum(_col4), sum(_col5)
                            keys: _col0 (type: string), _col1 (type: int), _col2 (type: int), _col3 (type: int), 0L (type: bigint)
                            grouping sets: 0, 1, 3, 7, 15
                            minReductionHashAggr: 0.962006
                            mode: hash
                            outputColumnNames: _col0, _col1, _col2, _col3, _col4, _col5, _col6
                            Statistics: Num rows: 450202 Data size: 103996662 Basic stats: COMPLETE Column stats: COMPLETE
                            Reduce Output Operator
                              key expressions: _col0 (type: string), _col1 (type: int), _col2 (type: int), _col3 (type: int), _col4 (type: bigint)
                              null sort order: zzzzz
                              sort order: +++++
                              Map-reduce partition columns: _col0 (type: string), _col1 (type: int), _col2 (type: int), _col3 (type: int), _col4 (type: bigint)
                              Statistics: Num rows: 450202 Data size: 103996662 Basic stats: COMPLETE Column stats: COMPLETE
                              value expressions: _col5 (type: decimal(38,2)), _col6 (type: bigint)
        Reducer 17 
            Execution mode: vectorized, llap
            Reduce Operator Tree:
              Group By Operator
                aggregations: sum(VALUE._col0), sum(VALUE._col1)
                keys: KEY._col0 (type: string), KEY._col1 (type: int), KEY._col2 (type: int), KEY._col3 (type: int), KEY._col4 (type: bigint)
                mode: mergepartial
                outputColumnNames: _col0, _col1, _col2, _col3, _col5, _col6
                Statistics: Num rows: 450202 Data size: 103996662 Basic stats: COMPLETE Column stats: COMPLETE
                pruneGroupingSetId: true
                Select Operator
                  expressions: _col0 (type: string), _col1 (type: int), _col2 (type: int), _col3 (type: int), _col5 (type: decimal(38,2)), _col6 (type: bigint)
                  outputColumnNames: _col0, _col1, _col2, _col3, _col4, _col5
                  Statistics: Num rows: 450202 Data size: 100395046 Basic stats: COMPLETE Column stats: COMPLETE
                  Reduce Output Operator
                    key expressions: _col0 (type: string), _col1 (type: int), _col2 (type: int), _col3 (type: int)
                    null sort order: zzzz
                    sort order: ++++
                    Statistics: Num rows: 450202 Data size: 100395046 Basic stats: COMPLETE Column stats: COMPLETE
                    value expressions: _col4 (type: decimal(38,2)), _col5 (type: bigint)
        Reducer 18 
            Execution mode: vectorized, llap
            Reduce Operator Tree:
              Select Operator
                expressions: KEY.reducesinkkey0 (type: string), KEY.reducesinkkey1 (type: int), KEY.reducesinkkey2 (type: int), KEY.reducesinkkey3 (type: int), VALUE._col0 (type: decimal(38,2)), VALUE._col1 (type: bigint)
                outputColumnNames: _col0, _col1, _col2, _col3, _col4, _col5
                Statistics: Num rows: 450202 Data size: 100395046 Basic stats: COMPLETE Column stats: COMPLETE
                Limit
                  Number of rows: 100
                  Statistics: Num rows: 100 Data size: 22300 Basic stats: COMPLETE Column stats: COMPLETE
                  File Output Operator
                    compressed: false
                    Statistics: Num rows: 100 Data size: 22300 Basic stats: COMPLETE Column stats: COMPLETE
                    table:
                        input format: org.apache.hadoop.mapred.SequenceFileInputFormat
                        output format: org.apache.hadoop.hive.ql.io.HiveSequenceFileOutputFormat
                        serde: org.apache.hadoop.hive.serde2.lazy.LazySimpleSerDe
        Reducer 21 
            Execution mode: vectorized, llap
            Reduce Operator Tree:
              Group By Operator
                aggregations: sum(VALUE._col0), count(VALUE._col1)
                keys: KEY._col0 (type: int), KEY._col1 (type: int), KEY._col2 (type: int)
                mode: mergepartial
                outputColumnNames: _col0, _col1, _col2, _col3, _col4
                Statistics: Num rows: 180081 Data size: 23770692 Basic stats: COMPLETE Column stats: COMPLETE
                Filter Operator
                  predicate: _col3 is not null (type: boolean)
                  Statistics: Num rows: 180081 Data size: 23770692 Basic stats: COMPLETE Column stats: COMPLETE
                  Map Join Operator
                    condition map:
                         Inner Join 0 to 1
                    keys:
                      0 
                      1 
                    outputColumnNames: _col1, _col2, _col3, _col4, _col5, _col6
                    input vertices:
                      0 Reducer 12
                    Statistics: Num rows: 180081 Data size: 43939764 Basic stats: COMPLETE Column stats: COMPLETE
                    Filter Operator
                      predicate: (_col5 > _col1) (type: boolean)
                      Statistics: Num rows: 60027 Data size: 14646588 Basic stats: COMPLETE Column stats: COMPLETE
                      Select Operator
                        expressions: 'catalog' (type: string), _col2 (type: int), _col3 (type: int), _col4 (type: int), _col5 (type: decimal(28,2)), _col6 (type: bigint)
                        outputColumnNames: _col0, _col1, _col2, _col3, _col4, _col5
                        Statistics: Num rows: 60027 Data size: 13386021 Basic stats: COMPLETE Column stats: COMPLETE
                        Top N Key Operator
                          sort order: ++++
                          keys: _col0 (type: string), _col1 (type: int), _col2 (type: int), _col3 (type: int)
                          null sort order: zzzz
                          Statistics: Num rows: 180081 Data size: 39797901 Basic stats: COMPLETE Column stats: COMPLETE
                          top n: 100
                          Group By Operator
                            aggregations: sum(_col4), sum(_col5)
                            keys: _col0 (type: string), _col1 (type: int), _col2 (type: int), _col3 (type: int), 0L (type: bigint)
                            grouping sets: 0, 1, 3, 7, 15
                            minReductionHashAggr: 0.962006
                            mode: hash
                            outputColumnNames: _col0, _col1, _col2, _col3, _col4, _col5, _col6
                            Statistics: Num rows: 450202 Data size: 103996662 Basic stats: COMPLETE Column stats: COMPLETE
                            Reduce Output Operator
                              key expressions: _col0 (type: string), _col1 (type: int), _col2 (type: int), _col3 (type: int), _col4 (type: bigint)
                              null sort order: zzzzz
                              sort order: +++++
                              Map-reduce partition columns: _col0 (type: string), _col1 (type: int), _col2 (type: int), _col3 (type: int), _col4 (type: bigint)
                              Statistics: Num rows: 450202 Data size: 103996662 Basic stats: COMPLETE Column stats: COMPLETE
                              value expressions: _col5 (type: decimal(38,2)), _col6 (type: bigint)
        Reducer 23 
            Execution mode: vectorized, llap
            Reduce Operator Tree:
              Group By Operator
                aggregations: count(VALUE._col0)
                keys: KEY._col0 (type: int), KEY._col1 (type: int), KEY._col2 (type: int)
                mode: mergepartial
                outputColumnNames: _col0, _col1, _col2, _col3
                Statistics: Num rows: 180081 Data size: 3601620 Basic stats: COMPLETE Column stats: COMPLETE
                Group By Operator
                  aggregations: count(_col3)
                  keys: _col0 (type: int), _col1 (type: int), _col2 (type: int)
                  minReductionHashAggr: 0.9873353
                  mode: hash
                  outputColumnNames: _col0, _col1, _col2, _col3
                  Statistics: Num rows: 153920 Data size: 3078400 Basic stats: COMPLETE Column stats: COMPLETE
                  Reduce Output Operator
                    key expressions: _col0 (type: int), _col1 (type: int), _col2 (type: int)
                    null sort order: zzz
                    sort order: +++
                    Map-reduce partition columns: _col0 (type: int), _col1 (type: int), _col2 (type: int)
                    Statistics: Num rows: 153920 Data size: 3078400 Basic stats: COMPLETE Column stats: COMPLETE
                    value expressions: _col3 (type: bigint)
        Reducer 25 
            Execution mode: vectorized, llap
            Reduce Operator Tree:
              Group By Operator
                aggregations: count(VALUE._col0)
                keys: KEY._col0 (type: int), KEY._col1 (type: int), KEY._col2 (type: int)
                mode: mergepartial
                outputColumnNames: _col0, _col1, _col2, _col3
                Statistics: Num rows: 153920 Data size: 3078400 Basic stats: COMPLETE Column stats: COMPLETE
                Filter Operator
                  predicate: (_col3 = 3L) (type: boolean)
                  Statistics: Num rows: 1 Data size: 20 Basic stats: COMPLETE Column stats: COMPLETE
                  Select Operator
                    expressions: _col0 (type: int), _col1 (type: int), _col2 (type: int)
                    outputColumnNames: _col0, _col1, _col2
                    Statistics: Num rows: 1 Data size: 12 Basic stats: COMPLETE Column stats: COMPLETE
                    Map Join Operator
                      condition map:
                           Inner Join 0 to 1
                      keys:
                        0 _col1 (type: int), _col2 (type: int), _col3 (type: int)
                        1 _col0 (type: int), _col1 (type: int), _col2 (type: int)
                      outputColumnNames: _col0
                      input vertices:
                        0 Map 26
                      Statistics: Num rows: 476 Data size: 3808 Basic stats: COMPLETE Column stats: COMPLETE
                      Group By Operator
                        keys: _col0 (type: bigint)
                        minReductionHashAggr: 0.4
                        mode: hash
                        outputColumnNames: _col0
                        Statistics: Num rows: 477 Data size: 3816 Basic stats: COMPLETE Column stats: COMPLETE
                        Reduce Output Operator
                          key expressions: _col0 (type: bigint)
                          null sort order: z
                          sort order: +
                          Map-reduce partition columns: _col0 (type: bigint)
                          Statistics: Num rows: 477 Data size: 3816 Basic stats: COMPLETE Column stats: COMPLETE
                        Reduce Output Operator
                          key expressions: _col0 (type: bigint)
                          null sort order: z
                          sort order: +
                          Map-reduce partition columns: _col0 (type: bigint)
                          Statistics: Num rows: 477 Data size: 3816 Basic stats: COMPLETE Column stats: COMPLETE
                        Reduce Output Operator
                          key expressions: _col0 (type: bigint)
                          null sort order: z
                          sort order: +
                          Map-reduce partition columns: _col0 (type: bigint)
                          Statistics: Num rows: 477 Data size: 3816 Basic stats: COMPLETE Column stats: COMPLETE
        Reducer 28 
            Execution mode: vectorized, llap
            Reduce Operator Tree:
              Group By Operator
                aggregations: count(VALUE._col0)
                keys: KEY._col0 (type: int), KEY._col1 (type: int), KEY._col2 (type: int)
                mode: mergepartial
                outputColumnNames: _col0, _col1, _col2, _col3
                Statistics: Num rows: 180081 Data size: 3601620 Basic stats: COMPLETE Column stats: COMPLETE
                Group By Operator
                  aggregations: count(_col3)
                  keys: _col0 (type: int), _col1 (type: int), _col2 (type: int)
                  minReductionHashAggr: 0.9873353
                  mode: hash
                  outputColumnNames: _col0, _col1, _col2, _col3
                  Statistics: Num rows: 153920 Data size: 3078400 Basic stats: COMPLETE Column stats: COMPLETE
                  Reduce Output Operator
                    key expressions: _col0 (type: int), _col1 (type: int), _col2 (type: int)
                    null sort order: zzz
                    sort order: +++
                    Map-reduce partition columns: _col0 (type: int), _col1 (type: int), _col2 (type: int)
                    Statistics: Num rows: 153920 Data size: 3078400 Basic stats: COMPLETE Column stats: COMPLETE
                    value expressions: _col3 (type: bigint)
        Reducer 30 
            Execution mode: vectorized, llap
            Reduce Operator Tree:
              Group By Operator
                aggregations: sum(VALUE._col0), count(VALUE._col1)
                keys: KEY._col0 (type: int), KEY._col1 (type: int), KEY._col2 (type: int)
                mode: mergepartial
                outputColumnNames: _col0, _col1, _col2, _col3, _col4
                Statistics: Num rows: 180081 Data size: 23770692 Basic stats: COMPLETE Column stats: COMPLETE
                Filter Operator
                  predicate: _col3 is not null (type: boolean)
                  Statistics: Num rows: 180081 Data size: 23770692 Basic stats: COMPLETE Column stats: COMPLETE
                  Map Join Operator
                    condition map:
                         Inner Join 0 to 1
                    keys:
                      0 
                      1 
                    outputColumnNames: _col1, _col2, _col3, _col4, _col5, _col6
                    input vertices:
                      0 Reducer 10
                    Statistics: Num rows: 180081 Data size: 43939764 Basic stats: COMPLETE Column stats: COMPLETE
                    Filter Operator
                      predicate: (_col5 > _col1) (type: boolean)
                      Statistics: Num rows: 60027 Data size: 14646588 Basic stats: COMPLETE Column stats: COMPLETE
                      Select Operator
                        expressions: 'web' (type: string), _col2 (type: int), _col3 (type: int), _col4 (type: int), _col5 (type: decimal(28,2)), _col6 (type: bigint)
                        outputColumnNames: _col0, _col1, _col2, _col3, _col4, _col5
                        Statistics: Num rows: 60027 Data size: 13145913 Basic stats: COMPLETE Column stats: COMPLETE
                        Top N Key Operator
                          sort order: ++++
                          keys: _col0 (type: string), _col1 (type: int), _col2 (type: int), _col3 (type: int)
                          null sort order: zzzz
                          Statistics: Num rows: 180081 Data size: 39797901 Basic stats: COMPLETE Column stats: COMPLETE
                          top n: 100
                          Group By Operator
                            aggregations: sum(_col4), sum(_col5)
                            keys: _col0 (type: string), _col1 (type: int), _col2 (type: int), _col3 (type: int), 0L (type: bigint)
                            grouping sets: 0, 1, 3, 7, 15
                            minReductionHashAggr: 0.962006
                            mode: hash
                            outputColumnNames: _col0, _col1, _col2, _col3, _col4, _col5, _col6
                            Statistics: Num rows: 450202 Data size: 103996662 Basic stats: COMPLETE Column stats: COMPLETE
                            Reduce Output Operator
                              key expressions: _col0 (type: string), _col1 (type: int), _col2 (type: int), _col3 (type: int), _col4 (type: bigint)
                              null sort order: zzzzz
                              sort order: +++++
                              Map-reduce partition columns: _col0 (type: string), _col1 (type: int), _col2 (type: int), _col3 (type: int), _col4 (type: bigint)
                              Statistics: Num rows: 450202 Data size: 103996662 Basic stats: COMPLETE Column stats: COMPLETE
                              value expressions: _col5 (type: decimal(38,2)), _col6 (type: bigint)
        Reducer 32 
            Execution mode: vectorized, llap
            Reduce Operator Tree:
              Group By Operator
                aggregations: count(VALUE._col0)
                keys: KEY._col0 (type: int), KEY._col1 (type: int), KEY._col2 (type: int)
                mode: mergepartial
                outputColumnNames: _col0, _col1, _col2, _col3
                Statistics: Num rows: 180081 Data size: 3601620 Basic stats: COMPLETE Column stats: COMPLETE
                Group By Operator
                  aggregations: count(_col3)
                  keys: _col0 (type: int), _col1 (type: int), _col2 (type: int)
                  minReductionHashAggr: 0.9873353
                  mode: hash
                  outputColumnNames: _col0, _col1, _col2, _col3
                  Statistics: Num rows: 153920 Data size: 3078400 Basic stats: COMPLETE Column stats: COMPLETE
                  Reduce Output Operator
                    key expressions: _col0 (type: int), _col1 (type: int), _col2 (type: int)
                    null sort order: zzz
                    sort order: +++
                    Map-reduce partition columns: _col0 (type: int), _col1 (type: int), _col2 (type: int)
                    Statistics: Num rows: 153920 Data size: 3078400 Basic stats: COMPLETE Column stats: COMPLETE
                    value expressions: _col3 (type: bigint)
        Union 16 
            Vertex: Union 16
        Union 24 
            Vertex: Union 24

  Stage: Stage-0
    Move Operator
      files:
          hdfs directory: true
#### A masked pattern was here ####

  Stage: Stage-3
    Fetch Operator
      limit: 100
      Processor Tree:
        ListSink

