STAGE DEPENDENCIES:
  Stage-1 is a root stage
  Stage-0 depends on stages: Stage-1

STAGE PLANS:
  Stage: Stage-1
    Tez
#### A masked pattern was here ####
      Edges:
        Map 1 <- Map 16 (BROADCAST_EDGE), Map 20 (BROADCAST_EDGE), Reducer 17 (BROADCAST_EDGE), Reducer 21 (BROADCAST_EDGE)
        Map 24 <- Reducer 15 (BROADCAST_EDGE), Reducer 9 (BROADCAST_EDGE)
        Map 25 <- Map 16 (BROADCAST_EDGE), Map 20 (BROADCAST_EDGE), Reducer 18 (BROADCAST_EDGE), Reducer 22 (BROADCAST_EDGE)
        Map 30 <- Reducer 27 (BROADCAST_EDGE), Reducer 29 (BROADCAST_EDGE)
        Map 31 <- Map 16 (BROADCAST_EDGE), Map 20 (BROADCAST_EDGE), Reducer 19 (BROADCAST_EDGE), Reducer 23 (BROADCAST_EDGE)
        Map 36 <- Reducer 33 (BROADCAST_EDGE), Reducer 35 (BROADCAST_EDGE)
        Reducer 10 <- Map 1 (CUSTOM_SIMPLE_EDGE), Map 24 (CUSTOM_SIMPLE_EDGE), Union 11 (CONTAINS)
        Reducer 12 <- Union 11 (SIMPLE_EDGE), Union 13 (CONTAINS)
        Reducer 14 <- Union 13 (SIMPLE_EDGE)
        Reducer 15 <- Map 1 (CUSTOM_SIMPLE_EDGE)
        Reducer 17 <- Map 16 (SIMPLE_EDGE)
        Reducer 18 <- Map 16 (SIMPLE_EDGE)
        Reducer 19 <- Map 16 (SIMPLE_EDGE)
        Reducer 2 <- Map 1 (CUSTOM_SIMPLE_EDGE), Map 24 (CUSTOM_SIMPLE_EDGE), Union 3 (CONTAINS)
        Reducer 21 <- Map 20 (SIMPLE_EDGE)
        Reducer 22 <- Map 20 (SIMPLE_EDGE)
        Reducer 23 <- Map 20 (SIMPLE_EDGE)
        Reducer 26 <- Map 25 (CUSTOM_SIMPLE_EDGE), Map 30 (CUSTOM_SIMPLE_EDGE), Union 3 (CONTAINS)
        Reducer 27 <- Map 25 (CUSTOM_SIMPLE_EDGE)
        Reducer 28 <- Map 25 (CUSTOM_SIMPLE_EDGE), Map 30 (CUSTOM_SIMPLE_EDGE), Union 11 (CONTAINS)
        Reducer 29 <- Map 25 (CUSTOM_SIMPLE_EDGE)
        Reducer 32 <- Map 31 (CUSTOM_SIMPLE_EDGE), Map 36 (CUSTOM_SIMPLE_EDGE), Union 5 (CONTAINS)
        Reducer 33 <- Map 31 (CUSTOM_SIMPLE_EDGE)
        Reducer 34 <- Map 31 (CUSTOM_SIMPLE_EDGE), Map 36 (CUSTOM_SIMPLE_EDGE), Union 13 (CONTAINS)
        Reducer 35 <- Map 31 (CUSTOM_SIMPLE_EDGE)
        Reducer 4 <- Union 3 (SIMPLE_EDGE), Union 5 (CONTAINS)
        Reducer 6 <- Union 5 (SIMPLE_EDGE)
        Reducer 7 <- Reducer 14 (CUSTOM_SIMPLE_EDGE), Reducer 6 (CUSTOM_SIMPLE_EDGE)
        Reducer 8 <- Reducer 7 (SIMPLE_EDGE)
        Reducer 9 <- Map 1 (CUSTOM_SIMPLE_EDGE)
#### A masked pattern was here ####
      Vertices:
        Map 1 
            Map Operator Tree:
                TableScan
                  alias: catalog_sales
                  Statistics: Num rows: 43005109025 Data size: 6008237430060 Basic stats: COMPLETE Column stats: COMPLETE
                  Select Operator
                    expressions: cs_item_sk (type: bigint), cs_order_number (type: bigint), cs_quantity (type: int), cs_ext_sales_price (type: decimal(7,2)), cs_sold_date_sk (type: bigint)
                    outputColumnNames: _col0, _col1, _col2, _col3, _col4
                    Statistics: Num rows: 43005109025 Data size: 6008237430060 Basic stats: COMPLETE Column stats: COMPLETE
                    Map Join Operator
                      condition map:
                           Inner Join 0 to 1
                      keys:
                        0 _col4 (type: bigint)
                        1 _col0 (type: bigint)
                      outputColumnNames: _col0, _col1, _col2, _col3
                      input vertices:
                        1 Reducer 17
                      Statistics: Num rows: 8582195972 Data size: 1120372034864 Basic stats: COMPLETE Column stats: COMPLETE
                      Map Join Operator
                        condition map:
                             Inner Join 0 to 1
                        keys:
                          0 _col0 (type: bigint)
                          1 _col0 (type: bigint)
                        outputColumnNames: _col0, _col1, _col2, _col3, _col7, _col8, _col9, _col10
                        input vertices:
                          1 Reducer 21
                        Statistics: Num rows: 772490513 Data size: 101850760856 Basic stats: COMPLETE Column stats: COMPLETE
                        Reduce Output Operator
                          key expressions: _col0 (type: bigint), _col1 (type: bigint)
                          null sort order: zz
                          sort order: ++
                          Map-reduce partition columns: _col0 (type: bigint), _col1 (type: bigint)
                          Statistics: Num rows: 772490513 Data size: 101850760856 Basic stats: COMPLETE Column stats: COMPLETE
                          value expressions: _col2 (type: int), _col3 (type: decimal(7,2)), _col7 (type: int), _col8 (type: int), _col9 (type: int), _col10 (type: int)
                        Select Operator
                          expressions: _col0 (type: bigint), _col1 (type: bigint), hash(_col0,_col1) (type: int)
                          outputColumnNames: _col0, _col1, _col3
                          Statistics: Num rows: 772490513 Data size: 15449810260 Basic stats: COMPLETE Column stats: COMPLETE
                          Group By Operator
                            aggregations: min(_col0), max(_col0), min(_col1), max(_col1), bloom_filter(_col3, expectedEntries=1000000)
                            minReductionHashAggr: 0.99
                            mode: hash
                            outputColumnNames: _col0, _col1, _col2, _col3, _col4
                            Statistics: Num rows: 1 Data size: 176 Basic stats: COMPLETE Column stats: COMPLETE
                            Reduce Output Operator
                              null sort order: 
                              sort order: 
                              Statistics: Num rows: 1 Data size: 176 Basic stats: COMPLETE Column stats: COMPLETE
                              value expressions: _col0 (type: bigint), _col1 (type: bigint), _col2 (type: bigint), _col3 (type: bigint), _col4 (type: binary)
                    Map Join Operator
                      condition map:
                           Inner Join 0 to 1
                      keys:
                        0 _col4 (type: bigint)
                        1 _col0 (type: bigint)
                      outputColumnNames: _col0, _col1, _col2, _col3
                      input vertices:
                        1 Map 16
                      Statistics: Num rows: 8582195972 Data size: 1120372034864 Basic stats: COMPLETE Column stats: COMPLETE
                      Map Join Operator
                        condition map:
                             Inner Join 0 to 1
                        keys:
                          0 _col0 (type: bigint)
                          1 _col0 (type: bigint)
                        outputColumnNames: _col0, _col1, _col2, _col3, _col7, _col8, _col9, _col10
                        input vertices:
                          1 Map 20
                        Statistics: Num rows: 772490513 Data size: 101850760856 Basic stats: COMPLETE Column stats: COMPLETE
                        Reduce Output Operator
                          key expressions: _col0 (type: bigint), _col1 (type: bigint)
                          null sort order: zz
                          sort order: ++
                          Map-reduce partition columns: _col0 (type: bigint), _col1 (type: bigint)
                          Statistics: Num rows: 772490513 Data size: 101850760856 Basic stats: COMPLETE Column stats: COMPLETE
                          value expressions: _col2 (type: int), _col3 (type: decimal(7,2)), _col7 (type: int), _col8 (type: int), _col9 (type: int), _col10 (type: int)
                        Select Operator
                          expressions: _col0 (type: bigint), _col1 (type: bigint), hash(_col0,_col1) (type: int)
                          outputColumnNames: _col0, _col1, _col3
                          Statistics: Num rows: 772490513 Data size: 15449810260 Basic stats: COMPLETE Column stats: COMPLETE
                          Group By Operator
                            aggregations: min(_col0), max(_col0), min(_col1), max(_col1), bloom_filter(_col3, expectedEntries=1000000)
                            minReductionHashAggr: 0.99
                            mode: hash
                            outputColumnNames: _col0, _col1, _col2, _col3, _col4
                            Statistics: Num rows: 1 Data size: 176 Basic stats: COMPLETE Column stats: COMPLETE
                            Reduce Output Operator
                              null sort order: 
                              sort order: 
                              Statistics: Num rows: 1 Data size: 176 Basic stats: COMPLETE Column stats: COMPLETE
                              value expressions: _col0 (type: bigint), _col1 (type: bigint), _col2 (type: bigint), _col3 (type: bigint), _col4 (type: binary)
            Execution mode: vectorized, llap
            LLAP IO: may be used (ACID table)
        Map 16 
            Map Operator Tree:
                TableScan
                  alias: date_dim
                  filterExpr: ((d_year = 2001) or (d_year = 2002)) (type: boolean)
                  Statistics: Num rows: 73049 Data size: 876588 Basic stats: COMPLETE Column stats: COMPLETE
                  Filter Operator
                    predicate: (d_year = 2001) (type: boolean)
                    Statistics: Num rows: 367 Data size: 4404 Basic stats: COMPLETE Column stats: COMPLETE
                    Select Operator
                      expressions: d_date_sk (type: bigint)
                      outputColumnNames: _col0
                      Statistics: Num rows: 367 Data size: 2936 Basic stats: COMPLETE Column stats: COMPLETE
                      Reduce Output Operator
                        key expressions: _col0 (type: bigint)
                        null sort order: z
                        sort order: +
                        Map-reduce partition columns: _col0 (type: bigint)
                        Statistics: Num rows: 367 Data size: 2936 Basic stats: COMPLETE Column stats: COMPLETE
                      Select Operator
                        expressions: _col0 (type: bigint)
                        outputColumnNames: _col0
                        Statistics: Num rows: 367 Data size: 2936 Basic stats: COMPLETE Column stats: COMPLETE
                        Group By Operator
                          keys: _col0 (type: bigint)
                          minReductionHashAggr: 0.5013624
                          mode: hash
                          outputColumnNames: _col0
                          Statistics: Num rows: 183 Data size: 1464 Basic stats: COMPLETE Column stats: COMPLETE
                          Dynamic Partitioning Event Operator
                            Target column: cs_sold_date_sk (bigint)
                            Target Input: catalog_sales
                            Partition key expr: cs_sold_date_sk
                            Statistics: Num rows: 183 Data size: 1464 Basic stats: COMPLETE Column stats: COMPLETE
                            Target Vertex: Map 1
                      Reduce Output Operator
                        key expressions: _col0 (type: bigint)
                        null sort order: z
                        sort order: +
                        Map-reduce partition columns: _col0 (type: bigint)
                        Statistics: Num rows: 367 Data size: 2936 Basic stats: COMPLETE Column stats: COMPLETE
                      Select Operator
                        expressions: _col0 (type: bigint)
                        outputColumnNames: _col0
                        Statistics: Num rows: 367 Data size: 2936 Basic stats: COMPLETE Column stats: COMPLETE
                        Group By Operator
                          keys: _col0 (type: bigint)
                          minReductionHashAggr: 0.5013624
                          mode: hash
                          outputColumnNames: _col0
                          Statistics: Num rows: 183 Data size: 1464 Basic stats: COMPLETE Column stats: COMPLETE
                          Dynamic Partitioning Event Operator
                            Target column: ss_sold_date_sk (bigint)
                            Target Input: store_sales
                            Partition key expr: ss_sold_date_sk
                            Statistics: Num rows: 183 Data size: 1464 Basic stats: COMPLETE Column stats: COMPLETE
                            Target Vertex: Map 25
                      Reduce Output Operator
                        key expressions: _col0 (type: bigint)
                        null sort order: z
                        sort order: +
                        Map-reduce partition columns: _col0 (type: bigint)
                        Statistics: Num rows: 367 Data size: 2936 Basic stats: COMPLETE Column stats: COMPLETE
                      Select Operator
                        expressions: _col0 (type: bigint)
                        outputColumnNames: _col0
                        Statistics: Num rows: 367 Data size: 2936 Basic stats: COMPLETE Column stats: COMPLETE
                        Group By Operator
                          keys: _col0 (type: bigint)
                          minReductionHashAggr: 0.5013624
                          mode: hash
                          outputColumnNames: _col0
                          Statistics: Num rows: 183 Data size: 1464 Basic stats: COMPLETE Column stats: COMPLETE
                          Dynamic Partitioning Event Operator
                            Target column: ws_sold_date_sk (bigint)
                            Target Input: web_sales
                            Partition key expr: ws_sold_date_sk
                            Statistics: Num rows: 183 Data size: 1464 Basic stats: COMPLETE Column stats: COMPLETE
                            Target Vertex: Map 31
                  Filter Operator
                    predicate: (d_year = 2002) (type: boolean)
                    Statistics: Num rows: 367 Data size: 4404 Basic stats: COMPLETE Column stats: COMPLETE
                    Select Operator
                      expressions: d_date_sk (type: bigint)
                      outputColumnNames: _col0
                      Statistics: Num rows: 367 Data size: 2936 Basic stats: COMPLETE Column stats: COMPLETE
                      Reduce Output Operator
                        key expressions: _col0 (type: bigint)
                        null sort order: z
                        sort order: +
                        Map-reduce partition columns: _col0 (type: bigint)
                        Statistics: Num rows: 367 Data size: 2936 Basic stats: COMPLETE Column stats: COMPLETE
                      Select Operator
                        expressions: _col0 (type: bigint)
                        outputColumnNames: _col0
                        Statistics: Num rows: 367 Data size: 2936 Basic stats: COMPLETE Column stats: COMPLETE
                        Group By Operator
                          keys: _col0 (type: bigint)
                          minReductionHashAggr: 0.5013624
                          mode: hash
                          outputColumnNames: _col0
                          Statistics: Num rows: 183 Data size: 1464 Basic stats: COMPLETE Column stats: COMPLETE
                          Dynamic Partitioning Event Operator
                            Target column: cs_sold_date_sk (bigint)
                            Target Input: catalog_sales
                            Partition key expr: cs_sold_date_sk
                            Statistics: Num rows: 183 Data size: 1464 Basic stats: COMPLETE Column stats: COMPLETE
                            Target Vertex: Map 1
                          Dynamic Partitioning Event Operator
                            Target column: ss_sold_date_sk (bigint)
                            Target Input: store_sales
                            Partition key expr: ss_sold_date_sk
                            Statistics: Num rows: 183 Data size: 1464 Basic stats: COMPLETE Column stats: COMPLETE
                            Target Vertex: Map 25
                          Dynamic Partitioning Event Operator
                            Target column: ws_sold_date_sk (bigint)
                            Target Input: web_sales
                            Partition key expr: ws_sold_date_sk
                            Statistics: Num rows: 183 Data size: 1464 Basic stats: COMPLETE Column stats: COMPLETE
                            Target Vertex: Map 31
                      Reduce Output Operator
                        key expressions: _col0 (type: bigint)
                        null sort order: z
                        sort order: +
                        Map-reduce partition columns: _col0 (type: bigint)
                        Statistics: Num rows: 367 Data size: 2936 Basic stats: COMPLETE Column stats: COMPLETE
                      Reduce Output Operator
                        key expressions: _col0 (type: bigint)
                        null sort order: z
                        sort order: +
                        Map-reduce partition columns: _col0 (type: bigint)
                        Statistics: Num rows: 367 Data size: 2936 Basic stats: COMPLETE Column stats: COMPLETE
            Execution mode: vectorized, llap
            LLAP IO: may be used (ACID table)
        Map 20 
            Map Operator Tree:
                TableScan
                  alias: item
                  filterExpr: ((i_category = 'Sports                                            ') and i_manufact_id is not null and i_category_id is not null and i_brand_id is not null and i_class_id is not null) (type: boolean)
                  Statistics: Num rows: 462000 Data size: 52649820 Basic stats: COMPLETE Column stats: COMPLETE
                  Filter Operator
                    predicate: ((i_category = 'Sports                                            ') and i_manufact_id is not null and i_category_id is not null and i_brand_id is not null and i_class_id is not null) (type: boolean)
                    Statistics: Num rows: 41585 Data size: 4739062 Basic stats: COMPLETE Column stats: COMPLETE
                    Select Operator
                      expressions: i_item_sk (type: bigint), i_brand_id (type: int), i_class_id (type: int), i_category_id (type: int), i_manufact_id (type: int)
                      outputColumnNames: _col0, _col1, _col2, _col3, _col4
                      Statistics: Num rows: 41585 Data size: 996412 Basic stats: COMPLETE Column stats: COMPLETE
                      Reduce Output Operator
                        key expressions: _col0 (type: bigint)
                        null sort order: z
                        sort order: +
                        Map-reduce partition columns: _col0 (type: bigint)
                        Statistics: Num rows: 41585 Data size: 996412 Basic stats: COMPLETE Column stats: COMPLETE
                        value expressions: _col1 (type: int), _col2 (type: int), _col3 (type: int), _col4 (type: int)
                      Reduce Output Operator
                        key expressions: _col0 (type: bigint)
                        null sort order: z
                        sort order: +
                        Map-reduce partition columns: _col0 (type: bigint)
                        Statistics: Num rows: 41585 Data size: 996412 Basic stats: COMPLETE Column stats: COMPLETE
                        value expressions: _col1 (type: int), _col2 (type: int), _col3 (type: int), _col4 (type: int)
                      Reduce Output Operator
                        key expressions: _col0 (type: bigint)
                        null sort order: z
                        sort order: +
                        Map-reduce partition columns: _col0 (type: bigint)
                        Statistics: Num rows: 41585 Data size: 996412 Basic stats: COMPLETE Column stats: COMPLETE
                        value expressions: _col1 (type: int), _col2 (type: int), _col3 (type: int), _col4 (type: int)
                      Reduce Output Operator
                        key expressions: _col0 (type: bigint)
                        null sort order: z
                        sort order: +
                        Map-reduce partition columns: _col0 (type: bigint)
                        Statistics: Num rows: 41585 Data size: 996412 Basic stats: COMPLETE Column stats: COMPLETE
                        value expressions: _col1 (type: int), _col2 (type: int), _col3 (type: int), _col4 (type: int)
                      Reduce Output Operator
                        key expressions: _col0 (type: bigint)
                        null sort order: z
                        sort order: +
                        Map-reduce partition columns: _col0 (type: bigint)
                        Statistics: Num rows: 41585 Data size: 996412 Basic stats: COMPLETE Column stats: COMPLETE
                        value expressions: _col1 (type: int), _col2 (type: int), _col3 (type: int), _col4 (type: int)
                      Reduce Output Operator
                        key expressions: _col0 (type: bigint)
                        null sort order: z
                        sort order: +
                        Map-reduce partition columns: _col0 (type: bigint)
                        Statistics: Num rows: 41585 Data size: 996412 Basic stats: COMPLETE Column stats: COMPLETE
                        value expressions: _col1 (type: int), _col2 (type: int), _col3 (type: int), _col4 (type: int)
            Execution mode: vectorized, llap
            LLAP IO: may be used (ACID table)
        Map 24 
            Map Operator Tree:
                TableScan
                  alias: catalog_returns
                  filterExpr: ((cr_item_sk BETWEEN DynamicValue(RS[462]_col0) AND DynamicValue(RS[462]_col1) and cr_order_number BETWEEN DynamicValue(RS[462]_col2) AND DynamicValue(RS[462]_col3) and in_bloom_filter(hash(cr_item_sk,cr_order_number), DynamicValue(RS[462]_col4))) or (cr_item_sk BETWEEN DynamicValue(RS[492]_col0) AND DynamicValue(RS[492]_col1) and cr_order_number BETWEEN DynamicValue(RS[492]_col2) AND DynamicValue(RS[492]_col3) and in_bloom_filter(hash(cr_item_sk,cr_order_number), DynamicValue(RS[492]_col4)))) (type: boolean)
                  Statistics: Num rows: 4320980099 Data size: 560353946136 Basic stats: COMPLETE Column stats: COMPLETE
                  Filter Operator
                    predicate: (cr_item_sk BETWEEN DynamicValue(RS[462]_col0) AND DynamicValue(RS[462]_col1) and cr_order_number BETWEEN DynamicValue(RS[462]_col2) AND DynamicValue(RS[462]_col3) and in_bloom_filter(hash(cr_item_sk,cr_order_number), DynamicValue(RS[462]_col4))) (type: boolean)
                    Statistics: Num rows: 4320980099 Data size: 560353946136 Basic stats: COMPLETE Column stats: COMPLETE
                    Select Operator
                      expressions: cr_item_sk (type: bigint), cr_order_number (type: bigint), cr_return_quantity (type: int), cr_return_amount (type: decimal(7,2))
                      outputColumnNames: _col0, _col1, _col2, _col3
                      Statistics: Num rows: 4320980099 Data size: 560353946136 Basic stats: COMPLETE Column stats: COMPLETE
                      Reduce Output Operator
                        key expressions: _col0 (type: bigint), _col1 (type: bigint)
                        null sort order: zz
                        sort order: ++
                        Map-reduce partition columns: _col0 (type: bigint), _col1 (type: bigint)
                        Statistics: Num rows: 4320980099 Data size: 560353946136 Basic stats: COMPLETE Column stats: COMPLETE
                        value expressions: _col2 (type: int), _col3 (type: decimal(7,2))
                  Filter Operator
                    predicate: (cr_item_sk BETWEEN DynamicValue(RS[492]_col0) AND DynamicValue(RS[492]_col1) and cr_order_number BETWEEN DynamicValue(RS[492]_col2) AND DynamicValue(RS[492]_col3) and in_bloom_filter(hash(cr_item_sk,cr_order_number), DynamicValue(RS[492]_col4))) (type: boolean)
                    Statistics: Num rows: 4320980099 Data size: 560353946136 Basic stats: COMPLETE Column stats: COMPLETE
                    Select Operator
                      expressions: cr_item_sk (type: bigint), cr_order_number (type: bigint), cr_return_quantity (type: int), cr_return_amount (type: decimal(7,2))
                      outputColumnNames: _col0, _col1, _col2, _col3
                      Statistics: Num rows: 4320980099 Data size: 560353946136 Basic stats: COMPLETE Column stats: COMPLETE
                      Reduce Output Operator
                        key expressions: _col0 (type: bigint), _col1 (type: bigint)
                        null sort order: zz
                        sort order: ++
                        Map-reduce partition columns: _col0 (type: bigint), _col1 (type: bigint)
                        Statistics: Num rows: 4320980099 Data size: 560353946136 Basic stats: COMPLETE Column stats: COMPLETE
                        value expressions: _col2 (type: int), _col3 (type: decimal(7,2))
            Execution mode: vectorized, llap
            LLAP IO: may be used (ACID table)
        Map 25 
            Map Operator Tree:
                TableScan
                  alias: store_sales
                  Statistics: Num rows: 82510879939 Data size: 11325746095684 Basic stats: COMPLETE Column stats: COMPLETE
                  Select Operator
                    expressions: ss_item_sk (type: bigint), ss_ticket_number (type: bigint), ss_quantity (type: int), ss_ext_sales_price (type: decimal(7,2)), ss_sold_date_sk (type: bigint)
                    outputColumnNames: _col0, _col1, _col2, _col3, _col4
                    Statistics: Num rows: 82510879939 Data size: 11325746095684 Basic stats: COMPLETE Column stats: COMPLETE
                    Map Join Operator
                      condition map:
                           Inner Join 0 to 1
                      keys:
                        0 _col4 (type: bigint)
                        1 _col0 (type: bigint)
                      outputColumnNames: _col0, _col1, _col2, _col3
                      input vertices:
                        1 Map 16
                      Statistics: Num rows: 16583283491 Data size: 1963216325036 Basic stats: COMPLETE Column stats: COMPLETE
                      Map Join Operator
                        condition map:
                             Inner Join 0 to 1
                        keys:
                          0 _col0 (type: bigint)
                          1 _col0 (type: bigint)
                        outputColumnNames: _col0, _col1, _col2, _col3, _col7, _col8, _col9, _col10
                        input vertices:
                          1 Map 20
                        Statistics: Num rows: 1492674976 Data size: 47765597720 Basic stats: COMPLETE Column stats: COMPLETE
                        Reduce Output Operator
                          key expressions: _col0 (type: bigint), _col1 (type: bigint)
                          null sort order: zz
                          sort order: ++
                          Map-reduce partition columns: _col0 (type: bigint), _col1 (type: bigint)
                          Statistics: Num rows: 1492674976 Data size: 47765597720 Basic stats: COMPLETE Column stats: COMPLETE
                          value expressions: _col2 (type: int), _col3 (type: decimal(7,2)), _col7 (type: int), _col8 (type: int), _col9 (type: int), _col10 (type: int)
                        Select Operator
                          expressions: _col0 (type: bigint), _col1 (type: bigint), hash(_col0,_col1) (type: int)
                          outputColumnNames: _col0, _col1, _col3
                          Statistics: Num rows: 1492674976 Data size: 29853499520 Basic stats: COMPLETE Column stats: COMPLETE
                          Group By Operator
                            aggregations: min(_col0), max(_col0), min(_col1), max(_col1), bloom_filter(_col3, expectedEntries=1000000)
                            minReductionHashAggr: 0.99
                            mode: hash
                            outputColumnNames: _col0, _col1, _col2, _col3, _col4
                            Statistics: Num rows: 1 Data size: 176 Basic stats: COMPLETE Column stats: COMPLETE
                            Reduce Output Operator
                              null sort order: 
                              sort order: 
                              Statistics: Num rows: 1 Data size: 176 Basic stats: COMPLETE Column stats: COMPLETE
                              value expressions: _col0 (type: bigint), _col1 (type: bigint), _col2 (type: bigint), _col3 (type: bigint), _col4 (type: binary)
                    Map Join Operator
                      condition map:
                           Inner Join 0 to 1
                      keys:
                        0 _col4 (type: bigint)
                        1 _col0 (type: bigint)
                      outputColumnNames: _col0, _col1, _col2, _col3
                      input vertices:
                        1 Reducer 18
                      Statistics: Num rows: 16583283491 Data size: 1963216325036 Basic stats: COMPLETE Column stats: COMPLETE
                      Map Join Operator
                        condition map:
                             Inner Join 0 to 1
                        keys:
                          0 _col0 (type: bigint)
                          1 _col0 (type: bigint)
                        outputColumnNames: _col0, _col1, _col2, _col3, _col7, _col8, _col9, _col10
                        input vertices:
                          1 Reducer 22
                        Statistics: Num rows: 1492674976 Data size: 47765597720 Basic stats: COMPLETE Column stats: COMPLETE
                        Reduce Output Operator
                          key expressions: _col0 (type: bigint), _col1 (type: bigint)
                          null sort order: zz
                          sort order: ++
                          Map-reduce partition columns: _col0 (type: bigint), _col1 (type: bigint)
                          Statistics: Num rows: 1492674976 Data size: 47765597720 Basic stats: COMPLETE Column stats: COMPLETE
                          value expressions: _col2 (type: int), _col3 (type: decimal(7,2)), _col7 (type: int), _col8 (type: int), _col9 (type: int), _col10 (type: int)
                        Select Operator
                          expressions: _col0 (type: bigint), _col1 (type: bigint), hash(_col0,_col1) (type: int)
                          outputColumnNames: _col0, _col1, _col3
                          Statistics: Num rows: 1492674976 Data size: 29853499520 Basic stats: COMPLETE Column stats: COMPLETE
                          Group By Operator
                            aggregations: min(_col0), max(_col0), min(_col1), max(_col1), bloom_filter(_col3, expectedEntries=1000000)
                            minReductionHashAggr: 0.99
                            mode: hash
                            outputColumnNames: _col0, _col1, _col2, _col3, _col4
                            Statistics: Num rows: 1 Data size: 176 Basic stats: COMPLETE Column stats: COMPLETE
                            Reduce Output Operator
                              null sort order: 
                              sort order: 
                              Statistics: Num rows: 1 Data size: 176 Basic stats: COMPLETE Column stats: COMPLETE
                              value expressions: _col0 (type: bigint), _col1 (type: bigint), _col2 (type: bigint), _col3 (type: bigint), _col4 (type: binary)
            Execution mode: vectorized, llap
            LLAP IO: may be used (ACID table)
        Map 30 
            Map Operator Tree:
                TableScan
                  alias: store_returns
                  filterExpr: ((sr_item_sk BETWEEN DynamicValue(RS[472]_col0) AND DynamicValue(RS[472]_col1) and sr_ticket_number BETWEEN DynamicValue(RS[472]_col2) AND DynamicValue(RS[472]_col3) and in_bloom_filter(hash(sr_item_sk,sr_ticket_number), DynamicValue(RS[472]_col4))) or (sr_item_sk BETWEEN DynamicValue(RS[502]_col0) AND DynamicValue(RS[502]_col1) and sr_ticket_number BETWEEN DynamicValue(RS[502]_col2) AND DynamicValue(RS[502]_col3) and in_bloom_filter(hash(sr_item_sk,sr_ticket_number), DynamicValue(RS[502]_col4)))) (type: boolean)
                  Statistics: Num rows: 8634166995 Data size: 1104703724476 Basic stats: COMPLETE Column stats: COMPLETE
                  Filter Operator
                    predicate: (sr_item_sk BETWEEN DynamicValue(RS[472]_col0) AND DynamicValue(RS[472]_col1) and sr_ticket_number BETWEEN DynamicValue(RS[472]_col2) AND DynamicValue(RS[472]_col3) and in_bloom_filter(hash(sr_item_sk,sr_ticket_number), DynamicValue(RS[472]_col4))) (type: boolean)
                    Statistics: Num rows: 8634166995 Data size: 1104703724476 Basic stats: COMPLETE Column stats: COMPLETE
                    Select Operator
                      expressions: sr_item_sk (type: bigint), sr_ticket_number (type: bigint), sr_return_quantity (type: int), sr_return_amt (type: decimal(7,2))
                      outputColumnNames: _col0, _col1, _col2, _col3
                      Statistics: Num rows: 8634166995 Data size: 1104703724476 Basic stats: COMPLETE Column stats: COMPLETE
                      Reduce Output Operator
                        key expressions: _col0 (type: bigint), _col1 (type: bigint)
                        null sort order: zz
                        sort order: ++
                        Map-reduce partition columns: _col0 (type: bigint), _col1 (type: bigint)
                        Statistics: Num rows: 8634166995 Data size: 1104703724476 Basic stats: COMPLETE Column stats: COMPLETE
                        value expressions: _col2 (type: int), _col3 (type: decimal(7,2))
                  Filter Operator
                    predicate: (sr_item_sk BETWEEN DynamicValue(RS[502]_col0) AND DynamicValue(RS[502]_col1) and sr_ticket_number BETWEEN DynamicValue(RS[502]_col2) AND DynamicValue(RS[502]_col3) and in_bloom_filter(hash(sr_item_sk,sr_ticket_number), DynamicValue(RS[502]_col4))) (type: boolean)
                    Statistics: Num rows: 8634166995 Data size: 1104703724476 Basic stats: COMPLETE Column stats: COMPLETE
                    Select Operator
                      expressions: sr_item_sk (type: bigint), sr_ticket_number (type: bigint), sr_return_quantity (type: int), sr_return_amt (type: decimal(7,2))
                      outputColumnNames: _col0, _col1, _col2, _col3
                      Statistics: Num rows: 8634166995 Data size: 1104703724476 Basic stats: COMPLETE Column stats: COMPLETE
                      Reduce Output Operator
                        key expressions: _col0 (type: bigint), _col1 (type: bigint)
                        null sort order: zz
                        sort order: ++
                        Map-reduce partition columns: _col0 (type: bigint), _col1 (type: bigint)
                        Statistics: Num rows: 8634166995 Data size: 1104703724476 Basic stats: COMPLETE Column stats: COMPLETE
                        value expressions: _col2 (type: int), _col3 (type: decimal(7,2))
            Execution mode: vectorized, llap
            LLAP IO: may be used (ACID table)
        Map 31 
            Map Operator Tree:
                TableScan
                  alias: web_sales
                  Statistics: Num rows: 21594638446 Data size: 3022936005332 Basic stats: COMPLETE Column stats: COMPLETE
                  Select Operator
                    expressions: ws_item_sk (type: bigint), ws_order_number (type: bigint), ws_quantity (type: int), ws_ext_sales_price (type: decimal(7,2)), ws_sold_date_sk (type: bigint)
                    outputColumnNames: _col0, _col1, _col2, _col3, _col4
                    Statistics: Num rows: 21594638446 Data size: 3022936005332 Basic stats: COMPLETE Column stats: COMPLETE
                    Map Join Operator
                      condition map:
                           Inner Join 0 to 1
                      keys:
                        0 _col4 (type: bigint)
                        1 _col0 (type: bigint)
                      outputColumnNames: _col0, _col1, _col2, _col3
                      input vertices:
                        1 Map 16
                      Statistics: Num rows: 4340155038 Data size: 572587087908 Basic stats: COMPLETE Column stats: COMPLETE
                      Map Join Operator
                        condition map:
                             Inner Join 0 to 1
                        keys:
                          0 _col0 (type: bigint)
                          1 _col0 (type: bigint)
                        outputColumnNames: _col0, _col1, _col2, _col3, _col7, _col8, _col9, _col10
                        input vertices:
                          1 Map 20
                        Statistics: Num rows: 390660922 Data size: 57504437720 Basic stats: COMPLETE Column stats: COMPLETE
                        Reduce Output Operator
                          key expressions: _col0 (type: bigint), _col1 (type: bigint)
                          null sort order: zz
                          sort order: ++
                          Map-reduce partition columns: _col0 (type: bigint), _col1 (type: bigint)
                          Statistics: Num rows: 390660922 Data size: 57504437720 Basic stats: COMPLETE Column stats: COMPLETE
                          value expressions: _col2 (type: int), _col3 (type: decimal(7,2)), _col7 (type: int), _col8 (type: int), _col9 (type: int), _col10 (type: int)
                        Select Operator
                          expressions: _col0 (type: bigint), _col1 (type: bigint), hash(_col0,_col1) (type: int)
                          outputColumnNames: _col0, _col1, _col3
                          Statistics: Num rows: 390660922 Data size: 7813218440 Basic stats: COMPLETE Column stats: COMPLETE
                          Group By Operator
                            aggregations: min(_col0), max(_col0), min(_col1), max(_col1), bloom_filter(_col3, expectedEntries=1000000)
                            minReductionHashAggr: 0.99
                            mode: hash
                            outputColumnNames: _col0, _col1, _col2, _col3, _col4
                            Statistics: Num rows: 1 Data size: 176 Basic stats: COMPLETE Column stats: COMPLETE
                            Reduce Output Operator
                              null sort order: 
                              sort order: 
                              Statistics: Num rows: 1 Data size: 176 Basic stats: COMPLETE Column stats: COMPLETE
                              value expressions: _col0 (type: bigint), _col1 (type: bigint), _col2 (type: bigint), _col3 (type: bigint), _col4 (type: binary)
                    Map Join Operator
                      condition map:
                           Inner Join 0 to 1
                      keys:
                        0 _col4 (type: bigint)
                        1 _col0 (type: bigint)
                      outputColumnNames: _col0, _col1, _col2, _col3
                      input vertices:
                        1 Reducer 19
                      Statistics: Num rows: 4340155038 Data size: 572587087908 Basic stats: COMPLETE Column stats: COMPLETE
                      Map Join Operator
                        condition map:
                             Inner Join 0 to 1
                        keys:
                          0 _col0 (type: bigint)
                          1 _col0 (type: bigint)
                        outputColumnNames: _col0, _col1, _col2, _col3, _col7, _col8, _col9, _col10
                        input vertices:
                          1 Reducer 23
                        Statistics: Num rows: 390660922 Data size: 57504437720 Basic stats: COMPLETE Column stats: COMPLETE
                        Reduce Output Operator
                          key expressions: _col0 (type: bigint), _col1 (type: bigint)
                          null sort order: zz
                          sort order: ++
                          Map-reduce partition columns: _col0 (type: bigint), _col1 (type: bigint)
                          Statistics: Num rows: 390660922 Data size: 57504437720 Basic stats: COMPLETE Column stats: COMPLETE
                          value expressions: _col2 (type: int), _col3 (type: decimal(7,2)), _col7 (type: int), _col8 (type: int), _col9 (type: int), _col10 (type: int)
                        Select Operator
                          expressions: _col0 (type: bigint), _col1 (type: bigint), hash(_col0,_col1) (type: int)
                          outputColumnNames: _col0, _col1, _col3
                          Statistics: Num rows: 390660922 Data size: 7813218440 Basic stats: COMPLETE Column stats: COMPLETE
                          Group By Operator
                            aggregations: min(_col0), max(_col0), min(_col1), max(_col1), bloom_filter(_col3, expectedEntries=1000000)
                            minReductionHashAggr: 0.99
                            mode: hash
                            outputColumnNames: _col0, _col1, _col2, _col3, _col4
                            Statistics: Num rows: 1 Data size: 176 Basic stats: COMPLETE Column stats: COMPLETE
                            Reduce Output Operator
                              null sort order: 
                              sort order: 
                              Statistics: Num rows: 1 Data size: 176 Basic stats: COMPLETE Column stats: COMPLETE
                              value expressions: _col0 (type: bigint), _col1 (type: bigint), _col2 (type: bigint), _col3 (type: bigint), _col4 (type: binary)
            Execution mode: vectorized, llap
            LLAP IO: may be used (ACID table)
        Map 36 
            Map Operator Tree:
                TableScan
                  alias: web_returns
                  filterExpr: ((wr_item_sk BETWEEN DynamicValue(RS[482]_col0) AND DynamicValue(RS[482]_col1) and wr_order_number BETWEEN DynamicValue(RS[482]_col2) AND DynamicValue(RS[482]_col3) and in_bloom_filter(hash(wr_item_sk,wr_order_number), DynamicValue(RS[482]_col4))) or (wr_item_sk BETWEEN DynamicValue(RS[512]_col0) AND DynamicValue(RS[512]_col1) and wr_order_number BETWEEN DynamicValue(RS[512]_col2) AND DynamicValue(RS[512]_col3) and in_bloom_filter(hash(wr_item_sk,wr_order_number), DynamicValue(RS[512]_col4)))) (type: boolean)
                  Statistics: Num rows: 2160007345 Data size: 273845125140 Basic stats: COMPLETE Column stats: COMPLETE
                  Filter Operator
                    predicate: (wr_item_sk BETWEEN DynamicValue(RS[482]_col0) AND DynamicValue(RS[482]_col1) and wr_order_number BETWEEN DynamicValue(RS[482]_col2) AND DynamicValue(RS[482]_col3) and in_bloom_filter(hash(wr_item_sk,wr_order_number), DynamicValue(RS[482]_col4))) (type: boolean)
                    Statistics: Num rows: 2160007345 Data size: 273845125140 Basic stats: COMPLETE Column stats: COMPLETE
                    Select Operator
                      expressions: wr_item_sk (type: bigint), wr_order_number (type: bigint), wr_return_quantity (type: int), wr_return_amt (type: decimal(7,2))
                      outputColumnNames: _col0, _col1, _col2, _col3
                      Statistics: Num rows: 2160007345 Data size: 273845125140 Basic stats: COMPLETE Column stats: COMPLETE
                      Reduce Output Operator
                        key expressions: _col0 (type: bigint), _col1 (type: bigint)
                        null sort order: zz
                        sort order: ++
                        Map-reduce partition columns: _col0 (type: bigint), _col1 (type: bigint)
                        Statistics: Num rows: 2160007345 Data size: 273845125140 Basic stats: COMPLETE Column stats: COMPLETE
                        value expressions: _col2 (type: int), _col3 (type: decimal(7,2))
                  Filter Operator
                    predicate: (wr_item_sk BETWEEN DynamicValue(RS[512]_col0) AND DynamicValue(RS[512]_col1) and wr_order_number BETWEEN DynamicValue(RS[512]_col2) AND DynamicValue(RS[512]_col3) and in_bloom_filter(hash(wr_item_sk,wr_order_number), DynamicValue(RS[512]_col4))) (type: boolean)
                    Statistics: Num rows: 2160007345 Data size: 273845125140 Basic stats: COMPLETE Column stats: COMPLETE
                    Select Operator
                      expressions: wr_item_sk (type: bigint), wr_order_number (type: bigint), wr_return_quantity (type: int), wr_return_amt (type: decimal(7,2))
                      outputColumnNames: _col0, _col1, _col2, _col3
                      Statistics: Num rows: 2160007345 Data size: 273845125140 Basic stats: COMPLETE Column stats: COMPLETE
                      Reduce Output Operator
                        key expressions: _col0 (type: bigint), _col1 (type: bigint)
                        null sort order: zz
                        sort order: ++
                        Map-reduce partition columns: _col0 (type: bigint), _col1 (type: bigint)
                        Statistics: Num rows: 2160007345 Data size: 273845125140 Basic stats: COMPLETE Column stats: COMPLETE
                        value expressions: _col2 (type: int), _col3 (type: decimal(7,2))
            Execution mode: vectorized, llap
            LLAP IO: may be used (ACID table)
        Reducer 10 
            Execution mode: vectorized, llap
            Reduce Operator Tree:
              Map Join Operator
                condition map:
                     Left Outer Join 0 to 1
                keys:
                  0 KEY.reducesinkkey0 (type: bigint), KEY.reducesinkkey1 (type: bigint)
                  1 KEY.reducesinkkey0 (type: bigint), KEY.reducesinkkey1 (type: bigint)
                outputColumnNames: _col2, _col3, _col7, _col8, _col9, _col10, _col13, _col14
                input vertices:
                  1 Map 24
                Statistics: Num rows: 2017213214 Data size: 388166715564 Basic stats: COMPLETE Column stats: COMPLETE
                DynamicPartitionHashJoin: true
                Select Operator
                  expressions: _col7 (type: int), _col8 (type: int), _col9 (type: int), _col10 (type: int), (_col2 - CASE WHEN (_col13 is not null) THEN (_col13) ELSE (0) END) (type: int), (_col3 - CASE WHEN (_col14 is not null) THEN (_col14) ELSE (0) END) (type: decimal(8,2))
                  outputColumnNames: _col0, _col1, _col2, _col3, _col4, _col5
                  Statistics: Num rows: 2017213214 Data size: 266272142620 Basic stats: COMPLETE Column stats: COMPLETE
                  Group By Operator
                    keys: _col0 (type: int), _col1 (type: int), _col2 (type: int), _col3 (type: int), _col4 (type: int), _col5 (type: decimal(8,2))
                    minReductionHashAggr: 0.4
                    mode: hash
                    outputColumnNames: _col0, _col1, _col2, _col3, _col4, _col5
                    Statistics: Num rows: 6029744178 Data size: 795926226580 Basic stats: COMPLETE Column stats: COMPLETE
                    Reduce Output Operator
                      key expressions: _col0 (type: int), _col1 (type: int), _col2 (type: int), _col3 (type: int), _col4 (type: int), _col5 (type: decimal(8,2))
                      null sort order: zzzzzz
                      sort order: ++++++
                      Map-reduce partition columns: _col0 (type: int), _col1 (type: int), _col2 (type: int), _col3 (type: int), _col4 (type: int), _col5 (type: decimal(8,2))
                      Statistics: Num rows: 6029744178 Data size: 795926226580 Basic stats: COMPLETE Column stats: COMPLETE
        Reducer 12 
            Execution mode: vectorized, llap
            Reduce Operator Tree:
              Group By Operator
                keys: KEY._col0 (type: int), KEY._col1 (type: int), KEY._col2 (type: int), KEY._col3 (type: int), KEY._col4 (type: int), KEY._col5 (type: decimal(8,2))
                mode: mergepartial
                outputColumnNames: _col0, _col1, _col2, _col3, _col4, _col5
                Statistics: Num rows: 6029744178 Data size: 795926226580 Basic stats: COMPLETE Column stats: COMPLETE
                Group By Operator
                  keys: _col0 (type: int), _col1 (type: int), _col2 (type: int), _col3 (type: int), _col4 (type: int), _col5 (type: decimal(8,2))
                  minReductionHashAggr: 0.4
                  mode: hash
                  outputColumnNames: _col0, _col1, _col2, _col3, _col4, _col5
                  Statistics: Num rows: 7061070159 Data size: 932061249496 Basic stats: COMPLETE Column stats: COMPLETE
                  Reduce Output Operator
                    key expressions: _col0 (type: int), _col1 (type: int), _col2 (type: int), _col3 (type: int), _col4 (type: int), _col5 (type: decimal(8,2))
                    null sort order: zzzzzz
                    sort order: ++++++
                    Map-reduce partition columns: _col0 (type: int), _col1 (type: int), _col2 (type: int), _col3 (type: int)
                    Statistics: Num rows: 7061070159 Data size: 932061249496 Basic stats: COMPLETE Column stats: COMPLETE
        Reducer 14 
            Execution mode: vectorized, llap
            Reduce Operator Tree:
              Group By Operator
                keys: KEY._col0 (type: int), KEY._col1 (type: int), KEY._col2 (type: int), KEY._col3 (type: int), KEY._col4 (type: int), KEY._col5 (type: decimal(8,2))
                mode: mergepartial
                outputColumnNames: _col0, _col1, _col2, _col3, _col4, _col5
                Statistics: Num rows: 7061070159 Data size: 932061249496 Basic stats: COMPLETE Column stats: COMPLETE
                Group By Operator
                  aggregations: sum(_col4), sum(_col5)
                  keys: _col0 (type: int), _col1 (type: int), _col2 (type: int), _col3 (type: int)
                  mode: complete
                  outputColumnNames: _col0, _col1, _col2, _col3, _col4, _col5
                  Statistics: Num rows: 177920028 Data size: 24197123536 Basic stats: COMPLETE Column stats: COMPLETE
                  Reduce Output Operator
                    key expressions: _col0 (type: int), _col1 (type: int), _col2 (type: int), _col3 (type: int)
                    null sort order: zzzz
                    sort order: ++++
                    Map-reduce partition columns: _col0 (type: int), _col1 (type: int), _col2 (type: int), _col3 (type: int)
                    Statistics: Num rows: 177920028 Data size: 24197123536 Basic stats: COMPLETE Column stats: COMPLETE
                    value expressions: _col4 (type: bigint), _col5 (type: decimal(18,2))
        Reducer 15 
            Execution mode: vectorized, llap
            Reduce Operator Tree:
              Group By Operator
                aggregations: min(VALUE._col0), max(VALUE._col1), min(VALUE._col2), max(VALUE._col3), bloom_filter(VALUE._col4, expectedEntries=1000000)
                mode: final
                outputColumnNames: _col0, _col1, _col2, _col3, _col4
                Statistics: Num rows: 1 Data size: 176 Basic stats: COMPLETE Column stats: COMPLETE
                Reduce Output Operator
                  null sort order: 
                  sort order: 
                  Statistics: Num rows: 1 Data size: 176 Basic stats: COMPLETE Column stats: COMPLETE
                  value expressions: _col0 (type: bigint), _col1 (type: bigint), _col2 (type: bigint), _col3 (type: bigint), _col4 (type: binary)
        Reducer 17 
            Execution mode: vectorized, llap
            Reduce Operator Tree:
              Select Operator
                expressions: KEY.reducesinkkey0 (type: bigint)
                outputColumnNames: _col0
                Reduce Output Operator
                  key expressions: _col0 (type: bigint)
                  null sort order: z
                  sort order: +
                  Map-reduce partition columns: _col0 (type: bigint)
                  Statistics: Num rows: 367 Data size: 2936 Basic stats: COMPLETE Column stats: COMPLETE
        Reducer 18 
            Execution mode: vectorized, llap
            Reduce Operator Tree:
              Select Operator
                expressions: KEY.reducesinkkey0 (type: bigint)
                outputColumnNames: _col0
                Reduce Output Operator
                  key expressions: _col0 (type: bigint)
                  null sort order: z
                  sort order: +
                  Map-reduce partition columns: _col0 (type: bigint)
                  Statistics: Num rows: 367 Data size: 2936 Basic stats: COMPLETE Column stats: COMPLETE
        Reducer 19 
            Execution mode: vectorized, llap
            Reduce Operator Tree:
              Select Operator
                expressions: KEY.reducesinkkey0 (type: bigint)
                outputColumnNames: _col0
                Reduce Output Operator
                  key expressions: _col0 (type: bigint)
                  null sort order: z
                  sort order: +
                  Map-reduce partition columns: _col0 (type: bigint)
                  Statistics: Num rows: 367 Data size: 2936 Basic stats: COMPLETE Column stats: COMPLETE
        Reducer 2 
            Execution mode: vectorized, llap
            Reduce Operator Tree:
              Map Join Operator
                condition map:
                     Left Outer Join 0 to 1
                keys:
                  0 KEY.reducesinkkey0 (type: bigint), KEY.reducesinkkey1 (type: bigint)
                  1 KEY.reducesinkkey0 (type: bigint), KEY.reducesinkkey1 (type: bigint)
                outputColumnNames: _col2, _col3, _col7, _col8, _col9, _col10, _col13, _col14
                input vertices:
                  1 Map 24
                Statistics: Num rows: 2017213214 Data size: 388166715564 Basic stats: COMPLETE Column stats: COMPLETE
                DynamicPartitionHashJoin: true
                Select Operator
                  expressions: _col7 (type: int), _col8 (type: int), _col9 (type: int), _col10 (type: int), (_col2 - CASE WHEN (_col13 is not null) THEN (_col13) ELSE (0) END) (type: int), (_col3 - CASE WHEN (_col14 is not null) THEN (_col14) ELSE (0) END) (type: decimal(8,2))
                  outputColumnNames: _col0, _col1, _col2, _col3, _col4, _col5
                  Statistics: Num rows: 2017213214 Data size: 266272142620 Basic stats: COMPLETE Column stats: COMPLETE
                  Group By Operator
                    keys: _col0 (type: int), _col1 (type: int), _col2 (type: int), _col3 (type: int), _col4 (type: int), _col5 (type: decimal(8,2))
                    minReductionHashAggr: 0.4
                    mode: hash
                    outputColumnNames: _col0, _col1, _col2, _col3, _col4, _col5
                    Statistics: Num rows: 6029744178 Data size: 795926226580 Basic stats: COMPLETE Column stats: COMPLETE
                    Reduce Output Operator
                      key expressions: _col0 (type: int), _col1 (type: int), _col2 (type: int), _col3 (type: int), _col4 (type: int), _col5 (type: decimal(8,2))
                      null sort order: zzzzzz
                      sort order: ++++++
                      Map-reduce partition columns: _col0 (type: int), _col1 (type: int), _col2 (type: int), _col3 (type: int), _col4 (type: int), _col5 (type: decimal(8,2))
                      Statistics: Num rows: 6029744178 Data size: 795926226580 Basic stats: COMPLETE Column stats: COMPLETE
        Reducer 21 
            Execution mode: vectorized, llap
            Reduce Operator Tree:
              Select Operator
                expressions: VALUE._col2 (type: int), VALUE._col3 (type: int), VALUE._col0 (type: int), VALUE._col1 (type: int), KEY.reducesinkkey0 (type: bigint)
                outputColumnNames: _col3, _col4, _col1, _col2, _col0
                Reduce Output Operator
                  key expressions: _col0 (type: bigint)
                  null sort order: z
                  sort order: +
                  Map-reduce partition columns: _col0 (type: bigint)
                  Statistics: Num rows: 41585 Data size: 996412 Basic stats: COMPLETE Column stats: COMPLETE
                  value expressions: _col1 (type: int), _col2 (type: int), _col3 (type: int), _col4 (type: int)
        Reducer 22 
            Execution mode: vectorized, llap
            Reduce Operator Tree:
              Select Operator
                expressions: VALUE._col2 (type: int), VALUE._col3 (type: int), VALUE._col0 (type: int), VALUE._col1 (type: int), KEY.reducesinkkey0 (type: bigint)
                outputColumnNames: _col3, _col4, _col1, _col2, _col0
                Reduce Output Operator
                  key expressions: _col0 (type: bigint)
                  null sort order: z
                  sort order: +
                  Map-reduce partition columns: _col0 (type: bigint)
                  Statistics: Num rows: 41585 Data size: 996412 Basic stats: COMPLETE Column stats: COMPLETE
                  value expressions: _col1 (type: int), _col2 (type: int), _col3 (type: int), _col4 (type: int)
        Reducer 23 
            Execution mode: vectorized, llap
            Reduce Operator Tree:
              Select Operator
                expressions: VALUE._col2 (type: int), VALUE._col3 (type: int), VALUE._col0 (type: int), VALUE._col1 (type: int), KEY.reducesinkkey0 (type: bigint)
                outputColumnNames: _col3, _col4, _col1, _col2, _col0
                Reduce Output Operator
                  key expressions: _col0 (type: bigint)
                  null sort order: z
                  sort order: +
                  Map-reduce partition columns: _col0 (type: bigint)
                  Statistics: Num rows: 41585 Data size: 996412 Basic stats: COMPLETE Column stats: COMPLETE
                  value expressions: _col1 (type: int), _col2 (type: int), _col3 (type: int), _col4 (type: int)
        Reducer 26 
            Execution mode: vectorized, llap
            Reduce Operator Tree:
              Map Join Operator
                condition map:
                     Left Outer Join 0 to 1
                keys:
                  0 KEY.reducesinkkey0 (type: bigint), KEY.reducesinkkey1 (type: bigint)
                  1 KEY.reducesinkkey0 (type: bigint), KEY.reducesinkkey1 (type: bigint)
                outputColumnNames: _col2, _col3, _col7, _col8, _col9, _col10, _col13, _col14
                input vertices:
                  1 Map 30
                Statistics: Num rows: 4012530964 Data size: 613800764264 Basic stats: COMPLETE Column stats: COMPLETE
                DynamicPartitionHashJoin: true
                Select Operator
                  expressions: _col7 (type: int), _col8 (type: int), _col9 (type: int), _col10 (type: int), (_col2 - CASE WHEN (_col13 is not null) THEN (_col13) ELSE (0) END) (type: int), (_col3 - CASE WHEN (_col14 is not null) THEN (_col14) ELSE (0) END) (type: decimal(8,2))
                  outputColumnNames: _col0, _col1, _col2, _col3, _col4, _col5
                  Statistics: Num rows: 4012530964 Data size: 529654085620 Basic stats: COMPLETE Column stats: COMPLETE
                  Group By Operator
                    keys: _col0 (type: int), _col1 (type: int), _col2 (type: int), _col3 (type: int), _col4 (type: int), _col5 (type: decimal(8,2))
                    minReductionHashAggr: 0.4
                    mode: hash
                    outputColumnNames: _col0, _col1, _col2, _col3, _col4, _col5
                    Statistics: Num rows: 6029744178 Data size: 795926226580 Basic stats: COMPLETE Column stats: COMPLETE
                    Reduce Output Operator
                      key expressions: _col0 (type: int), _col1 (type: int), _col2 (type: int), _col3 (type: int), _col4 (type: int), _col5 (type: decimal(8,2))
                      null sort order: zzzzzz
                      sort order: ++++++
                      Map-reduce partition columns: _col0 (type: int), _col1 (type: int), _col2 (type: int), _col3 (type: int), _col4 (type: int), _col5 (type: decimal(8,2))
                      Statistics: Num rows: 6029744178 Data size: 795926226580 Basic stats: COMPLETE Column stats: COMPLETE
        Reducer 27 
            Execution mode: vectorized, llap
            Reduce Operator Tree:
              Group By Operator
                aggregations: min(VALUE._col0), max(VALUE._col1), min(VALUE._col2), max(VALUE._col3), bloom_filter(VALUE._col4, expectedEntries=1000000)
                mode: final
                outputColumnNames: _col0, _col1, _col2, _col3, _col4
                Statistics: Num rows: 1 Data size: 176 Basic stats: COMPLETE Column stats: COMPLETE
                Reduce Output Operator
                  null sort order: 
                  sort order: 
                  Statistics: Num rows: 1 Data size: 176 Basic stats: COMPLETE Column stats: COMPLETE
                  value expressions: _col0 (type: bigint), _col1 (type: bigint), _col2 (type: bigint), _col3 (type: bigint), _col4 (type: binary)
        Reducer 28 
            Execution mode: vectorized, llap
            Reduce Operator Tree:
              Map Join Operator
                condition map:
                     Left Outer Join 0 to 1
                keys:
                  0 KEY.reducesinkkey0 (type: bigint), KEY.reducesinkkey1 (type: bigint)
                  1 KEY.reducesinkkey0 (type: bigint), KEY.reducesinkkey1 (type: bigint)
                outputColumnNames: _col2, _col3, _col7, _col8, _col9, _col10, _col13, _col14
                input vertices:
                  1 Map 30
                Statistics: Num rows: 4012530964 Data size: 613800764264 Basic stats: COMPLETE Column stats: COMPLETE
                DynamicPartitionHashJoin: true
                Select Operator
                  expressions: _col7 (type: int), _col8 (type: int), _col9 (type: int), _col10 (type: int), (_col2 - CASE WHEN (_col13 is not null) THEN (_col13) ELSE (0) END) (type: int), (_col3 - CASE WHEN (_col14 is not null) THEN (_col14) ELSE (0) END) (type: decimal(8,2))
                  outputColumnNames: _col0, _col1, _col2, _col3, _col4, _col5
                  Statistics: Num rows: 4012530964 Data size: 529654085620 Basic stats: COMPLETE Column stats: COMPLETE
                  Group By Operator
                    keys: _col0 (type: int), _col1 (type: int), _col2 (type: int), _col3 (type: int), _col4 (type: int), _col5 (type: decimal(8,2))
                    minReductionHashAggr: 0.4
                    mode: hash
                    outputColumnNames: _col0, _col1, _col2, _col3, _col4, _col5
                    Statistics: Num rows: 6029744178 Data size: 795926226580 Basic stats: COMPLETE Column stats: COMPLETE
                    Reduce Output Operator
                      key expressions: _col0 (type: int), _col1 (type: int), _col2 (type: int), _col3 (type: int), _col4 (type: int), _col5 (type: decimal(8,2))
                      null sort order: zzzzzz
                      sort order: ++++++
                      Map-reduce partition columns: _col0 (type: int), _col1 (type: int), _col2 (type: int), _col3 (type: int), _col4 (type: int), _col5 (type: decimal(8,2))
                      Statistics: Num rows: 6029744178 Data size: 795926226580 Basic stats: COMPLETE Column stats: COMPLETE
        Reducer 29 
            Execution mode: vectorized, llap
            Reduce Operator Tree:
              Group By Operator
                aggregations: min(VALUE._col0), max(VALUE._col1), min(VALUE._col2), max(VALUE._col3), bloom_filter(VALUE._col4, expectedEntries=1000000)
                mode: final
                outputColumnNames: _col0, _col1, _col2, _col3, _col4
                Statistics: Num rows: 1 Data size: 176 Basic stats: COMPLETE Column stats: COMPLETE
                Reduce Output Operator
                  null sort order: 
                  sort order: 
                  Statistics: Num rows: 1 Data size: 176 Basic stats: COMPLETE Column stats: COMPLETE
                  value expressions: _col0 (type: bigint), _col1 (type: bigint), _col2 (type: bigint), _col3 (type: bigint), _col4 (type: binary)
        Reducer 32 
            Execution mode: vectorized, llap
            Reduce Operator Tree:
              Map Join Operator
                condition map:
                     Left Outer Join 0 to 1
                keys:
                  0 KEY.reducesinkkey0 (type: bigint), KEY.reducesinkkey1 (type: bigint)
                  1 KEY.reducesinkkey0 (type: bigint), KEY.reducesinkkey1 (type: bigint)
                outputColumnNames: _col2, _col3, _col7, _col8, _col9, _col10, _col13, _col14
                input vertices:
                  1 Map 36
                Statistics: Num rows: 1031325981 Data size: 198862953200 Basic stats: COMPLETE Column stats: COMPLETE
                DynamicPartitionHashJoin: true
                Select Operator
                  expressions: _col7 (type: int), _col8 (type: int), _col9 (type: int), _col10 (type: int), (_col2 - CASE WHEN (_col13 is not null) THEN (_col13) ELSE (0) END) (type: int), (_col3 - CASE WHEN (_col14 is not null) THEN (_col14) ELSE (0) END) (type: decimal(8,2))
                  outputColumnNames: _col0, _col1, _col2, _col3, _col4, _col5
                  Statistics: Num rows: 1031325981 Data size: 136135027864 Basic stats: COMPLETE Column stats: COMPLETE
                  Group By Operator
                    keys: _col0 (type: int), _col1 (type: int), _col2 (type: int), _col3 (type: int), _col4 (type: int), _col5 (type: decimal(8,2))
                    minReductionHashAggr: 0.4
                    mode: hash
                    outputColumnNames: _col0, _col1, _col2, _col3, _col4, _col5
                    Statistics: Num rows: 7061070159 Data size: 932061249496 Basic stats: COMPLETE Column stats: COMPLETE
                    Reduce Output Operator
                      key expressions: _col0 (type: int), _col1 (type: int), _col2 (type: int), _col3 (type: int), _col4 (type: int), _col5 (type: decimal(8,2))
                      null sort order: zzzzzz
                      sort order: ++++++
                      Map-reduce partition columns: _col0 (type: int), _col1 (type: int), _col2 (type: int), _col3 (type: int)
                      Statistics: Num rows: 7061070159 Data size: 932061249496 Basic stats: COMPLETE Column stats: COMPLETE
        Reducer 33 
            Execution mode: vectorized, llap
            Reduce Operator Tree:
              Group By Operator
                aggregations: min(VALUE._col0), max(VALUE._col1), min(VALUE._col2), max(VALUE._col3), bloom_filter(VALUE._col4, expectedEntries=1000000)
                mode: final
                outputColumnNames: _col0, _col1, _col2, _col3, _col4
                Statistics: Num rows: 1 Data size: 176 Basic stats: COMPLETE Column stats: COMPLETE
                Reduce Output Operator
                  null sort order: 
                  sort order: 
                  Statistics: Num rows: 1 Data size: 176 Basic stats: COMPLETE Column stats: COMPLETE
                  value expressions: _col0 (type: bigint), _col1 (type: bigint), _col2 (type: bigint), _col3 (type: bigint), _col4 (type: binary)
        Reducer 34 
            Execution mode: vectorized, llap
            Reduce Operator Tree:
              Map Join Operator
                condition map:
                     Left Outer Join 0 to 1
                keys:
                  0 KEY.reducesinkkey0 (type: bigint), KEY.reducesinkkey1 (type: bigint)
                  1 KEY.reducesinkkey0 (type: bigint), KEY.reducesinkkey1 (type: bigint)
                outputColumnNames: _col2, _col3, _col7, _col8, _col9, _col10, _col13, _col14
                input vertices:
                  1 Map 36
                Statistics: Num rows: 1031325981 Data size: 198862953200 Basic stats: COMPLETE Column stats: COMPLETE
                DynamicPartitionHashJoin: true
                Select Operator
                  expressions: _col7 (type: int), _col8 (type: int), _col9 (type: int), _col10 (type: int), (_col2 - CASE WHEN (_col13 is not null) THEN (_col13) ELSE (0) END) (type: int), (_col3 - CASE WHEN (_col14 is not null) THEN (_col14) ELSE (0) END) (type: decimal(8,2))
                  outputColumnNames: _col0, _col1, _col2, _col3, _col4, _col5
                  Statistics: Num rows: 1031325981 Data size: 136135027864 Basic stats: COMPLETE Column stats: COMPLETE
                  Group By Operator
                    keys: _col0 (type: int), _col1 (type: int), _col2 (type: int), _col3 (type: int), _col4 (type: int), _col5 (type: decimal(8,2))
                    minReductionHashAggr: 0.4
                    mode: hash
                    outputColumnNames: _col0, _col1, _col2, _col3, _col4, _col5
                    Statistics: Num rows: 7061070159 Data size: 932061249496 Basic stats: COMPLETE Column stats: COMPLETE
                    Reduce Output Operator
                      key expressions: _col0 (type: int), _col1 (type: int), _col2 (type: int), _col3 (type: int), _col4 (type: int), _col5 (type: decimal(8,2))
                      null sort order: zzzzzz
                      sort order: ++++++
                      Map-reduce partition columns: _col0 (type: int), _col1 (type: int), _col2 (type: int), _col3 (type: int)
                      Statistics: Num rows: 7061070159 Data size: 932061249496 Basic stats: COMPLETE Column stats: COMPLETE
        Reducer 35 
            Execution mode: vectorized, llap
            Reduce Operator Tree:
              Group By Operator
                aggregations: min(VALUE._col0), max(VALUE._col1), min(VALUE._col2), max(VALUE._col3), bloom_filter(VALUE._col4, expectedEntries=1000000)
                mode: final
                outputColumnNames: _col0, _col1, _col2, _col3, _col4
                Statistics: Num rows: 1 Data size: 176 Basic stats: COMPLETE Column stats: COMPLETE
                Reduce Output Operator
                  null sort order: 
                  sort order: 
                  Statistics: Num rows: 1 Data size: 176 Basic stats: COMPLETE Column stats: COMPLETE
                  value expressions: _col0 (type: bigint), _col1 (type: bigint), _col2 (type: bigint), _col3 (type: bigint), _col4 (type: binary)
        Reducer 4 
            Execution mode: vectorized, llap
            Reduce Operator Tree:
              Group By Operator
                keys: KEY._col0 (type: int), KEY._col1 (type: int), KEY._col2 (type: int), KEY._col3 (type: int), KEY._col4 (type: int), KEY._col5 (type: decimal(8,2))
                mode: mergepartial
                outputColumnNames: _col0, _col1, _col2, _col3, _col4, _col5
                Statistics: Num rows: 6029744178 Data size: 795926226580 Basic stats: COMPLETE Column stats: COMPLETE
                Group By Operator
                  keys: _col0 (type: int), _col1 (type: int), _col2 (type: int), _col3 (type: int), _col4 (type: int), _col5 (type: decimal(8,2))
                  minReductionHashAggr: 0.4
                  mode: hash
                  outputColumnNames: _col0, _col1, _col2, _col3, _col4, _col5
                  Statistics: Num rows: 7061070159 Data size: 932061249496 Basic stats: COMPLETE Column stats: COMPLETE
                  Reduce Output Operator
                    key expressions: _col0 (type: int), _col1 (type: int), _col2 (type: int), _col3 (type: int), _col4 (type: int), _col5 (type: decimal(8,2))
                    null sort order: zzzzzz
                    sort order: ++++++
                    Map-reduce partition columns: _col0 (type: int), _col1 (type: int), _col2 (type: int), _col3 (type: int)
                    Statistics: Num rows: 7061070159 Data size: 932061249496 Basic stats: COMPLETE Column stats: COMPLETE
        Reducer 6 
            Execution mode: vectorized, llap
            Reduce Operator Tree:
              Group By Operator
                keys: KEY._col0 (type: int), KEY._col1 (type: int), KEY._col2 (type: int), KEY._col3 (type: int), KEY._col4 (type: int), KEY._col5 (type: decimal(8,2))
                mode: mergepartial
                outputColumnNames: _col0, _col1, _col2, _col3, _col4, _col5
                Statistics: Num rows: 7061070159 Data size: 932061249496 Basic stats: COMPLETE Column stats: COMPLETE
                Group By Operator
                  aggregations: sum(_col4), sum(_col5)
                  keys: _col0 (type: int), _col1 (type: int), _col2 (type: int), _col3 (type: int)
                  mode: complete
                  outputColumnNames: _col0, _col1, _col2, _col3, _col4, _col5
                  Statistics: Num rows: 177920028 Data size: 24197123536 Basic stats: COMPLETE Column stats: COMPLETE
                  Reduce Output Operator
                    key expressions: _col0 (type: int), _col1 (type: int), _col2 (type: int), _col3 (type: int)
                    null sort order: zzzz
                    sort order: ++++
                    Map-reduce partition columns: _col0 (type: int), _col1 (type: int), _col2 (type: int), _col3 (type: int)
                    Statistics: Num rows: 177920028 Data size: 24197123536 Basic stats: COMPLETE Column stats: COMPLETE
                    value expressions: _col4 (type: bigint), _col5 (type: decimal(18,2))
        Reducer 7 
            Execution mode: vectorized, llap
            Reduce Operator Tree:
              Map Join Operator
                condition map:
                     Inner Join 0 to 1
                keys:
                  0 KEY.reducesinkkey0 (type: int), KEY.reducesinkkey1 (type: int), KEY.reducesinkkey2 (type: int), KEY.reducesinkkey3 (type: int)
                  1 KEY.reducesinkkey0 (type: int), KEY.reducesinkkey1 (type: int), KEY.reducesinkkey2 (type: int), KEY.reducesinkkey3 (type: int)
                outputColumnNames: _col0, _col1, _col2, _col3, _col4, _col5, _col10, _col11
                input vertices:
                  1 Reducer 14
                Statistics: Num rows: 32072478585127 Data size: 8210554517792240 Basic stats: COMPLETE Column stats: COMPLETE
                DynamicPartitionHashJoin: true
                Filter Operator
                  predicate: ((CAST( _col10 AS decimal(17,2)) / CAST( _col4 AS decimal(17,2))) < 0.9) (type: boolean)
                  Statistics: Num rows: 10690826195042 Data size: 2736851505930672 Basic stats: COMPLETE Column stats: COMPLETE
                  Top N Key Operator
                    sort order: +
                    keys: (_col10 - _col4) (type: bigint)
                    null sort order: z
                    Statistics: Num rows: 10690826195042 Data size: 2736851505930672 Basic stats: COMPLETE Column stats: COMPLETE
                    top n: 100
                    Select Operator
                      expressions: _col0 (type: int), _col1 (type: int), _col2 (type: int), _col3 (type: int), _col4 (type: bigint), _col10 (type: bigint), (_col10 - _col4) (type: bigint), (_col11 - _col5) (type: decimal(19,2))
                      outputColumnNames: _col0, _col1, _col2, _col3, _col4, _col5, _col6, _col7
                      Statistics: Num rows: 10690826195042 Data size: 1625005581646208 Basic stats: COMPLETE Column stats: COMPLETE
                      Reduce Output Operator
                        key expressions: _col6 (type: bigint)
                        null sort order: z
                        sort order: +
                        Statistics: Num rows: 10690826195042 Data size: 1625005581646208 Basic stats: COMPLETE Column stats: COMPLETE
                        value expressions: _col0 (type: int), _col1 (type: int), _col2 (type: int), _col3 (type: int), _col4 (type: bigint), _col5 (type: bigint), _col7 (type: decimal(19,2))
        Reducer 8 
            Execution mode: vectorized, llap
            Reduce Operator Tree:
              Select Operator
                expressions: VALUE._col0 (type: int), VALUE._col1 (type: int), VALUE._col2 (type: int), VALUE._col3 (type: int), VALUE._col4 (type: bigint), VALUE._col5 (type: bigint), KEY.reducesinkkey0 (type: bigint), VALUE._col6 (type: decimal(19,2))
                outputColumnNames: _col0, _col1, _col2, _col3, _col4, _col5, _col6, _col7
                Statistics: Num rows: 10690826195042 Data size: 1625005581646208 Basic stats: COMPLETE Column stats: COMPLETE
                Limit
                  Number of rows: 100
                  Statistics: Num rows: 100 Data size: 15200 Basic stats: COMPLETE Column stats: COMPLETE
                  Select Operator
                    expressions: 2001 (type: int), 2002 (type: int), _col0 (type: int), _col1 (type: int), _col2 (type: int), _col3 (type: int), _col4 (type: bigint), _col5 (type: bigint), _col6 (type: bigint), _col7 (type: decimal(19,2))
                    outputColumnNames: _col0, _col1, _col2, _col3, _col4, _col5, _col6, _col7, _col8, _col9
                    Statistics: Num rows: 100 Data size: 16000 Basic stats: COMPLETE Column stats: COMPLETE
                    File Output Operator
                      compressed: false
                      Statistics: Num rows: 100 Data size: 16000 Basic stats: COMPLETE Column stats: COMPLETE
                      table:
                          input format: org.apache.hadoop.mapred.SequenceFileInputFormat
                          output format: org.apache.hadoop.hive.ql.io.HiveSequenceFileOutputFormat
                          serde: org.apache.hadoop.hive.serde2.lazy.LazySimpleSerDe
        Reducer 9 
            Execution mode: vectorized, llap
            Reduce Operator Tree:
              Group By Operator
                aggregations: min(VALUE._col0), max(VALUE._col1), min(VALUE._col2), max(VALUE._col3), bloom_filter(VALUE._col4, expectedEntries=1000000)
                mode: final
                outputColumnNames: _col0, _col1, _col2, _col3, _col4
                Statistics: Num rows: 1 Data size: 176 Basic stats: COMPLETE Column stats: COMPLETE
                Reduce Output Operator
                  null sort order: 
                  sort order: 
                  Statistics: Num rows: 1 Data size: 176 Basic stats: COMPLETE Column stats: COMPLETE
                  value expressions: _col0 (type: bigint), _col1 (type: bigint), _col2 (type: bigint), _col3 (type: bigint), _col4 (type: binary)
        Union 11 
            Vertex: Union 11
        Union 13 
            Vertex: Union 13
        Union 3 
            Vertex: Union 3
        Union 5 
            Vertex: Union 5

  Stage: Stage-0
    Fetch Operator
      limit: -1
      Processor Tree:
        ListSink

