STAGE DEPENDENCIES:
  Stage-1 is a root stage
  Stage-0 depends on stages: Stage-1

STAGE PLANS:
  Stage: Stage-1
    Tez
#### A masked pattern was here ####
      Edges:
        Map 1 <- Map 4 (BROADCAST_EDGE), Reducer 8 (BROADCAST_EDGE)
        Reducer 10 <- Map 5 (CUSTOM_SIMPLE_EDGE), Map 9 (CUSTOM_SIMPLE_EDGE)
        Reducer 11 <- Reducer 10 (SIMPLE_EDGE)
        Reducer 12 <- Reducer 11 (SIMPLE_EDGE), Union 7 (CONTAINS)
        Reducer 2 <- Map 1 (SIMPLE_EDGE)
        Reducer 3 <- Reducer 2 (SIMPLE_EDGE)
        Reducer 6 <- Map 5 (SIMPLE_EDGE), Union 7 (CONTAINS)
        Reducer 8 <- Map 13 (BROADCAST_EDGE), Union 7 (SIMPLE_EDGE)
#### A masked pattern was here ####
      Vertices:
        Map 1 
            Map Operator Tree:
                TableScan
                  alias: store_sales
                  filterExpr: ss_store_sk is not null (type: boolean)
                  Statistics: Num rows: 82510879939 Data size: 10327900046896 Basic stats: COMPLETE Column stats: COMPLETE
                  Filter Operator
                    predicate: ss_store_sk is not null (type: boolean)
                    Statistics: Num rows: 80569240632 Data size: 10084864744080 Basic stats: COMPLETE Column stats: COMPLETE
                    Select Operator
                      expressions: ss_store_sk (type: bigint), ss_net_profit (type: decimal(7,2)), ss_sold_date_sk (type: bigint)
                      outputColumnNames: _col0, _col1, _col2
                      Statistics: Num rows: 80569240632 Data size: 10084864744080 Basic stats: COMPLETE Column stats: COMPLETE
                      Map Join Operator
                        condition map:
                             Inner Join 0 to 1
                        keys:
                          0 _col2 (type: bigint)
                          1 _col0 (type: bigint)
                        outputColumnNames: _col0, _col1
                        input vertices:
                          1 Map 4
                        Statistics: Num rows: 4059292496 Data size: 259117042704 Basic stats: COMPLETE Column stats: COMPLETE
                        Map Join Operator
                          condition map:
                               Inner Join 0 to 1
                          keys:
                            0 _col0 (type: bigint)
                            1 _col1 (type: bigint)
                          outputColumnNames: _col1, _col6
                          input vertices:
                            1 Reducer 8
                          Statistics: Num rows: 1 Data size: 200 Basic stats: COMPLETE Column stats: COMPLETE
                          Top N Key Operator
                            sort order: +
                            keys: _col6 (type: varchar(50))
                            null sort order: z
                            Statistics: Num rows: 1 Data size: 200 Basic stats: COMPLETE Column stats: COMPLETE
                            top n: 100
                            Group By Operator
                              aggregations: sum(_col1)
                              keys: _col6 (type: varchar(50))
                              minReductionHashAggr: 0.4
                              mode: hash
                              outputColumnNames: _col0, _col1
                              Statistics: Num rows: 1 Data size: 200 Basic stats: COMPLETE Column stats: COMPLETE
                              Reduce Output Operator
                                key expressions: _col0 (type: varchar(50))
                                null sort order: z
                                sort order: +
                                Map-reduce partition columns: _col0 (type: varchar(50))
                                Statistics: Num rows: 1 Data size: 200 Basic stats: COMPLETE Column stats: COMPLETE
                                value expressions: _col1 (type: decimal(17,2))
            Execution mode: vectorized, llap
            LLAP IO: may be used (ACID table)
        Map 13 
            Map Operator Tree:
                TableScan
                  alias: store
                  filterExpr: substr(s_zip, 1, 2) is not null (type: boolean)
                  Statistics: Num rows: 1704 Data size: 315240 Basic stats: COMPLETE Column stats: COMPLETE
                  Filter Operator
                    predicate: substr(s_zip, 1, 2) is not null (type: boolean)
                    Statistics: Num rows: 1704 Data size: 315240 Basic stats: COMPLETE Column stats: COMPLETE
                    Select Operator
                      expressions: s_store_sk (type: bigint), s_store_name (type: varchar(50)), substr(s_zip, 1, 2) (type: string)
                      outputColumnNames: _col0, _col1, _col2
                      Statistics: Num rows: 1704 Data size: 310128 Basic stats: COMPLETE Column stats: COMPLETE
                      Reduce Output Operator
                        key expressions: _col2 (type: string)
                        null sort order: z
                        sort order: +
                        Map-reduce partition columns: _col2 (type: string)
                        Statistics: Num rows: 1704 Data size: 310128 Basic stats: COMPLETE Column stats: COMPLETE
                        value expressions: _col0 (type: bigint), _col1 (type: varchar(50))
            Execution mode: vectorized, llap
            LLAP IO: may be used (ACID table)
        Map 4 
            Map Operator Tree:
                TableScan
                  alias: date_dim
                  filterExpr: ((d_year = 2002) and (d_qoy = 1)) (type: boolean)
                  Statistics: Num rows: 73049 Data size: 1168784 Basic stats: COMPLETE Column stats: COMPLETE
                  Filter Operator
                    predicate: ((d_year = 2002) and (d_qoy = 1)) (type: boolean)
                    Statistics: Num rows: 92 Data size: 1472 Basic stats: COMPLETE Column stats: COMPLETE
                    Select Operator
                      expressions: d_date_sk (type: bigint)
                      outputColumnNames: _col0
                      Statistics: Num rows: 92 Data size: 736 Basic stats: COMPLETE Column stats: COMPLETE
                      Reduce Output Operator
                        key expressions: _col0 (type: bigint)
                        null sort order: z
                        sort order: +
                        Map-reduce partition columns: _col0 (type: bigint)
                        Statistics: Num rows: 92 Data size: 736 Basic stats: COMPLETE Column stats: COMPLETE
                      Select Operator
                        expressions: _col0 (type: bigint)
                        outputColumnNames: _col0
                        Statistics: Num rows: 92 Data size: 736 Basic stats: COMPLETE Column stats: COMPLETE
                        Group By Operator
                          keys: _col0 (type: bigint)
                          minReductionHashAggr: 0.4
                          mode: hash
                          outputColumnNames: _col0
                          Statistics: Num rows: 92 Data size: 736 Basic stats: COMPLETE Column stats: COMPLETE
                          Dynamic Partitioning Event Operator
                            Target column: ss_sold_date_sk (bigint)
                            Target Input: store_sales
                            Partition key expr: ss_sold_date_sk
                            Statistics: Num rows: 92 Data size: 736 Basic stats: COMPLETE Column stats: COMPLETE
                            Target Vertex: Map 1
            Execution mode: vectorized, llap
            LLAP IO: may be used (ACID table)
        Map 5 
            Map Operator Tree:
                TableScan
                  alias: customer_address
                  filterExpr: (((substr(ca_zip, 1, 5)) IN ('89436', '30868', '65085', '22977', '83927', '77557', '58429', '40697', '80614', '10502', '32779', '91137', '61265', '98294', '17921', '18427', '21203', '59362', '87291', '84093', '21505', '17184', '10866', '67898', '25797', '28055', '18377', '80332', '74535', '21757', '29742', '90885', '29898', '17819', '40811', '25990', '47513', '89531', '91068', '10391', '18846', '99223', '82637', '41368', '83658', '86199', '81625', '26696', '89338', '88425', '32200', '81427', '19053', '77471', '36610', '99823', '43276', '41249', '48584', '83550', '82276', '18842', '78890', '14090', '38123', '40936', '34425', '19850', '43286', '80072', '79188', '54191', '11395', '50497', '84861', '90733', '21068', '57666', '37119', '25004', '57835', '70067', '62878', '95806', '19303', '18840', '19124', '29785', '16737', '16022', '49613', '89977', '68310', '60069', '98360', '48649', '39050', '41793', '25002', '27413', '39736', '47208', '16515', '94808', '57648', '15009', '80015', '42961', '63982', '21744', '71853', '81087', '67468', '34175', '64008', '20261', '11201', '51799', '48043', '45645', '61163', '48375', '36447', '57042', '21218', '41100', '89951', '22745', '35851', '83326', '61125', '78298', '80752', '49858', '52940', '96976', '63792', '11376', '53582', '18717', '90226', '50530', '94203', '99447', '27670', '96577', '57856', '56372', '16165', '23427', '54561', '28806', '44439', '22926', '30123', '61451', '92397', '56979', '92309', '70873', '13355', '21801', '46346', '37562', '56458', '28286', '47306', '99555', '69399', '26234', '47546', '49661', '88601', '35943', '39936', '25632', '24611', '44166', '56648', '30379', '59785', '11110', '14329', '93815', '52226', '71381', '13842', '25612', '63294', '14664', '21077', '82626', '18799', '60915', '81020', '56447', '76619', '11433', '13414', '42548', '92713', '70467', '30884', '47484', '16072', '38936', '13036', '88376', '45539', '35901', '19506', '65690', '73957', '71850', '49231', '14276', '20005', '18384', '76615', '11635', '38177', '55607', '41369', '95447', '58581', '58149', '91946', '33790', '76232', '75692', '95464', '22246', '51061', '56692', '53121', '77209', '15482', '10688', '14868', '45907', '73520', '72666', '25734', '17959', '24677', '66446', '94627', '53535', '15560', '41967', '69297', '11929', '59403', '33283', '52232', '57350', '43933', '40921', '36635', '10827', '71286', '19736', '80619', '25251', '95042', '15526', '36496', '55854', '49124', '81980', '35375', '49157', '63512', '28944', '14946', '36503', '54010', '18767', '23969', '43905', '66979', '33113', '21286', '58471', '59080', '13395', '79144', '70373', '67031', '38360', '26705', '50906', '52406', '26066', '73146', '15884', '31897', '30045', '61068', '45550', '92454', '13376', '14354', '19770', '22928', '97790', '50723', '46081', '30202', '14410', '20223', '88500', '67298', '13261', '14172', '81410', '93578', '83583', '46047', '94167', '82564', '21156', '15799', '86709', '37931', '74703', '83103', '23054', '70470', '72008', '49247', '91911', '69998', '20961', '70070', '63197', '54853', '88191', '91830', '49521', '19454', '81450', '89091', '62378', '25683', '61869', '51744', '36580', '85778', '36871', '48121', '28810', '83712', '45486', '67393', '26935', '42393', '20132', '55349', '86057', '21309', '80218', '10094', '11357', '48819', '39734', '40758', '30432', '21204', '29467', '30214', '61024', '55307', '74621', '11622', '68908', '33032', '52868', '99194', '99900', '84936', '69036', '99149', '45013', '32895', '59004', '32322', '14933', '32936', '33562', '72550', '27385', '58049', '58200', '16808', '21360', '32961', '18586', '79307', '15492') and substr(substr(ca_zip, 1, 5), 1, 2) is not null) or substr(substr(ca_zip, 1, 5), 1, 2) is not null) (type: boolean)
                  Statistics: Num rows: 40000000 Data size: 3560000000 Basic stats: COMPLETE Column stats: COMPLETE
                  Filter Operator
                    predicate: ((substr(ca_zip, 1, 5)) IN ('89436', '30868', '65085', '22977', '83927', '77557', '58429', '40697', '80614', '10502', '32779', '91137', '61265', '98294', '17921', '18427', '21203', '59362', '87291', '84093', '21505', '17184', '10866', '67898', '25797', '28055', '18377', '80332', '74535', '21757', '29742', '90885', '29898', '17819', '40811', '25990', '47513', '89531', '91068', '10391', '18846', '99223', '82637', '41368', '83658', '86199', '81625', '26696', '89338', '88425', '32200', '81427', '19053', '77471', '36610', '99823', '43276', '41249', '48584', '83550', '82276', '18842', '78890', '14090', '38123', '40936', '34425', '19850', '43286', '80072', '79188', '54191', '11395', '50497', '84861', '90733', '21068', '57666', '37119', '25004', '57835', '70067', '62878', '95806', '19303', '18840', '19124', '29785', '16737', '16022', '49613', '89977', '68310', '60069', '98360', '48649', '39050', '41793', '25002', '27413', '39736', '47208', '16515', '94808', '57648', '15009', '80015', '42961', '63982', '21744', '71853', '81087', '67468', '34175', '64008', '20261', '11201', '51799', '48043', '45645', '61163', '48375', '36447', '57042', '21218', '41100', '89951', '22745', '35851', '83326', '61125', '78298', '80752', '49858', '52940', '96976', '63792', '11376', '53582', '18717', '90226', '50530', '94203', '99447', '27670', '96577', '57856', '56372', '16165', '23427', '54561', '28806', '44439', '22926', '30123', '61451', '92397', '56979', '92309', '70873', '13355', '21801', '46346', '37562', '56458', '28286', '47306', '99555', '69399', '26234', '47546', '49661', '88601', '35943', '39936', '25632', '24611', '44166', '56648', '30379', '59785', '11110', '14329', '93815', '52226', '71381', '13842', '25612', '63294', '14664', '21077', '82626', '18799', '60915', '81020', '56447', '76619', '11433', '13414', '42548', '92713', '70467', '30884', '47484', '16072', '38936', '13036', '88376', '45539', '35901', '19506', '65690', '73957', '71850', '49231', '14276', '20005', '18384', '76615', '11635', '38177', '55607', '41369', '95447', '58581', '58149', '91946', '33790', '76232', '75692', '95464', '22246', '51061', '56692', '53121', '77209', '15482', '10688', '14868', '45907', '73520', '72666', '25734', '17959', '24677', '66446', '94627', '53535', '15560', '41967', '69297', '11929', '59403', '33283', '52232', '57350', '43933', '40921', '36635', '10827', '71286', '19736', '80619', '25251', '95042', '15526', '36496', '55854', '49124', '81980', '35375', '49157', '63512', '28944', '14946', '36503', '54010', '18767', '23969', '43905', '66979', '33113', '21286', '58471', '59080', '13395', '79144', '70373', '67031', '38360', '26705', '50906', '52406', '26066', '73146', '15884', '31897', '30045', '61068', '45550', '92454', '13376', '14354', '19770', '22928', '97790', '50723', '46081', '30202', '14410', '20223', '88500', '67298', '13261', '14172', '81410', '93578', '83583', '46047', '94167', '82564', '21156', '15799', '86709', '37931', '74703', '83103', '23054', '70470', '72008', '49247', '91911', '69998', '20961', '70070', '63197', '54853', '88191', '91830', '49521', '19454', '81450', '89091', '62378', '25683', '61869', '51744', '36580', '85778', '36871', '48121', '28810', '83712', '45486', '67393', '26935', '42393', '20132', '55349', '86057', '21309', '80218', '10094', '11357', '48819', '39734', '40758', '30432', '21204', '29467', '30214', '61024', '55307', '74621', '11622', '68908', '33032', '52868', '99194', '99900', '84936', '69036', '99149', '45013', '32895', '59004', '32322', '14933', '32936', '33562', '72550', '27385', '58049', '58200', '16808', '21360', '32961', '18586', '79307', '15492') and substr(substr(ca_zip, 1, 5), 1, 2) is not null) (type: boolean)
                    Statistics: Num rows: 20000000 Data size: 1780000000 Basic stats: COMPLETE Column stats: COMPLETE
                    Select Operator
                      expressions: substr(ca_zip, 1, 5) (type: string)
                      outputColumnNames: _col0
                      Statistics: Num rows: 20000000 Data size: 1780000000 Basic stats: COMPLETE Column stats: COMPLETE
                      Group By Operator
                        aggregations: count()
                        keys: _col0 (type: string)
                        minReductionHashAggr: 0.99
                        mode: hash
                        outputColumnNames: _col0, _col1
                        Statistics: Num rows: 133532 Data size: 12819072 Basic stats: COMPLETE Column stats: COMPLETE
                        Reduce Output Operator
                          key expressions: _col0 (type: string)
                          null sort order: z
                          sort order: +
                          Map-reduce partition columns: _col0 (type: string)
                          Statistics: Num rows: 133532 Data size: 12819072 Basic stats: COMPLETE Column stats: COMPLETE
                          value expressions: _col1 (type: bigint)
                  Filter Operator
                    predicate: substr(substr(ca_zip, 1, 5), 1, 2) is not null (type: boolean)
                    Statistics: Num rows: 40000000 Data size: 3880000000 Basic stats: COMPLETE Column stats: COMPLETE
                    Select Operator
                      expressions: ca_address_sk (type: bigint), ca_zip (type: char(10))
                      outputColumnNames: _col0, _col1
                      Statistics: Num rows: 40000000 Data size: 3880000000 Basic stats: COMPLETE Column stats: COMPLETE
                      Reduce Output Operator
                        key expressions: _col0 (type: bigint)
                        null sort order: z
                        sort order: +
                        Map-reduce partition columns: _col0 (type: bigint)
                        Statistics: Num rows: 40000000 Data size: 3880000000 Basic stats: COMPLETE Column stats: COMPLETE
                        value expressions: _col1 (type: char(10))
            Execution mode: vectorized, llap
            LLAP IO: may be used (ACID table)
        Map 9 
            Map Operator Tree:
                TableScan
                  alias: customer
                  filterExpr: ((c_preferred_cust_flag = 'Y') and c_current_addr_sk is not null) (type: boolean)
                  Statistics: Num rows: 80000000 Data size: 7440000000 Basic stats: COMPLETE Column stats: COMPLETE
                  Filter Operator
                    predicate: ((c_preferred_cust_flag = 'Y') and c_current_addr_sk is not null) (type: boolean)
                    Statistics: Num rows: 26666667 Data size: 2480000031 Basic stats: COMPLETE Column stats: COMPLETE
                    Select Operator
                      expressions: c_current_addr_sk (type: bigint)
                      outputColumnNames: _col0
                      Statistics: Num rows: 26666667 Data size: 213333336 Basic stats: COMPLETE Column stats: COMPLETE
                      Reduce Output Operator
                        key expressions: _col0 (type: bigint)
                        null sort order: z
                        sort order: +
                        Map-reduce partition columns: _col0 (type: bigint)
                        Statistics: Num rows: 26666667 Data size: 213333336 Basic stats: COMPLETE Column stats: COMPLETE
            Execution mode: vectorized, llap
            LLAP IO: may be used (ACID table)
        Reducer 10 
            Execution mode: vectorized, llap
            Reduce Operator Tree:
              Map Join Operator
                condition map:
                     Inner Join 0 to 1
                keys:
                  0 KEY.reducesinkkey0 (type: bigint)
                  1 KEY.reducesinkkey0 (type: bigint)
                outputColumnNames: _col1
                input vertices:
                  0 Map 5
                Statistics: Num rows: 26666667 Data size: 2373333363 Basic stats: COMPLETE Column stats: COMPLETE
                DynamicPartitionHashJoin: true
                Group By Operator
                  aggregations: count()
                  keys: _col1 (type: char(10))
                  minReductionHashAggr: 0.99
                  mode: hash
                  outputColumnNames: _col0, _col1
                  Statistics: Num rows: 63590 Data size: 6168230 Basic stats: COMPLETE Column stats: COMPLETE
                  Reduce Output Operator
                    key expressions: _col0 (type: char(10))
                    null sort order: z
                    sort order: +
                    Map-reduce partition columns: _col0 (type: char(10))
                    Statistics: Num rows: 63590 Data size: 6168230 Basic stats: COMPLETE Column stats: COMPLETE
                    value expressions: _col1 (type: bigint)
        Reducer 11 
            Execution mode: vectorized, llap
            Reduce Operator Tree:
              Group By Operator
                aggregations: count(VALUE._col0)
                keys: KEY._col0 (type: char(10))
                mode: mergepartial
                outputColumnNames: _col0, _col1
                Statistics: Num rows: 6359 Data size: 616823 Basic stats: COMPLETE Column stats: COMPLETE
                Filter Operator
                  predicate: (_col1 > 10L) (type: boolean)
                  Statistics: Num rows: 2119 Data size: 205543 Basic stats: COMPLETE Column stats: COMPLETE
                  Select Operator
                    expressions: substr(_col0, 1, 5) (type: string)
                    outputColumnNames: _col0
                    Statistics: Num rows: 2119 Data size: 205543 Basic stats: COMPLETE Column stats: COMPLETE
                    Group By Operator
                      aggregations: count()
                      keys: _col0 (type: string)
                      minReductionHashAggr: 0.4
                      mode: hash
                      outputColumnNames: _col0, _col1
                      Statistics: Num rows: 2119 Data size: 203424 Basic stats: COMPLETE Column stats: COMPLETE
                      Reduce Output Operator
                        key expressions: _col0 (type: string)
                        null sort order: z
                        sort order: +
                        Map-reduce partition columns: _col0 (type: string)
                        Statistics: Num rows: 2119 Data size: 203424 Basic stats: COMPLETE Column stats: COMPLETE
                        value expressions: _col1 (type: bigint)
        Reducer 12 
            Execution mode: vectorized, llap
            Reduce Operator Tree:
              Group By Operator
                aggregations: count(VALUE._col0)
                keys: KEY._col0 (type: string)
                mode: mergepartial
                outputColumnNames: _col0, _col1
                Statistics: Num rows: 2119 Data size: 203424 Basic stats: COMPLETE Column stats: COMPLETE
                Group By Operator
                  aggregations: count(_col1)
                  keys: _col0 (type: string)
                  minReductionHashAggr: 0.4
                  mode: hash
                  outputColumnNames: _col0, _col1
                  Statistics: Num rows: 9538 Data size: 915648 Basic stats: COMPLETE Column stats: COMPLETE
                  Reduce Output Operator
                    key expressions: _col0 (type: string)
                    null sort order: z
                    sort order: +
                    Map-reduce partition columns: _col0 (type: string)
                    Statistics: Num rows: 9538 Data size: 915648 Basic stats: COMPLETE Column stats: COMPLETE
                    value expressions: _col1 (type: bigint)
        Reducer 2 
            Execution mode: vectorized, llap
            Reduce Operator Tree:
              Group By Operator
                aggregations: sum(VALUE._col0)
                keys: KEY._col0 (type: varchar(50))
                mode: mergepartial
                outputColumnNames: _col0, _col1
                Statistics: Num rows: 1 Data size: 200 Basic stats: COMPLETE Column stats: COMPLETE
                Reduce Output Operator
                  key expressions: _col0 (type: varchar(50))
                  null sort order: z
                  sort order: +
                  Statistics: Num rows: 1 Data size: 200 Basic stats: COMPLETE Column stats: COMPLETE
                  value expressions: _col1 (type: decimal(17,2))
        Reducer 3 
            Execution mode: vectorized, llap
            Reduce Operator Tree:
              Select Operator
                expressions: KEY.reducesinkkey0 (type: varchar(50)), VALUE._col0 (type: decimal(17,2))
                outputColumnNames: _col0, _col1
                Statistics: Num rows: 1 Data size: 200 Basic stats: COMPLETE Column stats: COMPLETE
                Limit
                  Number of rows: 100
                  Statistics: Num rows: 1 Data size: 200 Basic stats: COMPLETE Column stats: COMPLETE
                  File Output Operator
                    compressed: false
                    Statistics: Num rows: 1 Data size: 200 Basic stats: COMPLETE Column stats: COMPLETE
                    table:
                        input format: org.apache.hadoop.mapred.SequenceFileInputFormat
                        output format: org.apache.hadoop.hive.ql.io.HiveSequenceFileOutputFormat
                        serde: org.apache.hadoop.hive.serde2.lazy.LazySimpleSerDe
        Reducer 6 
            Execution mode: vectorized, llap
            Reduce Operator Tree:
              Group By Operator
                aggregations: count(VALUE._col0)
                keys: KEY._col0 (type: string)
                mode: mergepartial
                outputColumnNames: _col0, _col1
                Statistics: Num rows: 9538 Data size: 915648 Basic stats: COMPLETE Column stats: COMPLETE
                Group By Operator
                  aggregations: count(_col1)
                  keys: _col0 (type: string)
                  minReductionHashAggr: 0.4
                  mode: hash
                  outputColumnNames: _col0, _col1
                  Statistics: Num rows: 9538 Data size: 915648 Basic stats: COMPLETE Column stats: COMPLETE
                  Reduce Output Operator
                    key expressions: _col0 (type: string)
                    null sort order: z
                    sort order: +
                    Map-reduce partition columns: _col0 (type: string)
                    Statistics: Num rows: 9538 Data size: 915648 Basic stats: COMPLETE Column stats: COMPLETE
                    value expressions: _col1 (type: bigint)
        Reducer 8 
            Execution mode: vectorized, llap
            Reduce Operator Tree:
              Group By Operator
                aggregations: count(VALUE._col0)
                keys: KEY._col0 (type: string)
                mode: mergepartial
                outputColumnNames: _col0, _col1
                Statistics: Num rows: 9538 Data size: 915648 Basic stats: COMPLETE Column stats: COMPLETE
                Filter Operator
                  predicate: (_col1 = 2L) (type: boolean)
                  Statistics: Num rows: 1 Data size: 96 Basic stats: COMPLETE Column stats: COMPLETE
                  Select Operator
                    expressions: substr(_col0, 1, 2) (type: string)
                    outputColumnNames: _col0
                    Statistics: Num rows: 1 Data size: 86 Basic stats: COMPLETE Column stats: COMPLETE
                    Map Join Operator
                      condition map:
                           Inner Join 0 to 1
                      keys:
                        0 _col0 (type: string)
                        1 _col2 (type: string)
                      outputColumnNames: _col1, _col2
                      input vertices:
                        1 Map 13
                      Statistics: Num rows: 1 Data size: 96 Basic stats: COMPLETE Column stats: COMPLETE
                      Reduce Output Operator
                        key expressions: _col1 (type: bigint)
                        null sort order: z
                        sort order: +
                        Map-reduce partition columns: _col1 (type: bigint)
                        Statistics: Num rows: 1 Data size: 96 Basic stats: COMPLETE Column stats: COMPLETE
                        value expressions: _col2 (type: varchar(50))
        Union 7 
            Vertex: Union 7

  Stage: Stage-0
    Fetch Operator
      limit: 100
      Processor Tree:
        ListSink

