STAGE DEPENDENCIES:
  Stage-1 is a root stage
  Stage-0 depends on stages: Stage-1

STAGE PLANS:
  Stage: Stage-1
    Tez
#### A masked pattern was here ####
      Edges:
        Map 1 <- Map 3 (BROADCAST_EDGE), Map 4 (BROADCAST_EDGE), Map 5 (BROADCAST_EDGE)
        Reducer 2 <- Map 1 (CUSTOM_SIMPLE_EDGE)
#### A masked pattern was here ####
      Vertices:
        Map 1 
            Map Operator Tree:
                TableScan
                  alias: store_sales
                  filterExpr: ((ss_sales_price BETWEEN 100 AND 150 or ss_sales_price BETWEEN 50 AND 100 or ss_sales_price BETWEEN 150 AND 200) and ss_cdemo_sk is not null and ss_addr_sk is not null and ss_store_sk is not null and ((ss_sales_price >= 100) or (ss_sales_price <= 150) or (ss_sales_price >= 50) or (ss_sales_price <= 100) or (ss_sales_price >= 150) or (ss_sales_price <= 200)) and ((ss_net_profit >= 0) or (ss_net_profit <= 2000) or (ss_net_profit >= 150) or (ss_net_profit <= 3000) or (ss_net_profit >= 50) or (ss_net_profit <= 25000))) (type: boolean)
                  probeDecodeDetails: cacheKey:HASH_MAP_MAPJOIN_66_container, bigKeyColName:ss_addr_sk, smallTablePos:1, keyRatio:4.5388430020000927E-4
                  Statistics: Num rows: 82510879939 Data size: 20962809999708 Basic stats: COMPLETE Column stats: COMPLETE
                  Filter Operator
                    predicate: ((ss_sales_price BETWEEN 100 AND 150 or ss_sales_price BETWEEN 50 AND 100 or ss_sales_price BETWEEN 150 AND 200) and ss_cdemo_sk is not null and ss_addr_sk is not null and ss_store_sk is not null and ((ss_sales_price >= 100) or (ss_sales_price <= 150) or (ss_sales_price >= 50) or (ss_sales_price <= 100) or (ss_sales_price >= 150) or (ss_sales_price <= 200)) and ((ss_net_profit >= 0) or (ss_net_profit <= 2000) or (ss_net_profit >= 150) or (ss_net_profit <= 3000) or (ss_net_profit >= 50) or (ss_net_profit <= 25000))) (type: boolean)
                    Statistics: Num rows: 76811877158 Data size: 19514914733352 Basic stats: COMPLETE Column stats: COMPLETE
                    Select Operator
                      expressions: ss_cdemo_sk (type: bigint), ss_addr_sk (type: bigint), ss_quantity (type: int), ss_sold_date_sk (type: bigint), ss_net_profit BETWEEN 0 AND 2000 (type: boolean), ss_net_profit BETWEEN 150 AND 3000 (type: boolean), ss_net_profit BETWEEN 50 AND 25000 (type: boolean)
                      outputColumnNames: _col0, _col1, _col2, _col3, _col4, _col5, _col6
                      Statistics: Num rows: 76811877158 Data size: 3036232104168 Basic stats: COMPLETE Column stats: COMPLETE
                      Map Join Operator
                        condition map:
                             Inner Join 0 to 1
                        keys:
                          0 _col3 (type: bigint)
                          1 _col0 (type: bigint)
                        outputColumnNames: _col0, _col1, _col2, _col4, _col5, _col6
                        input vertices:
                          1 Map 3
                        Statistics: Num rows: 15437880863 Data size: 457769205464 Basic stats: COMPLETE Column stats: COMPLETE
                        Map Join Operator
                          condition map:
                               Inner Join 0 to 1
                          keys:
                            0 _col0 (type: bigint)
                            1 _col0 (type: bigint)
                          outputColumnNames: _col1, _col2, _col4, _col5, _col6
                          input vertices:
                            1 Map 4
                          Statistics: Num rows: 441082313 Data size: 5292987768 Basic stats: COMPLETE Column stats: COMPLETE
                          Map Join Operator
                            condition map:
                                 Inner Join 0 to 1
                            keys:
                              0 _col1 (type: bigint)
                              1 _col0 (type: bigint)
                            outputColumnNames: _col2, _col4, _col5, _col6, _col10, _col11, _col12
                            input vertices:
                              1 Map 5
                            Statistics: Num rows: 37450393 Data size: 898809436 Basic stats: COMPLETE Column stats: COMPLETE
                            Filter Operator
                              predicate: ((_col10 and _col4) or (_col11 and _col5) or (_col12 and _col6)) (type: boolean)
                              Statistics: Num rows: 28087794 Data size: 674107060 Basic stats: COMPLETE Column stats: COMPLETE
                              Select Operator
                                expressions: _col2 (type: int)
                                outputColumnNames: _col2
                                Statistics: Num rows: 28087794 Data size: 674107060 Basic stats: COMPLETE Column stats: COMPLETE
                                Group By Operator
                                  aggregations: sum(_col2)
                                  minReductionHashAggr: 0.99
                                  mode: hash
                                  outputColumnNames: _col0
                                  Statistics: Num rows: 1 Data size: 8 Basic stats: COMPLETE Column stats: COMPLETE
                                  Reduce Output Operator
                                    null sort order: 
                                    sort order: 
                                    Statistics: Num rows: 1 Data size: 8 Basic stats: COMPLETE Column stats: COMPLETE
                                    value expressions: _col0 (type: bigint)
            Execution mode: vectorized, llap
            LLAP IO: may be used (ACID table)
        Map 3 
            Map Operator Tree:
                TableScan
                  alias: date_dim
                  filterExpr: (d_year = 1998) (type: boolean)
                  Statistics: Num rows: 73049 Data size: 876588 Basic stats: COMPLETE Column stats: COMPLETE
                  Filter Operator
                    predicate: (d_year = 1998) (type: boolean)
                    Statistics: Num rows: 367 Data size: 4404 Basic stats: COMPLETE Column stats: COMPLETE
                    Select Operator
                      expressions: d_date_sk (type: bigint)
                      outputColumnNames: _col0
                      Statistics: Num rows: 367 Data size: 2936 Basic stats: COMPLETE Column stats: COMPLETE
                      Reduce Output Operator
                        key expressions: _col0 (type: bigint)
                        null sort order: z
                        sort order: +
                        Map-reduce partition columns: _col0 (type: bigint)
                        Statistics: Num rows: 367 Data size: 2936 Basic stats: COMPLETE Column stats: COMPLETE
                      Select Operator
                        expressions: _col0 (type: bigint)
                        outputColumnNames: _col0
                        Statistics: Num rows: 367 Data size: 2936 Basic stats: COMPLETE Column stats: COMPLETE
                        Group By Operator
                          keys: _col0 (type: bigint)
                          minReductionHashAggr: 0.4
                          mode: hash
                          outputColumnNames: _col0
                          Statistics: Num rows: 367 Data size: 2936 Basic stats: COMPLETE Column stats: COMPLETE
                          Dynamic Partitioning Event Operator
                            Target column: ss_sold_date_sk (bigint)
                            Target Input: store_sales
                            Partition key expr: ss_sold_date_sk
                            Statistics: Num rows: 367 Data size: 2936 Basic stats: COMPLETE Column stats: COMPLETE
                            Target Vertex: Map 1
            Execution mode: vectorized, llap
            LLAP IO: may be used (ACID table)
        Map 4 
            Map Operator Tree:
                TableScan
                  alias: customer_demographics
                  filterExpr: ((cd_marital_status = 'M') and (cd_education_status = '4 yr Degree         ')) (type: boolean)
                  Statistics: Num rows: 1920800 Data size: 359189600 Basic stats: COMPLETE Column stats: COMPLETE
                  Filter Operator
                    predicate: ((cd_marital_status = 'M') and (cd_education_status = '4 yr Degree         ')) (type: boolean)
                    Statistics: Num rows: 54880 Data size: 10262560 Basic stats: COMPLETE Column stats: COMPLETE
                    Select Operator
                      expressions: cd_demo_sk (type: bigint)
                      outputColumnNames: _col0
                      Statistics: Num rows: 54880 Data size: 439040 Basic stats: COMPLETE Column stats: COMPLETE
                      Reduce Output Operator
                        key expressions: _col0 (type: bigint)
                        null sort order: z
                        sort order: +
                        Map-reduce partition columns: _col0 (type: bigint)
                        Statistics: Num rows: 54880 Data size: 439040 Basic stats: COMPLETE Column stats: COMPLETE
            Execution mode: vectorized, llap
            LLAP IO: may be used (ACID table)
        Map 5 
            Map Operator Tree:
                TableScan
                  alias: customer_address
                  filterExpr: ((ca_state) IN ('KY', 'GA', 'NM', 'MT', 'OR', 'IN', 'WI', 'MO', 'WV') and (ca_country = 'United States')) (type: boolean)
                  Statistics: Num rows: 40000000 Data size: 7640000000 Basic stats: COMPLETE Column stats: COMPLETE
                  Filter Operator
                    predicate: ((ca_state) IN ('KY', 'GA', 'NM', 'MT', 'OR', 'IN', 'WI', 'MO', 'WV') and (ca_country = 'United States')) (type: boolean)
                    Statistics: Num rows: 3396227 Data size: 648679357 Basic stats: COMPLETE Column stats: COMPLETE
                    Select Operator
                      expressions: ca_address_sk (type: bigint), (ca_state) IN ('KY', 'GA', 'NM') (type: boolean), (ca_state) IN ('MT', 'OR', 'IN') (type: boolean), (ca_state) IN ('WI', 'MO', 'WV') (type: boolean)
                      outputColumnNames: _col0, _col1, _col2, _col3
                      Statistics: Num rows: 3396227 Data size: 67924540 Basic stats: COMPLETE Column stats: COMPLETE
                      Reduce Output Operator
                        key expressions: _col0 (type: bigint)
                        null sort order: z
                        sort order: +
                        Map-reduce partition columns: _col0 (type: bigint)
                        Statistics: Num rows: 3396227 Data size: 67924540 Basic stats: COMPLETE Column stats: COMPLETE
                        value expressions: _col1 (type: boolean), _col2 (type: boolean), _col3 (type: boolean)
            Execution mode: vectorized, llap
            LLAP IO: may be used (ACID table)
        Reducer 2 
            Execution mode: vectorized, llap
            Reduce Operator Tree:
              Group By Operator
                aggregations: sum(VALUE._col0)
                mode: mergepartial
                outputColumnNames: _col0
                Statistics: Num rows: 1 Data size: 8 Basic stats: COMPLETE Column stats: COMPLETE
                File Output Operator
                  compressed: false
                  Statistics: Num rows: 1 Data size: 8 Basic stats: COMPLETE Column stats: COMPLETE
                  table:
                      input format: org.apache.hadoop.mapred.SequenceFileInputFormat
                      output format: org.apache.hadoop.hive.ql.io.HiveSequenceFileOutputFormat
                      serde: org.apache.hadoop.hive.serde2.lazy.LazySimpleSerDe

  Stage: Stage-0
    Fetch Operator
      limit: -1
      Processor Tree:
        ListSink

