STAGE DEPENDENCIES:
  Stage-1 is a root stage
  Stage-0 depends on stages: Stage-1

STAGE PLANS:
  Stage: Stage-1
    Tez
#### A masked pattern was here ####
      Edges:
        Map 4 <- Map 8 (BROADCAST_EDGE), Map 9 (BROADCAST_EDGE)
        Reducer 2 <- Map 1 (CUSTOM_SIMPLE_EDGE), Map 3 (CUSTOM_SIMPLE_EDGE)
        Reducer 5 <- Map 10 (BROADCAST_EDGE), Map 4 (CUSTOM_SIMPLE_EDGE), Reducer 2 (CUSTOM_SIMPLE_EDGE)
        Reducer 6 <- Reducer 5 (SIMPLE_EDGE)
        Reducer 7 <- Reducer 6 (SIMPLE_EDGE)
#### A masked pattern was here ####
      Vertices:
        Map 1 
            Map Operator Tree:
                TableScan
                  alias: customer
                  filterExpr: c_current_addr_sk is not null (type: boolean)
                  Statistics: Num rows: 80000000 Data size: 1280000000 Basic stats: COMPLETE Column stats: COMPLETE
                  Filter Operator
                    predicate: c_current_addr_sk is not null (type: boolean)
                    Statistics: Num rows: 80000000 Data size: 1280000000 Basic stats: COMPLETE Column stats: COMPLETE
                    Select Operator
                      expressions: c_customer_sk (type: bigint), c_current_addr_sk (type: bigint)
                      outputColumnNames: _col0, _col1
                      Statistics: Num rows: 80000000 Data size: 1280000000 Basic stats: COMPLETE Column stats: COMPLETE
                      Reduce Output Operator
                        key expressions: _col1 (type: bigint)
                        null sort order: z
                        sort order: +
                        Map-reduce partition columns: _col1 (type: bigint)
                        Statistics: Num rows: 80000000 Data size: 1280000000 Basic stats: COMPLETE Column stats: COMPLETE
                        value expressions: _col0 (type: bigint)
            Execution mode: vectorized, llap
            LLAP IO: may be used (ACID table)
        Map 10 
            Map Operator Tree:
                TableScan
                  alias: store
                  Statistics: Num rows: 1704 Data size: 165288 Basic stats: COMPLETE Column stats: COMPLETE
                  Select Operator
                    expressions: s_store_sk (type: bigint), substr(s_zip, 1, 5) (type: string)
                    outputColumnNames: _col0, _col1
                    Statistics: Num rows: 1704 Data size: 163584 Basic stats: COMPLETE Column stats: COMPLETE
                    Reduce Output Operator
                      key expressions: _col0 (type: bigint)
                      null sort order: z
                      sort order: +
                      Map-reduce partition columns: _col0 (type: bigint)
                      Statistics: Num rows: 1704 Data size: 163584 Basic stats: COMPLETE Column stats: COMPLETE
                      value expressions: _col1 (type: string)
            Execution mode: vectorized, llap
            LLAP IO: may be used (ACID table)
        Map 3 
            Map Operator Tree:
                TableScan
                  alias: customer_address
                  Statistics: Num rows: 40000000 Data size: 3880000000 Basic stats: COMPLETE Column stats: COMPLETE
                  Select Operator
                    expressions: ca_address_sk (type: bigint), substr(ca_zip, 1, 5) (type: string)
                    outputColumnNames: _col0, _col1
                    Statistics: Num rows: 40000000 Data size: 3840000000 Basic stats: COMPLETE Column stats: COMPLETE
                    Reduce Output Operator
                      key expressions: _col0 (type: bigint)
                      null sort order: z
                      sort order: +
                      Map-reduce partition columns: _col0 (type: bigint)
                      Statistics: Num rows: 40000000 Data size: 3840000000 Basic stats: COMPLETE Column stats: COMPLETE
                      value expressions: _col1 (type: string)
            Execution mode: vectorized, llap
            LLAP IO: may be used (ACID table)
        Map 4 
            Map Operator Tree:
                TableScan
                  alias: store_sales
                  filterExpr: (ss_customer_sk is not null and ss_store_sk is not null) (type: boolean)
                  probeDecodeDetails: cacheKey:HASH_MAP_MAPJOIN_113_container, bigKeyColName:ss_item_sk, smallTablePos:1, keyRatio:1.5562891838619784E-4
                  Statistics: Num rows: 82510879939 Data size: 11632478818736 Basic stats: COMPLETE Column stats: COMPLETE
                  Filter Operator
                    predicate: (ss_customer_sk is not null and ss_store_sk is not null) (type: boolean)
                    Statistics: Num rows: 78670147920 Data size: 11091007998224 Basic stats: COMPLETE Column stats: COMPLETE
                    Select Operator
                      expressions: ss_item_sk (type: bigint), ss_customer_sk (type: bigint), ss_store_sk (type: bigint), ss_ext_sales_price (type: decimal(7,2)), ss_sold_date_sk (type: bigint)
                      outputColumnNames: _col0, _col1, _col2, _col3, _col4
                      Statistics: Num rows: 78670147920 Data size: 11091007998224 Basic stats: COMPLETE Column stats: COMPLETE
                      Map Join Operator
                        condition map:
                             Inner Join 0 to 1
                        keys:
                          0 _col4 (type: bigint)
                          1 _col0 (type: bigint)
                        outputColumnNames: _col0, _col1, _col2, _col3
                        input vertices:
                          1 Map 8
                        Statistics: Num rows: 1335564641 Data size: 10684517256 Basic stats: COMPLETE Column stats: COMPLETE
                        Map Join Operator
                          condition map:
                               Inner Join 0 to 1
                          keys:
                            0 _col0 (type: bigint)
                            1 _col0 (type: bigint)
                          outputColumnNames: _col1, _col2, _col3, _col7, _col8, _col9, _col10
                          input vertices:
                            1 Map 9
                          Statistics: Num rows: 12841079 Data size: 2606739085 Basic stats: COMPLETE Column stats: COMPLETE
                          Reduce Output Operator
                            key expressions: _col1 (type: bigint)
                            null sort order: z
                            sort order: +
                            Map-reduce partition columns: _col1 (type: bigint)
                            Statistics: Num rows: 12841079 Data size: 2606739085 Basic stats: COMPLETE Column stats: COMPLETE
                            value expressions: _col2 (type: bigint), _col3 (type: decimal(7,2)), _col7 (type: int), _col8 (type: char(50)), _col9 (type: int), _col10 (type: char(50))
            Execution mode: vectorized, llap
            LLAP IO: may be used (ACID table)
        Map 8 
            Map Operator Tree:
                TableScan
                  alias: date_dim
                  filterExpr: ((d_year = 1999) and (d_moy = 11)) (type: boolean)
                  Statistics: Num rows: 73049 Data size: 1168784 Basic stats: COMPLETE Column stats: COMPLETE
                  Filter Operator
                    predicate: ((d_year = 1999) and (d_moy = 11)) (type: boolean)
                    Statistics: Num rows: 31 Data size: 496 Basic stats: COMPLETE Column stats: COMPLETE
                    Select Operator
                      expressions: d_date_sk (type: bigint)
                      outputColumnNames: _col0
                      Statistics: Num rows: 31 Data size: 248 Basic stats: COMPLETE Column stats: COMPLETE
                      Reduce Output Operator
                        key expressions: _col0 (type: bigint)
                        null sort order: z
                        sort order: +
                        Map-reduce partition columns: _col0 (type: bigint)
                        Statistics: Num rows: 31 Data size: 248 Basic stats: COMPLETE Column stats: COMPLETE
                      Select Operator
                        expressions: _col0 (type: bigint)
                        outputColumnNames: _col0
                        Statistics: Num rows: 31 Data size: 248 Basic stats: COMPLETE Column stats: COMPLETE
                        Group By Operator
                          keys: _col0 (type: bigint)
                          minReductionHashAggr: 0.4
                          mode: hash
                          outputColumnNames: _col0
                          Statistics: Num rows: 31 Data size: 248 Basic stats: COMPLETE Column stats: COMPLETE
                          Dynamic Partitioning Event Operator
                            Target column: ss_sold_date_sk (bigint)
                            Target Input: store_sales
                            Partition key expr: ss_sold_date_sk
                            Statistics: Num rows: 31 Data size: 248 Basic stats: COMPLETE Column stats: COMPLETE
                            Target Vertex: Map 4
            Execution mode: vectorized, llap
            LLAP IO: may be used (ACID table)
        Map 9 
            Map Operator Tree:
                TableScan
                  alias: item
                  filterExpr: (i_manager_id = 7) (type: boolean)
                  Statistics: Num rows: 462000 Data size: 99316352 Basic stats: COMPLETE Column stats: COMPLETE
                  Filter Operator
                    predicate: (i_manager_id = 7) (type: boolean)
                    Statistics: Num rows: 4442 Data size: 954910 Basic stats: COMPLETE Column stats: COMPLETE
                    Select Operator
                      expressions: i_item_sk (type: bigint), i_brand_id (type: int), i_brand (type: char(50)), i_manufact_id (type: int), i_manufact (type: char(50))
                      outputColumnNames: _col0, _col1, _col2, _col3, _col4
                      Statistics: Num rows: 4442 Data size: 937182 Basic stats: COMPLETE Column stats: COMPLETE
                      Reduce Output Operator
                        key expressions: _col0 (type: bigint)
                        null sort order: z
                        sort order: +
                        Map-reduce partition columns: _col0 (type: bigint)
                        Statistics: Num rows: 4442 Data size: 937182 Basic stats: COMPLETE Column stats: COMPLETE
                        value expressions: _col1 (type: int), _col2 (type: char(50)), _col3 (type: int), _col4 (type: char(50))
            Execution mode: vectorized, llap
            LLAP IO: may be used (ACID table)
        Reducer 2 
            Execution mode: vectorized, llap
            Reduce Operator Tree:
              Map Join Operator
                condition map:
                     Inner Join 0 to 1
                keys:
                  0 KEY.reducesinkkey0 (type: bigint)
                  1 KEY.reducesinkkey0 (type: bigint)
                outputColumnNames: _col0, _col3
                input vertices:
                  1 Map 3
                Statistics: Num rows: 80000000 Data size: 7680000000 Basic stats: COMPLETE Column stats: COMPLETE
                DynamicPartitionHashJoin: true
                Reduce Output Operator
                  key expressions: _col0 (type: bigint)
                  null sort order: z
                  sort order: +
                  Map-reduce partition columns: _col0 (type: bigint)
                  Statistics: Num rows: 80000000 Data size: 7680000000 Basic stats: COMPLETE Column stats: COMPLETE
                  value expressions: _col3 (type: string)
        Reducer 5 
            Execution mode: vectorized, llap
            Reduce Operator Tree:
              Map Join Operator
                condition map:
                     Inner Join 0 to 1
                keys:
                  0 KEY.reducesinkkey0 (type: bigint)
                  1 KEY.reducesinkkey0 (type: bigint)
                outputColumnNames: _col3, _col6, _col7, _col11, _col12, _col13, _col14
                input vertices:
                  0 Reducer 2
                Statistics: Num rows: 12841079 Data size: 3736754029 Basic stats: COMPLETE Column stats: COMPLETE
                DynamicPartitionHashJoin: true
                Map Join Operator
                  condition map:
                       Inner Join 0 to 1
                  keys:
                    0 _col6 (type: bigint)
                    1 _col0 (type: bigint)
                  outputColumnNames: _col3, _col7, _col11, _col12, _col13, _col14, _col16
                  input vertices:
                    1 Map 10
                  Statistics: Num rows: 12841079 Data size: 4866768973 Basic stats: COMPLETE Column stats: COMPLETE
                  Filter Operator
                    predicate: (_col3 <> _col16) (type: boolean)
                    Statistics: Num rows: 12841079 Data size: 4866768973 Basic stats: COMPLETE Column stats: COMPLETE
                    Select Operator
                      expressions: _col7 (type: decimal(7,2)), _col11 (type: int), _col12 (type: char(50)), _col13 (type: int), _col14 (type: char(50))
                      outputColumnNames: _col7, _col11, _col12, _col13, _col14
                      Statistics: Num rows: 12841079 Data size: 4866768973 Basic stats: COMPLETE Column stats: COMPLETE
                      Group By Operator
                        aggregations: sum(_col7)
                        keys: _col12 (type: char(50)), _col11 (type: int), _col13 (type: int), _col14 (type: char(50))
                        minReductionHashAggr: 0.9687239
                        mode: hash
                        outputColumnNames: _col0, _col1, _col2, _col3, _col4
                        Statistics: Num rows: 12841079 Data size: 4044939805 Basic stats: COMPLETE Column stats: COMPLETE
                        Reduce Output Operator
                          key expressions: _col0 (type: char(50)), _col1 (type: int), _col2 (type: int), _col3 (type: char(50))
                          null sort order: zzzz
                          sort order: ++++
                          Map-reduce partition columns: _col0 (type: char(50)), _col1 (type: int), _col2 (type: int), _col3 (type: char(50))
                          Statistics: Num rows: 12841079 Data size: 4044939805 Basic stats: COMPLETE Column stats: COMPLETE
                          value expressions: _col4 (type: decimal(17,2))
        Reducer 6 
            Execution mode: vectorized, llap
            Reduce Operator Tree:
              Group By Operator
                aggregations: sum(VALUE._col0)
                keys: KEY._col0 (type: char(50)), KEY._col1 (type: int), KEY._col2 (type: int), KEY._col3 (type: char(50))
                mode: mergepartial
                outputColumnNames: _col0, _col1, _col2, _col3, _col4
                Statistics: Num rows: 12841079 Data size: 4044939805 Basic stats: COMPLETE Column stats: COMPLETE
                Top N Key Operator
                  sort order: -++++
                  keys: _col4 (type: decimal(17,2)), _col0 (type: char(50)), _col1 (type: int), _col2 (type: int), _col3 (type: char(50))
                  null sort order: azzzz
                  Statistics: Num rows: 12841079 Data size: 4044939805 Basic stats: COMPLETE Column stats: COMPLETE
                  top n: 100
                  Select Operator
                    expressions: _col2 (type: int), _col3 (type: char(50)), _col4 (type: decimal(17,2)), _col0 (type: char(50)), _col1 (type: int)
                    outputColumnNames: _col2, _col3, _col4, _col5, _col6
                    Statistics: Num rows: 12841079 Data size: 5380411849 Basic stats: COMPLETE Column stats: COMPLETE
                    Reduce Output Operator
                      key expressions: _col4 (type: decimal(17,2)), _col5 (type: char(50)), _col6 (type: int), _col2 (type: int), _col3 (type: char(50))
                      null sort order: azzzz
                      sort order: -++++
                      Statistics: Num rows: 12841079 Data size: 5380411849 Basic stats: COMPLETE Column stats: COMPLETE
        Reducer 7 
            Execution mode: vectorized, llap
            Reduce Operator Tree:
              Select Operator
                expressions: KEY.reducesinkkey2 (type: int), KEY.reducesinkkey1 (type: char(50)), KEY.reducesinkkey3 (type: int), KEY.reducesinkkey4 (type: char(50)), KEY.reducesinkkey0 (type: decimal(17,2))
                outputColumnNames: _col0, _col1, _col2, _col3, _col4
                Statistics: Num rows: 12841079 Data size: 5380411849 Basic stats: COMPLETE Column stats: COMPLETE
                Limit
                  Number of rows: 100
                  Statistics: Num rows: 100 Data size: 41900 Basic stats: COMPLETE Column stats: COMPLETE
                  File Output Operator
                    compressed: false
                    Statistics: Num rows: 100 Data size: 41900 Basic stats: COMPLETE Column stats: COMPLETE
                    table:
                        input format: org.apache.hadoop.mapred.SequenceFileInputFormat
                        output format: org.apache.hadoop.hive.ql.io.HiveSequenceFileOutputFormat
                        serde: org.apache.hadoop.hive.serde2.lazy.LazySimpleSerDe

  Stage: Stage-0
    Fetch Operator
      limit: -1
      Processor Tree:
        ListSink

