STAGE DEPENDENCIES:
  Stage-1 is a root stage
  Stage-0 depends on stages: Stage-1

STAGE PLANS:
  Stage: Stage-1
    Tez
#### A masked pattern was here ####
      Edges:
        Map 1 <- Map 5 (BROADCAST_EDGE), Reducer 7 (BROADCAST_EDGE)
        Map 6 <- Map 8 (BROADCAST_EDGE), Map 9 (BROADCAST_EDGE), Reducer 10 (BROADCAST_EDGE)
        Reducer 10 <- Map 9 (SIMPLE_EDGE)
        Reducer 2 <- Map 1 (CUSTOM_SIMPLE_EDGE), Map 11 (BROADCAST_EDGE), Map 6 (CUSTOM_SIMPLE_EDGE)
        Reducer 3 <- Reducer 2 (SIMPLE_EDGE)
        Reducer 4 <- Reducer 3 (SIMPLE_EDGE)
        Reducer 7 <- Map 6 (CUSTOM_SIMPLE_EDGE)
#### A masked pattern was here ####
      Vertices:
        Map 1 
            Map Operator Tree:
                TableScan
                  alias: web_sales
                  filterExpr: (((ws_sales_price >= 100) or (ws_sales_price <= 150) or (ws_sales_price >= 50) or (ws_sales_price <= 100) or (ws_sales_price >= 150) or (ws_sales_price <= 200)) and ((ws_net_profit >= 100) or (ws_net_profit <= 200) or (ws_net_profit >= 150) or (ws_net_profit <= 300) or (ws_net_profit >= 50) or (ws_net_profit <= 250)) and ws_web_page_sk is not null and ws_item_sk BETWEEN DynamicValue(RS[170]_col0) AND DynamicValue(RS[170]_col1) and ws_order_number BETWEEN DynamicValue(RS[170]_col2) AND DynamicValue(RS[170]_col3) and in_bloom_filter(hash(ws_item_sk,ws_order_number), DynamicValue(RS[170]_col4))) (type: boolean)
                  Statistics: Num rows: 21594638446 Data size: 5614271174532 Basic stats: COMPLETE Column stats: COMPLETE
                  Filter Operator
                    predicate: (((ws_sales_price >= 100) or (ws_sales_price <= 150) or (ws_sales_price >= 50) or (ws_sales_price <= 100) or (ws_sales_price >= 150) or (ws_sales_price <= 200)) and ((ws_net_profit >= 100) or (ws_net_profit <= 200) or (ws_net_profit >= 150) or (ws_net_profit <= 300) or (ws_net_profit >= 50) or (ws_net_profit <= 250)) and ws_web_page_sk is not null and ws_item_sk BETWEEN DynamicValue(RS[170]_col0) AND DynamicValue(RS[170]_col1) and ws_order_number BETWEEN DynamicValue(RS[170]_col2) AND DynamicValue(RS[170]_col3) and in_bloom_filter(hash(ws_item_sk,ws_order_number), DynamicValue(RS[170]_col4))) (type: boolean)
                    Statistics: Num rows: 21591939929 Data size: 5613569601896 Basic stats: COMPLETE Column stats: COMPLETE
                    Select Operator
                      expressions: ws_item_sk (type: bigint), ws_order_number (type: bigint), ws_quantity (type: int), ws_sold_date_sk (type: bigint), ws_net_profit BETWEEN 100 AND 200 (type: boolean), ws_net_profit BETWEEN 150 AND 300 (type: boolean), ws_net_profit BETWEEN 50 AND 250 (type: boolean), ws_sales_price BETWEEN 100 AND 150 (type: boolean), ws_sales_price BETWEEN 50 AND 100 (type: boolean), ws_sales_price BETWEEN 150 AND 200 (type: boolean)
                      outputColumnNames: _col0, _col1, _col2, _col3, _col4, _col5, _col6, _col7, _col8, _col9
                      Statistics: Num rows: 21591939929 Data size: 1122770108080 Basic stats: COMPLETE Column stats: COMPLETE
                      Map Join Operator
                        condition map:
                             Inner Join 0 to 1
                        keys:
                          0 _col3 (type: bigint)
                          1 _col0 (type: bigint)
                        outputColumnNames: _col0, _col1, _col2, _col4, _col5, _col6, _col7, _col8, _col9
                        input vertices:
                          1 Map 5
                        Statistics: Num rows: 4339612682 Data size: 190932189780 Basic stats: COMPLETE Column stats: COMPLETE
                        Reduce Output Operator
                          key expressions: _col0 (type: bigint), _col1 (type: bigint)
                          null sort order: zz
                          sort order: ++
                          Map-reduce partition columns: _col0 (type: bigint), _col1 (type: bigint)
                          Statistics: Num rows: 4339612682 Data size: 190932189780 Basic stats: COMPLETE Column stats: COMPLETE
                          value expressions: _col2 (type: int), _col4 (type: boolean), _col5 (type: boolean), _col6 (type: boolean), _col7 (type: boolean), _col8 (type: boolean), _col9 (type: boolean)
            Execution mode: vectorized, llap
            LLAP IO: may be used (ACID table)
        Map 11 
            Map Operator Tree:
                TableScan
                  alias: reason
                  Statistics: Num rows: 72 Data size: 7560 Basic stats: COMPLETE Column stats: COMPLETE
                  Select Operator
                    expressions: r_reason_sk (type: bigint), r_reason_desc (type: char(100))
                    outputColumnNames: _col0, _col1
                    Statistics: Num rows: 72 Data size: 7560 Basic stats: COMPLETE Column stats: COMPLETE
                    Reduce Output Operator
                      key expressions: _col0 (type: bigint)
                      null sort order: z
                      sort order: +
                      Map-reduce partition columns: _col0 (type: bigint)
                      Statistics: Num rows: 72 Data size: 7560 Basic stats: COMPLETE Column stats: COMPLETE
                      value expressions: _col1 (type: char(100))
            Execution mode: vectorized, llap
            LLAP IO: may be used (ACID table)
        Map 5 
            Map Operator Tree:
                TableScan
                  alias: date_dim
                  filterExpr: (d_year = 1998) (type: boolean)
                  Statistics: Num rows: 73049 Data size: 876588 Basic stats: COMPLETE Column stats: COMPLETE
                  Filter Operator
                    predicate: (d_year = 1998) (type: boolean)
                    Statistics: Num rows: 367 Data size: 4404 Basic stats: COMPLETE Column stats: COMPLETE
                    Select Operator
                      expressions: d_date_sk (type: bigint)
                      outputColumnNames: _col0
                      Statistics: Num rows: 367 Data size: 2936 Basic stats: COMPLETE Column stats: COMPLETE
                      Reduce Output Operator
                        key expressions: _col0 (type: bigint)
                        null sort order: z
                        sort order: +
                        Map-reduce partition columns: _col0 (type: bigint)
                        Statistics: Num rows: 367 Data size: 2936 Basic stats: COMPLETE Column stats: COMPLETE
                      Select Operator
                        expressions: _col0 (type: bigint)
                        outputColumnNames: _col0
                        Statistics: Num rows: 367 Data size: 2936 Basic stats: COMPLETE Column stats: COMPLETE
                        Group By Operator
                          keys: _col0 (type: bigint)
                          minReductionHashAggr: 0.4
                          mode: hash
                          outputColumnNames: _col0
                          Statistics: Num rows: 367 Data size: 2936 Basic stats: COMPLETE Column stats: COMPLETE
                          Dynamic Partitioning Event Operator
                            Target column: ws_sold_date_sk (bigint)
                            Target Input: web_sales
                            Partition key expr: ws_sold_date_sk
                            Statistics: Num rows: 367 Data size: 2936 Basic stats: COMPLETE Column stats: COMPLETE
                            Target Vertex: Map 1
            Execution mode: vectorized, llap
            LLAP IO: may be used (ACID table)
        Map 6 
            Map Operator Tree:
                TableScan
                  alias: web_returns
                  filterExpr: (wr_returning_cdemo_sk is not null and wr_refunded_cdemo_sk is not null and wr_reason_sk is not null and wr_refunded_addr_sk is not null) (type: boolean)
                  probeDecodeDetails: cacheKey:HASH_MAP_MAPJOIN_188_container, bigKeyColName:wr_returning_cdemo_sk, smallTablePos:1, keyRatio:4.698595133712381E-6
                  Statistics: Num rows: 2160007345 Data size: 562637317992 Basic stats: COMPLETE Column stats: COMPLETE
                  Filter Operator
                    predicate: (wr_returning_cdemo_sk is not null and wr_refunded_cdemo_sk is not null and wr_reason_sk is not null and wr_refunded_addr_sk is not null) (type: boolean)
                    Statistics: Num rows: 1796626240 Data size: 467984042616 Basic stats: COMPLETE Column stats: COMPLETE
                    Select Operator
                      expressions: wr_item_sk (type: bigint), wr_refunded_cdemo_sk (type: bigint), wr_refunded_addr_sk (type: bigint), wr_returning_cdemo_sk (type: bigint), wr_reason_sk (type: bigint), wr_order_number (type: bigint), wr_fee (type: decimal(7,2)), wr_refunded_cash (type: decimal(7,2))
                      outputColumnNames: _col0, _col1, _col2, _col3, _col4, _col5, _col6, _col7
                      Statistics: Num rows: 1796626240 Data size: 467984042616 Basic stats: COMPLETE Column stats: COMPLETE
                      Map Join Operator
                        condition map:
                             Inner Join 0 to 1
                        keys:
                          0 _col2 (type: bigint)
                          1 _col0 (type: bigint)
                        outputColumnNames: _col0, _col1, _col3, _col4, _col5, _col6, _col7, _col9, _col10, _col11
                        input vertices:
                          1 Map 8
                        Statistics: Num rows: 152543767 Data size: 22050576572 Basic stats: COMPLETE Column stats: COMPLETE
                        Map Join Operator
                          condition map:
                               Inner Join 0 to 1
                          keys:
                            0 _col3 (type: bigint)
                            1 _col0 (type: bigint)
                          outputColumnNames: _col0, _col1, _col4, _col5, _col6, _col7, _col9, _col10, _col11, _col13, _col14
                          input vertices:
                            1 Reducer 10
                          Statistics: Num rows: 39225543 Data size: 8119687641 Basic stats: COMPLETE Column stats: COMPLETE
                          Map Join Operator
                            condition map:
                                 Inner Join 0 to 1
                            keys:
                              0 _col13 (type: char(1)), _col14 (type: char(20)), _col1 (type: bigint)
                              1 _col1 (type: char(1)), _col2 (type: char(20)), _col0 (type: bigint)
                            outputColumnNames: _col0, _col4, _col5, _col6, _col7, _col9, _col10, _col11, _col18, _col19, _col20, _col21, _col22, _col23
                            input vertices:
                              1 Map 9
                            Statistics: Num rows: 39225543 Data size: 2039728468 Basic stats: COMPLETE Column stats: COMPLETE
                            Reduce Output Operator
                              key expressions: _col0 (type: bigint), _col5 (type: bigint)
                              null sort order: zz
                              sort order: ++
                              Map-reduce partition columns: _col0 (type: bigint), _col5 (type: bigint)
                              Statistics: Num rows: 39225543 Data size: 2039728468 Basic stats: COMPLETE Column stats: COMPLETE
                              value expressions: _col4 (type: bigint), _col6 (type: decimal(7,2)), _col7 (type: decimal(7,2)), _col9 (type: boolean), _col10 (type: boolean), _col11 (type: boolean), _col18 (type: boolean), _col19 (type: boolean), _col20 (type: boolean), _col21 (type: boolean), _col22 (type: boolean), _col23 (type: boolean)
                            Select Operator
                              expressions: _col0 (type: bigint), _col5 (type: bigint), hash(_col0,_col5) (type: int)
                              outputColumnNames: _col0, _col1, _col3
                              Statistics: Num rows: 39225543 Data size: 784510860 Basic stats: COMPLETE Column stats: COMPLETE
                              Group By Operator
                                aggregations: min(_col0), max(_col0), min(_col1), max(_col1), bloom_filter(_col3, expectedEntries=1000000)
                                minReductionHashAggr: 0.99
                                mode: hash
                                outputColumnNames: _col0, _col1, _col2, _col3, _col4
                                Statistics: Num rows: 1 Data size: 176 Basic stats: COMPLETE Column stats: COMPLETE
                                Reduce Output Operator
                                  null sort order: 
                                  sort order: 
                                  Statistics: Num rows: 1 Data size: 176 Basic stats: COMPLETE Column stats: COMPLETE
                                  value expressions: _col0 (type: bigint), _col1 (type: bigint), _col2 (type: bigint), _col3 (type: bigint), _col4 (type: binary)
            Execution mode: vectorized, llap
            LLAP IO: may be used (ACID table)
        Map 8 
            Map Operator Tree:
                TableScan
                  alias: customer_address
                  filterExpr: ((ca_state) IN ('KY', 'GA', 'NM', 'MT', 'OR', 'IN', 'WI', 'MO', 'WV') and (ca_country = 'United States')) (type: boolean)
                  Statistics: Num rows: 40000000 Data size: 7640000000 Basic stats: COMPLETE Column stats: COMPLETE
                  Filter Operator
                    predicate: ((ca_state) IN ('KY', 'GA', 'NM', 'MT', 'OR', 'IN', 'WI', 'MO', 'WV') and (ca_country = 'United States')) (type: boolean)
                    Statistics: Num rows: 3396227 Data size: 648679357 Basic stats: COMPLETE Column stats: COMPLETE
                    Select Operator
                      expressions: ca_address_sk (type: bigint), (ca_state) IN ('KY', 'GA', 'NM') (type: boolean), (ca_state) IN ('MT', 'OR', 'IN') (type: boolean), (ca_state) IN ('WI', 'MO', 'WV') (type: boolean)
                      outputColumnNames: _col0, _col1, _col2, _col3
                      Statistics: Num rows: 3396227 Data size: 67924540 Basic stats: COMPLETE Column stats: COMPLETE
                      Reduce Output Operator
                        key expressions: _col0 (type: bigint)
                        null sort order: z
                        sort order: +
                        Map-reduce partition columns: _col0 (type: bigint)
                        Statistics: Num rows: 3396227 Data size: 67924540 Basic stats: COMPLETE Column stats: COMPLETE
                        value expressions: _col1 (type: boolean), _col2 (type: boolean), _col3 (type: boolean)
            Execution mode: vectorized, llap
            LLAP IO: may be used (ACID table)
        Map 9 
            Map Operator Tree:
                TableScan
                  alias: cd2
                  filterExpr: ((cd_marital_status) IN ('M', 'D', 'U') and (cd_education_status) IN ('4 yr Degree         ', 'Primary             ', 'Advanced Degree     ')) (type: boolean)
                  Statistics: Num rows: 1920800 Data size: 359189600 Basic stats: COMPLETE Column stats: COMPLETE
                  Filter Operator
                    predicate: ((cd_marital_status) IN ('M', 'D', 'U') and (cd_education_status) IN ('4 yr Degree         ', 'Primary             ', 'Advanced Degree     ')) (type: boolean)
                    Statistics: Num rows: 493920 Data size: 92363040 Basic stats: COMPLETE Column stats: COMPLETE
                    Select Operator
                      expressions: cd_demo_sk (type: bigint), cd_marital_status (type: char(1)), cd_education_status (type: char(20))
                      outputColumnNames: _col0, _col1, _col2
                      Statistics: Num rows: 493920 Data size: 92363040 Basic stats: COMPLETE Column stats: COMPLETE
                      Reduce Output Operator
                        key expressions: _col0 (type: bigint)
                        null sort order: z
                        sort order: +
                        Map-reduce partition columns: _col0 (type: bigint)
                        Statistics: Num rows: 493920 Data size: 92363040 Basic stats: COMPLETE Column stats: COMPLETE
                        value expressions: _col1 (type: char(1)), _col2 (type: char(20))
                    Select Operator
                      expressions: cd_demo_sk (type: bigint), cd_marital_status (type: char(1)), cd_education_status (type: char(20)), (cd_marital_status = 'M') (type: boolean), (cd_education_status = '4 yr Degree         ') (type: boolean), (cd_marital_status = 'D') (type: boolean), (cd_education_status = 'Primary             ') (type: boolean), (cd_marital_status = 'U') (type: boolean), (cd_education_status = 'Advanced Degree     ') (type: boolean)
                      outputColumnNames: _col0, _col1, _col2, _col3, _col4, _col5, _col6, _col7, _col8
                      Statistics: Num rows: 493920 Data size: 104217120 Basic stats: COMPLETE Column stats: COMPLETE
                      Reduce Output Operator
                        key expressions: _col1 (type: char(1)), _col2 (type: char(20)), _col0 (type: bigint)
                        null sort order: zzz
                        sort order: +++
                        Map-reduce partition columns: _col1 (type: char(1)), _col2 (type: char(20)), _col0 (type: bigint)
                        Statistics: Num rows: 493920 Data size: 104217120 Basic stats: COMPLETE Column stats: COMPLETE
                        value expressions: _col3 (type: boolean), _col4 (type: boolean), _col5 (type: boolean), _col6 (type: boolean), _col7 (type: boolean), _col8 (type: boolean)
            Execution mode: vectorized, llap
            LLAP IO: may be used (ACID table)
        Reducer 10 
            Execution mode: vectorized, llap
            Reduce Operator Tree:
              Select Operator
                expressions: VALUE._col0 (type: char(1)), VALUE._col1 (type: char(20)), KEY.reducesinkkey0 (type: bigint)
                outputColumnNames: _col1, _col2, _col0
                Reduce Output Operator
                  key expressions: _col0 (type: bigint)
                  null sort order: z
                  sort order: +
                  Map-reduce partition columns: _col0 (type: bigint)
                  Statistics: Num rows: 493920 Data size: 92363040 Basic stats: COMPLETE Column stats: COMPLETE
                  value expressions: _col1 (type: char(1)), _col2 (type: char(20))
        Reducer 2 
            Execution mode: vectorized, llap
            Reduce Operator Tree:
              Map Join Operator
                condition map:
                     Inner Join 0 to 1
                keys:
                  0 KEY.reducesinkkey0 (type: bigint), KEY.reducesinkkey1 (type: bigint)
                  1 KEY.reducesinkkey0 (type: bigint), KEY.reducesinkkey1 (type: bigint)
                outputColumnNames: _col2, _col4, _col5, _col6, _col7, _col8, _col9, _col15, _col17, _col18, _col20, _col21, _col22, _col29, _col30, _col31, _col32, _col33, _col34
                input vertices:
                  1 Map 6
                Statistics: Num rows: 469711109 Data size: 129923394292 Basic stats: COMPLETE Column stats: COMPLETE
                DynamicPartitionHashJoin: true
                Filter Operator
                  predicate: (((_col20 and _col4) or (_col21 and _col5) or (_col22 and _col6)) and ((_col29 and _col30 and _col7) or (_col31 and _col32 and _col8) or (_col33 and _col34 and _col9))) (type: boolean)
                  Statistics: Num rows: 132106248 Data size: 36540954392 Basic stats: COMPLETE Column stats: COMPLETE
                  Map Join Operator
                    condition map:
                         Inner Join 0 to 1
                    keys:
                      0 _col15 (type: bigint)
                      1 _col0 (type: bigint)
                    outputColumnNames: _col2, _col17, _col18, _col36
                    input vertices:
                      1 Map 11
                    Statistics: Num rows: 132106248 Data size: 40460293048 Basic stats: COMPLETE Column stats: COMPLETE
                    Group By Operator
                      aggregations: sum(_col2), count(_col2), sum(_col18), count(_col18), sum(_col17), count(_col17)
                      keys: _col36 (type: char(100))
                      minReductionHashAggr: 0.99
                      mode: hash
                      outputColumnNames: _col0, _col1, _col2, _col3, _col4, _col5, _col6
                      Statistics: Num rows: 11289 Data size: 3985017 Basic stats: COMPLETE Column stats: COMPLETE
                      Reduce Output Operator
                        key expressions: _col0 (type: char(100))
                        null sort order: z
                        sort order: +
                        Map-reduce partition columns: _col0 (type: char(100))
                        Statistics: Num rows: 11289 Data size: 3985017 Basic stats: COMPLETE Column stats: COMPLETE
                        value expressions: _col1 (type: bigint), _col2 (type: bigint), _col3 (type: decimal(17,2)), _col4 (type: bigint), _col5 (type: decimal(17,2)), _col6 (type: bigint)
        Reducer 3 
            Execution mode: vectorized, llap
            Reduce Operator Tree:
              Group By Operator
                aggregations: sum(VALUE._col0), count(VALUE._col1), sum(VALUE._col2), count(VALUE._col3), sum(VALUE._col4), count(VALUE._col5)
                keys: KEY._col0 (type: char(100))
                mode: mergepartial
                outputColumnNames: _col0, _col1, _col2, _col3, _col4, _col5, _col6
                Statistics: Num rows: 71 Data size: 25063 Basic stats: COMPLETE Column stats: COMPLETE
                Top N Key Operator
                  sort order: ++++
                  keys: substr(_col0, 1, 20) (type: string), (UDFToDouble(_col1) / _col2) (type: double), CAST( (_col3 / _col4) AS decimal(11,6)) (type: decimal(11,6)), CAST( (_col5 / _col6) AS decimal(11,6)) (type: decimal(11,6))
                  null sort order: zzzz
                  Statistics: Num rows: 71 Data size: 25063 Basic stats: COMPLETE Column stats: COMPLETE
                  top n: 100
                  Select Operator
                    expressions: (UDFToDouble(_col1) / _col2) (type: double), CAST( (_col3 / _col4) AS decimal(11,6)) (type: decimal(11,6)), CAST( (_col5 / _col6) AS decimal(11,6)) (type: decimal(11,6)), substr(_col0, 1, 20) (type: string)
                    outputColumnNames: _col4, _col5, _col6, _col7
                    Statistics: Num rows: 71 Data size: 46576 Basic stats: COMPLETE Column stats: COMPLETE
                    Reduce Output Operator
                      key expressions: _col7 (type: string), _col4 (type: double), _col5 (type: decimal(11,6)), _col6 (type: decimal(11,6))
                      null sort order: zzzz
                      sort order: ++++
                      Statistics: Num rows: 71 Data size: 46576 Basic stats: COMPLETE Column stats: COMPLETE
        Reducer 4 
            Execution mode: vectorized, llap
            Reduce Operator Tree:
              Select Operator
                expressions: KEY.reducesinkkey0 (type: string), KEY.reducesinkkey1 (type: double), KEY.reducesinkkey2 (type: decimal(11,6)), KEY.reducesinkkey3 (type: decimal(11,6))
                outputColumnNames: _col0, _col1, _col2, _col3
                Statistics: Num rows: 71 Data size: 46576 Basic stats: COMPLETE Column stats: COMPLETE
                Limit
                  Number of rows: 100
                  Statistics: Num rows: 71 Data size: 46576 Basic stats: COMPLETE Column stats: COMPLETE
                  File Output Operator
                    compressed: false
                    Statistics: Num rows: 71 Data size: 46576 Basic stats: COMPLETE Column stats: COMPLETE
                    table:
                        input format: org.apache.hadoop.mapred.SequenceFileInputFormat
                        output format: org.apache.hadoop.hive.ql.io.HiveSequenceFileOutputFormat
                        serde: org.apache.hadoop.hive.serde2.lazy.LazySimpleSerDe
        Reducer 7 
            Execution mode: vectorized, llap
            Reduce Operator Tree:
              Group By Operator
                aggregations: min(VALUE._col0), max(VALUE._col1), min(VALUE._col2), max(VALUE._col3), bloom_filter(VALUE._col4, expectedEntries=1000000)
                mode: final
                outputColumnNames: _col0, _col1, _col2, _col3, _col4
                Statistics: Num rows: 1 Data size: 176 Basic stats: COMPLETE Column stats: COMPLETE
                Reduce Output Operator
                  null sort order: 
                  sort order: 
                  Statistics: Num rows: 1 Data size: 176 Basic stats: COMPLETE Column stats: COMPLETE
                  value expressions: _col0 (type: bigint), _col1 (type: bigint), _col2 (type: bigint), _col3 (type: bigint), _col4 (type: binary)

  Stage: Stage-0
    Fetch Operator
      limit: -1
      Processor Tree:
        ListSink

