STAGE DEPENDENCIES:
  Stage-1 is a root stage
  Stage-0 depends on stages: Stage-1

STAGE PLANS:
  Stage: Stage-1
    Tez
#### A masked pattern was here ####
      Edges:
        Map 4 <- Map 8 (BROADCAST_EDGE)
        Reducer 2 <- Map 1 (CUSTOM_SIMPLE_EDGE), Map 3 (CUSTOM_SIMPLE_EDGE)
        Reducer 5 <- Map 4 (CUSTOM_SIMPLE_EDGE), Reducer 2 (CUSTOM_SIMPLE_EDGE)
        Reducer 6 <- Reducer 5 (SIMPLE_EDGE)
        Reducer 7 <- Reducer 6 (SIMPLE_EDGE)
#### A masked pattern was here ####
      Vertices:
        Map 1 
            Map Operator Tree:
                TableScan
                  alias: customer
                  filterExpr: c_current_addr_sk is not null (type: boolean)
                  Statistics: Num rows: 80000000 Data size: 1280000000 Basic stats: COMPLETE Column stats: COMPLETE
                  Filter Operator
                    predicate: c_current_addr_sk is not null (type: boolean)
                    Statistics: Num rows: 80000000 Data size: 1280000000 Basic stats: COMPLETE Column stats: COMPLETE
                    Select Operator
                      expressions: c_customer_sk (type: bigint), c_current_addr_sk (type: bigint)
                      outputColumnNames: _col0, _col1
                      Statistics: Num rows: 80000000 Data size: 1280000000 Basic stats: COMPLETE Column stats: COMPLETE
                      Reduce Output Operator
                        key expressions: _col1 (type: bigint)
                        null sort order: z
                        sort order: +
                        Map-reduce partition columns: _col1 (type: bigint)
                        Statistics: Num rows: 80000000 Data size: 1280000000 Basic stats: COMPLETE Column stats: COMPLETE
                        value expressions: _col0 (type: bigint)
            Execution mode: vectorized, llap
            LLAP IO: may be used (ACID table)
        Map 3 
            Map Operator Tree:
                TableScan
                  alias: customer_address
                  Statistics: Num rows: 40000000 Data size: 7320000000 Basic stats: COMPLETE Column stats: COMPLETE
                  Select Operator
                    expressions: ca_address_sk (type: bigint), ca_zip (type: char(10)), (substr(ca_zip, 1, 5)) IN ('85669', '86197', '88274', '83405', '86475', '85392', '85460', '80348', '81792') (type: boolean), (ca_state) IN ('CA', 'WA', 'GA') (type: boolean)
                    outputColumnNames: _col0, _col1, _col2, _col3
                    Statistics: Num rows: 40000000 Data size: 4200000000 Basic stats: COMPLETE Column stats: COMPLETE
                    Reduce Output Operator
                      key expressions: _col0 (type: bigint)
                      null sort order: z
                      sort order: +
                      Map-reduce partition columns: _col0 (type: bigint)
                      Statistics: Num rows: 40000000 Data size: 4200000000 Basic stats: COMPLETE Column stats: COMPLETE
                      value expressions: _col1 (type: char(10)), _col2 (type: boolean), _col3 (type: boolean)
            Execution mode: vectorized, llap
            LLAP IO: may be used (ACID table)
        Map 4 
            Map Operator Tree:
                TableScan
                  alias: catalog_sales
                  filterExpr: cs_bill_customer_sk is not null (type: boolean)
                  Statistics: Num rows: 43005109025 Data size: 5491891644760 Basic stats: COMPLETE Column stats: COMPLETE
                  Filter Operator
                    predicate: cs_bill_customer_sk is not null (type: boolean)
                    Statistics: Num rows: 42899393143 Data size: 5478391384448 Basic stats: COMPLETE Column stats: COMPLETE
                    Select Operator
                      expressions: cs_bill_customer_sk (type: bigint), cs_sales_price (type: decimal(7,2)), cs_sold_date_sk (type: bigint), (cs_sales_price > 500) (type: boolean)
                      outputColumnNames: _col0, _col1, _col2, _col3
                      Statistics: Num rows: 42899393143 Data size: 5649988957020 Basic stats: COMPLETE Column stats: COMPLETE
                      Map Join Operator
                        condition map:
                             Inner Join 0 to 1
                        keys:
                          0 _col2 (type: bigint)
                          1 _col0 (type: bigint)
                        outputColumnNames: _col0, _col1, _col3
                        input vertices:
                          1 Map 8
                        Statistics: Num rows: 2146106610 Data size: 253386281784 Basic stats: COMPLETE Column stats: COMPLETE
                        Reduce Output Operator
                          key expressions: _col0 (type: bigint)
                          null sort order: z
                          sort order: +
                          Map-reduce partition columns: _col0 (type: bigint)
                          Statistics: Num rows: 2146106610 Data size: 253386281784 Basic stats: COMPLETE Column stats: COMPLETE
                          value expressions: _col1 (type: decimal(7,2)), _col3 (type: boolean)
            Execution mode: vectorized, llap
            LLAP IO: may be used (ACID table)
        Map 8 
            Map Operator Tree:
                TableScan
                  alias: date_dim
                  filterExpr: ((d_year = 2000) and (d_qoy = 2)) (type: boolean)
                  Statistics: Num rows: 73049 Data size: 1168784 Basic stats: COMPLETE Column stats: COMPLETE
                  Filter Operator
                    predicate: ((d_year = 2000) and (d_qoy = 2)) (type: boolean)
                    Statistics: Num rows: 92 Data size: 1472 Basic stats: COMPLETE Column stats: COMPLETE
                    Select Operator
                      expressions: d_date_sk (type: bigint)
                      outputColumnNames: _col0
                      Statistics: Num rows: 92 Data size: 736 Basic stats: COMPLETE Column stats: COMPLETE
                      Reduce Output Operator
                        key expressions: _col0 (type: bigint)
                        null sort order: z
                        sort order: +
                        Map-reduce partition columns: _col0 (type: bigint)
                        Statistics: Num rows: 92 Data size: 736 Basic stats: COMPLETE Column stats: COMPLETE
                      Select Operator
                        expressions: _col0 (type: bigint)
                        outputColumnNames: _col0
                        Statistics: Num rows: 92 Data size: 736 Basic stats: COMPLETE Column stats: COMPLETE
                        Group By Operator
                          keys: _col0 (type: bigint)
                          minReductionHashAggr: 0.4
                          mode: hash
                          outputColumnNames: _col0
                          Statistics: Num rows: 92 Data size: 736 Basic stats: COMPLETE Column stats: COMPLETE
                          Dynamic Partitioning Event Operator
                            Target column: cs_sold_date_sk (bigint)
                            Target Input: catalog_sales
                            Partition key expr: cs_sold_date_sk
                            Statistics: Num rows: 92 Data size: 736 Basic stats: COMPLETE Column stats: COMPLETE
                            Target Vertex: Map 4
            Execution mode: vectorized, llap
            LLAP IO: may be used (ACID table)
        Reducer 2 
            Execution mode: vectorized, llap
            Reduce Operator Tree:
              Map Join Operator
                condition map:
                     Inner Join 0 to 1
                keys:
                  0 KEY.reducesinkkey0 (type: bigint)
                  1 KEY.reducesinkkey0 (type: bigint)
                outputColumnNames: _col0, _col3, _col4, _col5
                input vertices:
                  1 Map 3
                Statistics: Num rows: 80000000 Data size: 8400000000 Basic stats: COMPLETE Column stats: COMPLETE
                DynamicPartitionHashJoin: true
                Reduce Output Operator
                  key expressions: _col0 (type: bigint)
                  null sort order: z
                  sort order: +
                  Map-reduce partition columns: _col0 (type: bigint)
                  Statistics: Num rows: 80000000 Data size: 8400000000 Basic stats: COMPLETE Column stats: COMPLETE
                  value expressions: _col3 (type: char(10)), _col4 (type: boolean), _col5 (type: boolean)
        Reducer 5 
            Execution mode: vectorized, llap
            Reduce Operator Tree:
              Map Join Operator
                condition map:
                     Inner Join 0 to 1
                keys:
                  0 KEY.reducesinkkey0 (type: bigint)
                  1 KEY.reducesinkkey0 (type: bigint)
                outputColumnNames: _col3, _col4, _col5, _col7, _col9
                input vertices:
                  0 Reducer 2
                Statistics: Num rows: 2146106610 Data size: 445233418138 Basic stats: COMPLETE Column stats: COMPLETE
                DynamicPartitionHashJoin: true
                Filter Operator
                  predicate: (_col9 or _col4 or _col5) (type: boolean)
                  Statistics: Num rows: 2146106610 Data size: 445233418138 Basic stats: COMPLETE Column stats: COMPLETE
                  Top N Key Operator
                    sort order: +
                    keys: _col3 (type: char(10))
                    null sort order: z
                    Statistics: Num rows: 2146106610 Data size: 445233418138 Basic stats: COMPLETE Column stats: COMPLETE
                    top n: 100
                    Select Operator
                      expressions: _col3 (type: char(10)), _col7 (type: decimal(7,2))
                      outputColumnNames: _col3, _col7
                      Statistics: Num rows: 2146106610 Data size: 445233418138 Basic stats: COMPLETE Column stats: COMPLETE
                      Group By Operator
                        aggregations: sum(_col7)
                        keys: _col3 (type: char(10))
                        minReductionHashAggr: 0.99
                        mode: hash
                        outputColumnNames: _col0, _col1
                        Statistics: Num rows: 16596120 Data size: 3335820120 Basic stats: COMPLETE Column stats: COMPLETE
                        Reduce Output Operator
                          key expressions: _col0 (type: char(10))
                          null sort order: z
                          sort order: +
                          Map-reduce partition columns: _col0 (type: char(10))
                          Statistics: Num rows: 16596120 Data size: 3335820120 Basic stats: COMPLETE Column stats: COMPLETE
                          value expressions: _col1 (type: decimal(17,2))
        Reducer 6 
            Execution mode: vectorized, llap
            Reduce Operator Tree:
              Group By Operator
                aggregations: sum(VALUE._col0)
                keys: KEY._col0 (type: char(10))
                mode: mergepartial
                outputColumnNames: _col0, _col1
                Statistics: Num rows: 9538 Data size: 1917138 Basic stats: COMPLETE Column stats: COMPLETE
                Reduce Output Operator
                  key expressions: _col0 (type: char(10))
                  null sort order: z
                  sort order: +
                  Statistics: Num rows: 9538 Data size: 1917138 Basic stats: COMPLETE Column stats: COMPLETE
                  value expressions: _col1 (type: decimal(17,2))
        Reducer 7 
            Execution mode: vectorized, llap
            Reduce Operator Tree:
              Select Operator
                expressions: KEY.reducesinkkey0 (type: char(10)), VALUE._col0 (type: decimal(17,2))
                outputColumnNames: _col0, _col1
                Statistics: Num rows: 9538 Data size: 1917138 Basic stats: COMPLETE Column stats: COMPLETE
                Limit
                  Number of rows: 100
                  Statistics: Num rows: 100 Data size: 20100 Basic stats: COMPLETE Column stats: COMPLETE
                  File Output Operator
                    compressed: false
                    Statistics: Num rows: 100 Data size: 20100 Basic stats: COMPLETE Column stats: COMPLETE
                    table:
                        input format: org.apache.hadoop.mapred.SequenceFileInputFormat
                        output format: org.apache.hadoop.hive.ql.io.HiveSequenceFileOutputFormat
                        serde: org.apache.hadoop.hive.serde2.lazy.LazySimpleSerDe

  Stage: Stage-0
    Fetch Operator
      limit: 100
      Processor Tree:
        ListSink

