STAGE DEPENDENCIES:
  Stage-1 is a root stage
  Stage-0 depends on stages: Stage-1

STAGE PLANS:
  Stage: Stage-1
    Tez
#### A masked pattern was here ####
      Edges:
        Map 1 <- Map 10 (BROADCAST_EDGE), Map 8 (BROADCAST_EDGE), Map 9 (BROADCAST_EDGE)
        Map 11 <- Reducer 7 (BROADCAST_EDGE)
        Reducer 2 <- Map 1 (SIMPLE_EDGE)
        Reducer 3 <- Map 1 (CUSTOM_SIMPLE_EDGE), Reducer 2 (CUSTOM_SIMPLE_EDGE)
        Reducer 4 <- Map 11 (CUSTOM_SIMPLE_EDGE), Reducer 3 (CUSTOM_SIMPLE_EDGE)
        Reducer 5 <- Reducer 4 (SIMPLE_EDGE)
        Reducer 6 <- Reducer 5 (CUSTOM_SIMPLE_EDGE)
        Reducer 7 <- Reducer 3 (CUSTOM_SIMPLE_EDGE)
#### A masked pattern was here ####
      Vertices:
        Map 1 
            Map Operator Tree:
                TableScan
                  alias: ws1
                  filterExpr: ((ws_ship_addr_sk is not null and ws_web_site_sk is not null and ws_ship_date_sk is not null) or ws_warehouse_sk is not null) (type: boolean)
                  Statistics: Num rows: 21600036511 Data size: 5701632353848 Basic stats: COMPLETE Column stats: COMPLETE
                  Filter Operator
                    predicate: (ws_ship_addr_sk is not null and ws_web_site_sk is not null and ws_ship_date_sk is not null) (type: boolean)
                    Statistics: Num rows: 21583844790 Data size: 5697358322168 Basic stats: COMPLETE Column stats: COMPLETE
                    Select Operator
                      expressions: ws_ship_date_sk (type: bigint), ws_ship_addr_sk (type: bigint), ws_web_site_sk (type: bigint), ws_warehouse_sk (type: bigint), ws_order_number (type: bigint), ws_ext_ship_cost (type: decimal(7,2)), ws_net_profit (type: decimal(7,2))
                      outputColumnNames: _col0, _col1, _col2, _col3, _col4, _col5, _col6
                      Statistics: Num rows: 21583844790 Data size: 5697358322168 Basic stats: COMPLETE Column stats: COMPLETE
                      Map Join Operator
                        condition map:
                             Inner Join 0 to 1
                        keys:
                          0 _col1 (type: bigint)
                          1 _col0 (type: bigint)
                        outputColumnNames: _col0, _col2, _col3, _col4, _col5, _col6
                        input vertices:
                          1 Map 8
                        Statistics: Num rows: 407242361 Data size: 103520524440 Basic stats: COMPLETE Column stats: COMPLETE
                        Map Join Operator
                          condition map:
                               Inner Join 0 to 1
                          keys:
                            0 _col2 (type: bigint)
                            1 _col0 (type: bigint)
                          outputColumnNames: _col0, _col3, _col4, _col5, _col6
                          input vertices:
                            1 Map 9
                          Statistics: Num rows: 58177483 Data size: 13737647176 Basic stats: COMPLETE Column stats: COMPLETE
                          Map Join Operator
                            condition map:
                                 Inner Join 0 to 1
                            keys:
                              0 _col0 (type: bigint)
                              1 _col0 (type: bigint)
                            outputColumnNames: _col3, _col4, _col5, _col6
                            input vertices:
                              1 Map 10
                            Statistics: Num rows: 6463723 Data size: 904060128 Basic stats: COMPLETE Column stats: COMPLETE
                            Reduce Output Operator
                              key expressions: _col4 (type: bigint)
                              null sort order: z
                              sort order: +
                              Map-reduce partition columns: _col4 (type: bigint)
                              Statistics: Num rows: 6463723 Data size: 904060128 Basic stats: COMPLETE Column stats: COMPLETE
                              value expressions: _col3 (type: bigint), _col5 (type: decimal(7,2)), _col6 (type: decimal(7,2))
                  Filter Operator
                    predicate: ws_warehouse_sk is not null (type: boolean)
                    Statistics: Num rows: 21594635145 Data size: 345470962208 Basic stats: COMPLETE Column stats: COMPLETE
                    Select Operator
                      expressions: ws_order_number (type: bigint), ws_warehouse_sk (type: bigint)
                      outputColumnNames: _col0, _col1
                      Statistics: Num rows: 21594635145 Data size: 345470962208 Basic stats: COMPLETE Column stats: COMPLETE
                      Group By Operator
                        keys: _col0 (type: bigint), _col1 (type: bigint)
                        minReductionHashAggr: 0.5581621
                        mode: hash
                        outputColumnNames: _col0, _col1
                        Statistics: Num rows: 21594635145 Data size: 345470962208 Basic stats: COMPLETE Column stats: COMPLETE
                        Reduce Output Operator
                          key expressions: _col0 (type: bigint)
                          null sort order: z
                          sort order: +
                          Map-reduce partition columns: _col0 (type: bigint)
                          Statistics: Num rows: 21594635145 Data size: 345470962208 Basic stats: COMPLETE Column stats: COMPLETE
                          value expressions: _col1 (type: bigint)
            Execution mode: vectorized, llap
            LLAP IO: may be used (ACID table)
        Map 10 
            Map Operator Tree:
                TableScan
                  alias: date_dim
                  filterExpr: CAST( d_date AS TIMESTAMP) BETWEEN TIMESTAMP'1999-05-01 00:00:00' AND TIMESTAMP'1999-06-30 00:00:00' (type: boolean)
                  Statistics: Num rows: 73049 Data size: 4675136 Basic stats: COMPLETE Column stats: COMPLETE
                  Filter Operator
                    predicate: CAST( d_date AS TIMESTAMP) BETWEEN TIMESTAMP'1999-05-01 00:00:00' AND TIMESTAMP'1999-06-30 00:00:00' (type: boolean)
                    Statistics: Num rows: 8116 Data size: 519424 Basic stats: COMPLETE Column stats: COMPLETE
                    Select Operator
                      expressions: d_date_sk (type: bigint)
                      outputColumnNames: _col0
                      Statistics: Num rows: 8116 Data size: 519424 Basic stats: COMPLETE Column stats: COMPLETE
                      Reduce Output Operator
                        key expressions: _col0 (type: bigint)
                        null sort order: z
                        sort order: +
                        Map-reduce partition columns: _col0 (type: bigint)
                        Statistics: Num rows: 8116 Data size: 519424 Basic stats: COMPLETE Column stats: COMPLETE
            Execution mode: vectorized, llap
            LLAP IO: may be used (ACID table)
        Map 11 
            Map Operator Tree:
                TableScan
                  alias: wr1
                  filterExpr: (wr_order_number BETWEEN DynamicValue(RS_35_ws1_ws_order_number_min) AND DynamicValue(RS_35_ws1_ws_order_number_max) and in_bloom_filter(wr_order_number, DynamicValue(RS_35_ws1_ws_order_number_bloom_filter))) (type: boolean)
                  Statistics: Num rows: 2160007345 Data size: 17280058760 Basic stats: COMPLETE Column stats: COMPLETE
                  Filter Operator
                    predicate: (wr_order_number BETWEEN DynamicValue(RS_35_ws1_ws_order_number_min) AND DynamicValue(RS_35_ws1_ws_order_number_max) and in_bloom_filter(wr_order_number, DynamicValue(RS_35_ws1_ws_order_number_bloom_filter))) (type: boolean)
                    Statistics: Num rows: 2160007345 Data size: 17280058760 Basic stats: COMPLETE Column stats: COMPLETE
                    Select Operator
                      expressions: wr_order_number (type: bigint)
                      outputColumnNames: _col0
                      Statistics: Num rows: 2160007345 Data size: 17280058760 Basic stats: COMPLETE Column stats: COMPLETE
                      Group By Operator
                        keys: _col0 (type: bigint)
                        minReductionHashAggr: 0.4
                        mode: hash
                        outputColumnNames: _col0
                        Statistics: Num rows: 2160007345 Data size: 17280058760 Basic stats: COMPLETE Column stats: COMPLETE
                        Reduce Output Operator
                          key expressions: _col0 (type: bigint)
                          null sort order: z
                          sort order: +
                          Map-reduce partition columns: _col0 (type: bigint)
                          Statistics: Num rows: 2160007345 Data size: 17280058760 Basic stats: COMPLETE Column stats: COMPLETE
            Execution mode: vectorized, llap
            LLAP IO: may be used (ACID table)
        Map 8 
            Map Operator Tree:
                TableScan
                  alias: customer_address
                  filterExpr: (ca_state = 'TX') (type: boolean)
                  Statistics: Num rows: 40000000 Data size: 3760000000 Basic stats: COMPLETE Column stats: COMPLETE
                  Filter Operator
                    predicate: (ca_state = 'TX') (type: boolean)
                    Statistics: Num rows: 754717 Data size: 70943398 Basic stats: COMPLETE Column stats: COMPLETE
                    Select Operator
                      expressions: ca_address_sk (type: bigint)
                      outputColumnNames: _col0
                      Statistics: Num rows: 754717 Data size: 70943398 Basic stats: COMPLETE Column stats: COMPLETE
                      Reduce Output Operator
                        key expressions: _col0 (type: bigint)
                        null sort order: z
                        sort order: +
                        Map-reduce partition columns: _col0 (type: bigint)
                        Statistics: Num rows: 754717 Data size: 70943398 Basic stats: COMPLETE Column stats: COMPLETE
            Execution mode: vectorized, llap
            LLAP IO: may be used (ACID table)
        Map 9 
            Map Operator Tree:
                TableScan
                  alias: web_site
                  filterExpr: (web_company_name = 'pri                                               ') (type: boolean)
                  Statistics: Num rows: 84 Data size: 8064 Basic stats: COMPLETE Column stats: COMPLETE
                  Filter Operator
                    predicate: (web_company_name = 'pri                                               ') (type: boolean)
                    Statistics: Num rows: 12 Data size: 1152 Basic stats: COMPLETE Column stats: COMPLETE
                    Select Operator
                      expressions: web_site_sk (type: bigint)
                      outputColumnNames: _col0
                      Statistics: Num rows: 12 Data size: 1704 Basic stats: COMPLETE Column stats: COMPLETE
                      Reduce Output Operator
                        key expressions: _col0 (type: bigint)
                        null sort order: z
                        sort order: +
                        Map-reduce partition columns: _col0 (type: bigint)
                        Statistics: Num rows: 12 Data size: 1704 Basic stats: COMPLETE Column stats: COMPLETE
            Execution mode: vectorized, llap
            LLAP IO: may be used (ACID table)
        Reducer 2 
            Execution mode: vectorized, llap
            Reduce Operator Tree:
              Select Operator
                expressions: KEY.reducesinkkey0 (type: bigint), VALUE._col3 (type: bigint), VALUE._col4 (type: decimal(7,2)), VALUE._col5 (type: decimal(7,2))
                outputColumnNames: _col4, _col3, _col5, _col6
                Reduce Output Operator
                  key expressions: _col4 (type: bigint)
                  null sort order: z
                  sort order: +
                  Map-reduce partition columns: _col4 (type: bigint)
                  Statistics: Num rows: 6463723 Data size: 904060128 Basic stats: COMPLETE Column stats: COMPLETE
                  value expressions: _col3 (type: bigint), _col5 (type: decimal(7,2)), _col6 (type: decimal(7,2))
        Reducer 3 
            Execution mode: llap
            Reduce Operator Tree:
              Map Join Operator
                condition map:
                     Left Semi Join 0 to 1
                keys:
                  0 KEY.reducesinkkey0 (type: bigint)
                  1 KEY.reducesinkkey0 (type: bigint)
                outputColumnNames: _col3, _col4, _col5, _col6, _col14
                input vertices:
                  1 Map 1
                residual filter predicates: {(_col3 <> _col14)}
                Statistics: Num rows: 6463723 Data size: 912569800 Basic stats: COMPLETE Column stats: COMPLETE
                DynamicPartitionHashJoin: true
                Select Operator
                  expressions: _col4 (type: bigint), _col5 (type: decimal(7,2)), _col6 (type: decimal(7,2))
                  outputColumnNames: _col4, _col5, _col6
                  Statistics: Num rows: 6463723 Data size: 904060128 Basic stats: COMPLETE Column stats: COMPLETE
                  Reduce Output Operator
                    key expressions: _col4 (type: bigint)
                    null sort order: z
                    sort order: +
                    Map-reduce partition columns: _col4 (type: bigint)
                    Statistics: Num rows: 6463723 Data size: 904060128 Basic stats: COMPLETE Column stats: COMPLETE
                    value expressions: _col5 (type: decimal(7,2)), _col6 (type: decimal(7,2))
                  Select Operator
                    expressions: _col4 (type: bigint)
                    outputColumnNames: _col0
                    Statistics: Num rows: 6463723 Data size: 103419568 Basic stats: COMPLETE Column stats: COMPLETE
                    Group By Operator
                      aggregations: min(_col0), max(_col0), bloom_filter(_col0, expectedEntries=1000000)
                      minReductionHashAggr: 0.99
                      mode: hash
                      outputColumnNames: _col0, _col1, _col2
                      Statistics: Num rows: 1 Data size: 24 Basic stats: COMPLETE Column stats: COMPLETE
                      Reduce Output Operator
                        null sort order: 
                        sort order: 
                        Statistics: Num rows: 1 Data size: 24 Basic stats: COMPLETE Column stats: COMPLETE
                        value expressions: _col0 (type: bigint), _col1 (type: bigint), _col2 (type: binary)
        Reducer 4 
            Execution mode: vectorized, llap
            Reduce Operator Tree:
              Map Join Operator
                condition map:
                     Anti Join 0 to 1
                keys:
                  0 KEY.reducesinkkey0 (type: bigint)
                  1 KEY.reducesinkkey0 (type: bigint)
                outputColumnNames: _col4, _col5, _col6
                input vertices:
                  1 Map 11
                Statistics: Num rows: 6463723 Data size: 895528872 Basic stats: COMPLETE Column stats: COMPLETE
                DynamicPartitionHashJoin: true
                Group By Operator
                  aggregations: sum(_col5), sum(_col6)
                  keys: _col4 (type: bigint)
                  minReductionHashAggr: 0.91645867
                  mode: hash
                  outputColumnNames: _col0, _col2, _col3
                  Statistics: Num rows: 2159952 Data size: 501108864 Basic stats: COMPLETE Column stats: COMPLETE
                  Reduce Output Operator
                    key expressions: _col0 (type: bigint)
                    null sort order: z
                    sort order: +
                    Map-reduce partition columns: _col0 (type: bigint)
                    Statistics: Num rows: 2159952 Data size: 501108864 Basic stats: COMPLETE Column stats: COMPLETE
                    value expressions: _col2 (type: decimal(17,2)), _col3 (type: decimal(17,2))
        Reducer 5 
            Execution mode: vectorized, llap
            Reduce Operator Tree:
              Group By Operator
                aggregations: sum(VALUE._col0), sum(VALUE._col1)
                keys: KEY._col0 (type: bigint)
                mode: partial2
                outputColumnNames: _col0, _col1, _col2
                Statistics: Num rows: 2159952 Data size: 501108864 Basic stats: COMPLETE Column stats: COMPLETE
                Group By Operator
                  aggregations: count(_col0), sum(_col1), sum(_col2)
                  mode: partial2
                  outputColumnNames: _col0, _col1, _col2
                  Statistics: Num rows: 1 Data size: 232 Basic stats: COMPLETE Column stats: COMPLETE
                  Reduce Output Operator
                    null sort order: 
                    sort order: 
                    Statistics: Num rows: 1 Data size: 232 Basic stats: COMPLETE Column stats: COMPLETE
                    value expressions: _col0 (type: bigint), _col1 (type: decimal(17,2)), _col2 (type: decimal(17,2))
        Reducer 6 
            Execution mode: vectorized, llap
            Reduce Operator Tree:
              Group By Operator
                aggregations: count(VALUE._col0), sum(VALUE._col1), sum(VALUE._col2)
                mode: mergepartial
                outputColumnNames: _col0, _col1, _col2
                Statistics: Num rows: 1 Data size: 232 Basic stats: COMPLETE Column stats: COMPLETE
                File Output Operator
                  compressed: false
                  Statistics: Num rows: 1 Data size: 232 Basic stats: COMPLETE Column stats: COMPLETE
                  table:
                      input format: org.apache.hadoop.mapred.SequenceFileInputFormat
                      output format: org.apache.hadoop.hive.ql.io.HiveSequenceFileOutputFormat
                      serde: org.apache.hadoop.hive.serde2.lazy.LazySimpleSerDe
        Reducer 7 
            Execution mode: vectorized, llap
            Reduce Operator Tree:
              Group By Operator
                aggregations: min(VALUE._col0), max(VALUE._col1), bloom_filter(VALUE._col2, expectedEntries=1000000)
                mode: final
                outputColumnNames: _col0, _col1, _col2
                Statistics: Num rows: 1 Data size: 24 Basic stats: COMPLETE Column stats: COMPLETE
                Reduce Output Operator
                  null sort order: 
                  sort order: 
                  Statistics: Num rows: 1 Data size: 24 Basic stats: COMPLETE Column stats: COMPLETE
                  value expressions: _col0 (type: bigint), _col1 (type: bigint), _col2 (type: binary)

  Stage: Stage-0
    Fetch Operator
      limit: -1
      Processor Tree:
        ListSink

