Warning: Map Join MAPJOIN[168][bigTable=?] in task 'Map 1' is a cross product
STAGE DEPENDENCIES:
  Stage-1 is a root stage
  Stage-0 depends on stages: Stage-1

STAGE PLANS:
  Stage: Stage-1
    Tez
#### A masked pattern was here ####
      Edges:
        Map 1 <- Reducer 5 (BROADCAST_EDGE)
        Map 12 <- Map 9 (BROADCAST_EDGE)
        Map 16 <- Reducer 6 (BROADCAST_EDGE), Reducer 7 (BROADCAST_EDGE)
        Map 9 <- Reducer 11 (BROADCAST_EDGE)
        Reducer 11 <- Map 10 (SIMPLE_EDGE)
        Reducer 13 <- Map 12 (CUSTOM_SIMPLE_EDGE), Map 16 (BROADCAST_EDGE), Reducer 2 (CUSTOM_SIMPLE_EDGE)
        Reducer 14 <- Reducer 13 (SIMPLE_EDGE)
        Reducer 15 <- Reducer 14 (SIMPLE_EDGE)
        Reducer 2 <- Map 1 (CUSTOM_SIMPLE_EDGE), Map 8 (CUSTOM_SIMPLE_EDGE)
        Reducer 4 <- Map 3 (SIMPLE_EDGE)
        Reducer 5 <- Reducer 4 (CUSTOM_SIMPLE_EDGE)
        Reducer 6 <- Map 3 (SIMPLE_EDGE)
        Reducer 7 <- Reducer 6 (CUSTOM_SIMPLE_EDGE)
#### A masked pattern was here ####
      Vertices:
        Map 1 
            Map Operator Tree:
                TableScan
                  alias: c
                  filterExpr: c_current_addr_sk is not null (type: boolean)
                  Statistics: Num rows: 80000000 Data size: 1280000000 Basic stats: COMPLETE Column stats: COMPLETE
                  Filter Operator
                    predicate: c_current_addr_sk is not null (type: boolean)
                    Statistics: Num rows: 80000000 Data size: 1280000000 Basic stats: COMPLETE Column stats: COMPLETE
                    Select Operator
                      expressions: c_customer_sk (type: bigint), c_current_addr_sk (type: bigint)
                      outputColumnNames: _col0, _col1
                      Statistics: Num rows: 80000000 Data size: 1280000000 Basic stats: COMPLETE Column stats: COMPLETE
                      Map Join Operator
                        condition map:
                             Inner Join 0 to 1
                        keys:
                          0 
                          1 
                        outputColumnNames: _col0, _col1
                        input vertices:
                          1 Reducer 5
                        Statistics: Num rows: 80000000 Data size: 1280000000 Basic stats: COMPLETE Column stats: COMPLETE
                        Reduce Output Operator
                          key expressions: _col1 (type: bigint)
                          null sort order: z
                          sort order: +
                          Map-reduce partition columns: _col1 (type: bigint)
                          Statistics: Num rows: 80000000 Data size: 1280000000 Basic stats: COMPLETE Column stats: COMPLETE
                          value expressions: _col0 (type: bigint)
            Execution mode: vectorized, llap
            LLAP IO: may be used (ACID table)
        Map 10 
            Map Operator Tree:
                TableScan
                  alias: j
                  filterExpr: i_category is not null (type: boolean)
                  Statistics: Num rows: 462000 Data size: 93193408 Basic stats: COMPLETE Column stats: COMPLETE
                  Filter Operator
                    predicate: i_category is not null (type: boolean)
                    Statistics: Num rows: 462000 Data size: 93193408 Basic stats: COMPLETE Column stats: COMPLETE
                    Group By Operator
                      aggregations: sum(i_current_price), count(i_current_price)
                      keys: i_category (type: char(50))
                      minReductionHashAggr: 0.99
                      mode: hash
                      outputColumnNames: _col0, _col1, _col2
                      Statistics: Num rows: 11 Data size: 2310 Basic stats: COMPLETE Column stats: COMPLETE
                      Reduce Output Operator
                        key expressions: _col0 (type: char(50))
                        null sort order: z
                        sort order: +
                        Map-reduce partition columns: _col0 (type: char(50))
                        Statistics: Num rows: 11 Data size: 2310 Basic stats: COMPLETE Column stats: COMPLETE
                        value expressions: _col1 (type: decimal(17,2)), _col2 (type: bigint)
            Execution mode: vectorized, llap
            LLAP IO: may be used (ACID table)
        Map 12 
            Map Operator Tree:
                TableScan
                  alias: s
                  filterExpr: ss_customer_sk is not null (type: boolean)
                  probeDecodeDetails: cacheKey:HASH_MAP_MAPJOIN_171_container, bigKeyColName:ss_item_sk, smallTablePos:0, keyRatio:7.749438625217859E-6
                  Statistics: Num rows: 82510879939 Data size: 1964702246744 Basic stats: COMPLETE Column stats: COMPLETE
                  Filter Operator
                    predicate: ss_customer_sk is not null (type: boolean)
                    Statistics: Num rows: 80566020964 Data size: 1918392368576 Basic stats: COMPLETE Column stats: COMPLETE
                    Select Operator
                      expressions: ss_item_sk (type: bigint), ss_customer_sk (type: bigint), ss_sold_date_sk (type: bigint)
                      outputColumnNames: _col0, _col1, _col2
                      Statistics: Num rows: 80566020964 Data size: 1918392368576 Basic stats: COMPLETE Column stats: COMPLETE
                      Map Join Operator
                        condition map:
                             Inner Join 0 to 1
                        keys:
                          0 _col0 (type: bigint)
                          1 _col0 (type: bigint)
                        outputColumnNames: _col6, _col7
                        input vertices:
                          0 Map 9
                        Statistics: Num rows: 639413 Data size: 5115312 Basic stats: COMPLETE Column stats: COMPLETE
                        Select Operator
                          expressions: _col6 (type: bigint), _col7 (type: bigint)
                          outputColumnNames: _col1, _col2
                          Statistics: Num rows: 639413 Data size: 5115312 Basic stats: COMPLETE Column stats: COMPLETE
                          Reduce Output Operator
                            key expressions: _col1 (type: bigint)
                            null sort order: z
                            sort order: +
                            Map-reduce partition columns: _col1 (type: bigint)
                            Statistics: Num rows: 639413 Data size: 5115312 Basic stats: COMPLETE Column stats: COMPLETE
                            value expressions: _col2 (type: bigint)
            Execution mode: vectorized, llap
            LLAP IO: may be used (ACID table)
        Map 16 
            Map Operator Tree:
                TableScan
                  alias: d
                  filterExpr: (d_month_seq is not null and d_month_seq BETWEEN DynamicValue(RS_52_date_dim_d_month_seq_min) AND DynamicValue(RS_52_date_dim_d_month_seq_max) and in_bloom_filter(d_month_seq, DynamicValue(RS_52_date_dim_d_month_seq_bloom_filter))) (type: boolean)
                  probeDecodeDetails: cacheKey:HASH_MAP_MAPJOIN_172_container, bigKeyColName:d_month_seq, smallTablePos:1, keyRatio:0.011800298429821079
                  Statistics: Num rows: 73049 Data size: 876588 Basic stats: COMPLETE Column stats: COMPLETE
                  Filter Operator
                    predicate: (d_month_seq is not null and d_month_seq BETWEEN DynamicValue(RS_52_date_dim_d_month_seq_min) AND DynamicValue(RS_52_date_dim_d_month_seq_max) and in_bloom_filter(d_month_seq, DynamicValue(RS_52_date_dim_d_month_seq_bloom_filter))) (type: boolean)
                    Statistics: Num rows: 73049 Data size: 876588 Basic stats: COMPLETE Column stats: COMPLETE
                    Select Operator
                      expressions: d_date_sk (type: bigint), d_month_seq (type: int)
                      outputColumnNames: _col0, _col1
                      Statistics: Num rows: 73049 Data size: 876588 Basic stats: COMPLETE Column stats: COMPLETE
                      Map Join Operator
                        condition map:
                             Inner Join 0 to 1
                        keys:
                          0 _col1 (type: int)
                          1 _col0 (type: int)
                        outputColumnNames: _col0
                        input vertices:
                          1 Reducer 6
                        Statistics: Num rows: 928 Data size: 7424 Basic stats: COMPLETE Column stats: COMPLETE
                        Reduce Output Operator
                          key expressions: _col0 (type: bigint)
                          null sort order: z
                          sort order: +
                          Map-reduce partition columns: _col0 (type: bigint)
                          Statistics: Num rows: 928 Data size: 7424 Basic stats: COMPLETE Column stats: COMPLETE
                        Select Operator
                          expressions: _col0 (type: bigint)
                          outputColumnNames: _col0
                          Statistics: Num rows: 928 Data size: 7424 Basic stats: COMPLETE Column stats: COMPLETE
                          Group By Operator
                            keys: _col0 (type: bigint)
                            minReductionHashAggr: 0.4
                            mode: hash
                            outputColumnNames: _col0
                            Statistics: Num rows: 862 Data size: 6896 Basic stats: COMPLETE Column stats: COMPLETE
                            Dynamic Partitioning Event Operator
                              Target column: ss_sold_date_sk (bigint)
                              Target Input: s
                              Partition key expr: ss_sold_date_sk
                              Statistics: Num rows: 862 Data size: 6896 Basic stats: COMPLETE Column stats: COMPLETE
                              Target Vertex: Map 12
            Execution mode: vectorized, llap
            LLAP IO: may be used (ACID table)
        Map 3 
            Map Operator Tree:
                TableScan
                  alias: date_dim
                  filterExpr: (((d_year = 2000) and (d_moy = 2)) or ((d_year = 2000) and (d_moy = 2) and d_month_seq is not null)) (type: boolean)
                  Statistics: Num rows: 73049 Data size: 876588 Basic stats: COMPLETE Column stats: COMPLETE
                  Filter Operator
                    predicate: ((d_year = 2000) and (d_moy = 2)) (type: boolean)
                    Statistics: Num rows: 31 Data size: 372 Basic stats: COMPLETE Column stats: COMPLETE
                    Select Operator
                      expressions: d_month_seq (type: int)
                      outputColumnNames: d_month_seq
                      Statistics: Num rows: 31 Data size: 372 Basic stats: COMPLETE Column stats: COMPLETE
                      Group By Operator
                        keys: d_month_seq (type: int)
                        minReductionHashAggr: 0.4
                        mode: hash
                        outputColumnNames: _col0
                        Statistics: Num rows: 31 Data size: 124 Basic stats: COMPLETE Column stats: COMPLETE
                        Reduce Output Operator
                          key expressions: _col0 (type: int)
                          null sort order: z
                          sort order: +
                          Map-reduce partition columns: _col0 (type: int)
                          Statistics: Num rows: 31 Data size: 124 Basic stats: COMPLETE Column stats: COMPLETE
                  Filter Operator
                    predicate: ((d_year = 2000) and (d_moy = 2) and d_month_seq is not null) (type: boolean)
                    Statistics: Num rows: 31 Data size: 372 Basic stats: COMPLETE Column stats: COMPLETE
                    Select Operator
                      expressions: d_month_seq (type: int)
                      outputColumnNames: d_month_seq
                      Statistics: Num rows: 31 Data size: 372 Basic stats: COMPLETE Column stats: COMPLETE
                      Group By Operator
                        keys: d_month_seq (type: int)
                        minReductionHashAggr: 0.4
                        mode: hash
                        outputColumnNames: _col0
                        Statistics: Num rows: 31 Data size: 124 Basic stats: COMPLETE Column stats: COMPLETE
                        Reduce Output Operator
                          key expressions: _col0 (type: int)
                          null sort order: z
                          sort order: +
                          Map-reduce partition columns: _col0 (type: int)
                          Statistics: Num rows: 31 Data size: 124 Basic stats: COMPLETE Column stats: COMPLETE
            Execution mode: vectorized, llap
            LLAP IO: may be used (ACID table)
        Map 8 
            Map Operator Tree:
                TableScan
                  alias: a
                  Statistics: Num rows: 40000000 Data size: 3760000000 Basic stats: COMPLETE Column stats: COMPLETE
                  Select Operator
                    expressions: ca_address_sk (type: bigint), ca_state (type: char(2))
                    outputColumnNames: _col0, _col1
                    Statistics: Num rows: 40000000 Data size: 3760000000 Basic stats: COMPLETE Column stats: COMPLETE
                    Reduce Output Operator
                      key expressions: _col0 (type: bigint)
                      null sort order: z
                      sort order: +
                      Map-reduce partition columns: _col0 (type: bigint)
                      Statistics: Num rows: 40000000 Data size: 3760000000 Basic stats: COMPLETE Column stats: COMPLETE
                      value expressions: _col1 (type: char(2))
            Execution mode: vectorized, llap
            LLAP IO: may be used (ACID table)
        Map 9 
            Map Operator Tree:
                TableScan
                  alias: i
                  filterExpr: (i_current_price is not null and i_category is not null) (type: boolean)
                  probeDecodeDetails: cacheKey:HASH_MAP_MAPJOIN_170_container, bigKeyColName:i_category, smallTablePos:1, keyRatio:0.997474025974026
                  Statistics: Num rows: 462000 Data size: 96889408 Basic stats: COMPLETE Column stats: COMPLETE
                  Filter Operator
                    predicate: (i_current_price is not null and i_category is not null) (type: boolean)
                    Statistics: Num rows: 460833 Data size: 96644674 Basic stats: COMPLETE Column stats: COMPLETE
                    Select Operator
                      expressions: i_item_sk (type: bigint), i_current_price (type: decimal(7,2)), i_category (type: char(50))
                      outputColumnNames: _col0, _col1, _col2
                      Statistics: Num rows: 460833 Data size: 96644674 Basic stats: COMPLETE Column stats: COMPLETE
                      Map Join Operator
                        condition map:
                             Inner Join 0 to 1
                        keys:
                          0 _col2 (type: char(50))
                          1 _col0 (type: char(50))
                        outputColumnNames: _col0, _col1, _col4
                        input vertices:
                          1 Reducer 11
                        Statistics: Num rows: 460833 Data size: 106783000 Basic stats: COMPLETE Column stats: COMPLETE
                        Filter Operator
                          predicate: (_col1 > _col4) (type: boolean)
                          Statistics: Num rows: 153611 Data size: 35594408 Basic stats: COMPLETE Column stats: COMPLETE
                          Reduce Output Operator
                            key expressions: _col0 (type: bigint)
                            null sort order: z
                            sort order: +
                            Map-reduce partition columns: _col0 (type: bigint)
                            Statistics: Num rows: 153611 Data size: 35594408 Basic stats: COMPLETE Column stats: COMPLETE
            Execution mode: vectorized, llap
            LLAP IO: may be used (ACID table)
        Reducer 11 
            Execution mode: vectorized, llap
            Reduce Operator Tree:
              Group By Operator
                aggregations: sum(VALUE._col0), count(VALUE._col1)
                keys: KEY._col0 (type: char(50))
                mode: mergepartial
                outputColumnNames: _col0, _col1, _col2
                Statistics: Num rows: 11 Data size: 2310 Basic stats: COMPLETE Column stats: COMPLETE
                Filter Operator
                  predicate: CAST( CAST( (_col1 / _col2) AS decimal(11,6)) AS decimal(16,6)) is not null (type: boolean)
                  Statistics: Num rows: 11 Data size: 2310 Basic stats: COMPLETE Column stats: COMPLETE
                  Select Operator
                    expressions: _col0 (type: char(50)), (1.2 * CAST( CAST( (_col1 / _col2) AS decimal(11,6)) AS decimal(16,6))) (type: decimal(19,7))
                    outputColumnNames: _col0, _col1
                    Statistics: Num rows: 11 Data size: 2222 Basic stats: COMPLETE Column stats: COMPLETE
                    Reduce Output Operator
                      key expressions: _col0 (type: char(50))
                      null sort order: z
                      sort order: +
                      Map-reduce partition columns: _col0 (type: char(50))
                      Statistics: Num rows: 11 Data size: 2222 Basic stats: COMPLETE Column stats: COMPLETE
                      value expressions: _col1 (type: decimal(19,7))
        Reducer 13 
            Execution mode: vectorized, llap
            Reduce Operator Tree:
              Map Join Operator
                condition map:
                     Inner Join 0 to 1
                keys:
                  0 KEY.reducesinkkey0 (type: bigint)
                  1 KEY.reducesinkkey0 (type: bigint)
                outputColumnNames: _col4, _col7
                input vertices:
                  0 Reducer 2
                Statistics: Num rows: 639413 Data size: 60104822 Basic stats: COMPLETE Column stats: COMPLETE
                DynamicPartitionHashJoin: true
                Map Join Operator
                  condition map:
                       Inner Join 0 to 1
                  keys:
                    0 _col7 (type: bigint)
                    1 _col0 (type: bigint)
                  outputColumnNames: _col4
                  input vertices:
                    1 Map 16
                  Statistics: Num rows: 639413 Data size: 54989518 Basic stats: COMPLETE Column stats: COMPLETE
                  Group By Operator
                    aggregations: count()
                    keys: _col4 (type: char(2))
                    minReductionHashAggr: 0.99
                    mode: hash
                    outputColumnNames: _col0, _col1
                    Statistics: Num rows: 1 Data size: 94 Basic stats: COMPLETE Column stats: COMPLETE
                    Reduce Output Operator
                      key expressions: _col0 (type: char(2))
                      null sort order: z
                      sort order: +
                      Map-reduce partition columns: _col0 (type: char(2))
                      Statistics: Num rows: 1 Data size: 94 Basic stats: COMPLETE Column stats: COMPLETE
                      value expressions: _col1 (type: bigint)
        Reducer 14 
            Execution mode: vectorized, llap
            Reduce Operator Tree:
              Group By Operator
                aggregations: count(VALUE._col0)
                keys: KEY._col0 (type: char(2))
                mode: mergepartial
                outputColumnNames: _col0, _col1
                Statistics: Num rows: 1 Data size: 94 Basic stats: COMPLETE Column stats: COMPLETE
                Filter Operator
                  predicate: (_col1 >= 10L) (type: boolean)
                  Statistics: Num rows: 1 Data size: 94 Basic stats: COMPLETE Column stats: COMPLETE
                  Top N Key Operator
                    sort order: +
                    keys: _col1 (type: bigint)
                    null sort order: z
                    Statistics: Num rows: 1 Data size: 94 Basic stats: COMPLETE Column stats: COMPLETE
                    top n: 100
                    Reduce Output Operator
                      key expressions: _col1 (type: bigint)
                      null sort order: z
                      sort order: +
                      Statistics: Num rows: 1 Data size: 94 Basic stats: COMPLETE Column stats: COMPLETE
                      value expressions: _col0 (type: char(2))
        Reducer 15 
            Execution mode: vectorized, llap
            Reduce Operator Tree:
              Select Operator
                expressions: VALUE._col0 (type: char(2)), KEY.reducesinkkey0 (type: bigint)
                outputColumnNames: _col0, _col1
                Statistics: Num rows: 1 Data size: 94 Basic stats: COMPLETE Column stats: COMPLETE
                Limit
                  Number of rows: 100
                  Statistics: Num rows: 1 Data size: 94 Basic stats: COMPLETE Column stats: COMPLETE
                  File Output Operator
                    compressed: false
                    Statistics: Num rows: 1 Data size: 94 Basic stats: COMPLETE Column stats: COMPLETE
                    table:
                        input format: org.apache.hadoop.mapred.SequenceFileInputFormat
                        output format: org.apache.hadoop.hive.ql.io.HiveSequenceFileOutputFormat
                        serde: org.apache.hadoop.hive.serde2.lazy.LazySimpleSerDe
        Reducer 2 
            Execution mode: vectorized, llap
            Reduce Operator Tree:
              Map Join Operator
                condition map:
                     Inner Join 0 to 1
                keys:
                  0 KEY.reducesinkkey0 (type: bigint)
                  1 KEY.reducesinkkey0 (type: bigint)
                outputColumnNames: _col0, _col4
                input vertices:
                  1 Map 8
                Statistics: Num rows: 80000000 Data size: 7520000000 Basic stats: COMPLETE Column stats: COMPLETE
                DynamicPartitionHashJoin: true
                Reduce Output Operator
                  key expressions: _col0 (type: bigint)
                  null sort order: z
                  sort order: +
                  Map-reduce partition columns: _col0 (type: bigint)
                  Statistics: Num rows: 80000000 Data size: 7520000000 Basic stats: COMPLETE Column stats: COMPLETE
                  value expressions: _col4 (type: char(2))
        Reducer 4 
            Execution mode: vectorized, llap
            Reduce Operator Tree:
              Group By Operator
                keys: KEY._col0 (type: int)
                mode: mergepartial
                outputColumnNames: _col0
                Statistics: Num rows: 31 Data size: 124 Basic stats: COMPLETE Column stats: COMPLETE
                Select Operator
                  Statistics: Num rows: 31 Data size: 124 Basic stats: COMPLETE Column stats: COMPLETE
                  Group By Operator
                    aggregations: count()
                    minReductionHashAggr: 0.96774197
                    mode: hash
                    outputColumnNames: _col0
                    Statistics: Num rows: 1 Data size: 8 Basic stats: COMPLETE Column stats: COMPLETE
                    Reduce Output Operator
                      null sort order: 
                      sort order: 
                      Statistics: Num rows: 1 Data size: 8 Basic stats: COMPLETE Column stats: COMPLETE
                      value expressions: _col0 (type: bigint)
        Reducer 5 
            Execution mode: vectorized, llap
            Reduce Operator Tree:
              Group By Operator
                aggregations: count(VALUE._col0)
                mode: mergepartial
                outputColumnNames: _col0
                Statistics: Num rows: 1 Data size: 8 Basic stats: COMPLETE Column stats: COMPLETE
                Filter Operator
                  predicate: (sq_count_check(_col0) <= 1) (type: boolean)
                  Statistics: Num rows: 1 Data size: 8 Basic stats: COMPLETE Column stats: COMPLETE
                  Select Operator
                    Statistics: Num rows: 1 Data size: 8 Basic stats: COMPLETE Column stats: COMPLETE
                    Reduce Output Operator
                      null sort order: 
                      sort order: 
                      Statistics: Num rows: 1 Data size: 8 Basic stats: COMPLETE Column stats: COMPLETE
        Reducer 6 
            Execution mode: vectorized, llap
            Reduce Operator Tree:
              Group By Operator
                keys: KEY._col0 (type: int)
                mode: mergepartial
                outputColumnNames: _col0
                Statistics: Num rows: 31 Data size: 124 Basic stats: COMPLETE Column stats: COMPLETE
                Reduce Output Operator
                  key expressions: _col0 (type: int)
                  null sort order: z
                  sort order: +
                  Map-reduce partition columns: _col0 (type: int)
                  Statistics: Num rows: 31 Data size: 124 Basic stats: COMPLETE Column stats: COMPLETE
                Select Operator
                  expressions: _col0 (type: int)
                  outputColumnNames: _col0
                  Statistics: Num rows: 31 Data size: 124 Basic stats: COMPLETE Column stats: COMPLETE
                  Group By Operator
                    aggregations: min(_col0), max(_col0), bloom_filter(_col0, expectedEntries=1000000)
                    minReductionHashAggr: 0.96774197
                    mode: hash
                    outputColumnNames: _col0, _col1, _col2
                    Statistics: Num rows: 1 Data size: 12 Basic stats: COMPLETE Column stats: COMPLETE
                    Reduce Output Operator
                      null sort order: 
                      sort order: 
                      Statistics: Num rows: 1 Data size: 12 Basic stats: COMPLETE Column stats: COMPLETE
                      value expressions: _col0 (type: int), _col1 (type: int), _col2 (type: binary)
        Reducer 7 
            Execution mode: vectorized, llap
            Reduce Operator Tree:
              Group By Operator
                aggregations: min(VALUE._col0), max(VALUE._col1), bloom_filter(VALUE._col2, expectedEntries=1000000)
                mode: final
                outputColumnNames: _col0, _col1, _col2
                Statistics: Num rows: 1 Data size: 12 Basic stats: COMPLETE Column stats: COMPLETE
                Reduce Output Operator
                  null sort order: 
                  sort order: 
                  Statistics: Num rows: 1 Data size: 12 Basic stats: COMPLETE Column stats: COMPLETE
                  value expressions: _col0 (type: int), _col1 (type: int), _col2 (type: binary)

  Stage: Stage-0
    Fetch Operator
      limit: 100
      Processor Tree:
        ListSink

