STAGE DEPENDENCIES:
  Stage-1 is a root stage
  Stage-0 depends on stages: Stage-1

STAGE PLANS:
  Stage: Stage-1
    Tez
#### A masked pattern was here ####
      Edges:
        Map 1 <- Map 3 (BROADCAST_EDGE)
        Map 4 <- Reducer 2 (BROADCAST_EDGE)
        Reducer 2 <- Map 1 (CUSTOM_SIMPLE_EDGE)
        Reducer 5 <- Map 1 (CUSTOM_SIMPLE_EDGE), Map 4 (CUSTOM_SIMPLE_EDGE)
        Reducer 6 <- Reducer 5 (SIMPLE_EDGE)
        Reducer 7 <- Reducer 6 (SIMPLE_EDGE)
#### A masked pattern was here ####
      Vertices:
        Map 1 
            Map Operator Tree:
                TableScan
                  alias: store_returns
                  filterExpr: sr_reason_sk is not null (type: boolean)
                  probeDecodeDetails: cacheKey:HASH_MAP_MAPJOIN_73_container, bigKeyColName:sr_reason_sk, smallTablePos:1, keyRatio:7.477270249392483E-7
                  Statistics: Num rows: 8634166995 Data size: 238137929652 Basic stats: COMPLETE Column stats: COMPLETE
                  Filter Operator
                    predicate: sr_reason_sk is not null (type: boolean)
                    Statistics: Num rows: 8332917100 Data size: 229829192248 Basic stats: COMPLETE Column stats: COMPLETE
                    Select Operator
                      expressions: sr_item_sk (type: bigint), sr_reason_sk (type: bigint), sr_ticket_number (type: bigint), sr_return_quantity (type: int)
                      outputColumnNames: _col0, _col1, _col2, _col3
                      Statistics: Num rows: 8332917100 Data size: 229829192248 Basic stats: COMPLETE Column stats: COMPLETE
                      Map Join Operator
                        condition map:
                             Inner Join 0 to 1
                        keys:
                          0 _col1 (type: bigint)
                          1 _col0 (type: bigint)
                        outputColumnNames: _col0, _col2, _col3
                        input vertices:
                          1 Map 3
                        Statistics: Num rows: 115734961 Data size: 1851759380 Basic stats: COMPLETE Column stats: COMPLETE
                        Reduce Output Operator
                          key expressions: _col0 (type: bigint), _col2 (type: bigint)
                          null sort order: zz
                          sort order: ++
                          Map-reduce partition columns: _col0 (type: bigint), _col2 (type: bigint)
                          Statistics: Num rows: 115734961 Data size: 1851759380 Basic stats: COMPLETE Column stats: COMPLETE
                          value expressions: _col3 (type: int)
                        Select Operator
                          expressions: _col0 (type: bigint), _col2 (type: bigint), hash(_col0,_col2) (type: int)
                          outputColumnNames: _col0, _col1, _col3
                          Statistics: Num rows: 115734961 Data size: 2314699220 Basic stats: COMPLETE Column stats: COMPLETE
                          Group By Operator
                            aggregations: min(_col0), max(_col0), min(_col1), max(_col1), bloom_filter(_col3, expectedEntries=1000000)
                            minReductionHashAggr: 0.99
                            mode: hash
                            outputColumnNames: _col0, _col1, _col2, _col3, _col4
                            Statistics: Num rows: 1 Data size: 176 Basic stats: COMPLETE Column stats: COMPLETE
                            Reduce Output Operator
                              null sort order: 
                              sort order: 
                              Statistics: Num rows: 1 Data size: 176 Basic stats: COMPLETE Column stats: COMPLETE
                              value expressions: _col0 (type: bigint), _col1 (type: bigint), _col2 (type: bigint), _col3 (type: bigint), _col4 (type: binary)
            Execution mode: vectorized, llap
            LLAP IO: may be used (ACID table)
        Map 3 
            Map Operator Tree:
                TableScan
                  alias: reason
                  filterExpr: (r_reason_desc = 'Did not like the warranty                                                                           ') (type: boolean)
                  Statistics: Num rows: 72 Data size: 7560 Basic stats: COMPLETE Column stats: COMPLETE
                  Filter Operator
                    predicate: (r_reason_desc = 'Did not like the warranty                                                                           ') (type: boolean)
                    Statistics: Num rows: 1 Data size: 105 Basic stats: COMPLETE Column stats: COMPLETE
                    Select Operator
                      expressions: r_reason_sk (type: bigint)
                      outputColumnNames: _col0
                      Statistics: Num rows: 1 Data size: 8 Basic stats: COMPLETE Column stats: COMPLETE
                      Reduce Output Operator
                        key expressions: _col0 (type: bigint)
                        null sort order: z
                        sort order: +
                        Map-reduce partition columns: _col0 (type: bigint)
                        Statistics: Num rows: 1 Data size: 8 Basic stats: COMPLETE Column stats: COMPLETE
            Execution mode: vectorized, llap
            LLAP IO: may be used (ACID table)
        Map 4 
            Map Operator Tree:
                TableScan
                  alias: store_sales
                  filterExpr: (ss_item_sk BETWEEN DynamicValue(RS[72]_col0) AND DynamicValue(RS[72]_col1) and ss_ticket_number BETWEEN DynamicValue(RS[72]_col2) AND DynamicValue(RS[72]_col3) and in_bloom_filter(hash(ss_item_sk,ss_ticket_number), DynamicValue(RS[72]_col4))) (type: boolean)
                  Statistics: Num rows: 86404891377 Data size: 11614435704584 Basic stats: COMPLETE Column stats: COMPLETE
                  Filter Operator
                    predicate: (ss_item_sk BETWEEN DynamicValue(RS[72]_col0) AND DynamicValue(RS[72]_col1) and ss_ticket_number BETWEEN DynamicValue(RS[72]_col2) AND DynamicValue(RS[72]_col3) and in_bloom_filter(hash(ss_item_sk,ss_ticket_number), DynamicValue(RS[72]_col4))) (type: boolean)
                    Statistics: Num rows: 86404891377 Data size: 11614435704584 Basic stats: COMPLETE Column stats: COMPLETE
                    Select Operator
                      expressions: ss_item_sk (type: bigint), ss_customer_sk (type: bigint), ss_ticket_number (type: bigint), ss_quantity (type: int), ss_sales_price (type: decimal(7,2))
                      outputColumnNames: _col0, _col1, _col2, _col3, _col4
                      Statistics: Num rows: 86404891377 Data size: 11614435704584 Basic stats: COMPLETE Column stats: COMPLETE
                      Reduce Output Operator
                        key expressions: _col0 (type: bigint), _col2 (type: bigint)
                        null sort order: zz
                        sort order: ++
                        Map-reduce partition columns: _col0 (type: bigint), _col2 (type: bigint)
                        Statistics: Num rows: 86404891377 Data size: 11614435704584 Basic stats: COMPLETE Column stats: COMPLETE
                        value expressions: _col1 (type: bigint), _col3 (type: int), _col4 (type: decimal(7,2))
            Execution mode: vectorized, llap
            LLAP IO: may be used (ACID table)
        Reducer 2 
            Execution mode: vectorized, llap
            Reduce Operator Tree:
              Group By Operator
                aggregations: min(VALUE._col0), max(VALUE._col1), min(VALUE._col2), max(VALUE._col3), bloom_filter(VALUE._col4, expectedEntries=1000000)
                mode: final
                outputColumnNames: _col0, _col1, _col2, _col3, _col4
                Statistics: Num rows: 1 Data size: 176 Basic stats: COMPLETE Column stats: COMPLETE
                Reduce Output Operator
                  null sort order: 
                  sort order: 
                  Statistics: Num rows: 1 Data size: 176 Basic stats: COMPLETE Column stats: COMPLETE
                  value expressions: _col0 (type: bigint), _col1 (type: bigint), _col2 (type: bigint), _col3 (type: bigint), _col4 (type: binary)
        Reducer 5 
            Execution mode: vectorized, llap
            Reduce Operator Tree:
              Map Join Operator
                condition map:
                     Inner Join 0 to 1
                keys:
                  0 KEY.reducesinkkey0 (type: bigint), KEY.reducesinkkey1 (type: bigint)
                  1 KEY.reducesinkkey0 (type: bigint), KEY.reducesinkkey1 (type: bigint)
                outputColumnNames: _col3, _col6, _col8, _col9
                input vertices:
                  0 Map 1
                Statistics: Num rows: 1382795827 Data size: 5068243592 Basic stats: COMPLETE Column stats: COMPLETE
                DynamicPartitionHashJoin: true
                Select Operator
                  expressions: _col6 (type: bigint), CASE WHEN (_col3 is not null) THEN ((CAST( (_col8 - _col3) AS decimal(10,0)) * _col9)) ELSE ((CAST( _col8 AS decimal(10,0)) * _col9)) END (type: decimal(18,2))
                  outputColumnNames: _col0, _col1
                  Statistics: Num rows: 1382795827 Data size: 5068243592 Basic stats: COMPLETE Column stats: COMPLETE
                  Group By Operator
                    aggregations: sum(_col1)
                    keys: _col0 (type: bigint)
                    minReductionHashAggr: 0.99
                    mode: hash
                    outputColumnNames: _col0, _col1
                    Statistics: Num rows: 25134120 Data size: 2815021448 Basic stats: COMPLETE Column stats: COMPLETE
                    Reduce Output Operator
                      key expressions: _col0 (type: bigint)
                      null sort order: z
                      sort order: +
                      Map-reduce partition columns: _col0 (type: bigint)
                      Statistics: Num rows: 25134120 Data size: 2815021448 Basic stats: COMPLETE Column stats: COMPLETE
                      value expressions: _col1 (type: decimal(28,2))
        Reducer 6 
            Execution mode: vectorized, llap
            Reduce Operator Tree:
              Group By Operator
                aggregations: sum(VALUE._col0)
                keys: KEY._col0 (type: bigint)
                mode: mergepartial
                outputColumnNames: _col0, _col1
                Statistics: Num rows: 1256706 Data size: 140751080 Basic stats: COMPLETE Column stats: COMPLETE
                Top N Key Operator
                  sort order: ++
                  keys: _col1 (type: decimal(28,2)), _col0 (type: bigint)
                  null sort order: zz
                  Statistics: Num rows: 1256706 Data size: 140751080 Basic stats: COMPLETE Column stats: COMPLETE
                  top n: 100
                  Reduce Output Operator
                    key expressions: _col1 (type: decimal(28,2)), _col0 (type: bigint)
                    null sort order: zz
                    sort order: ++
                    Statistics: Num rows: 1256706 Data size: 140751080 Basic stats: COMPLETE Column stats: COMPLETE
        Reducer 7 
            Execution mode: vectorized, llap
            Reduce Operator Tree:
              Select Operator
                expressions: KEY.reducesinkkey1 (type: bigint), KEY.reducesinkkey0 (type: decimal(28,2))
                outputColumnNames: _col0, _col1
                Statistics: Num rows: 1256706 Data size: 130697432 Basic stats: COMPLETE Column stats: COMPLETE
                Limit
                  Number of rows: 100
                  Statistics: Num rows: 100 Data size: 11208 Basic stats: COMPLETE Column stats: COMPLETE
                  File Output Operator
                    compressed: false
                    Statistics: Num rows: 100 Data size: 11208 Basic stats: COMPLETE Column stats: COMPLETE
                    table:
                        input format: org.apache.hadoop.mapred.SequenceFileInputFormat
                        output format: org.apache.hadoop.hive.ql.io.HiveSequenceFileOutputFormat
                        serde: org.apache.hadoop.hive.serde2.lazy.LazySimpleSerDe

  Stage: Stage-0
    Fetch Operator
      limit: 100
      Processor Tree:
        ListSink

