STAGE DEPENDENCIES:
  Stage-1 is a root stage
  Stage-0 depends on stages: Stage-1

STAGE PLANS:
  Stage: Stage-1
    Tez
#### A masked pattern was here ####
      Edges:
        Map 11 <- Map 10 (BROADCAST_EDGE)
        Map 7 <- Map 10 (BROADCAST_EDGE)
        Map 8 <- Map 10 (BROADCAST_EDGE)
        Reducer 12 <- Map 11 (SIMPLE_EDGE)
        Reducer 3 <- Map 1 (BROADCAST_EDGE), Map 2 (CUSTOM_SIMPLE_EDGE), Map 7 (CUSTOM_SIMPLE_EDGE), Reducer 12 (BROADCAST_EDGE), Reducer 9 (BROADCAST_EDGE)
        Reducer 4 <- Map 13 (CUSTOM_SIMPLE_EDGE), Reducer 3 (CUSTOM_SIMPLE_EDGE)
        Reducer 5 <- Reducer 4 (SIMPLE_EDGE)
        Reducer 6 <- Reducer 5 (SIMPLE_EDGE)
        Reducer 9 <- Map 8 (SIMPLE_EDGE)
#### A masked pattern was here ####
      Vertices:
        Map 1 
            Map Operator Tree:
                TableScan
                  alias: customer_demographics
                  Statistics: Num rows: 1920800 Data size: 364952000 Basic stats: COMPLETE Column stats: COMPLETE
                  Select Operator
                    expressions: cd_demo_sk (type: bigint), cd_gender (type: char(1)), cd_marital_status (type: char(1)), cd_dep_count (type: int), cd_dep_employed_count (type: int), cd_dep_college_count (type: int)
                    outputColumnNames: _col0, _col1, _col2, _col3, _col4, _col5
                    Statistics: Num rows: 1920800 Data size: 364952000 Basic stats: COMPLETE Column stats: COMPLETE
                    Reduce Output Operator
                      key expressions: _col0 (type: bigint)
                      null sort order: z
                      sort order: +
                      Map-reduce partition columns: _col0 (type: bigint)
                      Statistics: Num rows: 1920800 Data size: 364952000 Basic stats: COMPLETE Column stats: COMPLETE
                      value expressions: _col1 (type: char(1)), _col2 (type: char(1)), _col3 (type: int), _col4 (type: int), _col5 (type: int)
            Execution mode: vectorized, llap
            LLAP IO: may be used (ACID table)
        Map 10 
            Map Operator Tree:
                TableScan
                  alias: date_dim
                  filterExpr: ((d_year = 1999) and (d_qoy < 4)) (type: boolean)
                  Statistics: Num rows: 73049 Data size: 1168784 Basic stats: COMPLETE Column stats: COMPLETE
                  Filter Operator
                    predicate: ((d_year = 1999) and (d_qoy < 4)) (type: boolean)
                    Statistics: Num rows: 367 Data size: 5872 Basic stats: COMPLETE Column stats: COMPLETE
                    Select Operator
                      expressions: d_date_sk (type: bigint)
                      outputColumnNames: _col0
                      Statistics: Num rows: 367 Data size: 2936 Basic stats: COMPLETE Column stats: COMPLETE
                      Reduce Output Operator
                        key expressions: _col0 (type: bigint)
                        null sort order: z
                        sort order: +
                        Map-reduce partition columns: _col0 (type: bigint)
                        Statistics: Num rows: 367 Data size: 2936 Basic stats: COMPLETE Column stats: COMPLETE
                      Select Operator
                        expressions: _col0 (type: bigint)
                        outputColumnNames: _col0
                        Statistics: Num rows: 367 Data size: 2936 Basic stats: COMPLETE Column stats: COMPLETE
                        Group By Operator
                          keys: _col0 (type: bigint)
                          minReductionHashAggr: 0.4
                          mode: hash
                          outputColumnNames: _col0
                          Statistics: Num rows: 367 Data size: 2936 Basic stats: COMPLETE Column stats: COMPLETE
                          Dynamic Partitioning Event Operator
                            Target column: ws_sold_date_sk (bigint)
                            Target Input: web_sales
                            Partition key expr: ws_sold_date_sk
                            Statistics: Num rows: 367 Data size: 2936 Basic stats: COMPLETE Column stats: COMPLETE
                            Target Vertex: Map 8
                      Reduce Output Operator
                        key expressions: _col0 (type: bigint)
                        null sort order: z
                        sort order: +
                        Map-reduce partition columns: _col0 (type: bigint)
                        Statistics: Num rows: 367 Data size: 2936 Basic stats: COMPLETE Column stats: COMPLETE
                      Select Operator
                        expressions: _col0 (type: bigint)
                        outputColumnNames: _col0
                        Statistics: Num rows: 367 Data size: 2936 Basic stats: COMPLETE Column stats: COMPLETE
                        Group By Operator
                          keys: _col0 (type: bigint)
                          minReductionHashAggr: 0.4
                          mode: hash
                          outputColumnNames: _col0
                          Statistics: Num rows: 367 Data size: 2936 Basic stats: COMPLETE Column stats: COMPLETE
                          Dynamic Partitioning Event Operator
                            Target column: ss_sold_date_sk (bigint)
                            Target Input: store_sales
                            Partition key expr: ss_sold_date_sk
                            Statistics: Num rows: 367 Data size: 2936 Basic stats: COMPLETE Column stats: COMPLETE
                            Target Vertex: Map 7
                      Reduce Output Operator
                        key expressions: _col0 (type: bigint)
                        null sort order: z
                        sort order: +
                        Map-reduce partition columns: _col0 (type: bigint)
                        Statistics: Num rows: 367 Data size: 2936 Basic stats: COMPLETE Column stats: COMPLETE
                      Select Operator
                        expressions: _col0 (type: bigint)
                        outputColumnNames: _col0
                        Statistics: Num rows: 367 Data size: 2936 Basic stats: COMPLETE Column stats: COMPLETE
                        Group By Operator
                          keys: _col0 (type: bigint)
                          minReductionHashAggr: 0.4
                          mode: hash
                          outputColumnNames: _col0
                          Statistics: Num rows: 367 Data size: 2936 Basic stats: COMPLETE Column stats: COMPLETE
                          Dynamic Partitioning Event Operator
                            Target column: cs_sold_date_sk (bigint)
                            Target Input: catalog_sales
                            Partition key expr: cs_sold_date_sk
                            Statistics: Num rows: 367 Data size: 2936 Basic stats: COMPLETE Column stats: COMPLETE
                            Target Vertex: Map 11
            Execution mode: vectorized, llap
            LLAP IO: may be used (ACID table)
        Map 11 
            Map Operator Tree:
                TableScan
                  alias: catalog_sales
                  filterExpr: cs_ship_customer_sk is not null (type: boolean)
                  Statistics: Num rows: 43005109025 Data size: 687211661648 Basic stats: COMPLETE Column stats: COMPLETE
                  Filter Operator
                    predicate: cs_ship_customer_sk is not null (type: boolean)
                    Statistics: Num rows: 42896348680 Data size: 685473696576 Basic stats: COMPLETE Column stats: COMPLETE
                    Select Operator
                      expressions: cs_ship_customer_sk (type: bigint), cs_sold_date_sk (type: bigint)
                      outputColumnNames: _col0, _col1
                      Statistics: Num rows: 42896348680 Data size: 685473696576 Basic stats: COMPLETE Column stats: COMPLETE
                      Map Join Operator
                        condition map:
                             Inner Join 0 to 1
                        keys:
                          0 _col1 (type: bigint)
                          1 _col0 (type: bigint)
                        outputColumnNames: _col0
                        input vertices:
                          1 Map 10
                        Statistics: Num rows: 8560491514 Data size: 67616049808 Basic stats: COMPLETE Column stats: COMPLETE
                        Group By Operator
                          keys: _col0 (type: bigint)
                          minReductionHashAggr: 0.99
                          mode: hash
                          outputColumnNames: _col0
                          Statistics: Num rows: 4152767035 Data size: 32801119216 Basic stats: COMPLETE Column stats: COMPLETE
                          Reduce Output Operator
                            key expressions: _col0 (type: bigint)
                            null sort order: z
                            sort order: +
                            Map-reduce partition columns: _col0 (type: bigint)
                            Statistics: Num rows: 4152767035 Data size: 32801119216 Basic stats: COMPLETE Column stats: COMPLETE
            Execution mode: vectorized, llap
            LLAP IO: may be used (ACID table)
        Map 13 
            Map Operator Tree:
                TableScan
                  alias: ca
                  Statistics: Num rows: 40000000 Data size: 3760000000 Basic stats: COMPLETE Column stats: COMPLETE
                  Select Operator
                    expressions: ca_address_sk (type: bigint), ca_state (type: char(2))
                    outputColumnNames: _col0, _col1
                    Statistics: Num rows: 40000000 Data size: 3760000000 Basic stats: COMPLETE Column stats: COMPLETE
                    Reduce Output Operator
                      key expressions: _col0 (type: bigint)
                      null sort order: z
                      sort order: +
                      Map-reduce partition columns: _col0 (type: bigint)
                      Statistics: Num rows: 40000000 Data size: 3760000000 Basic stats: COMPLETE Column stats: COMPLETE
                      value expressions: _col1 (type: char(2))
            Execution mode: vectorized, llap
            LLAP IO: may be used (ACID table)
        Map 2 
            Map Operator Tree:
                TableScan
                  alias: c
                  filterExpr: (c_current_cdemo_sk is not null and c_current_addr_sk is not null) (type: boolean)
                  Statistics: Num rows: 80000000 Data size: 1897611080 Basic stats: COMPLETE Column stats: COMPLETE
                  Filter Operator
                    predicate: (c_current_cdemo_sk is not null and c_current_addr_sk is not null) (type: boolean)
                    Statistics: Num rows: 77201384 Data size: 1831227520 Basic stats: COMPLETE Column stats: COMPLETE
                    Select Operator
                      expressions: c_customer_sk (type: bigint), c_current_cdemo_sk (type: bigint), c_current_addr_sk (type: bigint)
                      outputColumnNames: _col0, _col1, _col2
                      Statistics: Num rows: 77201384 Data size: 1831227520 Basic stats: COMPLETE Column stats: COMPLETE
                      Reduce Output Operator
                        key expressions: _col0 (type: bigint)
                        null sort order: z
                        sort order: +
                        Map-reduce partition columns: _col0 (type: bigint)
                        Statistics: Num rows: 77201384 Data size: 1831227520 Basic stats: COMPLETE Column stats: COMPLETE
                        value expressions: _col1 (type: bigint), _col2 (type: bigint)
            Execution mode: vectorized, llap
            LLAP IO: may be used (ACID table)
        Map 7 
            Map Operator Tree:
                TableScan
                  alias: store_sales
                  filterExpr: ss_customer_sk is not null (type: boolean)
                  Statistics: Num rows: 82510879939 Data size: 1304615207232 Basic stats: COMPLETE Column stats: COMPLETE
                  Filter Operator
                    predicate: ss_customer_sk is not null (type: boolean)
                    Statistics: Num rows: 80566020964 Data size: 1273864200864 Basic stats: COMPLETE Column stats: COMPLETE
                    Select Operator
                      expressions: ss_customer_sk (type: bigint), ss_sold_date_sk (type: bigint)
                      outputColumnNames: _col0, _col1
                      Statistics: Num rows: 80566020964 Data size: 1273864200864 Basic stats: COMPLETE Column stats: COMPLETE
                      Map Join Operator
                        condition map:
                             Inner Join 0 to 1
                        keys:
                          0 _col1 (type: bigint)
                          1 _col0 (type: bigint)
                        outputColumnNames: _col0
                        input vertices:
                          1 Map 10
                        Statistics: Num rows: 16192399916 Data size: 114347064768 Basic stats: COMPLETE Column stats: COMPLETE
                        Group By Operator
                          keys: _col0 (type: bigint)
                          minReductionHashAggr: 0.99
                          mode: hash
                          outputColumnNames: _col0
                          Statistics: Num rows: 7054726095 Data size: 49818879592 Basic stats: COMPLETE Column stats: COMPLETE
                          Reduce Output Operator
                            key expressions: _col0 (type: bigint)
                            null sort order: z
                            sort order: +
                            Map-reduce partition columns: _col0 (type: bigint)
                            Statistics: Num rows: 7054726095 Data size: 49818879592 Basic stats: COMPLETE Column stats: COMPLETE
            Execution mode: vectorized, llap
            LLAP IO: may be used (ACID table)
        Map 8 
            Map Operator Tree:
                TableScan
                  alias: web_sales
                  filterExpr: ws_bill_customer_sk is not null (type: boolean)
                  Statistics: Num rows: 21594638446 Data size: 345492666072 Basic stats: COMPLETE Column stats: COMPLETE
                  Filter Operator
                    predicate: ws_bill_customer_sk is not null (type: boolean)
                    Statistics: Num rows: 21591944812 Data size: 345449570616 Basic stats: COMPLETE Column stats: COMPLETE
                    Select Operator
                      expressions: ws_bill_customer_sk (type: bigint), ws_sold_date_sk (type: bigint)
                      outputColumnNames: _col0, _col1
                      Statistics: Num rows: 21591944812 Data size: 345449570616 Basic stats: COMPLETE Column stats: COMPLETE
                      Map Join Operator
                        condition map:
                             Inner Join 0 to 1
                        keys:
                          0 _col1 (type: bigint)
                          1 _col0 (type: bigint)
                        outputColumnNames: _col0
                        input vertices:
                          1 Map 10
                        Statistics: Num rows: 4339613664 Data size: 34695362936 Basic stats: COMPLETE Column stats: COMPLETE
                        Group By Operator
                          keys: _col0 (type: bigint)
                          minReductionHashAggr: 0.99
                          mode: hash
                          outputColumnNames: _col0
                          Statistics: Num rows: 2146404360 Data size: 17160577888 Basic stats: COMPLETE Column stats: COMPLETE
                          Reduce Output Operator
                            key expressions: _col0 (type: bigint)
                            null sort order: z
                            sort order: +
                            Map-reduce partition columns: _col0 (type: bigint)
                            Statistics: Num rows: 2146404360 Data size: 17160577888 Basic stats: COMPLETE Column stats: COMPLETE
            Execution mode: vectorized, llap
            LLAP IO: may be used (ACID table)
        Reducer 12 
            Execution mode: vectorized, llap
            Reduce Operator Tree:
              Group By Operator
                keys: KEY._col0 (type: bigint)
                mode: mergepartial
                outputColumnNames: _col0
                Statistics: Num rows: 15670819 Data size: 123777816 Basic stats: COMPLETE Column stats: COMPLETE
                Select Operator
                  expressions: true (type: boolean), _col0 (type: bigint)
                  outputColumnNames: _col0, _col1
                  Statistics: Num rows: 15670819 Data size: 186461092 Basic stats: COMPLETE Column stats: COMPLETE
                  Reduce Output Operator
                    key expressions: _col1 (type: bigint)
                    null sort order: z
                    sort order: +
                    Map-reduce partition columns: _col1 (type: bigint)
                    Statistics: Num rows: 15670819 Data size: 186461092 Basic stats: COMPLETE Column stats: COMPLETE
                    value expressions: _col0 (type: boolean)
        Reducer 3 
            Execution mode: vectorized, llap
            Reduce Operator Tree:
              Map Join Operator
                condition map:
                     Left Semi Join 0 to 1
                keys:
                  0 KEY.reducesinkkey0 (type: bigint)
                  1 KEY.reducesinkkey0 (type: bigint)
                outputColumnNames: _col0, _col1, _col2
                input vertices:
                  1 Map 7
                Statistics: Num rows: 6807932861 Data size: 163368782968 Basic stats: COMPLETE Column stats: COMPLETE
                DynamicPartitionHashJoin: true
                Map Join Operator
                  condition map:
                       Left Outer Join 0 to 1
                  keys:
                    0 _col0 (type: bigint)
                    1 _col1 (type: bigint)
                  outputColumnNames: _col0, _col1, _col2, _col3
                  input vertices:
                    1 Reducer 9
                  Statistics: Num rows: 15782385 Data size: 420301084 Basic stats: COMPLETE Column stats: COMPLETE
                  Map Join Operator
                    condition map:
                         Left Outer Join 0 to 1
                    keys:
                      0 _col0 (type: bigint)
                      1 _col1 (type: bigint)
                    outputColumnNames: _col1, _col2, _col3, _col5
                    input vertices:
                      1 Reducer 12
                    Statistics: Num rows: 15670819 Data size: 354493960 Basic stats: COMPLETE Column stats: COMPLETE
                    Filter Operator
                      predicate: (_col3 is not null or _col5 is not null) (type: boolean)
                      Statistics: Num rows: 15670819 Data size: 354493960 Basic stats: COMPLETE Column stats: COMPLETE
                      Select Operator
                        expressions: _col1 (type: bigint), _col2 (type: bigint)
                        outputColumnNames: _col1, _col2
                        Statistics: Num rows: 15670819 Data size: 354493960 Basic stats: COMPLETE Column stats: COMPLETE
                        Map Join Operator
                          condition map:
                               Inner Join 0 to 1
                          keys:
                            0 _col0 (type: bigint)
                            1 _col1 (type: bigint)
                          outputColumnNames: _col1, _col2, _col3, _col4, _col5, _col8
                          input vertices:
                            0 Map 1
                          Statistics: Num rows: 15670819 Data size: 2977455610 Basic stats: COMPLETE Column stats: COMPLETE
                          Reduce Output Operator
                            key expressions: _col8 (type: bigint)
                            null sort order: z
                            sort order: +
                            Map-reduce partition columns: _col8 (type: bigint)
                            Statistics: Num rows: 15670819 Data size: 2977455610 Basic stats: COMPLETE Column stats: COMPLETE
                            value expressions: _col1 (type: char(1)), _col2 (type: char(1)), _col3 (type: int), _col4 (type: int), _col5 (type: int)
        Reducer 4 
            Execution mode: vectorized, llap
            Reduce Operator Tree:
              Map Join Operator
                condition map:
                     Inner Join 0 to 1
                keys:
                  0 KEY.reducesinkkey0 (type: bigint)
                  1 KEY.reducesinkkey0 (type: bigint)
                outputColumnNames: _col1, _col2, _col3, _col4, _col5, _col14
                input vertices:
                  1 Map 13
                Statistics: Num rows: 15670819 Data size: 4199779492 Basic stats: COMPLETE Column stats: COMPLETE
                DynamicPartitionHashJoin: true
                Top N Key Operator
                  sort order: ++++++
                  keys: _col14 (type: char(2)), _col1 (type: char(1)), _col2 (type: char(1)), _col3 (type: int), _col4 (type: int), _col5 (type: int)
                  null sort order: zzzzzz
                  Statistics: Num rows: 15670819 Data size: 4199779492 Basic stats: COMPLETE Column stats: COMPLETE
                  top n: 100
                  Group By Operator
                    aggregations: count(), sum(_col3), count(_col3), max(_col3), sum(_col4), count(_col4), max(_col4), sum(_col5), count(_col5), max(_col5)
                    keys: _col14 (type: char(2)), _col1 (type: char(1)), _col2 (type: char(1)), _col3 (type: int), _col4 (type: int), _col5 (type: int)
                    minReductionHashAggr: 0.99
                    mode: hash
                    outputColumnNames: _col0, _col1, _col2, _col3, _col4, _col5, _col6, _col7, _col8, _col9, _col10, _col11, _col12, _col13, _col14, _col15
                    Statistics: Num rows: 1224510 Data size: 411435360 Basic stats: COMPLETE Column stats: COMPLETE
                    Reduce Output Operator
                      key expressions: _col0 (type: char(2)), _col1 (type: char(1)), _col2 (type: char(1)), _col3 (type: int), _col4 (type: int), _col5 (type: int)
                      null sort order: zzzzzz
                      sort order: ++++++
                      Map-reduce partition columns: _col0 (type: char(2)), _col1 (type: char(1)), _col2 (type: char(1)), _col3 (type: int), _col4 (type: int), _col5 (type: int)
                      Statistics: Num rows: 1224510 Data size: 411435360 Basic stats: COMPLETE Column stats: COMPLETE
                      value expressions: _col6 (type: bigint), _col7 (type: bigint), _col8 (type: bigint), _col9 (type: int), _col10 (type: bigint), _col11 (type: bigint), _col12 (type: int), _col13 (type: bigint), _col14 (type: bigint), _col15 (type: int)
        Reducer 5 
            Execution mode: vectorized, llap
            Reduce Operator Tree:
              Group By Operator
                aggregations: count(VALUE._col0), sum(VALUE._col1), count(VALUE._col2), max(VALUE._col3), sum(VALUE._col4), count(VALUE._col5), max(VALUE._col6), sum(VALUE._col7), count(VALUE._col8), max(VALUE._col9)
                keys: KEY._col0 (type: char(2)), KEY._col1 (type: char(1)), KEY._col2 (type: char(1)), KEY._col3 (type: int), KEY._col4 (type: int), KEY._col5 (type: int)
                mode: mergepartial
                outputColumnNames: _col0, _col1, _col2, _col3, _col4, _col5, _col6, _col7, _col8, _col9, _col10, _col11, _col12, _col13, _col14, _col15
                Statistics: Num rows: 72030 Data size: 24202080 Basic stats: COMPLETE Column stats: COMPLETE
                Select Operator
                  expressions: _col0 (type: char(2)), _col1 (type: char(1)), _col2 (type: char(1)), _col6 (type: bigint), (UDFToDouble(_col7) / _col8) (type: double), _col9 (type: int), _col7 (type: bigint), _col4 (type: int), (UDFToDouble(_col10) / _col11) (type: double), _col12 (type: int), _col10 (type: bigint), _col5 (type: int), (UDFToDouble(_col13) / _col14) (type: double), _col15 (type: int), _col13 (type: bigint), _col3 (type: int)
                  outputColumnNames: _col0, _col1, _col2, _col3, _col4, _col5, _col6, _col7, _col9, _col10, _col11, _col12, _col14, _col15, _col16, _col17
                  Statistics: Num rows: 72030 Data size: 25354560 Basic stats: COMPLETE Column stats: COMPLETE
                  Reduce Output Operator
                    key expressions: _col0 (type: char(2)), _col1 (type: char(1)), _col2 (type: char(1)), _col17 (type: int), _col7 (type: int), _col12 (type: int)
                    null sort order: zzzzzz
                    sort order: ++++++
                    Statistics: Num rows: 72030 Data size: 25354560 Basic stats: COMPLETE Column stats: COMPLETE
                    value expressions: _col3 (type: bigint), _col4 (type: double), _col5 (type: int), _col6 (type: bigint), _col9 (type: double), _col10 (type: int), _col11 (type: bigint), _col14 (type: double), _col15 (type: int), _col16 (type: bigint)
        Reducer 6 
            Execution mode: vectorized, llap
            Reduce Operator Tree:
              Select Operator
                expressions: KEY.reducesinkkey0 (type: char(2)), KEY.reducesinkkey1 (type: char(1)), KEY.reducesinkkey2 (type: char(1)), VALUE._col0 (type: bigint), VALUE._col1 (type: double), VALUE._col2 (type: int), VALUE._col3 (type: bigint), KEY.reducesinkkey4 (type: int), VALUE._col0 (type: bigint), VALUE._col4 (type: double), VALUE._col5 (type: int), VALUE._col6 (type: bigint), KEY.reducesinkkey5 (type: int), VALUE._col0 (type: bigint), VALUE._col7 (type: double), VALUE._col8 (type: int), VALUE._col9 (type: bigint)
                outputColumnNames: _col0, _col1, _col2, _col3, _col4, _col5, _col6, _col7, _col8, _col9, _col10, _col11, _col12, _col13, _col14, _col15, _col16
                Statistics: Num rows: 72030 Data size: 25354560 Basic stats: COMPLETE Column stats: COMPLETE
                Limit
                  Number of rows: 100
                  Statistics: Num rows: 100 Data size: 35200 Basic stats: COMPLETE Column stats: COMPLETE
                  File Output Operator
                    compressed: false
                    Statistics: Num rows: 100 Data size: 35200 Basic stats: COMPLETE Column stats: COMPLETE
                    table:
                        input format: org.apache.hadoop.mapred.SequenceFileInputFormat
                        output format: org.apache.hadoop.hive.ql.io.HiveSequenceFileOutputFormat
                        serde: org.apache.hadoop.hive.serde2.lazy.LazySimpleSerDe
        Reducer 9 
            Execution mode: vectorized, llap
            Reduce Operator Tree:
              Group By Operator
                keys: KEY._col0 (type: bigint)
                mode: mergepartial
                outputColumnNames: _col0
                Statistics: Num rows: 15782385 Data size: 126180728 Basic stats: COMPLETE Column stats: COMPLETE
                Select Operator
                  expressions: true (type: boolean), _col0 (type: bigint)
                  outputColumnNames: _col0, _col1
                  Statistics: Num rows: 15782385 Data size: 189310268 Basic stats: COMPLETE Column stats: COMPLETE
                  Reduce Output Operator
                    key expressions: _col1 (type: bigint)
                    null sort order: z
                    sort order: +
                    Map-reduce partition columns: _col1 (type: bigint)
                    Statistics: Num rows: 15782385 Data size: 189310268 Basic stats: COMPLETE Column stats: COMPLETE
                    value expressions: _col0 (type: boolean)

  Stage: Stage-0
    Fetch Operator
      limit: -1
      Processor Tree:
        ListSink

