STAGE DEPENDENCIES:
  Stage-1 is a root stage
  Stage-0 depends on stages: Stage-1

STAGE PLANS:
  Stage: Stage-1
    Tez
#### A masked pattern was here ####
      Edges:
        Map 1 <- Map 5 (BROADCAST_EDGE), Map 6 (BROADCAST_EDGE), Map 7 (BROADCAST_EDGE)
        Reducer 2 <- Map 1 (SIMPLE_EDGE)
        Reducer 3 <- Reducer 2 (SIMPLE_EDGE)
        Reducer 4 <- Reducer 3 (SIMPLE_EDGE)
#### A masked pattern was here ####
      Vertices:
        Map 1 
            Map Operator Tree:
                TableScan
                  alias: store_sales
                  filterExpr: ss_store_sk is not null (type: boolean)
                  probeDecodeDetails: cacheKey:HASH_MAP_MAPJOIN_82_container, bigKeyColName:ss_store_sk, smallTablePos:1, keyRatio:0.0027806824526610506
                  Statistics: Num rows: 82510879939 Data size: 10988352362648 Basic stats: COMPLETE Column stats: COMPLETE
                  Filter Operator
                    predicate: ss_store_sk is not null (type: boolean)
                    Statistics: Num rows: 80569240632 Data size: 10729775349712 Basic stats: COMPLETE Column stats: COMPLETE
                    Select Operator
                      expressions: ss_item_sk (type: bigint), ss_store_sk (type: bigint), ss_sales_price (type: decimal(7,2)), ss_sold_date_sk (type: bigint)
                      outputColumnNames: _col0, _col1, _col2, _col3
                      Statistics: Num rows: 80569240632 Data size: 10729775349712 Basic stats: COMPLETE Column stats: COMPLETE
                      Map Join Operator
                        condition map:
                             Inner Join 0 to 1
                        keys:
                          0 _col0 (type: bigint)
                          1 _col0 (type: bigint)
                        outputColumnNames: _col1, _col2, _col3, _col5, _col6, _col7
                        input vertices:
                          1 Map 5
                        Statistics: Num rows: 1141571997 Data size: 331055879250 Basic stats: COMPLETE Column stats: COMPLETE
                        Map Join Operator
                          condition map:
                               Inner Join 0 to 1
                          keys:
                            0 _col3 (type: bigint)
                            1 _col0 (type: bigint)
                          outputColumnNames: _col1, _col2, _col5, _col6, _col7, _col9
                          input vertices:
                            1 Map 6
                          Statistics: Num rows: 229436556 Data size: 65618855136 Basic stats: COMPLETE Column stats: COMPLETE
                          Map Join Operator
                            condition map:
                                 Inner Join 0 to 1
                            keys:
                              0 _col1 (type: bigint)
                              1 _col0 (type: bigint)
                            outputColumnNames: _col2, _col5, _col6, _col7, _col9, _col11, _col12
                            input vertices:
                              1 Map 7
                            Statistics: Num rows: 229436556 Data size: 106687998652 Basic stats: COMPLETE Column stats: COMPLETE
                            Group By Operator
                              aggregations: sum(_col2)
                              keys: _col5 (type: char(50)), _col6 (type: char(50)), _col7 (type: char(50)), _col9 (type: int), _col11 (type: varchar(50)), _col12 (type: varchar(50))
                              minReductionHashAggr: 0.99
                              mode: hash
                              outputColumnNames: _col0, _col1, _col2, _col3, _col4, _col5, _col6
                              Statistics: Num rows: 16513200 Data size: 9528116400 Basic stats: COMPLETE Column stats: COMPLETE
                              Reduce Output Operator
                                key expressions: _col0 (type: char(50)), _col1 (type: char(50)), _col2 (type: char(50)), _col3 (type: int), _col4 (type: varchar(50)), _col5 (type: varchar(50))
                                null sort order: zzzzzz
                                sort order: ++++++
                                Map-reduce partition columns: _col0 (type: char(50)), _col1 (type: char(50)), _col2 (type: char(50)), _col3 (type: int), _col4 (type: varchar(50)), _col5 (type: varchar(50))
                                Statistics: Num rows: 16513200 Data size: 9528116400 Basic stats: COMPLETE Column stats: COMPLETE
                                value expressions: _col6 (type: decimal(17,2))
            Execution mode: vectorized, llap
            LLAP IO: may be used (ACID table)
        Map 5 
            Map Operator Tree:
                TableScan
                  alias: item
                  filterExpr: ((i_class) IN ('wallpaper                                         ', 'parenting                                         ', 'musical                                           ', 'womens                                            ', 'birdal                                            ', 'pants                                             ') and (i_category) IN ('Home                                              ', 'Books                                             ', 'Electronics                                       ', 'Shoes                                             ', 'Jewelry                                           ', 'Men                                               ') and (((i_category) IN ('Home                                              ', 'Books                                             ', 'Electronics                                       ') and (i_class) IN ('wallpaper                                         ', 'parenting                                         ', 'musical                                           ')) or ((i_category) IN ('Shoes                                             ', 'Jewelry                                           ', 'Men                                               ') and (i_class) IN ('womens                                            ', 'birdal                                            ', 'pants                                             ')))) (type: boolean)
                  Statistics: Num rows: 462000 Data size: 133980000 Basic stats: COMPLETE Column stats: COMPLETE
                  Filter Operator
                    predicate: ((i_class) IN ('wallpaper                                         ', 'parenting                                         ', 'musical                                           ', 'womens                                            ', 'birdal                                            ', 'pants                                             ') and (i_category) IN ('Home                                              ', 'Books                                             ', 'Electronics                                       ', 'Shoes                                             ', 'Jewelry                                           ', 'Men                                               ') and (((i_category) IN ('Home                                              ', 'Books                                             ', 'Electronics                                       ') and (i_class) IN ('wallpaper                                         ', 'parenting                                         ', 'musical                                           ')) or ((i_category) IN ('Shoes                                             ', 'Jewelry                                           ', 'Men                                               ') and (i_class) IN ('womens                                            ', 'birdal                                            ', 'pants                                             ')))) (type: boolean)
                    Statistics: Num rows: 6546 Data size: 1898340 Basic stats: COMPLETE Column stats: COMPLETE
                    Select Operator
                      expressions: i_item_sk (type: bigint), i_brand (type: char(50)), i_class (type: char(50)), i_category (type: char(50))
                      outputColumnNames: _col0, _col1, _col2, _col3
                      Statistics: Num rows: 6546 Data size: 1898340 Basic stats: COMPLETE Column stats: COMPLETE
                      Reduce Output Operator
                        key expressions: _col0 (type: bigint)
                        null sort order: z
                        sort order: +
                        Map-reduce partition columns: _col0 (type: bigint)
                        Statistics: Num rows: 6546 Data size: 1898340 Basic stats: COMPLETE Column stats: COMPLETE
                        value expressions: _col1 (type: char(50)), _col2 (type: char(50)), _col3 (type: char(50))
            Execution mode: vectorized, llap
            LLAP IO: may be used (ACID table)
        Map 6 
            Map Operator Tree:
                TableScan
                  alias: date_dim
                  filterExpr: (d_year = 2000) (type: boolean)
                  Statistics: Num rows: 73049 Data size: 1168784 Basic stats: COMPLETE Column stats: COMPLETE
                  Filter Operator
                    predicate: (d_year = 2000) (type: boolean)
                    Statistics: Num rows: 367 Data size: 5872 Basic stats: COMPLETE Column stats: COMPLETE
                    Select Operator
                      expressions: d_date_sk (type: bigint), d_moy (type: int)
                      outputColumnNames: _col0, _col1
                      Statistics: Num rows: 367 Data size: 4404 Basic stats: COMPLETE Column stats: COMPLETE
                      Reduce Output Operator
                        key expressions: _col0 (type: bigint)
                        null sort order: z
                        sort order: +
                        Map-reduce partition columns: _col0 (type: bigint)
                        Statistics: Num rows: 367 Data size: 4404 Basic stats: COMPLETE Column stats: COMPLETE
                        value expressions: _col1 (type: int)
                      Select Operator
                        expressions: _col0 (type: bigint)
                        outputColumnNames: _col0
                        Statistics: Num rows: 367 Data size: 2936 Basic stats: COMPLETE Column stats: COMPLETE
                        Group By Operator
                          keys: _col0 (type: bigint)
                          minReductionHashAggr: 0.4
                          mode: hash
                          outputColumnNames: _col0
                          Statistics: Num rows: 367 Data size: 2936 Basic stats: COMPLETE Column stats: COMPLETE
                          Dynamic Partitioning Event Operator
                            Target column: ss_sold_date_sk (bigint)
                            Target Input: store_sales
                            Partition key expr: ss_sold_date_sk
                            Statistics: Num rows: 367 Data size: 2936 Basic stats: COMPLETE Column stats: COMPLETE
                            Target Vertex: Map 1
            Execution mode: vectorized, llap
            LLAP IO: may be used (ACID table)
        Map 7 
            Map Operator Tree:
                TableScan
                  alias: store
                  Statistics: Num rows: 1704 Data size: 318648 Basic stats: COMPLETE Column stats: COMPLETE
                  Select Operator
                    expressions: s_store_sk (type: bigint), s_store_name (type: varchar(50)), s_company_name (type: varchar(50))
                    outputColumnNames: _col0, _col1, _col2
                    Statistics: Num rows: 1704 Data size: 318648 Basic stats: COMPLETE Column stats: COMPLETE
                    Reduce Output Operator
                      key expressions: _col0 (type: bigint)
                      null sort order: z
                      sort order: +
                      Map-reduce partition columns: _col0 (type: bigint)
                      Statistics: Num rows: 1704 Data size: 318648 Basic stats: COMPLETE Column stats: COMPLETE
                      value expressions: _col1 (type: varchar(50)), _col2 (type: varchar(50))
            Execution mode: vectorized, llap
            LLAP IO: may be used (ACID table)
        Reducer 2 
            Execution mode: vectorized, llap
            Reduce Operator Tree:
              Group By Operator
                aggregations: sum(VALUE._col0)
                keys: KEY._col0 (type: char(50)), KEY._col1 (type: char(50)), KEY._col2 (type: char(50)), KEY._col3 (type: int), KEY._col4 (type: varchar(50)), KEY._col5 (type: varchar(50))
                mode: mergepartial
                outputColumnNames: _col0, _col1, _col2, _col3, _col4, _col5, _col6
                Statistics: Num rows: 39600 Data size: 22849200 Basic stats: COMPLETE Column stats: COMPLETE
                Reduce Output Operator
                  key expressions: _col2 (type: char(50)), _col0 (type: char(50)), _col4 (type: varchar(50)), _col5 (type: varchar(50))
                  null sort order: aaaa
                  sort order: ++++
                  Map-reduce partition columns: _col2 (type: char(50)), _col0 (type: char(50)), _col4 (type: varchar(50)), _col5 (type: varchar(50))
                  Statistics: Num rows: 39600 Data size: 22849200 Basic stats: COMPLETE Column stats: COMPLETE
                  value expressions: _col1 (type: char(50)), _col3 (type: int), _col6 (type: decimal(17,2))
        Reducer 3 
            Execution mode: vectorized, llap
            Reduce Operator Tree:
              Select Operator
                expressions: KEY.reducesinkkey1 (type: char(50)), VALUE._col0 (type: char(50)), KEY.reducesinkkey0 (type: char(50)), VALUE._col1 (type: int), KEY.reducesinkkey2 (type: varchar(50)), KEY.reducesinkkey3 (type: varchar(50)), VALUE._col2 (type: decimal(17,2))
                outputColumnNames: _col0, _col1, _col2, _col3, _col4, _col5, _col6
                Statistics: Num rows: 39600 Data size: 22849200 Basic stats: COMPLETE Column stats: COMPLETE
                PTF Operator
                  Function definitions:
                      Input definition
                        input alias: ptf_0
                        output shape: _col0: char(50), _col1: char(50), _col2: char(50), _col3: int, _col4: varchar(50), _col5: varchar(50), _col6: decimal(17,2)
                        type: WINDOWING
                      Windowing table definition
                        input alias: ptf_1
                        name: windowingtablefunction
                        order by: _col2 ASC NULLS FIRST, _col0 ASC NULLS FIRST, _col4 ASC NULLS FIRST, _col5 ASC NULLS FIRST
                        partition by: _col2, _col0, _col4, _col5
                        raw input shape:
                        window functions:
                            window function definition
                              alias: avg_window_0
                              arguments: _col6
                              name: avg
                              window function: GenericUDAFAverageEvaluatorDecimal
                              window frame: ROWS PRECEDING(MAX)~FOLLOWING(MAX)
                  Statistics: Num rows: 39600 Data size: 22849200 Basic stats: COMPLETE Column stats: COMPLETE
                  Select Operator
                    expressions: avg_window_0 (type: decimal(21,6)), _col0 (type: char(50)), _col1 (type: char(50)), _col2 (type: char(50)), _col3 (type: int), _col4 (type: varchar(50)), _col5 (type: varchar(50)), _col6 (type: decimal(17,2))
                    outputColumnNames: avg_window_0, _col0, _col1, _col2, _col3, _col4, _col5, _col6
                    Statistics: Num rows: 39600 Data size: 22849200 Basic stats: COMPLETE Column stats: COMPLETE
                    Filter Operator
                      predicate: CASE WHEN ((avg_window_0 <> 0)) THEN (((abs((_col6 - avg_window_0)) / avg_window_0) > 0.1)) ELSE (false) END (type: boolean)
                      Statistics: Num rows: 19800 Data size: 13642200 Basic stats: COMPLETE Column stats: COMPLETE
                      Top N Key Operator
                        sort order: ++
                        keys: (_col6 - avg_window_0) (type: decimal(22,6)), _col4 (type: varchar(50))
                        null sort order: zz
                        Statistics: Num rows: 19800 Data size: 13642200 Basic stats: COMPLETE Column stats: COMPLETE
                        top n: 100
                        Select Operator
                          expressions: _col2 (type: char(50)), _col1 (type: char(50)), _col0 (type: char(50)), _col4 (type: varchar(50)), _col5 (type: varchar(50)), _col3 (type: int), _col6 (type: decimal(17,2)), avg_window_0 (type: decimal(21,6)), (_col6 - avg_window_0) (type: decimal(22,6))
                          outputColumnNames: _col0, _col1, _col2, _col3, _col4, _col5, _col6, _col7, _col8
                          Statistics: Num rows: 19800 Data size: 15859800 Basic stats: COMPLETE Column stats: COMPLETE
                          Reduce Output Operator
                            key expressions: _col8 (type: decimal(22,6)), _col3 (type: varchar(50))
                            null sort order: zz
                            sort order: ++
                            Statistics: Num rows: 19800 Data size: 15859800 Basic stats: COMPLETE Column stats: COMPLETE
                            value expressions: _col0 (type: char(50)), _col1 (type: char(50)), _col2 (type: char(50)), _col4 (type: varchar(50)), _col5 (type: int), _col6 (type: decimal(17,2)), _col7 (type: decimal(21,6))
        Reducer 4 
            Execution mode: vectorized, llap
            Reduce Operator Tree:
              Select Operator
                expressions: VALUE._col0 (type: char(50)), VALUE._col1 (type: char(50)), VALUE._col2 (type: char(50)), KEY.reducesinkkey1 (type: varchar(50)), VALUE._col3 (type: varchar(50)), VALUE._col4 (type: int), VALUE._col5 (type: decimal(17,2)), VALUE._col6 (type: decimal(21,6))
                outputColumnNames: _col0, _col1, _col2, _col3, _col4, _col5, _col6, _col7
                Statistics: Num rows: 19800 Data size: 15859800 Basic stats: COMPLETE Column stats: COMPLETE
                Limit
                  Number of rows: 100
                  Statistics: Num rows: 100 Data size: 80100 Basic stats: COMPLETE Column stats: COMPLETE
                  File Output Operator
                    compressed: false
                    Statistics: Num rows: 100 Data size: 80100 Basic stats: COMPLETE Column stats: COMPLETE
                    table:
                        input format: org.apache.hadoop.mapred.SequenceFileInputFormat
                        output format: org.apache.hadoop.hive.ql.io.HiveSequenceFileOutputFormat
                        serde: org.apache.hadoop.hive.serde2.lazy.LazySimpleSerDe

  Stage: Stage-0
    Fetch Operator
      limit: -1
      Processor Tree:
        ListSink

