STAGE DEPENDENCIES:
  Stage-1 is a root stage
  Stage-0 depends on stages: Stage-1

STAGE PLANS:
  Stage: Stage-1
    Tez
#### A masked pattern was here ####
      Edges:
        Map 1 <- Map 3 (BROADCAST_EDGE)
        Map 4 <- Reducer 2 (BROADCAST_EDGE)
        Reducer 2 <- Map 1 (CUSTOM_SIMPLE_EDGE)
        Reducer 5 <- Map 1 (CUSTOM_SIMPLE_EDGE), Map 4 (CUSTOM_SIMPLE_EDGE), Map 8 (BROADCAST_EDGE)
        Reducer 6 <- Reducer 5 (SIMPLE_EDGE)
        Reducer 7 <- Reducer 6 (SIMPLE_EDGE)
#### A masked pattern was here ####
      Vertices:
        Map 1 
            Map Operator Tree:
                TableScan
                  alias: store_returns
                  filterExpr: sr_customer_sk is not null (type: boolean)
                  Statistics: Num rows: 8332595709 Data size: 265438843536 Basic stats: COMPLETE Column stats: COMPLETE
                  Filter Operator
                    predicate: sr_customer_sk is not null (type: boolean)
                    Statistics: Num rows: 8182068314 Data size: 260643720976 Basic stats: COMPLETE Column stats: COMPLETE
                    Select Operator
                      expressions: sr_item_sk (type: bigint), sr_customer_sk (type: bigint), sr_ticket_number (type: bigint), sr_returned_date_sk (type: bigint)
                      outputColumnNames: _col0, _col1, _col2, _col3
                      Statistics: Num rows: 8182068314 Data size: 260643720976 Basic stats: COMPLETE Column stats: COMPLETE
                      Map Join Operator
                        condition map:
                             Inner Join 0 to 1
                        keys:
                          0 _col3 (type: bigint)
                          1 _col0 (type: bigint)
                        outputColumnNames: _col0, _col1, _col2, _col3
                        input vertices:
                          1 Map 3
                        Statistics: Num rows: 126693621 Data size: 3040646912 Basic stats: COMPLETE Column stats: COMPLETE
                        Reduce Output Operator
                          key expressions: _col0 (type: bigint), _col1 (type: bigint), _col2 (type: bigint)
                          null sort order: zzz
                          sort order: +++
                          Map-reduce partition columns: _col0 (type: bigint), _col1 (type: bigint), _col2 (type: bigint)
                          Statistics: Num rows: 126693621 Data size: 3040646912 Basic stats: COMPLETE Column stats: COMPLETE
                          value expressions: _col3 (type: bigint)
                        Select Operator
                          expressions: _col0 (type: bigint), _col1 (type: bigint), _col2 (type: bigint), hash(hash(_col0,_col1),_col2) (type: int)
                          outputColumnNames: _col0, _col1, _col2, _col4
                          Statistics: Num rows: 126693621 Data size: 2533872428 Basic stats: COMPLETE Column stats: COMPLETE
                          Group By Operator
                            aggregations: min(_col0), max(_col0), min(_col1), max(_col1), min(_col2), max(_col2), bloom_filter(_col4, expectedEntries=1000000)
                            minReductionHashAggr: 0.99
                            mode: hash
                            outputColumnNames: _col0, _col1, _col2, _col3, _col4, _col5, _col6
                            Statistics: Num rows: 1 Data size: 192 Basic stats: COMPLETE Column stats: COMPLETE
                            Reduce Output Operator
                              null sort order: 
                              sort order: 
                              Statistics: Num rows: 1 Data size: 192 Basic stats: COMPLETE Column stats: COMPLETE
                              value expressions: _col0 (type: bigint), _col1 (type: bigint), _col2 (type: bigint), _col3 (type: bigint), _col4 (type: bigint), _col5 (type: bigint), _col6 (type: binary)
            Execution mode: vectorized, llap
            LLAP IO: may be used (ACID table)
        Map 3 
            Map Operator Tree:
                TableScan
                  alias: d2
                  filterExpr: ((d_year = 2000) and (d_moy = 9)) (type: boolean)
                  Statistics: Num rows: 73049 Data size: 1168784 Basic stats: COMPLETE Column stats: COMPLETE
                  Filter Operator
                    predicate: ((d_year = 2000) and (d_moy = 9)) (type: boolean)
                    Statistics: Num rows: 31 Data size: 496 Basic stats: COMPLETE Column stats: COMPLETE
                    Select Operator
                      expressions: d_date_sk (type: bigint)
                      outputColumnNames: _col0
                      Statistics: Num rows: 31 Data size: 248 Basic stats: COMPLETE Column stats: COMPLETE
                      Reduce Output Operator
                        key expressions: _col0 (type: bigint)
                        null sort order: z
                        sort order: +
                        Map-reduce partition columns: _col0 (type: bigint)
                        Statistics: Num rows: 31 Data size: 248 Basic stats: COMPLETE Column stats: COMPLETE
                      Select Operator
                        expressions: _col0 (type: bigint)
                        outputColumnNames: _col0
                        Statistics: Num rows: 31 Data size: 248 Basic stats: COMPLETE Column stats: COMPLETE
                        Group By Operator
                          keys: _col0 (type: bigint)
                          minReductionHashAggr: 0.4
                          mode: hash
                          outputColumnNames: _col0
                          Statistics: Num rows: 31 Data size: 248 Basic stats: COMPLETE Column stats: COMPLETE
                          Dynamic Partitioning Event Operator
                            Target column: sr_returned_date_sk (bigint)
                            Target Input: store_returns
                            Partition key expr: sr_returned_date_sk
                            Statistics: Num rows: 31 Data size: 248 Basic stats: COMPLETE Column stats: COMPLETE
                            Target Vertex: Map 1
            Execution mode: vectorized, llap
            LLAP IO: may be used (ACID table)
        Map 4 
            Map Operator Tree:
                TableScan
                  alias: store_sales
                  filterExpr: (ss_customer_sk is not null and ss_store_sk is not null and ss_item_sk BETWEEN DynamicValue(RS[101]_col0) AND DynamicValue(RS[101]_col1) and ss_customer_sk BETWEEN DynamicValue(RS[101]_col2) AND DynamicValue(RS[101]_col3) and ss_ticket_number BETWEEN DynamicValue(RS[101]_col4) AND DynamicValue(RS[101]_col5) and in_bloom_filter(hash(hash(ss_item_sk,ss_customer_sk),ss_ticket_number), DynamicValue(RS[101]_col6))) (type: boolean)
                  Statistics: Num rows: 82510879939 Data size: 3269343211320 Basic stats: COMPLETE Column stats: COMPLETE
                  Filter Operator
                    predicate: (ss_customer_sk is not null and ss_store_sk is not null and ss_item_sk BETWEEN DynamicValue(RS[101]_col0) AND DynamicValue(RS[101]_col1) and ss_customer_sk BETWEEN DynamicValue(RS[101]_col2) AND DynamicValue(RS[101]_col3) and ss_ticket_number BETWEEN DynamicValue(RS[101]_col4) AND DynamicValue(RS[101]_col5) and in_bloom_filter(hash(hash(ss_item_sk,ss_customer_sk),ss_ticket_number), DynamicValue(RS[101]_col6))) (type: boolean)
                    Statistics: Num rows: 78670147920 Data size: 3117161206208 Basic stats: COMPLETE Column stats: COMPLETE
                    Select Operator
                      expressions: ss_item_sk (type: bigint), ss_customer_sk (type: bigint), ss_store_sk (type: bigint), ss_ticket_number (type: bigint), ss_sold_date_sk (type: bigint)
                      outputColumnNames: _col0, _col1, _col2, _col3, _col4
                      Statistics: Num rows: 78670147920 Data size: 3117161206208 Basic stats: COMPLETE Column stats: COMPLETE
                      Reduce Output Operator
                        key expressions: _col0 (type: bigint), _col1 (type: bigint), _col3 (type: bigint)
                        null sort order: zzz
                        sort order: +++
                        Map-reduce partition columns: _col0 (type: bigint), _col1 (type: bigint), _col3 (type: bigint)
                        Statistics: Num rows: 78670147920 Data size: 3117161206208 Basic stats: COMPLETE Column stats: COMPLETE
                        value expressions: _col2 (type: bigint), _col4 (type: bigint)
            Execution mode: vectorized, llap
            LLAP IO: may be used (ACID table)
        Map 8 
            Map Operator Tree:
                TableScan
                  alias: store
                  Statistics: Num rows: 1704 Data size: 1407456 Basic stats: COMPLETE Column stats: COMPLETE
                  Select Operator
                    expressions: s_store_sk (type: bigint), s_store_name (type: varchar(50)), s_company_id (type: int), s_street_number (type: varchar(10)), s_street_name (type: varchar(60)), s_street_type (type: char(15)), s_suite_number (type: char(10)), s_city (type: varchar(60)), s_county (type: varchar(30)), s_state (type: char(2)), s_zip (type: char(10))
                    outputColumnNames: _col0, _col1, _col2, _col3, _col4, _col5, _col6, _col7, _col8, _col9, _col10
                    Statistics: Num rows: 1704 Data size: 1407456 Basic stats: COMPLETE Column stats: COMPLETE
                    Reduce Output Operator
                      key expressions: _col0 (type: bigint)
                      null sort order: z
                      sort order: +
                      Map-reduce partition columns: _col0 (type: bigint)
                      Statistics: Num rows: 1704 Data size: 1407456 Basic stats: COMPLETE Column stats: COMPLETE
                      value expressions: _col1 (type: varchar(50)), _col2 (type: int), _col3 (type: varchar(10)), _col4 (type: varchar(60)), _col5 (type: char(15)), _col6 (type: char(10)), _col7 (type: varchar(60)), _col8 (type: varchar(30)), _col9 (type: char(2)), _col10 (type: char(10))
            Execution mode: vectorized, llap
            LLAP IO: may be used (ACID table)
        Reducer 2 
            Execution mode: vectorized, llap
            Reduce Operator Tree:
              Group By Operator
                aggregations: min(VALUE._col0), max(VALUE._col1), min(VALUE._col2), max(VALUE._col3), min(VALUE._col4), max(VALUE._col5), bloom_filter(VALUE._col6, expectedEntries=1000000)
                mode: final
                outputColumnNames: _col0, _col1, _col2, _col3, _col4, _col5, _col6
                Statistics: Num rows: 1 Data size: 192 Basic stats: COMPLETE Column stats: COMPLETE
                Reduce Output Operator
                  null sort order: 
                  sort order: 
                  Statistics: Num rows: 1 Data size: 192 Basic stats: COMPLETE Column stats: COMPLETE
                  value expressions: _col0 (type: bigint), _col1 (type: bigint), _col2 (type: bigint), _col3 (type: bigint), _col4 (type: bigint), _col5 (type: bigint), _col6 (type: binary)
        Reducer 5 
            Execution mode: vectorized, llap
            Reduce Operator Tree:
              Map Join Operator
                condition map:
                     Inner Join 0 to 1
                keys:
                  0 KEY.reducesinkkey0 (type: bigint), KEY.reducesinkkey1 (type: bigint), KEY.reducesinkkey2 (type: bigint)
                  1 KEY.reducesinkkey0 (type: bigint), KEY.reducesinkkey1 (type: bigint), KEY.reducesinkkey2 (type: bigint)
                outputColumnNames: _col3, _col7, _col9
                input vertices:
                  0 Map 1
                Statistics: Num rows: 1378224220 Data size: 22051587528 Basic stats: COMPLETE Column stats: COMPLETE
                DynamicPartitionHashJoin: true
                Map Join Operator
                  condition map:
                       Inner Join 0 to 1
                  keys:
                    0 _col7 (type: bigint)
                    1 _col0 (type: bigint)
                  outputColumnNames: _col3, _col9, _col11, _col12, _col13, _col14, _col15, _col16, _col17, _col18, _col19, _col20
                  input vertices:
                    1 Map 8
                  Statistics: Num rows: 1378224220 Data size: 1149438999432 Basic stats: COMPLETE Column stats: COMPLETE
                  Top N Key Operator
                    sort order: ++++++++++
                    keys: _col11 (type: varchar(50)), _col12 (type: int), _col13 (type: varchar(10)), _col14 (type: varchar(60)), _col15 (type: char(15)), _col16 (type: char(10)), _col17 (type: varchar(60)), _col18 (type: varchar(30)), _col19 (type: char(2)), _col20 (type: char(10))
                    null sort order: zzzzzzzzzz
                    Statistics: Num rows: 1378224220 Data size: 1149438999432 Basic stats: COMPLETE Column stats: COMPLETE
                    top n: 100
                    Select Operator
                      expressions: _col11 (type: varchar(50)), _col12 (type: int), _col13 (type: varchar(10)), _col14 (type: varchar(60)), _col15 (type: char(15)), _col16 (type: char(10)), _col17 (type: varchar(60)), _col18 (type: varchar(30)), _col19 (type: char(2)), _col20 (type: char(10)), CASE WHEN (((_col3 - _col9) <= 30L)) THEN (1) ELSE (0) END (type: int), CASE WHEN ((((_col3 - _col9) > 30L) and ((_col3 - _col9) <= 60L))) THEN (1) ELSE (0) END (type: int), CASE WHEN ((((_col3 - _col9) > 60L) and ((_col3 - _col9) <= 90L))) THEN (1) ELSE (0) END (type: int), CASE WHEN ((((_col3 - _col9) > 90L) and ((_col3 - _col9) <= 120L))) THEN (1) ELSE (0) END (type: int), CASE WHEN (((_col3 - _col9) > 120L)) THEN (1) ELSE (0) END (type: int)
                      outputColumnNames: _col0, _col1, _col2, _col3, _col4, _col5, _col6, _col7, _col8, _col9, _col10, _col11, _col12, _col13, _col14
                      Statistics: Num rows: 1378224220 Data size: 1149438999432 Basic stats: COMPLETE Column stats: COMPLETE
                      Group By Operator
                        aggregations: sum(_col10), sum(_col11), sum(_col12), sum(_col13), sum(_col14)
                        keys: _col0 (type: varchar(50)), _col1 (type: int), _col2 (type: varchar(10)), _col3 (type: varchar(60)), _col4 (type: char(15)), _col5 (type: char(10)), _col6 (type: varchar(60)), _col7 (type: varchar(30)), _col8 (type: char(2)), _col9 (type: char(10))
                        minReductionHashAggr: 0.99
                        mode: hash
                        outputColumnNames: _col0, _col1, _col2, _col3, _col4, _col5, _col6, _col7, _col8, _col9, _col10, _col11, _col12, _col13, _col14
                        Statistics: Num rows: 1378224220 Data size: 1182516380660 Basic stats: COMPLETE Column stats: COMPLETE
                        Reduce Output Operator
                          key expressions: _col0 (type: varchar(50)), _col1 (type: int), _col2 (type: varchar(10)), _col3 (type: varchar(60)), _col4 (type: char(15)), _col5 (type: char(10)), _col6 (type: varchar(60)), _col7 (type: varchar(30)), _col8 (type: char(2)), _col9 (type: char(10))
                          null sort order: zzzzzzzzzz
                          sort order: ++++++++++
                          Map-reduce partition columns: _col0 (type: varchar(50)), _col1 (type: int), _col2 (type: varchar(10)), _col3 (type: varchar(60)), _col4 (type: char(15)), _col5 (type: char(10)), _col6 (type: varchar(60)), _col7 (type: varchar(30)), _col8 (type: char(2)), _col9 (type: char(10))
                          Statistics: Num rows: 1378224220 Data size: 1182516380660 Basic stats: COMPLETE Column stats: COMPLETE
                          value expressions: _col10 (type: bigint), _col11 (type: bigint), _col12 (type: bigint), _col13 (type: bigint), _col14 (type: bigint)
        Reducer 6 
            Execution mode: vectorized, llap
            Reduce Operator Tree:
              Group By Operator
                aggregations: sum(VALUE._col0), sum(VALUE._col1), sum(VALUE._col2), sum(VALUE._col3), sum(VALUE._col4)
                keys: KEY._col0 (type: varchar(50)), KEY._col1 (type: int), KEY._col2 (type: varchar(10)), KEY._col3 (type: varchar(60)), KEY._col4 (type: char(15)), KEY._col5 (type: char(10)), KEY._col6 (type: varchar(60)), KEY._col7 (type: varchar(30)), KEY._col8 (type: char(2)), KEY._col9 (type: char(10))
                mode: mergepartial
                outputColumnNames: _col0, _col1, _col2, _col3, _col4, _col5, _col6, _col7, _col8, _col9, _col10, _col11, _col12, _col13, _col14
                Statistics: Num rows: 1378224220 Data size: 1182516380660 Basic stats: COMPLETE Column stats: COMPLETE
                Reduce Output Operator
                  key expressions: _col0 (type: varchar(50)), _col1 (type: int), _col2 (type: varchar(10)), _col3 (type: varchar(60)), _col4 (type: char(15)), _col5 (type: char(10)), _col6 (type: varchar(60)), _col7 (type: varchar(30)), _col8 (type: char(2)), _col9 (type: char(10))
                  null sort order: zzzzzzzzzz
                  sort order: ++++++++++
                  Statistics: Num rows: 1378224220 Data size: 1182516380660 Basic stats: COMPLETE Column stats: COMPLETE
                  value expressions: _col10 (type: bigint), _col11 (type: bigint), _col12 (type: bigint), _col13 (type: bigint), _col14 (type: bigint)
        Reducer 7 
            Execution mode: vectorized, llap
            Reduce Operator Tree:
              Select Operator
                expressions: KEY.reducesinkkey0 (type: varchar(50)), KEY.reducesinkkey1 (type: int), KEY.reducesinkkey2 (type: varchar(10)), KEY.reducesinkkey3 (type: varchar(60)), KEY.reducesinkkey4 (type: char(15)), KEY.reducesinkkey5 (type: char(10)), KEY.reducesinkkey6 (type: varchar(60)), KEY.reducesinkkey7 (type: varchar(30)), KEY.reducesinkkey8 (type: char(2)), KEY.reducesinkkey9 (type: char(10)), VALUE._col0 (type: bigint), VALUE._col1 (type: bigint), VALUE._col2 (type: bigint), VALUE._col3 (type: bigint), VALUE._col4 (type: bigint)
                outputColumnNames: _col0, _col1, _col2, _col3, _col4, _col5, _col6, _col7, _col8, _col9, _col10, _col11, _col12, _col13, _col14
                Statistics: Num rows: 1378224220 Data size: 1182516380660 Basic stats: COMPLETE Column stats: COMPLETE
                Limit
                  Number of rows: 100
                  Statistics: Num rows: 100 Data size: 85800 Basic stats: COMPLETE Column stats: COMPLETE
                  File Output Operator
                    compressed: false
                    Statistics: Num rows: 100 Data size: 85800 Basic stats: COMPLETE Column stats: COMPLETE
                    table:
                        input format: org.apache.hadoop.mapred.SequenceFileInputFormat
                        output format: org.apache.hadoop.hive.ql.io.HiveSequenceFileOutputFormat
                        serde: org.apache.hadoop.hive.serde2.lazy.LazySimpleSerDe

  Stage: Stage-0
    Fetch Operator
      limit: 100
      Processor Tree:
        ListSink

