STAGE DEPENDENCIES:
  Stage-1 is a root stage
  Stage-0 depends on stages: Stage-1

STAGE PLANS:
  Stage: Stage-1
    Tez
#### A masked pattern was here ####
      Edges:
        Map 1 <- Map 5 (BROADCAST_EDGE), Map 6 (BROADCAST_EDGE)
        Reducer 2 <- Map 1 (SIMPLE_EDGE)
        Reducer 3 <- Reducer 2 (SIMPLE_EDGE)
        Reducer 4 <- Reducer 3 (SIMPLE_EDGE)
#### A masked pattern was here ####
      Vertices:
        Map 1 
            Map Operator Tree:
                TableScan
                  alias: web_sales
                  probeDecodeDetails: cacheKey:HASH_MAP_MAPJOIN_56_container, bigKeyColName:ws_item_sk, smallTablePos:1, keyRatio:0.2727272808816537
                  Statistics: Num rows: 21594638446 Data size: 2763811113552 Basic stats: COMPLETE Column stats: COMPLETE
                  Select Operator
                    expressions: ws_item_sk (type: bigint), ws_ext_sales_price (type: decimal(7,2)), ws_sold_date_sk (type: bigint)
                    outputColumnNames: _col0, _col1, _col2
                    Statistics: Num rows: 21594638446 Data size: 2763811113552 Basic stats: COMPLETE Column stats: COMPLETE
                    Map Join Operator
                      condition map:
                           Inner Join 0 to 1
                      keys:
                        0 _col0 (type: bigint)
                        1 _col0 (type: bigint)
                      outputColumnNames: _col1, _col2, _col4, _col5, _col6, _col7, _col8
                      input vertices:
                        1 Map 5
                      Statistics: Num rows: 5889447025 Data size: 4110531380410 Basic stats: COMPLETE Column stats: COMPLETE
                      Map Join Operator
                        condition map:
                             Inner Join 0 to 1
                        keys:
                          0 _col2 (type: bigint)
                          1 _col0 (type: bigint)
                        outputColumnNames: _col1, _col4, _col5, _col6, _col7, _col8
                        input vertices:
                          1 Map 6
                        Statistics: Num rows: 654338207 Data size: 451190719790 Basic stats: COMPLETE Column stats: COMPLETE
                        Group By Operator
                          aggregations: sum(_col1)
                          keys: _col8 (type: char(50)), _col7 (type: char(50)), _col4 (type: string), _col5 (type: varchar(200)), _col6 (type: decimal(7,2))
                          minReductionHashAggr: 0.98058045
                          mode: hash
                          outputColumnNames: _col0, _col1, _col2, _col3, _col4, _col5
                          Statistics: Num rows: 126000 Data size: 86940000 Basic stats: COMPLETE Column stats: COMPLETE
                          Reduce Output Operator
                            key expressions: _col0 (type: char(50)), _col1 (type: char(50)), _col2 (type: string), _col3 (type: varchar(200)), _col4 (type: decimal(7,2))
                            null sort order: zzzzz
                            sort order: +++++
                            Map-reduce partition columns: _col0 (type: char(50)), _col1 (type: char(50)), _col2 (type: string), _col3 (type: varchar(200)), _col4 (type: decimal(7,2))
                            Statistics: Num rows: 126000 Data size: 86940000 Basic stats: COMPLETE Column stats: COMPLETE
                            value expressions: _col5 (type: decimal(17,2))
            Execution mode: vectorized, llap
            LLAP IO: may be used (ACID table)
        Map 5 
            Map Operator Tree:
                TableScan
                  alias: item
                  filterExpr: (i_category) IN ('Jewelry                                           ', 'Sports                                            ', 'Books                                             ') (type: boolean)
                  Statistics: Num rows: 462000 Data size: 270601408 Basic stats: COMPLETE Column stats: COMPLETE
                  Filter Operator
                    predicate: (i_category) IN ('Jewelry                                           ', 'Sports                                            ', 'Books                                             ') (type: boolean)
                    Statistics: Num rows: 126000 Data size: 73800496 Basic stats: COMPLETE Column stats: COMPLETE
                    Select Operator
                      expressions: i_item_sk (type: bigint), i_item_id (type: string), i_item_desc (type: varchar(200)), i_current_price (type: decimal(7,2)), i_class (type: char(50)), i_category (type: char(50))
                      outputColumnNames: _col0, _col1, _col2, _col3, _col4, _col5
                      Statistics: Num rows: 126000 Data size: 73800496 Basic stats: COMPLETE Column stats: COMPLETE
                      Reduce Output Operator
                        key expressions: _col0 (type: bigint)
                        null sort order: z
                        sort order: +
                        Map-reduce partition columns: _col0 (type: bigint)
                        Statistics: Num rows: 126000 Data size: 73800496 Basic stats: COMPLETE Column stats: COMPLETE
                        value expressions: _col1 (type: string), _col2 (type: varchar(200)), _col3 (type: decimal(7,2)), _col4 (type: char(50)), _col5 (type: char(50))
            Execution mode: vectorized, llap
            LLAP IO: may be used (ACID table)
        Map 6 
            Map Operator Tree:
                TableScan
                  alias: date_dim
                  filterExpr: CAST( d_date AS TIMESTAMP) BETWEEN TIMESTAMP'2001-01-12 00:00:00' AND TIMESTAMP'2001-02-11 00:00:00' (type: boolean)
                  Statistics: Num rows: 73049 Data size: 4675136 Basic stats: COMPLETE Column stats: COMPLETE
                  Filter Operator
                    predicate: CAST( d_date AS TIMESTAMP) BETWEEN TIMESTAMP'2001-01-12 00:00:00' AND TIMESTAMP'2001-02-11 00:00:00' (type: boolean)
                    Statistics: Num rows: 8116 Data size: 519424 Basic stats: COMPLETE Column stats: COMPLETE
                    Select Operator
                      expressions: d_date_sk (type: bigint)
                      outputColumnNames: _col0
                      Statistics: Num rows: 8116 Data size: 64928 Basic stats: COMPLETE Column stats: COMPLETE
                      Reduce Output Operator
                        key expressions: _col0 (type: bigint)
                        null sort order: z
                        sort order: +
                        Map-reduce partition columns: _col0 (type: bigint)
                        Statistics: Num rows: 8116 Data size: 64928 Basic stats: COMPLETE Column stats: COMPLETE
                      Select Operator
                        expressions: _col0 (type: bigint)
                        outputColumnNames: _col0
                        Statistics: Num rows: 8116 Data size: 64928 Basic stats: COMPLETE Column stats: COMPLETE
                        Group By Operator
                          keys: _col0 (type: bigint)
                          minReductionHashAggr: 0.4
                          mode: hash
                          outputColumnNames: _col0
                          Statistics: Num rows: 8116 Data size: 64928 Basic stats: COMPLETE Column stats: COMPLETE
                          Dynamic Partitioning Event Operator
                            Target column: ws_sold_date_sk (bigint)
                            Target Input: web_sales
                            Partition key expr: ws_sold_date_sk
                            Statistics: Num rows: 8116 Data size: 64928 Basic stats: COMPLETE Column stats: COMPLETE
                            Target Vertex: Map 1
            Execution mode: vectorized, llap
            LLAP IO: may be used (ACID table)
        Reducer 2 
            Execution mode: vectorized, llap
            Reduce Operator Tree:
              Group By Operator
                aggregations: sum(VALUE._col0)
                keys: KEY._col0 (type: char(50)), KEY._col1 (type: char(50)), KEY._col2 (type: string), KEY._col3 (type: varchar(200)), KEY._col4 (type: decimal(7,2))
                mode: mergepartial
                outputColumnNames: _col0, _col1, _col2, _col3, _col4, _col5
                Statistics: Num rows: 126000 Data size: 86940000 Basic stats: COMPLETE Column stats: COMPLETE
                Reduce Output Operator
                  key expressions: _col1 (type: char(50))
                  null sort order: a
                  sort order: +
                  Map-reduce partition columns: _col1 (type: char(50))
                  Statistics: Num rows: 126000 Data size: 86940000 Basic stats: COMPLETE Column stats: COMPLETE
                  value expressions: _col0 (type: char(50)), _col2 (type: string), _col3 (type: varchar(200)), _col4 (type: decimal(7,2)), _col5 (type: decimal(17,2))
        Reducer 3 
            Execution mode: vectorized, llap
            Reduce Operator Tree:
              Select Operator
                expressions: VALUE._col0 (type: char(50)), KEY.reducesinkkey0 (type: char(50)), VALUE._col1 (type: string), VALUE._col2 (type: varchar(200)), VALUE._col3 (type: decimal(7,2)), VALUE._col4 (type: decimal(17,2))
                outputColumnNames: _col0, _col1, _col2, _col3, _col4, _col5
                Statistics: Num rows: 126000 Data size: 86940000 Basic stats: COMPLETE Column stats: COMPLETE
                PTF Operator
                  Function definitions:
                      Input definition
                        input alias: ptf_0
                        output shape: _col0: char(50), _col1: char(50), _col2: string, _col3: varchar(200), _col4: decimal(7,2), _col5: decimal(17,2)
                        type: WINDOWING
                      Windowing table definition
                        input alias: ptf_1
                        name: windowingtablefunction
                        order by: _col1 ASC NULLS FIRST
                        partition by: _col1
                        raw input shape:
                        window functions:
                            window function definition
                              alias: sum_window_0
                              arguments: _col5
                              name: sum
                              window function: GenericUDAFSumHiveDecimal
                              window frame: ROWS PRECEDING(MAX)~FOLLOWING(MAX)
                  Statistics: Num rows: 126000 Data size: 86940000 Basic stats: COMPLETE Column stats: COMPLETE
                  Top N Key Operator
                    sort order: +++++
                    keys: _col0 (type: char(50)), _col1 (type: char(50)), _col2 (type: string), _col3 (type: varchar(200)), ((_col5 * 100) / sum_window_0) (type: decimal(38,17))
                    null sort order: zzzzz
                    Statistics: Num rows: 126000 Data size: 86940000 Basic stats: COMPLETE Column stats: COMPLETE
                    top n: 100
                    Select Operator
                      expressions: _col3 (type: varchar(200)), _col0 (type: char(50)), _col1 (type: char(50)), _col4 (type: decimal(7,2)), _col5 (type: decimal(17,2)), ((_col5 * 100) / sum_window_0) (type: decimal(38,17)), _col2 (type: string)
                      outputColumnNames: _col0, _col1, _col2, _col3, _col4, _col5, _col6
                      Statistics: Num rows: 126000 Data size: 101052000 Basic stats: COMPLETE Column stats: COMPLETE
                      Reduce Output Operator
                        key expressions: _col1 (type: char(50)), _col2 (type: char(50)), _col6 (type: string), _col0 (type: varchar(200)), _col5 (type: decimal(38,17))
                        null sort order: zzzzz
                        sort order: +++++
                        Statistics: Num rows: 126000 Data size: 101052000 Basic stats: COMPLETE Column stats: COMPLETE
                        value expressions: _col3 (type: decimal(7,2)), _col4 (type: decimal(17,2))
        Reducer 4 
            Execution mode: vectorized, llap
            Reduce Operator Tree:
              Select Operator
                expressions: KEY.reducesinkkey3 (type: varchar(200)), KEY.reducesinkkey0 (type: char(50)), KEY.reducesinkkey1 (type: char(50)), VALUE._col0 (type: decimal(7,2)), VALUE._col1 (type: decimal(17,2)), KEY.reducesinkkey4 (type: decimal(38,17))
                outputColumnNames: _col0, _col1, _col2, _col3, _col4, _col5
                Statistics: Num rows: 126000 Data size: 101052000 Basic stats: COMPLETE Column stats: COMPLETE
                Limit
                  Number of rows: 100
                  Statistics: Num rows: 100 Data size: 80200 Basic stats: COMPLETE Column stats: COMPLETE
                  File Output Operator
                    compressed: false
                    Statistics: Num rows: 100 Data size: 80200 Basic stats: COMPLETE Column stats: COMPLETE
                    table:
                        input format: org.apache.hadoop.mapred.SequenceFileInputFormat
                        output format: org.apache.hadoop.hive.ql.io.HiveSequenceFileOutputFormat
                        serde: org.apache.hadoop.hive.serde2.lazy.LazySimpleSerDe

  Stage: Stage-0
    Fetch Operator
      limit: -1
      Processor Tree:
        ListSink

