PREHOOK: query: create table t1_n22 (id int)
PREHOOK: type: CREATETABLE
PREHOOK: Output: database:default
PREHOOK: Output: default@t1_n22
POSTHOOK: query: create table t1_n22 (id int)
POSTHOOK: type: CREATETABLE
POSTHOOK: Output: database:default
POSTHOOK: Output: default@t1_n22
PREHOOK: query: create table t2_n14 (id int)
PREHOOK: type: CREATETABLE
PREHOOK: Output: database:default
PREHOOK: Output: default@t2_n14
POSTHOOK: query: create table t2_n14 (id int)
POSTHOOK: type: CREATETABLE
POSTHOOK: Output: database:default
POSTHOOK: Output: default@t2_n14
PREHOOK: query: insert into t1_n22 values (1),(10)
PREHOOK: type: QUERY
PREHOOK: Input: _dummy_database@_dummy_table
PREHOOK: Output: default@t1_n22
POSTHOOK: query: insert into t1_n22 values (1),(10)
POSTHOOK: type: QUERY
POSTHOOK: Input: _dummy_database@_dummy_table
POSTHOOK: Output: default@t1_n22
POSTHOOK: Lineage: t1_n22.id SCRIPT []
PREHOOK: query: insert into t2_n14 values (1),(2),(3),(4),(5)
PREHOOK: type: QUERY
PREHOOK: Input: _dummy_database@_dummy_table
PREHOOK: Output: default@t2_n14
POSTHOOK: query: insert into t2_n14 values (1),(2),(3),(4),(5)
POSTHOOK: type: QUERY
POSTHOOK: Input: _dummy_database@_dummy_table
POSTHOOK: Output: default@t2_n14
POSTHOOK: Lineage: t2_n14.id SCRIPT []
PREHOOK: query: explain
select sum(t1_n22.id) from t1_n22 join t2_n14 on (t1_n22.id=t2_n14.id)
PREHOOK: type: QUERY
PREHOOK: Input: default@t1_n22
PREHOOK: Input: default@t2_n14
#### A masked pattern was here ####
POSTHOOK: query: explain
select sum(t1_n22.id) from t1_n22 join t2_n14 on (t1_n22.id=t2_n14.id)
POSTHOOK: type: QUERY
POSTHOOK: Input: default@t1_n22
POSTHOOK: Input: default@t2_n14
#### A masked pattern was here ####
STAGE DEPENDENCIES:
  Stage-1 is a root stage
  Stage-2 depends on stages: Stage-1
  Stage-0 depends on stages: Stage-2

STAGE PLANS:
  Stage: Stage-1
    Map Reduce
      Map Operator Tree:
          TableScan
            alias: t1_n22
            filterExpr: id is not null (type: boolean)
            Statistics: Num rows: 2 Data size: 8 Basic stats: COMPLETE Column stats: COMPLETE
            Filter Operator
              predicate: id is not null (type: boolean)
              Statistics: Num rows: 2 Data size: 8 Basic stats: COMPLETE Column stats: COMPLETE
              Select Operator
                expressions: id (type: int)
                outputColumnNames: _col0
                Statistics: Num rows: 2 Data size: 8 Basic stats: COMPLETE Column stats: COMPLETE
                Reduce Output Operator
                  key expressions: _col0 (type: int)
                  null sort order: z
                  sort order: +
                  Map-reduce partition columns: _col0 (type: int)
                  Statistics: Num rows: 2 Data size: 8 Basic stats: COMPLETE Column stats: COMPLETE
          TableScan
            alias: t2_n14
            filterExpr: id is not null (type: boolean)
            Statistics: Num rows: 5 Data size: 20 Basic stats: COMPLETE Column stats: COMPLETE
            Filter Operator
              predicate: id is not null (type: boolean)
              Statistics: Num rows: 5 Data size: 20 Basic stats: COMPLETE Column stats: COMPLETE
              Select Operator
                expressions: id (type: int)
                outputColumnNames: _col0
                Statistics: Num rows: 5 Data size: 20 Basic stats: COMPLETE Column stats: COMPLETE
                Reduce Output Operator
                  key expressions: _col0 (type: int)
                  null sort order: z
                  sort order: +
                  Map-reduce partition columns: _col0 (type: int)
                  Statistics: Num rows: 5 Data size: 20 Basic stats: COMPLETE Column stats: COMPLETE
      Reduce Operator Tree:
        Join Operator
          condition map:
               Inner Join 0 to 1
          keys:
            0 _col0 (type: int)
            1 _col0 (type: int)
          outputColumnNames: _col0
          Statistics: Num rows: 2 Data size: 8 Basic stats: COMPLETE Column stats: COMPLETE
          Group By Operator
            aggregations: sum(_col0)
            minReductionHashAggr: 0.99
            mode: hash
            outputColumnNames: _col0
            Statistics: Num rows: 1 Data size: 8 Basic stats: COMPLETE Column stats: COMPLETE
            File Output Operator
              compressed: false
              table:
                  input format: org.apache.hadoop.mapred.SequenceFileInputFormat
                  output format: org.apache.hadoop.hive.ql.io.HiveSequenceFileOutputFormat
                  serde: org.apache.hadoop.hive.serde2.lazybinary.LazyBinarySerDe

  Stage: Stage-2
    Map Reduce
      Map Operator Tree:
          TableScan
            Reduce Output Operator
              null sort order: 
              sort order: 
              Statistics: Num rows: 1 Data size: 8 Basic stats: COMPLETE Column stats: COMPLETE
              value expressions: _col0 (type: bigint)
      Execution mode: vectorized
      Reduce Operator Tree:
        Group By Operator
          aggregations: sum(VALUE._col0)
          mode: mergepartial
          outputColumnNames: _col0
          Statistics: Num rows: 1 Data size: 8 Basic stats: COMPLETE Column stats: COMPLETE
          File Output Operator
            compressed: false
            Statistics: Num rows: 1 Data size: 8 Basic stats: COMPLETE Column stats: COMPLETE
            table:
                input format: org.apache.hadoop.mapred.SequenceFileInputFormat
                output format: org.apache.hadoop.hive.ql.io.HiveSequenceFileOutputFormat
                serde: org.apache.hadoop.hive.serde2.lazy.LazySimpleSerDe

  Stage: Stage-0
    Fetch Operator
      limit: -1
      Processor Tree:
        ListSink

PREHOOK: query: select sum(t1_n22.id) from t1_n22 join t2_n14 on (t1_n22.id=t2_n14.id)
PREHOOK: type: QUERY
PREHOOK: Input: default@t1_n22
PREHOOK: Input: default@t2_n14
#### A masked pattern was here ####
POSTHOOK: query: select sum(t1_n22.id) from t1_n22 join t2_n14 on (t1_n22.id=t2_n14.id)
POSTHOOK: type: QUERY
POSTHOOK: Input: default@t1_n22
POSTHOOK: Input: default@t2_n14
#### A masked pattern was here ####
STAGE DEPENDENCIES:
  Stage-1 is a root stage
  Stage-2 depends on stages: Stage-1
  Stage-0 depends on stages: Stage-2

STAGE PLANS:
  Stage: Stage-1
    Map Reduce
      Map Operator Tree:
          TableScan
            alias: t1_n22
            filterExpr: id is not null (type: boolean)
            Statistics: Num rows: 2/2 Data size: 8 Basic stats: COMPLETE Column stats: COMPLETE
            Filter Operator
              predicate: id is not null (type: boolean)
              Statistics: Num rows: 2/2 Data size: 8 Basic stats: COMPLETE Column stats: COMPLETE
              Select Operator
                expressions: id (type: int)
                outputColumnNames: _col0
                Statistics: Num rows: 2/2 Data size: 8 Basic stats: COMPLETE Column stats: COMPLETE
                Reduce Output Operator
                  key expressions: _col0 (type: int)
                  null sort order: z
                  sort order: +
                  Map-reduce partition columns: _col0 (type: int)
                  Statistics: Num rows: 2/2 Data size: 8 Basic stats: COMPLETE Column stats: COMPLETE
          TableScan
            alias: t2_n14
            filterExpr: id is not null (type: boolean)
            Statistics: Num rows: 5/5 Data size: 20 Basic stats: COMPLETE Column stats: COMPLETE
            Filter Operator
              predicate: id is not null (type: boolean)
              Statistics: Num rows: 5/5 Data size: 20 Basic stats: COMPLETE Column stats: COMPLETE
              Select Operator
                expressions: id (type: int)
                outputColumnNames: _col0
                Statistics: Num rows: 5/5 Data size: 20 Basic stats: COMPLETE Column stats: COMPLETE
                Reduce Output Operator
                  key expressions: _col0 (type: int)
                  null sort order: z
                  sort order: +
                  Map-reduce partition columns: _col0 (type: int)
                  Statistics: Num rows: 5/5 Data size: 20 Basic stats: COMPLETE Column stats: COMPLETE
      Reduce Operator Tree:
        Join Operator
          condition map:
               Inner Join 0 to 1
          keys:
            0 _col0 (type: int)
            1 _col0 (type: int)
          outputColumnNames: _col0
          Statistics: Num rows: 2/1 Data size: 8 Basic stats: COMPLETE Column stats: COMPLETE
          Group By Operator
            aggregations: sum(_col0)
            minReductionHashAggr: 0.99
            mode: hash
            outputColumnNames: _col0
            Statistics: Num rows: 1/1 Data size: 8 Basic stats: COMPLETE Column stats: COMPLETE
            File Output Operator
              compressed: false
              table:
                  input format: org.apache.hadoop.mapred.SequenceFileInputFormat
                  output format: org.apache.hadoop.hive.ql.io.HiveSequenceFileOutputFormat
                  serde: org.apache.hadoop.hive.serde2.lazybinary.LazyBinarySerDe

  Stage: Stage-2
    Map Reduce
      Map Operator Tree:
          TableScan
            Reduce Output Operator
              null sort order: 
              sort order: 
              Statistics: Num rows: 1/1 Data size: 8 Basic stats: COMPLETE Column stats: COMPLETE
              value expressions: _col0 (type: bigint)
      Execution mode: vectorized
      Reduce Operator Tree:
        Group By Operator
          aggregations: sum(VALUE._col0)
          mode: mergepartial
          outputColumnNames: _col0
          Statistics: Num rows: 1/1 Data size: 8 Basic stats: COMPLETE Column stats: COMPLETE
          File Output Operator
            compressed: false
            Statistics: Num rows: 1/1 Data size: 8 Basic stats: COMPLETE Column stats: COMPLETE
            table:
                input format: org.apache.hadoop.mapred.SequenceFileInputFormat
                output format: org.apache.hadoop.hive.ql.io.HiveSequenceFileOutputFormat
                serde: org.apache.hadoop.hive.serde2.lazy.LazySimpleSerDe

  Stage: Stage-0
    Fetch Operator
      limit: -1
      Processor Tree:
        ListSink

PREHOOK: query: explain reoptimization
select sum(t1_n22.id) from t1_n22 join t2_n14 on (t1_n22.id=t2_n14.id)
PREHOOK: type: QUERY
PREHOOK: Input: default@t1_n22
PREHOOK: Input: default@t2_n14
#### A masked pattern was here ####
POSTHOOK: query: explain reoptimization
select sum(t1_n22.id) from t1_n22 join t2_n14 on (t1_n22.id=t2_n14.id)
POSTHOOK: type: QUERY
POSTHOOK: Input: default@t1_n22
POSTHOOK: Input: default@t2_n14
#### A masked pattern was here ####
PREHOOK: query: explain reoptimization
select sum(t1_n22.id) from t1_n22 join t2_n14 on (t1_n22.id=t2_n14.id)
PREHOOK: type: QUERY
PREHOOK: Input: default@t1_n22
PREHOOK: Input: default@t2_n14
#### A masked pattern was here ####
POSTHOOK: query: explain reoptimization
select sum(t1_n22.id) from t1_n22 join t2_n14 on (t1_n22.id=t2_n14.id)
POSTHOOK: type: QUERY
POSTHOOK: Input: default@t1_n22
POSTHOOK: Input: default@t2_n14
#### A masked pattern was here ####
STAGE DEPENDENCIES:
  Stage-1 is a root stage
  Stage-2 depends on stages: Stage-1
  Stage-0 depends on stages: Stage-2

STAGE PLANS:
  Stage: Stage-1
    Map Reduce
      Map Operator Tree:
          TableScan
            alias: t1_n22
            filterExpr: id is not null (type: boolean)
            Statistics: Num rows: 2 Data size: 8 Basic stats: COMPLETE Column stats: COMPLETE
            Filter Operator
              predicate: id is not null (type: boolean)
              Statistics: Num rows: 2 Data size: 8 Basic stats: COMPLETE Column stats: COMPLETE
              Select Operator
                expressions: id (type: int)
                outputColumnNames: _col0
                Statistics: Num rows: 2 Data size: 8 Basic stats: COMPLETE Column stats: COMPLETE
                Reduce Output Operator
                  key expressions: _col0 (type: int)
                  null sort order: z
                  sort order: +
                  Map-reduce partition columns: _col0 (type: int)
                  Statistics: Num rows: 2 Data size: 8 Basic stats: COMPLETE Column stats: COMPLETE
          TableScan
            alias: t2_n14
            filterExpr: id is not null (type: boolean)
            Statistics: Num rows: 5 Data size: 20 Basic stats: COMPLETE Column stats: COMPLETE
            Filter Operator
              predicate: id is not null (type: boolean)
              Statistics: Num rows: 5 Data size: 20 Basic stats: COMPLETE Column stats: COMPLETE
              Select Operator
                expressions: id (type: int)
                outputColumnNames: _col0
                Statistics: Num rows: 5 Data size: 20 Basic stats: COMPLETE Column stats: COMPLETE
                Reduce Output Operator
                  key expressions: _col0 (type: int)
                  null sort order: z
                  sort order: +
                  Map-reduce partition columns: _col0 (type: int)
                  Statistics: Num rows: 5 Data size: 20 Basic stats: COMPLETE Column stats: COMPLETE
      Reduce Operator Tree:
        Join Operator
          condition map:
               Inner Join 0 to 1
          keys:
            0 _col0 (type: int)
            1 _col0 (type: int)
          outputColumnNames: _col0
          Statistics: Num rows: 2 Data size: 8 Basic stats: COMPLETE Column stats: COMPLETE
          Group By Operator
            aggregations: sum(_col0)
            minReductionHashAggr: 0.99
            mode: hash
            outputColumnNames: _col0
            Statistics: Num rows: 1 Data size: 8 Basic stats: COMPLETE Column stats: COMPLETE
            File Output Operator
              compressed: false
              table:
                  input format: org.apache.hadoop.mapred.SequenceFileInputFormat
                  output format: org.apache.hadoop.hive.ql.io.HiveSequenceFileOutputFormat
                  serde: org.apache.hadoop.hive.serde2.lazybinary.LazyBinarySerDe

  Stage: Stage-2
    Map Reduce
      Map Operator Tree:
          TableScan
            Reduce Output Operator
              null sort order: 
              sort order: 
              Statistics: Num rows: 1 Data size: 8 Basic stats: COMPLETE Column stats: COMPLETE
              value expressions: _col0 (type: bigint)
      Execution mode: vectorized
      Reduce Operator Tree:
        Group By Operator
          aggregations: sum(VALUE._col0)
          mode: mergepartial
          outputColumnNames: _col0
          Statistics: Num rows: 1 Data size: 8 Basic stats: COMPLETE Column stats: COMPLETE
          File Output Operator
            compressed: false
            Statistics: Num rows: 1 Data size: 8 Basic stats: COMPLETE Column stats: COMPLETE
            table:
                input format: org.apache.hadoop.mapred.SequenceFileInputFormat
                output format: org.apache.hadoop.hive.ql.io.HiveSequenceFileOutputFormat
                serde: org.apache.hadoop.hive.serde2.lazy.LazySimpleSerDe

  Stage: Stage-0
    Fetch Operator
      limit: -1
      Processor Tree:
        ListSink

