PREHOOK: query: CREATE TABLE test_table1_n9 (key INT, value STRING) CLUSTERED BY (key) SORTED BY (key) INTO 2 BUCKETS
PREHOOK: type: CREATETABLE
PREHOOK: Output: database:default
PREHOOK: Output: default@test_table1_n9
POSTHOOK: query: CREATE TABLE test_table1_n9 (key INT, value STRING) CLUSTERED BY (key) SORTED BY (key) INTO 2 BUCKETS
POSTHOOK: type: CREATETABLE
POSTHOOK: Output: database:default
POSTHOOK: Output: default@test_table1_n9
PREHOOK: query: CREATE TABLE test_table2_n9 (key INT, value STRING) CLUSTERED BY (key) SORTED BY (key) INTO 2 BUCKETS
PREHOOK: type: CREATETABLE
PREHOOK: Output: database:default
PREHOOK: Output: default@test_table2_n9
POSTHOOK: query: CREATE TABLE test_table2_n9 (key INT, value STRING) CLUSTERED BY (key) SORTED BY (key) INTO 2 BUCKETS
POSTHOOK: type: CREATETABLE
POSTHOOK: Output: database:default
POSTHOOK: Output: default@test_table2_n9
PREHOOK: query: FROM src
INSERT OVERWRITE TABLE test_table1_n9 SELECT *
INSERT OVERWRITE TABLE test_table2_n9 SELECT *
PREHOOK: type: QUERY
PREHOOK: Input: default@src
PREHOOK: Output: default@test_table1_n9
PREHOOK: Output: default@test_table2_n9
POSTHOOK: query: FROM src
INSERT OVERWRITE TABLE test_table1_n9 SELECT *
INSERT OVERWRITE TABLE test_table2_n9 SELECT *
POSTHOOK: type: QUERY
POSTHOOK: Input: default@src
POSTHOOK: Output: default@test_table1_n9
POSTHOOK: Output: default@test_table2_n9
POSTHOOK: Lineage: test_table1_n9.key EXPRESSION [(src)src.FieldSchema(name:key, type:string, comment:default), ]
POSTHOOK: Lineage: test_table1_n9.value SIMPLE [(src)src.FieldSchema(name:value, type:string, comment:default), ]
POSTHOOK: Lineage: test_table2_n9.key EXPRESSION [(src)src.FieldSchema(name:key, type:string, comment:default), ]
POSTHOOK: Lineage: test_table2_n9.value SIMPLE [(src)src.FieldSchema(name:value, type:string, comment:default), ]
PREHOOK: query: EXPLAIN
SELECT /*+mapjoin(b)*/ count(*) FROM test_table1_n9 a JOIN test_table2_n9 b ON a.key = b.key
PREHOOK: type: QUERY
PREHOOK: Input: default@test_table1_n9
PREHOOK: Input: default@test_table2_n9
#### A masked pattern was here ####
POSTHOOK: query: EXPLAIN
SELECT /*+mapjoin(b)*/ count(*) FROM test_table1_n9 a JOIN test_table2_n9 b ON a.key = b.key
POSTHOOK: type: QUERY
POSTHOOK: Input: default@test_table1_n9
POSTHOOK: Input: default@test_table2_n9
#### A masked pattern was here ####
STAGE DEPENDENCIES:
  Stage-1 is a root stage
  Stage-0 depends on stages: Stage-1

STAGE PLANS:
  Stage: Stage-1
    Map Reduce
      Map Operator Tree:
          TableScan
            alias: a
            filterExpr: key is not null (type: boolean)
            Statistics: Num rows: 500 Data size: 2000 Basic stats: COMPLETE Column stats: COMPLETE
            Filter Operator
              predicate: key is not null (type: boolean)
              Statistics: Num rows: 500 Data size: 2000 Basic stats: COMPLETE Column stats: COMPLETE
              Sorted Merge Bucket Map Join Operator
                condition map:
                     Inner Join 0 to 1
                keys:
                  0 key (type: int)
                  1 key (type: int)
                Statistics: Num rows: 550 Data size: 2200 Basic stats: COMPLETE Column stats: NONE
                Group By Operator
                  aggregations: count()
                  minReductionHashAggr: 0.99
                  mode: hash
                  outputColumnNames: _col0
                  Statistics: Num rows: 1 Data size: 8 Basic stats: COMPLETE Column stats: NONE
                  Reduce Output Operator
                    null sort order: 
                    sort order: 
                    Statistics: Num rows: 1 Data size: 8 Basic stats: COMPLETE Column stats: NONE
                    value expressions: _col0 (type: bigint)
      Reduce Operator Tree:
        Group By Operator
          aggregations: count(VALUE._col0)
          mode: mergepartial
          outputColumnNames: _col0
          Statistics: Num rows: 1 Data size: 8 Basic stats: COMPLETE Column stats: NONE
          File Output Operator
            compressed: false
            Statistics: Num rows: 1 Data size: 8 Basic stats: COMPLETE Column stats: NONE
            table:
                input format: org.apache.hadoop.mapred.SequenceFileInputFormat
                output format: org.apache.hadoop.hive.ql.io.HiveSequenceFileOutputFormat
                serde: org.apache.hadoop.hive.serde2.lazy.LazySimpleSerDe

  Stage: Stage-0
    Fetch Operator
      limit: -1
      Processor Tree:
        ListSink

PREHOOK: query: SELECT /*+mapjoin(b)*/ count(*) FROM test_table1_n9 a JOIN test_table2_n9 b ON a.key = b.key
PREHOOK: type: QUERY
PREHOOK: Input: default@test_table1_n9
PREHOOK: Input: default@test_table2_n9
#### A masked pattern was here ####
POSTHOOK: query: SELECT /*+mapjoin(b)*/ count(*) FROM test_table1_n9 a JOIN test_table2_n9 b ON a.key = b.key
POSTHOOK: type: QUERY
POSTHOOK: Input: default@test_table1_n9
POSTHOOK: Input: default@test_table2_n9
#### A masked pattern was here ####
1028
