PREHOOK: query: explain select cast (3 as string)
PREHOOK: type: QUERY
PREHOOK: Output: hdfs://### HDFS PATH ###
POSTHOOK: query: explain select cast (3 as string)
POSTHOOK: type: QUERY
POSTHOOK: Output: hdfs://### HDFS PATH ###
STAGE DEPENDENCIES:
  Stage-1 is a root stage
  Stage-0 is a root stage

STAGE PLANS:
  Stage: Stage-1
    Impala
      Impala Plan: 
F00:PLAN FRAGMENT [UNPARTITIONED] hosts=1 instances=1
Per-Host Resources: mem-estimate=0B mem-reservation=0B thread-reservation=1
  PLAN-ROOT SINK
  |  output exprs: casttostring(CAST(3 AS TINYINT))
  |  mem-estimate=0B mem-reservation=0B thread-reservation=0
  |
  00:UNION
     constant-operands=1
     mem-estimate=0B mem-reservation=0B thread-reservation=0
     tuple-ids=0 row-size=0B cardinality=1
     in pipelines: <none>


  Stage: Stage-0
    Fetch Operator
      limit: -1
      Processor Tree:
        ListSink

PREHOOK: query: explain select cast ('3' as double)
PREHOOK: type: QUERY
PREHOOK: Output: hdfs://### HDFS PATH ###
POSTHOOK: query: explain select cast ('3' as double)
POSTHOOK: type: QUERY
POSTHOOK: Output: hdfs://### HDFS PATH ###
STAGE DEPENDENCIES:
  Stage-1 is a root stage
  Stage-0 is a root stage

STAGE PLANS:
  Stage: Stage-1
    Impala
      Impala Plan: 
F00:PLAN FRAGMENT [UNPARTITIONED] hosts=1 instances=1
Per-Host Resources: mem-estimate=0B mem-reservation=0B thread-reservation=1
  PLAN-ROOT SINK
  |  output exprs: casttodouble('3')
  |  mem-estimate=0B mem-reservation=0B thread-reservation=0
  |
  00:UNION
     constant-operands=1
     mem-estimate=0B mem-reservation=0B thread-reservation=0
     tuple-ids=0 row-size=0B cardinality=1
     in pipelines: <none>


  Stage: Stage-0
    Fetch Operator
      limit: -1
      Processor Tree:
        ListSink

PREHOOK: query: explain SELECT 0.10000000000000001 * lat FROM impala_airports
PREHOOK: type: QUERY
PREHOOK: Input: default@impala_airports
PREHOOK: Output: hdfs://### HDFS PATH ###
POSTHOOK: query: explain SELECT 0.10000000000000001 * lat FROM impala_airports
POSTHOOK: type: QUERY
POSTHOOK: Input: default@impala_airports
POSTHOOK: Output: hdfs://### HDFS PATH ###
STAGE DEPENDENCIES:
  Stage-1 is a root stage
  Stage-0 is a root stage

STAGE PLANS:
  Stage: Stage-1
    Impala
      Impala Plan: 
F01:PLAN FRAGMENT [UNPARTITIONED] hosts=1 instances=1
Per-Host Resources: mem-estimate=16.00KB mem-reservation=0B thread-reservation=1
  PLAN-ROOT SINK
  |  output exprs: multiply(CAST(0.10000000000000001 AS DOUBLE), default.impala_airports.lat)
  |  mem-estimate=0B mem-reservation=0B thread-reservation=0
  |
  01:EXCHANGE [UNPARTITIONED]
     mem-estimate=16.00KB mem-reservation=0B thread-reservation=0
     tuple-ids=0 row-size=8B cardinality=0
     in pipelines: 00(GETNEXT)

F00:PLAN FRAGMENT [RANDOM] hosts=1 instances=1
Per-Host Resources: mem-estimate=0B mem-reservation=0B thread-reservation=1
  DATASTREAM SINK [FRAGMENT=F01, EXCHANGE=01, UNPARTITIONED]
  |  mem-estimate=0B mem-reservation=0B thread-reservation=0
  00:SCAN HDFS [default.impala_airports, RANDOM]
     HDFS partitions=1/1 files=0 size=0B
     stored statistics:
       table: rows=unavailable size=unavailable
       columns: unavailable
     extrapolated-rows=disabled max-scan-range-rows=0
     mem-estimate=0B mem-reservation=0B thread-reservation=0
     tuple-ids=0 row-size=8B cardinality=0
     in pipelines: 00(GETNEXT)


  Stage: Stage-0
    Fetch Operator
      limit: -1
      Processor Tree:
        ListSink

PREHOOK: query: explain SELECT 0.10000000000000001 * c_acctbal FROM impala_tpch_customer
PREHOOK: type: QUERY
PREHOOK: Input: default@impala_tpch_customer
PREHOOK: Output: hdfs://### HDFS PATH ###
POSTHOOK: query: explain SELECT 0.10000000000000001 * c_acctbal FROM impala_tpch_customer
POSTHOOK: type: QUERY
POSTHOOK: Input: default@impala_tpch_customer
POSTHOOK: Output: hdfs://### HDFS PATH ###
STAGE DEPENDENCIES:
  Stage-1 is a root stage
  Stage-0 is a root stage

STAGE PLANS:
  Stage: Stage-1
    Impala
      Impala Plan: 
F01:PLAN FRAGMENT [UNPARTITIONED] hosts=1 instances=1
Per-Host Resources: mem-estimate=16.00KB mem-reservation=0B thread-reservation=1
  PLAN-ROOT SINK
  |  output exprs: multiply(CAST(0.10000000000000001 AS DECIMAL(17,17)), default.impala_tpch_customer.c_acctbal)
  |  mem-estimate=0B mem-reservation=0B thread-reservation=0
  |
  01:EXCHANGE [UNPARTITIONED]
     mem-estimate=16.00KB mem-reservation=0B thread-reservation=0
     tuple-ids=0 row-size=8B cardinality=0
     in pipelines: 00(GETNEXT)

F00:PLAN FRAGMENT [RANDOM] hosts=1 instances=1
Per-Host Resources: mem-estimate=0B mem-reservation=0B thread-reservation=1
  DATASTREAM SINK [FRAGMENT=F01, EXCHANGE=01, UNPARTITIONED]
  |  mem-estimate=0B mem-reservation=0B thread-reservation=0
  00:SCAN HDFS [default.impala_tpch_customer, RANDOM]
     HDFS partitions=1/1 files=0 size=0B
     stored statistics:
       table: rows=unavailable size=unavailable
       columns: unavailable
     extrapolated-rows=disabled max-scan-range-rows=0
     mem-estimate=0B mem-reservation=0B thread-reservation=0
     tuple-ids=0 row-size=8B cardinality=0
     in pipelines: 00(GETNEXT)


  Stage: Stage-0
    Fetch Operator
      limit: -1
      Processor Tree:
        ListSink

