HMS CALL get_table_req FOR impala_tpcds_store_sales
HMS CALL get_table_req FOR impala_tpcds_household_demographics
HMS CALL get_table_req FOR impala_tpcds_time_dim
HMS CALL get_table_req FOR impala_tpcds_store
HMS CALL get_foreign_keys FOR impala_tpcds_store_sales
HMS CALL get_foreign_keys FOR impala_tpcds_household_demographics
HMS CALL get_foreign_keys FOR impala_tpcds_time_dim
HMS CALL get_foreign_keys FOR impala_tpcds_store
PREHOOK: query: explain cbo physical select  *
from
 (select count(*) h8_30_to_9
 from impala_tpcds_store_sales, impala_tpcds_household_demographics , impala_tpcds_time_dim, impala_tpcds_store
 where ss_sold_time_sk = impala_tpcds_time_dim.t_time_sk   
     and ss_hdemo_sk = impala_tpcds_household_demographics.hd_demo_sk 
     and ss_store_sk = s_store_sk
     and impala_tpcds_time_dim.t_hour = 8
     and impala_tpcds_time_dim.t_minute >= 30
     and ((impala_tpcds_household_demographics.hd_dep_count = 2 and impala_tpcds_household_demographics.hd_vehicle_count<=2+2) or
          (impala_tpcds_household_demographics.hd_dep_count = 4 and impala_tpcds_household_demographics.hd_vehicle_count<=4+2) or
          (impala_tpcds_household_demographics.hd_dep_count = 3 and impala_tpcds_household_demographics.hd_vehicle_count<=3+2)) 
     and impala_tpcds_store.s_store_name = 'ese') s1,
 (select count(*) h9_to_9_30 
 from impala_tpcds_store_sales, impala_tpcds_household_demographics , impala_tpcds_time_dim, impala_tpcds_store
 where ss_sold_time_sk = impala_tpcds_time_dim.t_time_sk
     and ss_hdemo_sk = impala_tpcds_household_demographics.hd_demo_sk
     and ss_store_sk = s_store_sk 
     and impala_tpcds_time_dim.t_hour = 9 
     and impala_tpcds_time_dim.t_minute < 30
     and ((impala_tpcds_household_demographics.hd_dep_count = 2 and impala_tpcds_household_demographics.hd_vehicle_count<=2+2) or
          (impala_tpcds_household_demographics.hd_dep_count = 4 and impala_tpcds_household_demographics.hd_vehicle_count<=4+2) or
          (impala_tpcds_household_demographics.hd_dep_count = 3 and impala_tpcds_household_demographics.hd_vehicle_count<=3+2))
     and impala_tpcds_store.s_store_name = 'ese') s2,
 (select count(*) h9_30_to_10 
 from impala_tpcds_store_sales, impala_tpcds_household_demographics , impala_tpcds_time_dim, impala_tpcds_store
 where ss_sold_time_sk = impala_tpcds_time_dim.t_time_sk
     and ss_hdemo_sk = impala_tpcds_household_demographics.hd_demo_sk
     and ss_store_sk = s_store_sk
     and impala_tpcds_time_dim.t_hour = 9
     and impala_tpcds_time_dim.t_minute >= 30
     and ((impala_tpcds_household_demographics.hd_dep_count = 2 and impala_tpcds_household_demographics.hd_vehicle_count<=2+2) or
          (impala_tpcds_household_demographics.hd_dep_count = 4 and impala_tpcds_household_demographics.hd_vehicle_count<=4+2) or
          (impala_tpcds_household_demographics.hd_dep_count = 3 and impala_tpcds_household_demographics.hd_vehicle_count<=3+2))
     and impala_tpcds_store.s_store_name = 'ese') s3,
 (select count(*) h10_to_10_30
 from impala_tpcds_store_sales, impala_tpcds_household_demographics , impala_tpcds_time_dim, impala_tpcds_store
 where ss_sold_time_sk = impala_tpcds_time_dim.t_time_sk
     and ss_hdemo_sk = impala_tpcds_household_demographics.hd_demo_sk
     and ss_store_sk = s_store_sk
     and impala_tpcds_time_dim.t_hour = 10 
     and impala_tpcds_time_dim.t_minute < 30
     and ((impala_tpcds_household_demographics.hd_dep_count = 2 and impala_tpcds_household_demographics.hd_vehicle_count<=2+2) or
          (impala_tpcds_household_demographics.hd_dep_count = 4 and impala_tpcds_household_demographics.hd_vehicle_count<=4+2) or
          (impala_tpcds_household_demographics.hd_dep_count = 3 and impala_tpcds_household_demographics.hd_vehicle_count<=3+2))
     and impala_tpcds_store.s_store_name = 'ese') s4,
 (select count(*) h10_30_to_11
 from impala_tpcds_store_sales, impala_tpcds_household_demographics , impala_tpcds_time_dim, impala_tpcds_store
 where ss_sold_time_sk = impala_tpcds_time_dim.t_time_sk
     and ss_hdemo_sk = impala_tpcds_household_demographics.hd_demo_sk
     and ss_store_sk = s_store_sk
     and impala_tpcds_time_dim.t_hour = 10 
     and impala_tpcds_time_dim.t_minute >= 30
     and ((impala_tpcds_household_demographics.hd_dep_count = 2 and impala_tpcds_household_demographics.hd_vehicle_count<=2+2) or
          (impala_tpcds_household_demographics.hd_dep_count = 4 and impala_tpcds_household_demographics.hd_vehicle_count<=4+2) or
          (impala_tpcds_household_demographics.hd_dep_count = 3 and impala_tpcds_household_demographics.hd_vehicle_count<=3+2))
     and impala_tpcds_store.s_store_name = 'ese') s5,
 (select count(*) h11_to_11_30
 from impala_tpcds_store_sales, impala_tpcds_household_demographics , impala_tpcds_time_dim, impala_tpcds_store
 where ss_sold_time_sk = impala_tpcds_time_dim.t_time_sk
     and ss_hdemo_sk = impala_tpcds_household_demographics.hd_demo_sk
     and ss_store_sk = s_store_sk 
     and impala_tpcds_time_dim.t_hour = 11
     and impala_tpcds_time_dim.t_minute < 30
     and ((impala_tpcds_household_demographics.hd_dep_count = 2 and impala_tpcds_household_demographics.hd_vehicle_count<=2+2) or
          (impala_tpcds_household_demographics.hd_dep_count = 4 and impala_tpcds_household_demographics.hd_vehicle_count<=4+2) or
          (impala_tpcds_household_demographics.hd_dep_count = 3 and impala_tpcds_household_demographics.hd_vehicle_count<=3+2))
     and impala_tpcds_store.s_store_name = 'ese') s6,
 (select count(*) h11_30_to_12
 from impala_tpcds_store_sales, impala_tpcds_household_demographics , impala_tpcds_time_dim, impala_tpcds_store
 where ss_sold_time_sk = impala_tpcds_time_dim.t_time_sk
     and ss_hdemo_sk = impala_tpcds_household_demographics.hd_demo_sk
     and ss_store_sk = s_store_sk
     and impala_tpcds_time_dim.t_hour = 11
     and impala_tpcds_time_dim.t_minute >= 30
     and ((impala_tpcds_household_demographics.hd_dep_count = 2 and impala_tpcds_household_demographics.hd_vehicle_count<=2+2) or
          (impala_tpcds_household_demographics.hd_dep_count = 4 and impala_tpcds_household_demographics.hd_vehicle_count<=4+2) or
          (impala_tpcds_household_demographics.hd_dep_count = 3 and impala_tpcds_household_demographics.hd_vehicle_count<=3+2))
     and impala_tpcds_store.s_store_name = 'ese') s7,
 (select count(*) h12_to_12_30
 from impala_tpcds_store_sales, impala_tpcds_household_demographics , impala_tpcds_time_dim, impala_tpcds_store
 where ss_sold_time_sk = impala_tpcds_time_dim.t_time_sk
     and ss_hdemo_sk = impala_tpcds_household_demographics.hd_demo_sk
     and ss_store_sk = s_store_sk
     and impala_tpcds_time_dim.t_hour = 12
     and impala_tpcds_time_dim.t_minute < 30
     and ((impala_tpcds_household_demographics.hd_dep_count = 2 and impala_tpcds_household_demographics.hd_vehicle_count<=2+2) or
          (impala_tpcds_household_demographics.hd_dep_count = 4 and impala_tpcds_household_demographics.hd_vehicle_count<=4+2) or
          (impala_tpcds_household_demographics.hd_dep_count = 3 and impala_tpcds_household_demographics.hd_vehicle_count<=3+2))
     and impala_tpcds_store.s_store_name = 'ese') s8
PREHOOK: type: QUERY
PREHOOK: Input: default@impala_tpcds_household_demographics
PREHOOK: Input: default@impala_tpcds_store
PREHOOK: Input: default@impala_tpcds_store_sales
PREHOOK: Input: default@impala_tpcds_time_dim
PREHOOK: Output: streaming
POSTHOOK: query: explain cbo physical select  *
from
 (select count(*) h8_30_to_9
 from impala_tpcds_store_sales, impala_tpcds_household_demographics , impala_tpcds_time_dim, impala_tpcds_store
 where ss_sold_time_sk = impala_tpcds_time_dim.t_time_sk   
     and ss_hdemo_sk = impala_tpcds_household_demographics.hd_demo_sk 
     and ss_store_sk = s_store_sk
     and impala_tpcds_time_dim.t_hour = 8
     and impala_tpcds_time_dim.t_minute >= 30
     and ((impala_tpcds_household_demographics.hd_dep_count = 2 and impala_tpcds_household_demographics.hd_vehicle_count<=2+2) or
          (impala_tpcds_household_demographics.hd_dep_count = 4 and impala_tpcds_household_demographics.hd_vehicle_count<=4+2) or
          (impala_tpcds_household_demographics.hd_dep_count = 3 and impala_tpcds_household_demographics.hd_vehicle_count<=3+2)) 
     and impala_tpcds_store.s_store_name = 'ese') s1,
 (select count(*) h9_to_9_30 
 from impala_tpcds_store_sales, impala_tpcds_household_demographics , impala_tpcds_time_dim, impala_tpcds_store
 where ss_sold_time_sk = impala_tpcds_time_dim.t_time_sk
     and ss_hdemo_sk = impala_tpcds_household_demographics.hd_demo_sk
     and ss_store_sk = s_store_sk 
     and impala_tpcds_time_dim.t_hour = 9 
     and impala_tpcds_time_dim.t_minute < 30
     and ((impala_tpcds_household_demographics.hd_dep_count = 2 and impala_tpcds_household_demographics.hd_vehicle_count<=2+2) or
          (impala_tpcds_household_demographics.hd_dep_count = 4 and impala_tpcds_household_demographics.hd_vehicle_count<=4+2) or
          (impala_tpcds_household_demographics.hd_dep_count = 3 and impala_tpcds_household_demographics.hd_vehicle_count<=3+2))
     and impala_tpcds_store.s_store_name = 'ese') s2,
 (select count(*) h9_30_to_10 
 from impala_tpcds_store_sales, impala_tpcds_household_demographics , impala_tpcds_time_dim, impala_tpcds_store
 where ss_sold_time_sk = impala_tpcds_time_dim.t_time_sk
     and ss_hdemo_sk = impala_tpcds_household_demographics.hd_demo_sk
     and ss_store_sk = s_store_sk
     and impala_tpcds_time_dim.t_hour = 9
     and impala_tpcds_time_dim.t_minute >= 30
     and ((impala_tpcds_household_demographics.hd_dep_count = 2 and impala_tpcds_household_demographics.hd_vehicle_count<=2+2) or
          (impala_tpcds_household_demographics.hd_dep_count = 4 and impala_tpcds_household_demographics.hd_vehicle_count<=4+2) or
          (impala_tpcds_household_demographics.hd_dep_count = 3 and impala_tpcds_household_demographics.hd_vehicle_count<=3+2))
     and impala_tpcds_store.s_store_name = 'ese') s3,
 (select count(*) h10_to_10_30
 from impala_tpcds_store_sales, impala_tpcds_household_demographics , impala_tpcds_time_dim, impala_tpcds_store
 where ss_sold_time_sk = impala_tpcds_time_dim.t_time_sk
     and ss_hdemo_sk = impala_tpcds_household_demographics.hd_demo_sk
     and ss_store_sk = s_store_sk
     and impala_tpcds_time_dim.t_hour = 10 
     and impala_tpcds_time_dim.t_minute < 30
     and ((impala_tpcds_household_demographics.hd_dep_count = 2 and impala_tpcds_household_demographics.hd_vehicle_count<=2+2) or
          (impala_tpcds_household_demographics.hd_dep_count = 4 and impala_tpcds_household_demographics.hd_vehicle_count<=4+2) or
          (impala_tpcds_household_demographics.hd_dep_count = 3 and impala_tpcds_household_demographics.hd_vehicle_count<=3+2))
     and impala_tpcds_store.s_store_name = 'ese') s4,
 (select count(*) h10_30_to_11
 from impala_tpcds_store_sales, impala_tpcds_household_demographics , impala_tpcds_time_dim, impala_tpcds_store
 where ss_sold_time_sk = impala_tpcds_time_dim.t_time_sk
     and ss_hdemo_sk = impala_tpcds_household_demographics.hd_demo_sk
     and ss_store_sk = s_store_sk
     and impala_tpcds_time_dim.t_hour = 10 
     and impala_tpcds_time_dim.t_minute >= 30
     and ((impala_tpcds_household_demographics.hd_dep_count = 2 and impala_tpcds_household_demographics.hd_vehicle_count<=2+2) or
          (impala_tpcds_household_demographics.hd_dep_count = 4 and impala_tpcds_household_demographics.hd_vehicle_count<=4+2) or
          (impala_tpcds_household_demographics.hd_dep_count = 3 and impala_tpcds_household_demographics.hd_vehicle_count<=3+2))
     and impala_tpcds_store.s_store_name = 'ese') s5,
 (select count(*) h11_to_11_30
 from impala_tpcds_store_sales, impala_tpcds_household_demographics , impala_tpcds_time_dim, impala_tpcds_store
 where ss_sold_time_sk = impala_tpcds_time_dim.t_time_sk
     and ss_hdemo_sk = impala_tpcds_household_demographics.hd_demo_sk
     and ss_store_sk = s_store_sk 
     and impala_tpcds_time_dim.t_hour = 11
     and impala_tpcds_time_dim.t_minute < 30
     and ((impala_tpcds_household_demographics.hd_dep_count = 2 and impala_tpcds_household_demographics.hd_vehicle_count<=2+2) or
          (impala_tpcds_household_demographics.hd_dep_count = 4 and impala_tpcds_household_demographics.hd_vehicle_count<=4+2) or
          (impala_tpcds_household_demographics.hd_dep_count = 3 and impala_tpcds_household_demographics.hd_vehicle_count<=3+2))
     and impala_tpcds_store.s_store_name = 'ese') s6,
 (select count(*) h11_30_to_12
 from impala_tpcds_store_sales, impala_tpcds_household_demographics , impala_tpcds_time_dim, impala_tpcds_store
 where ss_sold_time_sk = impala_tpcds_time_dim.t_time_sk
     and ss_hdemo_sk = impala_tpcds_household_demographics.hd_demo_sk
     and ss_store_sk = s_store_sk
     and impala_tpcds_time_dim.t_hour = 11
     and impala_tpcds_time_dim.t_minute >= 30
     and ((impala_tpcds_household_demographics.hd_dep_count = 2 and impala_tpcds_household_demographics.hd_vehicle_count<=2+2) or
          (impala_tpcds_household_demographics.hd_dep_count = 4 and impala_tpcds_household_demographics.hd_vehicle_count<=4+2) or
          (impala_tpcds_household_demographics.hd_dep_count = 3 and impala_tpcds_household_demographics.hd_vehicle_count<=3+2))
     and impala_tpcds_store.s_store_name = 'ese') s7,
 (select count(*) h12_to_12_30
 from impala_tpcds_store_sales, impala_tpcds_household_demographics , impala_tpcds_time_dim, impala_tpcds_store
 where ss_sold_time_sk = impala_tpcds_time_dim.t_time_sk
     and ss_hdemo_sk = impala_tpcds_household_demographics.hd_demo_sk
     and ss_store_sk = s_store_sk
     and impala_tpcds_time_dim.t_hour = 12
     and impala_tpcds_time_dim.t_minute < 30
     and ((impala_tpcds_household_demographics.hd_dep_count = 2 and impala_tpcds_household_demographics.hd_vehicle_count<=2+2) or
          (impala_tpcds_household_demographics.hd_dep_count = 4 and impala_tpcds_household_demographics.hd_vehicle_count<=4+2) or
          (impala_tpcds_household_demographics.hd_dep_count = 3 and impala_tpcds_household_demographics.hd_vehicle_count<=3+2))
     and impala_tpcds_store.s_store_name = 'ese') s8
POSTHOOK: type: QUERY
POSTHOOK: Input: default@impala_tpcds_household_demographics
POSTHOOK: Input: default@impala_tpcds_store
POSTHOOK: Input: default@impala_tpcds_store_sales
POSTHOOK: Input: default@impala_tpcds_time_dim
CBO PLAN:
ImpalaProjectPassthroughRel($f0=[$0], $f00=[$7], $f01=[$6], $f02=[$5], $f03=[$4], $f04=[$3], $f05=[$2], $f06=[$1])
  ImpalaJoinRel(condition=[true], joinType=[inner])
    ImpalaJoinRel(condition=[true], joinType=[inner])
      ImpalaJoinRel(condition=[true], joinType=[inner])
        ImpalaJoinRel(condition=[true], joinType=[inner])
          ImpalaJoinRel(condition=[true], joinType=[inner])
            ImpalaJoinRel(condition=[true], joinType=[inner])
              ImpalaJoinRel(condition=[true], joinType=[inner])
                ImpalaAggregateRel(group=[{}], agg#0=[count()])
                  ImpalaJoinRel(condition=[=($2, $5)], joinType=[inner])
                    ImpalaJoinRel(condition=[=($0, $4)], joinType=[inner])
                      ImpalaJoinRel(condition=[=($1, $3)], joinType=[inner])
                        ImpalaProjectPassthroughRel(ss_sold_time_sk=[$0], ss_hdemo_sk=[$4], ss_store_sk=[$6])
                          ImpalaHdfsScanRel(table=[[default, impala_tpcds_store_sales]], condition=[AND(IS NOT NULL($6), IS NOT NULL($0), IS NOT NULL($4))])
                        ImpalaProjectPassthroughRel(hd_demo_sk=[$0])
                          ImpalaHdfsScanRel(table=[[default, impala_tpcds_household_demographics]], condition=[AND(OR(<=($4, CAST(+(2:SMALLINT, 2:SMALLINT)):INTEGER), <=($4, CAST(+(4:SMALLINT, 2:SMALLINT)):INTEGER), <=($4, CAST(+(3:SMALLINT, 2:SMALLINT)):INTEGER)), OR(AND(=($3, 2), <=($4, CAST(+(2:SMALLINT, 2:SMALLINT)):INTEGER)), AND(=($3, 4), <=($4, CAST(+(4:SMALLINT, 2:SMALLINT)):INTEGER)), AND(=($3, 3), <=($4, CAST(+(3:SMALLINT, 2:SMALLINT)):INTEGER))), IN($3, 2, 4, 3), IS NOT NULL($0))])
                      ImpalaProjectPassthroughRel(t_time_sk=[$0])
                        ImpalaHdfsScanRel(table=[[default, impala_tpcds_time_dim]], condition=[AND(>=($4, 30), =($3, 8), IS NOT NULL($0))])
                    ImpalaProjectPassthroughRel(s_store_sk=[$0])
                      ImpalaHdfsScanRel(table=[[default, impala_tpcds_store]], condition=[AND(=($5, _UTF-16LE'ese'), IS NOT NULL($0))])
                ImpalaAggregateRel(group=[{}], agg#0=[count()])
                  ImpalaJoinRel(condition=[=($2, $5)], joinType=[inner])
                    ImpalaJoinRel(condition=[=($0, $4)], joinType=[inner])
                      ImpalaJoinRel(condition=[=($1, $3)], joinType=[inner])
                        ImpalaProjectPassthroughRel(ss_sold_time_sk=[$0], ss_hdemo_sk=[$4], ss_store_sk=[$6])
                          ImpalaHdfsScanRel(table=[[default, impala_tpcds_store_sales]], condition=[AND(IS NOT NULL($6), IS NOT NULL($0), IS NOT NULL($4))])
                        ImpalaProjectPassthroughRel(hd_demo_sk=[$0])
                          ImpalaHdfsScanRel(table=[[default, impala_tpcds_household_demographics]], condition=[AND(OR(<=($4, CAST(+(2:SMALLINT, 2:SMALLINT)):INTEGER), <=($4, CAST(+(4:SMALLINT, 2:SMALLINT)):INTEGER), <=($4, CAST(+(3:SMALLINT, 2:SMALLINT)):INTEGER)), OR(AND(=($3, 2), <=($4, CAST(+(2:SMALLINT, 2:SMALLINT)):INTEGER)), AND(=($3, 4), <=($4, CAST(+(4:SMALLINT, 2:SMALLINT)):INTEGER)), AND(=($3, 3), <=($4, CAST(+(3:SMALLINT, 2:SMALLINT)):INTEGER))), IN($3, 2, 4, 3), IS NOT NULL($0))])
                      ImpalaProjectPassthroughRel(t_time_sk=[$0])
                        ImpalaHdfsScanRel(table=[[default, impala_tpcds_time_dim]], condition=[AND(<($4, 30), =($3, 12), IS NOT NULL($0))])
                    ImpalaProjectPassthroughRel(s_store_sk=[$0])
                      ImpalaHdfsScanRel(table=[[default, impala_tpcds_store]], condition=[AND(=($5, _UTF-16LE'ese'), IS NOT NULL($0))])
              ImpalaAggregateRel(group=[{}], agg#0=[count()])
                ImpalaJoinRel(condition=[=($2, $5)], joinType=[inner])
                  ImpalaJoinRel(condition=[=($0, $4)], joinType=[inner])
                    ImpalaJoinRel(condition=[=($1, $3)], joinType=[inner])
                      ImpalaProjectPassthroughRel(ss_sold_time_sk=[$0], ss_hdemo_sk=[$4], ss_store_sk=[$6])
                        ImpalaHdfsScanRel(table=[[default, impala_tpcds_store_sales]], condition=[AND(IS NOT NULL($6), IS NOT NULL($0), IS NOT NULL($4))])
                      ImpalaProjectPassthroughRel(hd_demo_sk=[$0])
                        ImpalaHdfsScanRel(table=[[default, impala_tpcds_household_demographics]], condition=[AND(OR(<=($4, CAST(+(2:SMALLINT, 2:SMALLINT)):INTEGER), <=($4, CAST(+(4:SMALLINT, 2:SMALLINT)):INTEGER), <=($4, CAST(+(3:SMALLINT, 2:SMALLINT)):INTEGER)), OR(AND(=($3, 2), <=($4, CAST(+(2:SMALLINT, 2:SMALLINT)):INTEGER)), AND(=($3, 4), <=($4, CAST(+(4:SMALLINT, 2:SMALLINT)):INTEGER)), AND(=($3, 3), <=($4, CAST(+(3:SMALLINT, 2:SMALLINT)):INTEGER))), IN($3, 2, 4, 3), IS NOT NULL($0))])
                    ImpalaProjectPassthroughRel(t_time_sk=[$0])
                      ImpalaHdfsScanRel(table=[[default, impala_tpcds_time_dim]], condition=[AND(>=($4, 30), =($3, 11), IS NOT NULL($0))])
                  ImpalaProjectPassthroughRel(s_store_sk=[$0])
                    ImpalaHdfsScanRel(table=[[default, impala_tpcds_store]], condition=[AND(=($5, _UTF-16LE'ese'), IS NOT NULL($0))])
            ImpalaAggregateRel(group=[{}], agg#0=[count()])
              ImpalaJoinRel(condition=[=($2, $5)], joinType=[inner])
                ImpalaJoinRel(condition=[=($0, $4)], joinType=[inner])
                  ImpalaJoinRel(condition=[=($1, $3)], joinType=[inner])
                    ImpalaProjectPassthroughRel(ss_sold_time_sk=[$0], ss_hdemo_sk=[$4], ss_store_sk=[$6])
                      ImpalaHdfsScanRel(table=[[default, impala_tpcds_store_sales]], condition=[AND(IS NOT NULL($6), IS NOT NULL($0), IS NOT NULL($4))])
                    ImpalaProjectPassthroughRel(hd_demo_sk=[$0])
                      ImpalaHdfsScanRel(table=[[default, impala_tpcds_household_demographics]], condition=[AND(OR(<=($4, CAST(+(2:SMALLINT, 2:SMALLINT)):INTEGER), <=($4, CAST(+(4:SMALLINT, 2:SMALLINT)):INTEGER), <=($4, CAST(+(3:SMALLINT, 2:SMALLINT)):INTEGER)), OR(AND(=($3, 2), <=($4, CAST(+(2:SMALLINT, 2:SMALLINT)):INTEGER)), AND(=($3, 4), <=($4, CAST(+(4:SMALLINT, 2:SMALLINT)):INTEGER)), AND(=($3, 3), <=($4, CAST(+(3:SMALLINT, 2:SMALLINT)):INTEGER))), IN($3, 2, 4, 3), IS NOT NULL($0))])
                  ImpalaProjectPassthroughRel(t_time_sk=[$0])
                    ImpalaHdfsScanRel(table=[[default, impala_tpcds_time_dim]], condition=[AND(<($4, 30), =($3, 11), IS NOT NULL($0))])
                ImpalaProjectPassthroughRel(s_store_sk=[$0])
                  ImpalaHdfsScanRel(table=[[default, impala_tpcds_store]], condition=[AND(=($5, _UTF-16LE'ese'), IS NOT NULL($0))])
          ImpalaAggregateRel(group=[{}], agg#0=[count()])
            ImpalaJoinRel(condition=[=($2, $5)], joinType=[inner])
              ImpalaJoinRel(condition=[=($0, $4)], joinType=[inner])
                ImpalaJoinRel(condition=[=($1, $3)], joinType=[inner])
                  ImpalaProjectPassthroughRel(ss_sold_time_sk=[$0], ss_hdemo_sk=[$4], ss_store_sk=[$6])
                    ImpalaHdfsScanRel(table=[[default, impala_tpcds_store_sales]], condition=[AND(IS NOT NULL($6), IS NOT NULL($0), IS NOT NULL($4))])
                  ImpalaProjectPassthroughRel(hd_demo_sk=[$0])
                    ImpalaHdfsScanRel(table=[[default, impala_tpcds_household_demographics]], condition=[AND(OR(<=($4, CAST(+(2:SMALLINT, 2:SMALLINT)):INTEGER), <=($4, CAST(+(4:SMALLINT, 2:SMALLINT)):INTEGER), <=($4, CAST(+(3:SMALLINT, 2:SMALLINT)):INTEGER)), OR(AND(=($3, 2), <=($4, CAST(+(2:SMALLINT, 2:SMALLINT)):INTEGER)), AND(=($3, 4), <=($4, CAST(+(4:SMALLINT, 2:SMALLINT)):INTEGER)), AND(=($3, 3), <=($4, CAST(+(3:SMALLINT, 2:SMALLINT)):INTEGER))), IN($3, 2, 4, 3), IS NOT NULL($0))])
                ImpalaProjectPassthroughRel(t_time_sk=[$0])
                  ImpalaHdfsScanRel(table=[[default, impala_tpcds_time_dim]], condition=[AND(>=($4, 30), =($3, 10), IS NOT NULL($0))])
              ImpalaProjectPassthroughRel(s_store_sk=[$0])
                ImpalaHdfsScanRel(table=[[default, impala_tpcds_store]], condition=[AND(=($5, _UTF-16LE'ese'), IS NOT NULL($0))])
        ImpalaAggregateRel(group=[{}], agg#0=[count()])
          ImpalaJoinRel(condition=[=($2, $5)], joinType=[inner])
            ImpalaJoinRel(condition=[=($0, $4)], joinType=[inner])
              ImpalaJoinRel(condition=[=($1, $3)], joinType=[inner])
                ImpalaProjectPassthroughRel(ss_sold_time_sk=[$0], ss_hdemo_sk=[$4], ss_store_sk=[$6])
                  ImpalaHdfsScanRel(table=[[default, impala_tpcds_store_sales]], condition=[AND(IS NOT NULL($6), IS NOT NULL($0), IS NOT NULL($4))])
                ImpalaProjectPassthroughRel(hd_demo_sk=[$0])
                  ImpalaHdfsScanRel(table=[[default, impala_tpcds_household_demographics]], condition=[AND(OR(<=($4, CAST(+(2:SMALLINT, 2:SMALLINT)):INTEGER), <=($4, CAST(+(4:SMALLINT, 2:SMALLINT)):INTEGER), <=($4, CAST(+(3:SMALLINT, 2:SMALLINT)):INTEGER)), OR(AND(=($3, 2), <=($4, CAST(+(2:SMALLINT, 2:SMALLINT)):INTEGER)), AND(=($3, 4), <=($4, CAST(+(4:SMALLINT, 2:SMALLINT)):INTEGER)), AND(=($3, 3), <=($4, CAST(+(3:SMALLINT, 2:SMALLINT)):INTEGER))), IN($3, 2, 4, 3), IS NOT NULL($0))])
              ImpalaProjectPassthroughRel(t_time_sk=[$0])
                ImpalaHdfsScanRel(table=[[default, impala_tpcds_time_dim]], condition=[AND(<($4, 30), =($3, 10), IS NOT NULL($0))])
            ImpalaProjectPassthroughRel(s_store_sk=[$0])
              ImpalaHdfsScanRel(table=[[default, impala_tpcds_store]], condition=[AND(=($5, _UTF-16LE'ese'), IS NOT NULL($0))])
      ImpalaAggregateRel(group=[{}], agg#0=[count()])
        ImpalaJoinRel(condition=[=($2, $5)], joinType=[inner])
          ImpalaJoinRel(condition=[=($0, $4)], joinType=[inner])
            ImpalaJoinRel(condition=[=($1, $3)], joinType=[inner])
              ImpalaProjectPassthroughRel(ss_sold_time_sk=[$0], ss_hdemo_sk=[$4], ss_store_sk=[$6])
                ImpalaHdfsScanRel(table=[[default, impala_tpcds_store_sales]], condition=[AND(IS NOT NULL($6), IS NOT NULL($0), IS NOT NULL($4))])
              ImpalaProjectPassthroughRel(hd_demo_sk=[$0])
                ImpalaHdfsScanRel(table=[[default, impala_tpcds_household_demographics]], condition=[AND(OR(<=($4, CAST(+(2:SMALLINT, 2:SMALLINT)):INTEGER), <=($4, CAST(+(4:SMALLINT, 2:SMALLINT)):INTEGER), <=($4, CAST(+(3:SMALLINT, 2:SMALLINT)):INTEGER)), OR(AND(=($3, 2), <=($4, CAST(+(2:SMALLINT, 2:SMALLINT)):INTEGER)), AND(=($3, 4), <=($4, CAST(+(4:SMALLINT, 2:SMALLINT)):INTEGER)), AND(=($3, 3), <=($4, CAST(+(3:SMALLINT, 2:SMALLINT)):INTEGER))), IN($3, 2, 4, 3), IS NOT NULL($0))])
            ImpalaProjectPassthroughRel(t_time_sk=[$0])
              ImpalaHdfsScanRel(table=[[default, impala_tpcds_time_dim]], condition=[AND(>=($4, 30), =($3, 9), IS NOT NULL($0))])
          ImpalaProjectPassthroughRel(s_store_sk=[$0])
            ImpalaHdfsScanRel(table=[[default, impala_tpcds_store]], condition=[AND(=($5, _UTF-16LE'ese'), IS NOT NULL($0))])
    ImpalaAggregateRel(group=[{}], agg#0=[count()])
      ImpalaJoinRel(condition=[=($2, $5)], joinType=[inner])
        ImpalaJoinRel(condition=[=($0, $4)], joinType=[inner])
          ImpalaJoinRel(condition=[=($1, $3)], joinType=[inner])
            ImpalaProjectPassthroughRel(ss_sold_time_sk=[$0], ss_hdemo_sk=[$4], ss_store_sk=[$6])
              ImpalaHdfsScanRel(table=[[default, impala_tpcds_store_sales]], condition=[AND(IS NOT NULL($6), IS NOT NULL($0), IS NOT NULL($4))])
            ImpalaProjectPassthroughRel(hd_demo_sk=[$0])
              ImpalaHdfsScanRel(table=[[default, impala_tpcds_household_demographics]], condition=[AND(OR(<=($4, CAST(+(2:SMALLINT, 2:SMALLINT)):INTEGER), <=($4, CAST(+(4:SMALLINT, 2:SMALLINT)):INTEGER), <=($4, CAST(+(3:SMALLINT, 2:SMALLINT)):INTEGER)), OR(AND(=($3, 2), <=($4, CAST(+(2:SMALLINT, 2:SMALLINT)):INTEGER)), AND(=($3, 4), <=($4, CAST(+(4:SMALLINT, 2:SMALLINT)):INTEGER)), AND(=($3, 3), <=($4, CAST(+(3:SMALLINT, 2:SMALLINT)):INTEGER))), IN($3, 2, 4, 3), IS NOT NULL($0))])
          ImpalaProjectPassthroughRel(t_time_sk=[$0])
            ImpalaHdfsScanRel(table=[[default, impala_tpcds_time_dim]], condition=[AND(<($4, 30), =($3, 9), IS NOT NULL($0))])
        ImpalaProjectPassthroughRel(s_store_sk=[$0])
          ImpalaHdfsScanRel(table=[[default, impala_tpcds_store]], condition=[AND(=($5, _UTF-16LE'ese'), IS NOT NULL($0))])

HMS CALL get_table_req FOR impala_tpcds_store_sales
HMS CALL get_table_req FOR impala_tpcds_household_demographics
HMS CALL get_table_req FOR impala_tpcds_time_dim
HMS CALL get_table_req FOR impala_tpcds_store
HMS CALL get_foreign_keys FOR impala_tpcds_store_sales
HMS CALL get_foreign_keys FOR impala_tpcds_household_demographics
HMS CALL get_foreign_keys FOR impala_tpcds_time_dim
HMS CALL get_foreign_keys FOR impala_tpcds_store
PREHOOK: query: explain select  *
from
 (select count(*) h8_30_to_9
 from impala_tpcds_store_sales, impala_tpcds_household_demographics , impala_tpcds_time_dim, impala_tpcds_store
 where ss_sold_time_sk = impala_tpcds_time_dim.t_time_sk   
     and ss_hdemo_sk = impala_tpcds_household_demographics.hd_demo_sk 
     and ss_store_sk = s_store_sk
     and impala_tpcds_time_dim.t_hour = 8
     and impala_tpcds_time_dim.t_minute >= 30
     and ((impala_tpcds_household_demographics.hd_dep_count = 2 and impala_tpcds_household_demographics.hd_vehicle_count<=2+2) or
          (impala_tpcds_household_demographics.hd_dep_count = 4 and impala_tpcds_household_demographics.hd_vehicle_count<=4+2) or
          (impala_tpcds_household_demographics.hd_dep_count = 3 and impala_tpcds_household_demographics.hd_vehicle_count<=3+2)) 
     and impala_tpcds_store.s_store_name = 'ese') s1,
 (select count(*) h9_to_9_30 
 from impala_tpcds_store_sales, impala_tpcds_household_demographics , impala_tpcds_time_dim, impala_tpcds_store
 where ss_sold_time_sk = impala_tpcds_time_dim.t_time_sk
     and ss_hdemo_sk = impala_tpcds_household_demographics.hd_demo_sk
     and ss_store_sk = s_store_sk 
     and impala_tpcds_time_dim.t_hour = 9 
     and impala_tpcds_time_dim.t_minute < 30
     and ((impala_tpcds_household_demographics.hd_dep_count = 2 and impala_tpcds_household_demographics.hd_vehicle_count<=2+2) or
          (impala_tpcds_household_demographics.hd_dep_count = 4 and impala_tpcds_household_demographics.hd_vehicle_count<=4+2) or
          (impala_tpcds_household_demographics.hd_dep_count = 3 and impala_tpcds_household_demographics.hd_vehicle_count<=3+2))
     and impala_tpcds_store.s_store_name = 'ese') s2,
 (select count(*) h9_30_to_10 
 from impala_tpcds_store_sales, impala_tpcds_household_demographics , impala_tpcds_time_dim, impala_tpcds_store
 where ss_sold_time_sk = impala_tpcds_time_dim.t_time_sk
     and ss_hdemo_sk = impala_tpcds_household_demographics.hd_demo_sk
     and ss_store_sk = s_store_sk
     and impala_tpcds_time_dim.t_hour = 9
     and impala_tpcds_time_dim.t_minute >= 30
     and ((impala_tpcds_household_demographics.hd_dep_count = 2 and impala_tpcds_household_demographics.hd_vehicle_count<=2+2) or
          (impala_tpcds_household_demographics.hd_dep_count = 4 and impala_tpcds_household_demographics.hd_vehicle_count<=4+2) or
          (impala_tpcds_household_demographics.hd_dep_count = 3 and impala_tpcds_household_demographics.hd_vehicle_count<=3+2))
     and impala_tpcds_store.s_store_name = 'ese') s3,
 (select count(*) h10_to_10_30
 from impala_tpcds_store_sales, impala_tpcds_household_demographics , impala_tpcds_time_dim, impala_tpcds_store
 where ss_sold_time_sk = impala_tpcds_time_dim.t_time_sk
     and ss_hdemo_sk = impala_tpcds_household_demographics.hd_demo_sk
     and ss_store_sk = s_store_sk
     and impala_tpcds_time_dim.t_hour = 10 
     and impala_tpcds_time_dim.t_minute < 30
     and ((impala_tpcds_household_demographics.hd_dep_count = 2 and impala_tpcds_household_demographics.hd_vehicle_count<=2+2) or
          (impala_tpcds_household_demographics.hd_dep_count = 4 and impala_tpcds_household_demographics.hd_vehicle_count<=4+2) or
          (impala_tpcds_household_demographics.hd_dep_count = 3 and impala_tpcds_household_demographics.hd_vehicle_count<=3+2))
     and impala_tpcds_store.s_store_name = 'ese') s4,
 (select count(*) h10_30_to_11
 from impala_tpcds_store_sales, impala_tpcds_household_demographics , impala_tpcds_time_dim, impala_tpcds_store
 where ss_sold_time_sk = impala_tpcds_time_dim.t_time_sk
     and ss_hdemo_sk = impala_tpcds_household_demographics.hd_demo_sk
     and ss_store_sk = s_store_sk
     and impala_tpcds_time_dim.t_hour = 10 
     and impala_tpcds_time_dim.t_minute >= 30
     and ((impala_tpcds_household_demographics.hd_dep_count = 2 and impala_tpcds_household_demographics.hd_vehicle_count<=2+2) or
          (impala_tpcds_household_demographics.hd_dep_count = 4 and impala_tpcds_household_demographics.hd_vehicle_count<=4+2) or
          (impala_tpcds_household_demographics.hd_dep_count = 3 and impala_tpcds_household_demographics.hd_vehicle_count<=3+2))
     and impala_tpcds_store.s_store_name = 'ese') s5,
 (select count(*) h11_to_11_30
 from impala_tpcds_store_sales, impala_tpcds_household_demographics , impala_tpcds_time_dim, impala_tpcds_store
 where ss_sold_time_sk = impala_tpcds_time_dim.t_time_sk
     and ss_hdemo_sk = impala_tpcds_household_demographics.hd_demo_sk
     and ss_store_sk = s_store_sk 
     and impala_tpcds_time_dim.t_hour = 11
     and impala_tpcds_time_dim.t_minute < 30
     and ((impala_tpcds_household_demographics.hd_dep_count = 2 and impala_tpcds_household_demographics.hd_vehicle_count<=2+2) or
          (impala_tpcds_household_demographics.hd_dep_count = 4 and impala_tpcds_household_demographics.hd_vehicle_count<=4+2) or
          (impala_tpcds_household_demographics.hd_dep_count = 3 and impala_tpcds_household_demographics.hd_vehicle_count<=3+2))
     and impala_tpcds_store.s_store_name = 'ese') s6,
 (select count(*) h11_30_to_12
 from impala_tpcds_store_sales, impala_tpcds_household_demographics , impala_tpcds_time_dim, impala_tpcds_store
 where ss_sold_time_sk = impala_tpcds_time_dim.t_time_sk
     and ss_hdemo_sk = impala_tpcds_household_demographics.hd_demo_sk
     and ss_store_sk = s_store_sk
     and impala_tpcds_time_dim.t_hour = 11
     and impala_tpcds_time_dim.t_minute >= 30
     and ((impala_tpcds_household_demographics.hd_dep_count = 2 and impala_tpcds_household_demographics.hd_vehicle_count<=2+2) or
          (impala_tpcds_household_demographics.hd_dep_count = 4 and impala_tpcds_household_demographics.hd_vehicle_count<=4+2) or
          (impala_tpcds_household_demographics.hd_dep_count = 3 and impala_tpcds_household_demographics.hd_vehicle_count<=3+2))
     and impala_tpcds_store.s_store_name = 'ese') s7,
 (select count(*) h12_to_12_30
 from impala_tpcds_store_sales, impala_tpcds_household_demographics , impala_tpcds_time_dim, impala_tpcds_store
 where ss_sold_time_sk = impala_tpcds_time_dim.t_time_sk
     and ss_hdemo_sk = impala_tpcds_household_demographics.hd_demo_sk
     and ss_store_sk = s_store_sk
     and impala_tpcds_time_dim.t_hour = 12
     and impala_tpcds_time_dim.t_minute < 30
     and ((impala_tpcds_household_demographics.hd_dep_count = 2 and impala_tpcds_household_demographics.hd_vehicle_count<=2+2) or
          (impala_tpcds_household_demographics.hd_dep_count = 4 and impala_tpcds_household_demographics.hd_vehicle_count<=4+2) or
          (impala_tpcds_household_demographics.hd_dep_count = 3 and impala_tpcds_household_demographics.hd_vehicle_count<=3+2))
     and impala_tpcds_store.s_store_name = 'ese') s8
PREHOOK: type: QUERY
PREHOOK: Input: default@impala_tpcds_household_demographics
PREHOOK: Input: default@impala_tpcds_store
PREHOOK: Input: default@impala_tpcds_store_sales
PREHOOK: Input: default@impala_tpcds_time_dim
PREHOOK: Output: streaming
POSTHOOK: query: explain select  *
from
 (select count(*) h8_30_to_9
 from impala_tpcds_store_sales, impala_tpcds_household_demographics , impala_tpcds_time_dim, impala_tpcds_store
 where ss_sold_time_sk = impala_tpcds_time_dim.t_time_sk   
     and ss_hdemo_sk = impala_tpcds_household_demographics.hd_demo_sk 
     and ss_store_sk = s_store_sk
     and impala_tpcds_time_dim.t_hour = 8
     and impala_tpcds_time_dim.t_minute >= 30
     and ((impala_tpcds_household_demographics.hd_dep_count = 2 and impala_tpcds_household_demographics.hd_vehicle_count<=2+2) or
          (impala_tpcds_household_demographics.hd_dep_count = 4 and impala_tpcds_household_demographics.hd_vehicle_count<=4+2) or
          (impala_tpcds_household_demographics.hd_dep_count = 3 and impala_tpcds_household_demographics.hd_vehicle_count<=3+2)) 
     and impala_tpcds_store.s_store_name = 'ese') s1,
 (select count(*) h9_to_9_30 
 from impala_tpcds_store_sales, impala_tpcds_household_demographics , impala_tpcds_time_dim, impala_tpcds_store
 where ss_sold_time_sk = impala_tpcds_time_dim.t_time_sk
     and ss_hdemo_sk = impala_tpcds_household_demographics.hd_demo_sk
     and ss_store_sk = s_store_sk 
     and impala_tpcds_time_dim.t_hour = 9 
     and impala_tpcds_time_dim.t_minute < 30
     and ((impala_tpcds_household_demographics.hd_dep_count = 2 and impala_tpcds_household_demographics.hd_vehicle_count<=2+2) or
          (impala_tpcds_household_demographics.hd_dep_count = 4 and impala_tpcds_household_demographics.hd_vehicle_count<=4+2) or
          (impala_tpcds_household_demographics.hd_dep_count = 3 and impala_tpcds_household_demographics.hd_vehicle_count<=3+2))
     and impala_tpcds_store.s_store_name = 'ese') s2,
 (select count(*) h9_30_to_10 
 from impala_tpcds_store_sales, impala_tpcds_household_demographics , impala_tpcds_time_dim, impala_tpcds_store
 where ss_sold_time_sk = impala_tpcds_time_dim.t_time_sk
     and ss_hdemo_sk = impala_tpcds_household_demographics.hd_demo_sk
     and ss_store_sk = s_store_sk
     and impala_tpcds_time_dim.t_hour = 9
     and impala_tpcds_time_dim.t_minute >= 30
     and ((impala_tpcds_household_demographics.hd_dep_count = 2 and impala_tpcds_household_demographics.hd_vehicle_count<=2+2) or
          (impala_tpcds_household_demographics.hd_dep_count = 4 and impala_tpcds_household_demographics.hd_vehicle_count<=4+2) or
          (impala_tpcds_household_demographics.hd_dep_count = 3 and impala_tpcds_household_demographics.hd_vehicle_count<=3+2))
     and impala_tpcds_store.s_store_name = 'ese') s3,
 (select count(*) h10_to_10_30
 from impala_tpcds_store_sales, impala_tpcds_household_demographics , impala_tpcds_time_dim, impala_tpcds_store
 where ss_sold_time_sk = impala_tpcds_time_dim.t_time_sk
     and ss_hdemo_sk = impala_tpcds_household_demographics.hd_demo_sk
     and ss_store_sk = s_store_sk
     and impala_tpcds_time_dim.t_hour = 10 
     and impala_tpcds_time_dim.t_minute < 30
     and ((impala_tpcds_household_demographics.hd_dep_count = 2 and impala_tpcds_household_demographics.hd_vehicle_count<=2+2) or
          (impala_tpcds_household_demographics.hd_dep_count = 4 and impala_tpcds_household_demographics.hd_vehicle_count<=4+2) or
          (impala_tpcds_household_demographics.hd_dep_count = 3 and impala_tpcds_household_demographics.hd_vehicle_count<=3+2))
     and impala_tpcds_store.s_store_name = 'ese') s4,
 (select count(*) h10_30_to_11
 from impala_tpcds_store_sales, impala_tpcds_household_demographics , impala_tpcds_time_dim, impala_tpcds_store
 where ss_sold_time_sk = impala_tpcds_time_dim.t_time_sk
     and ss_hdemo_sk = impala_tpcds_household_demographics.hd_demo_sk
     and ss_store_sk = s_store_sk
     and impala_tpcds_time_dim.t_hour = 10 
     and impala_tpcds_time_dim.t_minute >= 30
     and ((impala_tpcds_household_demographics.hd_dep_count = 2 and impala_tpcds_household_demographics.hd_vehicle_count<=2+2) or
          (impala_tpcds_household_demographics.hd_dep_count = 4 and impala_tpcds_household_demographics.hd_vehicle_count<=4+2) or
          (impala_tpcds_household_demographics.hd_dep_count = 3 and impala_tpcds_household_demographics.hd_vehicle_count<=3+2))
     and impala_tpcds_store.s_store_name = 'ese') s5,
 (select count(*) h11_to_11_30
 from impala_tpcds_store_sales, impala_tpcds_household_demographics , impala_tpcds_time_dim, impala_tpcds_store
 where ss_sold_time_sk = impala_tpcds_time_dim.t_time_sk
     and ss_hdemo_sk = impala_tpcds_household_demographics.hd_demo_sk
     and ss_store_sk = s_store_sk 
     and impala_tpcds_time_dim.t_hour = 11
     and impala_tpcds_time_dim.t_minute < 30
     and ((impala_tpcds_household_demographics.hd_dep_count = 2 and impala_tpcds_household_demographics.hd_vehicle_count<=2+2) or
          (impala_tpcds_household_demographics.hd_dep_count = 4 and impala_tpcds_household_demographics.hd_vehicle_count<=4+2) or
          (impala_tpcds_household_demographics.hd_dep_count = 3 and impala_tpcds_household_demographics.hd_vehicle_count<=3+2))
     and impala_tpcds_store.s_store_name = 'ese') s6,
 (select count(*) h11_30_to_12
 from impala_tpcds_store_sales, impala_tpcds_household_demographics , impala_tpcds_time_dim, impala_tpcds_store
 where ss_sold_time_sk = impala_tpcds_time_dim.t_time_sk
     and ss_hdemo_sk = impala_tpcds_household_demographics.hd_demo_sk
     and ss_store_sk = s_store_sk
     and impala_tpcds_time_dim.t_hour = 11
     and impala_tpcds_time_dim.t_minute >= 30
     and ((impala_tpcds_household_demographics.hd_dep_count = 2 and impala_tpcds_household_demographics.hd_vehicle_count<=2+2) or
          (impala_tpcds_household_demographics.hd_dep_count = 4 and impala_tpcds_household_demographics.hd_vehicle_count<=4+2) or
          (impala_tpcds_household_demographics.hd_dep_count = 3 and impala_tpcds_household_demographics.hd_vehicle_count<=3+2))
     and impala_tpcds_store.s_store_name = 'ese') s7,
 (select count(*) h12_to_12_30
 from impala_tpcds_store_sales, impala_tpcds_household_demographics , impala_tpcds_time_dim, impala_tpcds_store
 where ss_sold_time_sk = impala_tpcds_time_dim.t_time_sk
     and ss_hdemo_sk = impala_tpcds_household_demographics.hd_demo_sk
     and ss_store_sk = s_store_sk
     and impala_tpcds_time_dim.t_hour = 12
     and impala_tpcds_time_dim.t_minute < 30
     and ((impala_tpcds_household_demographics.hd_dep_count = 2 and impala_tpcds_household_demographics.hd_vehicle_count<=2+2) or
          (impala_tpcds_household_demographics.hd_dep_count = 4 and impala_tpcds_household_demographics.hd_vehicle_count<=4+2) or
          (impala_tpcds_household_demographics.hd_dep_count = 3 and impala_tpcds_household_demographics.hd_vehicle_count<=3+2))
     and impala_tpcds_store.s_store_name = 'ese') s8
POSTHOOK: type: QUERY
POSTHOOK: Input: default@impala_tpcds_household_demographics
POSTHOOK: Input: default@impala_tpcds_store
POSTHOOK: Input: default@impala_tpcds_store_sales
POSTHOOK: Input: default@impala_tpcds_time_dim
STAGE DEPENDENCIES:
  Stage-1 is a root stage
  Stage-0 is a root stage

STAGE PLANS:
  Stage: Stage-1
    Impala
      Impala Plan: 
F04:PLAN FRAGMENT [UNPARTITIONED] hosts=1 instances=1
Per-Host Resources: mem-estimate=10.13MB mem-reservation=0B thread-reservation=1
  PLAN-ROOT SINK
  |  output exprs: _impala_builtins.count(*), _impala_builtins.count(*), _impala_builtins.count(*), _impala_builtins.count(*), _impala_builtins.count(*), _impala_builtins.count(*), _impala_builtins.count(*), _impala_builtins.count(*)
  |  mem-estimate=0B mem-reservation=0B thread-reservation=0
  |
  70:NESTED LOOP JOIN [CROSS JOIN, BROADCAST]
  |  mem-estimate=8B mem-reservation=0B thread-reservation=0
  |  tuple-ids=7,15,23,31,39,47,55,63 row-size=64B cardinality=1
  |  in pipelines: 75(GETNEXT), 116(OPEN)
  |
  |--117:EXCHANGE [UNPARTITIONED]
  |     mem-estimate=16.00KB mem-reservation=0B thread-reservation=0
  |     tuple-ids=63 row-size=8B cardinality=1
  |     in pipelines: 116(GETNEXT)
  |
  61:NESTED LOOP JOIN [CROSS JOIN, BROADCAST]
  |  mem-estimate=8B mem-reservation=0B thread-reservation=0
  |  tuple-ids=7,15,23,31,39,47,55 row-size=56B cardinality=1
  |  in pipelines: 75(GETNEXT), 110(OPEN)
  |
  |--111:EXCHANGE [UNPARTITIONED]
  |     mem-estimate=16.00KB mem-reservation=0B thread-reservation=0
  |     tuple-ids=55 row-size=8B cardinality=1
  |     in pipelines: 110(GETNEXT)
  |
  52:NESTED LOOP JOIN [CROSS JOIN, BROADCAST]
  |  mem-estimate=8B mem-reservation=0B thread-reservation=0
  |  tuple-ids=7,15,23,31,39,47 row-size=48B cardinality=1
  |  in pipelines: 75(GETNEXT), 104(OPEN)
  |
  |--105:EXCHANGE [UNPARTITIONED]
  |     mem-estimate=16.00KB mem-reservation=0B thread-reservation=0
  |     tuple-ids=47 row-size=8B cardinality=1
  |     in pipelines: 104(GETNEXT)
  |
  43:NESTED LOOP JOIN [CROSS JOIN, BROADCAST]
  |  mem-estimate=8B mem-reservation=0B thread-reservation=0
  |  tuple-ids=7,15,23,31,39 row-size=40B cardinality=1
  |  in pipelines: 75(GETNEXT), 98(OPEN)
  |
  |--99:EXCHANGE [UNPARTITIONED]
  |     mem-estimate=16.00KB mem-reservation=0B thread-reservation=0
  |     tuple-ids=39 row-size=8B cardinality=1
  |     in pipelines: 98(GETNEXT)
  |
  34:NESTED LOOP JOIN [CROSS JOIN, BROADCAST]
  |  mem-estimate=8B mem-reservation=0B thread-reservation=0
  |  tuple-ids=7,15,23,31 row-size=32B cardinality=1
  |  in pipelines: 75(GETNEXT), 92(OPEN)
  |
  |--93:EXCHANGE [UNPARTITIONED]
  |     mem-estimate=16.00KB mem-reservation=0B thread-reservation=0
  |     tuple-ids=31 row-size=8B cardinality=1
  |     in pipelines: 92(GETNEXT)
  |
  25:NESTED LOOP JOIN [CROSS JOIN, BROADCAST]
  |  mem-estimate=8B mem-reservation=0B thread-reservation=0
  |  tuple-ids=7,15,23 row-size=24B cardinality=1
  |  in pipelines: 75(GETNEXT), 86(OPEN)
  |
  |--87:EXCHANGE [UNPARTITIONED]
  |     mem-estimate=16.00KB mem-reservation=0B thread-reservation=0
  |     tuple-ids=23 row-size=8B cardinality=1
  |     in pipelines: 86(GETNEXT)
  |
  16:NESTED LOOP JOIN [CROSS JOIN, BROADCAST]
  |  mem-estimate=8B mem-reservation=0B thread-reservation=0
  |  tuple-ids=7,15 row-size=16B cardinality=1
  |  in pipelines: 75(GETNEXT), 80(OPEN)
  |
  |--81:EXCHANGE [UNPARTITIONED]
  |     mem-estimate=16.00KB mem-reservation=0B thread-reservation=0
  |     tuple-ids=15 row-size=8B cardinality=1
  |     in pipelines: 80(GETNEXT)
  |
  75:AGGREGATE [FINALIZE]
  |  output: _impala_builtins.count:merge(*)
  |  mem-estimate=10.00MB mem-reservation=0B spill-buffer=2.00MB thread-reservation=0
  |  tuple-ids=7 row-size=8B cardinality=1
  |  in pipelines: 75(GETNEXT), 07(OPEN)
  |
  74:EXCHANGE [UNPARTITIONED]
     mem-estimate=16.00KB mem-reservation=0B thread-reservation=0
     tuple-ids=7 row-size=8B cardinality=1
     in pipelines: 07(GETNEXT)

F00:PLAN FRAGMENT [RANDOM] hosts=1 instances=1
Per-Host Resources: mem-estimate=15.81MB mem-reservation=5.81MB thread-reservation=1
  DATASTREAM SINK [FRAGMENT=F04, EXCHANGE=74, UNPARTITIONED]
  |  mem-estimate=0B mem-reservation=0B thread-reservation=0
  07:AGGREGATE
  |  output: count(*)
  |  mem-estimate=10.00MB mem-reservation=0B spill-buffer=2.00MB thread-reservation=0
  |  tuple-ids=7 row-size=8B cardinality=1
  |  in pipelines: 07(GETNEXT), 00(OPEN)
  |
  06:HASH JOIN [INNER JOIN, BROADCAST]
  |  hash predicates: default.impala_tpcds_store_sales.ss_store_sk = default.impala_tpcds_store.s_store_sk
  |  fk/pk conjuncts: assumed fk/pk
  |  mem-estimate=1.94MB mem-reservation=1.94MB spill-buffer=64.00KB thread-reservation=0
  |  tuple-ids=0,1,3,5 row-size=52B cardinality=0
  |  in pipelines: 00(GETNEXT), 05(OPEN)
  |
  |--73:EXCHANGE [BROADCAST]
  |     mem-estimate=20.00KB mem-reservation=0B thread-reservation=0
  |     tuple-ids=5 row-size=16B cardinality=0
  |     in pipelines: 05(GETNEXT)
  |
  04:HASH JOIN [INNER JOIN, BROADCAST]
  |  hash predicates: default.impala_tpcds_store_sales.ss_sold_time_sk = default.impala_tpcds_time_dim.t_time_sk
  |  fk/pk conjuncts: assumed fk/pk
  |  mem-estimate=1.94MB mem-reservation=1.94MB spill-buffer=64.00KB thread-reservation=0
  |  tuple-ids=0,1,3 row-size=36B cardinality=0
  |  in pipelines: 00(GETNEXT), 03(OPEN)
  |
  |--72:EXCHANGE [BROADCAST]
  |     mem-estimate=16.00KB mem-reservation=0B thread-reservation=0
  |     tuple-ids=3 row-size=12B cardinality=0
  |     in pipelines: 03(GETNEXT)
  |
  02:HASH JOIN [INNER JOIN, BROADCAST]
  |  hash predicates: default.impala_tpcds_store_sales.ss_hdemo_sk = default.impala_tpcds_household_demographics.hd_demo_sk
  |  fk/pk conjuncts: assumed fk/pk
  |  mem-estimate=1.94MB mem-reservation=1.94MB spill-buffer=64.00KB thread-reservation=0
  |  tuple-ids=0,1 row-size=24B cardinality=0
  |  in pipelines: 00(GETNEXT), 01(OPEN)
  |
  |--71:EXCHANGE [BROADCAST]
  |     mem-estimate=16.00KB mem-reservation=0B thread-reservation=0
  |     tuple-ids=1 row-size=12B cardinality=0
  |     in pipelines: 01(GETNEXT)
  |
  00:SCAN HDFS [default.impala_tpcds_store_sales, RANDOM]
     partitions=0/0 files=0 size=0B
     predicates: default.impala_tpcds_store_sales.ss_hdemo_sk IS NOT NULL, default.impala_tpcds_store_sales.ss_sold_time_sk IS NOT NULL, default.impala_tpcds_store_sales.ss_store_sk IS NOT NULL
     stored statistics:
       table: rows=unavailable size=unavailable
       partitions: 0/0 rows=unavailable
       columns: unavailable
     extrapolated-rows=disabled max-scan-range-rows=0
     mem-estimate=0B mem-reservation=0B thread-reservation=0
     tuple-ids=0 row-size=12B cardinality=0
     in pipelines: 00(GETNEXT)

F01:PLAN FRAGMENT [RANDOM] hosts=1 instances=1
Per-Host Resources: mem-estimate=0B mem-reservation=0B thread-reservation=1
  DATASTREAM SINK [FRAGMENT=F00, EXCHANGE=71, BROADCAST]
  |  mem-estimate=0B mem-reservation=0B thread-reservation=0
  01:SCAN HDFS [default.impala_tpcds_household_demographics, RANDOM]
     HDFS partitions=1/1 files=0 size=0B
     predicates: default.impala_tpcds_household_demographics.hd_demo_sk IS NOT NULL, default.impala_tpcds_household_demographics.hd_dep_count IN (CAST(2 AS INT), CAST(4 AS INT), CAST(3 AS INT)), default.impala_tpcds_household_demographics.hd_vehicle_count <= casttoint(add(CAST(2 AS SMALLINT), CAST(2 AS SMALLINT))) OR default.impala_tpcds_household_demographics.hd_vehicle_count <= casttoint(add(CAST(4 AS SMALLINT), CAST(2 AS SMALLINT))) OR default.impala_tpcds_household_demographics.hd_vehicle_count <= casttoint(add(CAST(3 AS SMALLINT), CAST(2 AS SMALLINT))), default.impala_tpcds_household_demographics.hd_dep_count = CAST(2 AS INT) AND default.impala_tpcds_household_demographics.hd_vehicle_count <= casttoint(add(CAST(2 AS SMALLINT), CAST(2 AS SMALLINT))) OR default.impala_tpcds_household_demographics.hd_dep_count = CAST(4 AS INT) AND default.impala_tpcds_household_demographics.hd_vehicle_count <= casttoint(add(CAST(4 AS SMALLINT), CAST(2 AS SMALLINT))) OR default.impala_tpcds_household_demographics.hd_dep_count = CAST(3 AS INT) AND default.impala_tpcds_household_demographics.hd_vehicle_count <= casttoint(add(CAST(3 AS SMALLINT), CAST(2 AS SMALLINT)))
     stored statistics:
       table: rows=unavailable size=unavailable
       columns: unavailable
     extrapolated-rows=disabled max-scan-range-rows=0
     parquet statistics predicates: default.impala_tpcds_household_demographics.hd_dep_count IN (CAST(2 AS INT), CAST(4 AS INT), CAST(3 AS INT))
     mem-estimate=0B mem-reservation=0B thread-reservation=0
     tuple-ids=1 row-size=12B cardinality=0
     in pipelines: 01(GETNEXT)

F02:PLAN FRAGMENT [RANDOM] hosts=1 instances=1
Per-Host Resources: mem-estimate=0B mem-reservation=0B thread-reservation=1
  DATASTREAM SINK [FRAGMENT=F00, EXCHANGE=72, BROADCAST]
  |  mem-estimate=0B mem-reservation=0B thread-reservation=0
  03:SCAN HDFS [default.impala_tpcds_time_dim, RANDOM]
     HDFS partitions=1/1 files=0 size=0B
     predicates: default.impala_tpcds_time_dim.t_time_sk IS NOT NULL, default.impala_tpcds_time_dim.t_hour = CAST(8 AS INT), default.impala_tpcds_time_dim.t_minute >= CAST(30 AS INT)
     stored statistics:
       table: rows=unavailable size=unavailable
       columns: unavailable
     extrapolated-rows=disabled max-scan-range-rows=0
     parquet statistics predicates: default.impala_tpcds_time_dim.t_hour = CAST(8 AS INT), default.impala_tpcds_time_dim.t_minute >= CAST(30 AS INT)
     mem-estimate=0B mem-reservation=0B thread-reservation=0
     tuple-ids=3 row-size=12B cardinality=0
     in pipelines: 03(GETNEXT)

F03:PLAN FRAGMENT [RANDOM] hosts=1 instances=1
Per-Host Resources: mem-estimate=0B mem-reservation=0B thread-reservation=1
  DATASTREAM SINK [FRAGMENT=F00, EXCHANGE=73, BROADCAST]
  |  mem-estimate=0B mem-reservation=0B thread-reservation=0
  05:SCAN HDFS [default.impala_tpcds_store, RANDOM]
     HDFS partitions=1/1 files=0 size=0B
     predicates: default.impala_tpcds_store.s_store_sk IS NOT NULL, default.impala_tpcds_store.s_store_name = 'ese'
     stored statistics:
       table: rows=unavailable size=unavailable
       columns: unavailable
     extrapolated-rows=disabled max-scan-range-rows=0
     parquet statistics predicates: default.impala_tpcds_store.s_store_name = 'ese'
     mem-estimate=0B mem-reservation=0B thread-reservation=0
     tuple-ids=5 row-size=16B cardinality=0
     in pipelines: 05(GETNEXT)

F09:PLAN FRAGMENT [UNPARTITIONED] hosts=1 instances=1
Per-Host Resources: mem-estimate=10.02MB mem-reservation=0B thread-reservation=1
  DATASTREAM SINK [FRAGMENT=F04, EXCHANGE=81, UNPARTITIONED]
  |  mem-estimate=0B mem-reservation=0B thread-reservation=0
  80:AGGREGATE [FINALIZE]
  |  output: _impala_builtins.count:merge(*)
  |  mem-estimate=10.00MB mem-reservation=0B spill-buffer=2.00MB thread-reservation=0
  |  tuple-ids=15 row-size=8B cardinality=1
  |  in pipelines: 80(GETNEXT), 15(OPEN)
  |
  79:EXCHANGE [UNPARTITIONED]
     mem-estimate=16.00KB mem-reservation=0B thread-reservation=0
     tuple-ids=15 row-size=8B cardinality=1
     in pipelines: 15(GETNEXT)

F05:PLAN FRAGMENT [RANDOM] hosts=1 instances=1
Per-Host Resources: mem-estimate=15.81MB mem-reservation=5.81MB thread-reservation=1
  DATASTREAM SINK [FRAGMENT=F09, EXCHANGE=79, UNPARTITIONED]
  |  mem-estimate=0B mem-reservation=0B thread-reservation=0
  15:AGGREGATE
  |  output: count(*)
  |  mem-estimate=10.00MB mem-reservation=0B spill-buffer=2.00MB thread-reservation=0
  |  tuple-ids=15 row-size=8B cardinality=1
  |  in pipelines: 15(GETNEXT), 08(OPEN)
  |
  14:HASH JOIN [INNER JOIN, BROADCAST]
  |  hash predicates: default.impala_tpcds_store_sales_0.ss_store_sk = default.impala_tpcds_store_0.s_store_sk
  |  fk/pk conjuncts: assumed fk/pk
  |  mem-estimate=1.94MB mem-reservation=1.94MB spill-buffer=64.00KB thread-reservation=0
  |  tuple-ids=8,9,11,13 row-size=52B cardinality=0
  |  in pipelines: 08(GETNEXT), 13(OPEN)
  |
  |--78:EXCHANGE [BROADCAST]
  |     mem-estimate=20.00KB mem-reservation=0B thread-reservation=0
  |     tuple-ids=13 row-size=16B cardinality=0
  |     in pipelines: 13(GETNEXT)
  |
  12:HASH JOIN [INNER JOIN, BROADCAST]
  |  hash predicates: default.impala_tpcds_store_sales_0.ss_sold_time_sk = default.impala_tpcds_time_dim_0.t_time_sk
  |  fk/pk conjuncts: assumed fk/pk
  |  mem-estimate=1.94MB mem-reservation=1.94MB spill-buffer=64.00KB thread-reservation=0
  |  tuple-ids=8,9,11 row-size=36B cardinality=0
  |  in pipelines: 08(GETNEXT), 11(OPEN)
  |
  |--77:EXCHANGE [BROADCAST]
  |     mem-estimate=16.00KB mem-reservation=0B thread-reservation=0
  |     tuple-ids=11 row-size=12B cardinality=0
  |     in pipelines: 11(GETNEXT)
  |
  10:HASH JOIN [INNER JOIN, BROADCAST]
  |  hash predicates: default.impala_tpcds_store_sales_0.ss_hdemo_sk = default.impala_tpcds_household_demographics_0.hd_demo_sk
  |  fk/pk conjuncts: assumed fk/pk
  |  mem-estimate=1.94MB mem-reservation=1.94MB spill-buffer=64.00KB thread-reservation=0
  |  tuple-ids=8,9 row-size=24B cardinality=0
  |  in pipelines: 08(GETNEXT), 09(OPEN)
  |
  |--76:EXCHANGE [BROADCAST]
  |     mem-estimate=16.00KB mem-reservation=0B thread-reservation=0
  |     tuple-ids=9 row-size=12B cardinality=0
  |     in pipelines: 09(GETNEXT)
  |
  08:SCAN HDFS [default.impala_tpcds_store_sales, RANDOM]
     partitions=0/0 files=0 size=0B
     predicates: default.impala_tpcds_store_sales_0.ss_hdemo_sk IS NOT NULL, default.impala_tpcds_store_sales_0.ss_sold_time_sk IS NOT NULL, default.impala_tpcds_store_sales_0.ss_store_sk IS NOT NULL
     stored statistics:
       table: rows=unavailable size=unavailable
       partitions: 0/0 rows=unavailable
       columns: unavailable
     extrapolated-rows=disabled max-scan-range-rows=0
     mem-estimate=0B mem-reservation=0B thread-reservation=0
     tuple-ids=8 row-size=12B cardinality=0
     in pipelines: 08(GETNEXT)

F06:PLAN FRAGMENT [RANDOM] hosts=1 instances=1
Per-Host Resources: mem-estimate=0B mem-reservation=0B thread-reservation=1
  DATASTREAM SINK [FRAGMENT=F05, EXCHANGE=76, BROADCAST]
  |  mem-estimate=0B mem-reservation=0B thread-reservation=0
  09:SCAN HDFS [default.impala_tpcds_household_demographics, RANDOM]
     HDFS partitions=1/1 files=0 size=0B
     predicates: default.impala_tpcds_household_demographics_0.hd_demo_sk IS NOT NULL, default.impala_tpcds_household_demographics_0.hd_dep_count IN (CAST(2 AS INT), CAST(4 AS INT), CAST(3 AS INT)), default.impala_tpcds_household_demographics_0.hd_vehicle_count <= casttoint(add(CAST(2 AS SMALLINT), CAST(2 AS SMALLINT))) OR default.impala_tpcds_household_demographics_0.hd_vehicle_count <= casttoint(add(CAST(4 AS SMALLINT), CAST(2 AS SMALLINT))) OR default.impala_tpcds_household_demographics_0.hd_vehicle_count <= casttoint(add(CAST(3 AS SMALLINT), CAST(2 AS SMALLINT))), default.impala_tpcds_household_demographics_0.hd_dep_count = CAST(2 AS INT) AND default.impala_tpcds_household_demographics_0.hd_vehicle_count <= casttoint(add(CAST(2 AS SMALLINT), CAST(2 AS SMALLINT))) OR default.impala_tpcds_household_demographics_0.hd_dep_count = CAST(4 AS INT) AND default.impala_tpcds_household_demographics_0.hd_vehicle_count <= casttoint(add(CAST(4 AS SMALLINT), CAST(2 AS SMALLINT))) OR default.impala_tpcds_household_demographics_0.hd_dep_count = CAST(3 AS INT) AND default.impala_tpcds_household_demographics_0.hd_vehicle_count <= casttoint(add(CAST(3 AS SMALLINT), CAST(2 AS SMALLINT)))
     stored statistics:
       table: rows=unavailable size=unavailable
       columns: unavailable
     extrapolated-rows=disabled max-scan-range-rows=0
     parquet statistics predicates: default.impala_tpcds_household_demographics_0.hd_dep_count IN (CAST(2 AS INT), CAST(4 AS INT), CAST(3 AS INT))
     mem-estimate=0B mem-reservation=0B thread-reservation=0
     tuple-ids=9 row-size=12B cardinality=0
     in pipelines: 09(GETNEXT)

F07:PLAN FRAGMENT [RANDOM] hosts=1 instances=1
Per-Host Resources: mem-estimate=0B mem-reservation=0B thread-reservation=1
  DATASTREAM SINK [FRAGMENT=F05, EXCHANGE=77, BROADCAST]
  |  mem-estimate=0B mem-reservation=0B thread-reservation=0
  11:SCAN HDFS [default.impala_tpcds_time_dim, RANDOM]
     HDFS partitions=1/1 files=0 size=0B
     predicates: default.impala_tpcds_time_dim_0.t_time_sk IS NOT NULL, default.impala_tpcds_time_dim_0.t_hour = CAST(12 AS INT), default.impala_tpcds_time_dim_0.t_minute < CAST(30 AS INT)
     stored statistics:
       table: rows=unavailable size=unavailable
       columns: unavailable
     extrapolated-rows=disabled max-scan-range-rows=0
     parquet statistics predicates: default.impala_tpcds_time_dim_0.t_hour = CAST(12 AS INT), default.impala_tpcds_time_dim_0.t_minute < CAST(30 AS INT)
     mem-estimate=0B mem-reservation=0B thread-reservation=0
     tuple-ids=11 row-size=12B cardinality=0
     in pipelines: 11(GETNEXT)

F08:PLAN FRAGMENT [RANDOM] hosts=1 instances=1
Per-Host Resources: mem-estimate=0B mem-reservation=0B thread-reservation=1
  DATASTREAM SINK [FRAGMENT=F05, EXCHANGE=78, BROADCAST]
  |  mem-estimate=0B mem-reservation=0B thread-reservation=0
  13:SCAN HDFS [default.impala_tpcds_store, RANDOM]
     HDFS partitions=1/1 files=0 size=0B
     predicates: default.impala_tpcds_store_0.s_store_sk IS NOT NULL, default.impala_tpcds_store_0.s_store_name = 'ese'
     stored statistics:
       table: rows=unavailable size=unavailable
       columns: unavailable
     extrapolated-rows=disabled max-scan-range-rows=0
     parquet statistics predicates: default.impala_tpcds_store_0.s_store_name = 'ese'
     mem-estimate=0B mem-reservation=0B thread-reservation=0
     tuple-ids=13 row-size=16B cardinality=0
     in pipelines: 13(GETNEXT)

F14:PLAN FRAGMENT [UNPARTITIONED] hosts=1 instances=1
Per-Host Resources: mem-estimate=10.02MB mem-reservation=0B thread-reservation=1
  DATASTREAM SINK [FRAGMENT=F04, EXCHANGE=87, UNPARTITIONED]
  |  mem-estimate=0B mem-reservation=0B thread-reservation=0
  86:AGGREGATE [FINALIZE]
  |  output: _impala_builtins.count:merge(*)
  |  mem-estimate=10.00MB mem-reservation=0B spill-buffer=2.00MB thread-reservation=0
  |  tuple-ids=23 row-size=8B cardinality=1
  |  in pipelines: 86(GETNEXT), 24(OPEN)
  |
  85:EXCHANGE [UNPARTITIONED]
     mem-estimate=16.00KB mem-reservation=0B thread-reservation=0
     tuple-ids=23 row-size=8B cardinality=1
     in pipelines: 24(GETNEXT)

F10:PLAN FRAGMENT [RANDOM] hosts=1 instances=1
Per-Host Resources: mem-estimate=15.81MB mem-reservation=5.81MB thread-reservation=1
  DATASTREAM SINK [FRAGMENT=F14, EXCHANGE=85, UNPARTITIONED]
  |  mem-estimate=0B mem-reservation=0B thread-reservation=0
  24:AGGREGATE
  |  output: count(*)
  |  mem-estimate=10.00MB mem-reservation=0B spill-buffer=2.00MB thread-reservation=0
  |  tuple-ids=23 row-size=8B cardinality=1
  |  in pipelines: 24(GETNEXT), 17(OPEN)
  |
  23:HASH JOIN [INNER JOIN, BROADCAST]
  |  hash predicates: default.impala_tpcds_store_sales_1.ss_store_sk = default.impala_tpcds_store_1.s_store_sk
  |  fk/pk conjuncts: assumed fk/pk
  |  mem-estimate=1.94MB mem-reservation=1.94MB spill-buffer=64.00KB thread-reservation=0
  |  tuple-ids=16,17,19,21 row-size=52B cardinality=0
  |  in pipelines: 17(GETNEXT), 22(OPEN)
  |
  |--84:EXCHANGE [BROADCAST]
  |     mem-estimate=20.00KB mem-reservation=0B thread-reservation=0
  |     tuple-ids=21 row-size=16B cardinality=0
  |     in pipelines: 22(GETNEXT)
  |
  21:HASH JOIN [INNER JOIN, BROADCAST]
  |  hash predicates: default.impala_tpcds_store_sales_1.ss_sold_time_sk = default.impala_tpcds_time_dim_1.t_time_sk
  |  fk/pk conjuncts: assumed fk/pk
  |  mem-estimate=1.94MB mem-reservation=1.94MB spill-buffer=64.00KB thread-reservation=0
  |  tuple-ids=16,17,19 row-size=36B cardinality=0
  |  in pipelines: 17(GETNEXT), 20(OPEN)
  |
  |--83:EXCHANGE [BROADCAST]
  |     mem-estimate=16.00KB mem-reservation=0B thread-reservation=0
  |     tuple-ids=19 row-size=12B cardinality=0
  |     in pipelines: 20(GETNEXT)
  |
  19:HASH JOIN [INNER JOIN, BROADCAST]
  |  hash predicates: default.impala_tpcds_store_sales_1.ss_hdemo_sk = default.impala_tpcds_household_demographics_1.hd_demo_sk
  |  fk/pk conjuncts: assumed fk/pk
  |  mem-estimate=1.94MB mem-reservation=1.94MB spill-buffer=64.00KB thread-reservation=0
  |  tuple-ids=16,17 row-size=24B cardinality=0
  |  in pipelines: 17(GETNEXT), 18(OPEN)
  |
  |--82:EXCHANGE [BROADCAST]
  |     mem-estimate=16.00KB mem-reservation=0B thread-reservation=0
  |     tuple-ids=17 row-size=12B cardinality=0
  |     in pipelines: 18(GETNEXT)
  |
  17:SCAN HDFS [default.impala_tpcds_store_sales, RANDOM]
     partitions=0/0 files=0 size=0B
     predicates: default.impala_tpcds_store_sales_1.ss_hdemo_sk IS NOT NULL, default.impala_tpcds_store_sales_1.ss_sold_time_sk IS NOT NULL, default.impala_tpcds_store_sales_1.ss_store_sk IS NOT NULL
     stored statistics:
       table: rows=unavailable size=unavailable
       partitions: 0/0 rows=unavailable
       columns: unavailable
     extrapolated-rows=disabled max-scan-range-rows=0
     mem-estimate=0B mem-reservation=0B thread-reservation=0
     tuple-ids=16 row-size=12B cardinality=0
     in pipelines: 17(GETNEXT)

F11:PLAN FRAGMENT [RANDOM] hosts=1 instances=1
Per-Host Resources: mem-estimate=0B mem-reservation=0B thread-reservation=1
  DATASTREAM SINK [FRAGMENT=F10, EXCHANGE=82, BROADCAST]
  |  mem-estimate=0B mem-reservation=0B thread-reservation=0
  18:SCAN HDFS [default.impala_tpcds_household_demographics, RANDOM]
     HDFS partitions=1/1 files=0 size=0B
     predicates: default.impala_tpcds_household_demographics_1.hd_demo_sk IS NOT NULL, default.impala_tpcds_household_demographics_1.hd_dep_count IN (CAST(2 AS INT), CAST(4 AS INT), CAST(3 AS INT)), default.impala_tpcds_household_demographics_1.hd_vehicle_count <= casttoint(add(CAST(2 AS SMALLINT), CAST(2 AS SMALLINT))) OR default.impala_tpcds_household_demographics_1.hd_vehicle_count <= casttoint(add(CAST(4 AS SMALLINT), CAST(2 AS SMALLINT))) OR default.impala_tpcds_household_demographics_1.hd_vehicle_count <= casttoint(add(CAST(3 AS SMALLINT), CAST(2 AS SMALLINT))), default.impala_tpcds_household_demographics_1.hd_dep_count = CAST(2 AS INT) AND default.impala_tpcds_household_demographics_1.hd_vehicle_count <= casttoint(add(CAST(2 AS SMALLINT), CAST(2 AS SMALLINT))) OR default.impala_tpcds_household_demographics_1.hd_dep_count = CAST(4 AS INT) AND default.impala_tpcds_household_demographics_1.hd_vehicle_count <= casttoint(add(CAST(4 AS SMALLINT), CAST(2 AS SMALLINT))) OR default.impala_tpcds_household_demographics_1.hd_dep_count = CAST(3 AS INT) AND default.impala_tpcds_household_demographics_1.hd_vehicle_count <= casttoint(add(CAST(3 AS SMALLINT), CAST(2 AS SMALLINT)))
     stored statistics:
       table: rows=unavailable size=unavailable
       columns: unavailable
     extrapolated-rows=disabled max-scan-range-rows=0
     parquet statistics predicates: default.impala_tpcds_household_demographics_1.hd_dep_count IN (CAST(2 AS INT), CAST(4 AS INT), CAST(3 AS INT))
     mem-estimate=0B mem-reservation=0B thread-reservation=0
     tuple-ids=17 row-size=12B cardinality=0
     in pipelines: 18(GETNEXT)

F12:PLAN FRAGMENT [RANDOM] hosts=1 instances=1
Per-Host Resources: mem-estimate=0B mem-reservation=0B thread-reservation=1
  DATASTREAM SINK [FRAGMENT=F10, EXCHANGE=83, BROADCAST]
  |  mem-estimate=0B mem-reservation=0B thread-reservation=0
  20:SCAN HDFS [default.impala_tpcds_time_dim, RANDOM]
     HDFS partitions=1/1 files=0 size=0B
     predicates: default.impala_tpcds_time_dim_1.t_time_sk IS NOT NULL, default.impala_tpcds_time_dim_1.t_hour = CAST(11 AS INT), default.impala_tpcds_time_dim_1.t_minute >= CAST(30 AS INT)
     stored statistics:
       table: rows=unavailable size=unavailable
       columns: unavailable
     extrapolated-rows=disabled max-scan-range-rows=0
     parquet statistics predicates: default.impala_tpcds_time_dim_1.t_hour = CAST(11 AS INT), default.impala_tpcds_time_dim_1.t_minute >= CAST(30 AS INT)
     mem-estimate=0B mem-reservation=0B thread-reservation=0
     tuple-ids=19 row-size=12B cardinality=0
     in pipelines: 20(GETNEXT)

F13:PLAN FRAGMENT [RANDOM] hosts=1 instances=1
Per-Host Resources: mem-estimate=0B mem-reservation=0B thread-reservation=1
  DATASTREAM SINK [FRAGMENT=F10, EXCHANGE=84, BROADCAST]
  |  mem-estimate=0B mem-reservation=0B thread-reservation=0
  22:SCAN HDFS [default.impala_tpcds_store, RANDOM]
     HDFS partitions=1/1 files=0 size=0B
     predicates: default.impala_tpcds_store_1.s_store_sk IS NOT NULL, default.impala_tpcds_store_1.s_store_name = 'ese'
     stored statistics:
       table: rows=unavailable size=unavailable
       columns: unavailable
     extrapolated-rows=disabled max-scan-range-rows=0
     parquet statistics predicates: default.impala_tpcds_store_1.s_store_name = 'ese'
     mem-estimate=0B mem-reservation=0B thread-reservation=0
     tuple-ids=21 row-size=16B cardinality=0
     in pipelines: 22(GETNEXT)

F19:PLAN FRAGMENT [UNPARTITIONED] hosts=1 instances=1
Per-Host Resources: mem-estimate=10.02MB mem-reservation=0B thread-reservation=1
  DATASTREAM SINK [FRAGMENT=F04, EXCHANGE=93, UNPARTITIONED]
  |  mem-estimate=0B mem-reservation=0B thread-reservation=0
  92:AGGREGATE [FINALIZE]
  |  output: _impala_builtins.count:merge(*)
  |  mem-estimate=10.00MB mem-reservation=0B spill-buffer=2.00MB thread-reservation=0
  |  tuple-ids=31 row-size=8B cardinality=1
  |  in pipelines: 92(GETNEXT), 33(OPEN)
  |
  91:EXCHANGE [UNPARTITIONED]
     mem-estimate=16.00KB mem-reservation=0B thread-reservation=0
     tuple-ids=31 row-size=8B cardinality=1
     in pipelines: 33(GETNEXT)

F15:PLAN FRAGMENT [RANDOM] hosts=1 instances=1
Per-Host Resources: mem-estimate=15.81MB mem-reservation=5.81MB thread-reservation=1
  DATASTREAM SINK [FRAGMENT=F19, EXCHANGE=91, UNPARTITIONED]
  |  mem-estimate=0B mem-reservation=0B thread-reservation=0
  33:AGGREGATE
  |  output: count(*)
  |  mem-estimate=10.00MB mem-reservation=0B spill-buffer=2.00MB thread-reservation=0
  |  tuple-ids=31 row-size=8B cardinality=1
  |  in pipelines: 33(GETNEXT), 26(OPEN)
  |
  32:HASH JOIN [INNER JOIN, BROADCAST]
  |  hash predicates: default.impala_tpcds_store_sales_2.ss_store_sk = default.impala_tpcds_store_2.s_store_sk
  |  fk/pk conjuncts: assumed fk/pk
  |  mem-estimate=1.94MB mem-reservation=1.94MB spill-buffer=64.00KB thread-reservation=0
  |  tuple-ids=24,25,27,29 row-size=52B cardinality=0
  |  in pipelines: 26(GETNEXT), 31(OPEN)
  |
  |--90:EXCHANGE [BROADCAST]
  |     mem-estimate=20.00KB mem-reservation=0B thread-reservation=0
  |     tuple-ids=29 row-size=16B cardinality=0
  |     in pipelines: 31(GETNEXT)
  |
  30:HASH JOIN [INNER JOIN, BROADCAST]
  |  hash predicates: default.impala_tpcds_store_sales_2.ss_sold_time_sk = default.impala_tpcds_time_dim_2.t_time_sk
  |  fk/pk conjuncts: assumed fk/pk
  |  mem-estimate=1.94MB mem-reservation=1.94MB spill-buffer=64.00KB thread-reservation=0
  |  tuple-ids=24,25,27 row-size=36B cardinality=0
  |  in pipelines: 26(GETNEXT), 29(OPEN)
  |
  |--89:EXCHANGE [BROADCAST]
  |     mem-estimate=16.00KB mem-reservation=0B thread-reservation=0
  |     tuple-ids=27 row-size=12B cardinality=0
  |     in pipelines: 29(GETNEXT)
  |
  28:HASH JOIN [INNER JOIN, BROADCAST]
  |  hash predicates: default.impala_tpcds_store_sales_2.ss_hdemo_sk = default.impala_tpcds_household_demographics_2.hd_demo_sk
  |  fk/pk conjuncts: assumed fk/pk
  |  mem-estimate=1.94MB mem-reservation=1.94MB spill-buffer=64.00KB thread-reservation=0
  |  tuple-ids=24,25 row-size=24B cardinality=0
  |  in pipelines: 26(GETNEXT), 27(OPEN)
  |
  |--88:EXCHANGE [BROADCAST]
  |     mem-estimate=16.00KB mem-reservation=0B thread-reservation=0
  |     tuple-ids=25 row-size=12B cardinality=0
  |     in pipelines: 27(GETNEXT)
  |
  26:SCAN HDFS [default.impala_tpcds_store_sales, RANDOM]
     partitions=0/0 files=0 size=0B
     predicates: default.impala_tpcds_store_sales_2.ss_hdemo_sk IS NOT NULL, default.impala_tpcds_store_sales_2.ss_sold_time_sk IS NOT NULL, default.impala_tpcds_store_sales_2.ss_store_sk IS NOT NULL
     stored statistics:
       table: rows=unavailable size=unavailable
       partitions: 0/0 rows=unavailable
       columns: unavailable
     extrapolated-rows=disabled max-scan-range-rows=0
     mem-estimate=0B mem-reservation=0B thread-reservation=0
     tuple-ids=24 row-size=12B cardinality=0
     in pipelines: 26(GETNEXT)

F16:PLAN FRAGMENT [RANDOM] hosts=1 instances=1
Per-Host Resources: mem-estimate=0B mem-reservation=0B thread-reservation=1
  DATASTREAM SINK [FRAGMENT=F15, EXCHANGE=88, BROADCAST]
  |  mem-estimate=0B mem-reservation=0B thread-reservation=0
  27:SCAN HDFS [default.impala_tpcds_household_demographics, RANDOM]
     HDFS partitions=1/1 files=0 size=0B
     predicates: default.impala_tpcds_household_demographics_2.hd_demo_sk IS NOT NULL, default.impala_tpcds_household_demographics_2.hd_dep_count IN (CAST(2 AS INT), CAST(4 AS INT), CAST(3 AS INT)), default.impala_tpcds_household_demographics_2.hd_vehicle_count <= casttoint(add(CAST(2 AS SMALLINT), CAST(2 AS SMALLINT))) OR default.impala_tpcds_household_demographics_2.hd_vehicle_count <= casttoint(add(CAST(4 AS SMALLINT), CAST(2 AS SMALLINT))) OR default.impala_tpcds_household_demographics_2.hd_vehicle_count <= casttoint(add(CAST(3 AS SMALLINT), CAST(2 AS SMALLINT))), default.impala_tpcds_household_demographics_2.hd_dep_count = CAST(2 AS INT) AND default.impala_tpcds_household_demographics_2.hd_vehicle_count <= casttoint(add(CAST(2 AS SMALLINT), CAST(2 AS SMALLINT))) OR default.impala_tpcds_household_demographics_2.hd_dep_count = CAST(4 AS INT) AND default.impala_tpcds_household_demographics_2.hd_vehicle_count <= casttoint(add(CAST(4 AS SMALLINT), CAST(2 AS SMALLINT))) OR default.impala_tpcds_household_demographics_2.hd_dep_count = CAST(3 AS INT) AND default.impala_tpcds_household_demographics_2.hd_vehicle_count <= casttoint(add(CAST(3 AS SMALLINT), CAST(2 AS SMALLINT)))
     stored statistics:
       table: rows=unavailable size=unavailable
       columns: unavailable
     extrapolated-rows=disabled max-scan-range-rows=0
     parquet statistics predicates: default.impala_tpcds_household_demographics_2.hd_dep_count IN (CAST(2 AS INT), CAST(4 AS INT), CAST(3 AS INT))
     mem-estimate=0B mem-reservation=0B thread-reservation=0
     tuple-ids=25 row-size=12B cardinality=0
     in pipelines: 27(GETNEXT)

F17:PLAN FRAGMENT [RANDOM] hosts=1 instances=1
Per-Host Resources: mem-estimate=0B mem-reservation=0B thread-reservation=1
  DATASTREAM SINK [FRAGMENT=F15, EXCHANGE=89, BROADCAST]
  |  mem-estimate=0B mem-reservation=0B thread-reservation=0
  29:SCAN HDFS [default.impala_tpcds_time_dim, RANDOM]
     HDFS partitions=1/1 files=0 size=0B
     predicates: default.impala_tpcds_time_dim_2.t_time_sk IS NOT NULL, default.impala_tpcds_time_dim_2.t_hour = CAST(11 AS INT), default.impala_tpcds_time_dim_2.t_minute < CAST(30 AS INT)
     stored statistics:
       table: rows=unavailable size=unavailable
       columns: unavailable
     extrapolated-rows=disabled max-scan-range-rows=0
     parquet statistics predicates: default.impala_tpcds_time_dim_2.t_hour = CAST(11 AS INT), default.impala_tpcds_time_dim_2.t_minute < CAST(30 AS INT)
     mem-estimate=0B mem-reservation=0B thread-reservation=0
     tuple-ids=27 row-size=12B cardinality=0
     in pipelines: 29(GETNEXT)

F18:PLAN FRAGMENT [RANDOM] hosts=1 instances=1
Per-Host Resources: mem-estimate=0B mem-reservation=0B thread-reservation=1
  DATASTREAM SINK [FRAGMENT=F15, EXCHANGE=90, BROADCAST]
  |  mem-estimate=0B mem-reservation=0B thread-reservation=0
  31:SCAN HDFS [default.impala_tpcds_store, RANDOM]
     HDFS partitions=1/1 files=0 size=0B
     predicates: default.impala_tpcds_store_2.s_store_sk IS NOT NULL, default.impala_tpcds_store_2.s_store_name = 'ese'
     stored statistics:
       table: rows=unavailable size=unavailable
       columns: unavailable
     extrapolated-rows=disabled max-scan-range-rows=0
     parquet statistics predicates: default.impala_tpcds_store_2.s_store_name = 'ese'
     mem-estimate=0B mem-reservation=0B thread-reservation=0
     tuple-ids=29 row-size=16B cardinality=0
     in pipelines: 31(GETNEXT)

F24:PLAN FRAGMENT [UNPARTITIONED] hosts=1 instances=1
Per-Host Resources: mem-estimate=10.02MB mem-reservation=0B thread-reservation=1
  DATASTREAM SINK [FRAGMENT=F04, EXCHANGE=99, UNPARTITIONED]
  |  mem-estimate=0B mem-reservation=0B thread-reservation=0
  98:AGGREGATE [FINALIZE]
  |  output: _impala_builtins.count:merge(*)
  |  mem-estimate=10.00MB mem-reservation=0B spill-buffer=2.00MB thread-reservation=0
  |  tuple-ids=39 row-size=8B cardinality=1
  |  in pipelines: 98(GETNEXT), 42(OPEN)
  |
  97:EXCHANGE [UNPARTITIONED]
     mem-estimate=16.00KB mem-reservation=0B thread-reservation=0
     tuple-ids=39 row-size=8B cardinality=1
     in pipelines: 42(GETNEXT)

F20:PLAN FRAGMENT [RANDOM] hosts=1 instances=1
Per-Host Resources: mem-estimate=15.81MB mem-reservation=5.81MB thread-reservation=1
  DATASTREAM SINK [FRAGMENT=F24, EXCHANGE=97, UNPARTITIONED]
  |  mem-estimate=0B mem-reservation=0B thread-reservation=0
  42:AGGREGATE
  |  output: count(*)
  |  mem-estimate=10.00MB mem-reservation=0B spill-buffer=2.00MB thread-reservation=0
  |  tuple-ids=39 row-size=8B cardinality=1
  |  in pipelines: 42(GETNEXT), 35(OPEN)
  |
  41:HASH JOIN [INNER JOIN, BROADCAST]
  |  hash predicates: default.impala_tpcds_store_sales_3.ss_store_sk = default.impala_tpcds_store_3.s_store_sk
  |  fk/pk conjuncts: assumed fk/pk
  |  mem-estimate=1.94MB mem-reservation=1.94MB spill-buffer=64.00KB thread-reservation=0
  |  tuple-ids=32,33,35,37 row-size=52B cardinality=0
  |  in pipelines: 35(GETNEXT), 40(OPEN)
  |
  |--96:EXCHANGE [BROADCAST]
  |     mem-estimate=20.00KB mem-reservation=0B thread-reservation=0
  |     tuple-ids=37 row-size=16B cardinality=0
  |     in pipelines: 40(GETNEXT)
  |
  39:HASH JOIN [INNER JOIN, BROADCAST]
  |  hash predicates: default.impala_tpcds_store_sales_3.ss_sold_time_sk = default.impala_tpcds_time_dim_3.t_time_sk
  |  fk/pk conjuncts: assumed fk/pk
  |  mem-estimate=1.94MB mem-reservation=1.94MB spill-buffer=64.00KB thread-reservation=0
  |  tuple-ids=32,33,35 row-size=36B cardinality=0
  |  in pipelines: 35(GETNEXT), 38(OPEN)
  |
  |--95:EXCHANGE [BROADCAST]
  |     mem-estimate=16.00KB mem-reservation=0B thread-reservation=0
  |     tuple-ids=35 row-size=12B cardinality=0
  |     in pipelines: 38(GETNEXT)
  |
  37:HASH JOIN [INNER JOIN, BROADCAST]
  |  hash predicates: default.impala_tpcds_store_sales_3.ss_hdemo_sk = default.impala_tpcds_household_demographics_3.hd_demo_sk
  |  fk/pk conjuncts: assumed fk/pk
  |  mem-estimate=1.94MB mem-reservation=1.94MB spill-buffer=64.00KB thread-reservation=0
  |  tuple-ids=32,33 row-size=24B cardinality=0
  |  in pipelines: 35(GETNEXT), 36(OPEN)
  |
  |--94:EXCHANGE [BROADCAST]
  |     mem-estimate=16.00KB mem-reservation=0B thread-reservation=0
  |     tuple-ids=33 row-size=12B cardinality=0
  |     in pipelines: 36(GETNEXT)
  |
  35:SCAN HDFS [default.impala_tpcds_store_sales, RANDOM]
     partitions=0/0 files=0 size=0B
     predicates: default.impala_tpcds_store_sales_3.ss_hdemo_sk IS NOT NULL, default.impala_tpcds_store_sales_3.ss_sold_time_sk IS NOT NULL, default.impala_tpcds_store_sales_3.ss_store_sk IS NOT NULL
     stored statistics:
       table: rows=unavailable size=unavailable
       partitions: 0/0 rows=unavailable
       columns: unavailable
     extrapolated-rows=disabled max-scan-range-rows=0
     mem-estimate=0B mem-reservation=0B thread-reservation=0
     tuple-ids=32 row-size=12B cardinality=0
     in pipelines: 35(GETNEXT)

F21:PLAN FRAGMENT [RANDOM] hosts=1 instances=1
Per-Host Resources: mem-estimate=0B mem-reservation=0B thread-reservation=1
  DATASTREAM SINK [FRAGMENT=F20, EXCHANGE=94, BROADCAST]
  |  mem-estimate=0B mem-reservation=0B thread-reservation=0
  36:SCAN HDFS [default.impala_tpcds_household_demographics, RANDOM]
     HDFS partitions=1/1 files=0 size=0B
     predicates: default.impala_tpcds_household_demographics_3.hd_demo_sk IS NOT NULL, default.impala_tpcds_household_demographics_3.hd_dep_count IN (CAST(2 AS INT), CAST(4 AS INT), CAST(3 AS INT)), default.impala_tpcds_household_demographics_3.hd_vehicle_count <= casttoint(add(CAST(2 AS SMALLINT), CAST(2 AS SMALLINT))) OR default.impala_tpcds_household_demographics_3.hd_vehicle_count <= casttoint(add(CAST(4 AS SMALLINT), CAST(2 AS SMALLINT))) OR default.impala_tpcds_household_demographics_3.hd_vehicle_count <= casttoint(add(CAST(3 AS SMALLINT), CAST(2 AS SMALLINT))), default.impala_tpcds_household_demographics_3.hd_dep_count = CAST(2 AS INT) AND default.impala_tpcds_household_demographics_3.hd_vehicle_count <= casttoint(add(CAST(2 AS SMALLINT), CAST(2 AS SMALLINT))) OR default.impala_tpcds_household_demographics_3.hd_dep_count = CAST(4 AS INT) AND default.impala_tpcds_household_demographics_3.hd_vehicle_count <= casttoint(add(CAST(4 AS SMALLINT), CAST(2 AS SMALLINT))) OR default.impala_tpcds_household_demographics_3.hd_dep_count = CAST(3 AS INT) AND default.impala_tpcds_household_demographics_3.hd_vehicle_count <= casttoint(add(CAST(3 AS SMALLINT), CAST(2 AS SMALLINT)))
     stored statistics:
       table: rows=unavailable size=unavailable
       columns: unavailable
     extrapolated-rows=disabled max-scan-range-rows=0
     parquet statistics predicates: default.impala_tpcds_household_demographics_3.hd_dep_count IN (CAST(2 AS INT), CAST(4 AS INT), CAST(3 AS INT))
     mem-estimate=0B mem-reservation=0B thread-reservation=0
     tuple-ids=33 row-size=12B cardinality=0
     in pipelines: 36(GETNEXT)

F22:PLAN FRAGMENT [RANDOM] hosts=1 instances=1
Per-Host Resources: mem-estimate=0B mem-reservation=0B thread-reservation=1
  DATASTREAM SINK [FRAGMENT=F20, EXCHANGE=95, BROADCAST]
  |  mem-estimate=0B mem-reservation=0B thread-reservation=0
  38:SCAN HDFS [default.impala_tpcds_time_dim, RANDOM]
     HDFS partitions=1/1 files=0 size=0B
     predicates: default.impala_tpcds_time_dim_3.t_time_sk IS NOT NULL, default.impala_tpcds_time_dim_3.t_hour = CAST(10 AS INT), default.impala_tpcds_time_dim_3.t_minute >= CAST(30 AS INT)
     stored statistics:
       table: rows=unavailable size=unavailable
       columns: unavailable
     extrapolated-rows=disabled max-scan-range-rows=0
     parquet statistics predicates: default.impala_tpcds_time_dim_3.t_hour = CAST(10 AS INT), default.impala_tpcds_time_dim_3.t_minute >= CAST(30 AS INT)
     mem-estimate=0B mem-reservation=0B thread-reservation=0
     tuple-ids=35 row-size=12B cardinality=0
     in pipelines: 38(GETNEXT)

F23:PLAN FRAGMENT [RANDOM] hosts=1 instances=1
Per-Host Resources: mem-estimate=0B mem-reservation=0B thread-reservation=1
  DATASTREAM SINK [FRAGMENT=F20, EXCHANGE=96, BROADCAST]
  |  mem-estimate=0B mem-reservation=0B thread-reservation=0
  40:SCAN HDFS [default.impala_tpcds_store, RANDOM]
     HDFS partitions=1/1 files=0 size=0B
     predicates: default.impala_tpcds_store_3.s_store_sk IS NOT NULL, default.impala_tpcds_store_3.s_store_name = 'ese'
     stored statistics:
       table: rows=unavailable size=unavailable
       columns: unavailable
     extrapolated-rows=disabled max-scan-range-rows=0
     parquet statistics predicates: default.impala_tpcds_store_3.s_store_name = 'ese'
     mem-estimate=0B mem-reservation=0B thread-reservation=0
     tuple-ids=37 row-size=16B cardinality=0
     in pipelines: 40(GETNEXT)

F29:PLAN FRAGMENT [UNPARTITIONED] hosts=1 instances=1
Per-Host Resources: mem-estimate=10.02MB mem-reservation=0B thread-reservation=1
  DATASTREAM SINK [FRAGMENT=F04, EXCHANGE=105, UNPARTITIONED]
  |  mem-estimate=0B mem-reservation=0B thread-reservation=0
  104:AGGREGATE [FINALIZE]
  |  output: _impala_builtins.count:merge(*)
  |  mem-estimate=10.00MB mem-reservation=0B spill-buffer=2.00MB thread-reservation=0
  |  tuple-ids=47 row-size=8B cardinality=1
  |  in pipelines: 104(GETNEXT), 51(OPEN)
  |
  103:EXCHANGE [UNPARTITIONED]
     mem-estimate=16.00KB mem-reservation=0B thread-reservation=0
     tuple-ids=47 row-size=8B cardinality=1
     in pipelines: 51(GETNEXT)

F25:PLAN FRAGMENT [RANDOM] hosts=1 instances=1
Per-Host Resources: mem-estimate=15.81MB mem-reservation=5.81MB thread-reservation=1
  DATASTREAM SINK [FRAGMENT=F29, EXCHANGE=103, UNPARTITIONED]
  |  mem-estimate=0B mem-reservation=0B thread-reservation=0
  51:AGGREGATE
  |  output: count(*)
  |  mem-estimate=10.00MB mem-reservation=0B spill-buffer=2.00MB thread-reservation=0
  |  tuple-ids=47 row-size=8B cardinality=1
  |  in pipelines: 51(GETNEXT), 44(OPEN)
  |
  50:HASH JOIN [INNER JOIN, BROADCAST]
  |  hash predicates: default.impala_tpcds_store_sales_4.ss_store_sk = default.impala_tpcds_store_4.s_store_sk
  |  fk/pk conjuncts: assumed fk/pk
  |  mem-estimate=1.94MB mem-reservation=1.94MB spill-buffer=64.00KB thread-reservation=0
  |  tuple-ids=40,41,43,45 row-size=52B cardinality=0
  |  in pipelines: 44(GETNEXT), 49(OPEN)
  |
  |--102:EXCHANGE [BROADCAST]
  |     mem-estimate=20.00KB mem-reservation=0B thread-reservation=0
  |     tuple-ids=45 row-size=16B cardinality=0
  |     in pipelines: 49(GETNEXT)
  |
  48:HASH JOIN [INNER JOIN, BROADCAST]
  |  hash predicates: default.impala_tpcds_store_sales_4.ss_sold_time_sk = default.impala_tpcds_time_dim_4.t_time_sk
  |  fk/pk conjuncts: assumed fk/pk
  |  mem-estimate=1.94MB mem-reservation=1.94MB spill-buffer=64.00KB thread-reservation=0
  |  tuple-ids=40,41,43 row-size=36B cardinality=0
  |  in pipelines: 44(GETNEXT), 47(OPEN)
  |
  |--101:EXCHANGE [BROADCAST]
  |     mem-estimate=16.00KB mem-reservation=0B thread-reservation=0
  |     tuple-ids=43 row-size=12B cardinality=0
  |     in pipelines: 47(GETNEXT)
  |
  46:HASH JOIN [INNER JOIN, BROADCAST]
  |  hash predicates: default.impala_tpcds_store_sales_4.ss_hdemo_sk = default.impala_tpcds_household_demographics_4.hd_demo_sk
  |  fk/pk conjuncts: assumed fk/pk
  |  mem-estimate=1.94MB mem-reservation=1.94MB spill-buffer=64.00KB thread-reservation=0
  |  tuple-ids=40,41 row-size=24B cardinality=0
  |  in pipelines: 44(GETNEXT), 45(OPEN)
  |
  |--100:EXCHANGE [BROADCAST]
  |     mem-estimate=16.00KB mem-reservation=0B thread-reservation=0
  |     tuple-ids=41 row-size=12B cardinality=0
  |     in pipelines: 45(GETNEXT)
  |
  44:SCAN HDFS [default.impala_tpcds_store_sales, RANDOM]
     partitions=0/0 files=0 size=0B
     predicates: default.impala_tpcds_store_sales_4.ss_hdemo_sk IS NOT NULL, default.impala_tpcds_store_sales_4.ss_sold_time_sk IS NOT NULL, default.impala_tpcds_store_sales_4.ss_store_sk IS NOT NULL
     stored statistics:
       table: rows=unavailable size=unavailable
       partitions: 0/0 rows=unavailable
       columns: unavailable
     extrapolated-rows=disabled max-scan-range-rows=0
     mem-estimate=0B mem-reservation=0B thread-reservation=0
     tuple-ids=40 row-size=12B cardinality=0
     in pipelines: 44(GETNEXT)

F26:PLAN FRAGMENT [RANDOM] hosts=1 instances=1
Per-Host Resources: mem-estimate=0B mem-reservation=0B thread-reservation=1
  DATASTREAM SINK [FRAGMENT=F25, EXCHANGE=100, BROADCAST]
  |  mem-estimate=0B mem-reservation=0B thread-reservation=0
  45:SCAN HDFS [default.impala_tpcds_household_demographics, RANDOM]
     HDFS partitions=1/1 files=0 size=0B
     predicates: default.impala_tpcds_household_demographics_4.hd_demo_sk IS NOT NULL, default.impala_tpcds_household_demographics_4.hd_dep_count IN (CAST(2 AS INT), CAST(4 AS INT), CAST(3 AS INT)), default.impala_tpcds_household_demographics_4.hd_vehicle_count <= casttoint(add(CAST(2 AS SMALLINT), CAST(2 AS SMALLINT))) OR default.impala_tpcds_household_demographics_4.hd_vehicle_count <= casttoint(add(CAST(4 AS SMALLINT), CAST(2 AS SMALLINT))) OR default.impala_tpcds_household_demographics_4.hd_vehicle_count <= casttoint(add(CAST(3 AS SMALLINT), CAST(2 AS SMALLINT))), default.impala_tpcds_household_demographics_4.hd_dep_count = CAST(2 AS INT) AND default.impala_tpcds_household_demographics_4.hd_vehicle_count <= casttoint(add(CAST(2 AS SMALLINT), CAST(2 AS SMALLINT))) OR default.impala_tpcds_household_demographics_4.hd_dep_count = CAST(4 AS INT) AND default.impala_tpcds_household_demographics_4.hd_vehicle_count <= casttoint(add(CAST(4 AS SMALLINT), CAST(2 AS SMALLINT))) OR default.impala_tpcds_household_demographics_4.hd_dep_count = CAST(3 AS INT) AND default.impala_tpcds_household_demographics_4.hd_vehicle_count <= casttoint(add(CAST(3 AS SMALLINT), CAST(2 AS SMALLINT)))
     stored statistics:
       table: rows=unavailable size=unavailable
       columns: unavailable
     extrapolated-rows=disabled max-scan-range-rows=0
     parquet statistics predicates: default.impala_tpcds_household_demographics_4.hd_dep_count IN (CAST(2 AS INT), CAST(4 AS INT), CAST(3 AS INT))
     mem-estimate=0B mem-reservation=0B thread-reservation=0
     tuple-ids=41 row-size=12B cardinality=0
     in pipelines: 45(GETNEXT)

F27:PLAN FRAGMENT [RANDOM] hosts=1 instances=1
Per-Host Resources: mem-estimate=0B mem-reservation=0B thread-reservation=1
  DATASTREAM SINK [FRAGMENT=F25, EXCHANGE=101, BROADCAST]
  |  mem-estimate=0B mem-reservation=0B thread-reservation=0
  47:SCAN HDFS [default.impala_tpcds_time_dim, RANDOM]
     HDFS partitions=1/1 files=0 size=0B
     predicates: default.impala_tpcds_time_dim_4.t_time_sk IS NOT NULL, default.impala_tpcds_time_dim_4.t_hour = CAST(10 AS INT), default.impala_tpcds_time_dim_4.t_minute < CAST(30 AS INT)
     stored statistics:
       table: rows=unavailable size=unavailable
       columns: unavailable
     extrapolated-rows=disabled max-scan-range-rows=0
     parquet statistics predicates: default.impala_tpcds_time_dim_4.t_hour = CAST(10 AS INT), default.impala_tpcds_time_dim_4.t_minute < CAST(30 AS INT)
     mem-estimate=0B mem-reservation=0B thread-reservation=0
     tuple-ids=43 row-size=12B cardinality=0
     in pipelines: 47(GETNEXT)

F28:PLAN FRAGMENT [RANDOM] hosts=1 instances=1
Per-Host Resources: mem-estimate=0B mem-reservation=0B thread-reservation=1
  DATASTREAM SINK [FRAGMENT=F25, EXCHANGE=102, BROADCAST]
  |  mem-estimate=0B mem-reservation=0B thread-reservation=0
  49:SCAN HDFS [default.impala_tpcds_store, RANDOM]
     HDFS partitions=1/1 files=0 size=0B
     predicates: default.impala_tpcds_store_4.s_store_sk IS NOT NULL, default.impala_tpcds_store_4.s_store_name = 'ese'
     stored statistics:
       table: rows=unavailable size=unavailable
       columns: unavailable
     extrapolated-rows=disabled max-scan-range-rows=0
     parquet statistics predicates: default.impala_tpcds_store_4.s_store_name = 'ese'
     mem-estimate=0B mem-reservation=0B thread-reservation=0
     tuple-ids=45 row-size=16B cardinality=0
     in pipelines: 49(GETNEXT)

F34:PLAN FRAGMENT [UNPARTITIONED] hosts=1 instances=1
Per-Host Resources: mem-estimate=10.02MB mem-reservation=0B thread-reservation=1
  DATASTREAM SINK [FRAGMENT=F04, EXCHANGE=111, UNPARTITIONED]
  |  mem-estimate=0B mem-reservation=0B thread-reservation=0
  110:AGGREGATE [FINALIZE]
  |  output: _impala_builtins.count:merge(*)
  |  mem-estimate=10.00MB mem-reservation=0B spill-buffer=2.00MB thread-reservation=0
  |  tuple-ids=55 row-size=8B cardinality=1
  |  in pipelines: 110(GETNEXT), 60(OPEN)
  |
  109:EXCHANGE [UNPARTITIONED]
     mem-estimate=16.00KB mem-reservation=0B thread-reservation=0
     tuple-ids=55 row-size=8B cardinality=1
     in pipelines: 60(GETNEXT)

F30:PLAN FRAGMENT [RANDOM] hosts=1 instances=1
Per-Host Resources: mem-estimate=15.81MB mem-reservation=5.81MB thread-reservation=1
  DATASTREAM SINK [FRAGMENT=F34, EXCHANGE=109, UNPARTITIONED]
  |  mem-estimate=0B mem-reservation=0B thread-reservation=0
  60:AGGREGATE
  |  output: count(*)
  |  mem-estimate=10.00MB mem-reservation=0B spill-buffer=2.00MB thread-reservation=0
  |  tuple-ids=55 row-size=8B cardinality=1
  |  in pipelines: 60(GETNEXT), 53(OPEN)
  |
  59:HASH JOIN [INNER JOIN, BROADCAST]
  |  hash predicates: default.impala_tpcds_store_sales_5.ss_store_sk = default.impala_tpcds_store_5.s_store_sk
  |  fk/pk conjuncts: assumed fk/pk
  |  mem-estimate=1.94MB mem-reservation=1.94MB spill-buffer=64.00KB thread-reservation=0
  |  tuple-ids=48,49,51,53 row-size=52B cardinality=0
  |  in pipelines: 53(GETNEXT), 58(OPEN)
  |
  |--108:EXCHANGE [BROADCAST]
  |     mem-estimate=20.00KB mem-reservation=0B thread-reservation=0
  |     tuple-ids=53 row-size=16B cardinality=0
  |     in pipelines: 58(GETNEXT)
  |
  57:HASH JOIN [INNER JOIN, BROADCAST]
  |  hash predicates: default.impala_tpcds_store_sales_5.ss_sold_time_sk = default.impala_tpcds_time_dim_5.t_time_sk
  |  fk/pk conjuncts: assumed fk/pk
  |  mem-estimate=1.94MB mem-reservation=1.94MB spill-buffer=64.00KB thread-reservation=0
  |  tuple-ids=48,49,51 row-size=36B cardinality=0
  |  in pipelines: 53(GETNEXT), 56(OPEN)
  |
  |--107:EXCHANGE [BROADCAST]
  |     mem-estimate=16.00KB mem-reservation=0B thread-reservation=0
  |     tuple-ids=51 row-size=12B cardinality=0
  |     in pipelines: 56(GETNEXT)
  |
  55:HASH JOIN [INNER JOIN, BROADCAST]
  |  hash predicates: default.impala_tpcds_store_sales_5.ss_hdemo_sk = default.impala_tpcds_household_demographics_5.hd_demo_sk
  |  fk/pk conjuncts: assumed fk/pk
  |  mem-estimate=1.94MB mem-reservation=1.94MB spill-buffer=64.00KB thread-reservation=0
  |  tuple-ids=48,49 row-size=24B cardinality=0
  |  in pipelines: 53(GETNEXT), 54(OPEN)
  |
  |--106:EXCHANGE [BROADCAST]
  |     mem-estimate=16.00KB mem-reservation=0B thread-reservation=0
  |     tuple-ids=49 row-size=12B cardinality=0
  |     in pipelines: 54(GETNEXT)
  |
  53:SCAN HDFS [default.impala_tpcds_store_sales, RANDOM]
     partitions=0/0 files=0 size=0B
     predicates: default.impala_tpcds_store_sales_5.ss_hdemo_sk IS NOT NULL, default.impala_tpcds_store_sales_5.ss_sold_time_sk IS NOT NULL, default.impala_tpcds_store_sales_5.ss_store_sk IS NOT NULL
     stored statistics:
       table: rows=unavailable size=unavailable
       partitions: 0/0 rows=unavailable
       columns: unavailable
     extrapolated-rows=disabled max-scan-range-rows=0
     mem-estimate=0B mem-reservation=0B thread-reservation=0
     tuple-ids=48 row-size=12B cardinality=0
     in pipelines: 53(GETNEXT)

F31:PLAN FRAGMENT [RANDOM] hosts=1 instances=1
Per-Host Resources: mem-estimate=0B mem-reservation=0B thread-reservation=1
  DATASTREAM SINK [FRAGMENT=F30, EXCHANGE=106, BROADCAST]
  |  mem-estimate=0B mem-reservation=0B thread-reservation=0
  54:SCAN HDFS [default.impala_tpcds_household_demographics, RANDOM]
     HDFS partitions=1/1 files=0 size=0B
     predicates: default.impala_tpcds_household_demographics_5.hd_demo_sk IS NOT NULL, default.impala_tpcds_household_demographics_5.hd_dep_count IN (CAST(2 AS INT), CAST(4 AS INT), CAST(3 AS INT)), default.impala_tpcds_household_demographics_5.hd_vehicle_count <= casttoint(add(CAST(2 AS SMALLINT), CAST(2 AS SMALLINT))) OR default.impala_tpcds_household_demographics_5.hd_vehicle_count <= casttoint(add(CAST(4 AS SMALLINT), CAST(2 AS SMALLINT))) OR default.impala_tpcds_household_demographics_5.hd_vehicle_count <= casttoint(add(CAST(3 AS SMALLINT), CAST(2 AS SMALLINT))), default.impala_tpcds_household_demographics_5.hd_dep_count = CAST(2 AS INT) AND default.impala_tpcds_household_demographics_5.hd_vehicle_count <= casttoint(add(CAST(2 AS SMALLINT), CAST(2 AS SMALLINT))) OR default.impala_tpcds_household_demographics_5.hd_dep_count = CAST(4 AS INT) AND default.impala_tpcds_household_demographics_5.hd_vehicle_count <= casttoint(add(CAST(4 AS SMALLINT), CAST(2 AS SMALLINT))) OR default.impala_tpcds_household_demographics_5.hd_dep_count = CAST(3 AS INT) AND default.impala_tpcds_household_demographics_5.hd_vehicle_count <= casttoint(add(CAST(3 AS SMALLINT), CAST(2 AS SMALLINT)))
     stored statistics:
       table: rows=unavailable size=unavailable
       columns: unavailable
     extrapolated-rows=disabled max-scan-range-rows=0
     parquet statistics predicates: default.impala_tpcds_household_demographics_5.hd_dep_count IN (CAST(2 AS INT), CAST(4 AS INT), CAST(3 AS INT))
     mem-estimate=0B mem-reservation=0B thread-reservation=0
     tuple-ids=49 row-size=12B cardinality=0
     in pipelines: 54(GETNEXT)

F32:PLAN FRAGMENT [RANDOM] hosts=1 instances=1
Per-Host Resources: mem-estimate=0B mem-reservation=0B thread-reservation=1
  DATASTREAM SINK [FRAGMENT=F30, EXCHANGE=107, BROADCAST]
  |  mem-estimate=0B mem-reservation=0B thread-reservation=0
  56:SCAN HDFS [default.impala_tpcds_time_dim, RANDOM]
     HDFS partitions=1/1 files=0 size=0B
     predicates: default.impala_tpcds_time_dim_5.t_time_sk IS NOT NULL, default.impala_tpcds_time_dim_5.t_hour = CAST(9 AS INT), default.impala_tpcds_time_dim_5.t_minute >= CAST(30 AS INT)
     stored statistics:
       table: rows=unavailable size=unavailable
       columns: unavailable
     extrapolated-rows=disabled max-scan-range-rows=0
     parquet statistics predicates: default.impala_tpcds_time_dim_5.t_hour = CAST(9 AS INT), default.impala_tpcds_time_dim_5.t_minute >= CAST(30 AS INT)
     mem-estimate=0B mem-reservation=0B thread-reservation=0
     tuple-ids=51 row-size=12B cardinality=0
     in pipelines: 56(GETNEXT)

F33:PLAN FRAGMENT [RANDOM] hosts=1 instances=1
Per-Host Resources: mem-estimate=0B mem-reservation=0B thread-reservation=1
  DATASTREAM SINK [FRAGMENT=F30, EXCHANGE=108, BROADCAST]
  |  mem-estimate=0B mem-reservation=0B thread-reservation=0
  58:SCAN HDFS [default.impala_tpcds_store, RANDOM]
     HDFS partitions=1/1 files=0 size=0B
     predicates: default.impala_tpcds_store_5.s_store_sk IS NOT NULL, default.impala_tpcds_store_5.s_store_name = 'ese'
     stored statistics:
       table: rows=unavailable size=unavailable
       columns: unavailable
     extrapolated-rows=disabled max-scan-range-rows=0
     parquet statistics predicates: default.impala_tpcds_store_5.s_store_name = 'ese'
     mem-estimate=0B mem-reservation=0B thread-reservation=0
     tuple-ids=53 row-size=16B cardinality=0
     in pipelines: 58(GETNEXT)

F39:PLAN FRAGMENT [UNPARTITIONED] hosts=1 instances=1
Per-Host Resources: mem-estimate=10.02MB mem-reservation=0B thread-reservation=1
  DATASTREAM SINK [FRAGMENT=F04, EXCHANGE=117, UNPARTITIONED]
  |  mem-estimate=0B mem-reservation=0B thread-reservation=0
  116:AGGREGATE [FINALIZE]
  |  output: _impala_builtins.count:merge(*)
  |  mem-estimate=10.00MB mem-reservation=0B spill-buffer=2.00MB thread-reservation=0
  |  tuple-ids=63 row-size=8B cardinality=1
  |  in pipelines: 116(GETNEXT), 69(OPEN)
  |
  115:EXCHANGE [UNPARTITIONED]
     mem-estimate=16.00KB mem-reservation=0B thread-reservation=0
     tuple-ids=63 row-size=8B cardinality=1
     in pipelines: 69(GETNEXT)

F35:PLAN FRAGMENT [RANDOM] hosts=1 instances=1
Per-Host Resources: mem-estimate=15.81MB mem-reservation=5.81MB thread-reservation=1
  DATASTREAM SINK [FRAGMENT=F39, EXCHANGE=115, UNPARTITIONED]
  |  mem-estimate=0B mem-reservation=0B thread-reservation=0
  69:AGGREGATE
  |  output: count(*)
  |  mem-estimate=10.00MB mem-reservation=0B spill-buffer=2.00MB thread-reservation=0
  |  tuple-ids=63 row-size=8B cardinality=1
  |  in pipelines: 69(GETNEXT), 62(OPEN)
  |
  68:HASH JOIN [INNER JOIN, BROADCAST]
  |  hash predicates: default.impala_tpcds_store_sales_6.ss_store_sk = default.impala_tpcds_store_6.s_store_sk
  |  fk/pk conjuncts: assumed fk/pk
  |  mem-estimate=1.94MB mem-reservation=1.94MB spill-buffer=64.00KB thread-reservation=0
  |  tuple-ids=56,57,59,61 row-size=52B cardinality=0
  |  in pipelines: 62(GETNEXT), 67(OPEN)
  |
  |--114:EXCHANGE [BROADCAST]
  |     mem-estimate=20.00KB mem-reservation=0B thread-reservation=0
  |     tuple-ids=61 row-size=16B cardinality=0
  |     in pipelines: 67(GETNEXT)
  |
  66:HASH JOIN [INNER JOIN, BROADCAST]
  |  hash predicates: default.impala_tpcds_store_sales_6.ss_sold_time_sk = default.impala_tpcds_time_dim_6.t_time_sk
  |  fk/pk conjuncts: assumed fk/pk
  |  mem-estimate=1.94MB mem-reservation=1.94MB spill-buffer=64.00KB thread-reservation=0
  |  tuple-ids=56,57,59 row-size=36B cardinality=0
  |  in pipelines: 62(GETNEXT), 65(OPEN)
  |
  |--113:EXCHANGE [BROADCAST]
  |     mem-estimate=16.00KB mem-reservation=0B thread-reservation=0
  |     tuple-ids=59 row-size=12B cardinality=0
  |     in pipelines: 65(GETNEXT)
  |
  64:HASH JOIN [INNER JOIN, BROADCAST]
  |  hash predicates: default.impala_tpcds_store_sales_6.ss_hdemo_sk = default.impala_tpcds_household_demographics_6.hd_demo_sk
  |  fk/pk conjuncts: assumed fk/pk
  |  mem-estimate=1.94MB mem-reservation=1.94MB spill-buffer=64.00KB thread-reservation=0
  |  tuple-ids=56,57 row-size=24B cardinality=0
  |  in pipelines: 62(GETNEXT), 63(OPEN)
  |
  |--112:EXCHANGE [BROADCAST]
  |     mem-estimate=16.00KB mem-reservation=0B thread-reservation=0
  |     tuple-ids=57 row-size=12B cardinality=0
  |     in pipelines: 63(GETNEXT)
  |
  62:SCAN HDFS [default.impala_tpcds_store_sales, RANDOM]
     partitions=0/0 files=0 size=0B
     predicates: default.impala_tpcds_store_sales_6.ss_hdemo_sk IS NOT NULL, default.impala_tpcds_store_sales_6.ss_sold_time_sk IS NOT NULL, default.impala_tpcds_store_sales_6.ss_store_sk IS NOT NULL
     stored statistics:
       table: rows=unavailable size=unavailable
       partitions: 0/0 rows=unavailable
       columns: unavailable
     extrapolated-rows=disabled max-scan-range-rows=0
     mem-estimate=0B mem-reservation=0B thread-reservation=0
     tuple-ids=56 row-size=12B cardinality=0
     in pipelines: 62(GETNEXT)

F36:PLAN FRAGMENT [RANDOM] hosts=1 instances=1
Per-Host Resources: mem-estimate=0B mem-reservation=0B thread-reservation=1
  DATASTREAM SINK [FRAGMENT=F35, EXCHANGE=112, BROADCAST]
  |  mem-estimate=0B mem-reservation=0B thread-reservation=0
  63:SCAN HDFS [default.impala_tpcds_household_demographics, RANDOM]
     HDFS partitions=1/1 files=0 size=0B
     predicates: default.impala_tpcds_household_demographics_6.hd_demo_sk IS NOT NULL, default.impala_tpcds_household_demographics_6.hd_dep_count IN (CAST(2 AS INT), CAST(4 AS INT), CAST(3 AS INT)), default.impala_tpcds_household_demographics_6.hd_vehicle_count <= casttoint(add(CAST(2 AS SMALLINT), CAST(2 AS SMALLINT))) OR default.impala_tpcds_household_demographics_6.hd_vehicle_count <= casttoint(add(CAST(4 AS SMALLINT), CAST(2 AS SMALLINT))) OR default.impala_tpcds_household_demographics_6.hd_vehicle_count <= casttoint(add(CAST(3 AS SMALLINT), CAST(2 AS SMALLINT))), default.impala_tpcds_household_demographics_6.hd_dep_count = CAST(2 AS INT) AND default.impala_tpcds_household_demographics_6.hd_vehicle_count <= casttoint(add(CAST(2 AS SMALLINT), CAST(2 AS SMALLINT))) OR default.impala_tpcds_household_demographics_6.hd_dep_count = CAST(4 AS INT) AND default.impala_tpcds_household_demographics_6.hd_vehicle_count <= casttoint(add(CAST(4 AS SMALLINT), CAST(2 AS SMALLINT))) OR default.impala_tpcds_household_demographics_6.hd_dep_count = CAST(3 AS INT) AND default.impala_tpcds_household_demographics_6.hd_vehicle_count <= casttoint(add(CAST(3 AS SMALLINT), CAST(2 AS SMALLINT)))
     stored statistics:
       table: rows=unavailable size=unavailable
       columns: unavailable
     extrapolated-rows=disabled max-scan-range-rows=0
     parquet statistics predicates: default.impala_tpcds_household_demographics_6.hd_dep_count IN (CAST(2 AS INT), CAST(4 AS INT), CAST(3 AS INT))
     mem-estimate=0B mem-reservation=0B thread-reservation=0
     tuple-ids=57 row-size=12B cardinality=0
     in pipelines: 63(GETNEXT)

F37:PLAN FRAGMENT [RANDOM] hosts=1 instances=1
Per-Host Resources: mem-estimate=0B mem-reservation=0B thread-reservation=1
  DATASTREAM SINK [FRAGMENT=F35, EXCHANGE=113, BROADCAST]
  |  mem-estimate=0B mem-reservation=0B thread-reservation=0
  65:SCAN HDFS [default.impala_tpcds_time_dim, RANDOM]
     HDFS partitions=1/1 files=0 size=0B
     predicates: default.impala_tpcds_time_dim_6.t_time_sk IS NOT NULL, default.impala_tpcds_time_dim_6.t_hour = CAST(9 AS INT), default.impala_tpcds_time_dim_6.t_minute < CAST(30 AS INT)
     stored statistics:
       table: rows=unavailable size=unavailable
       columns: unavailable
     extrapolated-rows=disabled max-scan-range-rows=0
     parquet statistics predicates: default.impala_tpcds_time_dim_6.t_hour = CAST(9 AS INT), default.impala_tpcds_time_dim_6.t_minute < CAST(30 AS INT)
     mem-estimate=0B mem-reservation=0B thread-reservation=0
     tuple-ids=59 row-size=12B cardinality=0
     in pipelines: 65(GETNEXT)

F38:PLAN FRAGMENT [RANDOM] hosts=1 instances=1
Per-Host Resources: mem-estimate=0B mem-reservation=0B thread-reservation=1
  DATASTREAM SINK [FRAGMENT=F35, EXCHANGE=114, BROADCAST]
  |  mem-estimate=0B mem-reservation=0B thread-reservation=0
  67:SCAN HDFS [default.impala_tpcds_store, RANDOM]
     HDFS partitions=1/1 files=0 size=0B
     predicates: default.impala_tpcds_store_6.s_store_sk IS NOT NULL, default.impala_tpcds_store_6.s_store_name = 'ese'
     stored statistics:
       table: rows=unavailable size=unavailable
       columns: unavailable
     extrapolated-rows=disabled max-scan-range-rows=0
     parquet statistics predicates: default.impala_tpcds_store_6.s_store_name = 'ese'
     mem-estimate=0B mem-reservation=0B thread-reservation=0
     tuple-ids=61 row-size=16B cardinality=0
     in pipelines: 67(GETNEXT)


  Stage: Stage-0
    Fetch Operator
      limit: -1
      Processor Tree:
        ListSink

