PREHOOK: query: explain cbo with ss_items as
 (select i_item_id item_id
        ,sum(ss_ext_sales_price) ss_item_rev 
 from impala_tpcds_store_sales
     ,impala_tpcds_item
     ,impala_tpcds_date_dim
 where ss_item_sk = i_item_sk
   and d_date in (select d_date
                  from impala_tpcds_date_dim
                  where d_week_seq = (select d_week_seq 
                                      from impala_tpcds_date_dim
                                      where d_date = '1998-02-21'))
   and ss_sold_date_sk   = d_date_sk
 group by i_item_id),
 cs_items as
 (select i_item_id item_id
        ,sum(cs_ext_sales_price) cs_item_rev
  from impala_tpcds_catalog_sales
      ,impala_tpcds_item
      ,impala_tpcds_date_dim
 where cs_item_sk = i_item_sk
  and  d_date in (select d_date
                  from impala_tpcds_date_dim
                  where d_week_seq = (select d_week_seq 
                                      from impala_tpcds_date_dim
                                      where d_date = '1998-02-21'))
  and  cs_sold_date_sk = d_date_sk
 group by i_item_id),
 ws_items as
 (select i_item_id item_id
        ,sum(ws_ext_sales_price) ws_item_rev
  from impala_tpcds_web_sales
      ,impala_tpcds_item
      ,impala_tpcds_date_dim
 where ws_item_sk = i_item_sk
  and  d_date in (select d_date
                  from impala_tpcds_date_dim
                  where d_week_seq =(select d_week_seq 
                                     from impala_tpcds_date_dim
                                     where d_date = '1998-02-21'))
  and ws_sold_date_sk   = d_date_sk
 group by i_item_id)
  select  ss_items.item_id
       ,ss_item_rev
       ,ss_item_rev/((ss_item_rev+cs_item_rev+ws_item_rev)/3) * 100 ss_dev
       ,cs_item_rev
       ,cs_item_rev/((ss_item_rev+cs_item_rev+ws_item_rev)/3) * 100 cs_dev
       ,ws_item_rev
       ,ws_item_rev/((ss_item_rev+cs_item_rev+ws_item_rev)/3) * 100 ws_dev
       ,(ss_item_rev+cs_item_rev+ws_item_rev)/3 average
 from ss_items,cs_items,ws_items
 where ss_items.item_id=cs_items.item_id
   and ss_items.item_id=ws_items.item_id 
   and ss_item_rev between 0.9 * cs_item_rev and 1.1 * cs_item_rev
   and ss_item_rev between 0.9 * ws_item_rev and 1.1 * ws_item_rev
   and cs_item_rev between 0.9 * ss_item_rev and 1.1 * ss_item_rev
   and cs_item_rev between 0.9 * ws_item_rev and 1.1 * ws_item_rev
   and ws_item_rev between 0.9 * ss_item_rev and 1.1 * ss_item_rev
   and ws_item_rev between 0.9 * cs_item_rev and 1.1 * cs_item_rev
 order by item_id
         ,ss_item_rev
 limit 100
PREHOOK: type: QUERY
PREHOOK: Input: default@impala_tpcds_catalog_sales
PREHOOK: Input: default@impala_tpcds_date_dim
PREHOOK: Input: default@impala_tpcds_item
PREHOOK: Input: default@impala_tpcds_store_sales
PREHOOK: Input: default@impala_tpcds_web_sales
PREHOOK: Output: hdfs://### HDFS PATH ###
POSTHOOK: query: explain cbo with ss_items as
 (select i_item_id item_id
        ,sum(ss_ext_sales_price) ss_item_rev 
 from impala_tpcds_store_sales
     ,impala_tpcds_item
     ,impala_tpcds_date_dim
 where ss_item_sk = i_item_sk
   and d_date in (select d_date
                  from impala_tpcds_date_dim
                  where d_week_seq = (select d_week_seq 
                                      from impala_tpcds_date_dim
                                      where d_date = '1998-02-21'))
   and ss_sold_date_sk   = d_date_sk
 group by i_item_id),
 cs_items as
 (select i_item_id item_id
        ,sum(cs_ext_sales_price) cs_item_rev
  from impala_tpcds_catalog_sales
      ,impala_tpcds_item
      ,impala_tpcds_date_dim
 where cs_item_sk = i_item_sk
  and  d_date in (select d_date
                  from impala_tpcds_date_dim
                  where d_week_seq = (select d_week_seq 
                                      from impala_tpcds_date_dim
                                      where d_date = '1998-02-21'))
  and  cs_sold_date_sk = d_date_sk
 group by i_item_id),
 ws_items as
 (select i_item_id item_id
        ,sum(ws_ext_sales_price) ws_item_rev
  from impala_tpcds_web_sales
      ,impala_tpcds_item
      ,impala_tpcds_date_dim
 where ws_item_sk = i_item_sk
  and  d_date in (select d_date
                  from impala_tpcds_date_dim
                  where d_week_seq =(select d_week_seq 
                                     from impala_tpcds_date_dim
                                     where d_date = '1998-02-21'))
  and ws_sold_date_sk   = d_date_sk
 group by i_item_id)
  select  ss_items.item_id
       ,ss_item_rev
       ,ss_item_rev/((ss_item_rev+cs_item_rev+ws_item_rev)/3) * 100 ss_dev
       ,cs_item_rev
       ,cs_item_rev/((ss_item_rev+cs_item_rev+ws_item_rev)/3) * 100 cs_dev
       ,ws_item_rev
       ,ws_item_rev/((ss_item_rev+cs_item_rev+ws_item_rev)/3) * 100 ws_dev
       ,(ss_item_rev+cs_item_rev+ws_item_rev)/3 average
 from ss_items,cs_items,ws_items
 where ss_items.item_id=cs_items.item_id
   and ss_items.item_id=ws_items.item_id 
   and ss_item_rev between 0.9 * cs_item_rev and 1.1 * cs_item_rev
   and ss_item_rev between 0.9 * ws_item_rev and 1.1 * ws_item_rev
   and cs_item_rev between 0.9 * ss_item_rev and 1.1 * ss_item_rev
   and cs_item_rev between 0.9 * ws_item_rev and 1.1 * ws_item_rev
   and ws_item_rev between 0.9 * ss_item_rev and 1.1 * ss_item_rev
   and ws_item_rev between 0.9 * cs_item_rev and 1.1 * cs_item_rev
 order by item_id
         ,ss_item_rev
 limit 100
POSTHOOK: type: QUERY
POSTHOOK: Input: default@impala_tpcds_catalog_sales
POSTHOOK: Input: default@impala_tpcds_date_dim
POSTHOOK: Input: default@impala_tpcds_item
POSTHOOK: Input: default@impala_tpcds_store_sales
POSTHOOK: Input: default@impala_tpcds_web_sales
POSTHOOK: Output: hdfs://### HDFS PATH ###
CBO PLAN:
ImpalaSortRel(sort0=[$0], sort1=[$1], dir0=[ASC], dir1=[ASC], fetch=[100])
  ImpalaProjectRel(item_id=[$0], ss_item_rev=[$5], ss_dev=[*(/($5, /(+(+($5, $1), $9), 3:DECIMAL(3, 0))), 100:DECIMAL(3, 0))], cs_item_rev=[$1], cs_dev=[*(/($1, /(+(+($5, $1), $9), 3:DECIMAL(3, 0))), 100:DECIMAL(3, 0))], ws_item_rev=[$9], ws_dev=[*(/($9, /(+(+($5, $1), $9), 3:DECIMAL(3, 0))), 100:DECIMAL(3, 0))], average=[/(+(+($5, $1), $9), 3:DECIMAL(3, 0))])
    ImpalaJoinRel(condition=[AND(=($0, $8), BETWEEN(false, $5, $10, $11), BETWEEN(false, $1, $10, $11), BETWEEN(false, $9, $6, $7), BETWEEN(false, $9, $2, $3))], joinType=[inner])
      ImpalaJoinRel(condition=[AND(=($4, $0), BETWEEN(false, $5, $2, $3), BETWEEN(false, $1, $6, $7))], joinType=[inner])
        ImpalaProjectPassthroughRel($f0=[$0], $f1=[$1], *=[*(0.9:DECIMAL(1, 1), $1)], *3=[*(1.1:DECIMAL(2, 1), $1)])
          ImpalaAggregateRel(group=[{1}], agg#0=[sum($0)])
            ImpalaJoinRel(condition=[=($2, $3)], joinType=[semi])
              ImpalaProjectPassthroughRel(cs_ext_sales_price=[$2], i_item_id=[$4], d_date=[$6])
                ImpalaJoinRel(condition=[=($0, $5)], joinType=[inner])
                  ImpalaJoinRel(condition=[=($1, $3)], joinType=[inner])
                    ImpalaProjectPassthroughRel(cs_sold_date_sk=[$0], cs_item_sk=[$15], cs_ext_sales_price=[$23])
                      ImpalaHdfsScanRel(table=[[default, impala_tpcds_catalog_sales]], condition=[AND(IS NOT NULL($15), IS NOT NULL($0))])
                    ImpalaProjectPassthroughRel(i_item_sk=[$0], i_item_id=[$1])
                      ImpalaHdfsScanRel(table=[[default, impala_tpcds_item]], condition=[AND(IS NOT NULL($0), IS NOT NULL($1))])
                  ImpalaProjectPassthroughRel(d_date_sk=[$0], d_date=[$2])
                    ImpalaHdfsScanRel(table=[[default, impala_tpcds_date_dim]], condition=[AND(IS NOT NULL($2), IS NOT NULL($0))])
              ImpalaProjectPassthroughRel(d_date=[$0])
                ImpalaJoinRel(condition=[true], joinType=[inner])
                  ImpalaJoinRel(condition=[=($1, $2)], joinType=[inner])
                    ImpalaProjectPassthroughRel(d_date=[$2], d_week_seq=[$4])
                      ImpalaHdfsScanRel(table=[[default, impala_tpcds_date_dim]], condition=[AND(IS NOT NULL($4), IS NOT NULL($2))])
                    ImpalaProjectPassthroughRel(d_week_seq=[$4])
                      ImpalaHdfsScanRel(table=[[default, impala_tpcds_date_dim]], condition=[AND(=($2, _UTF-16LE'1998-02-21'), IS NOT NULL($4))])
                  ImpalaAggregateRel(group=[{}], cnt=[COUNT()], condition=[<=(sq_count_check($0), 1)])
                    ImpalaHdfsScanRel(table=[[default, impala_tpcds_date_dim]], condition=[=($2, _UTF-16LE'1998-02-21')])
        ImpalaProjectPassthroughRel($f0=[$0], $f1=[$1], *=[*(0.9:DECIMAL(1, 1), $1)], *3=[*(1.1:DECIMAL(2, 1), $1)])
          ImpalaAggregateRel(group=[{1}], agg#0=[sum($0)])
            ImpalaJoinRel(condition=[=($2, $3)], joinType=[semi])
              ImpalaProjectPassthroughRel(ss_ext_sales_price=[$1], i_item_id=[$4], d_date=[$6])
                ImpalaJoinRel(condition=[=($2, $5)], joinType=[inner])
                  ImpalaJoinRel(condition=[=($0, $3)], joinType=[inner])
                    ImpalaProjectPassthroughRel(ss_item_sk=[$1], ss_ext_sales_price=[$14], ss_sold_date_sk=[$22])
                      ImpalaHdfsScanRel(table=[[default, impala_tpcds_store_sales]], condition=[AND(IS NOT NULL($1), IS NOT NULL($22))])
                    ImpalaProjectPassthroughRel(i_item_sk=[$0], i_item_id=[$1])
                      ImpalaHdfsScanRel(table=[[default, impala_tpcds_item]], condition=[AND(IS NOT NULL($0), IS NOT NULL($1))])
                  ImpalaProjectPassthroughRel(d_date_sk=[$0], d_date=[$2])
                    ImpalaHdfsScanRel(table=[[default, impala_tpcds_date_dim]], condition=[AND(IS NOT NULL($2), IS NOT NULL($0))])
              ImpalaProjectPassthroughRel(d_date=[$0])
                ImpalaJoinRel(condition=[true], joinType=[inner])
                  ImpalaJoinRel(condition=[=($1, $2)], joinType=[inner])
                    ImpalaProjectPassthroughRel(d_date=[$2], d_week_seq=[$4])
                      ImpalaHdfsScanRel(table=[[default, impala_tpcds_date_dim]], condition=[AND(IS NOT NULL($4), IS NOT NULL($2))])
                    ImpalaProjectPassthroughRel(d_week_seq=[$4])
                      ImpalaHdfsScanRel(table=[[default, impala_tpcds_date_dim]], condition=[AND(=($2, _UTF-16LE'1998-02-21'), IS NOT NULL($4))])
                  ImpalaAggregateRel(group=[{}], cnt=[COUNT()], condition=[<=(sq_count_check($0), 1)])
                    ImpalaHdfsScanRel(table=[[default, impala_tpcds_date_dim]], condition=[=($2, _UTF-16LE'1998-02-21')])
      ImpalaProjectPassthroughRel($f0=[$0], $f1=[$1], *=[*(0.9:DECIMAL(1, 1), $1)], *3=[*(1.1:DECIMAL(2, 1), $1)])
        ImpalaAggregateRel(group=[{1}], agg#0=[sum($0)])
          ImpalaJoinRel(condition=[=($2, $3)], joinType=[semi])
            ImpalaProjectPassthroughRel(ws_ext_sales_price=[$2], i_item_id=[$4], d_date=[$6])
              ImpalaJoinRel(condition=[=($0, $5)], joinType=[inner])
                ImpalaJoinRel(condition=[=($1, $3)], joinType=[inner])
                  ImpalaProjectPassthroughRel(ws_sold_date_sk=[$0], ws_item_sk=[$3], ws_ext_sales_price=[$23])
                    ImpalaHdfsScanRel(table=[[default, impala_tpcds_web_sales]], condition=[AND(IS NOT NULL($3), IS NOT NULL($0))])
                  ImpalaProjectPassthroughRel(i_item_sk=[$0], i_item_id=[$1])
                    ImpalaHdfsScanRel(table=[[default, impala_tpcds_item]], condition=[AND(IS NOT NULL($0), IS NOT NULL($1))])
                ImpalaProjectPassthroughRel(d_date_sk=[$0], d_date=[$2])
                  ImpalaHdfsScanRel(table=[[default, impala_tpcds_date_dim]], condition=[AND(IS NOT NULL($2), IS NOT NULL($0))])
            ImpalaProjectPassthroughRel(d_date=[$0])
              ImpalaJoinRel(condition=[true], joinType=[inner])
                ImpalaJoinRel(condition=[=($1, $2)], joinType=[inner])
                  ImpalaProjectPassthroughRel(d_date=[$2], d_week_seq=[$4])
                    ImpalaHdfsScanRel(table=[[default, impala_tpcds_date_dim]], condition=[AND(IS NOT NULL($4), IS NOT NULL($2))])
                  ImpalaProjectPassthroughRel(d_week_seq=[$4])
                    ImpalaHdfsScanRel(table=[[default, impala_tpcds_date_dim]], condition=[AND(=($2, _UTF-16LE'1998-02-21'), IS NOT NULL($4))])
                ImpalaAggregateRel(group=[{}], cnt=[COUNT()], condition=[<=(sq_count_check($0), 1)])
                  ImpalaHdfsScanRel(table=[[default, impala_tpcds_date_dim]], condition=[=($2, _UTF-16LE'1998-02-21')])

PREHOOK: query: explain with ss_items as
 (select i_item_id item_id
        ,sum(ss_ext_sales_price) ss_item_rev 
 from impala_tpcds_store_sales
     ,impala_tpcds_item
     ,impala_tpcds_date_dim
 where ss_item_sk = i_item_sk
   and d_date in (select d_date
                  from impala_tpcds_date_dim
                  where d_week_seq = (select d_week_seq 
                                      from impala_tpcds_date_dim
                                      where d_date = '1998-02-21'))
   and ss_sold_date_sk   = d_date_sk
 group by i_item_id),
 cs_items as
 (select i_item_id item_id
        ,sum(cs_ext_sales_price) cs_item_rev
  from impala_tpcds_catalog_sales
      ,impala_tpcds_item
      ,impala_tpcds_date_dim
 where cs_item_sk = i_item_sk
  and  d_date in (select d_date
                  from impala_tpcds_date_dim
                  where d_week_seq = (select d_week_seq 
                                      from impala_tpcds_date_dim
                                      where d_date = '1998-02-21'))
  and  cs_sold_date_sk = d_date_sk
 group by i_item_id),
 ws_items as
 (select i_item_id item_id
        ,sum(ws_ext_sales_price) ws_item_rev
  from impala_tpcds_web_sales
      ,impala_tpcds_item
      ,impala_tpcds_date_dim
 where ws_item_sk = i_item_sk
  and  d_date in (select d_date
                  from impala_tpcds_date_dim
                  where d_week_seq =(select d_week_seq 
                                     from impala_tpcds_date_dim
                                     where d_date = '1998-02-21'))
  and ws_sold_date_sk   = d_date_sk
 group by i_item_id)
  select  ss_items.item_id
       ,ss_item_rev
       ,ss_item_rev/((ss_item_rev+cs_item_rev+ws_item_rev)/3) * 100 ss_dev
       ,cs_item_rev
       ,cs_item_rev/((ss_item_rev+cs_item_rev+ws_item_rev)/3) * 100 cs_dev
       ,ws_item_rev
       ,ws_item_rev/((ss_item_rev+cs_item_rev+ws_item_rev)/3) * 100 ws_dev
       ,(ss_item_rev+cs_item_rev+ws_item_rev)/3 average
 from ss_items,cs_items,ws_items
 where ss_items.item_id=cs_items.item_id
   and ss_items.item_id=ws_items.item_id 
   and ss_item_rev between 0.9 * cs_item_rev and 1.1 * cs_item_rev
   and ss_item_rev between 0.9 * ws_item_rev and 1.1 * ws_item_rev
   and cs_item_rev between 0.9 * ss_item_rev and 1.1 * ss_item_rev
   and cs_item_rev between 0.9 * ws_item_rev and 1.1 * ws_item_rev
   and ws_item_rev between 0.9 * ss_item_rev and 1.1 * ss_item_rev
   and ws_item_rev between 0.9 * cs_item_rev and 1.1 * cs_item_rev
 order by item_id
         ,ss_item_rev
 limit 100
PREHOOK: type: QUERY
PREHOOK: Input: default@impala_tpcds_catalog_sales
PREHOOK: Input: default@impala_tpcds_date_dim
PREHOOK: Input: default@impala_tpcds_item
PREHOOK: Input: default@impala_tpcds_store_sales
PREHOOK: Input: default@impala_tpcds_web_sales
PREHOOK: Output: hdfs://### HDFS PATH ###
POSTHOOK: query: explain with ss_items as
 (select i_item_id item_id
        ,sum(ss_ext_sales_price) ss_item_rev 
 from impala_tpcds_store_sales
     ,impala_tpcds_item
     ,impala_tpcds_date_dim
 where ss_item_sk = i_item_sk
   and d_date in (select d_date
                  from impala_tpcds_date_dim
                  where d_week_seq = (select d_week_seq 
                                      from impala_tpcds_date_dim
                                      where d_date = '1998-02-21'))
   and ss_sold_date_sk   = d_date_sk
 group by i_item_id),
 cs_items as
 (select i_item_id item_id
        ,sum(cs_ext_sales_price) cs_item_rev
  from impala_tpcds_catalog_sales
      ,impala_tpcds_item
      ,impala_tpcds_date_dim
 where cs_item_sk = i_item_sk
  and  d_date in (select d_date
                  from impala_tpcds_date_dim
                  where d_week_seq = (select d_week_seq 
                                      from impala_tpcds_date_dim
                                      where d_date = '1998-02-21'))
  and  cs_sold_date_sk = d_date_sk
 group by i_item_id),
 ws_items as
 (select i_item_id item_id
        ,sum(ws_ext_sales_price) ws_item_rev
  from impala_tpcds_web_sales
      ,impala_tpcds_item
      ,impala_tpcds_date_dim
 where ws_item_sk = i_item_sk
  and  d_date in (select d_date
                  from impala_tpcds_date_dim
                  where d_week_seq =(select d_week_seq 
                                     from impala_tpcds_date_dim
                                     where d_date = '1998-02-21'))
  and ws_sold_date_sk   = d_date_sk
 group by i_item_id)
  select  ss_items.item_id
       ,ss_item_rev
       ,ss_item_rev/((ss_item_rev+cs_item_rev+ws_item_rev)/3) * 100 ss_dev
       ,cs_item_rev
       ,cs_item_rev/((ss_item_rev+cs_item_rev+ws_item_rev)/3) * 100 cs_dev
       ,ws_item_rev
       ,ws_item_rev/((ss_item_rev+cs_item_rev+ws_item_rev)/3) * 100 ws_dev
       ,(ss_item_rev+cs_item_rev+ws_item_rev)/3 average
 from ss_items,cs_items,ws_items
 where ss_items.item_id=cs_items.item_id
   and ss_items.item_id=ws_items.item_id 
   and ss_item_rev between 0.9 * cs_item_rev and 1.1 * cs_item_rev
   and ss_item_rev between 0.9 * ws_item_rev and 1.1 * ws_item_rev
   and cs_item_rev between 0.9 * ss_item_rev and 1.1 * ss_item_rev
   and cs_item_rev between 0.9 * ws_item_rev and 1.1 * ws_item_rev
   and ws_item_rev between 0.9 * ss_item_rev and 1.1 * ss_item_rev
   and ws_item_rev between 0.9 * cs_item_rev and 1.1 * cs_item_rev
 order by item_id
         ,ss_item_rev
 limit 100
POSTHOOK: type: QUERY
POSTHOOK: Input: default@impala_tpcds_catalog_sales
POSTHOOK: Input: default@impala_tpcds_date_dim
POSTHOOK: Input: default@impala_tpcds_item
POSTHOOK: Input: default@impala_tpcds_store_sales
POSTHOOK: Input: default@impala_tpcds_web_sales
POSTHOOK: Output: hdfs://### HDFS PATH ###
STAGE DEPENDENCIES:
  Stage-1 is a root stage
  Stage-0 is a root stage

STAGE PLANS:
  Stage: Stage-1
    Impala
      Impala Plan: 
F25:PLAN FRAGMENT [UNPARTITIONED] hosts=1 instances=1
Per-Host Resources: mem-estimate=128.00KB mem-reservation=0B thread-reservation=1
  PLAN-ROOT SINK
  |  output exprs: item_id, ss_item_rev, ss_dev, cs_item_rev, cs_dev, ws_item_rev, ws_dev, average
  |  mem-estimate=0B mem-reservation=0B thread-reservation=0
  |
  72:MERGING-EXCHANGE [UNPARTITIONED]
     order by: item_id ASC NULLS LAST, ss_item_rev ASC NULLS LAST
     limit: 100
     mem-estimate=128.00KB mem-reservation=0B thread-reservation=0
     tuple-ids=42 row-size=124B cardinality=0
     in pipelines: 42(GETNEXT)

F24:PLAN FRAGMENT [RANDOM] hosts=1 instances=1
Per-Host Resources: mem-estimate=131.97MB mem-reservation=37.88MB thread-reservation=1
  DATASTREAM SINK [FRAGMENT=F25, EXCHANGE=72, UNPARTITIONED]
  |  mem-estimate=0B mem-reservation=0B thread-reservation=0
  42:TOP-N [LIMIT=100]
  |  order by: item_id ASC NULLS LAST, ss_item_rev ASC NULLS LAST
  |  mem-estimate=0B mem-reservation=0B thread-reservation=0
  |  tuple-ids=42 row-size=124B cardinality=0
  |  in pipelines: 42(GETNEXT), 51(OPEN)
  |
  00:UNION
  |  mem-estimate=0B mem-reservation=0B thread-reservation=0
  |  tuple-ids=41 row-size=124B cardinality=0
  |  in pipelines: 51(GETNEXT)
  |
  41:HASH JOIN [INNER JOIN, BROADCAST]
  |  hash predicates: default.impala_tpcds_item.i_item_id = default.impala_tpcds_item_1.i_item_id
  |  fk/pk conjuncts: assumed fk/pk
  |  other join predicates: _impala_builtins.sum(default.impala_tpcds_catalog_sales.cs_ext_sales_price) >= multiply(CAST(0.9 AS DECIMAL(1,1)), _impala_builtins.sum(default.impala_tpcds_web_sales.ws_ext_sales_price)) AND _impala_builtins.sum(default.impala_tpcds_catalog_sales.cs_ext_sales_price) <= multiply(CAST(1.1 AS DECIMAL(2,1)), _impala_builtins.sum(default.impala_tpcds_web_sales.ws_ext_sales_price)), _impala_builtins.sum(default.impala_tpcds_store_sales.ss_ext_sales_price) >= multiply(CAST(0.9 AS DECIMAL(1,1)), _impala_builtins.sum(default.impala_tpcds_web_sales.ws_ext_sales_price)) AND _impala_builtins.sum(default.impala_tpcds_store_sales.ss_ext_sales_price) <= multiply(CAST(1.1 AS DECIMAL(2,1)), _impala_builtins.sum(default.impala_tpcds_web_sales.ws_ext_sales_price)), _impala_builtins.sum(default.impala_tpcds_web_sales.ws_ext_sales_price) >= multiply(CAST(0.9 AS DECIMAL(1,1)), _impala_builtins.sum(default.impala_tpcds_catalog_sales.cs_ext_sales_price)) AND _impala_builtins.sum(default.impala_tpcds_web_sales.ws_ext_sales_price) <= multiply(CAST(1.1 AS DECIMAL(2,1)), _impala_builtins.sum(default.impala_tpcds_catalog_sales.cs_ext_sales_price)), _impala_builtins.sum(default.impala_tpcds_web_sales.ws_ext_sales_price) >= multiply(CAST(0.9 AS DECIMAL(1,1)), _impala_builtins.sum(default.impala_tpcds_store_sales.ss_ext_sales_price)) AND _impala_builtins.sum(default.impala_tpcds_web_sales.ws_ext_sales_price) <= multiply(CAST(1.1 AS DECIMAL(2,1)), _impala_builtins.sum(default.impala_tpcds_store_sales.ss_ext_sales_price))
  |  mem-estimate=1.94MB mem-reservation=1.94MB spill-buffer=64.00KB thread-reservation=0
  |  tuple-ids=13,26,40 row-size=84B cardinality=0
  |  in pipelines: 51(GETNEXT), 70(OPEN)
  |
  |--71:EXCHANGE [BROADCAST]
  |     mem-estimate=32.00KB mem-reservation=0B thread-reservation=0
  |     tuple-ids=40 row-size=28B cardinality=0
  |     in pipelines: 70(GETNEXT)
  |
  27:HASH JOIN [INNER JOIN, BROADCAST]
  |  hash predicates: default.impala_tpcds_item.i_item_id = default.impala_tpcds_item_0.i_item_id
  |  fk/pk conjuncts: assumed fk/pk
  |  other join predicates: _impala_builtins.sum(default.impala_tpcds_catalog_sales.cs_ext_sales_price) >= multiply(CAST(0.9 AS DECIMAL(1,1)), _impala_builtins.sum(default.impala_tpcds_store_sales.ss_ext_sales_price)) AND _impala_builtins.sum(default.impala_tpcds_catalog_sales.cs_ext_sales_price) <= multiply(CAST(1.1 AS DECIMAL(2,1)), _impala_builtins.sum(default.impala_tpcds_store_sales.ss_ext_sales_price)), _impala_builtins.sum(default.impala_tpcds_store_sales.ss_ext_sales_price) >= multiply(CAST(0.9 AS DECIMAL(1,1)), _impala_builtins.sum(default.impala_tpcds_catalog_sales.cs_ext_sales_price)) AND _impala_builtins.sum(default.impala_tpcds_store_sales.ss_ext_sales_price) <= multiply(CAST(1.1 AS DECIMAL(2,1)), _impala_builtins.sum(default.impala_tpcds_catalog_sales.cs_ext_sales_price))
  |  mem-estimate=1.94MB mem-reservation=1.94MB spill-buffer=64.00KB thread-reservation=0
  |  tuple-ids=13,26 row-size=56B cardinality=0
  |  in pipelines: 51(GETNEXT), 60(OPEN)
  |
  |--61:EXCHANGE [BROADCAST]
  |     mem-estimate=32.00KB mem-reservation=0B thread-reservation=0
  |     tuple-ids=26 row-size=28B cardinality=0
  |     in pipelines: 60(GETNEXT)
  |
  51:AGGREGATE [FINALIZE]
  |  output: _impala_builtins.sum:merge(default.impala_tpcds_catalog_sales.cs_ext_sales_price)
  |  group by: default.impala_tpcds_item.i_item_id
  |  mem-estimate=128.00MB mem-reservation=34.00MB spill-buffer=2.00MB thread-reservation=0
  |  tuple-ids=13 row-size=28B cardinality=0
  |  in pipelines: 51(GETNEXT), 01(OPEN)
  |
  50:EXCHANGE [HASH(default.impala_tpcds_item.i_item_id)]
     mem-estimate=32.00KB mem-reservation=0B thread-reservation=0
     tuple-ids=13 row-size=28B cardinality=0
     in pipelines: 01(GETNEXT)

F00:PLAN FRAGMENT [RANDOM] hosts=1 instances=1
Per-Host Resources: mem-estimate=133.91MB mem-reservation=39.81MB thread-reservation=1
  DATASTREAM SINK [FRAGMENT=F24, EXCHANGE=50, HASH(default.impala_tpcds_item.i_item_id)]
  |  mem-estimate=0B mem-reservation=0B thread-reservation=0
  13:AGGREGATE [STREAMING]
  |  output: sum(default.impala_tpcds_catalog_sales.cs_ext_sales_price)
  |  group by: default.impala_tpcds_item.i_item_id
  |  mem-estimate=128.00MB mem-reservation=34.00MB spill-buffer=2.00MB thread-reservation=0
  |  tuple-ids=13 row-size=28B cardinality=0
  |  in pipelines: 01(GETNEXT)
  |
  12:HASH JOIN [LEFT SEMI JOIN, BROADCAST]
  |  hash predicates: default.impala_tpcds_date_dim.d_date = default.impala_tpcds_date_dim_0.d_date
  |  mem-estimate=1.94MB mem-reservation=1.94MB spill-buffer=64.00KB thread-reservation=0
  |  tuple-ids=0,2,4 row-size=52B cardinality=0
  |  in pipelines: 01(GETNEXT), 46(OPEN)
  |
  |--49:EXCHANGE [BROADCAST]
  |     mem-estimate=52.00KB mem-reservation=0B thread-reservation=0
  |     tuple-ids=12,6,8 row-size=40B cardinality=0
  |     in pipelines: 46(GETNEXT)
  |
  05:HASH JOIN [INNER JOIN, BROADCAST]
  |  hash predicates: default.impala_tpcds_catalog_sales.cs_sold_date_sk = default.impala_tpcds_date_dim.d_date_sk
  |  fk/pk conjuncts: assumed fk/pk
  |  mem-estimate=1.94MB mem-reservation=1.94MB spill-buffer=64.00KB thread-reservation=0
  |  tuple-ids=0,2,4 row-size=52B cardinality=0
  |  in pipelines: 01(GETNEXT), 04(OPEN)
  |
  |--44:EXCHANGE [BROADCAST]
  |     mem-estimate=20.00KB mem-reservation=0B thread-reservation=0
  |     tuple-ids=4 row-size=16B cardinality=0
  |     in pipelines: 04(GETNEXT)
  |
  03:HASH JOIN [INNER JOIN, BROADCAST]
  |  hash predicates: default.impala_tpcds_catalog_sales.cs_item_sk = default.impala_tpcds_item.i_item_sk
  |  fk/pk conjuncts: assumed fk/pk
  |  mem-estimate=1.94MB mem-reservation=1.94MB spill-buffer=64.00KB thread-reservation=0
  |  tuple-ids=0,2 row-size=36B cardinality=0
  |  in pipelines: 01(GETNEXT), 02(OPEN)
  |
  |--43:EXCHANGE [BROADCAST]
  |     mem-estimate=24.00KB mem-reservation=0B thread-reservation=0
  |     tuple-ids=2 row-size=20B cardinality=0
  |     in pipelines: 02(GETNEXT)
  |
  01:SCAN HDFS [default.impala_tpcds_catalog_sales, RANDOM]
     HDFS partitions=1/1 files=0 size=0B
     predicates: default.impala_tpcds_catalog_sales.cs_item_sk IS NOT NULL, default.impala_tpcds_catalog_sales.cs_sold_date_sk IS NOT NULL
     stored statistics:
       table: rows=0 size=0B
       columns: unavailable
     extrapolated-rows=disabled max-scan-range-rows=0
     mem-estimate=0B mem-reservation=0B thread-reservation=0
     tuple-ids=0 row-size=16B cardinality=0
     in pipelines: 01(GETNEXT)

F01:PLAN FRAGMENT [RANDOM] hosts=1 instances=1
Per-Host Resources: mem-estimate=0B mem-reservation=0B thread-reservation=1
  DATASTREAM SINK [FRAGMENT=F00, EXCHANGE=43, BROADCAST]
  |  mem-estimate=0B mem-reservation=0B thread-reservation=0
  02:SCAN HDFS [default.impala_tpcds_item, RANDOM]
     HDFS partitions=1/1 files=0 size=0B
     predicates: default.impala_tpcds_item.i_item_id IS NOT NULL, default.impala_tpcds_item.i_item_sk IS NOT NULL
     stored statistics:
       table: rows=0 size=0B
       columns: unavailable
     extrapolated-rows=disabled max-scan-range-rows=0
     mem-estimate=0B mem-reservation=0B thread-reservation=0
     tuple-ids=2 row-size=20B cardinality=0
     in pipelines: 02(GETNEXT)

F02:PLAN FRAGMENT [RANDOM] hosts=1 instances=1
Per-Host Resources: mem-estimate=0B mem-reservation=0B thread-reservation=1
  DATASTREAM SINK [FRAGMENT=F00, EXCHANGE=44, BROADCAST]
  |  mem-estimate=0B mem-reservation=0B thread-reservation=0
  04:SCAN HDFS [default.impala_tpcds_date_dim, RANDOM]
     HDFS partitions=1/1 files=0 size=0B
     predicates: default.impala_tpcds_date_dim.d_date IS NOT NULL, default.impala_tpcds_date_dim.d_date_sk IS NOT NULL
     stored statistics:
       table: rows=0 size=0B
       columns: unavailable
     extrapolated-rows=disabled max-scan-range-rows=0
     mem-estimate=0B mem-reservation=0B thread-reservation=0
     tuple-ids=4 row-size=16B cardinality=0
     in pipelines: 04(GETNEXT)

F04:PLAN FRAGMENT [UNPARTITIONED] hosts=1 instances=1
Per-Host Resources: mem-estimate=10.05MB mem-reservation=0B thread-reservation=1
  DATASTREAM SINK [FRAGMENT=F00, EXCHANGE=49, BROADCAST]
  |  mem-estimate=0B mem-reservation=0B thread-reservation=0
  11:NESTED LOOP JOIN [CROSS JOIN, BROADCAST]
  |  mem-estimate=0B mem-reservation=0B thread-reservation=0
  |  tuple-ids=12,6,8 row-size=40B cardinality=0
  |  in pipelines: 46(GETNEXT), 06(OPEN)
  |
  |--48:EXCHANGE [UNPARTITIONED]
  |     mem-estimate=40.00KB mem-reservation=0B thread-reservation=0
  |     tuple-ids=6,8 row-size=32B cardinality=0
  |     in pipelines: 06(GETNEXT)
  |
  46:AGGREGATE [FINALIZE]
  |  output: _impala_builtins.count:merge()
  |  having: sq_count_check(_impala_builtins.count()) <= CAST(1 AS BIGINT)
  |  mem-estimate=10.00MB mem-reservation=0B spill-buffer=2.00MB thread-reservation=0
  |  tuple-ids=12 row-size=8B cardinality=1
  |  in pipelines: 46(GETNEXT), 10(OPEN)
  |
  45:EXCHANGE [UNPARTITIONED]
     mem-estimate=16.00KB mem-reservation=0B thread-reservation=0
     tuple-ids=12 row-size=8B cardinality=1
     in pipelines: 10(GETNEXT)

F03:PLAN FRAGMENT [RANDOM] hosts=1 instances=1
Per-Host Resources: mem-estimate=10.00MB mem-reservation=0B thread-reservation=1
  DATASTREAM SINK [FRAGMENT=F04, EXCHANGE=45, UNPARTITIONED]
  |  mem-estimate=0B mem-reservation=0B thread-reservation=0
  10:AGGREGATE
  |  output: count()
  |  mem-estimate=10.00MB mem-reservation=0B spill-buffer=2.00MB thread-reservation=0
  |  tuple-ids=12 row-size=8B cardinality=1
  |  in pipelines: 10(GETNEXT), 09(OPEN)
  |
  09:SCAN HDFS [default.impala_tpcds_date_dim, RANDOM]
     HDFS partitions=1/1 files=0 size=0B
     predicates: default.impala_tpcds_date_dim_2.d_date = '1998-02-21'
     stored statistics:
       table: rows=0 size=0B
       columns: unavailable
     extrapolated-rows=disabled max-scan-range-rows=0
     parquet statistics predicates: default.impala_tpcds_date_dim_2.d_date = '1998-02-21'
     mem-estimate=0B mem-reservation=0B thread-reservation=0
     tuple-ids=10 row-size=12B cardinality=0
     in pipelines: 09(GETNEXT)

F05:PLAN FRAGMENT [RANDOM] hosts=1 instances=1
Per-Host Resources: mem-estimate=1.96MB mem-reservation=1.94MB thread-reservation=1
  DATASTREAM SINK [FRAGMENT=F04, EXCHANGE=48, UNPARTITIONED]
  |  mem-estimate=0B mem-reservation=0B thread-reservation=0
  08:HASH JOIN [INNER JOIN, BROADCAST]
  |  hash predicates: default.impala_tpcds_date_dim_0.d_week_seq = default.impala_tpcds_date_dim_1.d_week_seq
  |  fk/pk conjuncts: assumed fk/pk
  |  mem-estimate=1.94MB mem-reservation=1.94MB spill-buffer=64.00KB thread-reservation=0
  |  tuple-ids=6,8 row-size=32B cardinality=0
  |  in pipelines: 06(GETNEXT), 07(OPEN)
  |
  |--47:EXCHANGE [BROADCAST]
  |     mem-estimate=20.00KB mem-reservation=0B thread-reservation=0
  |     tuple-ids=8 row-size=16B cardinality=0
  |     in pipelines: 07(GETNEXT)
  |
  06:SCAN HDFS [default.impala_tpcds_date_dim, RANDOM]
     HDFS partitions=1/1 files=0 size=0B
     predicates: default.impala_tpcds_date_dim_0.d_date IS NOT NULL, default.impala_tpcds_date_dim_0.d_week_seq IS NOT NULL
     stored statistics:
       table: rows=0 size=0B
       columns: unavailable
     extrapolated-rows=disabled max-scan-range-rows=0
     mem-estimate=0B mem-reservation=0B thread-reservation=0
     tuple-ids=6 row-size=16B cardinality=0
     in pipelines: 06(GETNEXT)

F06:PLAN FRAGMENT [RANDOM] hosts=1 instances=1
Per-Host Resources: mem-estimate=0B mem-reservation=0B thread-reservation=1
  DATASTREAM SINK [FRAGMENT=F05, EXCHANGE=47, BROADCAST]
  |  mem-estimate=0B mem-reservation=0B thread-reservation=0
  07:SCAN HDFS [default.impala_tpcds_date_dim, RANDOM]
     HDFS partitions=1/1 files=0 size=0B
     predicates: default.impala_tpcds_date_dim_1.d_week_seq IS NOT NULL, default.impala_tpcds_date_dim_1.d_date = '1998-02-21'
     stored statistics:
       table: rows=0 size=0B
       columns: unavailable
     extrapolated-rows=disabled max-scan-range-rows=0
     parquet statistics predicates: default.impala_tpcds_date_dim_1.d_date = '1998-02-21'
     mem-estimate=0B mem-reservation=0B thread-reservation=0
     tuple-ids=8 row-size=16B cardinality=0
     in pipelines: 07(GETNEXT)

F15:PLAN FRAGMENT [HASH(default.impala_tpcds_item_0.i_item_id)] hosts=1 instances=1
Per-Host Resources: mem-estimate=128.03MB mem-reservation=34.00MB thread-reservation=1
  DATASTREAM SINK [FRAGMENT=F24, EXCHANGE=61, BROADCAST]
  |  mem-estimate=0B mem-reservation=0B thread-reservation=0
  60:AGGREGATE [FINALIZE]
  |  output: _impala_builtins.sum:merge(default.impala_tpcds_store_sales.ss_ext_sales_price)
  |  group by: default.impala_tpcds_item_0.i_item_id
  |  mem-estimate=128.00MB mem-reservation=34.00MB spill-buffer=2.00MB thread-reservation=0
  |  tuple-ids=26 row-size=28B cardinality=0
  |  in pipelines: 60(GETNEXT), 14(OPEN)
  |
  59:EXCHANGE [HASH(default.impala_tpcds_item_0.i_item_id)]
     mem-estimate=32.00KB mem-reservation=0B thread-reservation=0
     tuple-ids=26 row-size=28B cardinality=0
     in pipelines: 14(GETNEXT)

F08:PLAN FRAGMENT [RANDOM] hosts=1 instances=1
Per-Host Resources: mem-estimate=133.91MB mem-reservation=39.81MB thread-reservation=1
  DATASTREAM SINK [FRAGMENT=F15, EXCHANGE=59, HASH(default.impala_tpcds_item_0.i_item_id)]
  |  mem-estimate=0B mem-reservation=0B thread-reservation=0
  26:AGGREGATE [STREAMING]
  |  output: sum(default.impala_tpcds_store_sales.ss_ext_sales_price)
  |  group by: default.impala_tpcds_item_0.i_item_id
  |  mem-estimate=128.00MB mem-reservation=34.00MB spill-buffer=2.00MB thread-reservation=0
  |  tuple-ids=26 row-size=28B cardinality=0
  |  in pipelines: 14(GETNEXT)
  |
  25:HASH JOIN [LEFT SEMI JOIN, BROADCAST]
  |  hash predicates: default.impala_tpcds_date_dim_3.d_date = default.impala_tpcds_date_dim_4.d_date
  |  mem-estimate=1.94MB mem-reservation=1.94MB spill-buffer=64.00KB thread-reservation=0
  |  tuple-ids=14,15,17 row-size=52B cardinality=0
  |  in pipelines: 14(GETNEXT), 55(OPEN)
  |
  |--58:EXCHANGE [BROADCAST]
  |     mem-estimate=52.00KB mem-reservation=0B thread-reservation=0
  |     tuple-ids=25,19,21 row-size=40B cardinality=0
  |     in pipelines: 55(GETNEXT)
  |
  18:HASH JOIN [INNER JOIN, BROADCAST]
  |  hash predicates: default.impala_tpcds_store_sales.ss_sold_date_sk = default.impala_tpcds_date_dim_3.d_date_sk
  |  fk/pk conjuncts: assumed fk/pk
  |  mem-estimate=1.94MB mem-reservation=1.94MB spill-buffer=64.00KB thread-reservation=0
  |  tuple-ids=14,15,17 row-size=52B cardinality=0
  |  in pipelines: 14(GETNEXT), 17(OPEN)
  |
  |--53:EXCHANGE [BROADCAST]
  |     mem-estimate=20.00KB mem-reservation=0B thread-reservation=0
  |     tuple-ids=17 row-size=16B cardinality=0
  |     in pipelines: 17(GETNEXT)
  |
  16:HASH JOIN [INNER JOIN, BROADCAST]
  |  hash predicates: default.impala_tpcds_store_sales.ss_item_sk = default.impala_tpcds_item_0.i_item_sk
  |  fk/pk conjuncts: assumed fk/pk
  |  mem-estimate=1.94MB mem-reservation=1.94MB spill-buffer=64.00KB thread-reservation=0
  |  tuple-ids=14,15 row-size=36B cardinality=0
  |  in pipelines: 14(GETNEXT), 15(OPEN)
  |
  |--52:EXCHANGE [BROADCAST]
  |     mem-estimate=24.00KB mem-reservation=0B thread-reservation=0
  |     tuple-ids=15 row-size=20B cardinality=0
  |     in pipelines: 15(GETNEXT)
  |
  14:SCAN HDFS [default.impala_tpcds_store_sales, RANDOM]
     partition predicates: default.impala_tpcds_store_sales.ss_sold_date_sk IS NOT NULL
     partitions=0/0 files=0 size=0B
     predicates: default.impala_tpcds_store_sales.ss_item_sk IS NOT NULL
     stored statistics:
       table: rows=unavailable size=unavailable
       partitions: 0/0 rows=unavailable
       columns missing stats: ss_item_sk, ss_ext_sales_price
     extrapolated-rows=disabled max-scan-range-rows=0
     mem-estimate=0B mem-reservation=0B thread-reservation=0
     tuple-ids=14 row-size=16B cardinality=0
     in pipelines: 14(GETNEXT)

F09:PLAN FRAGMENT [RANDOM] hosts=1 instances=1
Per-Host Resources: mem-estimate=0B mem-reservation=0B thread-reservation=1
  DATASTREAM SINK [FRAGMENT=F08, EXCHANGE=52, BROADCAST]
  |  mem-estimate=0B mem-reservation=0B thread-reservation=0
  15:SCAN HDFS [default.impala_tpcds_item, RANDOM]
     HDFS partitions=1/1 files=0 size=0B
     predicates: default.impala_tpcds_item_0.i_item_id IS NOT NULL, default.impala_tpcds_item_0.i_item_sk IS NOT NULL
     stored statistics:
       table: rows=0 size=0B
       columns: unavailable
     extrapolated-rows=disabled max-scan-range-rows=0
     mem-estimate=0B mem-reservation=0B thread-reservation=0
     tuple-ids=15 row-size=20B cardinality=0
     in pipelines: 15(GETNEXT)

F10:PLAN FRAGMENT [RANDOM] hosts=1 instances=1
Per-Host Resources: mem-estimate=0B mem-reservation=0B thread-reservation=1
  DATASTREAM SINK [FRAGMENT=F08, EXCHANGE=53, BROADCAST]
  |  mem-estimate=0B mem-reservation=0B thread-reservation=0
  17:SCAN HDFS [default.impala_tpcds_date_dim, RANDOM]
     HDFS partitions=1/1 files=0 size=0B
     predicates: default.impala_tpcds_date_dim_3.d_date IS NOT NULL, default.impala_tpcds_date_dim_3.d_date_sk IS NOT NULL
     stored statistics:
       table: rows=0 size=0B
       columns: unavailable
     extrapolated-rows=disabled max-scan-range-rows=0
     mem-estimate=0B mem-reservation=0B thread-reservation=0
     tuple-ids=17 row-size=16B cardinality=0
     in pipelines: 17(GETNEXT)

F12:PLAN FRAGMENT [UNPARTITIONED] hosts=1 instances=1
Per-Host Resources: mem-estimate=10.05MB mem-reservation=0B thread-reservation=1
  DATASTREAM SINK [FRAGMENT=F08, EXCHANGE=58, BROADCAST]
  |  mem-estimate=0B mem-reservation=0B thread-reservation=0
  24:NESTED LOOP JOIN [CROSS JOIN, BROADCAST]
  |  mem-estimate=0B mem-reservation=0B thread-reservation=0
  |  tuple-ids=25,19,21 row-size=40B cardinality=0
  |  in pipelines: 55(GETNEXT), 19(OPEN)
  |
  |--57:EXCHANGE [UNPARTITIONED]
  |     mem-estimate=40.00KB mem-reservation=0B thread-reservation=0
  |     tuple-ids=19,21 row-size=32B cardinality=0
  |     in pipelines: 19(GETNEXT)
  |
  55:AGGREGATE [FINALIZE]
  |  output: _impala_builtins.count:merge()
  |  having: sq_count_check(_impala_builtins.count()) <= CAST(1 AS BIGINT)
  |  mem-estimate=10.00MB mem-reservation=0B spill-buffer=2.00MB thread-reservation=0
  |  tuple-ids=25 row-size=8B cardinality=1
  |  in pipelines: 55(GETNEXT), 23(OPEN)
  |
  54:EXCHANGE [UNPARTITIONED]
     mem-estimate=16.00KB mem-reservation=0B thread-reservation=0
     tuple-ids=25 row-size=8B cardinality=1
     in pipelines: 23(GETNEXT)

F11:PLAN FRAGMENT [RANDOM] hosts=1 instances=1
Per-Host Resources: mem-estimate=10.00MB mem-reservation=0B thread-reservation=1
  DATASTREAM SINK [FRAGMENT=F12, EXCHANGE=54, UNPARTITIONED]
  |  mem-estimate=0B mem-reservation=0B thread-reservation=0
  23:AGGREGATE
  |  output: count()
  |  mem-estimate=10.00MB mem-reservation=0B spill-buffer=2.00MB thread-reservation=0
  |  tuple-ids=25 row-size=8B cardinality=1
  |  in pipelines: 23(GETNEXT), 22(OPEN)
  |
  22:SCAN HDFS [default.impala_tpcds_date_dim, RANDOM]
     HDFS partitions=1/1 files=0 size=0B
     predicates: default.impala_tpcds_date_dim_6.d_date = '1998-02-21'
     stored statistics:
       table: rows=0 size=0B
       columns: unavailable
     extrapolated-rows=disabled max-scan-range-rows=0
     parquet statistics predicates: default.impala_tpcds_date_dim_6.d_date = '1998-02-21'
     mem-estimate=0B mem-reservation=0B thread-reservation=0
     tuple-ids=23 row-size=12B cardinality=0
     in pipelines: 22(GETNEXT)

F13:PLAN FRAGMENT [RANDOM] hosts=1 instances=1
Per-Host Resources: mem-estimate=1.96MB mem-reservation=1.94MB thread-reservation=1
  DATASTREAM SINK [FRAGMENT=F12, EXCHANGE=57, UNPARTITIONED]
  |  mem-estimate=0B mem-reservation=0B thread-reservation=0
  21:HASH JOIN [INNER JOIN, BROADCAST]
  |  hash predicates: default.impala_tpcds_date_dim_4.d_week_seq = default.impala_tpcds_date_dim_5.d_week_seq
  |  fk/pk conjuncts: assumed fk/pk
  |  mem-estimate=1.94MB mem-reservation=1.94MB spill-buffer=64.00KB thread-reservation=0
  |  tuple-ids=19,21 row-size=32B cardinality=0
  |  in pipelines: 19(GETNEXT), 20(OPEN)
  |
  |--56:EXCHANGE [BROADCAST]
  |     mem-estimate=20.00KB mem-reservation=0B thread-reservation=0
  |     tuple-ids=21 row-size=16B cardinality=0
  |     in pipelines: 20(GETNEXT)
  |
  19:SCAN HDFS [default.impala_tpcds_date_dim, RANDOM]
     HDFS partitions=1/1 files=0 size=0B
     predicates: default.impala_tpcds_date_dim_4.d_date IS NOT NULL, default.impala_tpcds_date_dim_4.d_week_seq IS NOT NULL
     stored statistics:
       table: rows=0 size=0B
       columns: unavailable
     extrapolated-rows=disabled max-scan-range-rows=0
     mem-estimate=0B mem-reservation=0B thread-reservation=0
     tuple-ids=19 row-size=16B cardinality=0
     in pipelines: 19(GETNEXT)

F14:PLAN FRAGMENT [RANDOM] hosts=1 instances=1
Per-Host Resources: mem-estimate=0B mem-reservation=0B thread-reservation=1
  DATASTREAM SINK [FRAGMENT=F13, EXCHANGE=56, BROADCAST]
  |  mem-estimate=0B mem-reservation=0B thread-reservation=0
  20:SCAN HDFS [default.impala_tpcds_date_dim, RANDOM]
     HDFS partitions=1/1 files=0 size=0B
     predicates: default.impala_tpcds_date_dim_5.d_week_seq IS NOT NULL, default.impala_tpcds_date_dim_5.d_date = '1998-02-21'
     stored statistics:
       table: rows=0 size=0B
       columns: unavailable
     extrapolated-rows=disabled max-scan-range-rows=0
     parquet statistics predicates: default.impala_tpcds_date_dim_5.d_date = '1998-02-21'
     mem-estimate=0B mem-reservation=0B thread-reservation=0
     tuple-ids=21 row-size=16B cardinality=0
     in pipelines: 20(GETNEXT)

F23:PLAN FRAGMENT [HASH(default.impala_tpcds_item_1.i_item_id)] hosts=1 instances=1
Per-Host Resources: mem-estimate=128.03MB mem-reservation=34.00MB thread-reservation=1
  DATASTREAM SINK [FRAGMENT=F24, EXCHANGE=71, BROADCAST]
  |  mem-estimate=0B mem-reservation=0B thread-reservation=0
  70:AGGREGATE [FINALIZE]
  |  output: _impala_builtins.sum:merge(default.impala_tpcds_web_sales.ws_ext_sales_price)
  |  group by: default.impala_tpcds_item_1.i_item_id
  |  mem-estimate=128.00MB mem-reservation=34.00MB spill-buffer=2.00MB thread-reservation=0
  |  tuple-ids=40 row-size=28B cardinality=0
  |  in pipelines: 70(GETNEXT), 28(OPEN)
  |
  69:EXCHANGE [HASH(default.impala_tpcds_item_1.i_item_id)]
     mem-estimate=32.00KB mem-reservation=0B thread-reservation=0
     tuple-ids=40 row-size=28B cardinality=0
     in pipelines: 28(GETNEXT)

F16:PLAN FRAGMENT [RANDOM] hosts=1 instances=1
Per-Host Resources: mem-estimate=133.91MB mem-reservation=39.81MB thread-reservation=1
  DATASTREAM SINK [FRAGMENT=F23, EXCHANGE=69, HASH(default.impala_tpcds_item_1.i_item_id)]
  |  mem-estimate=0B mem-reservation=0B thread-reservation=0
  40:AGGREGATE [STREAMING]
  |  output: sum(default.impala_tpcds_web_sales.ws_ext_sales_price)
  |  group by: default.impala_tpcds_item_1.i_item_id
  |  mem-estimate=128.00MB mem-reservation=34.00MB spill-buffer=2.00MB thread-reservation=0
  |  tuple-ids=40 row-size=28B cardinality=0
  |  in pipelines: 28(GETNEXT)
  |
  39:HASH JOIN [LEFT SEMI JOIN, BROADCAST]
  |  hash predicates: default.impala_tpcds_date_dim_7.d_date = default.impala_tpcds_date_dim_8.d_date
  |  mem-estimate=1.94MB mem-reservation=1.94MB spill-buffer=64.00KB thread-reservation=0
  |  tuple-ids=27,29,31 row-size=52B cardinality=0
  |  in pipelines: 28(GETNEXT), 65(OPEN)
  |
  |--68:EXCHANGE [BROADCAST]
  |     mem-estimate=52.00KB mem-reservation=0B thread-reservation=0
  |     tuple-ids=39,33,35 row-size=40B cardinality=0
  |     in pipelines: 65(GETNEXT)
  |
  32:HASH JOIN [INNER JOIN, BROADCAST]
  |  hash predicates: default.impala_tpcds_web_sales.ws_sold_date_sk = default.impala_tpcds_date_dim_7.d_date_sk
  |  fk/pk conjuncts: assumed fk/pk
  |  mem-estimate=1.94MB mem-reservation=1.94MB spill-buffer=64.00KB thread-reservation=0
  |  tuple-ids=27,29,31 row-size=52B cardinality=0
  |  in pipelines: 28(GETNEXT), 31(OPEN)
  |
  |--63:EXCHANGE [BROADCAST]
  |     mem-estimate=20.00KB mem-reservation=0B thread-reservation=0
  |     tuple-ids=31 row-size=16B cardinality=0
  |     in pipelines: 31(GETNEXT)
  |
  30:HASH JOIN [INNER JOIN, BROADCAST]
  |  hash predicates: default.impala_tpcds_web_sales.ws_item_sk = default.impala_tpcds_item_1.i_item_sk
  |  fk/pk conjuncts: assumed fk/pk
  |  mem-estimate=1.94MB mem-reservation=1.94MB spill-buffer=64.00KB thread-reservation=0
  |  tuple-ids=27,29 row-size=36B cardinality=0
  |  in pipelines: 28(GETNEXT), 29(OPEN)
  |
  |--62:EXCHANGE [BROADCAST]
  |     mem-estimate=24.00KB mem-reservation=0B thread-reservation=0
  |     tuple-ids=29 row-size=20B cardinality=0
  |     in pipelines: 29(GETNEXT)
  |
  28:SCAN HDFS [default.impala_tpcds_web_sales, RANDOM]
     HDFS partitions=1/1 files=0 size=0B
     predicates: default.impala_tpcds_web_sales.ws_item_sk IS NOT NULL, default.impala_tpcds_web_sales.ws_sold_date_sk IS NOT NULL
     stored statistics:
       table: rows=0 size=0B
       columns: unavailable
     extrapolated-rows=disabled max-scan-range-rows=0
     mem-estimate=0B mem-reservation=0B thread-reservation=0
     tuple-ids=27 row-size=16B cardinality=0
     in pipelines: 28(GETNEXT)

F17:PLAN FRAGMENT [RANDOM] hosts=1 instances=1
Per-Host Resources: mem-estimate=0B mem-reservation=0B thread-reservation=1
  DATASTREAM SINK [FRAGMENT=F16, EXCHANGE=62, BROADCAST]
  |  mem-estimate=0B mem-reservation=0B thread-reservation=0
  29:SCAN HDFS [default.impala_tpcds_item, RANDOM]
     HDFS partitions=1/1 files=0 size=0B
     predicates: default.impala_tpcds_item_1.i_item_id IS NOT NULL, default.impala_tpcds_item_1.i_item_sk IS NOT NULL
     stored statistics:
       table: rows=0 size=0B
       columns: unavailable
     extrapolated-rows=disabled max-scan-range-rows=0
     mem-estimate=0B mem-reservation=0B thread-reservation=0
     tuple-ids=29 row-size=20B cardinality=0
     in pipelines: 29(GETNEXT)

F18:PLAN FRAGMENT [RANDOM] hosts=1 instances=1
Per-Host Resources: mem-estimate=0B mem-reservation=0B thread-reservation=1
  DATASTREAM SINK [FRAGMENT=F16, EXCHANGE=63, BROADCAST]
  |  mem-estimate=0B mem-reservation=0B thread-reservation=0
  31:SCAN HDFS [default.impala_tpcds_date_dim, RANDOM]
     HDFS partitions=1/1 files=0 size=0B
     predicates: default.impala_tpcds_date_dim_7.d_date IS NOT NULL, default.impala_tpcds_date_dim_7.d_date_sk IS NOT NULL
     stored statistics:
       table: rows=0 size=0B
       columns: unavailable
     extrapolated-rows=disabled max-scan-range-rows=0
     mem-estimate=0B mem-reservation=0B thread-reservation=0
     tuple-ids=31 row-size=16B cardinality=0
     in pipelines: 31(GETNEXT)

F20:PLAN FRAGMENT [UNPARTITIONED] hosts=1 instances=1
Per-Host Resources: mem-estimate=10.05MB mem-reservation=0B thread-reservation=1
  DATASTREAM SINK [FRAGMENT=F16, EXCHANGE=68, BROADCAST]
  |  mem-estimate=0B mem-reservation=0B thread-reservation=0
  38:NESTED LOOP JOIN [CROSS JOIN, BROADCAST]
  |  mem-estimate=0B mem-reservation=0B thread-reservation=0
  |  tuple-ids=39,33,35 row-size=40B cardinality=0
  |  in pipelines: 65(GETNEXT), 33(OPEN)
  |
  |--67:EXCHANGE [UNPARTITIONED]
  |     mem-estimate=40.00KB mem-reservation=0B thread-reservation=0
  |     tuple-ids=33,35 row-size=32B cardinality=0
  |     in pipelines: 33(GETNEXT)
  |
  65:AGGREGATE [FINALIZE]
  |  output: _impala_builtins.count:merge()
  |  having: sq_count_check(_impala_builtins.count()) <= CAST(1 AS BIGINT)
  |  mem-estimate=10.00MB mem-reservation=0B spill-buffer=2.00MB thread-reservation=0
  |  tuple-ids=39 row-size=8B cardinality=1
  |  in pipelines: 65(GETNEXT), 37(OPEN)
  |
  64:EXCHANGE [UNPARTITIONED]
     mem-estimate=16.00KB mem-reservation=0B thread-reservation=0
     tuple-ids=39 row-size=8B cardinality=1
     in pipelines: 37(GETNEXT)

F19:PLAN FRAGMENT [RANDOM] hosts=1 instances=1
Per-Host Resources: mem-estimate=10.00MB mem-reservation=0B thread-reservation=1
  DATASTREAM SINK [FRAGMENT=F20, EXCHANGE=64, UNPARTITIONED]
  |  mem-estimate=0B mem-reservation=0B thread-reservation=0
  37:AGGREGATE
  |  output: count()
  |  mem-estimate=10.00MB mem-reservation=0B spill-buffer=2.00MB thread-reservation=0
  |  tuple-ids=39 row-size=8B cardinality=1
  |  in pipelines: 37(GETNEXT), 36(OPEN)
  |
  36:SCAN HDFS [default.impala_tpcds_date_dim, RANDOM]
     HDFS partitions=1/1 files=0 size=0B
     predicates: default.impala_tpcds_date_dim_10.d_date = '1998-02-21'
     stored statistics:
       table: rows=0 size=0B
       columns: unavailable
     extrapolated-rows=disabled max-scan-range-rows=0
     parquet statistics predicates: default.impala_tpcds_date_dim_10.d_date = '1998-02-21'
     mem-estimate=0B mem-reservation=0B thread-reservation=0
     tuple-ids=37 row-size=12B cardinality=0
     in pipelines: 36(GETNEXT)

F21:PLAN FRAGMENT [RANDOM] hosts=1 instances=1
Per-Host Resources: mem-estimate=1.96MB mem-reservation=1.94MB thread-reservation=1
  DATASTREAM SINK [FRAGMENT=F20, EXCHANGE=67, UNPARTITIONED]
  |  mem-estimate=0B mem-reservation=0B thread-reservation=0
  35:HASH JOIN [INNER JOIN, BROADCAST]
  |  hash predicates: default.impala_tpcds_date_dim_8.d_week_seq = default.impala_tpcds_date_dim_9.d_week_seq
  |  fk/pk conjuncts: assumed fk/pk
  |  mem-estimate=1.94MB mem-reservation=1.94MB spill-buffer=64.00KB thread-reservation=0
  |  tuple-ids=33,35 row-size=32B cardinality=0
  |  in pipelines: 33(GETNEXT), 34(OPEN)
  |
  |--66:EXCHANGE [BROADCAST]
  |     mem-estimate=20.00KB mem-reservation=0B thread-reservation=0
  |     tuple-ids=35 row-size=16B cardinality=0
  |     in pipelines: 34(GETNEXT)
  |
  33:SCAN HDFS [default.impala_tpcds_date_dim, RANDOM]
     HDFS partitions=1/1 files=0 size=0B
     predicates: default.impala_tpcds_date_dim_8.d_date IS NOT NULL, default.impala_tpcds_date_dim_8.d_week_seq IS NOT NULL
     stored statistics:
       table: rows=0 size=0B
       columns: unavailable
     extrapolated-rows=disabled max-scan-range-rows=0
     mem-estimate=0B mem-reservation=0B thread-reservation=0
     tuple-ids=33 row-size=16B cardinality=0
     in pipelines: 33(GETNEXT)

F22:PLAN FRAGMENT [RANDOM] hosts=1 instances=1
Per-Host Resources: mem-estimate=0B mem-reservation=0B thread-reservation=1
  DATASTREAM SINK [FRAGMENT=F21, EXCHANGE=66, BROADCAST]
  |  mem-estimate=0B mem-reservation=0B thread-reservation=0
  34:SCAN HDFS [default.impala_tpcds_date_dim, RANDOM]
     HDFS partitions=1/1 files=0 size=0B
     predicates: default.impala_tpcds_date_dim_9.d_week_seq IS NOT NULL, default.impala_tpcds_date_dim_9.d_date = '1998-02-21'
     stored statistics:
       table: rows=0 size=0B
       columns: unavailable
     extrapolated-rows=disabled max-scan-range-rows=0
     parquet statistics predicates: default.impala_tpcds_date_dim_9.d_date = '1998-02-21'
     mem-estimate=0B mem-reservation=0B thread-reservation=0
     tuple-ids=35 row-size=16B cardinality=0
     in pipelines: 34(GETNEXT)


  Stage: Stage-0
    Fetch Operator
      limit: -1
      Processor Tree:
        ListSink

