PREHOOK: query: explain cbo select  
   sum(ws_ext_discount_amt)  as `Excess Discount Amount` 
from 
    impala_tpcds_web_sales 
   ,impala_tpcds_item 
   ,impala_tpcds_date_dim
where
i_manufact_id = 356
and i_item_sk = ws_item_sk 
and d_date between '2001-03-12' and 
        (cast('2001-03-12' as date) + 90 days)
and d_date_sk = ws_sold_date_sk 
and ws_ext_discount_amt  
     > ( 
         SELECT 
            1.3 * avg(ws_ext_discount_amt) 
         FROM 
            impala_tpcds_web_sales 
           ,impala_tpcds_date_dim
         WHERE 
              ws_item_sk = i_item_sk 
          and d_date between '2001-03-12' and
                             (cast('2001-03-12' as date) + 90 days)
          and d_date_sk = ws_sold_date_sk 
      ) 
order by sum(ws_ext_discount_amt)
limit 100
PREHOOK: type: QUERY
PREHOOK: Input: default@impala_tpcds_date_dim
PREHOOK: Input: default@impala_tpcds_item
PREHOOK: Input: default@impala_tpcds_web_sales
PREHOOK: Output: hdfs://### HDFS PATH ###
POSTHOOK: query: explain cbo select  
   sum(ws_ext_discount_amt)  as `Excess Discount Amount` 
from 
    impala_tpcds_web_sales 
   ,impala_tpcds_item 
   ,impala_tpcds_date_dim
where
i_manufact_id = 356
and i_item_sk = ws_item_sk 
and d_date between '2001-03-12' and 
        (cast('2001-03-12' as date) + 90 days)
and d_date_sk = ws_sold_date_sk 
and ws_ext_discount_amt  
     > ( 
         SELECT 
            1.3 * avg(ws_ext_discount_amt) 
         FROM 
            impala_tpcds_web_sales 
           ,impala_tpcds_date_dim
         WHERE 
              ws_item_sk = i_item_sk 
          and d_date between '2001-03-12' and
                             (cast('2001-03-12' as date) + 90 days)
          and d_date_sk = ws_sold_date_sk 
      ) 
order by sum(ws_ext_discount_amt)
limit 100
POSTHOOK: type: QUERY
POSTHOOK: Input: default@impala_tpcds_date_dim
POSTHOOK: Input: default@impala_tpcds_item
POSTHOOK: Input: default@impala_tpcds_web_sales
POSTHOOK: Output: hdfs://### HDFS PATH ###
CBO PLAN:
ImpalaProjectPassthroughRel(excess discount amount=[$0])
  ImpalaSortRel(sort0=[$1], dir0=[ASC], fetch=[100])
    ImpalaProjectRel(excess discount amount=[$0], (tok_function sum (tok_table_or_col ws_ext_discount_amt))=[$0])
      ImpalaAggregateRel(group=[{}], agg#0=[sum($2)])
        ImpalaJoinRel(condition=[AND(=($5, $3), >($2, $6))], joinType=[inner])
          ImpalaJoinRel(condition=[=($4, $0)], joinType=[inner])
            ImpalaJoinRel(condition=[=($3, $1)], joinType=[inner])
              ImpalaProjectPassthroughRel(ws_sold_date_sk=[$0], ws_item_sk=[$3], ws_ext_discount_amt=[$22])
                ImpalaHdfsScanRel(table=[[default, impala_tpcds_web_sales]], condition=[AND(IS NOT NULL($3), IS NOT NULL($0), IS NOT NULL($22))])
              ImpalaProjectPassthroughRel(i_item_sk=[$0])
                ImpalaHdfsScanRel(table=[[default, impala_tpcds_item]], condition=[AND(=($13, 356), IS NOT NULL($0))])
            ImpalaProjectPassthroughRel(d_date_sk=[$0])
              ImpalaHdfsScanRel(table=[[default, impala_tpcds_date_dim]], condition=[AND(BETWEEN(false, CAST($2):TIMESTAMP(9), 2001-03-12 00:00:00:TIMESTAMP(9), +(CAST(CAST(2001-03-12:DATE):DATE):TIMESTAMP(9), 7776000000.000000:INTERVAL MILLISECOND)), IS NOT NULL($0))])
          ImpalaProjectPassthroughRel(ws_item_sk=[$0], *=[*(1.3:DECIMAL(2, 1), CAST(/($1, CAST($2):DECIMAL(19, 0))):DECIMAL(11, 6))])
            ImpalaAggregateRel(group=[{1}], agg#0=[sum($2)], agg#1=[count($2)], condition=[IS NOT NULL(CAST(/($1, CAST($2):DECIMAL(19, 0))):DECIMAL(11, 6))])
              ImpalaJoinRel(condition=[=($3, $0)], joinType=[inner])
                ImpalaProjectPassthroughRel(ws_sold_date_sk=[$0], ws_item_sk=[$3], ws_ext_discount_amt=[$22])
                  ImpalaHdfsScanRel(table=[[default, impala_tpcds_web_sales]], condition=[AND(IS NOT NULL($3), IS NOT NULL($0))])
                ImpalaProjectPassthroughRel(d_date_sk=[$0])
                  ImpalaHdfsScanRel(table=[[default, impala_tpcds_date_dim]], condition=[AND(BETWEEN(false, CAST($2):TIMESTAMP(9), CAST(_UTF-16LE'2001-03-12':VARCHAR(2147483647) CHARACTER SET "UTF-16LE"):TIMESTAMP(9) NOT NULL, +(CAST(CAST(_UTF-16LE'2001-03-12':VARCHAR(2147483647) CHARACTER SET "UTF-16LE"):DATE):TIMESTAMP(9), 7776000000.000000:INTERVAL MILLISECOND)), IS NOT NULL($0))])

PREHOOK: query: explain select  
   sum(ws_ext_discount_amt)  as `Excess Discount Amount` 
from 
    impala_tpcds_web_sales 
   ,impala_tpcds_item 
   ,impala_tpcds_date_dim
where
i_manufact_id = 356
and i_item_sk = ws_item_sk 
and d_date between '2001-03-12' and 
        (cast('2001-03-12' as date) + 90 days)
and d_date_sk = ws_sold_date_sk 
and ws_ext_discount_amt  
     > ( 
         SELECT 
            1.3 * avg(ws_ext_discount_amt) 
         FROM 
            impala_tpcds_web_sales 
           ,impala_tpcds_date_dim
         WHERE 
              ws_item_sk = i_item_sk 
          and d_date between '2001-03-12' and
                             (cast('2001-03-12' as date) + 90 days)
          and d_date_sk = ws_sold_date_sk 
      ) 
order by sum(ws_ext_discount_amt)
limit 100
PREHOOK: type: QUERY
PREHOOK: Input: default@impala_tpcds_date_dim
PREHOOK: Input: default@impala_tpcds_item
PREHOOK: Input: default@impala_tpcds_web_sales
PREHOOK: Output: hdfs://### HDFS PATH ###
POSTHOOK: query: explain select  
   sum(ws_ext_discount_amt)  as `Excess Discount Amount` 
from 
    impala_tpcds_web_sales 
   ,impala_tpcds_item 
   ,impala_tpcds_date_dim
where
i_manufact_id = 356
and i_item_sk = ws_item_sk 
and d_date between '2001-03-12' and 
        (cast('2001-03-12' as date) + 90 days)
and d_date_sk = ws_sold_date_sk 
and ws_ext_discount_amt  
     > ( 
         SELECT 
            1.3 * avg(ws_ext_discount_amt) 
         FROM 
            impala_tpcds_web_sales 
           ,impala_tpcds_date_dim
         WHERE 
              ws_item_sk = i_item_sk 
          and d_date between '2001-03-12' and
                             (cast('2001-03-12' as date) + 90 days)
          and d_date_sk = ws_sold_date_sk 
      ) 
order by sum(ws_ext_discount_amt)
limit 100
POSTHOOK: type: QUERY
POSTHOOK: Input: default@impala_tpcds_date_dim
POSTHOOK: Input: default@impala_tpcds_item
POSTHOOK: Input: default@impala_tpcds_web_sales
POSTHOOK: Output: hdfs://### HDFS PATH ###
STAGE DEPENDENCIES:
  Stage-1 is a root stage
  Stage-0 is a root stage

STAGE PLANS:
  Stage: Stage-1
    Impala
      Impala Plan: 
F07:PLAN FRAGMENT [UNPARTITIONED] hosts=1 instances=1
Per-Host Resources: mem-estimate=10.02MB mem-reservation=0B thread-reservation=1
  PLAN-ROOT SINK
  |  output exprs: _impala_builtins.sum(default.impala_tpcds_web_sales.ws_ext_discount_amt)
  |  mem-estimate=0B mem-reservation=0B thread-reservation=0
  |
  12:TOP-N [LIMIT=100]
  |  order by: _impala_builtins.sum(default.impala_tpcds_web_sales.ws_ext_discount_amt) ASC NULLS LAST
  |  mem-estimate=32B mem-reservation=0B thread-reservation=0
  |  tuple-ids=13 row-size=32B cardinality=1
  |  in pipelines: 12(GETNEXT), 20(OPEN)
  |
  00:UNION
  |  mem-estimate=0B mem-reservation=0B thread-reservation=0
  |  tuple-ids=12 row-size=32B cardinality=1
  |  in pipelines: 20(GETNEXT)
  |
  20:AGGREGATE [FINALIZE]
  |  output: _impala_builtins.sum:merge(default.impala_tpcds_web_sales.ws_ext_discount_amt)
  |  mem-estimate=10.00MB mem-reservation=0B spill-buffer=2.00MB thread-reservation=0
  |  tuple-ids=11 row-size=16B cardinality=1
  |  in pipelines: 20(GETNEXT), 11(OPEN)
  |
  19:EXCHANGE [UNPARTITIONED]
     mem-estimate=16.00KB mem-reservation=0B thread-reservation=0
     tuple-ids=11 row-size=16B cardinality=1
     in pipelines: 11(GETNEXT)

F00:PLAN FRAGMENT [RANDOM] hosts=1 instances=1
Per-Host Resources: mem-estimate=15.81MB mem-reservation=5.81MB thread-reservation=1
  DATASTREAM SINK [FRAGMENT=F07, EXCHANGE=19, UNPARTITIONED]
  |  mem-estimate=0B mem-reservation=0B thread-reservation=0
  11:AGGREGATE
  |  output: sum(default.impala_tpcds_web_sales.ws_ext_discount_amt)
  |  mem-estimate=10.00MB mem-reservation=0B spill-buffer=2.00MB thread-reservation=0
  |  tuple-ids=11 row-size=16B cardinality=1
  |  in pipelines: 11(GETNEXT), 01(OPEN)
  |
  10:HASH JOIN [INNER JOIN, BROADCAST]
  |  hash predicates: default.impala_tpcds_item.i_item_sk = default.impala_tpcds_web_sales_0.ws_item_sk
  |  fk/pk conjuncts: assumed fk/pk
  |  other join predicates: default.impala_tpcds_web_sales.ws_ext_discount_amt > multiply(CAST(1.3 AS DECIMAL(2,1)), casttodecimal(divide(_impala_builtins.sum(default.impala_tpcds_web_sales_0.ws_ext_discount_amt), casttodecimal(_impala_builtins.count(default.impala_tpcds_web_sales_0.ws_ext_discount_amt)))))
  |  mem-estimate=1.94MB mem-reservation=1.94MB spill-buffer=64.00KB thread-reservation=0
  |  tuple-ids=0,2,4,10 row-size=76B cardinality=0
  |  in pipelines: 01(GETNEXT), 17(OPEN)
  |
  |--18:EXCHANGE [BROADCAST]
  |     mem-estimate=36.00KB mem-reservation=0B thread-reservation=0
  |     tuple-ids=10 row-size=32B cardinality=0
  |     in pipelines: 17(GETNEXT)
  |
  05:HASH JOIN [INNER JOIN, BROADCAST]
  |  hash predicates: default.impala_tpcds_web_sales.ws_sold_date_sk = default.impala_tpcds_date_dim.d_date_sk
  |  fk/pk conjuncts: assumed fk/pk
  |  mem-estimate=1.94MB mem-reservation=1.94MB spill-buffer=64.00KB thread-reservation=0
  |  tuple-ids=0,2,4 row-size=44B cardinality=0
  |  in pipelines: 01(GETNEXT), 04(OPEN)
  |
  |--14:EXCHANGE [BROADCAST]
  |     mem-estimate=20.00KB mem-reservation=0B thread-reservation=0
  |     tuple-ids=4 row-size=16B cardinality=0
  |     in pipelines: 04(GETNEXT)
  |
  03:HASH JOIN [INNER JOIN, BROADCAST]
  |  hash predicates: default.impala_tpcds_web_sales.ws_item_sk = default.impala_tpcds_item.i_item_sk
  |  fk/pk conjuncts: assumed fk/pk
  |  mem-estimate=1.94MB mem-reservation=1.94MB spill-buffer=64.00KB thread-reservation=0
  |  tuple-ids=0,2 row-size=28B cardinality=0
  |  in pipelines: 01(GETNEXT), 02(OPEN)
  |
  |--13:EXCHANGE [BROADCAST]
  |     mem-estimate=16.00KB mem-reservation=0B thread-reservation=0
  |     tuple-ids=2 row-size=12B cardinality=0
  |     in pipelines: 02(GETNEXT)
  |
  01:SCAN HDFS [default.impala_tpcds_web_sales, RANDOM]
     HDFS partitions=1/1 files=0 size=0B
     predicates: default.impala_tpcds_web_sales.ws_ext_discount_amt IS NOT NULL, default.impala_tpcds_web_sales.ws_item_sk IS NOT NULL, default.impala_tpcds_web_sales.ws_sold_date_sk IS NOT NULL
     stored statistics:
       table: rows=unavailable size=unavailable
       columns: unavailable
     extrapolated-rows=disabled max-scan-range-rows=0
     mem-estimate=0B mem-reservation=0B thread-reservation=0
     tuple-ids=0 row-size=16B cardinality=0
     in pipelines: 01(GETNEXT)

F01:PLAN FRAGMENT [RANDOM] hosts=1 instances=1
Per-Host Resources: mem-estimate=0B mem-reservation=0B thread-reservation=1
  DATASTREAM SINK [FRAGMENT=F00, EXCHANGE=13, BROADCAST]
  |  mem-estimate=0B mem-reservation=0B thread-reservation=0
  02:SCAN HDFS [default.impala_tpcds_item, RANDOM]
     HDFS partitions=1/1 files=0 size=0B
     predicates: default.impala_tpcds_item.i_item_sk IS NOT NULL, default.impala_tpcds_item.i_manufact_id = CAST(356 AS INT)
     stored statistics:
       table: rows=unavailable size=unavailable
       columns: unavailable
     extrapolated-rows=disabled max-scan-range-rows=0
     parquet statistics predicates: default.impala_tpcds_item.i_manufact_id = CAST(356 AS INT)
     mem-estimate=0B mem-reservation=0B thread-reservation=0
     tuple-ids=2 row-size=12B cardinality=0
     in pipelines: 02(GETNEXT)

F02:PLAN FRAGMENT [RANDOM] hosts=1 instances=1
Per-Host Resources: mem-estimate=0B mem-reservation=0B thread-reservation=1
  DATASTREAM SINK [FRAGMENT=F00, EXCHANGE=14, BROADCAST]
  |  mem-estimate=0B mem-reservation=0B thread-reservation=0
  04:SCAN HDFS [default.impala_tpcds_date_dim, RANDOM]
     HDFS partitions=1/1 files=0 size=0B
     predicates: default.impala_tpcds_date_dim.d_date_sk IS NOT NULL, casttotimestamp(default.impala_tpcds_date_dim.d_date) >= _impala_builtins.casttotimestamp('2001-03-12 00:00:00') AND casttotimestamp(default.impala_tpcds_date_dim.d_date) <= MILLISECONDS_ADD(casttotimestamp(DATE '2001-03-12'), INTERVAL CAST(7776000000 AS BIGINT) MILLISECOND)
     stored statistics:
       table: rows=unavailable size=unavailable
       columns: unavailable
     extrapolated-rows=disabled max-scan-range-rows=0
     mem-estimate=0B mem-reservation=0B thread-reservation=0
     tuple-ids=4 row-size=16B cardinality=0
     in pipelines: 04(GETNEXT)

F05:PLAN FRAGMENT [HASH(default.impala_tpcds_web_sales_0.ws_item_sk)] hosts=1 instances=1
Per-Host Resources: mem-estimate=128.04MB mem-reservation=34.00MB thread-reservation=1
  DATASTREAM SINK [FRAGMENT=F00, EXCHANGE=18, BROADCAST]
  |  mem-estimate=0B mem-reservation=0B thread-reservation=0
  17:AGGREGATE [FINALIZE]
  |  output: _impala_builtins.sum:merge(default.impala_tpcds_web_sales_0.ws_ext_discount_amt), _impala_builtins.count:merge(default.impala_tpcds_web_sales_0.ws_ext_discount_amt)
  |  group by: default.impala_tpcds_web_sales_0.ws_item_sk
  |  having: casttodecimal(divide(_impala_builtins.sum(default.impala_tpcds_web_sales_0.ws_ext_discount_amt), casttodecimal(_impala_builtins.count(default.impala_tpcds_web_sales_0.ws_ext_discount_amt)))) IS NOT NULL
  |  mem-estimate=128.00MB mem-reservation=34.00MB spill-buffer=2.00MB thread-reservation=0
  |  tuple-ids=10 row-size=32B cardinality=0
  |  in pipelines: 17(GETNEXT), 06(OPEN)
  |
  16:EXCHANGE [HASH(default.impala_tpcds_web_sales_0.ws_item_sk)]
     mem-estimate=36.00KB mem-reservation=0B thread-reservation=0
     tuple-ids=10 row-size=32B cardinality=0
     in pipelines: 06(GETNEXT)

F03:PLAN FRAGMENT [RANDOM] hosts=1 instances=1
Per-Host Resources: mem-estimate=129.96MB mem-reservation=35.94MB thread-reservation=1
  DATASTREAM SINK [FRAGMENT=F05, EXCHANGE=16, HASH(default.impala_tpcds_web_sales_0.ws_item_sk)]
  |  mem-estimate=0B mem-reservation=0B thread-reservation=0
  09:AGGREGATE [STREAMING]
  |  output: sum(default.impala_tpcds_web_sales_0.ws_ext_discount_amt), count(default.impala_tpcds_web_sales_0.ws_ext_discount_amt)
  |  group by: default.impala_tpcds_web_sales_0.ws_item_sk
  |  mem-estimate=128.00MB mem-reservation=34.00MB spill-buffer=2.00MB thread-reservation=0
  |  tuple-ids=10 row-size=32B cardinality=0
  |  in pipelines: 06(GETNEXT)
  |
  08:HASH JOIN [INNER JOIN, BROADCAST]
  |  hash predicates: default.impala_tpcds_web_sales_0.ws_sold_date_sk = default.impala_tpcds_date_dim_0.d_date_sk
  |  fk/pk conjuncts: assumed fk/pk
  |  mem-estimate=1.94MB mem-reservation=1.94MB spill-buffer=64.00KB thread-reservation=0
  |  tuple-ids=6,8 row-size=32B cardinality=0
  |  in pipelines: 06(GETNEXT), 07(OPEN)
  |
  |--15:EXCHANGE [BROADCAST]
  |     mem-estimate=20.00KB mem-reservation=0B thread-reservation=0
  |     tuple-ids=8 row-size=16B cardinality=0
  |     in pipelines: 07(GETNEXT)
  |
  06:SCAN HDFS [default.impala_tpcds_web_sales, RANDOM]
     HDFS partitions=1/1 files=0 size=0B
     predicates: default.impala_tpcds_web_sales_0.ws_item_sk IS NOT NULL, default.impala_tpcds_web_sales_0.ws_sold_date_sk IS NOT NULL
     stored statistics:
       table: rows=unavailable size=unavailable
       columns: unavailable
     extrapolated-rows=disabled max-scan-range-rows=0
     mem-estimate=0B mem-reservation=0B thread-reservation=0
     tuple-ids=6 row-size=16B cardinality=0
     in pipelines: 06(GETNEXT)

F04:PLAN FRAGMENT [RANDOM] hosts=1 instances=1
Per-Host Resources: mem-estimate=0B mem-reservation=0B thread-reservation=1
  DATASTREAM SINK [FRAGMENT=F03, EXCHANGE=15, BROADCAST]
  |  mem-estimate=0B mem-reservation=0B thread-reservation=0
  07:SCAN HDFS [default.impala_tpcds_date_dim, RANDOM]
     HDFS partitions=1/1 files=0 size=0B
     predicates: default.impala_tpcds_date_dim_0.d_date_sk IS NOT NULL, casttotimestamp(default.impala_tpcds_date_dim_0.d_date) >= casttotimestamp('2001-03-12') AND casttotimestamp(default.impala_tpcds_date_dim_0.d_date) <= MILLISECONDS_ADD(casttotimestamp(casttodate('2001-03-12')), INTERVAL CAST(7776000000 AS BIGINT) MILLISECOND)
     stored statistics:
       table: rows=unavailable size=unavailable
       columns: unavailable
     extrapolated-rows=disabled max-scan-range-rows=0
     mem-estimate=0B mem-reservation=0B thread-reservation=0
     tuple-ids=8 row-size=16B cardinality=0
     in pipelines: 07(GETNEXT)


  Stage: Stage-0
    Fetch Operator
      limit: -1
      Processor Tree:
        ListSink

