PREHOOK: query: explain cbo select  ca_zip, ca_county, sum(ws_sales_price)
 from impala_tpcds_web_sales, impala_tpcds_customer, impala_tpcds_customer_address, impala_tpcds_date_dim, impala_tpcds_item
 where ws_bill_customer_sk = c_customer_sk
      and c_current_addr_sk = ca_address_sk 
      and ws_item_sk = i_item_sk 
      and ( substr(ca_zip,1,5) in ('85669', '86197','88274','83405','86475', '85392', '85460', '80348', '81792')
            or 
            i_item_id in (select i_item_id
                             from impala_tpcds_item
                             where i_item_sk in (2, 3, 5, 7, 11, 13, 17, 19, 23, 29)
                             )
          )
      and ws_sold_date_sk = d_date_sk
      and d_qoy = 1 and d_year = 1998
 group by ca_zip, ca_county
 order by ca_zip, ca_county
 limit 100
PREHOOK: type: QUERY
PREHOOK: Input: default@impala_tpcds_customer
PREHOOK: Input: default@impala_tpcds_customer_address
PREHOOK: Input: default@impala_tpcds_date_dim
PREHOOK: Input: default@impala_tpcds_item
PREHOOK: Input: default@impala_tpcds_web_sales
PREHOOK: Output: streaming
POSTHOOK: query: explain cbo select  ca_zip, ca_county, sum(ws_sales_price)
 from impala_tpcds_web_sales, impala_tpcds_customer, impala_tpcds_customer_address, impala_tpcds_date_dim, impala_tpcds_item
 where ws_bill_customer_sk = c_customer_sk
      and c_current_addr_sk = ca_address_sk 
      and ws_item_sk = i_item_sk 
      and ( substr(ca_zip,1,5) in ('85669', '86197','88274','83405','86475', '85392', '85460', '80348', '81792')
            or 
            i_item_id in (select i_item_id
                             from impala_tpcds_item
                             where i_item_sk in (2, 3, 5, 7, 11, 13, 17, 19, 23, 29)
                             )
          )
      and ws_sold_date_sk = d_date_sk
      and d_qoy = 1 and d_year = 1998
 group by ca_zip, ca_county
 order by ca_zip, ca_county
 limit 100
POSTHOOK: type: QUERY
POSTHOOK: Input: default@impala_tpcds_customer
POSTHOOK: Input: default@impala_tpcds_customer_address
POSTHOOK: Input: default@impala_tpcds_date_dim
POSTHOOK: Input: default@impala_tpcds_item
POSTHOOK: Input: default@impala_tpcds_web_sales
CBO PLAN:
ImpalaSortRel(sort0=[$0], sort1=[$1], dir0=[ASC], dir1=[ASC], fetch=[100])
  ImpalaProjectRel(ca_zip=[$1], ca_county=[$0], $f2=[$2])
    ImpalaAggregateRel(group=[{7, 8}], agg#0=[sum($3)])
      ImpalaProjectRel(ws_sold_date_sk=[$0], ws_item_sk=[$1], ws_bill_customer_sk=[$2], ws_sales_price=[$3], c_customer_sk=[$10], c_current_addr_sk=[$11], ca_address_sk=[$7], ca_county=[$8], ca_zip=[$9], d_date_sk=[$4], d_year=[$5], d_qoy=[$6], i_item_sk=[$12], i_item_id=[$13], c=[$14], i_item_id0=[$15], literalTrue=[$16], condition=[OR(AND(<>($14, 0), IS NOT NULL($16)), IN(SUBSTRING($8, 1:BIGINT, 5:BIGINT), _UTF-16LE'85669':VARCHAR(2147483647) CHARACTER SET "UTF-16LE", _UTF-16LE'86197':VARCHAR(2147483647) CHARACTER SET "UTF-16LE", _UTF-16LE'88274':VARCHAR(2147483647) CHARACTER SET "UTF-16LE", _UTF-16LE'83405':VARCHAR(2147483647) CHARACTER SET "UTF-16LE", _UTF-16LE'86475':VARCHAR(2147483647) CHARACTER SET "UTF-16LE", _UTF-16LE'85392':VARCHAR(2147483647) CHARACTER SET "UTF-16LE", _UTF-16LE'85460':VARCHAR(2147483647) CHARACTER SET "UTF-16LE", _UTF-16LE'80348':VARCHAR(2147483647) CHARACTER SET "UTF-16LE", _UTF-16LE'81792':VARCHAR(2147483647) CHARACTER SET "UTF-16LE"))])
        ImpalaJoinRel(condition=[=($1, $12)], joinType=[inner])
          ImpalaJoinRel(condition=[=($2, $10)], joinType=[inner])
            ImpalaJoinRel(condition=[=($0, $4)], joinType=[inner])
              ImpalaProjectPassthroughRel(ws_sold_date_sk=[$0], ws_item_sk=[$3], ws_bill_customer_sk=[$4], ws_sales_price=[$21])
                ImpalaHdfsScanRel(table=[[default, impala_tpcds_web_sales]], condition=[AND(IS NOT NULL($4), IS NOT NULL($0), IS NOT NULL($3))])
              ImpalaProjectPassthroughRel(d_date_sk=[$0], d_year=[CAST(1998):INTEGER], d_qoy=[CAST(1):INTEGER])
                ImpalaHdfsScanRel(table=[[default, impala_tpcds_date_dim]], condition=[AND(=($10, 1), =($6, 1998), IS NOT NULL($0))])
            ImpalaJoinRel(condition=[=($4, $0)], joinType=[inner])
              ImpalaProjectPassthroughRel(ca_address_sk=[$0], ca_county=[$7], ca_zip=[$9])
                ImpalaHdfsScanRel(table=[[default, impala_tpcds_customer_address]], condition=[IS NOT NULL($0)])
              ImpalaProjectPassthroughRel(c_customer_sk=[$0], c_current_addr_sk=[$4])
                ImpalaHdfsScanRel(table=[[default, impala_tpcds_customer]], condition=[AND(IS NOT NULL($0), IS NOT NULL($4))])
          ImpalaJoinRel(condition=[=($1, $3)], joinType=[left])
            ImpalaJoinRel(condition=[true], joinType=[inner])
              ImpalaProjectPassthroughRel(i_item_sk=[$0], i_item_id=[$1])
                ImpalaHdfsScanRel(table=[[default, impala_tpcds_item]], condition=[IS NOT NULL($0)])
              ImpalaAggregateRel(group=[{}], c=[COUNT()])
                ImpalaHdfsScanRel(table=[[default, impala_tpcds_item]], condition=[IN($0, 2:BIGINT, 3:BIGINT, 5:BIGINT, 7:BIGINT, 11:BIGINT, 13:BIGINT, 17:BIGINT, 19:BIGINT, 23:BIGINT, 29:BIGINT)])
            ImpalaProjectPassthroughRel(i_item_id=[$0], literalTrue=[true])
              ImpalaAggregateRel(group=[{1}])
                ImpalaHdfsScanRel(table=[[default, impala_tpcds_item]], condition=[AND(IN($0, 2:BIGINT, 3:BIGINT, 5:BIGINT, 7:BIGINT, 11:BIGINT, 13:BIGINT, 17:BIGINT, 19:BIGINT, 23:BIGINT, 29:BIGINT), IS NOT NULL($1))])

PREHOOK: query: explain select  ca_zip, ca_county, sum(ws_sales_price)
 from impala_tpcds_web_sales, impala_tpcds_customer, impala_tpcds_customer_address, impala_tpcds_date_dim, impala_tpcds_item
 where ws_bill_customer_sk = c_customer_sk
      and c_current_addr_sk = ca_address_sk 
      and ws_item_sk = i_item_sk 
      and ( substr(ca_zip,1,5) in ('85669', '86197','88274','83405','86475', '85392', '85460', '80348', '81792')
            or 
            i_item_id in (select i_item_id
                             from impala_tpcds_item
                             where i_item_sk in (2, 3, 5, 7, 11, 13, 17, 19, 23, 29)
                             )
          )
      and ws_sold_date_sk = d_date_sk
      and d_qoy = 1 and d_year = 1998
 group by ca_zip, ca_county
 order by ca_zip, ca_county
 limit 100
PREHOOK: type: QUERY
PREHOOK: Input: default@impala_tpcds_customer
PREHOOK: Input: default@impala_tpcds_customer_address
PREHOOK: Input: default@impala_tpcds_date_dim
PREHOOK: Input: default@impala_tpcds_item
PREHOOK: Input: default@impala_tpcds_web_sales
PREHOOK: Output: streaming
POSTHOOK: query: explain select  ca_zip, ca_county, sum(ws_sales_price)
 from impala_tpcds_web_sales, impala_tpcds_customer, impala_tpcds_customer_address, impala_tpcds_date_dim, impala_tpcds_item
 where ws_bill_customer_sk = c_customer_sk
      and c_current_addr_sk = ca_address_sk 
      and ws_item_sk = i_item_sk 
      and ( substr(ca_zip,1,5) in ('85669', '86197','88274','83405','86475', '85392', '85460', '80348', '81792')
            or 
            i_item_id in (select i_item_id
                             from impala_tpcds_item
                             where i_item_sk in (2, 3, 5, 7, 11, 13, 17, 19, 23, 29)
                             )
          )
      and ws_sold_date_sk = d_date_sk
      and d_qoy = 1 and d_year = 1998
 group by ca_zip, ca_county
 order by ca_zip, ca_county
 limit 100
POSTHOOK: type: QUERY
POSTHOOK: Input: default@impala_tpcds_customer
POSTHOOK: Input: default@impala_tpcds_customer_address
POSTHOOK: Input: default@impala_tpcds_date_dim
POSTHOOK: Input: default@impala_tpcds_item
POSTHOOK: Input: default@impala_tpcds_web_sales
STAGE DEPENDENCIES:
  Stage-1 is a root stage
  Stage-0 is a root stage

STAGE PLANS:
  Stage: Stage-1
    Impala
      Impala Plan: 
F12:PLAN FRAGMENT [UNPARTITIONED] hosts=1 instances=1
Per-Host Resources: mem-estimate=44.00KB mem-reservation=0B thread-reservation=1
  PLAN-ROOT SINK
  |  output exprs: default.impala_tpcds_customer_address.ca_zip, default.impala_tpcds_customer_address.ca_county, _impala_builtins.sum(default.impala_tpcds_web_sales.ws_sales_price)
  |  mem-estimate=0B mem-reservation=0B thread-reservation=0
  |
  32:MERGING-EXCHANGE [UNPARTITIONED]
     order by: default.impala_tpcds_customer_address.ca_zip ASC NULLS LAST, default.impala_tpcds_customer_address.ca_county ASC NULLS LAST
     limit: 100
     mem-estimate=44.00KB mem-reservation=0B thread-reservation=0
     tuple-ids=19 row-size=40B cardinality=0
     in pipelines: 19(GETNEXT)

F11:PLAN FRAGMENT [RANDOM] hosts=1 instances=1
Per-Host Resources: mem-estimate=128.04MB mem-reservation=34.00MB thread-reservation=1
  DATASTREAM SINK [FRAGMENT=F12, EXCHANGE=32, UNPARTITIONED]
  |  mem-estimate=0B mem-reservation=0B thread-reservation=0
  19:TOP-N [LIMIT=100]
  |  order by: default.impala_tpcds_customer_address.ca_zip ASC NULLS LAST, default.impala_tpcds_customer_address.ca_county ASC NULLS LAST
  |  mem-estimate=0B mem-reservation=0B thread-reservation=0
  |  tuple-ids=19 row-size=40B cardinality=0
  |  in pipelines: 19(GETNEXT), 31(OPEN)
  |
  00:UNION
  |  mem-estimate=0B mem-reservation=0B thread-reservation=0
  |  tuple-ids=18 row-size=40B cardinality=0
  |  in pipelines: 31(GETNEXT)
  |
  31:AGGREGATE [FINALIZE]
  |  output: _impala_builtins.sum:merge(default.impala_tpcds_web_sales.ws_sales_price)
  |  group by: default.impala_tpcds_customer_address.ca_county, default.impala_tpcds_customer_address.ca_zip
  |  mem-estimate=128.00MB mem-reservation=34.00MB spill-buffer=2.00MB thread-reservation=0
  |  tuple-ids=17 row-size=40B cardinality=0
  |  in pipelines: 31(GETNEXT), 02(OPEN)
  |
  30:EXCHANGE [HASH(default.impala_tpcds_customer_address.ca_county,default.impala_tpcds_customer_address.ca_zip)]
     mem-estimate=44.00KB mem-reservation=0B thread-reservation=0
     tuple-ids=17 row-size=40B cardinality=0
     in pipelines: 02(GETNEXT)

F09:PLAN FRAGMENT [RANDOM] hosts=1 instances=1
Per-Host Resources: mem-estimate=133.92MB mem-reservation=39.81MB thread-reservation=1
  DATASTREAM SINK [FRAGMENT=F11, EXCHANGE=30, HASH(default.impala_tpcds_customer_address.ca_county,default.impala_tpcds_customer_address.ca_zip)]
  |  mem-estimate=0B mem-reservation=0B thread-reservation=0
  18:AGGREGATE [STREAMING]
  |  output: sum(default.impala_tpcds_web_sales.ws_sales_price)
  |  group by: default.impala_tpcds_customer_address.ca_county, default.impala_tpcds_customer_address.ca_zip
  |  mem-estimate=128.00MB mem-reservation=34.00MB spill-buffer=2.00MB thread-reservation=0
  |  tuple-ids=17 row-size=40B cardinality=0
  |  in pipelines: 02(GETNEXT)
  |
  17:SELECT
  |  predicates: _impala_builtins.count(*) != CAST(0 AS BIGINT) AND _impala_builtins.if(TupleIsNull(15), NULL, TRUE) IS NOT NULL OR substring(default.impala_tpcds_customer_address.ca_zip, CAST(1 AS BIGINT), CAST(5 AS BIGINT)) IN ('85669', '86197', '88274', '83405', '86475', '85392', '85460', '80348', '81792')
  |  mem-estimate=0B mem-reservation=0B thread-reservation=0
  |  tuple-ids=16 row-size=109B cardinality=0
  |  in pipelines: 02(GETNEXT)
  |
  01:UNION
  |  mem-estimate=0B mem-reservation=0B thread-reservation=0
  |  tuple-ids=16 row-size=109B cardinality=0
  |  in pipelines: 02(GETNEXT)
  |
  16:HASH JOIN [INNER JOIN, BROADCAST]
  |  hash predicates: default.impala_tpcds_web_sales.ws_item_sk = default.impala_tpcds_item.i_item_sk
  |  fk/pk conjuncts: assumed fk/pk
  |  mem-estimate=1.94MB mem-reservation=1.94MB spill-buffer=64.00KB thread-reservation=0
  |  tuple-ids=0,2,4,6,12,8,15N row-size=108B cardinality=0
  |  in pipelines: 02(GETNEXT), 24(OPEN)
  |
  |--29:EXCHANGE [BROADCAST]
  |     mem-estimate=52.00KB mem-reservation=0B thread-reservation=0
  |     tuple-ids=12,8,15N row-size=40B cardinality=0
  |     in pipelines: 24(GETNEXT)
  |
  08:HASH JOIN [INNER JOIN, BROADCAST]
  |  hash predicates: default.impala_tpcds_web_sales.ws_bill_customer_sk = default.impala_tpcds_customer.c_customer_sk
  |  fk/pk conjuncts: assumed fk/pk
  |  mem-estimate=1.94MB mem-reservation=1.94MB spill-buffer=64.00KB thread-reservation=0
  |  tuple-ids=0,2,4,6 row-size=68B cardinality=0
  |  in pipelines: 02(GETNEXT), 05(OPEN)
  |
  |--22:EXCHANGE [BROADCAST]
  |     mem-estimate=44.00KB mem-reservation=0B thread-reservation=0
  |     tuple-ids=4,6 row-size=36B cardinality=0
  |     in pipelines: 05(GETNEXT)
  |
  04:HASH JOIN [INNER JOIN, BROADCAST]
  |  hash predicates: default.impala_tpcds_web_sales.ws_sold_date_sk = default.impala_tpcds_date_dim.d_date_sk
  |  fk/pk conjuncts: assumed fk/pk
  |  mem-estimate=1.94MB mem-reservation=1.94MB spill-buffer=64.00KB thread-reservation=0
  |  tuple-ids=0,2 row-size=32B cardinality=0
  |  in pipelines: 02(GETNEXT), 03(OPEN)
  |
  |--20:EXCHANGE [BROADCAST]
  |     mem-estimate=16.00KB mem-reservation=0B thread-reservation=0
  |     tuple-ids=2 row-size=12B cardinality=0
  |     in pipelines: 03(GETNEXT)
  |
  02:SCAN HDFS [default.impala_tpcds_web_sales, RANDOM]
     HDFS partitions=1/1 files=0 size=0B
     predicates: default.impala_tpcds_web_sales.ws_bill_customer_sk IS NOT NULL, default.impala_tpcds_web_sales.ws_item_sk IS NOT NULL, default.impala_tpcds_web_sales.ws_sold_date_sk IS NOT NULL
     stored statistics:
       table: rows=unavailable size=unavailable
       columns: unavailable
     extrapolated-rows=disabled max-scan-range-rows=0
     mem-estimate=0B mem-reservation=0B thread-reservation=0
     tuple-ids=0 row-size=20B cardinality=0
     in pipelines: 02(GETNEXT)

F01:PLAN FRAGMENT [RANDOM] hosts=1 instances=1
Per-Host Resources: mem-estimate=0B mem-reservation=0B thread-reservation=1
  DATASTREAM SINK [FRAGMENT=F09, EXCHANGE=20, BROADCAST]
  |  mem-estimate=0B mem-reservation=0B thread-reservation=0
  03:SCAN HDFS [default.impala_tpcds_date_dim, RANDOM]
     HDFS partitions=1/1 files=0 size=0B
     predicates: default.impala_tpcds_date_dim.d_date_sk IS NOT NULL, default.impala_tpcds_date_dim.d_qoy = CAST(1 AS INT), default.impala_tpcds_date_dim.d_year = CAST(1998 AS INT)
     stored statistics:
       table: rows=unavailable size=unavailable
       columns: unavailable
     extrapolated-rows=disabled max-scan-range-rows=0
     parquet statistics predicates: default.impala_tpcds_date_dim.d_qoy = CAST(1 AS INT), default.impala_tpcds_date_dim.d_year = CAST(1998 AS INT)
     mem-estimate=0B mem-reservation=0B thread-reservation=0
     tuple-ids=2 row-size=12B cardinality=0
     in pipelines: 03(GETNEXT)

F02:PLAN FRAGMENT [RANDOM] hosts=1 instances=1
Per-Host Resources: mem-estimate=1.95MB mem-reservation=1.94MB thread-reservation=1
  DATASTREAM SINK [FRAGMENT=F09, EXCHANGE=22, BROADCAST]
  |  mem-estimate=0B mem-reservation=0B thread-reservation=0
  07:HASH JOIN [INNER JOIN, BROADCAST]
  |  hash predicates: default.impala_tpcds_customer_address.ca_address_sk = default.impala_tpcds_customer.c_current_addr_sk
  |  fk/pk conjuncts: assumed fk/pk
  |  mem-estimate=1.94MB mem-reservation=1.94MB spill-buffer=64.00KB thread-reservation=0
  |  tuple-ids=4,6 row-size=36B cardinality=0
  |  in pipelines: 05(GETNEXT), 06(OPEN)
  |
  |--21:EXCHANGE [BROADCAST]
  |     mem-estimate=16.00KB mem-reservation=0B thread-reservation=0
  |     tuple-ids=6 row-size=8B cardinality=0
  |     in pipelines: 06(GETNEXT)
  |
  05:SCAN HDFS [default.impala_tpcds_customer_address, RANDOM]
     HDFS partitions=1/1 files=0 size=0B
     predicates: default.impala_tpcds_customer_address.ca_address_sk IS NOT NULL
     stored statistics:
       table: rows=unavailable size=unavailable
       columns: unavailable
     extrapolated-rows=disabled max-scan-range-rows=0
     mem-estimate=0B mem-reservation=0B thread-reservation=0
     tuple-ids=4 row-size=28B cardinality=0
     in pipelines: 05(GETNEXT)

F03:PLAN FRAGMENT [RANDOM] hosts=1 instances=1
Per-Host Resources: mem-estimate=0B mem-reservation=0B thread-reservation=1
  DATASTREAM SINK [FRAGMENT=F02, EXCHANGE=21, BROADCAST]
  |  mem-estimate=0B mem-reservation=0B thread-reservation=0
  06:SCAN HDFS [default.impala_tpcds_customer, RANDOM]
     HDFS partitions=1/1 files=0 size=0B
     predicates: default.impala_tpcds_customer.c_current_addr_sk IS NOT NULL, default.impala_tpcds_customer.c_customer_sk IS NOT NULL
     stored statistics:
       table: rows=unavailable size=unavailable
       columns: unavailable
     extrapolated-rows=disabled max-scan-range-rows=0
     mem-estimate=0B mem-reservation=0B thread-reservation=0
     tuple-ids=6 row-size=8B cardinality=0
     in pipelines: 06(GETNEXT)

F05:PLAN FRAGMENT [UNPARTITIONED] hosts=1 instances=1
Per-Host Resources: mem-estimate=11.99MB mem-reservation=1.94MB thread-reservation=1
  DATASTREAM SINK [FRAGMENT=F09, EXCHANGE=29, BROADCAST]
  |  mem-estimate=0B mem-reservation=0B thread-reservation=0
  15:HASH JOIN [LEFT OUTER JOIN, BROADCAST]
  |  hash predicates: default.impala_tpcds_item.i_item_id = default.impala_tpcds_item_1.i_item_id
  |  fk/pk conjuncts: assumed fk/pk
  |  mem-estimate=1.94MB mem-reservation=1.94MB spill-buffer=64.00KB thread-reservation=0
  |  tuple-ids=12,8,15N row-size=40B cardinality=0
  |  in pipelines: 24(GETNEXT), 27(OPEN)
  |
  |--28:EXCHANGE [UNPARTITIONED]
  |     mem-estimate=16.00KB mem-reservation=0B thread-reservation=0
  |     tuple-ids=15 row-size=12B cardinality=0
  |     in pipelines: 27(GETNEXT)
  |
  12:NESTED LOOP JOIN [CROSS JOIN, BROADCAST]
  |  mem-estimate=0B mem-reservation=0B thread-reservation=0
  |  tuple-ids=12,8 row-size=28B cardinality=0
  |  in pipelines: 24(GETNEXT), 09(OPEN)
  |
  |--25:EXCHANGE [UNPARTITIONED]
  |     mem-estimate=24.00KB mem-reservation=0B thread-reservation=0
  |     tuple-ids=8 row-size=20B cardinality=0
  |     in pipelines: 09(GETNEXT)
  |
  24:AGGREGATE [FINALIZE]
  |  output: _impala_builtins.count:merge(*)
  |  mem-estimate=10.00MB mem-reservation=0B spill-buffer=2.00MB thread-reservation=0
  |  tuple-ids=12 row-size=8B cardinality=1
  |  in pipelines: 24(GETNEXT), 11(OPEN)
  |
  23:EXCHANGE [UNPARTITIONED]
     mem-estimate=16.00KB mem-reservation=0B thread-reservation=0
     tuple-ids=12 row-size=8B cardinality=1
     in pipelines: 11(GETNEXT)

F04:PLAN FRAGMENT [RANDOM] hosts=1 instances=1
Per-Host Resources: mem-estimate=10.00MB mem-reservation=0B thread-reservation=1
  DATASTREAM SINK [FRAGMENT=F05, EXCHANGE=23, UNPARTITIONED]
  |  mem-estimate=0B mem-reservation=0B thread-reservation=0
  11:AGGREGATE
  |  output: count(*)
  |  mem-estimate=10.00MB mem-reservation=0B spill-buffer=2.00MB thread-reservation=0
  |  tuple-ids=12 row-size=8B cardinality=1
  |  in pipelines: 11(GETNEXT), 10(OPEN)
  |
  10:SCAN HDFS [default.impala_tpcds_item, RANDOM]
     HDFS partitions=1/1 files=0 size=0B
     predicates: default.impala_tpcds_item_0.i_item_sk IN (CAST(2 AS BIGINT), CAST(3 AS BIGINT), CAST(5 AS BIGINT), CAST(7 AS BIGINT), CAST(11 AS BIGINT), CAST(13 AS BIGINT), CAST(17 AS BIGINT), CAST(19 AS BIGINT), CAST(23 AS BIGINT), CAST(29 AS BIGINT))
     stored statistics:
       table: rows=unavailable size=unavailable
       columns: unavailable
     extrapolated-rows=disabled max-scan-range-rows=0
     parquet statistics predicates: default.impala_tpcds_item_0.i_item_sk IN (CAST(2 AS BIGINT), CAST(3 AS BIGINT), CAST(5 AS BIGINT), CAST(7 AS BIGINT), CAST(11 AS BIGINT), CAST(13 AS BIGINT), CAST(17 AS BIGINT), CAST(19 AS BIGINT), CAST(23 AS BIGINT), CAST(29 AS BIGINT))
     mem-estimate=0B mem-reservation=0B thread-reservation=0
     tuple-ids=10 row-size=20B cardinality=0
     in pipelines: 10(GETNEXT)

F06:PLAN FRAGMENT [RANDOM] hosts=1 instances=1
Per-Host Resources: mem-estimate=0B mem-reservation=0B thread-reservation=1
  DATASTREAM SINK [FRAGMENT=F05, EXCHANGE=25, UNPARTITIONED]
  |  mem-estimate=0B mem-reservation=0B thread-reservation=0
  09:SCAN HDFS [default.impala_tpcds_item, RANDOM]
     HDFS partitions=1/1 files=0 size=0B
     predicates: default.impala_tpcds_item.i_item_sk IS NOT NULL
     stored statistics:
       table: rows=unavailable size=unavailable
       columns: unavailable
     extrapolated-rows=disabled max-scan-range-rows=0
     mem-estimate=0B mem-reservation=0B thread-reservation=0
     tuple-ids=8 row-size=20B cardinality=0
     in pipelines: 09(GETNEXT)

F08:PLAN FRAGMENT [HASH(default.impala_tpcds_item_1.i_item_id)] hosts=1 instances=1
Per-Host Resources: mem-estimate=128.02MB mem-reservation=34.00MB thread-reservation=1
  DATASTREAM SINK [FRAGMENT=F05, EXCHANGE=28, UNPARTITIONED]
  |  mem-estimate=0B mem-reservation=0B thread-reservation=0
  27:AGGREGATE [FINALIZE]
  |  group by: default.impala_tpcds_item_1.i_item_id
  |  mem-estimate=128.00MB mem-reservation=34.00MB spill-buffer=2.00MB thread-reservation=0
  |  tuple-ids=15 row-size=12B cardinality=0
  |  in pipelines: 27(GETNEXT), 13(OPEN)
  |
  26:EXCHANGE [HASH(default.impala_tpcds_item_1.i_item_id)]
     mem-estimate=16.00KB mem-reservation=0B thread-reservation=0
     tuple-ids=15 row-size=12B cardinality=0
     in pipelines: 13(GETNEXT)

F07:PLAN FRAGMENT [RANDOM] hosts=1 instances=1
Per-Host Resources: mem-estimate=128.00MB mem-reservation=34.00MB thread-reservation=1
  DATASTREAM SINK [FRAGMENT=F08, EXCHANGE=26, HASH(default.impala_tpcds_item_1.i_item_id)]
  |  mem-estimate=0B mem-reservation=0B thread-reservation=0
  14:AGGREGATE [STREAMING]
  |  group by: default.impala_tpcds_item_1.i_item_id
  |  mem-estimate=128.00MB mem-reservation=34.00MB spill-buffer=2.00MB thread-reservation=0
  |  tuple-ids=15 row-size=12B cardinality=0
  |  in pipelines: 13(GETNEXT)
  |
  13:SCAN HDFS [default.impala_tpcds_item, RANDOM]
     HDFS partitions=1/1 files=0 size=0B
     predicates: default.impala_tpcds_item_1.i_item_id IS NOT NULL, default.impala_tpcds_item_1.i_item_sk IN (CAST(2 AS BIGINT), CAST(3 AS BIGINT), CAST(5 AS BIGINT), CAST(7 AS BIGINT), CAST(11 AS BIGINT), CAST(13 AS BIGINT), CAST(17 AS BIGINT), CAST(19 AS BIGINT), CAST(23 AS BIGINT), CAST(29 AS BIGINT))
     stored statistics:
       table: rows=unavailable size=unavailable
       columns: unavailable
     extrapolated-rows=disabled max-scan-range-rows=0
     parquet statistics predicates: default.impala_tpcds_item_1.i_item_sk IN (CAST(2 AS BIGINT), CAST(3 AS BIGINT), CAST(5 AS BIGINT), CAST(7 AS BIGINT), CAST(11 AS BIGINT), CAST(13 AS BIGINT), CAST(17 AS BIGINT), CAST(19 AS BIGINT), CAST(23 AS BIGINT), CAST(29 AS BIGINT))
     mem-estimate=0B mem-reservation=0B thread-reservation=0
     tuple-ids=13 row-size=20B cardinality=0
     in pipelines: 13(GETNEXT)


  Stage: Stage-0
    Fetch Operator
      limit: -1
      Processor Tree:
        ListSink

