PREHOOK: query: explain cbo select  
    sum(ss_net_profit) as total_sum
   ,s_state
   ,s_county
   ,grouping(s_state)+grouping(s_county) as lochierarchy
   ,rank() over (
      partition by grouping(s_state)+grouping(s_county),
      case when grouping(s_county) = 0 then s_state end 
      order by sum(ss_net_profit) desc) as rank_within_parent
 from
    impala_tpcds_store_sales
   ,impala_tpcds_date_dim       d1
   ,impala_tpcds_store
 where
    d1.d_month_seq between 1218 and 1218+11
 and d1.d_date_sk = ss_sold_date_sk
 and s_store_sk  = ss_store_sk
 and s_state in
             ( select s_state
               from  (select s_state as s_state,
                    rank() over ( partition by s_state order by sum(ss_net_profit) desc) as ranking
                      from   impala_tpcds_store_sales, impala_tpcds_store, impala_tpcds_date_dim
                      where  d_month_seq between 1218 and 1218+11
                    and d_date_sk = ss_sold_date_sk
                    and s_store_sk  = ss_store_sk
                      group by s_state
                     ) tmp1 
               where ranking <= 5
             )
 group by rollup(s_state,s_county)
 order by
   lochierarchy desc
  ,case when lochierarchy = 0 then s_state end
  ,rank_within_parent
 limit 100
PREHOOK: type: QUERY
PREHOOK: Input: default@impala_tpcds_date_dim
PREHOOK: Input: default@impala_tpcds_store
PREHOOK: Input: default@impala_tpcds_store_sales
PREHOOK: Output: hdfs://### HDFS PATH ###
POSTHOOK: query: explain cbo select  
    sum(ss_net_profit) as total_sum
   ,s_state
   ,s_county
   ,grouping(s_state)+grouping(s_county) as lochierarchy
   ,rank() over (
      partition by grouping(s_state)+grouping(s_county),
      case when grouping(s_county) = 0 then s_state end 
      order by sum(ss_net_profit) desc) as rank_within_parent
 from
    impala_tpcds_store_sales
   ,impala_tpcds_date_dim       d1
   ,impala_tpcds_store
 where
    d1.d_month_seq between 1218 and 1218+11
 and d1.d_date_sk = ss_sold_date_sk
 and s_store_sk  = ss_store_sk
 and s_state in
             ( select s_state
               from  (select s_state as s_state,
                    rank() over ( partition by s_state order by sum(ss_net_profit) desc) as ranking
                      from   impala_tpcds_store_sales, impala_tpcds_store, impala_tpcds_date_dim
                      where  d_month_seq between 1218 and 1218+11
                    and d_date_sk = ss_sold_date_sk
                    and s_store_sk  = ss_store_sk
                      group by s_state
                     ) tmp1 
               where ranking <= 5
             )
 group by rollup(s_state,s_county)
 order by
   lochierarchy desc
  ,case when lochierarchy = 0 then s_state end
  ,rank_within_parent
 limit 100
POSTHOOK: type: QUERY
POSTHOOK: Input: default@impala_tpcds_date_dim
POSTHOOK: Input: default@impala_tpcds_store
POSTHOOK: Input: default@impala_tpcds_store_sales
POSTHOOK: Output: hdfs://### HDFS PATH ###
CBO PLAN:
ImpalaProjectPassthroughRel(total_sum=[$0], s_state=[$1], s_county=[$2], lochierarchy=[$3], rank_within_parent=[$4])
  ImpalaSortRel(sort0=[$3], sort1=[$5], sort2=[$4], dir0=[DESC], dir1=[ASC], dir2=[ASC], fetch=[100])
    ImpalaProjectRel(total_sum=[$0], s_state=[$1], s_county=[$2], lochierarchy=[$4], rank_within_parent=[rank() OVER (PARTITION BY $4, $5 ORDER BY $0 DESC NULLS FIRST RANGE BETWEEN UNBOUNDED PRECEDING AND CURRENT ROW)], (tok_function when (= (tok_table_or_col lochierarchy) 0) (tok_table_or_col s_state))=[CASE(=($4, 0), $1, null:VARCHAR(2147483647))])
      ImpalaProjectRel($f2=[$2], $f0=[$0], $f1=[$1], GROUPING__ID=[$3], $func_0=[+(GROUPING($3, 1:BIGINT), GROUPING($3, 0:BIGINT))], $func_1=[CASE(=(GROUPING($3, 0:BIGINT), 0), $0, null:VARCHAR(2147483647))])
        ImpalaAggregateRel(group=[{0, 1}], groups=[[{0, 1}, {0}, {}]], agg#0=[sum($2)], GROUPING__ID=[GROUPING__ID()])
          ImpalaProjectPassthroughRel($f0=[$7], $f1=[$6], $f2=[$1])
            ImpalaJoinRel(condition=[=($7, $8)], joinType=[inner])
              ImpalaJoinRel(condition=[=($5, $0)], joinType=[inner])
                ImpalaJoinRel(condition=[=($3, $2)], joinType=[inner])
                  ImpalaProjectPassthroughRel(ss_store_sk=[$6], ss_net_profit=[$21], ss_sold_date_sk=[$22])
                    ImpalaHdfsScanRel(table=[[default, impala_tpcds_store_sales]], condition=[AND(IS NOT NULL($22), IS NOT NULL($6))])
                  ImpalaProjectPassthroughRel(d_date_sk=[$0], d_month_seq=[$3])
                    ImpalaHdfsScanRel(table=[[default, impala_tpcds_date_dim]], condition=[AND(BETWEEN(false, $3, 1218, +(1218, 11)), IS NOT NULL($0))])
                ImpalaProjectPassthroughRel(s_store_sk=[$0], s_county=[$23], s_state=[$24])
                  ImpalaHdfsScanRel(table=[[default, impala_tpcds_store]], condition=[AND(IS NOT NULL($24), IS NOT NULL($0))])
              ImpalaProjectPassthroughRel(s_state=[$0])
                ImpalaProjectRel((tok_table_or_col s_state)=[$0], rank_window_0=[rank() OVER (PARTITION BY $0 ORDER BY $1 DESC NULLS FIRST RANGE BETWEEN UNBOUNDED PRECEDING AND CURRENT ROW)], condition=[<=($1, 5)])
                  ImpalaAggregateRel(group=[{5}], agg#0=[sum($1)])
                    ImpalaJoinRel(condition=[=($4, $0)], joinType=[inner])
                      ImpalaJoinRel(condition=[=($3, $2)], joinType=[inner])
                        ImpalaProjectPassthroughRel(ss_store_sk=[$6], ss_net_profit=[$21], ss_sold_date_sk=[$22])
                          ImpalaHdfsScanRel(table=[[default, impala_tpcds_store_sales]], condition=[AND(IS NOT NULL($6), IS NOT NULL($22))])
                        ImpalaProjectPassthroughRel(d_date_sk=[$0])
                          ImpalaHdfsScanRel(table=[[default, impala_tpcds_date_dim]], condition=[AND(BETWEEN(false, $3, 1218, +(1218, 11)), IS NOT NULL($0))])
                      ImpalaProjectPassthroughRel(s_store_sk=[$0], s_state=[$24])
                        ImpalaHdfsScanRel(table=[[default, impala_tpcds_store]], condition=[AND(IS NOT NULL($0), IS NOT NULL($24))])

PREHOOK: query: explain select  
    sum(ss_net_profit) as total_sum
   ,s_state
   ,s_county
   ,grouping(s_state)+grouping(s_county) as lochierarchy
   ,rank() over (
      partition by grouping(s_state)+grouping(s_county),
      case when grouping(s_county) = 0 then s_state end 
      order by sum(ss_net_profit) desc) as rank_within_parent
 from
    impala_tpcds_store_sales
   ,impala_tpcds_date_dim       d1
   ,impala_tpcds_store
 where
    d1.d_month_seq between 1218 and 1218+11
 and d1.d_date_sk = ss_sold_date_sk
 and s_store_sk  = ss_store_sk
 and s_state in
             ( select s_state
               from  (select s_state as s_state,
                    rank() over ( partition by s_state order by sum(ss_net_profit) desc) as ranking
                      from   impala_tpcds_store_sales, impala_tpcds_store, impala_tpcds_date_dim
                      where  d_month_seq between 1218 and 1218+11
                    and d_date_sk = ss_sold_date_sk
                    and s_store_sk  = ss_store_sk
                      group by s_state
                     ) tmp1 
               where ranking <= 5
             )
 group by rollup(s_state,s_county)
 order by
   lochierarchy desc
  ,case when lochierarchy = 0 then s_state end
  ,rank_within_parent
 limit 100
PREHOOK: type: QUERY
PREHOOK: Input: default@impala_tpcds_date_dim
PREHOOK: Input: default@impala_tpcds_store
PREHOOK: Input: default@impala_tpcds_store_sales
PREHOOK: Output: hdfs://### HDFS PATH ###
POSTHOOK: query: explain select  
    sum(ss_net_profit) as total_sum
   ,s_state
   ,s_county
   ,grouping(s_state)+grouping(s_county) as lochierarchy
   ,rank() over (
      partition by grouping(s_state)+grouping(s_county),
      case when grouping(s_county) = 0 then s_state end 
      order by sum(ss_net_profit) desc) as rank_within_parent
 from
    impala_tpcds_store_sales
   ,impala_tpcds_date_dim       d1
   ,impala_tpcds_store
 where
    d1.d_month_seq between 1218 and 1218+11
 and d1.d_date_sk = ss_sold_date_sk
 and s_store_sk  = ss_store_sk
 and s_state in
             ( select s_state
               from  (select s_state as s_state,
                    rank() over ( partition by s_state order by sum(ss_net_profit) desc) as ranking
                      from   impala_tpcds_store_sales, impala_tpcds_store, impala_tpcds_date_dim
                      where  d_month_seq between 1218 and 1218+11
                    and d_date_sk = ss_sold_date_sk
                    and s_store_sk  = ss_store_sk
                      group by s_state
                     ) tmp1 
               where ranking <= 5
             )
 group by rollup(s_state,s_county)
 order by
   lochierarchy desc
  ,case when lochierarchy = 0 then s_state end
  ,rank_within_parent
 limit 100
POSTHOOK: type: QUERY
POSTHOOK: Input: default@impala_tpcds_date_dim
POSTHOOK: Input: default@impala_tpcds_store
POSTHOOK: Input: default@impala_tpcds_store_sales
POSTHOOK: Output: hdfs://### HDFS PATH ###
STAGE DEPENDENCIES:
  Stage-1 is a root stage
  Stage-0 is a root stage

STAGE PLANS:
  Stage: Stage-1
    Impala
      Impala Plan: 
F12:PLAN FRAGMENT [UNPARTITIONED] hosts=1 instances=1
Per-Host Resources: mem-estimate=72.00KB mem-reservation=0B thread-reservation=1
  PLAN-ROOT SINK
  |  output exprs: aggif(valid_tid(18,19,20) IN (18, 19, 20), CASE valid_tid(18,19,20) WHEN 18 THEN _impala_builtins.sum(default.impala_tpcds_store_sales.ss_net_profit) WHEN 19 THEN sum(default.impala_tpcds_store_sales.ss_net_profit) WHEN 20 THEN sum(default.impala_tpcds_store_sales.ss_net_profit) END), CASE valid_tid(18,19,20) WHEN 18 THEN default.impala_tpcds_store.s_state WHEN 19 THEN default.impala_tpcds_store.s_state WHEN 20 THEN NULL END, CASE valid_tid(18,19,20) WHEN 18 THEN default.impala_tpcds_store.s_county WHEN 19 THEN NULL WHEN 20 THEN NULL END, add(bitand(shiftright(aggif(valid_tid(18,19,20) IN (18, 19, 20), CASE valid_tid(18,19,20) WHEN 18 THEN 0 WHEN 19 THEN 1 WHEN 20 THEN 3 END), 1), 1), bitand(shiftright(aggif(valid_tid(18,19,20) IN (18, 19, 20), CASE valid_tid(18,19,20) WHEN 18 THEN 0 WHEN 19 THEN 1 WHEN 20 THEN 3 END), 0), 1)), _impala_builtins.rank()
  |  mem-estimate=0B mem-reservation=0B thread-reservation=0
  |
  33:MERGING-EXCHANGE [UNPARTITIONED]
     order by: add(bitand(shiftright(aggif(valid_tid(18,19,20) IN (18, 19, 20), CASE valid_tid(18,19,20) WHEN 18 THEN 0 WHEN 19 THEN 1 WHEN 20 THEN 3 END), 1), 1), bitand(shiftright(aggif(valid_tid(18,19,20) IN (18, 19, 20), CASE valid_tid(18,19,20) WHEN 18 THEN 0 WHEN 19 THEN 1 WHEN 20 THEN 3 END), 0), 1)) DESC NULLS FIRST, CASE WHEN add(bitand(shiftright(aggif(valid_tid(18,19,20) IN (18, 19, 20), CASE valid_tid(18,19,20) WHEN 18 THEN 0 WHEN 19 THEN 1 WHEN 20 THEN 3 END), 1), 1), bitand(shiftright(aggif(valid_tid(18,19,20) IN (18, 19, 20), CASE valid_tid(18,19,20) WHEN 18 THEN 0 WHEN 19 THEN 1 WHEN 20 THEN 3 END), 0), 1)) = 0 THEN CASE valid_tid(18,19,20) WHEN 18 THEN default.impala_tpcds_store.s_state WHEN 19 THEN default.impala_tpcds_store.s_state WHEN 20 THEN NULL END ELSE NULL END ASC NULLS LAST, _impala_builtins.rank() ASC NULLS LAST
     limit: 100
     mem-estimate=72.00KB mem-reservation=0B thread-reservation=0
     tuple-ids=30 row-size=68B cardinality=0
     in pipelines: 22(GETNEXT)

F11:PLAN FRAGMENT [RANDOM] hosts=1 instances=1
Per-Host Resources: mem-estimate=16.07MB mem-reservation=16.00MB thread-reservation=1
  DATASTREAM SINK [FRAGMENT=F12, EXCHANGE=33, UNPARTITIONED]
  |  mem-estimate=0B mem-reservation=0B thread-reservation=0
  22:TOP-N [LIMIT=100]
  |  order by: add(bitand(shiftright(aggif(valid_tid(18,19,20) IN (18, 19, 20), CASE valid_tid(18,19,20) WHEN 18 THEN 0 WHEN 19 THEN 1 WHEN 20 THEN 3 END), 1), 1), bitand(shiftright(aggif(valid_tid(18,19,20) IN (18, 19, 20), CASE valid_tid(18,19,20) WHEN 18 THEN 0 WHEN 19 THEN 1 WHEN 20 THEN 3 END), 0), 1)) DESC NULLS FIRST, CASE WHEN add(bitand(shiftright(aggif(valid_tid(18,19,20) IN (18, 19, 20), CASE valid_tid(18,19,20) WHEN 18 THEN 0 WHEN 19 THEN 1 WHEN 20 THEN 3 END), 1), 1), bitand(shiftright(aggif(valid_tid(18,19,20) IN (18, 19, 20), CASE valid_tid(18,19,20) WHEN 18 THEN 0 WHEN 19 THEN 1 WHEN 20 THEN 3 END), 0), 1)) = 0 THEN CASE valid_tid(18,19,20) WHEN 18 THEN default.impala_tpcds_store.s_state WHEN 19 THEN default.impala_tpcds_store.s_state WHEN 20 THEN NULL END ELSE NULL END ASC NULLS LAST, _impala_builtins.rank() ASC NULLS LAST
  |  mem-estimate=0B mem-reservation=0B thread-reservation=0
  |  tuple-ids=30 row-size=68B cardinality=0
  |  in pipelines: 22(GETNEXT), 20(OPEN)
  |
  00:UNION
  |  mem-estimate=0B mem-reservation=0B thread-reservation=0
  |  tuple-ids=29 row-size=68B cardinality=0
  |  in pipelines: 20(GETNEXT)
  |
  21:ANALYTIC
  |  functions: _impala_builtins.rank()
  |  partition by: add(bitand(shiftright(aggif(valid_tid(18,19,20) IN (18, 19, 20), CASE valid_tid(18,19,20) WHEN 18 THEN 0 WHEN 19 THEN 1 WHEN 20 THEN 3 END), 1), 1), bitand(shiftright(aggif(valid_tid(18,19,20) IN (18, 19, 20), CASE valid_tid(18,19,20) WHEN 18 THEN 0 WHEN 19 THEN 1 WHEN 20 THEN 3 END), 0), 1)), CASE WHEN bitand(shiftright(aggif(valid_tid(18,19,20) IN (18, 19, 20), CASE valid_tid(18,19,20) WHEN 18 THEN 0 WHEN 19 THEN 1 WHEN 20 THEN 3 END), 0), 1) = 0 THEN CASE valid_tid(18,19,20) WHEN 18 THEN default.impala_tpcds_store.s_state WHEN 19 THEN default.impala_tpcds_store.s_state WHEN 20 THEN NULL END ELSE NULL END
  |  order by: aggif(valid_tid(18,19,20) IN (18, 19, 20), CASE valid_tid(18,19,20) WHEN 18 THEN _impala_builtins.sum(default.impala_tpcds_store_sales.ss_net_profit) WHEN 19 THEN sum(default.impala_tpcds_store_sales.ss_net_profit) WHEN 20 THEN sum(default.impala_tpcds_store_sales.ss_net_profit) END) DESC
  |  window: RANGE BETWEEN UNBOUNDED PRECEDING AND CURRENT ROW
  |  mem-estimate=4.00MB mem-reservation=4.00MB spill-buffer=2.00MB thread-reservation=0
  |  tuple-ids=27,26 row-size=76B cardinality=0
  |  in pipelines: 20(GETNEXT)
  |
  20:SORT
  |  order by: add(bitand(shiftright(aggif(valid_tid(18,19,20) IN (18, 19, 20), CASE valid_tid(18,19,20) WHEN 18 THEN 0 WHEN 19 THEN 1 WHEN 20 THEN 3 END), 1), 1), bitand(shiftright(aggif(valid_tid(18,19,20) IN (18, 19, 20), CASE valid_tid(18,19,20) WHEN 18 THEN 0 WHEN 19 THEN 1 WHEN 20 THEN 3 END), 0), 1)) ASC NULLS FIRST, CASE WHEN bitand(shiftright(aggif(valid_tid(18,19,20) IN (18, 19, 20), CASE valid_tid(18,19,20) WHEN 18 THEN 0 WHEN 19 THEN 1 WHEN 20 THEN 3 END), 0), 1) = 0 THEN CASE valid_tid(18,19,20) WHEN 18 THEN default.impala_tpcds_store.s_state WHEN 19 THEN default.impala_tpcds_store.s_state WHEN 20 THEN NULL END ELSE NULL END ASC NULLS FIRST, aggif(valid_tid(18,19,20) IN (18, 19, 20), CASE valid_tid(18,19,20) WHEN 18 THEN _impala_builtins.sum(default.impala_tpcds_store_sales.ss_net_profit) WHEN 19 THEN sum(default.impala_tpcds_store_sales.ss_net_profit) WHEN 20 THEN sum(default.impala_tpcds_store_sales.ss_net_profit) END) DESC NULLS FIRST
  |  mem-estimate=12.00MB mem-reservation=12.00MB spill-buffer=2.00MB thread-reservation=0
  |  tuple-ids=27 row-size=68B cardinality=0
  |  in pipelines: 20(GETNEXT), 19(OPEN)
  |
  32:EXCHANGE [HASH(add(bitand(shiftright(aggif(valid_tid(18,19,20) IN (18, 19, 20), CASE valid_tid(18,19,20) WHEN 18 THEN 0 WHEN 19 THEN 1 WHEN 20 THEN 3 END), 1), 1), bitand(shiftright(aggif(valid_tid(18,19,20) IN (18, 19, 20), CASE valid_tid(18,19,20) WHEN 18 THEN 0 WHEN 19 THEN 1 WHEN 20 THEN 3 END), 0), 1)),CASE WHEN bitand(shiftright(aggif(valid_tid(18,19,20) IN (18, 19, 20), CASE valid_tid(18,19,20) WHEN 18 THEN 0 WHEN 19 THEN 1 WHEN 20 THEN 3 END), 0), 1) = 0 THEN CASE valid_tid(18,19,20) WHEN 18 THEN default.impala_tpcds_store.s_state WHEN 19 THEN default.impala_tpcds_store.s_state WHEN 20 THEN NULL END ELSE NULL END)]
     mem-estimate=72.00KB mem-reservation=0B thread-reservation=0
     tuple-ids=22 row-size=68B cardinality=0
     in pipelines: 19(GETNEXT)

F09:PLAN FRAGMENT [RANDOM] hosts=1 instances=1
Per-Host Resources: mem-estimate=394.00MB mem-reservation=103.94MB thread-reservation=1
  DATASTREAM SINK [FRAGMENT=F11, EXCHANGE=32, HASH(add(bitand(shiftright(aggif(valid_tid(18,19,20) IN (18, 19, 20), CASE valid_tid(18,19,20) WHEN 18 THEN 0 WHEN 19 THEN 1 WHEN 20 THEN 3 END), 1), 1), bitand(shiftright(aggif(valid_tid(18,19,20) IN (18, 19, 20), CASE valid_tid(18,19,20) WHEN 18 THEN 0 WHEN 19 THEN 1 WHEN 20 THEN 3 END), 0), 1)),CASE WHEN bitand(shiftright(aggif(valid_tid(18,19,20) IN (18, 19, 20), CASE valid_tid(18,19,20) WHEN 18 THEN 0 WHEN 19 THEN 1 WHEN 20 THEN 3 END), 0), 1) = 0 THEN CASE valid_tid(18,19,20) WHEN 18 THEN default.impala_tpcds_store.s_state WHEN 19 THEN default.impala_tpcds_store.s_state WHEN 20 THEN NULL END ELSE NULL END)]
  |  mem-estimate=0B mem-reservation=0B thread-reservation=0
  01:UNION
  |  mem-estimate=0B mem-reservation=0B thread-reservation=0
  |  tuple-ids=22 row-size=68B cardinality=0
  |  in pipelines: 19(GETNEXT)
  |
  19:AGGREGATE [FINALIZE]
  |  output: aggif(valid_tid(18,19,20) IN (CAST(18 AS INT), CAST(19 AS INT), CAST(20 AS INT)), CASE valid_tid(18,19,20) WHEN CAST(18 AS INT) THEN _impala_builtins.sum(default.impala_tpcds_store_sales.ss_net_profit) WHEN CAST(19 AS INT) THEN sum(default.impala_tpcds_store_sales.ss_net_profit) WHEN CAST(20 AS INT) THEN sum(default.impala_tpcds_store_sales.ss_net_profit) END), aggif(valid_tid(18,19,20) IN (CAST(18 AS INT), CAST(19 AS INT), CAST(20 AS INT)), CASE valid_tid(18,19,20) WHEN CAST(18 AS INT) THEN CAST(0 AS BIGINT) WHEN CAST(19 AS INT) THEN CAST(1 AS BIGINT) WHEN CAST(20 AS INT) THEN CAST(3 AS BIGINT) END)
  |  group by: CASE valid_tid(18,19,20) WHEN CAST(18 AS INT) THEN default.impala_tpcds_store.s_state WHEN CAST(19 AS INT) THEN default.impala_tpcds_store.s_state WHEN CAST(20 AS INT) THEN NULL END, CASE valid_tid(18,19,20) WHEN CAST(18 AS INT) THEN default.impala_tpcds_store.s_county WHEN CAST(19 AS INT) THEN NULL WHEN CAST(20 AS INT) THEN NULL END, CASE valid_tid(18,19,20) WHEN CAST(18 AS INT) THEN CAST(18 AS INT) WHEN CAST(19 AS INT) THEN CAST(19 AS INT) WHEN CAST(20 AS INT) THEN CAST(20 AS INT) END
  |  mem-estimate=128.00MB mem-reservation=34.00MB spill-buffer=2.00MB thread-reservation=0
  |  tuple-ids=21 row-size=52B cardinality=0
  |  in pipelines: 19(GETNEXT), 31(OPEN)
  |
  31:AGGREGATE [FINALIZE]
  |  Class 0
  |    output: _impala_builtins.sum:merge(default.impala_tpcds_store_sales.ss_net_profit)
  |    group by: default.impala_tpcds_store.s_state, default.impala_tpcds_store.s_county
  |  Class 1
  |    output: sum:merge(default.impala_tpcds_store_sales.ss_net_profit)
  |    group by: default.impala_tpcds_store.s_state, NULL
  |  Class 2
  |    output: sum:merge(default.impala_tpcds_store_sales.ss_net_profit)
  |    group by: NULL, NULL
  |  mem-estimate=266.00MB mem-reservation=69.94MB thread-reservation=0
  |  tuple-ids=18N,19N,20N row-size=120B cardinality=0
  |  in pipelines: 31(GETNEXT), 02(OPEN)
  |
  30:EXCHANGE [HASH(CASE valid_tid(18,19,20) WHEN 18 THEN murmur_hash(default.impala_tpcds_store.s_state) WHEN 19 THEN murmur_hash(default.impala_tpcds_store.s_state) WHEN 20 THEN murmur_hash(NULL) END,CASE valid_tid(18,19,20) WHEN 18 THEN murmur_hash(default.impala_tpcds_store.s_county) WHEN 19 THEN murmur_hash(NULL) WHEN 20 THEN murmur_hash(NULL) END)]
     mem-estimate=132.00KB mem-reservation=0B thread-reservation=0
     tuple-ids=18N,19N,20N row-size=120B cardinality=0
     in pipelines: 02(GETNEXT)

F00:PLAN FRAGMENT [RANDOM] hosts=1 instances=1
Per-Host Resources: mem-estimate=271.88MB mem-reservation=75.81MB thread-reservation=1
  DATASTREAM SINK [FRAGMENT=F09, EXCHANGE=30, HASH(CASE valid_tid(18,19,20) WHEN 18 THEN murmur_hash(default.impala_tpcds_store.s_state) WHEN 19 THEN murmur_hash(default.impala_tpcds_store.s_state) WHEN 20 THEN murmur_hash(NULL) END,CASE valid_tid(18,19,20) WHEN 18 THEN murmur_hash(default.impala_tpcds_store.s_county) WHEN 19 THEN murmur_hash(NULL) WHEN 20 THEN murmur_hash(NULL) END)]
  |  mem-estimate=0B mem-reservation=0B thread-reservation=0
  18:AGGREGATE [STREAMING]
  |  Class 0
  |    output: sum(default.impala_tpcds_store_sales.ss_net_profit)
  |    group by: default.impala_tpcds_store.s_state, default.impala_tpcds_store.s_county
  |  Class 1
  |    output: sum(default.impala_tpcds_store_sales.ss_net_profit)
  |    group by: default.impala_tpcds_store.s_state, NULL
  |  Class 2
  |    output: sum(default.impala_tpcds_store_sales.ss_net_profit)
  |    group by: NULL, NULL
  |  mem-estimate=266.00MB mem-reservation=70.00MB thread-reservation=0
  |  tuple-ids=18N,19N,20N row-size=120B cardinality=0
  |  in pipelines: 02(GETNEXT)
  |
  17:HASH JOIN [INNER JOIN, BROADCAST]
  |  hash predicates: default.impala_tpcds_store.s_state = default.impala_tpcds_store_0.s_state
  |  fk/pk conjuncts: assumed fk/pk
  |  mem-estimate=1.94MB mem-reservation=1.94MB spill-buffer=64.00KB thread-reservation=0
  |  tuple-ids=0,1,3,17 row-size=68B cardinality=0
  |  in pipelines: 02(GETNEXT), 14(OPEN)
  |
  |--29:EXCHANGE [BROADCAST]
  |     mem-estimate=24.00KB mem-reservation=0B thread-reservation=0
  |     tuple-ids=17 row-size=20B cardinality=0
  |     in pipelines: 14(GETNEXT)
  |
  06:HASH JOIN [INNER JOIN, BROADCAST]
  |  hash predicates: default.impala_tpcds_store_sales.ss_store_sk = default.impala_tpcds_store.s_store_sk
  |  fk/pk conjuncts: assumed fk/pk
  |  mem-estimate=1.94MB mem-reservation=1.94MB spill-buffer=64.00KB thread-reservation=0
  |  tuple-ids=0,1,3 row-size=48B cardinality=0
  |  in pipelines: 02(GETNEXT), 05(OPEN)
  |
  |--24:EXCHANGE [BROADCAST]
  |     mem-estimate=32.00KB mem-reservation=0B thread-reservation=0
  |     tuple-ids=3 row-size=28B cardinality=0
  |     in pipelines: 05(GETNEXT)
  |
  04:HASH JOIN [INNER JOIN, BROADCAST]
  |  hash predicates: default.impala_tpcds_store_sales.ss_sold_date_sk = d1.d_date_sk
  |  fk/pk conjuncts: assumed fk/pk
  |  mem-estimate=1.94MB mem-reservation=1.94MB spill-buffer=64.00KB thread-reservation=0
  |  tuple-ids=0,1 row-size=20B cardinality=0
  |  in pipelines: 02(GETNEXT), 03(OPEN)
  |
  |--23:EXCHANGE [BROADCAST]
  |     mem-estimate=16.00KB mem-reservation=0B thread-reservation=0
  |     tuple-ids=1 row-size=8B cardinality=0
  |     in pipelines: 03(GETNEXT)
  |
  02:SCAN HDFS [default.impala_tpcds_store_sales, RANDOM]
     partition predicates: default.impala_tpcds_store_sales.ss_sold_date_sk IS NOT NULL
     partitions=0/0 files=0 size=0B
     predicates: default.impala_tpcds_store_sales.ss_store_sk IS NOT NULL
     stored statistics:
       table: rows=unavailable size=unavailable
       partitions: 0/0 rows=unavailable
       columns missing stats: ss_store_sk, ss_net_profit
     extrapolated-rows=disabled max-scan-range-rows=0
     mem-estimate=0B mem-reservation=0B thread-reservation=0
     tuple-ids=0 row-size=12B cardinality=0
     in pipelines: 02(GETNEXT)

F01:PLAN FRAGMENT [RANDOM] hosts=1 instances=1
Per-Host Resources: mem-estimate=0B mem-reservation=0B thread-reservation=1
  DATASTREAM SINK [FRAGMENT=F00, EXCHANGE=23, BROADCAST]
  |  mem-estimate=0B mem-reservation=0B thread-reservation=0
  03:SCAN HDFS [default.impala_tpcds_date_dim d1, RANDOM]
     HDFS partitions=1/1 files=0 size=0B
     predicates: d1.d_date_sk IS NOT NULL, d1.d_month_seq >= CAST(1218 AS INT) AND d1.d_month_seq <= add(CAST(1218 AS INT), CAST(11 AS INT))
     stored statistics:
       table: rows=unavailable size=unavailable
       columns: unavailable
     extrapolated-rows=disabled max-scan-range-rows=0
     mem-estimate=0B mem-reservation=0B thread-reservation=0
     tuple-ids=1 row-size=8B cardinality=0
     in pipelines: 03(GETNEXT)

F02:PLAN FRAGMENT [RANDOM] hosts=1 instances=1
Per-Host Resources: mem-estimate=0B mem-reservation=0B thread-reservation=1
  DATASTREAM SINK [FRAGMENT=F00, EXCHANGE=24, BROADCAST]
  |  mem-estimate=0B mem-reservation=0B thread-reservation=0
  05:SCAN HDFS [default.impala_tpcds_store, RANDOM]
     HDFS partitions=1/1 files=0 size=0B
     predicates: default.impala_tpcds_store.s_state IS NOT NULL, default.impala_tpcds_store.s_store_sk IS NOT NULL
     stored statistics:
       table: rows=unavailable size=unavailable
       columns: unavailable
     extrapolated-rows=disabled max-scan-range-rows=0
     mem-estimate=0B mem-reservation=0B thread-reservation=0
     tuple-ids=3 row-size=28B cardinality=0
     in pipelines: 05(GETNEXT)

F07:PLAN FRAGMENT [RANDOM] hosts=1 instances=1
Per-Host Resources: mem-estimate=144.00MB mem-reservation=50.00MB thread-reservation=1
  DATASTREAM SINK [FRAGMENT=F00, EXCHANGE=29, BROADCAST]
  |  mem-estimate=0B mem-reservation=0B thread-reservation=0
  16:SELECT
  |  predicates: _impala_builtins.rank() <= CAST(5 AS BIGINT)
  |  mem-estimate=0B mem-reservation=0B thread-reservation=0
  |  tuple-ids=17 row-size=20B cardinality=0
  |  in pipelines: 14(GETNEXT)
  |
  07:UNION
  |  mem-estimate=0B mem-reservation=0B thread-reservation=0
  |  tuple-ids=17 row-size=20B cardinality=0
  |  in pipelines: 14(GETNEXT)
  |
  15:ANALYTIC
  |  functions: _impala_builtins.rank()
  |  partition by: default.impala_tpcds_store_0.s_state
  |  order by: _impala_builtins.sum(default.impala_tpcds_store_sales_0.ss_net_profit) DESC
  |  window: RANGE BETWEEN UNBOUNDED PRECEDING AND CURRENT ROW
  |  mem-estimate=4.00MB mem-reservation=4.00MB spill-buffer=2.00MB thread-reservation=0
  |  tuple-ids=15,14 row-size=36B cardinality=0
  |  in pipelines: 14(GETNEXT)
  |
  14:SORT
  |  order by: default.impala_tpcds_store_0.s_state ASC NULLS FIRST, _impala_builtins.sum(default.impala_tpcds_store_sales_0.ss_net_profit) DESC NULLS FIRST
  |  mem-estimate=12.00MB mem-reservation=12.00MB spill-buffer=2.00MB thread-reservation=0
  |  tuple-ids=15 row-size=28B cardinality=0
  |  in pipelines: 14(GETNEXT), 28(OPEN)
  |
  28:AGGREGATE [FINALIZE]
  |  output: _impala_builtins.sum:merge(default.impala_tpcds_store_sales_0.ss_net_profit)
  |  group by: default.impala_tpcds_store_0.s_state
  |  mem-estimate=128.00MB mem-reservation=34.00MB spill-buffer=2.00MB thread-reservation=0
  |  tuple-ids=10 row-size=28B cardinality=0
  |  in pipelines: 28(GETNEXT), 08(OPEN)
  |
  27:EXCHANGE [HASH(default.impala_tpcds_store_0.s_state)]
     mem-estimate=32.00KB mem-reservation=0B thread-reservation=0
     tuple-ids=10 row-size=28B cardinality=0
     in pipelines: 08(GETNEXT)

F03:PLAN FRAGMENT [RANDOM] hosts=1 instances=1
Per-Host Resources: mem-estimate=131.91MB mem-reservation=37.88MB thread-reservation=1
  DATASTREAM SINK [FRAGMENT=F07, EXCHANGE=27, HASH(default.impala_tpcds_store_0.s_state)]
  |  mem-estimate=0B mem-reservation=0B thread-reservation=0
  13:AGGREGATE [STREAMING]
  |  output: sum(default.impala_tpcds_store_sales_0.ss_net_profit)
  |  group by: default.impala_tpcds_store_0.s_state
  |  mem-estimate=128.00MB mem-reservation=34.00MB spill-buffer=2.00MB thread-reservation=0
  |  tuple-ids=10 row-size=28B cardinality=0
  |  in pipelines: 08(GETNEXT)
  |
  12:HASH JOIN [INNER JOIN, BROADCAST]
  |  hash predicates: default.impala_tpcds_store_sales_0.ss_store_sk = default.impala_tpcds_store_0.s_store_sk
  |  fk/pk conjuncts: assumed fk/pk
  |  mem-estimate=1.94MB mem-reservation=1.94MB spill-buffer=64.00KB thread-reservation=0
  |  tuple-ids=5,6,8 row-size=36B cardinality=0
  |  in pipelines: 08(GETNEXT), 11(OPEN)
  |
  |--26:EXCHANGE [BROADCAST]
  |     mem-estimate=20.00KB mem-reservation=0B thread-reservation=0
  |     tuple-ids=8 row-size=16B cardinality=0
  |     in pipelines: 11(GETNEXT)
  |
  10:HASH JOIN [INNER JOIN, BROADCAST]
  |  hash predicates: default.impala_tpcds_store_sales_0.ss_sold_date_sk = default.impala_tpcds_date_dim.d_date_sk
  |  fk/pk conjuncts: assumed fk/pk
  |  mem-estimate=1.94MB mem-reservation=1.94MB spill-buffer=64.00KB thread-reservation=0
  |  tuple-ids=5,6 row-size=20B cardinality=0
  |  in pipelines: 08(GETNEXT), 09(OPEN)
  |
  |--25:EXCHANGE [BROADCAST]
  |     mem-estimate=16.00KB mem-reservation=0B thread-reservation=0
  |     tuple-ids=6 row-size=8B cardinality=0
  |     in pipelines: 09(GETNEXT)
  |
  08:SCAN HDFS [default.impala_tpcds_store_sales, RANDOM]
     partition predicates: default.impala_tpcds_store_sales_0.ss_sold_date_sk IS NOT NULL
     partitions=0/0 files=0 size=0B
     predicates: default.impala_tpcds_store_sales_0.ss_store_sk IS NOT NULL
     stored statistics:
       table: rows=unavailable size=unavailable
       partitions: 0/0 rows=unavailable
       columns missing stats: ss_store_sk, ss_net_profit
     extrapolated-rows=disabled max-scan-range-rows=0
     mem-estimate=0B mem-reservation=0B thread-reservation=0
     tuple-ids=5 row-size=12B cardinality=0
     in pipelines: 08(GETNEXT)

F04:PLAN FRAGMENT [RANDOM] hosts=1 instances=1
Per-Host Resources: mem-estimate=0B mem-reservation=0B thread-reservation=1
  DATASTREAM SINK [FRAGMENT=F03, EXCHANGE=25, BROADCAST]
  |  mem-estimate=0B mem-reservation=0B thread-reservation=0
  09:SCAN HDFS [default.impala_tpcds_date_dim, RANDOM]
     HDFS partitions=1/1 files=0 size=0B
     predicates: default.impala_tpcds_date_dim.d_date_sk IS NOT NULL, default.impala_tpcds_date_dim.d_month_seq >= CAST(1218 AS INT) AND default.impala_tpcds_date_dim.d_month_seq <= add(CAST(1218 AS INT), CAST(11 AS INT))
     stored statistics:
       table: rows=unavailable size=unavailable
       columns: unavailable
     extrapolated-rows=disabled max-scan-range-rows=0
     mem-estimate=0B mem-reservation=0B thread-reservation=0
     tuple-ids=6 row-size=8B cardinality=0
     in pipelines: 09(GETNEXT)

F05:PLAN FRAGMENT [RANDOM] hosts=1 instances=1
Per-Host Resources: mem-estimate=0B mem-reservation=0B thread-reservation=1
  DATASTREAM SINK [FRAGMENT=F03, EXCHANGE=26, BROADCAST]
  |  mem-estimate=0B mem-reservation=0B thread-reservation=0
  11:SCAN HDFS [default.impala_tpcds_store, RANDOM]
     HDFS partitions=1/1 files=0 size=0B
     predicates: default.impala_tpcds_store_0.s_state IS NOT NULL, default.impala_tpcds_store_0.s_store_sk IS NOT NULL
     stored statistics:
       table: rows=unavailable size=unavailable
       columns: unavailable
     extrapolated-rows=disabled max-scan-range-rows=0
     mem-estimate=0B mem-reservation=0B thread-reservation=0
     tuple-ids=8 row-size=16B cardinality=0
     in pipelines: 11(GETNEXT)


  Stage: Stage-0
    Fetch Operator
      limit: -1
      Processor Tree:
        ListSink

