PREHOOK: query: explain cbo select case when (select count(*) 
                  from impala_tpcds_store_sales 
                  where ss_quantity between 1 and 20) > 98972190
            then (select avg(ss_ext_discount_amt) 
                  from impala_tpcds_store_sales 
                  where ss_quantity between 1 and 20) 
            else (select avg(ss_net_profit)
                  from impala_tpcds_store_sales
                  where ss_quantity between 1 and 20) end bucket1 ,
       case when (select count(*)
                  from impala_tpcds_store_sales
                  where ss_quantity between 21 and 40) > 160856845
            then (select avg(ss_ext_discount_amt)
                  from impala_tpcds_store_sales
                  where ss_quantity between 21 and 40) 
            else (select avg(ss_net_profit)
                  from impala_tpcds_store_sales
                  where ss_quantity between 21 and 40) end bucket2,
       case when (select count(*)
                  from impala_tpcds_store_sales
                  where ss_quantity between 41 and 60) > 12733327
            then (select avg(ss_ext_discount_amt)
                  from impala_tpcds_store_sales
                  where ss_quantity between 41 and 60)
            else (select avg(ss_net_profit)
                  from impala_tpcds_store_sales
                  where ss_quantity between 41 and 60) end bucket3,
       case when (select count(*)
                  from impala_tpcds_store_sales
                  where ss_quantity between 61 and 80) > 96251173
            then (select avg(ss_ext_discount_amt)
                  from impala_tpcds_store_sales
                  where ss_quantity between 61 and 80)
            else (select avg(ss_net_profit)
                  from impala_tpcds_store_sales
                  where ss_quantity between 61 and 80) end bucket4,
       case when (select count(*)
                  from impala_tpcds_store_sales
                  where ss_quantity between 81 and 100) > 80049606
            then (select avg(ss_ext_discount_amt)
                  from impala_tpcds_store_sales
                  where ss_quantity between 81 and 100)
            else (select avg(ss_net_profit)
                  from impala_tpcds_store_sales
                  where ss_quantity between 81 and 100) end bucket5
from impala_tpcds_reason
where r_reason_sk = 1
PREHOOK: type: QUERY
PREHOOK: Input: default@impala_tpcds_reason
PREHOOK: Input: default@impala_tpcds_store_sales
PREHOOK: Output: hdfs://### HDFS PATH ###
POSTHOOK: query: explain cbo select case when (select count(*) 
                  from impala_tpcds_store_sales 
                  where ss_quantity between 1 and 20) > 98972190
            then (select avg(ss_ext_discount_amt) 
                  from impala_tpcds_store_sales 
                  where ss_quantity between 1 and 20) 
            else (select avg(ss_net_profit)
                  from impala_tpcds_store_sales
                  where ss_quantity between 1 and 20) end bucket1 ,
       case when (select count(*)
                  from impala_tpcds_store_sales
                  where ss_quantity between 21 and 40) > 160856845
            then (select avg(ss_ext_discount_amt)
                  from impala_tpcds_store_sales
                  where ss_quantity between 21 and 40) 
            else (select avg(ss_net_profit)
                  from impala_tpcds_store_sales
                  where ss_quantity between 21 and 40) end bucket2,
       case when (select count(*)
                  from impala_tpcds_store_sales
                  where ss_quantity between 41 and 60) > 12733327
            then (select avg(ss_ext_discount_amt)
                  from impala_tpcds_store_sales
                  where ss_quantity between 41 and 60)
            else (select avg(ss_net_profit)
                  from impala_tpcds_store_sales
                  where ss_quantity between 41 and 60) end bucket3,
       case when (select count(*)
                  from impala_tpcds_store_sales
                  where ss_quantity between 61 and 80) > 96251173
            then (select avg(ss_ext_discount_amt)
                  from impala_tpcds_store_sales
                  where ss_quantity between 61 and 80)
            else (select avg(ss_net_profit)
                  from impala_tpcds_store_sales
                  where ss_quantity between 61 and 80) end bucket4,
       case when (select count(*)
                  from impala_tpcds_store_sales
                  where ss_quantity between 81 and 100) > 80049606
            then (select avg(ss_ext_discount_amt)
                  from impala_tpcds_store_sales
                  where ss_quantity between 81 and 100)
            else (select avg(ss_net_profit)
                  from impala_tpcds_store_sales
                  where ss_quantity between 81 and 100) end bucket5
from impala_tpcds_reason
where r_reason_sk = 1
POSTHOOK: type: QUERY
POSTHOOK: Input: default@impala_tpcds_reason
POSTHOOK: Input: default@impala_tpcds_store_sales
POSTHOOK: Output: hdfs://### HDFS PATH ###
CBO PLAN:
ImpalaProjectPassthroughRel(bucket1=[CASE($1, $2, $3)], bucket2=[CASE($4, $5, $6)], bucket3=[CASE($7, $8, $9)], bucket4=[CASE($10, $11, $12)], bucket5=[CASE($13, $14, $15)])
  ImpalaJoinRel(condition=[true], joinType=[left])
    ImpalaJoinRel(condition=[true], joinType=[left])
      ImpalaJoinRel(condition=[true], joinType=[left])
        ImpalaJoinRel(condition=[true], joinType=[left])
          ImpalaJoinRel(condition=[true], joinType=[left])
            ImpalaJoinRel(condition=[true], joinType=[left])
              ImpalaJoinRel(condition=[true], joinType=[left])
                ImpalaJoinRel(condition=[true], joinType=[left])
                  ImpalaJoinRel(condition=[true], joinType=[left])
                    ImpalaJoinRel(condition=[true], joinType=[left])
                      ImpalaJoinRel(condition=[true], joinType=[left])
                        ImpalaJoinRel(condition=[true], joinType=[left])
                          ImpalaJoinRel(condition=[true], joinType=[left])
                            ImpalaJoinRel(condition=[true], joinType=[left])
                              ImpalaJoinRel(condition=[true], joinType=[left])
                                ImpalaProjectPassthroughRel(r_reason_sk=[CAST(1:BIGINT):BIGINT])
                                  ImpalaHdfsScanRel(table=[[default, impala_tpcds_reason]], condition=[=($0, 1)])
                                ImpalaProjectPassthroughRel(>=[>($0, 98972190)])
                                  ImpalaAggregateRel(group=[{}], agg#0=[count()])
                                    ImpalaHdfsScanRel(table=[[default, impala_tpcds_store_sales]], condition=[BETWEEN(false, $9, 1, 20)])
                              ImpalaProjectPassthroughRel($f0=[CAST(/($0, CAST($1):DECIMAL(19, 0))):DECIMAL(11, 6)])
                                ImpalaAggregateRel(group=[{}], agg#0=[sum($13)], agg#1=[count($13)])
                                  ImpalaHdfsScanRel(table=[[default, impala_tpcds_store_sales]], condition=[BETWEEN(false, $9, 1, 20)])
                            ImpalaProjectPassthroughRel($f0=[CAST(/($0, CAST($1):DECIMAL(19, 0))):DECIMAL(11, 6)])
                              ImpalaAggregateRel(group=[{}], agg#0=[sum($21)], agg#1=[count($21)])
                                ImpalaHdfsScanRel(table=[[default, impala_tpcds_store_sales]], condition=[BETWEEN(false, $9, 1, 20)])
                          ImpalaProjectPassthroughRel(>=[>($0, 160856845)])
                            ImpalaAggregateRel(group=[{}], agg#0=[count()])
                              ImpalaHdfsScanRel(table=[[default, impala_tpcds_store_sales]], condition=[BETWEEN(false, $9, 21, 40)])
                        ImpalaProjectPassthroughRel($f0=[CAST(/($0, CAST($1):DECIMAL(19, 0))):DECIMAL(11, 6)])
                          ImpalaAggregateRel(group=[{}], agg#0=[sum($13)], agg#1=[count($13)])
                            ImpalaHdfsScanRel(table=[[default, impala_tpcds_store_sales]], condition=[BETWEEN(false, $9, 21, 40)])
                      ImpalaProjectPassthroughRel($f0=[CAST(/($0, CAST($1):DECIMAL(19, 0))):DECIMAL(11, 6)])
                        ImpalaAggregateRel(group=[{}], agg#0=[sum($21)], agg#1=[count($21)])
                          ImpalaHdfsScanRel(table=[[default, impala_tpcds_store_sales]], condition=[BETWEEN(false, $9, 21, 40)])
                    ImpalaProjectPassthroughRel(>=[>($0, 12733327)])
                      ImpalaAggregateRel(group=[{}], agg#0=[count()])
                        ImpalaHdfsScanRel(table=[[default, impala_tpcds_store_sales]], condition=[BETWEEN(false, $9, 41, 60)])
                  ImpalaProjectPassthroughRel($f0=[CAST(/($0, CAST($1):DECIMAL(19, 0))):DECIMAL(11, 6)])
                    ImpalaAggregateRel(group=[{}], agg#0=[sum($13)], agg#1=[count($13)])
                      ImpalaHdfsScanRel(table=[[default, impala_tpcds_store_sales]], condition=[BETWEEN(false, $9, 41, 60)])
                ImpalaProjectPassthroughRel($f0=[CAST(/($0, CAST($1):DECIMAL(19, 0))):DECIMAL(11, 6)])
                  ImpalaAggregateRel(group=[{}], agg#0=[sum($21)], agg#1=[count($21)])
                    ImpalaHdfsScanRel(table=[[default, impala_tpcds_store_sales]], condition=[BETWEEN(false, $9, 41, 60)])
              ImpalaProjectPassthroughRel(>=[>($0, 96251173)])
                ImpalaAggregateRel(group=[{}], agg#0=[count()])
                  ImpalaHdfsScanRel(table=[[default, impala_tpcds_store_sales]], condition=[BETWEEN(false, $9, 61, 80)])
            ImpalaProjectPassthroughRel($f0=[CAST(/($0, CAST($1):DECIMAL(19, 0))):DECIMAL(11, 6)])
              ImpalaAggregateRel(group=[{}], agg#0=[sum($13)], agg#1=[count($13)])
                ImpalaHdfsScanRel(table=[[default, impala_tpcds_store_sales]], condition=[BETWEEN(false, $9, 61, 80)])
          ImpalaProjectPassthroughRel($f0=[CAST(/($0, CAST($1):DECIMAL(19, 0))):DECIMAL(11, 6)])
            ImpalaAggregateRel(group=[{}], agg#0=[sum($21)], agg#1=[count($21)])
              ImpalaHdfsScanRel(table=[[default, impala_tpcds_store_sales]], condition=[BETWEEN(false, $9, 61, 80)])
        ImpalaProjectPassthroughRel(>=[>($0, 80049606)])
          ImpalaAggregateRel(group=[{}], agg#0=[count()])
            ImpalaHdfsScanRel(table=[[default, impala_tpcds_store_sales]], condition=[BETWEEN(false, $9, 81, 100)])
      ImpalaProjectPassthroughRel($f0=[CAST(/($0, CAST($1):DECIMAL(19, 0))):DECIMAL(11, 6)])
        ImpalaAggregateRel(group=[{}], agg#0=[sum($13)], agg#1=[count($13)])
          ImpalaHdfsScanRel(table=[[default, impala_tpcds_store_sales]], condition=[BETWEEN(false, $9, 81, 100)])
    ImpalaProjectPassthroughRel($f0=[CAST(/($0, CAST($1):DECIMAL(19, 0))):DECIMAL(11, 6)])
      ImpalaAggregateRel(group=[{}], agg#0=[sum($21)], agg#1=[count($21)])
        ImpalaHdfsScanRel(table=[[default, impala_tpcds_store_sales]], condition=[BETWEEN(false, $9, 81, 100)])

PREHOOK: query: explain select case when (select count(*) 
                  from impala_tpcds_store_sales 
                  where ss_quantity between 1 and 20) > 98972190
            then (select avg(ss_ext_discount_amt) 
                  from impala_tpcds_store_sales 
                  where ss_quantity between 1 and 20) 
            else (select avg(ss_net_profit)
                  from impala_tpcds_store_sales
                  where ss_quantity between 1 and 20) end bucket1 ,
       case when (select count(*)
                  from impala_tpcds_store_sales
                  where ss_quantity between 21 and 40) > 160856845
            then (select avg(ss_ext_discount_amt)
                  from impala_tpcds_store_sales
                  where ss_quantity between 21 and 40) 
            else (select avg(ss_net_profit)
                  from impala_tpcds_store_sales
                  where ss_quantity between 21 and 40) end bucket2,
       case when (select count(*)
                  from impala_tpcds_store_sales
                  where ss_quantity between 41 and 60) > 12733327
            then (select avg(ss_ext_discount_amt)
                  from impala_tpcds_store_sales
                  where ss_quantity between 41 and 60)
            else (select avg(ss_net_profit)
                  from impala_tpcds_store_sales
                  where ss_quantity between 41 and 60) end bucket3,
       case when (select count(*)
                  from impala_tpcds_store_sales
                  where ss_quantity between 61 and 80) > 96251173
            then (select avg(ss_ext_discount_amt)
                  from impala_tpcds_store_sales
                  where ss_quantity between 61 and 80)
            else (select avg(ss_net_profit)
                  from impala_tpcds_store_sales
                  where ss_quantity between 61 and 80) end bucket4,
       case when (select count(*)
                  from impala_tpcds_store_sales
                  where ss_quantity between 81 and 100) > 80049606
            then (select avg(ss_ext_discount_amt)
                  from impala_tpcds_store_sales
                  where ss_quantity between 81 and 100)
            else (select avg(ss_net_profit)
                  from impala_tpcds_store_sales
                  where ss_quantity between 81 and 100) end bucket5
from impala_tpcds_reason
where r_reason_sk = 1
PREHOOK: type: QUERY
PREHOOK: Input: default@impala_tpcds_reason
PREHOOK: Input: default@impala_tpcds_store_sales
PREHOOK: Output: hdfs://### HDFS PATH ###
POSTHOOK: query: explain select case when (select count(*) 
                  from impala_tpcds_store_sales 
                  where ss_quantity between 1 and 20) > 98972190
            then (select avg(ss_ext_discount_amt) 
                  from impala_tpcds_store_sales 
                  where ss_quantity between 1 and 20) 
            else (select avg(ss_net_profit)
                  from impala_tpcds_store_sales
                  where ss_quantity between 1 and 20) end bucket1 ,
       case when (select count(*)
                  from impala_tpcds_store_sales
                  where ss_quantity between 21 and 40) > 160856845
            then (select avg(ss_ext_discount_amt)
                  from impala_tpcds_store_sales
                  where ss_quantity between 21 and 40) 
            else (select avg(ss_net_profit)
                  from impala_tpcds_store_sales
                  where ss_quantity between 21 and 40) end bucket2,
       case when (select count(*)
                  from impala_tpcds_store_sales
                  where ss_quantity between 41 and 60) > 12733327
            then (select avg(ss_ext_discount_amt)
                  from impala_tpcds_store_sales
                  where ss_quantity between 41 and 60)
            else (select avg(ss_net_profit)
                  from impala_tpcds_store_sales
                  where ss_quantity between 41 and 60) end bucket3,
       case when (select count(*)
                  from impala_tpcds_store_sales
                  where ss_quantity between 61 and 80) > 96251173
            then (select avg(ss_ext_discount_amt)
                  from impala_tpcds_store_sales
                  where ss_quantity between 61 and 80)
            else (select avg(ss_net_profit)
                  from impala_tpcds_store_sales
                  where ss_quantity between 61 and 80) end bucket4,
       case when (select count(*)
                  from impala_tpcds_store_sales
                  where ss_quantity between 81 and 100) > 80049606
            then (select avg(ss_ext_discount_amt)
                  from impala_tpcds_store_sales
                  where ss_quantity between 81 and 100)
            else (select avg(ss_net_profit)
                  from impala_tpcds_store_sales
                  where ss_quantity between 81 and 100) end bucket5
from impala_tpcds_reason
where r_reason_sk = 1
POSTHOOK: type: QUERY
POSTHOOK: Input: default@impala_tpcds_reason
POSTHOOK: Input: default@impala_tpcds_store_sales
POSTHOOK: Output: hdfs://### HDFS PATH ###
STAGE DEPENDENCIES:
  Stage-1 is a root stage
  Stage-0 is a root stage

STAGE PLANS:
  Stage: Stage-1
    Impala
      Impala Plan: 
F31:PLAN FRAGMENT [UNPARTITIONED] hosts=1 instances=1
Per-Host Resources: mem-estimate=352.00KB mem-reservation=0B thread-reservation=1
  PLAN-ROOT SINK
  |  output exprs: CASE WHEN _impala_builtins.count() > CAST(98972190 AS BIGINT) THEN casttodecimal(divide(_impala_builtins.sum(default.impala_tpcds_store_sales_0.ss_ext_discount_amt), casttodecimal(_impala_builtins.count(default.impala_tpcds_store_sales_0.ss_ext_discount_amt)))) ELSE casttodecimal(divide(_impala_builtins.sum(default.impala_tpcds_store_sales_1.ss_net_profit), casttodecimal(_impala_builtins.count(default.impala_tpcds_store_sales_1.ss_net_profit)))) END, CASE WHEN _impala_builtins.count() > CAST(160856845 AS BIGINT) THEN casttodecimal(divide(_impala_builtins.sum(default.impala_tpcds_store_sales_3.ss_ext_discount_amt), casttodecimal(_impala_builtins.count(default.impala_tpcds_store_sales_3.ss_ext_discount_amt)))) ELSE casttodecimal(divide(_impala_builtins.sum(default.impala_tpcds_store_sales_4.ss_net_profit), casttodecimal(_impala_builtins.count(default.impala_tpcds_store_sales_4.ss_net_profit)))) END, CASE WHEN _impala_builtins.count() > CAST(12733327 AS BIGINT) THEN casttodecimal(divide(_impala_builtins.sum(default.impala_tpcds_store_sales_6.ss_ext_discount_amt), casttodecimal(_impala_builtins.count(default.impala_tpcds_store_sales_6.ss_ext_discount_amt)))) ELSE casttodecimal(divide(_impala_builtins.sum(default.impala_tpcds_store_sales_7.ss_net_profit), casttodecimal(_impala_builtins.count(default.impala_tpcds_store_sales_7.ss_net_profit)))) END, CASE WHEN _impala_builtins.count() > CAST(96251173 AS BIGINT) THEN casttodecimal(divide(_impala_builtins.sum(default.impala_tpcds_store_sales_9.ss_ext_discount_amt), casttodecimal(_impala_builtins.count(default.impala_tpcds_store_sales_9.ss_ext_discount_amt)))) ELSE casttodecimal(divide(_impala_builtins.sum(default.impala_tpcds_store_sales_10.ss_net_profit), casttodecimal(_impala_builtins.count(default.impala_tpcds_store_sales_10.ss_net_profit)))) END, CASE WHEN _impala_builtins.count() > CAST(80049606 AS BIGINT) THEN casttodecimal(divide(_impala_builtins.sum(default.impala_tpcds_store_sales_12.ss_ext_discount_amt), casttodecimal(_impala_builtins.count(default.impala_tpcds_store_sales_12.ss_ext_discount_amt)))) ELSE casttodecimal(divide(_impala_builtins.sum(default.impala_tpcds_store_sales_13.ss_net_profit), casttodecimal(_impala_builtins.count(default.impala_tpcds_store_sales_13.ss_net_profit)))) END
  |  mem-estimate=0B mem-reservation=0B thread-reservation=0
  |
  91:EXCHANGE [UNPARTITIONED]
     mem-estimate=352.00KB mem-reservation=0B thread-reservation=0
     tuple-ids=0,3N,5N,7N,9N,11N,13N,15N,17N,19N,21N,23N,25N,27N,29N,31N row-size=288B cardinality=0
     in pipelines: 00(GETNEXT)

F00:PLAN FRAGMENT [RANDOM] hosts=1 instances=1
Per-Host Resources: mem-estimate=240.27KB mem-reservation=0B thread-reservation=1
  DATASTREAM SINK [FRAGMENT=F31, EXCHANGE=91, UNPARTITIONED]
  |  mem-estimate=0B mem-reservation=0B thread-reservation=0
  45:NESTED LOOP JOIN [LEFT OUTER JOIN, BROADCAST]
  |  mem-estimate=24B mem-reservation=0B thread-reservation=0
  |  tuple-ids=0,3N,5N,7N,9N,11N,13N,15N,17N,19N,21N,23N,25N,27N,29N,31N row-size=288B cardinality=0
  |  in pipelines: 00(GETNEXT), 89(OPEN)
  |
  |--90:EXCHANGE [BROADCAST]
  |     mem-estimate=16.00KB mem-reservation=0B thread-reservation=0
  |     tuple-ids=31 row-size=24B cardinality=1
  |     in pipelines: 89(GETNEXT)
  |
  42:NESTED LOOP JOIN [LEFT OUTER JOIN, BROADCAST]
  |  mem-estimate=24B mem-reservation=0B thread-reservation=0
  |  tuple-ids=0,3N,5N,7N,9N,11N,13N,15N,17N,19N,21N,23N,25N,27N,29N row-size=264B cardinality=0
  |  in pipelines: 00(GETNEXT), 86(OPEN)
  |
  |--87:EXCHANGE [BROADCAST]
  |     mem-estimate=16.00KB mem-reservation=0B thread-reservation=0
  |     tuple-ids=29 row-size=24B cardinality=1
  |     in pipelines: 86(GETNEXT)
  |
  39:NESTED LOOP JOIN [LEFT OUTER JOIN, BROADCAST]
  |  mem-estimate=8B mem-reservation=0B thread-reservation=0
  |  tuple-ids=0,3N,5N,7N,9N,11N,13N,15N,17N,19N,21N,23N,25N,27N row-size=240B cardinality=0
  |  in pipelines: 00(GETNEXT), 83(OPEN)
  |
  |--84:EXCHANGE [BROADCAST]
  |     mem-estimate=16.00KB mem-reservation=0B thread-reservation=0
  |     tuple-ids=27 row-size=8B cardinality=1
  |     in pipelines: 83(GETNEXT)
  |
  36:NESTED LOOP JOIN [LEFT OUTER JOIN, BROADCAST]
  |  mem-estimate=24B mem-reservation=0B thread-reservation=0
  |  tuple-ids=0,3N,5N,7N,9N,11N,13N,15N,17N,19N,21N,23N,25N row-size=232B cardinality=0
  |  in pipelines: 00(GETNEXT), 80(OPEN)
  |
  |--81:EXCHANGE [BROADCAST]
  |     mem-estimate=16.00KB mem-reservation=0B thread-reservation=0
  |     tuple-ids=25 row-size=24B cardinality=1
  |     in pipelines: 80(GETNEXT)
  |
  33:NESTED LOOP JOIN [LEFT OUTER JOIN, BROADCAST]
  |  mem-estimate=24B mem-reservation=0B thread-reservation=0
  |  tuple-ids=0,3N,5N,7N,9N,11N,13N,15N,17N,19N,21N,23N row-size=208B cardinality=0
  |  in pipelines: 00(GETNEXT), 77(OPEN)
  |
  |--78:EXCHANGE [BROADCAST]
  |     mem-estimate=16.00KB mem-reservation=0B thread-reservation=0
  |     tuple-ids=23 row-size=24B cardinality=1
  |     in pipelines: 77(GETNEXT)
  |
  30:NESTED LOOP JOIN [LEFT OUTER JOIN, BROADCAST]
  |  mem-estimate=8B mem-reservation=0B thread-reservation=0
  |  tuple-ids=0,3N,5N,7N,9N,11N,13N,15N,17N,19N,21N row-size=184B cardinality=0
  |  in pipelines: 00(GETNEXT), 74(OPEN)
  |
  |--75:EXCHANGE [BROADCAST]
  |     mem-estimate=16.00KB mem-reservation=0B thread-reservation=0
  |     tuple-ids=21 row-size=8B cardinality=1
  |     in pipelines: 74(GETNEXT)
  |
  27:NESTED LOOP JOIN [LEFT OUTER JOIN, BROADCAST]
  |  mem-estimate=24B mem-reservation=0B thread-reservation=0
  |  tuple-ids=0,3N,5N,7N,9N,11N,13N,15N,17N,19N row-size=176B cardinality=0
  |  in pipelines: 00(GETNEXT), 71(OPEN)
  |
  |--72:EXCHANGE [BROADCAST]
  |     mem-estimate=16.00KB mem-reservation=0B thread-reservation=0
  |     tuple-ids=19 row-size=24B cardinality=1
  |     in pipelines: 71(GETNEXT)
  |
  24:NESTED LOOP JOIN [LEFT OUTER JOIN, BROADCAST]
  |  mem-estimate=24B mem-reservation=0B thread-reservation=0
  |  tuple-ids=0,3N,5N,7N,9N,11N,13N,15N,17N row-size=152B cardinality=0
  |  in pipelines: 00(GETNEXT), 68(OPEN)
  |
  |--69:EXCHANGE [BROADCAST]
  |     mem-estimate=16.00KB mem-reservation=0B thread-reservation=0
  |     tuple-ids=17 row-size=24B cardinality=1
  |     in pipelines: 68(GETNEXT)
  |
  21:NESTED LOOP JOIN [LEFT OUTER JOIN, BROADCAST]
  |  mem-estimate=8B mem-reservation=0B thread-reservation=0
  |  tuple-ids=0,3N,5N,7N,9N,11N,13N,15N row-size=128B cardinality=0
  |  in pipelines: 00(GETNEXT), 65(OPEN)
  |
  |--66:EXCHANGE [BROADCAST]
  |     mem-estimate=16.00KB mem-reservation=0B thread-reservation=0
  |     tuple-ids=15 row-size=8B cardinality=1
  |     in pipelines: 65(GETNEXT)
  |
  18:NESTED LOOP JOIN [LEFT OUTER JOIN, BROADCAST]
  |  mem-estimate=24B mem-reservation=0B thread-reservation=0
  |  tuple-ids=0,3N,5N,7N,9N,11N,13N row-size=120B cardinality=0
  |  in pipelines: 00(GETNEXT), 62(OPEN)
  |
  |--63:EXCHANGE [BROADCAST]
  |     mem-estimate=16.00KB mem-reservation=0B thread-reservation=0
  |     tuple-ids=13 row-size=24B cardinality=1
  |     in pipelines: 62(GETNEXT)
  |
  15:NESTED LOOP JOIN [LEFT OUTER JOIN, BROADCAST]
  |  mem-estimate=24B mem-reservation=0B thread-reservation=0
  |  tuple-ids=0,3N,5N,7N,9N,11N row-size=96B cardinality=0
  |  in pipelines: 00(GETNEXT), 59(OPEN)
  |
  |--60:EXCHANGE [BROADCAST]
  |     mem-estimate=16.00KB mem-reservation=0B thread-reservation=0
  |     tuple-ids=11 row-size=24B cardinality=1
  |     in pipelines: 59(GETNEXT)
  |
  12:NESTED LOOP JOIN [LEFT OUTER JOIN, BROADCAST]
  |  mem-estimate=8B mem-reservation=0B thread-reservation=0
  |  tuple-ids=0,3N,5N,7N,9N row-size=72B cardinality=0
  |  in pipelines: 00(GETNEXT), 56(OPEN)
  |
  |--57:EXCHANGE [BROADCAST]
  |     mem-estimate=16.00KB mem-reservation=0B thread-reservation=0
  |     tuple-ids=9 row-size=8B cardinality=1
  |     in pipelines: 56(GETNEXT)
  |
  09:NESTED LOOP JOIN [LEFT OUTER JOIN, BROADCAST]
  |  mem-estimate=24B mem-reservation=0B thread-reservation=0
  |  tuple-ids=0,3N,5N,7N row-size=64B cardinality=0
  |  in pipelines: 00(GETNEXT), 53(OPEN)
  |
  |--54:EXCHANGE [BROADCAST]
  |     mem-estimate=16.00KB mem-reservation=0B thread-reservation=0
  |     tuple-ids=7 row-size=24B cardinality=1
  |     in pipelines: 53(GETNEXT)
  |
  06:NESTED LOOP JOIN [LEFT OUTER JOIN, BROADCAST]
  |  mem-estimate=24B mem-reservation=0B thread-reservation=0
  |  tuple-ids=0,3N,5N row-size=40B cardinality=0
  |  in pipelines: 00(GETNEXT), 50(OPEN)
  |
  |--51:EXCHANGE [BROADCAST]
  |     mem-estimate=16.00KB mem-reservation=0B thread-reservation=0
  |     tuple-ids=5 row-size=24B cardinality=1
  |     in pipelines: 50(GETNEXT)
  |
  03:NESTED LOOP JOIN [LEFT OUTER JOIN, BROADCAST]
  |  mem-estimate=8B mem-reservation=0B thread-reservation=0
  |  tuple-ids=0,3N row-size=16B cardinality=0
  |  in pipelines: 00(GETNEXT), 47(OPEN)
  |
  |--48:EXCHANGE [BROADCAST]
  |     mem-estimate=16.00KB mem-reservation=0B thread-reservation=0
  |     tuple-ids=3 row-size=8B cardinality=1
  |     in pipelines: 47(GETNEXT)
  |
  00:SCAN HDFS [default.impala_tpcds_reason, RANDOM]
     HDFS partitions=1/1 files=0 size=0B
     predicates: default.impala_tpcds_reason.r_reason_sk = CAST(1 AS BIGINT)
     stored statistics:
       table: rows=unavailable size=unavailable
       columns: unavailable
     extrapolated-rows=disabled max-scan-range-rows=0
     parquet statistics predicates: default.impala_tpcds_reason.r_reason_sk = CAST(1 AS BIGINT)
     mem-estimate=0B mem-reservation=0B thread-reservation=0
     tuple-ids=0 row-size=8B cardinality=0
     in pipelines: 00(GETNEXT)

F02:PLAN FRAGMENT [UNPARTITIONED] hosts=1 instances=1
Per-Host Resources: mem-estimate=10.02MB mem-reservation=0B thread-reservation=1
  DATASTREAM SINK [FRAGMENT=F00, EXCHANGE=48, BROADCAST]
  |  mem-estimate=0B mem-reservation=0B thread-reservation=0
  47:AGGREGATE [FINALIZE]
  |  output: _impala_builtins.count:merge()
  |  mem-estimate=10.00MB mem-reservation=0B spill-buffer=2.00MB thread-reservation=0
  |  tuple-ids=3 row-size=8B cardinality=1
  |  in pipelines: 47(GETNEXT), 02(OPEN)
  |
  46:EXCHANGE [UNPARTITIONED]
     mem-estimate=16.00KB mem-reservation=0B thread-reservation=0
     tuple-ids=3 row-size=8B cardinality=1
     in pipelines: 02(GETNEXT)

F01:PLAN FRAGMENT [RANDOM] hosts=1 instances=1
Per-Host Resources: mem-estimate=10.00MB mem-reservation=0B thread-reservation=1
  DATASTREAM SINK [FRAGMENT=F02, EXCHANGE=46, UNPARTITIONED]
  |  mem-estimate=0B mem-reservation=0B thread-reservation=0
  02:AGGREGATE
  |  output: count()
  |  mem-estimate=10.00MB mem-reservation=0B spill-buffer=2.00MB thread-reservation=0
  |  tuple-ids=3 row-size=8B cardinality=1
  |  in pipelines: 02(GETNEXT), 01(OPEN)
  |
  01:SCAN HDFS [default.impala_tpcds_store_sales, RANDOM]
     partitions=0/0 files=0 size=0B
     predicates: default.impala_tpcds_store_sales.ss_quantity >= CAST(1 AS INT) AND default.impala_tpcds_store_sales.ss_quantity <= CAST(20 AS INT)
     stored statistics:
       table: rows=unavailable size=unavailable
       partitions: 0/0 rows=unavailable
       columns: unavailable
     extrapolated-rows=disabled max-scan-range-rows=0
     mem-estimate=0B mem-reservation=0B thread-reservation=0
     tuple-ids=2 row-size=4B cardinality=0
     in pipelines: 01(GETNEXT)

F04:PLAN FRAGMENT [UNPARTITIONED] hosts=1 instances=1
Per-Host Resources: mem-estimate=10.02MB mem-reservation=0B thread-reservation=1
  DATASTREAM SINK [FRAGMENT=F00, EXCHANGE=51, BROADCAST]
  |  mem-estimate=0B mem-reservation=0B thread-reservation=0
  50:AGGREGATE [FINALIZE]
  |  output: _impala_builtins.sum:merge(default.impala_tpcds_store_sales_0.ss_ext_discount_amt), _impala_builtins.count:merge(default.impala_tpcds_store_sales_0.ss_ext_discount_amt)
  |  mem-estimate=10.00MB mem-reservation=0B spill-buffer=2.00MB thread-reservation=0
  |  tuple-ids=5 row-size=24B cardinality=1
  |  in pipelines: 50(GETNEXT), 05(OPEN)
  |
  49:EXCHANGE [UNPARTITIONED]
     mem-estimate=16.00KB mem-reservation=0B thread-reservation=0
     tuple-ids=5 row-size=24B cardinality=1
     in pipelines: 05(GETNEXT)

F03:PLAN FRAGMENT [RANDOM] hosts=1 instances=1
Per-Host Resources: mem-estimate=10.00MB mem-reservation=0B thread-reservation=1
  DATASTREAM SINK [FRAGMENT=F04, EXCHANGE=49, UNPARTITIONED]
  |  mem-estimate=0B mem-reservation=0B thread-reservation=0
  05:AGGREGATE
  |  output: sum(default.impala_tpcds_store_sales_0.ss_ext_discount_amt), count(default.impala_tpcds_store_sales_0.ss_ext_discount_amt)
  |  mem-estimate=10.00MB mem-reservation=0B spill-buffer=2.00MB thread-reservation=0
  |  tuple-ids=5 row-size=24B cardinality=1
  |  in pipelines: 05(GETNEXT), 04(OPEN)
  |
  04:SCAN HDFS [default.impala_tpcds_store_sales, RANDOM]
     partitions=0/0 files=0 size=0B
     predicates: default.impala_tpcds_store_sales_0.ss_quantity >= CAST(1 AS INT) AND default.impala_tpcds_store_sales_0.ss_quantity <= CAST(20 AS INT)
     stored statistics:
       table: rows=unavailable size=unavailable
       partitions: 0/0 rows=unavailable
       columns: unavailable
     extrapolated-rows=disabled max-scan-range-rows=0
     mem-estimate=0B mem-reservation=0B thread-reservation=0
     tuple-ids=4 row-size=8B cardinality=0
     in pipelines: 04(GETNEXT)

F06:PLAN FRAGMENT [UNPARTITIONED] hosts=1 instances=1
Per-Host Resources: mem-estimate=10.02MB mem-reservation=0B thread-reservation=1
  DATASTREAM SINK [FRAGMENT=F00, EXCHANGE=54, BROADCAST]
  |  mem-estimate=0B mem-reservation=0B thread-reservation=0
  53:AGGREGATE [FINALIZE]
  |  output: _impala_builtins.sum:merge(default.impala_tpcds_store_sales_1.ss_net_profit), _impala_builtins.count:merge(default.impala_tpcds_store_sales_1.ss_net_profit)
  |  mem-estimate=10.00MB mem-reservation=0B spill-buffer=2.00MB thread-reservation=0
  |  tuple-ids=7 row-size=24B cardinality=1
  |  in pipelines: 53(GETNEXT), 08(OPEN)
  |
  52:EXCHANGE [UNPARTITIONED]
     mem-estimate=16.00KB mem-reservation=0B thread-reservation=0
     tuple-ids=7 row-size=24B cardinality=1
     in pipelines: 08(GETNEXT)

F05:PLAN FRAGMENT [RANDOM] hosts=1 instances=1
Per-Host Resources: mem-estimate=10.00MB mem-reservation=0B thread-reservation=1
  DATASTREAM SINK [FRAGMENT=F06, EXCHANGE=52, UNPARTITIONED]
  |  mem-estimate=0B mem-reservation=0B thread-reservation=0
  08:AGGREGATE
  |  output: sum(default.impala_tpcds_store_sales_1.ss_net_profit), count(default.impala_tpcds_store_sales_1.ss_net_profit)
  |  mem-estimate=10.00MB mem-reservation=0B spill-buffer=2.00MB thread-reservation=0
  |  tuple-ids=7 row-size=24B cardinality=1
  |  in pipelines: 08(GETNEXT), 07(OPEN)
  |
  07:SCAN HDFS [default.impala_tpcds_store_sales, RANDOM]
     partitions=0/0 files=0 size=0B
     predicates: default.impala_tpcds_store_sales_1.ss_quantity >= CAST(1 AS INT) AND default.impala_tpcds_store_sales_1.ss_quantity <= CAST(20 AS INT)
     stored statistics:
       table: rows=unavailable size=unavailable
       partitions: 0/0 rows=unavailable
       columns: unavailable
     extrapolated-rows=disabled max-scan-range-rows=0
     mem-estimate=0B mem-reservation=0B thread-reservation=0
     tuple-ids=6 row-size=8B cardinality=0
     in pipelines: 07(GETNEXT)

F08:PLAN FRAGMENT [UNPARTITIONED] hosts=1 instances=1
Per-Host Resources: mem-estimate=10.02MB mem-reservation=0B thread-reservation=1
  DATASTREAM SINK [FRAGMENT=F00, EXCHANGE=57, BROADCAST]
  |  mem-estimate=0B mem-reservation=0B thread-reservation=0
  56:AGGREGATE [FINALIZE]
  |  output: _impala_builtins.count:merge()
  |  mem-estimate=10.00MB mem-reservation=0B spill-buffer=2.00MB thread-reservation=0
  |  tuple-ids=9 row-size=8B cardinality=1
  |  in pipelines: 56(GETNEXT), 11(OPEN)
  |
  55:EXCHANGE [UNPARTITIONED]
     mem-estimate=16.00KB mem-reservation=0B thread-reservation=0
     tuple-ids=9 row-size=8B cardinality=1
     in pipelines: 11(GETNEXT)

F07:PLAN FRAGMENT [RANDOM] hosts=1 instances=1
Per-Host Resources: mem-estimate=10.00MB mem-reservation=0B thread-reservation=1
  DATASTREAM SINK [FRAGMENT=F08, EXCHANGE=55, UNPARTITIONED]
  |  mem-estimate=0B mem-reservation=0B thread-reservation=0
  11:AGGREGATE
  |  output: count()
  |  mem-estimate=10.00MB mem-reservation=0B spill-buffer=2.00MB thread-reservation=0
  |  tuple-ids=9 row-size=8B cardinality=1
  |  in pipelines: 11(GETNEXT), 10(OPEN)
  |
  10:SCAN HDFS [default.impala_tpcds_store_sales, RANDOM]
     partitions=0/0 files=0 size=0B
     predicates: default.impala_tpcds_store_sales_2.ss_quantity >= CAST(21 AS INT) AND default.impala_tpcds_store_sales_2.ss_quantity <= CAST(40 AS INT)
     stored statistics:
       table: rows=unavailable size=unavailable
       partitions: 0/0 rows=unavailable
       columns: unavailable
     extrapolated-rows=disabled max-scan-range-rows=0
     mem-estimate=0B mem-reservation=0B thread-reservation=0
     tuple-ids=8 row-size=4B cardinality=0
     in pipelines: 10(GETNEXT)

F10:PLAN FRAGMENT [UNPARTITIONED] hosts=1 instances=1
Per-Host Resources: mem-estimate=10.02MB mem-reservation=0B thread-reservation=1
  DATASTREAM SINK [FRAGMENT=F00, EXCHANGE=60, BROADCAST]
  |  mem-estimate=0B mem-reservation=0B thread-reservation=0
  59:AGGREGATE [FINALIZE]
  |  output: _impala_builtins.sum:merge(default.impala_tpcds_store_sales_3.ss_ext_discount_amt), _impala_builtins.count:merge(default.impala_tpcds_store_sales_3.ss_ext_discount_amt)
  |  mem-estimate=10.00MB mem-reservation=0B spill-buffer=2.00MB thread-reservation=0
  |  tuple-ids=11 row-size=24B cardinality=1
  |  in pipelines: 59(GETNEXT), 14(OPEN)
  |
  58:EXCHANGE [UNPARTITIONED]
     mem-estimate=16.00KB mem-reservation=0B thread-reservation=0
     tuple-ids=11 row-size=24B cardinality=1
     in pipelines: 14(GETNEXT)

F09:PLAN FRAGMENT [RANDOM] hosts=1 instances=1
Per-Host Resources: mem-estimate=10.00MB mem-reservation=0B thread-reservation=1
  DATASTREAM SINK [FRAGMENT=F10, EXCHANGE=58, UNPARTITIONED]
  |  mem-estimate=0B mem-reservation=0B thread-reservation=0
  14:AGGREGATE
  |  output: sum(default.impala_tpcds_store_sales_3.ss_ext_discount_amt), count(default.impala_tpcds_store_sales_3.ss_ext_discount_amt)
  |  mem-estimate=10.00MB mem-reservation=0B spill-buffer=2.00MB thread-reservation=0
  |  tuple-ids=11 row-size=24B cardinality=1
  |  in pipelines: 14(GETNEXT), 13(OPEN)
  |
  13:SCAN HDFS [default.impala_tpcds_store_sales, RANDOM]
     partitions=0/0 files=0 size=0B
     predicates: default.impala_tpcds_store_sales_3.ss_quantity >= CAST(21 AS INT) AND default.impala_tpcds_store_sales_3.ss_quantity <= CAST(40 AS INT)
     stored statistics:
       table: rows=unavailable size=unavailable
       partitions: 0/0 rows=unavailable
       columns: unavailable
     extrapolated-rows=disabled max-scan-range-rows=0
     mem-estimate=0B mem-reservation=0B thread-reservation=0
     tuple-ids=10 row-size=8B cardinality=0
     in pipelines: 13(GETNEXT)

F12:PLAN FRAGMENT [UNPARTITIONED] hosts=1 instances=1
Per-Host Resources: mem-estimate=10.02MB mem-reservation=0B thread-reservation=1
  DATASTREAM SINK [FRAGMENT=F00, EXCHANGE=63, BROADCAST]
  |  mem-estimate=0B mem-reservation=0B thread-reservation=0
  62:AGGREGATE [FINALIZE]
  |  output: _impala_builtins.sum:merge(default.impala_tpcds_store_sales_4.ss_net_profit), _impala_builtins.count:merge(default.impala_tpcds_store_sales_4.ss_net_profit)
  |  mem-estimate=10.00MB mem-reservation=0B spill-buffer=2.00MB thread-reservation=0
  |  tuple-ids=13 row-size=24B cardinality=1
  |  in pipelines: 62(GETNEXT), 17(OPEN)
  |
  61:EXCHANGE [UNPARTITIONED]
     mem-estimate=16.00KB mem-reservation=0B thread-reservation=0
     tuple-ids=13 row-size=24B cardinality=1
     in pipelines: 17(GETNEXT)

F11:PLAN FRAGMENT [RANDOM] hosts=1 instances=1
Per-Host Resources: mem-estimate=10.00MB mem-reservation=0B thread-reservation=1
  DATASTREAM SINK [FRAGMENT=F12, EXCHANGE=61, UNPARTITIONED]
  |  mem-estimate=0B mem-reservation=0B thread-reservation=0
  17:AGGREGATE
  |  output: sum(default.impala_tpcds_store_sales_4.ss_net_profit), count(default.impala_tpcds_store_sales_4.ss_net_profit)
  |  mem-estimate=10.00MB mem-reservation=0B spill-buffer=2.00MB thread-reservation=0
  |  tuple-ids=13 row-size=24B cardinality=1
  |  in pipelines: 17(GETNEXT), 16(OPEN)
  |
  16:SCAN HDFS [default.impala_tpcds_store_sales, RANDOM]
     partitions=0/0 files=0 size=0B
     predicates: default.impala_tpcds_store_sales_4.ss_quantity >= CAST(21 AS INT) AND default.impala_tpcds_store_sales_4.ss_quantity <= CAST(40 AS INT)
     stored statistics:
       table: rows=unavailable size=unavailable
       partitions: 0/0 rows=unavailable
       columns: unavailable
     extrapolated-rows=disabled max-scan-range-rows=0
     mem-estimate=0B mem-reservation=0B thread-reservation=0
     tuple-ids=12 row-size=8B cardinality=0
     in pipelines: 16(GETNEXT)

F14:PLAN FRAGMENT [UNPARTITIONED] hosts=1 instances=1
Per-Host Resources: mem-estimate=10.02MB mem-reservation=0B thread-reservation=1
  DATASTREAM SINK [FRAGMENT=F00, EXCHANGE=66, BROADCAST]
  |  mem-estimate=0B mem-reservation=0B thread-reservation=0
  65:AGGREGATE [FINALIZE]
  |  output: _impala_builtins.count:merge()
  |  mem-estimate=10.00MB mem-reservation=0B spill-buffer=2.00MB thread-reservation=0
  |  tuple-ids=15 row-size=8B cardinality=1
  |  in pipelines: 65(GETNEXT), 20(OPEN)
  |
  64:EXCHANGE [UNPARTITIONED]
     mem-estimate=16.00KB mem-reservation=0B thread-reservation=0
     tuple-ids=15 row-size=8B cardinality=1
     in pipelines: 20(GETNEXT)

F13:PLAN FRAGMENT [RANDOM] hosts=1 instances=1
Per-Host Resources: mem-estimate=10.00MB mem-reservation=0B thread-reservation=1
  DATASTREAM SINK [FRAGMENT=F14, EXCHANGE=64, UNPARTITIONED]
  |  mem-estimate=0B mem-reservation=0B thread-reservation=0
  20:AGGREGATE
  |  output: count()
  |  mem-estimate=10.00MB mem-reservation=0B spill-buffer=2.00MB thread-reservation=0
  |  tuple-ids=15 row-size=8B cardinality=1
  |  in pipelines: 20(GETNEXT), 19(OPEN)
  |
  19:SCAN HDFS [default.impala_tpcds_store_sales, RANDOM]
     partitions=0/0 files=0 size=0B
     predicates: default.impala_tpcds_store_sales_5.ss_quantity >= CAST(41 AS INT) AND default.impala_tpcds_store_sales_5.ss_quantity <= CAST(60 AS INT)
     stored statistics:
       table: rows=unavailable size=unavailable
       partitions: 0/0 rows=unavailable
       columns: unavailable
     extrapolated-rows=disabled max-scan-range-rows=0
     mem-estimate=0B mem-reservation=0B thread-reservation=0
     tuple-ids=14 row-size=4B cardinality=0
     in pipelines: 19(GETNEXT)

F16:PLAN FRAGMENT [UNPARTITIONED] hosts=1 instances=1
Per-Host Resources: mem-estimate=10.02MB mem-reservation=0B thread-reservation=1
  DATASTREAM SINK [FRAGMENT=F00, EXCHANGE=69, BROADCAST]
  |  mem-estimate=0B mem-reservation=0B thread-reservation=0
  68:AGGREGATE [FINALIZE]
  |  output: _impala_builtins.sum:merge(default.impala_tpcds_store_sales_6.ss_ext_discount_amt), _impala_builtins.count:merge(default.impala_tpcds_store_sales_6.ss_ext_discount_amt)
  |  mem-estimate=10.00MB mem-reservation=0B spill-buffer=2.00MB thread-reservation=0
  |  tuple-ids=17 row-size=24B cardinality=1
  |  in pipelines: 68(GETNEXT), 23(OPEN)
  |
  67:EXCHANGE [UNPARTITIONED]
     mem-estimate=16.00KB mem-reservation=0B thread-reservation=0
     tuple-ids=17 row-size=24B cardinality=1
     in pipelines: 23(GETNEXT)

F15:PLAN FRAGMENT [RANDOM] hosts=1 instances=1
Per-Host Resources: mem-estimate=10.00MB mem-reservation=0B thread-reservation=1
  DATASTREAM SINK [FRAGMENT=F16, EXCHANGE=67, UNPARTITIONED]
  |  mem-estimate=0B mem-reservation=0B thread-reservation=0
  23:AGGREGATE
  |  output: sum(default.impala_tpcds_store_sales_6.ss_ext_discount_amt), count(default.impala_tpcds_store_sales_6.ss_ext_discount_amt)
  |  mem-estimate=10.00MB mem-reservation=0B spill-buffer=2.00MB thread-reservation=0
  |  tuple-ids=17 row-size=24B cardinality=1
  |  in pipelines: 23(GETNEXT), 22(OPEN)
  |
  22:SCAN HDFS [default.impala_tpcds_store_sales, RANDOM]
     partitions=0/0 files=0 size=0B
     predicates: default.impala_tpcds_store_sales_6.ss_quantity >= CAST(41 AS INT) AND default.impala_tpcds_store_sales_6.ss_quantity <= CAST(60 AS INT)
     stored statistics:
       table: rows=unavailable size=unavailable
       partitions: 0/0 rows=unavailable
       columns: unavailable
     extrapolated-rows=disabled max-scan-range-rows=0
     mem-estimate=0B mem-reservation=0B thread-reservation=0
     tuple-ids=16 row-size=8B cardinality=0
     in pipelines: 22(GETNEXT)

F18:PLAN FRAGMENT [UNPARTITIONED] hosts=1 instances=1
Per-Host Resources: mem-estimate=10.02MB mem-reservation=0B thread-reservation=1
  DATASTREAM SINK [FRAGMENT=F00, EXCHANGE=72, BROADCAST]
  |  mem-estimate=0B mem-reservation=0B thread-reservation=0
  71:AGGREGATE [FINALIZE]
  |  output: _impala_builtins.sum:merge(default.impala_tpcds_store_sales_7.ss_net_profit), _impala_builtins.count:merge(default.impala_tpcds_store_sales_7.ss_net_profit)
  |  mem-estimate=10.00MB mem-reservation=0B spill-buffer=2.00MB thread-reservation=0
  |  tuple-ids=19 row-size=24B cardinality=1
  |  in pipelines: 71(GETNEXT), 26(OPEN)
  |
  70:EXCHANGE [UNPARTITIONED]
     mem-estimate=16.00KB mem-reservation=0B thread-reservation=0
     tuple-ids=19 row-size=24B cardinality=1
     in pipelines: 26(GETNEXT)

F17:PLAN FRAGMENT [RANDOM] hosts=1 instances=1
Per-Host Resources: mem-estimate=10.00MB mem-reservation=0B thread-reservation=1
  DATASTREAM SINK [FRAGMENT=F18, EXCHANGE=70, UNPARTITIONED]
  |  mem-estimate=0B mem-reservation=0B thread-reservation=0
  26:AGGREGATE
  |  output: sum(default.impala_tpcds_store_sales_7.ss_net_profit), count(default.impala_tpcds_store_sales_7.ss_net_profit)
  |  mem-estimate=10.00MB mem-reservation=0B spill-buffer=2.00MB thread-reservation=0
  |  tuple-ids=19 row-size=24B cardinality=1
  |  in pipelines: 26(GETNEXT), 25(OPEN)
  |
  25:SCAN HDFS [default.impala_tpcds_store_sales, RANDOM]
     partitions=0/0 files=0 size=0B
     predicates: default.impala_tpcds_store_sales_7.ss_quantity >= CAST(41 AS INT) AND default.impala_tpcds_store_sales_7.ss_quantity <= CAST(60 AS INT)
     stored statistics:
       table: rows=unavailable size=unavailable
       partitions: 0/0 rows=unavailable
       columns: unavailable
     extrapolated-rows=disabled max-scan-range-rows=0
     mem-estimate=0B mem-reservation=0B thread-reservation=0
     tuple-ids=18 row-size=8B cardinality=0
     in pipelines: 25(GETNEXT)

F20:PLAN FRAGMENT [UNPARTITIONED] hosts=1 instances=1
Per-Host Resources: mem-estimate=10.02MB mem-reservation=0B thread-reservation=1
  DATASTREAM SINK [FRAGMENT=F00, EXCHANGE=75, BROADCAST]
  |  mem-estimate=0B mem-reservation=0B thread-reservation=0
  74:AGGREGATE [FINALIZE]
  |  output: _impala_builtins.count:merge()
  |  mem-estimate=10.00MB mem-reservation=0B spill-buffer=2.00MB thread-reservation=0
  |  tuple-ids=21 row-size=8B cardinality=1
  |  in pipelines: 74(GETNEXT), 29(OPEN)
  |
  73:EXCHANGE [UNPARTITIONED]
     mem-estimate=16.00KB mem-reservation=0B thread-reservation=0
     tuple-ids=21 row-size=8B cardinality=1
     in pipelines: 29(GETNEXT)

F19:PLAN FRAGMENT [RANDOM] hosts=1 instances=1
Per-Host Resources: mem-estimate=10.00MB mem-reservation=0B thread-reservation=1
  DATASTREAM SINK [FRAGMENT=F20, EXCHANGE=73, UNPARTITIONED]
  |  mem-estimate=0B mem-reservation=0B thread-reservation=0
  29:AGGREGATE
  |  output: count()
  |  mem-estimate=10.00MB mem-reservation=0B spill-buffer=2.00MB thread-reservation=0
  |  tuple-ids=21 row-size=8B cardinality=1
  |  in pipelines: 29(GETNEXT), 28(OPEN)
  |
  28:SCAN HDFS [default.impala_tpcds_store_sales, RANDOM]
     partitions=0/0 files=0 size=0B
     predicates: default.impala_tpcds_store_sales_8.ss_quantity >= CAST(61 AS INT) AND default.impala_tpcds_store_sales_8.ss_quantity <= CAST(80 AS INT)
     stored statistics:
       table: rows=unavailable size=unavailable
       partitions: 0/0 rows=unavailable
       columns: unavailable
     extrapolated-rows=disabled max-scan-range-rows=0
     mem-estimate=0B mem-reservation=0B thread-reservation=0
     tuple-ids=20 row-size=4B cardinality=0
     in pipelines: 28(GETNEXT)

F22:PLAN FRAGMENT [UNPARTITIONED] hosts=1 instances=1
Per-Host Resources: mem-estimate=10.02MB mem-reservation=0B thread-reservation=1
  DATASTREAM SINK [FRAGMENT=F00, EXCHANGE=78, BROADCAST]
  |  mem-estimate=0B mem-reservation=0B thread-reservation=0
  77:AGGREGATE [FINALIZE]
  |  output: _impala_builtins.sum:merge(default.impala_tpcds_store_sales_9.ss_ext_discount_amt), _impala_builtins.count:merge(default.impala_tpcds_store_sales_9.ss_ext_discount_amt)
  |  mem-estimate=10.00MB mem-reservation=0B spill-buffer=2.00MB thread-reservation=0
  |  tuple-ids=23 row-size=24B cardinality=1
  |  in pipelines: 77(GETNEXT), 32(OPEN)
  |
  76:EXCHANGE [UNPARTITIONED]
     mem-estimate=16.00KB mem-reservation=0B thread-reservation=0
     tuple-ids=23 row-size=24B cardinality=1
     in pipelines: 32(GETNEXT)

F21:PLAN FRAGMENT [RANDOM] hosts=1 instances=1
Per-Host Resources: mem-estimate=10.00MB mem-reservation=0B thread-reservation=1
  DATASTREAM SINK [FRAGMENT=F22, EXCHANGE=76, UNPARTITIONED]
  |  mem-estimate=0B mem-reservation=0B thread-reservation=0
  32:AGGREGATE
  |  output: sum(default.impala_tpcds_store_sales_9.ss_ext_discount_amt), count(default.impala_tpcds_store_sales_9.ss_ext_discount_amt)
  |  mem-estimate=10.00MB mem-reservation=0B spill-buffer=2.00MB thread-reservation=0
  |  tuple-ids=23 row-size=24B cardinality=1
  |  in pipelines: 32(GETNEXT), 31(OPEN)
  |
  31:SCAN HDFS [default.impala_tpcds_store_sales, RANDOM]
     partitions=0/0 files=0 size=0B
     predicates: default.impala_tpcds_store_sales_9.ss_quantity >= CAST(61 AS INT) AND default.impala_tpcds_store_sales_9.ss_quantity <= CAST(80 AS INT)
     stored statistics:
       table: rows=unavailable size=unavailable
       partitions: 0/0 rows=unavailable
       columns: unavailable
     extrapolated-rows=disabled max-scan-range-rows=0
     mem-estimate=0B mem-reservation=0B thread-reservation=0
     tuple-ids=22 row-size=8B cardinality=0
     in pipelines: 31(GETNEXT)

F24:PLAN FRAGMENT [UNPARTITIONED] hosts=1 instances=1
Per-Host Resources: mem-estimate=10.02MB mem-reservation=0B thread-reservation=1
  DATASTREAM SINK [FRAGMENT=F00, EXCHANGE=81, BROADCAST]
  |  mem-estimate=0B mem-reservation=0B thread-reservation=0
  80:AGGREGATE [FINALIZE]
  |  output: _impala_builtins.sum:merge(default.impala_tpcds_store_sales_10.ss_net_profit), _impala_builtins.count:merge(default.impala_tpcds_store_sales_10.ss_net_profit)
  |  mem-estimate=10.00MB mem-reservation=0B spill-buffer=2.00MB thread-reservation=0
  |  tuple-ids=25 row-size=24B cardinality=1
  |  in pipelines: 80(GETNEXT), 35(OPEN)
  |
  79:EXCHANGE [UNPARTITIONED]
     mem-estimate=16.00KB mem-reservation=0B thread-reservation=0
     tuple-ids=25 row-size=24B cardinality=1
     in pipelines: 35(GETNEXT)

F23:PLAN FRAGMENT [RANDOM] hosts=1 instances=1
Per-Host Resources: mem-estimate=10.00MB mem-reservation=0B thread-reservation=1
  DATASTREAM SINK [FRAGMENT=F24, EXCHANGE=79, UNPARTITIONED]
  |  mem-estimate=0B mem-reservation=0B thread-reservation=0
  35:AGGREGATE
  |  output: sum(default.impala_tpcds_store_sales_10.ss_net_profit), count(default.impala_tpcds_store_sales_10.ss_net_profit)
  |  mem-estimate=10.00MB mem-reservation=0B spill-buffer=2.00MB thread-reservation=0
  |  tuple-ids=25 row-size=24B cardinality=1
  |  in pipelines: 35(GETNEXT), 34(OPEN)
  |
  34:SCAN HDFS [default.impala_tpcds_store_sales, RANDOM]
     partitions=0/0 files=0 size=0B
     predicates: default.impala_tpcds_store_sales_10.ss_quantity >= CAST(61 AS INT) AND default.impala_tpcds_store_sales_10.ss_quantity <= CAST(80 AS INT)
     stored statistics:
       table: rows=unavailable size=unavailable
       partitions: 0/0 rows=unavailable
       columns: unavailable
     extrapolated-rows=disabled max-scan-range-rows=0
     mem-estimate=0B mem-reservation=0B thread-reservation=0
     tuple-ids=24 row-size=8B cardinality=0
     in pipelines: 34(GETNEXT)

F26:PLAN FRAGMENT [UNPARTITIONED] hosts=1 instances=1
Per-Host Resources: mem-estimate=10.02MB mem-reservation=0B thread-reservation=1
  DATASTREAM SINK [FRAGMENT=F00, EXCHANGE=84, BROADCAST]
  |  mem-estimate=0B mem-reservation=0B thread-reservation=0
  83:AGGREGATE [FINALIZE]
  |  output: _impala_builtins.count:merge()
  |  mem-estimate=10.00MB mem-reservation=0B spill-buffer=2.00MB thread-reservation=0
  |  tuple-ids=27 row-size=8B cardinality=1
  |  in pipelines: 83(GETNEXT), 38(OPEN)
  |
  82:EXCHANGE [UNPARTITIONED]
     mem-estimate=16.00KB mem-reservation=0B thread-reservation=0
     tuple-ids=27 row-size=8B cardinality=1
     in pipelines: 38(GETNEXT)

F25:PLAN FRAGMENT [RANDOM] hosts=1 instances=1
Per-Host Resources: mem-estimate=10.00MB mem-reservation=0B thread-reservation=1
  DATASTREAM SINK [FRAGMENT=F26, EXCHANGE=82, UNPARTITIONED]
  |  mem-estimate=0B mem-reservation=0B thread-reservation=0
  38:AGGREGATE
  |  output: count()
  |  mem-estimate=10.00MB mem-reservation=0B spill-buffer=2.00MB thread-reservation=0
  |  tuple-ids=27 row-size=8B cardinality=1
  |  in pipelines: 38(GETNEXT), 37(OPEN)
  |
  37:SCAN HDFS [default.impala_tpcds_store_sales, RANDOM]
     partitions=0/0 files=0 size=0B
     predicates: default.impala_tpcds_store_sales_11.ss_quantity >= CAST(81 AS INT) AND default.impala_tpcds_store_sales_11.ss_quantity <= CAST(100 AS INT)
     stored statistics:
       table: rows=unavailable size=unavailable
       partitions: 0/0 rows=unavailable
       columns: unavailable
     extrapolated-rows=disabled max-scan-range-rows=0
     mem-estimate=0B mem-reservation=0B thread-reservation=0
     tuple-ids=26 row-size=4B cardinality=0
     in pipelines: 37(GETNEXT)

F28:PLAN FRAGMENT [UNPARTITIONED] hosts=1 instances=1
Per-Host Resources: mem-estimate=10.02MB mem-reservation=0B thread-reservation=1
  DATASTREAM SINK [FRAGMENT=F00, EXCHANGE=87, BROADCAST]
  |  mem-estimate=0B mem-reservation=0B thread-reservation=0
  86:AGGREGATE [FINALIZE]
  |  output: _impala_builtins.sum:merge(default.impala_tpcds_store_sales_12.ss_ext_discount_amt), _impala_builtins.count:merge(default.impala_tpcds_store_sales_12.ss_ext_discount_amt)
  |  mem-estimate=10.00MB mem-reservation=0B spill-buffer=2.00MB thread-reservation=0
  |  tuple-ids=29 row-size=24B cardinality=1
  |  in pipelines: 86(GETNEXT), 41(OPEN)
  |
  85:EXCHANGE [UNPARTITIONED]
     mem-estimate=16.00KB mem-reservation=0B thread-reservation=0
     tuple-ids=29 row-size=24B cardinality=1
     in pipelines: 41(GETNEXT)

F27:PLAN FRAGMENT [RANDOM] hosts=1 instances=1
Per-Host Resources: mem-estimate=10.00MB mem-reservation=0B thread-reservation=1
  DATASTREAM SINK [FRAGMENT=F28, EXCHANGE=85, UNPARTITIONED]
  |  mem-estimate=0B mem-reservation=0B thread-reservation=0
  41:AGGREGATE
  |  output: sum(default.impala_tpcds_store_sales_12.ss_ext_discount_amt), count(default.impala_tpcds_store_sales_12.ss_ext_discount_amt)
  |  mem-estimate=10.00MB mem-reservation=0B spill-buffer=2.00MB thread-reservation=0
  |  tuple-ids=29 row-size=24B cardinality=1
  |  in pipelines: 41(GETNEXT), 40(OPEN)
  |
  40:SCAN HDFS [default.impala_tpcds_store_sales, RANDOM]
     partitions=0/0 files=0 size=0B
     predicates: default.impala_tpcds_store_sales_12.ss_quantity >= CAST(81 AS INT) AND default.impala_tpcds_store_sales_12.ss_quantity <= CAST(100 AS INT)
     stored statistics:
       table: rows=unavailable size=unavailable
       partitions: 0/0 rows=unavailable
       columns: unavailable
     extrapolated-rows=disabled max-scan-range-rows=0
     mem-estimate=0B mem-reservation=0B thread-reservation=0
     tuple-ids=28 row-size=8B cardinality=0
     in pipelines: 40(GETNEXT)

F30:PLAN FRAGMENT [UNPARTITIONED] hosts=1 instances=1
Per-Host Resources: mem-estimate=10.02MB mem-reservation=0B thread-reservation=1
  DATASTREAM SINK [FRAGMENT=F00, EXCHANGE=90, BROADCAST]
  |  mem-estimate=0B mem-reservation=0B thread-reservation=0
  89:AGGREGATE [FINALIZE]
  |  output: _impala_builtins.sum:merge(default.impala_tpcds_store_sales_13.ss_net_profit), _impala_builtins.count:merge(default.impala_tpcds_store_sales_13.ss_net_profit)
  |  mem-estimate=10.00MB mem-reservation=0B spill-buffer=2.00MB thread-reservation=0
  |  tuple-ids=31 row-size=24B cardinality=1
  |  in pipelines: 89(GETNEXT), 44(OPEN)
  |
  88:EXCHANGE [UNPARTITIONED]
     mem-estimate=16.00KB mem-reservation=0B thread-reservation=0
     tuple-ids=31 row-size=24B cardinality=1
     in pipelines: 44(GETNEXT)

F29:PLAN FRAGMENT [RANDOM] hosts=1 instances=1
Per-Host Resources: mem-estimate=10.00MB mem-reservation=0B thread-reservation=1
  DATASTREAM SINK [FRAGMENT=F30, EXCHANGE=88, UNPARTITIONED]
  |  mem-estimate=0B mem-reservation=0B thread-reservation=0
  44:AGGREGATE
  |  output: sum(default.impala_tpcds_store_sales_13.ss_net_profit), count(default.impala_tpcds_store_sales_13.ss_net_profit)
  |  mem-estimate=10.00MB mem-reservation=0B spill-buffer=2.00MB thread-reservation=0
  |  tuple-ids=31 row-size=24B cardinality=1
  |  in pipelines: 44(GETNEXT), 43(OPEN)
  |
  43:SCAN HDFS [default.impala_tpcds_store_sales, RANDOM]
     partitions=0/0 files=0 size=0B
     predicates: default.impala_tpcds_store_sales_13.ss_quantity >= CAST(81 AS INT) AND default.impala_tpcds_store_sales_13.ss_quantity <= CAST(100 AS INT)
     stored statistics:
       table: rows=unavailable size=unavailable
       partitions: 0/0 rows=unavailable
       columns: unavailable
     extrapolated-rows=disabled max-scan-range-rows=0
     mem-estimate=0B mem-reservation=0B thread-reservation=0
     tuple-ids=30 row-size=8B cardinality=0
     in pipelines: 43(GETNEXT)


  Stage: Stage-0
    Fetch Operator
      limit: -1
      Processor Tree:
        ListSink

