PREHOOK: query: explain cbo with year_total as (
 select c_customer_id customer_id
       ,c_first_name customer_first_name
       ,c_last_name customer_last_name
       ,c_preferred_cust_flag customer_preferred_cust_flag
       ,c_birth_country customer_birth_country
       ,c_login customer_login
       ,c_email_address customer_email_address
       ,d_year dyear
       ,sum(ss_ext_list_price-ss_ext_discount_amt) year_total
       ,'s' sale_type
 from impala_tpcds_customer
     ,impala_tpcds_store_sales
     ,impala_tpcds_date_dim
 where c_customer_sk = ss_customer_sk
   and ss_sold_date_sk = d_date_sk
 group by c_customer_id
         ,c_first_name
         ,c_last_name
         ,c_preferred_cust_flag 
         ,c_birth_country
         ,c_login
         ,c_email_address
         ,d_year 
 union all
 select c_customer_id customer_id
       ,c_first_name customer_first_name
       ,c_last_name customer_last_name
       ,c_preferred_cust_flag customer_preferred_cust_flag
       ,c_birth_country customer_birth_country
       ,c_login customer_login
       ,c_email_address customer_email_address
       ,d_year dyear
       ,sum(ws_ext_list_price-ws_ext_discount_amt) year_total
       ,'w' sale_type
 from impala_tpcds_customer
     ,impala_tpcds_web_sales
     ,impala_tpcds_date_dim
 where c_customer_sk = ws_bill_customer_sk
   and ws_sold_date_sk = d_date_sk
 group by c_customer_id
         ,c_first_name
         ,c_last_name
         ,c_preferred_cust_flag 
         ,c_birth_country
         ,c_login
         ,c_email_address
         ,d_year
         )
  select  
                  t_s_secyear.customer_id
                 ,t_s_secyear.customer_first_name
                 ,t_s_secyear.customer_last_name
                 ,t_s_secyear.customer_birth_country
 from year_total t_s_firstyear
     ,year_total t_s_secyear
     ,year_total t_w_firstyear
     ,year_total t_w_secyear
 where t_s_secyear.customer_id = t_s_firstyear.customer_id
         and t_s_firstyear.customer_id = t_w_secyear.customer_id
         and t_s_firstyear.customer_id = t_w_firstyear.customer_id
         and t_s_firstyear.sale_type = 's'
         and t_w_firstyear.sale_type = 'w'
         and t_s_secyear.sale_type = 's'
         and t_w_secyear.sale_type = 'w'
         and t_s_firstyear.dyear = 1999
         and t_s_secyear.dyear = 1999+1
         and t_w_firstyear.dyear = 1999
         and t_w_secyear.dyear = 1999+1
         and t_s_firstyear.year_total > 0
         and t_w_firstyear.year_total > 0
         and case when t_w_firstyear.year_total > 0 then t_w_secyear.year_total / t_w_firstyear.year_total else 0.0 end
             > case when t_s_firstyear.year_total > 0 then t_s_secyear.year_total / t_s_firstyear.year_total else 0.0 end
 order by t_s_secyear.customer_id
         ,t_s_secyear.customer_first_name
         ,t_s_secyear.customer_last_name
         ,t_s_secyear.customer_birth_country
limit 100
PREHOOK: type: QUERY
PREHOOK: Input: default@impala_tpcds_customer
PREHOOK: Input: default@impala_tpcds_date_dim
PREHOOK: Input: default@impala_tpcds_store_sales
PREHOOK: Input: default@impala_tpcds_web_sales
PREHOOK: Output: streaming
POSTHOOK: query: explain cbo with year_total as (
 select c_customer_id customer_id
       ,c_first_name customer_first_name
       ,c_last_name customer_last_name
       ,c_preferred_cust_flag customer_preferred_cust_flag
       ,c_birth_country customer_birth_country
       ,c_login customer_login
       ,c_email_address customer_email_address
       ,d_year dyear
       ,sum(ss_ext_list_price-ss_ext_discount_amt) year_total
       ,'s' sale_type
 from impala_tpcds_customer
     ,impala_tpcds_store_sales
     ,impala_tpcds_date_dim
 where c_customer_sk = ss_customer_sk
   and ss_sold_date_sk = d_date_sk
 group by c_customer_id
         ,c_first_name
         ,c_last_name
         ,c_preferred_cust_flag 
         ,c_birth_country
         ,c_login
         ,c_email_address
         ,d_year 
 union all
 select c_customer_id customer_id
       ,c_first_name customer_first_name
       ,c_last_name customer_last_name
       ,c_preferred_cust_flag customer_preferred_cust_flag
       ,c_birth_country customer_birth_country
       ,c_login customer_login
       ,c_email_address customer_email_address
       ,d_year dyear
       ,sum(ws_ext_list_price-ws_ext_discount_amt) year_total
       ,'w' sale_type
 from impala_tpcds_customer
     ,impala_tpcds_web_sales
     ,impala_tpcds_date_dim
 where c_customer_sk = ws_bill_customer_sk
   and ws_sold_date_sk = d_date_sk
 group by c_customer_id
         ,c_first_name
         ,c_last_name
         ,c_preferred_cust_flag 
         ,c_birth_country
         ,c_login
         ,c_email_address
         ,d_year
         )
  select  
                  t_s_secyear.customer_id
                 ,t_s_secyear.customer_first_name
                 ,t_s_secyear.customer_last_name
                 ,t_s_secyear.customer_birth_country
 from year_total t_s_firstyear
     ,year_total t_s_secyear
     ,year_total t_w_firstyear
     ,year_total t_w_secyear
 where t_s_secyear.customer_id = t_s_firstyear.customer_id
         and t_s_firstyear.customer_id = t_w_secyear.customer_id
         and t_s_firstyear.customer_id = t_w_firstyear.customer_id
         and t_s_firstyear.sale_type = 's'
         and t_w_firstyear.sale_type = 'w'
         and t_s_secyear.sale_type = 's'
         and t_w_secyear.sale_type = 'w'
         and t_s_firstyear.dyear = 1999
         and t_s_secyear.dyear = 1999+1
         and t_w_firstyear.dyear = 1999
         and t_w_secyear.dyear = 1999+1
         and t_s_firstyear.year_total > 0
         and t_w_firstyear.year_total > 0
         and case when t_w_firstyear.year_total > 0 then t_w_secyear.year_total / t_w_firstyear.year_total else 0.0 end
             > case when t_s_firstyear.year_total > 0 then t_s_secyear.year_total / t_s_firstyear.year_total else 0.0 end
 order by t_s_secyear.customer_id
         ,t_s_secyear.customer_first_name
         ,t_s_secyear.customer_last_name
         ,t_s_secyear.customer_birth_country
limit 100
POSTHOOK: type: QUERY
POSTHOOK: Input: default@impala_tpcds_customer
POSTHOOK: Input: default@impala_tpcds_date_dim
POSTHOOK: Input: default@impala_tpcds_store_sales
POSTHOOK: Input: default@impala_tpcds_web_sales
CBO PLAN:
ImpalaSortRel(sort0=[$0], sort1=[$1], sort2=[$2], sort3=[$3], dir0=[ASC], dir1=[ASC], dir2=[ASC], dir3=[ASC], fetch=[100])
  ImpalaProjectRel(customer_id=[$8], customer_first_name=[$9], customer_last_name=[$10], customer_birth_country=[$11])
    ImpalaJoinRel(condition=[AND(=($8, $0), OR(AND(OR(AND($6, >(/($3, $5), /($12, $1))), AND(>(0:DECIMAL(1, 0), /($12, $1)), $7)), IS NOT NULL($1)), AND($6, >(/($3, $5), 0:DECIMAL(1, 0)), IS NULL($1))))], joinType=[inner])
      ImpalaJoinRel(condition=[=($0, $4)], joinType=[inner])
        ImpalaJoinRel(condition=[=($0, $2)], joinType=[inner])
          ImpalaProjectRel($f0=[$0], $f8=[$7], condition=[>($1, 0)])
            ImpalaAggregateRel(group=[{1, 2, 3, 4, 5, 6, 7}], agg#0=[sum($10)])
              ImpalaJoinRel(condition=[=($0, $8)], joinType=[inner])
                ImpalaProjectPassthroughRel(c_customer_sk=[$0], c_customer_id=[$1], c_first_name=[$8], c_last_name=[$9], c_preferred_cust_flag=[$10], c_birth_country=[$14], c_login=[$15], c_email_address=[$16])
                  ImpalaHdfsScanRel(table=[[default, impala_tpcds_customer]], condition=[AND(IS NOT NULL($1), IS NOT NULL($0))])
                ImpalaJoinRel(condition=[=($1, $3)], joinType=[inner])
                  ImpalaProjectPassthroughRel(ss_customer_sk=[$2], ss_sold_date_sk=[$22], -=[-($16, $13)])
                    ImpalaHdfsScanRel(table=[[default, impala_tpcds_store_sales]], condition=[AND(IS NOT NULL($22), IS NOT NULL($2))])
                  ImpalaProjectPassthroughRel(d_date_sk=[$0])
                    ImpalaHdfsScanRel(table=[[default, impala_tpcds_date_dim]], condition=[AND(=($6, 1999), IS NOT NULL($0))])
          ImpalaProjectPassthroughRel($f0=[$0], $f8=[$7])
            ImpalaAggregateRel(group=[{1, 2, 3, 4, 5, 6, 7}], agg#0=[sum($10)])
              ImpalaJoinRel(condition=[=($0, $9)], joinType=[inner])
                ImpalaProjectPassthroughRel(c_customer_sk=[$0], c_customer_id=[$1], c_first_name=[$8], c_last_name=[$9], c_preferred_cust_flag=[$10], c_birth_country=[$14], c_login=[$15], c_email_address=[$16])
                  ImpalaHdfsScanRel(table=[[default, impala_tpcds_customer]], condition=[AND(IS NOT NULL($0), IS NOT NULL($1))])
                ImpalaJoinRel(condition=[=($0, $3)], joinType=[inner])
                  ImpalaProjectPassthroughRel(ws_sold_date_sk=[$0], ws_bill_customer_sk=[$4], -=[-($25, $22)])
                    ImpalaHdfsScanRel(table=[[default, impala_tpcds_web_sales]], condition=[AND(IS NOT NULL($0), IS NOT NULL($4))])
                  ImpalaProjectPassthroughRel(d_date_sk=[$0])
                    ImpalaHdfsScanRel(table=[[default, impala_tpcds_date_dim]], condition=[AND(=($6, +(1999, 1)), IS NOT NULL($0))])
        ImpalaProjectPassthroughRel(customer_id=[$0], year_total=[$1], CAST=[CAST(IS NOT NULL($1)):BOOLEAN], IS NULL=[IS NULL($1)])
          ImpalaProjectRel($f0=[$0], $f8=[$7], condition=[>($1, 0)])
            ImpalaAggregateRel(group=[{1, 2, 3, 4, 5, 6, 7}], agg#0=[sum($10)])
              ImpalaJoinRel(condition=[=($0, $9)], joinType=[inner])
                ImpalaProjectPassthroughRel(c_customer_sk=[$0], c_customer_id=[$1], c_first_name=[$8], c_last_name=[$9], c_preferred_cust_flag=[$10], c_birth_country=[$14], c_login=[$15], c_email_address=[$16])
                  ImpalaHdfsScanRel(table=[[default, impala_tpcds_customer]], condition=[AND(IS NOT NULL($0), IS NOT NULL($1))])
                ImpalaJoinRel(condition=[=($0, $3)], joinType=[inner])
                  ImpalaProjectPassthroughRel(ws_sold_date_sk=[$0], ws_bill_customer_sk=[$4], -=[-($25, $22)])
                    ImpalaHdfsScanRel(table=[[default, impala_tpcds_web_sales]], condition=[AND(IS NOT NULL($0), IS NOT NULL($4))])
                  ImpalaProjectPassthroughRel(d_date_sk=[$0])
                    ImpalaHdfsScanRel(table=[[default, impala_tpcds_date_dim]], condition=[AND(=($6, 1999), IS NOT NULL($0))])
      ImpalaProjectPassthroughRel($f0=[$0], $f1=[$1], $f2=[$2], $f4=[$4], $f8=[$7])
        ImpalaAggregateRel(group=[{1, 2, 3, 4, 5, 6, 7}], agg#0=[sum($10)])
          ImpalaJoinRel(condition=[=($0, $8)], joinType=[inner])
            ImpalaProjectPassthroughRel(c_customer_sk=[$0], c_customer_id=[$1], c_first_name=[$8], c_last_name=[$9], c_preferred_cust_flag=[$10], c_birth_country=[$14], c_login=[$15], c_email_address=[$16])
              ImpalaHdfsScanRel(table=[[default, impala_tpcds_customer]], condition=[AND(IS NOT NULL($0), IS NOT NULL($1))])
            ImpalaJoinRel(condition=[=($1, $3)], joinType=[inner])
              ImpalaProjectPassthroughRel(ss_customer_sk=[$2], ss_sold_date_sk=[$22], -=[-($16, $13)])
                ImpalaHdfsScanRel(table=[[default, impala_tpcds_store_sales]], condition=[AND(IS NOT NULL($22), IS NOT NULL($2))])
              ImpalaProjectPassthroughRel(d_date_sk=[$0])
                ImpalaHdfsScanRel(table=[[default, impala_tpcds_date_dim]], condition=[AND(=($6, +(1999, 1)), IS NOT NULL($0))])

PREHOOK: query: explain with year_total as (
 select c_customer_id customer_id
       ,c_first_name customer_first_name
       ,c_last_name customer_last_name
       ,c_preferred_cust_flag customer_preferred_cust_flag
       ,c_birth_country customer_birth_country
       ,c_login customer_login
       ,c_email_address customer_email_address
       ,d_year dyear
       ,sum(ss_ext_list_price-ss_ext_discount_amt) year_total
       ,'s' sale_type
 from impala_tpcds_customer
     ,impala_tpcds_store_sales
     ,impala_tpcds_date_dim
 where c_customer_sk = ss_customer_sk
   and ss_sold_date_sk = d_date_sk
 group by c_customer_id
         ,c_first_name
         ,c_last_name
         ,c_preferred_cust_flag 
         ,c_birth_country
         ,c_login
         ,c_email_address
         ,d_year 
 union all
 select c_customer_id customer_id
       ,c_first_name customer_first_name
       ,c_last_name customer_last_name
       ,c_preferred_cust_flag customer_preferred_cust_flag
       ,c_birth_country customer_birth_country
       ,c_login customer_login
       ,c_email_address customer_email_address
       ,d_year dyear
       ,sum(ws_ext_list_price-ws_ext_discount_amt) year_total
       ,'w' sale_type
 from impala_tpcds_customer
     ,impala_tpcds_web_sales
     ,impala_tpcds_date_dim
 where c_customer_sk = ws_bill_customer_sk
   and ws_sold_date_sk = d_date_sk
 group by c_customer_id
         ,c_first_name
         ,c_last_name
         ,c_preferred_cust_flag 
         ,c_birth_country
         ,c_login
         ,c_email_address
         ,d_year
         )
  select  
                  t_s_secyear.customer_id
                 ,t_s_secyear.customer_first_name
                 ,t_s_secyear.customer_last_name
                 ,t_s_secyear.customer_birth_country
 from year_total t_s_firstyear
     ,year_total t_s_secyear
     ,year_total t_w_firstyear
     ,year_total t_w_secyear
 where t_s_secyear.customer_id = t_s_firstyear.customer_id
         and t_s_firstyear.customer_id = t_w_secyear.customer_id
         and t_s_firstyear.customer_id = t_w_firstyear.customer_id
         and t_s_firstyear.sale_type = 's'
         and t_w_firstyear.sale_type = 'w'
         and t_s_secyear.sale_type = 's'
         and t_w_secyear.sale_type = 'w'
         and t_s_firstyear.dyear = 1999
         and t_s_secyear.dyear = 1999+1
         and t_w_firstyear.dyear = 1999
         and t_w_secyear.dyear = 1999+1
         and t_s_firstyear.year_total > 0
         and t_w_firstyear.year_total > 0
         and case when t_w_firstyear.year_total > 0 then t_w_secyear.year_total / t_w_firstyear.year_total else 0.0 end
             > case when t_s_firstyear.year_total > 0 then t_s_secyear.year_total / t_s_firstyear.year_total else 0.0 end
 order by t_s_secyear.customer_id
         ,t_s_secyear.customer_first_name
         ,t_s_secyear.customer_last_name
         ,t_s_secyear.customer_birth_country
limit 100
PREHOOK: type: QUERY
PREHOOK: Input: default@impala_tpcds_customer
PREHOOK: Input: default@impala_tpcds_date_dim
PREHOOK: Input: default@impala_tpcds_store_sales
PREHOOK: Input: default@impala_tpcds_web_sales
PREHOOK: Output: streaming
POSTHOOK: query: explain with year_total as (
 select c_customer_id customer_id
       ,c_first_name customer_first_name
       ,c_last_name customer_last_name
       ,c_preferred_cust_flag customer_preferred_cust_flag
       ,c_birth_country customer_birth_country
       ,c_login customer_login
       ,c_email_address customer_email_address
       ,d_year dyear
       ,sum(ss_ext_list_price-ss_ext_discount_amt) year_total
       ,'s' sale_type
 from impala_tpcds_customer
     ,impala_tpcds_store_sales
     ,impala_tpcds_date_dim
 where c_customer_sk = ss_customer_sk
   and ss_sold_date_sk = d_date_sk
 group by c_customer_id
         ,c_first_name
         ,c_last_name
         ,c_preferred_cust_flag 
         ,c_birth_country
         ,c_login
         ,c_email_address
         ,d_year 
 union all
 select c_customer_id customer_id
       ,c_first_name customer_first_name
       ,c_last_name customer_last_name
       ,c_preferred_cust_flag customer_preferred_cust_flag
       ,c_birth_country customer_birth_country
       ,c_login customer_login
       ,c_email_address customer_email_address
       ,d_year dyear
       ,sum(ws_ext_list_price-ws_ext_discount_amt) year_total
       ,'w' sale_type
 from impala_tpcds_customer
     ,impala_tpcds_web_sales
     ,impala_tpcds_date_dim
 where c_customer_sk = ws_bill_customer_sk
   and ws_sold_date_sk = d_date_sk
 group by c_customer_id
         ,c_first_name
         ,c_last_name
         ,c_preferred_cust_flag 
         ,c_birth_country
         ,c_login
         ,c_email_address
         ,d_year
         )
  select  
                  t_s_secyear.customer_id
                 ,t_s_secyear.customer_first_name
                 ,t_s_secyear.customer_last_name
                 ,t_s_secyear.customer_birth_country
 from year_total t_s_firstyear
     ,year_total t_s_secyear
     ,year_total t_w_firstyear
     ,year_total t_w_secyear
 where t_s_secyear.customer_id = t_s_firstyear.customer_id
         and t_s_firstyear.customer_id = t_w_secyear.customer_id
         and t_s_firstyear.customer_id = t_w_firstyear.customer_id
         and t_s_firstyear.sale_type = 's'
         and t_w_firstyear.sale_type = 'w'
         and t_s_secyear.sale_type = 's'
         and t_w_secyear.sale_type = 'w'
         and t_s_firstyear.dyear = 1999
         and t_s_secyear.dyear = 1999+1
         and t_w_firstyear.dyear = 1999
         and t_w_secyear.dyear = 1999+1
         and t_s_firstyear.year_total > 0
         and t_w_firstyear.year_total > 0
         and case when t_w_firstyear.year_total > 0 then t_w_secyear.year_total / t_w_firstyear.year_total else 0.0 end
             > case when t_s_firstyear.year_total > 0 then t_s_secyear.year_total / t_s_firstyear.year_total else 0.0 end
 order by t_s_secyear.customer_id
         ,t_s_secyear.customer_first_name
         ,t_s_secyear.customer_last_name
         ,t_s_secyear.customer_birth_country
limit 100
POSTHOOK: type: QUERY
POSTHOOK: Input: default@impala_tpcds_customer
POSTHOOK: Input: default@impala_tpcds_date_dim
POSTHOOK: Input: default@impala_tpcds_store_sales
POSTHOOK: Input: default@impala_tpcds_web_sales
STAGE DEPENDENCIES:
  Stage-1 is a root stage
  Stage-0 is a root stage

STAGE PLANS:
  Stage: Stage-1
    Impala
      Impala Plan: 
F19:PLAN FRAGMENT [UNPARTITIONED] hosts=1 instances=1
Per-Host Resources: mem-estimate=52.00KB mem-reservation=0B thread-reservation=1
  PLAN-ROOT SINK
  |  output exprs: default.impala_tpcds_customer_2.c_customer_id, default.impala_tpcds_customer_2.c_first_name, default.impala_tpcds_customer_2.c_last_name, default.impala_tpcds_customer_2.c_birth_country
  |  mem-estimate=0B mem-reservation=0B thread-reservation=0
  |
  52:MERGING-EXCHANGE [UNPARTITIONED]
     order by: default.impala_tpcds_customer_2.c_customer_id ASC NULLS LAST, default.impala_tpcds_customer_2.c_first_name ASC NULLS LAST, default.impala_tpcds_customer_2.c_last_name ASC NULLS LAST, default.impala_tpcds_customer_2.c_birth_country ASC NULLS LAST
     limit: 100
     mem-estimate=52.00KB mem-reservation=0B thread-reservation=0
     tuple-ids=29 row-size=48B cardinality=0
     in pipelines: 32(GETNEXT)

F18:PLAN FRAGMENT [RANDOM] hosts=1 instances=1
Per-Host Resources: mem-estimate=134.15MB mem-reservation=39.81MB thread-reservation=1
  DATASTREAM SINK [FRAGMENT=F19, EXCHANGE=52, UNPARTITIONED]
  |  mem-estimate=0B mem-reservation=0B thread-reservation=0
  32:TOP-N [LIMIT=100]
  |  order by: default.impala_tpcds_customer_2.c_customer_id ASC NULLS LAST, default.impala_tpcds_customer_2.c_first_name ASC NULLS LAST, default.impala_tpcds_customer_2.c_last_name ASC NULLS LAST, default.impala_tpcds_customer_2.c_birth_country ASC NULLS LAST
  |  mem-estimate=0B mem-reservation=0B thread-reservation=0
  |  tuple-ids=29 row-size=48B cardinality=0
  |  in pipelines: 32(GETNEXT), 36(OPEN)
  |
  00:UNION
  |  mem-estimate=0B mem-reservation=0B thread-reservation=0
  |  tuple-ids=28 row-size=48B cardinality=0
  |  in pipelines: 36(GETNEXT)
  |
  31:HASH JOIN [INNER JOIN, BROADCAST]
  |  hash predicates: default.impala_tpcds_customer.c_customer_id = default.impala_tpcds_customer_2.c_customer_id
  |  fk/pk conjuncts: assumed fk/pk
  |  other join predicates: _impala_builtins.sum(subtract(default.impala_tpcds_web_sales_0.ws_ext_list_price, default.impala_tpcds_web_sales_0.ws_ext_discount_amt)) IS NOT NULL AND divide(_impala_builtins.sum(subtract(default.impala_tpcds_web_sales.ws_ext_list_price, default.impala_tpcds_web_sales.ws_ext_discount_amt)), _impala_builtins.sum(subtract(default.impala_tpcds_web_sales_0.ws_ext_list_price, default.impala_tpcds_web_sales_0.ws_ext_discount_amt))) > divide(_impala_builtins.sum(subtract(default.impala_tpcds_store_sales_0.ss_ext_list_price, default.impala_tpcds_store_sales_0.ss_ext_discount_amt)), _impala_builtins.sum(subtract(default.impala_tpcds_store_sales.ss_ext_list_price, default.impala_tpcds_store_sales.ss_ext_discount_amt))) OR CAST(0 AS DECIMAL(1,0)) > divide(_impala_builtins.sum(subtract(default.impala_tpcds_store_sales_0.ss_ext_list_price, default.impala_tpcds_store_sales_0.ss_ext_discount_amt)), _impala_builtins.sum(subtract(default.impala_tpcds_store_sales.ss_ext_list_price, default.impala_tpcds_store_sales.ss_ext_discount_amt))) AND _impala_builtins.sum(subtract(default.impala_tpcds_web_sales_0.ws_ext_list_price, default.impala_tpcds_web_sales_0.ws_ext_discount_amt)) IS NULL AND _impala_builtins.sum(subtract(default.impala_tpcds_store_sales.ss_ext_list_price, default.impala_tpcds_store_sales.ss_ext_discount_amt)) IS NOT NULL OR _impala_builtins.sum(subtract(default.impala_tpcds_web_sales_0.ws_ext_list_price, default.impala_tpcds_web_sales_0.ws_ext_discount_amt)) IS NOT NULL AND divide(_impala_builtins.sum(subtract(default.impala_tpcds_web_sales.ws_ext_list_price, default.impala_tpcds_web_sales.ws_ext_discount_amt)), _impala_builtins.sum(subtract(default.impala_tpcds_web_sales_0.ws_ext_list_price, default.impala_tpcds_web_sales_0.ws_ext_discount_amt))) > CAST(0 AS DECIMAL(1,0)) AND _impala_builtins.sum(subtract(default.impala_tpcds_store_sales.ss_ext_list_price, default.impala_tpcds_store_sales.ss_ext_discount_amt)) IS NULL
  |  mem-estimate=1.94MB mem-reservation=1.94MB spill-buffer=64.00KB thread-reservation=0
  |  tuple-ids=6,13,21,27 row-size=256B cardinality=0
  |  in pipelines: 36(GETNEXT), 50(OPEN)
  |
  |--51:EXCHANGE [BROADCAST]
  |     mem-estimate=104.00KB mem-reservation=0B thread-reservation=0
  |     tuple-ids=27 row-size=100B cardinality=0
  |     in pipelines: 50(GETNEXT)
  |
  24:HASH JOIN [INNER JOIN, BROADCAST]
  |  hash predicates: default.impala_tpcds_customer.c_customer_id = default.impala_tpcds_customer_1.c_customer_id
  |  fk/pk conjuncts: assumed fk/pk
  |  mem-estimate=1.94MB mem-reservation=1.94MB spill-buffer=64.00KB thread-reservation=0
  |  tuple-ids=6,13,21 row-size=156B cardinality=0
  |  in pipelines: 36(GETNEXT), 45(OPEN)
  |
  |--46:EXCHANGE [BROADCAST]
  |     mem-estimate=32.00KB mem-reservation=0B thread-reservation=0
  |     tuple-ids=21 row-size=28B cardinality=0
  |     in pipelines: 45(GETNEXT)
  |
  15:HASH JOIN [INNER JOIN, BROADCAST]
  |  hash predicates: default.impala_tpcds_customer.c_customer_id = default.impala_tpcds_customer_0.c_customer_id
  |  fk/pk conjuncts: assumed fk/pk
  |  mem-estimate=1.94MB mem-reservation=1.94MB spill-buffer=64.00KB thread-reservation=0
  |  tuple-ids=6,13 row-size=128B cardinality=0
  |  in pipelines: 36(GETNEXT), 40(OPEN)
  |
  |--41:EXCHANGE [BROADCAST]
  |     mem-estimate=104.00KB mem-reservation=0B thread-reservation=0
  |     tuple-ids=13 row-size=100B cardinality=0
  |     in pipelines: 40(GETNEXT)
  |
  08:SELECT
  |  predicates: _impala_builtins.sum(subtract(default.impala_tpcds_store_sales.ss_ext_list_price, default.impala_tpcds_store_sales.ss_ext_discount_amt)) > CAST(0 AS DECIMAL(38,2))
  |  mem-estimate=0B mem-reservation=0B thread-reservation=0
  |  tuple-ids=6 row-size=28B cardinality=0
  |  in pipelines: 36(GETNEXT)
  |
  01:UNION
  |  mem-estimate=0B mem-reservation=0B thread-reservation=0
  |  tuple-ids=6 row-size=28B cardinality=0
  |  in pipelines: 36(GETNEXT)
  |
  36:AGGREGATE [FINALIZE]
  |  output: _impala_builtins.sum:merge(subtract(default.impala_tpcds_store_sales.ss_ext_list_price, default.impala_tpcds_store_sales.ss_ext_discount_amt))
  |  group by: default.impala_tpcds_customer.c_customer_id, default.impala_tpcds_customer.c_first_name, default.impala_tpcds_customer.c_last_name, default.impala_tpcds_customer.c_preferred_cust_flag, default.impala_tpcds_customer.c_birth_country, default.impala_tpcds_customer.c_login, default.impala_tpcds_customer.c_email_address
  |  mem-estimate=128.00MB mem-reservation=34.00MB spill-buffer=2.00MB thread-reservation=0
  |  tuple-ids=5 row-size=100B cardinality=0
  |  in pipelines: 36(GETNEXT), 02(OPEN)
  |
  35:EXCHANGE [HASH(default.impala_tpcds_customer.c_customer_id,default.impala_tpcds_customer.c_first_name,default.impala_tpcds_customer.c_last_name,default.impala_tpcds_customer.c_preferred_cust_flag,default.impala_tpcds_customer.c_birth_country,default.impala_tpcds_customer.c_login,default.impala_tpcds_customer.c_email_address)]
     mem-estimate=104.00KB mem-reservation=0B thread-reservation=0
     tuple-ids=5 row-size=100B cardinality=0
     in pipelines: 02(GETNEXT)

F00:PLAN FRAGMENT [RANDOM] hosts=1 instances=1
Per-Host Resources: mem-estimate=129.97MB mem-reservation=35.94MB thread-reservation=1
  DATASTREAM SINK [FRAGMENT=F18, EXCHANGE=35, HASH(default.impala_tpcds_customer.c_customer_id,default.impala_tpcds_customer.c_first_name,default.impala_tpcds_customer.c_last_name,default.impala_tpcds_customer.c_preferred_cust_flag,default.impala_tpcds_customer.c_birth_country,default.impala_tpcds_customer.c_login,default.impala_tpcds_customer.c_email_address)]
  |  mem-estimate=0B mem-reservation=0B thread-reservation=0
  07:AGGREGATE [STREAMING]
  |  output: sum(subtract(default.impala_tpcds_store_sales.ss_ext_list_price, default.impala_tpcds_store_sales.ss_ext_discount_amt))
  |  group by: default.impala_tpcds_customer.c_customer_id, default.impala_tpcds_customer.c_first_name, default.impala_tpcds_customer.c_last_name, default.impala_tpcds_customer.c_preferred_cust_flag, default.impala_tpcds_customer.c_birth_country, default.impala_tpcds_customer.c_login, default.impala_tpcds_customer.c_email_address
  |  mem-estimate=128.00MB mem-reservation=34.00MB spill-buffer=2.00MB thread-reservation=0
  |  tuple-ids=5 row-size=100B cardinality=0
  |  in pipelines: 02(GETNEXT)
  |
  06:HASH JOIN [INNER JOIN, BROADCAST]
  |  hash predicates: default.impala_tpcds_customer.c_customer_sk = default.impala_tpcds_store_sales.ss_customer_sk
  |  fk/pk conjuncts: assumed fk/pk
  |  mem-estimate=1.94MB mem-reservation=1.94MB spill-buffer=64.00KB thread-reservation=0
  |  tuple-ids=0,2,3 row-size=112B cardinality=0
  |  in pipelines: 02(GETNEXT), 03(OPEN)
  |
  |--34:EXCHANGE [BROADCAST]
  |     mem-estimate=32.00KB mem-reservation=0B thread-reservation=0
  |     tuple-ids=2,3 row-size=24B cardinality=0
  |     in pipelines: 03(GETNEXT)
  |
  02:SCAN HDFS [default.impala_tpcds_customer, RANDOM]
     HDFS partitions=1/1 files=0 size=0B
     predicates: default.impala_tpcds_customer.c_customer_id IS NOT NULL, default.impala_tpcds_customer.c_customer_sk IS NOT NULL
     stored statistics:
       table: rows=unavailable size=unavailable
       columns: unavailable
     extrapolated-rows=disabled max-scan-range-rows=0
     mem-estimate=0B mem-reservation=0B thread-reservation=0
     tuple-ids=0 row-size=88B cardinality=0
     in pipelines: 02(GETNEXT)

F01:PLAN FRAGMENT [RANDOM] hosts=1 instances=1
Per-Host Resources: mem-estimate=1.95MB mem-reservation=1.94MB thread-reservation=1
  DATASTREAM SINK [FRAGMENT=F00, EXCHANGE=34, BROADCAST]
  |  mem-estimate=0B mem-reservation=0B thread-reservation=0
  05:HASH JOIN [INNER JOIN, BROADCAST]
  |  hash predicates: default.impala_tpcds_store_sales.ss_sold_date_sk = default.impala_tpcds_date_dim.d_date_sk
  |  fk/pk conjuncts: assumed fk/pk
  |  mem-estimate=1.94MB mem-reservation=1.94MB spill-buffer=64.00KB thread-reservation=0
  |  tuple-ids=2,3 row-size=24B cardinality=0
  |  in pipelines: 03(GETNEXT), 04(OPEN)
  |
  |--33:EXCHANGE [BROADCAST]
  |     mem-estimate=16.00KB mem-reservation=0B thread-reservation=0
  |     tuple-ids=3 row-size=8B cardinality=0
  |     in pipelines: 04(GETNEXT)
  |
  03:SCAN HDFS [default.impala_tpcds_store_sales, RANDOM]
     partition predicates: default.impala_tpcds_store_sales.ss_sold_date_sk IS NOT NULL
     partitions=0/0 files=0 size=0B
     predicates: default.impala_tpcds_store_sales.ss_customer_sk IS NOT NULL
     stored statistics:
       table: rows=unavailable size=unavailable
       partitions: 0/0 rows=unavailable
       columns missing stats: ss_customer_sk, ss_ext_discount_amt, ss_ext_list_price
     extrapolated-rows=disabled max-scan-range-rows=0
     mem-estimate=0B mem-reservation=0B thread-reservation=0
     tuple-ids=2 row-size=16B cardinality=0
     in pipelines: 03(GETNEXT)

F02:PLAN FRAGMENT [RANDOM] hosts=1 instances=1
Per-Host Resources: mem-estimate=0B mem-reservation=0B thread-reservation=1
  DATASTREAM SINK [FRAGMENT=F01, EXCHANGE=33, BROADCAST]
  |  mem-estimate=0B mem-reservation=0B thread-reservation=0
  04:SCAN HDFS [default.impala_tpcds_date_dim, RANDOM]
     HDFS partitions=1/1 files=0 size=0B
     predicates: default.impala_tpcds_date_dim.d_date_sk IS NOT NULL, default.impala_tpcds_date_dim.d_year = CAST(1999 AS INT)
     stored statistics:
       table: rows=unavailable size=unavailable
       columns: unavailable
     extrapolated-rows=disabled max-scan-range-rows=0
     parquet statistics predicates: default.impala_tpcds_date_dim.d_year = CAST(1999 AS INT)
     mem-estimate=0B mem-reservation=0B thread-reservation=0
     tuple-ids=3 row-size=8B cardinality=0
     in pipelines: 04(GETNEXT)

F08:PLAN FRAGMENT [HASH(default.impala_tpcds_customer_0.c_customer_id,default.impala_tpcds_customer_0.c_first_name,default.impala_tpcds_customer_0.c_last_name,default.impala_tpcds_customer_0.c_preferred_cust_flag,default.impala_tpcds_customer_0.c_birth_country,default.impala_tpcds_customer_0.c_login,default.impala_tpcds_customer_0.c_email_address)] hosts=1 instances=1
Per-Host Resources: mem-estimate=128.10MB mem-reservation=34.00MB thread-reservation=1
  DATASTREAM SINK [FRAGMENT=F18, EXCHANGE=41, BROADCAST]
  |  mem-estimate=0B mem-reservation=0B thread-reservation=0
  40:AGGREGATE [FINALIZE]
  |  output: _impala_builtins.sum:merge(subtract(default.impala_tpcds_web_sales.ws_ext_list_price, default.impala_tpcds_web_sales.ws_ext_discount_amt))
  |  group by: default.impala_tpcds_customer_0.c_customer_id, default.impala_tpcds_customer_0.c_first_name, default.impala_tpcds_customer_0.c_last_name, default.impala_tpcds_customer_0.c_preferred_cust_flag, default.impala_tpcds_customer_0.c_birth_country, default.impala_tpcds_customer_0.c_login, default.impala_tpcds_customer_0.c_email_address
  |  mem-estimate=128.00MB mem-reservation=34.00MB spill-buffer=2.00MB thread-reservation=0
  |  tuple-ids=13 row-size=100B cardinality=0
  |  in pipelines: 40(GETNEXT), 09(OPEN)
  |
  39:EXCHANGE [HASH(default.impala_tpcds_customer_0.c_customer_id,default.impala_tpcds_customer_0.c_first_name,default.impala_tpcds_customer_0.c_last_name,default.impala_tpcds_customer_0.c_preferred_cust_flag,default.impala_tpcds_customer_0.c_birth_country,default.impala_tpcds_customer_0.c_login,default.impala_tpcds_customer_0.c_email_address)]
     mem-estimate=104.00KB mem-reservation=0B thread-reservation=0
     tuple-ids=13 row-size=100B cardinality=0
     in pipelines: 09(GETNEXT)

F05:PLAN FRAGMENT [RANDOM] hosts=1 instances=1
Per-Host Resources: mem-estimate=129.97MB mem-reservation=35.94MB thread-reservation=1
  DATASTREAM SINK [FRAGMENT=F08, EXCHANGE=39, HASH(default.impala_tpcds_customer_0.c_customer_id,default.impala_tpcds_customer_0.c_first_name,default.impala_tpcds_customer_0.c_last_name,default.impala_tpcds_customer_0.c_preferred_cust_flag,default.impala_tpcds_customer_0.c_birth_country,default.impala_tpcds_customer_0.c_login,default.impala_tpcds_customer_0.c_email_address)]
  |  mem-estimate=0B mem-reservation=0B thread-reservation=0
  14:AGGREGATE [STREAMING]
  |  output: sum(subtract(default.impala_tpcds_web_sales.ws_ext_list_price, default.impala_tpcds_web_sales.ws_ext_discount_amt))
  |  group by: default.impala_tpcds_customer_0.c_customer_id, default.impala_tpcds_customer_0.c_first_name, default.impala_tpcds_customer_0.c_last_name, default.impala_tpcds_customer_0.c_preferred_cust_flag, default.impala_tpcds_customer_0.c_birth_country, default.impala_tpcds_customer_0.c_login, default.impala_tpcds_customer_0.c_email_address
  |  mem-estimate=128.00MB mem-reservation=34.00MB spill-buffer=2.00MB thread-reservation=0
  |  tuple-ids=13 row-size=100B cardinality=0
  |  in pipelines: 09(GETNEXT)
  |
  13:HASH JOIN [INNER JOIN, BROADCAST]
  |  hash predicates: default.impala_tpcds_customer_0.c_customer_sk = default.impala_tpcds_web_sales.ws_bill_customer_sk
  |  fk/pk conjuncts: assumed fk/pk
  |  mem-estimate=1.94MB mem-reservation=1.94MB spill-buffer=64.00KB thread-reservation=0
  |  tuple-ids=7,9,11 row-size=112B cardinality=0
  |  in pipelines: 09(GETNEXT), 10(OPEN)
  |
  |--38:EXCHANGE [BROADCAST]
  |     mem-estimate=32.00KB mem-reservation=0B thread-reservation=0
  |     tuple-ids=9,11 row-size=24B cardinality=0
  |     in pipelines: 10(GETNEXT)
  |
  09:SCAN HDFS [default.impala_tpcds_customer, RANDOM]
     HDFS partitions=1/1 files=0 size=0B
     predicates: default.impala_tpcds_customer_0.c_customer_id IS NOT NULL, default.impala_tpcds_customer_0.c_customer_sk IS NOT NULL
     stored statistics:
       table: rows=unavailable size=unavailable
       columns: unavailable
     extrapolated-rows=disabled max-scan-range-rows=0
     mem-estimate=0B mem-reservation=0B thread-reservation=0
     tuple-ids=7 row-size=88B cardinality=0
     in pipelines: 09(GETNEXT)

F06:PLAN FRAGMENT [RANDOM] hosts=1 instances=1
Per-Host Resources: mem-estimate=1.95MB mem-reservation=1.94MB thread-reservation=1
  DATASTREAM SINK [FRAGMENT=F05, EXCHANGE=38, BROADCAST]
  |  mem-estimate=0B mem-reservation=0B thread-reservation=0
  12:HASH JOIN [INNER JOIN, BROADCAST]
  |  hash predicates: default.impala_tpcds_web_sales.ws_sold_date_sk = default.impala_tpcds_date_dim_0.d_date_sk
  |  fk/pk conjuncts: assumed fk/pk
  |  mem-estimate=1.94MB mem-reservation=1.94MB spill-buffer=64.00KB thread-reservation=0
  |  tuple-ids=9,11 row-size=24B cardinality=0
  |  in pipelines: 10(GETNEXT), 11(OPEN)
  |
  |--37:EXCHANGE [BROADCAST]
  |     mem-estimate=16.00KB mem-reservation=0B thread-reservation=0
  |     tuple-ids=11 row-size=8B cardinality=0
  |     in pipelines: 11(GETNEXT)
  |
  10:SCAN HDFS [default.impala_tpcds_web_sales, RANDOM]
     HDFS partitions=1/1 files=0 size=0B
     predicates: default.impala_tpcds_web_sales.ws_bill_customer_sk IS NOT NULL, default.impala_tpcds_web_sales.ws_sold_date_sk IS NOT NULL
     stored statistics:
       table: rows=unavailable size=unavailable
       columns: unavailable
     extrapolated-rows=disabled max-scan-range-rows=0
     mem-estimate=0B mem-reservation=0B thread-reservation=0
     tuple-ids=9 row-size=16B cardinality=0
     in pipelines: 10(GETNEXT)

F07:PLAN FRAGMENT [RANDOM] hosts=1 instances=1
Per-Host Resources: mem-estimate=0B mem-reservation=0B thread-reservation=1
  DATASTREAM SINK [FRAGMENT=F06, EXCHANGE=37, BROADCAST]
  |  mem-estimate=0B mem-reservation=0B thread-reservation=0
  11:SCAN HDFS [default.impala_tpcds_date_dim, RANDOM]
     HDFS partitions=1/1 files=0 size=0B
     predicates: default.impala_tpcds_date_dim_0.d_date_sk IS NOT NULL, default.impala_tpcds_date_dim_0.d_year = add(CAST(1999 AS INT), CAST(1 AS INT))
     stored statistics:
       table: rows=unavailable size=unavailable
       columns: unavailable
     extrapolated-rows=disabled max-scan-range-rows=0
     parquet statistics predicates: default.impala_tpcds_date_dim_0.d_year = add(CAST(1999 AS INT), CAST(1 AS INT))
     mem-estimate=0B mem-reservation=0B thread-reservation=0
     tuple-ids=11 row-size=8B cardinality=0
     in pipelines: 11(GETNEXT)

F13:PLAN FRAGMENT [RANDOM] hosts=1 instances=1
Per-Host Resources: mem-estimate=128.10MB mem-reservation=34.00MB thread-reservation=1
  DATASTREAM SINK [FRAGMENT=F18, EXCHANGE=46, BROADCAST]
  |  mem-estimate=0B mem-reservation=0B thread-reservation=0
  23:SELECT
  |  predicates: _impala_builtins.sum(subtract(default.impala_tpcds_web_sales_0.ws_ext_list_price, default.impala_tpcds_web_sales_0.ws_ext_discount_amt)) > CAST(0 AS DECIMAL(38,2))
  |  mem-estimate=0B mem-reservation=0B thread-reservation=0
  |  tuple-ids=21 row-size=28B cardinality=0
  |  in pipelines: 45(GETNEXT)
  |
  16:UNION
  |  mem-estimate=0B mem-reservation=0B thread-reservation=0
  |  tuple-ids=21 row-size=28B cardinality=0
  |  in pipelines: 45(GETNEXT)
  |
  45:AGGREGATE [FINALIZE]
  |  output: _impala_builtins.sum:merge(subtract(default.impala_tpcds_web_sales_0.ws_ext_list_price, default.impala_tpcds_web_sales_0.ws_ext_discount_amt))
  |  group by: default.impala_tpcds_customer_1.c_customer_id, default.impala_tpcds_customer_1.c_first_name, default.impala_tpcds_customer_1.c_last_name, default.impala_tpcds_customer_1.c_preferred_cust_flag, default.impala_tpcds_customer_1.c_birth_country, default.impala_tpcds_customer_1.c_login, default.impala_tpcds_customer_1.c_email_address
  |  mem-estimate=128.00MB mem-reservation=34.00MB spill-buffer=2.00MB thread-reservation=0
  |  tuple-ids=20 row-size=100B cardinality=0
  |  in pipelines: 45(GETNEXT), 17(OPEN)
  |
  44:EXCHANGE [HASH(default.impala_tpcds_customer_1.c_customer_id,default.impala_tpcds_customer_1.c_first_name,default.impala_tpcds_customer_1.c_last_name,default.impala_tpcds_customer_1.c_preferred_cust_flag,default.impala_tpcds_customer_1.c_birth_country,default.impala_tpcds_customer_1.c_login,default.impala_tpcds_customer_1.c_email_address)]
     mem-estimate=104.00KB mem-reservation=0B thread-reservation=0
     tuple-ids=20 row-size=100B cardinality=0
     in pipelines: 17(GETNEXT)

F09:PLAN FRAGMENT [RANDOM] hosts=1 instances=1
Per-Host Resources: mem-estimate=129.97MB mem-reservation=35.94MB thread-reservation=1
  DATASTREAM SINK [FRAGMENT=F13, EXCHANGE=44, HASH(default.impala_tpcds_customer_1.c_customer_id,default.impala_tpcds_customer_1.c_first_name,default.impala_tpcds_customer_1.c_last_name,default.impala_tpcds_customer_1.c_preferred_cust_flag,default.impala_tpcds_customer_1.c_birth_country,default.impala_tpcds_customer_1.c_login,default.impala_tpcds_customer_1.c_email_address)]
  |  mem-estimate=0B mem-reservation=0B thread-reservation=0
  22:AGGREGATE [STREAMING]
  |  output: sum(subtract(default.impala_tpcds_web_sales_0.ws_ext_list_price, default.impala_tpcds_web_sales_0.ws_ext_discount_amt))
  |  group by: default.impala_tpcds_customer_1.c_customer_id, default.impala_tpcds_customer_1.c_first_name, default.impala_tpcds_customer_1.c_last_name, default.impala_tpcds_customer_1.c_preferred_cust_flag, default.impala_tpcds_customer_1.c_birth_country, default.impala_tpcds_customer_1.c_login, default.impala_tpcds_customer_1.c_email_address
  |  mem-estimate=128.00MB mem-reservation=34.00MB spill-buffer=2.00MB thread-reservation=0
  |  tuple-ids=20 row-size=100B cardinality=0
  |  in pipelines: 17(GETNEXT)
  |
  21:HASH JOIN [INNER JOIN, BROADCAST]
  |  hash predicates: default.impala_tpcds_customer_1.c_customer_sk = default.impala_tpcds_web_sales_0.ws_bill_customer_sk
  |  fk/pk conjuncts: assumed fk/pk
  |  mem-estimate=1.94MB mem-reservation=1.94MB spill-buffer=64.00KB thread-reservation=0
  |  tuple-ids=14,16,18 row-size=112B cardinality=0
  |  in pipelines: 17(GETNEXT), 18(OPEN)
  |
  |--43:EXCHANGE [BROADCAST]
  |     mem-estimate=32.00KB mem-reservation=0B thread-reservation=0
  |     tuple-ids=16,18 row-size=24B cardinality=0
  |     in pipelines: 18(GETNEXT)
  |
  17:SCAN HDFS [default.impala_tpcds_customer, RANDOM]
     HDFS partitions=1/1 files=0 size=0B
     predicates: default.impala_tpcds_customer_1.c_customer_id IS NOT NULL, default.impala_tpcds_customer_1.c_customer_sk IS NOT NULL
     stored statistics:
       table: rows=unavailable size=unavailable
       columns: unavailable
     extrapolated-rows=disabled max-scan-range-rows=0
     mem-estimate=0B mem-reservation=0B thread-reservation=0
     tuple-ids=14 row-size=88B cardinality=0
     in pipelines: 17(GETNEXT)

F10:PLAN FRAGMENT [RANDOM] hosts=1 instances=1
Per-Host Resources: mem-estimate=1.95MB mem-reservation=1.94MB thread-reservation=1
  DATASTREAM SINK [FRAGMENT=F09, EXCHANGE=43, BROADCAST]
  |  mem-estimate=0B mem-reservation=0B thread-reservation=0
  20:HASH JOIN [INNER JOIN, BROADCAST]
  |  hash predicates: default.impala_tpcds_web_sales_0.ws_sold_date_sk = default.impala_tpcds_date_dim_1.d_date_sk
  |  fk/pk conjuncts: assumed fk/pk
  |  mem-estimate=1.94MB mem-reservation=1.94MB spill-buffer=64.00KB thread-reservation=0
  |  tuple-ids=16,18 row-size=24B cardinality=0
  |  in pipelines: 18(GETNEXT), 19(OPEN)
  |
  |--42:EXCHANGE [BROADCAST]
  |     mem-estimate=16.00KB mem-reservation=0B thread-reservation=0
  |     tuple-ids=18 row-size=8B cardinality=0
  |     in pipelines: 19(GETNEXT)
  |
  18:SCAN HDFS [default.impala_tpcds_web_sales, RANDOM]
     HDFS partitions=1/1 files=0 size=0B
     predicates: default.impala_tpcds_web_sales_0.ws_bill_customer_sk IS NOT NULL, default.impala_tpcds_web_sales_0.ws_sold_date_sk IS NOT NULL
     stored statistics:
       table: rows=unavailable size=unavailable
       columns: unavailable
     extrapolated-rows=disabled max-scan-range-rows=0
     mem-estimate=0B mem-reservation=0B thread-reservation=0
     tuple-ids=16 row-size=16B cardinality=0
     in pipelines: 18(GETNEXT)

F11:PLAN FRAGMENT [RANDOM] hosts=1 instances=1
Per-Host Resources: mem-estimate=0B mem-reservation=0B thread-reservation=1
  DATASTREAM SINK [FRAGMENT=F10, EXCHANGE=42, BROADCAST]
  |  mem-estimate=0B mem-reservation=0B thread-reservation=0
  19:SCAN HDFS [default.impala_tpcds_date_dim, RANDOM]
     HDFS partitions=1/1 files=0 size=0B
     predicates: default.impala_tpcds_date_dim_1.d_date_sk IS NOT NULL, default.impala_tpcds_date_dim_1.d_year = CAST(1999 AS INT)
     stored statistics:
       table: rows=unavailable size=unavailable
       columns: unavailable
     extrapolated-rows=disabled max-scan-range-rows=0
     parquet statistics predicates: default.impala_tpcds_date_dim_1.d_year = CAST(1999 AS INT)
     mem-estimate=0B mem-reservation=0B thread-reservation=0
     tuple-ids=18 row-size=8B cardinality=0
     in pipelines: 19(GETNEXT)

F17:PLAN FRAGMENT [HASH(default.impala_tpcds_customer_2.c_customer_id,default.impala_tpcds_customer_2.c_first_name,default.impala_tpcds_customer_2.c_last_name,default.impala_tpcds_customer_2.c_preferred_cust_flag,default.impala_tpcds_customer_2.c_birth_country,default.impala_tpcds_customer_2.c_login,default.impala_tpcds_customer_2.c_email_address)] hosts=1 instances=1
Per-Host Resources: mem-estimate=128.10MB mem-reservation=34.00MB thread-reservation=1
  DATASTREAM SINK [FRAGMENT=F18, EXCHANGE=51, BROADCAST]
  |  mem-estimate=0B mem-reservation=0B thread-reservation=0
  50:AGGREGATE [FINALIZE]
  |  output: _impala_builtins.sum:merge(subtract(default.impala_tpcds_store_sales_0.ss_ext_list_price, default.impala_tpcds_store_sales_0.ss_ext_discount_amt))
  |  group by: default.impala_tpcds_customer_2.c_customer_id, default.impala_tpcds_customer_2.c_first_name, default.impala_tpcds_customer_2.c_last_name, default.impala_tpcds_customer_2.c_preferred_cust_flag, default.impala_tpcds_customer_2.c_birth_country, default.impala_tpcds_customer_2.c_login, default.impala_tpcds_customer_2.c_email_address
  |  mem-estimate=128.00MB mem-reservation=34.00MB spill-buffer=2.00MB thread-reservation=0
  |  tuple-ids=27 row-size=100B cardinality=0
  |  in pipelines: 50(GETNEXT), 25(OPEN)
  |
  49:EXCHANGE [HASH(default.impala_tpcds_customer_2.c_customer_id,default.impala_tpcds_customer_2.c_first_name,default.impala_tpcds_customer_2.c_last_name,default.impala_tpcds_customer_2.c_preferred_cust_flag,default.impala_tpcds_customer_2.c_birth_country,default.impala_tpcds_customer_2.c_login,default.impala_tpcds_customer_2.c_email_address)]
     mem-estimate=104.00KB mem-reservation=0B thread-reservation=0
     tuple-ids=27 row-size=100B cardinality=0
     in pipelines: 25(GETNEXT)

F14:PLAN FRAGMENT [RANDOM] hosts=1 instances=1
Per-Host Resources: mem-estimate=129.97MB mem-reservation=35.94MB thread-reservation=1
  DATASTREAM SINK [FRAGMENT=F17, EXCHANGE=49, HASH(default.impala_tpcds_customer_2.c_customer_id,default.impala_tpcds_customer_2.c_first_name,default.impala_tpcds_customer_2.c_last_name,default.impala_tpcds_customer_2.c_preferred_cust_flag,default.impala_tpcds_customer_2.c_birth_country,default.impala_tpcds_customer_2.c_login,default.impala_tpcds_customer_2.c_email_address)]
  |  mem-estimate=0B mem-reservation=0B thread-reservation=0
  30:AGGREGATE [STREAMING]
  |  output: sum(subtract(default.impala_tpcds_store_sales_0.ss_ext_list_price, default.impala_tpcds_store_sales_0.ss_ext_discount_amt))
  |  group by: default.impala_tpcds_customer_2.c_customer_id, default.impala_tpcds_customer_2.c_first_name, default.impala_tpcds_customer_2.c_last_name, default.impala_tpcds_customer_2.c_preferred_cust_flag, default.impala_tpcds_customer_2.c_birth_country, default.impala_tpcds_customer_2.c_login, default.impala_tpcds_customer_2.c_email_address
  |  mem-estimate=128.00MB mem-reservation=34.00MB spill-buffer=2.00MB thread-reservation=0
  |  tuple-ids=27 row-size=100B cardinality=0
  |  in pipelines: 25(GETNEXT)
  |
  29:HASH JOIN [INNER JOIN, BROADCAST]
  |  hash predicates: default.impala_tpcds_customer_2.c_customer_sk = default.impala_tpcds_store_sales_0.ss_customer_sk
  |  fk/pk conjuncts: assumed fk/pk
  |  mem-estimate=1.94MB mem-reservation=1.94MB spill-buffer=64.00KB thread-reservation=0
  |  tuple-ids=22,24,25 row-size=112B cardinality=0
  |  in pipelines: 25(GETNEXT), 26(OPEN)
  |
  |--48:EXCHANGE [BROADCAST]
  |     mem-estimate=32.00KB mem-reservation=0B thread-reservation=0
  |     tuple-ids=24,25 row-size=24B cardinality=0
  |     in pipelines: 26(GETNEXT)
  |
  25:SCAN HDFS [default.impala_tpcds_customer, RANDOM]
     HDFS partitions=1/1 files=0 size=0B
     predicates: default.impala_tpcds_customer_2.c_customer_id IS NOT NULL, default.impala_tpcds_customer_2.c_customer_sk IS NOT NULL
     stored statistics:
       table: rows=unavailable size=unavailable
       columns: unavailable
     extrapolated-rows=disabled max-scan-range-rows=0
     mem-estimate=0B mem-reservation=0B thread-reservation=0
     tuple-ids=22 row-size=88B cardinality=0
     in pipelines: 25(GETNEXT)

F15:PLAN FRAGMENT [RANDOM] hosts=1 instances=1
Per-Host Resources: mem-estimate=1.95MB mem-reservation=1.94MB thread-reservation=1
  DATASTREAM SINK [FRAGMENT=F14, EXCHANGE=48, BROADCAST]
  |  mem-estimate=0B mem-reservation=0B thread-reservation=0
  28:HASH JOIN [INNER JOIN, BROADCAST]
  |  hash predicates: default.impala_tpcds_store_sales_0.ss_sold_date_sk = default.impala_tpcds_date_dim_2.d_date_sk
  |  fk/pk conjuncts: assumed fk/pk
  |  mem-estimate=1.94MB mem-reservation=1.94MB spill-buffer=64.00KB thread-reservation=0
  |  tuple-ids=24,25 row-size=24B cardinality=0
  |  in pipelines: 26(GETNEXT), 27(OPEN)
  |
  |--47:EXCHANGE [BROADCAST]
  |     mem-estimate=16.00KB mem-reservation=0B thread-reservation=0
  |     tuple-ids=25 row-size=8B cardinality=0
  |     in pipelines: 27(GETNEXT)
  |
  26:SCAN HDFS [default.impala_tpcds_store_sales, RANDOM]
     partition predicates: default.impala_tpcds_store_sales_0.ss_sold_date_sk IS NOT NULL
     partitions=0/0 files=0 size=0B
     predicates: default.impala_tpcds_store_sales_0.ss_customer_sk IS NOT NULL
     stored statistics:
       table: rows=unavailable size=unavailable
       partitions: 0/0 rows=unavailable
       columns missing stats: ss_customer_sk, ss_ext_discount_amt, ss_ext_list_price
     extrapolated-rows=disabled max-scan-range-rows=0
     mem-estimate=0B mem-reservation=0B thread-reservation=0
     tuple-ids=24 row-size=16B cardinality=0
     in pipelines: 26(GETNEXT)

F16:PLAN FRAGMENT [RANDOM] hosts=1 instances=1
Per-Host Resources: mem-estimate=0B mem-reservation=0B thread-reservation=1
  DATASTREAM SINK [FRAGMENT=F15, EXCHANGE=47, BROADCAST]
  |  mem-estimate=0B mem-reservation=0B thread-reservation=0
  27:SCAN HDFS [default.impala_tpcds_date_dim, RANDOM]
     HDFS partitions=1/1 files=0 size=0B
     predicates: default.impala_tpcds_date_dim_2.d_date_sk IS NOT NULL, default.impala_tpcds_date_dim_2.d_year = add(CAST(1999 AS INT), CAST(1 AS INT))
     stored statistics:
       table: rows=unavailable size=unavailable
       columns: unavailable
     extrapolated-rows=disabled max-scan-range-rows=0
     parquet statistics predicates: default.impala_tpcds_date_dim_2.d_year = add(CAST(1999 AS INT), CAST(1 AS INT))
     mem-estimate=0B mem-reservation=0B thread-reservation=0
     tuple-ids=25 row-size=8B cardinality=0
     in pipelines: 27(GETNEXT)


  Stage: Stage-0
    Fetch Operator
      limit: -1
      Processor Tree:
        ListSink

