PREHOOK: query: explain cbo select  a.ca_state state, count(*) cnt
 from impala_tpcds_customer_address a
     ,impala_tpcds_customer c
     ,impala_tpcds_store_sales s
     ,impala_tpcds_date_dim d
     ,impala_tpcds_item i
 where       a.ca_address_sk = c.c_current_addr_sk
      and c.c_customer_sk = s.ss_customer_sk
      and s.ss_sold_date_sk = d.d_date_sk
      and s.ss_item_sk = i.i_item_sk
      and d.d_month_seq = 
           (select distinct (d_month_seq)
            from impala_tpcds_date_dim
               where d_year = 2002
              and d_moy = 3 )
      and i.i_current_price > 1.2 * 
             (select avg(j.i_current_price) 
           from impala_tpcds_item j 
           where j.i_category = i.i_category)
 group by a.ca_state
 having count(*) >= 10
 order by cnt, a.ca_state 
 limit 100
PREHOOK: type: QUERY
PREHOOK: Input: default@impala_tpcds_customer
PREHOOK: Input: default@impala_tpcds_customer_address
PREHOOK: Input: default@impala_tpcds_date_dim
PREHOOK: Input: default@impala_tpcds_item
PREHOOK: Input: default@impala_tpcds_store_sales
PREHOOK: Output: hdfs://### HDFS PATH ###
POSTHOOK: query: explain cbo select  a.ca_state state, count(*) cnt
 from impala_tpcds_customer_address a
     ,impala_tpcds_customer c
     ,impala_tpcds_store_sales s
     ,impala_tpcds_date_dim d
     ,impala_tpcds_item i
 where       a.ca_address_sk = c.c_current_addr_sk
      and c.c_customer_sk = s.ss_customer_sk
      and s.ss_sold_date_sk = d.d_date_sk
      and s.ss_item_sk = i.i_item_sk
      and d.d_month_seq = 
           (select distinct (d_month_seq)
            from impala_tpcds_date_dim
               where d_year = 2002
              and d_moy = 3 )
      and i.i_current_price > 1.2 * 
             (select avg(j.i_current_price) 
           from impala_tpcds_item j 
           where j.i_category = i.i_category)
 group by a.ca_state
 having count(*) >= 10
 order by cnt, a.ca_state 
 limit 100
POSTHOOK: type: QUERY
POSTHOOK: Input: default@impala_tpcds_customer
POSTHOOK: Input: default@impala_tpcds_customer_address
POSTHOOK: Input: default@impala_tpcds_date_dim
POSTHOOK: Input: default@impala_tpcds_item
POSTHOOK: Input: default@impala_tpcds_store_sales
POSTHOOK: Output: hdfs://### HDFS PATH ###
CBO PLAN:
ImpalaProjectPassthroughRel(state=[$0], cnt=[$1])
  ImpalaSortRel(sort0=[$1], sort1=[$2], dir0=[ASC], dir1=[ASC], fetch=[100])
    ImpalaProjectRel(state=[$0], cnt=[$1], _o__col2=[$0])
      ImpalaAggregateRel(group=[{13}], agg#0=[count()], condition=[>=($1, 10)])
        ImpalaJoinRel(condition=[=($14, $5)], joinType=[inner])
          ImpalaJoinRel(condition=[=($4, $7)], joinType=[inner])
            ImpalaJoinRel(condition=[=($6, $0)], joinType=[inner])
              ImpalaJoinRel(condition=[true], joinType=[inner])
                ImpalaJoinRel(condition=[=($1, $2)], joinType=[inner])
                  ImpalaProjectPassthroughRel(d_date_sk=[$0], d_month_seq=[$3])
                    ImpalaHdfsScanRel(table=[[default, impala_tpcds_date_dim]], condition=[AND(IS NOT NULL($0), IS NOT NULL($3))])
                  ImpalaAggregateRel(group=[{3}])
                    ImpalaHdfsScanRel(table=[[default, impala_tpcds_date_dim]], condition=[AND(=($6, 2002), =($8, 3), IS NOT NULL($3))])
                ImpalaAggregateRel(group=[{}], cnt=[COUNT()], condition=[<=(sq_count_check($0), 1)])
                  ImpalaAggregateRel(group=[{3}])
                    ImpalaHdfsScanRel(table=[[default, impala_tpcds_date_dim]], condition=[AND(=($6, 2002), =($8, 3))])
              ImpalaProjectPassthroughRel(ss_item_sk=[$1], ss_customer_sk=[$2], ss_sold_date_sk=[$22])
                ImpalaHdfsScanRel(table=[[default, impala_tpcds_store_sales]], condition=[AND(IS NOT NULL($2), IS NOT NULL($22), IS NOT NULL($1))])
            ImpalaJoinRel(condition=[AND(=($3, $2), >($1, $4))], joinType=[inner])
              ImpalaProjectPassthroughRel(i_item_sk=[$0], i_current_price=[$5], i_category=[$12])
                ImpalaHdfsScanRel(table=[[default, impala_tpcds_item]], condition=[AND(IS NOT NULL($0), IS NOT NULL($12), IS NOT NULL($5))])
              ImpalaProjectPassthroughRel(i_category=[$0], *=[*(1.2:DECIMAL(2, 1), CAST($1):DECIMAL(16, 6))])
                ImpalaAggregateRel(group=[{12}], agg#0=[avg($5)], condition=[IS NOT NULL(CAST($1):DECIMAL(16, 6))])
                  ImpalaHdfsScanRel(table=[[default, impala_tpcds_item]], condition=[IS NOT NULL($12)])
          ImpalaJoinRel(condition=[=($0, $3)], joinType=[inner])
            ImpalaProjectPassthroughRel(ca_address_sk=[$0], ca_state=[$8])
              ImpalaHdfsScanRel(table=[[default, impala_tpcds_customer_address]], condition=[IS NOT NULL($0)])
            ImpalaProjectPassthroughRel(c_customer_sk=[$0], c_current_addr_sk=[$4])
              ImpalaHdfsScanRel(table=[[default, impala_tpcds_customer]], condition=[AND(IS NOT NULL($4), IS NOT NULL($0))])

PREHOOK: query: explain select  a.ca_state state, count(*) cnt
 from impala_tpcds_customer_address a
     ,impala_tpcds_customer c
     ,impala_tpcds_store_sales s
     ,impala_tpcds_date_dim d
     ,impala_tpcds_item i
 where       a.ca_address_sk = c.c_current_addr_sk
      and c.c_customer_sk = s.ss_customer_sk
      and s.ss_sold_date_sk = d.d_date_sk
      and s.ss_item_sk = i.i_item_sk
      and d.d_month_seq = 
           (select distinct (d_month_seq)
            from impala_tpcds_date_dim
               where d_year = 2002
              and d_moy = 3 )
      and i.i_current_price > 1.2 * 
             (select avg(j.i_current_price) 
           from impala_tpcds_item j 
           where j.i_category = i.i_category)
 group by a.ca_state
 having count(*) >= 10
 order by cnt, a.ca_state 
 limit 100
PREHOOK: type: QUERY
PREHOOK: Input: default@impala_tpcds_customer
PREHOOK: Input: default@impala_tpcds_customer_address
PREHOOK: Input: default@impala_tpcds_date_dim
PREHOOK: Input: default@impala_tpcds_item
PREHOOK: Input: default@impala_tpcds_store_sales
PREHOOK: Output: hdfs://### HDFS PATH ###
POSTHOOK: query: explain select  a.ca_state state, count(*) cnt
 from impala_tpcds_customer_address a
     ,impala_tpcds_customer c
     ,impala_tpcds_store_sales s
     ,impala_tpcds_date_dim d
     ,impala_tpcds_item i
 where       a.ca_address_sk = c.c_current_addr_sk
      and c.c_customer_sk = s.ss_customer_sk
      and s.ss_sold_date_sk = d.d_date_sk
      and s.ss_item_sk = i.i_item_sk
      and d.d_month_seq = 
           (select distinct (d_month_seq)
            from impala_tpcds_date_dim
               where d_year = 2002
              and d_moy = 3 )
      and i.i_current_price > 1.2 * 
             (select avg(j.i_current_price) 
           from impala_tpcds_item j 
           where j.i_category = i.i_category)
 group by a.ca_state
 having count(*) >= 10
 order by cnt, a.ca_state 
 limit 100
POSTHOOK: type: QUERY
POSTHOOK: Input: default@impala_tpcds_customer
POSTHOOK: Input: default@impala_tpcds_customer_address
POSTHOOK: Input: default@impala_tpcds_date_dim
POSTHOOK: Input: default@impala_tpcds_item
POSTHOOK: Input: default@impala_tpcds_store_sales
POSTHOOK: Output: hdfs://### HDFS PATH ###
STAGE DEPENDENCIES:
  Stage-1 is a root stage
  Stage-0 is a root stage

STAGE PLANS:
  Stage: Stage-1
    Impala
      Impala Plan: 
F12:PLAN FRAGMENT [UNPARTITIONED] hosts=1 instances=1
Per-Host Resources: mem-estimate=143.83MB mem-reservation=39.81MB thread-reservation=1
  PLAN-ROOT SINK
  |  output exprs: state, cnt
  |  mem-estimate=0B mem-reservation=0B thread-reservation=0
  |
  21:TOP-N [LIMIT=100]
  |  order by: cnt ASC NULLS LAST, _o__col2 ASC NULLS LAST
  |  mem-estimate=0B mem-reservation=0B thread-reservation=0
  |  tuple-ids=22 row-size=32B cardinality=0
  |  in pipelines: 21(GETNEXT), 20(OPEN)
  |
  00:UNION
  |  mem-estimate=0B mem-reservation=0B thread-reservation=0
  |  tuple-ids=21 row-size=32B cardinality=0
  |  in pipelines: 20(GETNEXT)
  |
  20:AGGREGATE [FINALIZE]
  |  output: count()
  |  group by: a.ca_state
  |  having: _impala_builtins.count() >= CAST(10 AS BIGINT)
  |  mem-estimate=128.00MB mem-reservation=34.00MB spill-buffer=2.00MB thread-reservation=0
  |  tuple-ids=20 row-size=20B cardinality=0
  |  in pipelines: 20(GETNEXT), 25(OPEN)
  |
  19:HASH JOIN [INNER JOIN, BROADCAST]
  |  hash predicates: s.ss_customer_sk = c.c_customer_sk
  |  fk/pk conjuncts: assumed fk/pk
  |  mem-estimate=1.94MB mem-reservation=1.94MB spill-buffer=64.00KB thread-reservation=0
  |  tuple-ids=8,0,4,9,10,15,16,18 row-size=104B cardinality=0
  |  in pipelines: 25(GETNEXT), 16(OPEN)
  |
  |--36:EXCHANGE [UNPARTITIONED]
  |     mem-estimate=32.00KB mem-reservation=0B thread-reservation=0
  |     tuple-ids=16,18 row-size=24B cardinality=0
  |     in pipelines: 16(GETNEXT)
  |
  15:HASH JOIN [INNER JOIN, BROADCAST]
  |  hash predicates: s.ss_item_sk = i.i_item_sk
  |  fk/pk conjuncts: assumed fk/pk
  |  mem-estimate=1.94MB mem-reservation=1.94MB spill-buffer=64.00KB thread-reservation=0
  |  tuple-ids=8,0,4,9,10,15 row-size=80B cardinality=0
  |  in pipelines: 25(GETNEXT), 11(OPEN)
  |
  |--34:EXCHANGE [UNPARTITIONED]
  |     mem-estimate=52.00KB mem-reservation=0B thread-reservation=0
  |     tuple-ids=10,15 row-size=44B cardinality=0
  |     in pipelines: 11(GETNEXT)
  |
  10:HASH JOIN [INNER JOIN, BROADCAST]
  |  hash predicates: d.d_date_sk = s.ss_sold_date_sk
  |  fk/pk conjuncts: assumed fk/pk
  |  mem-estimate=1.94MB mem-reservation=1.94MB spill-buffer=64.00KB thread-reservation=0
  |  tuple-ids=8,0,4,9 row-size=36B cardinality=0
  |  in pipelines: 25(GETNEXT), 09(OPEN)
  |
  |--30:EXCHANGE [UNPARTITIONED]
  |     mem-estimate=20.00KB mem-reservation=0B thread-reservation=0
  |     tuple-ids=9 row-size=16B cardinality=0
  |     in pipelines: 09(GETNEXT)
  |
  08:NESTED LOOP JOIN [CROSS JOIN, BROADCAST]
  |  mem-estimate=0B mem-reservation=0B thread-reservation=0
  |  tuple-ids=8,0,4 row-size=20B cardinality=0
  |  in pipelines: 25(GETNEXT), 01(OPEN)
  |
  |--29:EXCHANGE [UNPARTITIONED]
  |     mem-estimate=20.00KB mem-reservation=0B thread-reservation=0
  |     tuple-ids=0,4 row-size=12B cardinality=0
  |     in pipelines: 01(GETNEXT)
  |
  25:AGGREGATE [FINALIZE]
  |  output: _impala_builtins.count:merge()
  |  having: _impala_builtins.sq_count_check(_impala_builtins.count()) <= CAST(1 AS BIGINT)
  |  mem-estimate=10.00MB mem-reservation=0B spill-buffer=2.00MB thread-reservation=0
  |  tuple-ids=8 row-size=8B cardinality=1
  |  in pipelines: 25(GETNEXT), 07(OPEN)
  |
  24:EXCHANGE [UNPARTITIONED]
     mem-estimate=16.00KB mem-reservation=0B thread-reservation=0
     tuple-ids=8 row-size=8B cardinality=1
     in pipelines: 07(GETNEXT)

F01:PLAN FRAGMENT [HASH(default.impala_tpcds_date_dim_0.d_month_seq)] hosts=1 instances=1
Per-Host Resources: mem-estimate=138.00MB mem-reservation=34.00MB thread-reservation=1
  DATASTREAM SINK [FRAGMENT=F12, EXCHANGE=24, UNPARTITIONED]
  |  mem-estimate=0B mem-reservation=0B thread-reservation=0
  07:AGGREGATE
  |  output: count()
  |  mem-estimate=10.00MB mem-reservation=0B spill-buffer=2.00MB thread-reservation=0
  |  tuple-ids=8 row-size=8B cardinality=1
  |  in pipelines: 07(GETNEXT), 23(OPEN)
  |
  23:AGGREGATE [FINALIZE]
  |  group by: default.impala_tpcds_date_dim_0.d_month_seq
  |  mem-estimate=128.00MB mem-reservation=34.00MB spill-buffer=2.00MB thread-reservation=0
  |  tuple-ids=7 row-size=4B cardinality=0
  |  in pipelines: 23(GETNEXT), 05(OPEN)
  |
  22:EXCHANGE [HASH(default.impala_tpcds_date_dim_0.d_month_seq)]
     mem-estimate=16.00KB mem-reservation=0B thread-reservation=0
     tuple-ids=7 row-size=4B cardinality=0
     in pipelines: 05(GETNEXT)

F00:PLAN FRAGMENT [RANDOM] hosts=1 instances=1
Per-Host Resources: mem-estimate=128.00MB mem-reservation=34.00MB thread-reservation=1
  DATASTREAM SINK [FRAGMENT=F01, EXCHANGE=22, HASH(default.impala_tpcds_date_dim_0.d_month_seq)]
  |  mem-estimate=0B mem-reservation=0B thread-reservation=0
  06:AGGREGATE [STREAMING]
  |  group by: default.impala_tpcds_date_dim_0.d_month_seq
  |  mem-estimate=128.00MB mem-reservation=34.00MB spill-buffer=2.00MB thread-reservation=0
  |  tuple-ids=7 row-size=4B cardinality=0
  |  in pipelines: 05(GETNEXT)
  |
  05:SCAN HDFS [default.impala_tpcds_date_dim, RANDOM]
     HDFS partitions=1/1 files=0 size=0B
     predicates: default.impala_tpcds_date_dim_0.d_moy = CAST(3 AS INT), default.impala_tpcds_date_dim_0.d_year = CAST(2002 AS INT)
     stored statistics:
       table: rows=0 size=0B
       columns: unavailable
     extrapolated-rows=disabled max-scan-range-rows=0
     parquet statistics predicates: default.impala_tpcds_date_dim_0.d_moy = CAST(3 AS INT), default.impala_tpcds_date_dim_0.d_year = CAST(2002 AS INT)
     mem-estimate=0B mem-reservation=0B thread-reservation=0
     tuple-ids=5 row-size=12B cardinality=0
     in pipelines: 05(GETNEXT)

F03:PLAN FRAGMENT [RANDOM] hosts=1 instances=1
Per-Host Resources: mem-estimate=1.95MB mem-reservation=1.94MB thread-reservation=1
  DATASTREAM SINK [FRAGMENT=F12, EXCHANGE=29, UNPARTITIONED]
  |  mem-estimate=0B mem-reservation=0B thread-reservation=0
  04:HASH JOIN [INNER JOIN, BROADCAST]
  |  hash predicates: d.d_month_seq = default.impala_tpcds_date_dim.d_month_seq
  |  fk/pk conjuncts: assumed fk/pk
  |  mem-estimate=1.94MB mem-reservation=1.94MB spill-buffer=64.00KB thread-reservation=0
  |  tuple-ids=0,4 row-size=12B cardinality=0
  |  in pipelines: 01(GETNEXT), 27(OPEN)
  |
  |--28:EXCHANGE [BROADCAST]
  |     mem-estimate=16.00KB mem-reservation=0B thread-reservation=0
  |     tuple-ids=4 row-size=4B cardinality=0
  |     in pipelines: 27(GETNEXT)
  |
  01:SCAN HDFS [default.impala_tpcds_date_dim d, RANDOM]
     HDFS partitions=1/1 files=0 size=0B
     predicates: d.d_date_sk IS NOT NULL, d.d_month_seq IS NOT NULL
     stored statistics:
       table: rows=0 size=0B
       columns: unavailable
     extrapolated-rows=disabled max-scan-range-rows=0
     mem-estimate=0B mem-reservation=0B thread-reservation=0
     tuple-ids=0 row-size=8B cardinality=0
     in pipelines: 01(GETNEXT)

F05:PLAN FRAGMENT [HASH(default.impala_tpcds_date_dim.d_month_seq)] hosts=1 instances=1
Per-Host Resources: mem-estimate=128.02MB mem-reservation=34.00MB thread-reservation=1
  DATASTREAM SINK [FRAGMENT=F03, EXCHANGE=28, BROADCAST]
  |  mem-estimate=0B mem-reservation=0B thread-reservation=0
  27:AGGREGATE [FINALIZE]
  |  group by: default.impala_tpcds_date_dim.d_month_seq
  |  mem-estimate=128.00MB mem-reservation=34.00MB spill-buffer=2.00MB thread-reservation=0
  |  tuple-ids=4 row-size=4B cardinality=0
  |  in pipelines: 27(GETNEXT), 02(OPEN)
  |
  26:EXCHANGE [HASH(default.impala_tpcds_date_dim.d_month_seq)]
     mem-estimate=16.00KB mem-reservation=0B thread-reservation=0
     tuple-ids=4 row-size=4B cardinality=0
     in pipelines: 02(GETNEXT)

F04:PLAN FRAGMENT [RANDOM] hosts=1 instances=1
Per-Host Resources: mem-estimate=128.00MB mem-reservation=34.00MB thread-reservation=1
  DATASTREAM SINK [FRAGMENT=F05, EXCHANGE=26, HASH(default.impala_tpcds_date_dim.d_month_seq)]
  |  mem-estimate=0B mem-reservation=0B thread-reservation=0
  03:AGGREGATE [STREAMING]
  |  group by: default.impala_tpcds_date_dim.d_month_seq
  |  mem-estimate=128.00MB mem-reservation=34.00MB spill-buffer=2.00MB thread-reservation=0
  |  tuple-ids=4 row-size=4B cardinality=0
  |  in pipelines: 02(GETNEXT)
  |
  02:SCAN HDFS [default.impala_tpcds_date_dim, RANDOM]
     HDFS partitions=1/1 files=0 size=0B
     predicates: default.impala_tpcds_date_dim.d_month_seq IS NOT NULL, default.impala_tpcds_date_dim.d_moy = CAST(3 AS INT), default.impala_tpcds_date_dim.d_year = CAST(2002 AS INT)
     stored statistics:
       table: rows=0 size=0B
       columns: unavailable
     extrapolated-rows=disabled max-scan-range-rows=0
     parquet statistics predicates: default.impala_tpcds_date_dim.d_moy = CAST(3 AS INT), default.impala_tpcds_date_dim.d_year = CAST(2002 AS INT)
     mem-estimate=0B mem-reservation=0B thread-reservation=0
     tuple-ids=2 row-size=12B cardinality=0
     in pipelines: 02(GETNEXT)

F06:PLAN FRAGMENT [RANDOM] hosts=1 instances=1
Per-Host Resources: mem-estimate=0B mem-reservation=0B thread-reservation=1
  DATASTREAM SINK [FRAGMENT=F12, EXCHANGE=30, UNPARTITIONED]
  |  mem-estimate=0B mem-reservation=0B thread-reservation=0
  09:SCAN HDFS [default.impala_tpcds_store_sales s, RANDOM]
     partition predicates: s.ss_sold_date_sk IS NOT NULL
     partitions=0/0 files=0 size=0B
     predicates: s.ss_customer_sk IS NOT NULL, s.ss_item_sk IS NOT NULL
     stored statistics:
       table: rows=unavailable size=unavailable
       partitions: 0/0 rows=unavailable
       columns: unavailable
     extrapolated-rows=disabled max-scan-range-rows=0
     mem-estimate=0B mem-reservation=0B thread-reservation=0
     tuple-ids=9 row-size=16B cardinality=0
     in pipelines: 09(GETNEXT)

F07:PLAN FRAGMENT [RANDOM] hosts=1 instances=1
Per-Host Resources: mem-estimate=1.96MB mem-reservation=1.94MB thread-reservation=1
  DATASTREAM SINK [FRAGMENT=F12, EXCHANGE=34, UNPARTITIONED]
  |  mem-estimate=0B mem-reservation=0B thread-reservation=0
  14:HASH JOIN [INNER JOIN, BROADCAST]
  |  hash predicates: i.i_category = j.i_category
  |  fk/pk conjuncts: assumed fk/pk
  |  other join predicates: i.i_current_price > _impala_builtins.multiply(CAST(1.2 AS DECIMAL(2,1)), _impala_builtins.casttodecimal(_impala_builtins.avg(j.i_current_price)))
  |  mem-estimate=1.94MB mem-reservation=1.94MB spill-buffer=64.00KB thread-reservation=0
  |  tuple-ids=10,15 row-size=44B cardinality=0
  |  in pipelines: 11(GETNEXT), 32(OPEN)
  |
  |--33:EXCHANGE [BROADCAST]
  |     mem-estimate=24.00KB mem-reservation=0B thread-reservation=0
  |     tuple-ids=15 row-size=20B cardinality=0
  |     in pipelines: 32(GETNEXT)
  |
  11:SCAN HDFS [default.impala_tpcds_item i, RANDOM]
     HDFS partitions=1/1 files=0 size=0B
     predicates: i.i_category IS NOT NULL, i.i_current_price IS NOT NULL, i.i_item_sk IS NOT NULL
     stored statistics:
       table: rows=0 size=0B
       columns: unavailable
     extrapolated-rows=disabled max-scan-range-rows=0
     mem-estimate=0B mem-reservation=0B thread-reservation=0
     tuple-ids=10 row-size=24B cardinality=0
     in pipelines: 11(GETNEXT)

F09:PLAN FRAGMENT [HASH(j.i_category)] hosts=1 instances=1
Per-Host Resources: mem-estimate=128.02MB mem-reservation=34.00MB thread-reservation=1
  DATASTREAM SINK [FRAGMENT=F07, EXCHANGE=33, BROADCAST]
  |  mem-estimate=0B mem-reservation=0B thread-reservation=0
  32:AGGREGATE [FINALIZE]
  |  output: _impala_builtins.avg:merge(j.i_current_price)
  |  group by: j.i_category
  |  having: _impala_builtins.casttodecimal(_impala_builtins.avg(j.i_current_price)) IS NOT NULL
  |  mem-estimate=128.00MB mem-reservation=34.00MB spill-buffer=2.00MB thread-reservation=0
  |  tuple-ids=15 row-size=20B cardinality=0
  |  in pipelines: 32(GETNEXT), 12(OPEN)
  |
  31:EXCHANGE [HASH(j.i_category)]
     mem-estimate=24.00KB mem-reservation=0B thread-reservation=0
     tuple-ids=14 row-size=20B cardinality=0
     in pipelines: 12(GETNEXT)

F08:PLAN FRAGMENT [RANDOM] hosts=1 instances=1
Per-Host Resources: mem-estimate=128.00MB mem-reservation=34.00MB thread-reservation=1
  DATASTREAM SINK [FRAGMENT=F09, EXCHANGE=31, HASH(j.i_category)]
  |  mem-estimate=0B mem-reservation=0B thread-reservation=0
  13:AGGREGATE [STREAMING]
  |  output: avg(j.i_current_price)
  |  group by: j.i_category
  |  mem-estimate=128.00MB mem-reservation=34.00MB spill-buffer=2.00MB thread-reservation=0
  |  tuple-ids=14 row-size=20B cardinality=0
  |  in pipelines: 12(GETNEXT)
  |
  12:SCAN HDFS [default.impala_tpcds_item j, RANDOM]
     HDFS partitions=1/1 files=0 size=0B
     predicates: j.i_category IS NOT NULL
     stored statistics:
       table: rows=0 size=0B
       columns: unavailable
     extrapolated-rows=disabled max-scan-range-rows=0
     mem-estimate=0B mem-reservation=0B thread-reservation=0
     tuple-ids=12 row-size=16B cardinality=0
     in pipelines: 12(GETNEXT)

F10:PLAN FRAGMENT [RANDOM] hosts=1 instances=1
Per-Host Resources: mem-estimate=1.95MB mem-reservation=1.94MB thread-reservation=1
  DATASTREAM SINK [FRAGMENT=F12, EXCHANGE=36, UNPARTITIONED]
  |  mem-estimate=0B mem-reservation=0B thread-reservation=0
  18:HASH JOIN [INNER JOIN, BROADCAST]
  |  hash predicates: a.ca_address_sk = c.c_current_addr_sk
  |  fk/pk conjuncts: assumed fk/pk
  |  mem-estimate=1.94MB mem-reservation=1.94MB spill-buffer=64.00KB thread-reservation=0
  |  tuple-ids=16,18 row-size=24B cardinality=0
  |  in pipelines: 16(GETNEXT), 17(OPEN)
  |
  |--35:EXCHANGE [BROADCAST]
  |     mem-estimate=16.00KB mem-reservation=0B thread-reservation=0
  |     tuple-ids=18 row-size=8B cardinality=0
  |     in pipelines: 17(GETNEXT)
  |
  16:SCAN HDFS [default.impala_tpcds_customer_address a, RANDOM]
     HDFS partitions=1/1 files=0 size=0B
     predicates: a.ca_address_sk IS NOT NULL
     stored statistics:
       table: rows=0 size=0B
       columns: unavailable
     extrapolated-rows=disabled max-scan-range-rows=0
     mem-estimate=0B mem-reservation=0B thread-reservation=0
     tuple-ids=16 row-size=16B cardinality=0
     in pipelines: 16(GETNEXT)

F11:PLAN FRAGMENT [RANDOM] hosts=1 instances=1
Per-Host Resources: mem-estimate=0B mem-reservation=0B thread-reservation=1
  DATASTREAM SINK [FRAGMENT=F10, EXCHANGE=35, BROADCAST]
  |  mem-estimate=0B mem-reservation=0B thread-reservation=0
  17:SCAN HDFS [default.impala_tpcds_customer c, RANDOM]
     HDFS partitions=1/1 files=0 size=0B
     predicates: c.c_current_addr_sk IS NOT NULL, c.c_customer_sk IS NOT NULL
     stored statistics:
       table: rows=0 size=0B
       columns: unavailable
     extrapolated-rows=disabled max-scan-range-rows=0
     mem-estimate=0B mem-reservation=0B thread-reservation=0
     tuple-ids=18 row-size=8B cardinality=0
     in pipelines: 17(GETNEXT)


  Stage: Stage-0
    Fetch Operator
      limit: -1
      Processor Tree:
        ListSink

