PREHOOK: query: explain cbo select  ca_zip
       ,sum(cs_sales_price)
 from impala_tpcds_catalog_sales
     ,impala_tpcds_customer
     ,impala_tpcds_customer_address
     ,impala_tpcds_date_dim
 where cs_bill_customer_sk = c_customer_sk
      and c_current_addr_sk = ca_address_sk 
      and ( substr(ca_zip,1,5) in ('85669', '86197','88274','83405','86475',
                                   '85392', '85460', '80348', '81792')
            or ca_state in ('CA','WA','GA')
            or cs_sales_price > 500)
      and cs_sold_date_sk = d_date_sk
      and d_qoy = 2 and d_year = 1998
 group by ca_zip
 order by ca_zip
 limit 100
PREHOOK: type: QUERY
PREHOOK: Input: default@impala_tpcds_catalog_sales
PREHOOK: Input: default@impala_tpcds_customer
PREHOOK: Input: default@impala_tpcds_customer_address
PREHOOK: Input: default@impala_tpcds_date_dim
PREHOOK: Output: hdfs://### HDFS PATH ###
POSTHOOK: query: explain cbo select  ca_zip
       ,sum(cs_sales_price)
 from impala_tpcds_catalog_sales
     ,impala_tpcds_customer
     ,impala_tpcds_customer_address
     ,impala_tpcds_date_dim
 where cs_bill_customer_sk = c_customer_sk
      and c_current_addr_sk = ca_address_sk 
      and ( substr(ca_zip,1,5) in ('85669', '86197','88274','83405','86475',
                                   '85392', '85460', '80348', '81792')
            or ca_state in ('CA','WA','GA')
            or cs_sales_price > 500)
      and cs_sold_date_sk = d_date_sk
      and d_qoy = 2 and d_year = 1998
 group by ca_zip
 order by ca_zip
 limit 100
POSTHOOK: type: QUERY
POSTHOOK: Input: default@impala_tpcds_catalog_sales
POSTHOOK: Input: default@impala_tpcds_customer
POSTHOOK: Input: default@impala_tpcds_customer_address
POSTHOOK: Input: default@impala_tpcds_date_dim
POSTHOOK: Output: hdfs://### HDFS PATH ###
CBO PLAN:
ImpalaSortRel(sort0=[$0], dir0=[ASC], fetch=[100])
  ImpalaAggregateRel(group=[{1}], agg#0=[sum($8)])
    ImpalaJoinRel(condition=[AND(OR($2, $3, $9), =($7, $4))], joinType=[inner])
      ImpalaJoinRel(condition=[=($5, $0)], joinType=[inner])
        ImpalaProjectPassthroughRel(ca_address_sk=[$0], ca_zip=[$9], IN=[IN(SUBSTRING($9, 1:BIGINT, 5:BIGINT), _UTF-16LE'85669', _UTF-16LE'86197', _UTF-16LE'88274', _UTF-16LE'83405', _UTF-16LE'86475', _UTF-16LE'85392', _UTF-16LE'85460', _UTF-16LE'80348', _UTF-16LE'81792')], IN3=[IN($8, _UTF-16LE'CA', _UTF-16LE'WA', _UTF-16LE'GA')])
          ImpalaHdfsScanRel(table=[[default, impala_tpcds_customer_address]], condition=[IS NOT NULL($0)])
        ImpalaProjectPassthroughRel(c_customer_sk=[$0], c_current_addr_sk=[$4])
          ImpalaHdfsScanRel(table=[[default, impala_tpcds_customer]], condition=[AND(IS NOT NULL($0), IS NOT NULL($4))])
      ImpalaJoinRel(condition=[=($0, $4)], joinType=[inner])
        ImpalaProjectPassthroughRel(cs_sold_date_sk=[$0], cs_bill_customer_sk=[$3], cs_sales_price=[$21], >=[>($21, 500)])
          ImpalaHdfsScanRel(table=[[default, impala_tpcds_catalog_sales]], condition=[AND(IS NOT NULL($3), IS NOT NULL($0))])
        ImpalaProjectPassthroughRel(d_date_sk=[$0])
          ImpalaHdfsScanRel(table=[[default, impala_tpcds_date_dim]], condition=[AND(=($10, 2), =($6, 1998), IS NOT NULL($0))])

PREHOOK: query: explain select  ca_zip
       ,sum(cs_sales_price)
 from impala_tpcds_catalog_sales
     ,impala_tpcds_customer
     ,impala_tpcds_customer_address
     ,impala_tpcds_date_dim
 where cs_bill_customer_sk = c_customer_sk
      and c_current_addr_sk = ca_address_sk 
      and ( substr(ca_zip,1,5) in ('85669', '86197','88274','83405','86475',
                                   '85392', '85460', '80348', '81792')
            or ca_state in ('CA','WA','GA')
            or cs_sales_price > 500)
      and cs_sold_date_sk = d_date_sk
      and d_qoy = 2 and d_year = 1998
 group by ca_zip
 order by ca_zip
 limit 100
PREHOOK: type: QUERY
PREHOOK: Input: default@impala_tpcds_catalog_sales
PREHOOK: Input: default@impala_tpcds_customer
PREHOOK: Input: default@impala_tpcds_customer_address
PREHOOK: Input: default@impala_tpcds_date_dim
PREHOOK: Output: hdfs://### HDFS PATH ###
POSTHOOK: query: explain select  ca_zip
       ,sum(cs_sales_price)
 from impala_tpcds_catalog_sales
     ,impala_tpcds_customer
     ,impala_tpcds_customer_address
     ,impala_tpcds_date_dim
 where cs_bill_customer_sk = c_customer_sk
      and c_current_addr_sk = ca_address_sk 
      and ( substr(ca_zip,1,5) in ('85669', '86197','88274','83405','86475',
                                   '85392', '85460', '80348', '81792')
            or ca_state in ('CA','WA','GA')
            or cs_sales_price > 500)
      and cs_sold_date_sk = d_date_sk
      and d_qoy = 2 and d_year = 1998
 group by ca_zip
 order by ca_zip
 limit 100
POSTHOOK: type: QUERY
POSTHOOK: Input: default@impala_tpcds_catalog_sales
POSTHOOK: Input: default@impala_tpcds_customer
POSTHOOK: Input: default@impala_tpcds_customer_address
POSTHOOK: Input: default@impala_tpcds_date_dim
POSTHOOK: Output: hdfs://### HDFS PATH ###
STAGE DEPENDENCIES:
  Stage-1 is a root stage
  Stage-0 is a root stage

STAGE PLANS:
  Stage: Stage-1
    Impala
      Impala Plan: 
F05:PLAN FRAGMENT [UNPARTITIONED] hosts=1 instances=1
Per-Host Resources: mem-estimate=32.03KB mem-reservation=0B thread-reservation=1
  WRITE TO HDFS [_result_db_._result_table_, OVERWRITE=false]
  |  partitions=1
  |  output exprs: default.impala_tpcds_customer_address.ca_zip, _impala_builtins.sum(default.impala_tpcds_catalog_sales.cs_sales_price)
  |  mem-estimate=28B mem-reservation=0B thread-reservation=0
  |
  14:MERGING-EXCHANGE [UNPARTITIONED]
     order by: default.impala_tpcds_customer_address.ca_zip ASC NULLS LAST
     limit: 100
     mem-estimate=32.00KB mem-reservation=0B thread-reservation=0
     tuple-ids=9 row-size=28B cardinality=0
     in pipelines: 08(GETNEXT)

F04:PLAN FRAGMENT [HASH(default.impala_tpcds_customer_address.ca_zip)] hosts=1 instances=1
Per-Host Resources: mem-estimate=128.03MB mem-reservation=34.00MB thread-reservation=1
  DATASTREAM SINK [FRAGMENT=F05, EXCHANGE=14, UNPARTITIONED]
  |  mem-estimate=0B mem-reservation=0B thread-reservation=0
  08:TOP-N [LIMIT=100]
  |  order by: default.impala_tpcds_customer_address.ca_zip ASC NULLS LAST
  |  mem-estimate=0B mem-reservation=0B thread-reservation=0
  |  tuple-ids=9 row-size=28B cardinality=0
  |  in pipelines: 08(GETNEXT), 13(OPEN)
  |
  13:AGGREGATE [FINALIZE]
  |  output: _impala_builtins.sum:merge(default.impala_tpcds_catalog_sales.cs_sales_price)
  |  group by: default.impala_tpcds_customer_address.ca_zip
  |  mem-estimate=128.00MB mem-reservation=34.00MB spill-buffer=2.00MB thread-reservation=0
  |  tuple-ids=8 row-size=28B cardinality=0
  |  in pipelines: 13(GETNEXT), 00(OPEN)
  |
  12:EXCHANGE [HASH(default.impala_tpcds_customer_address.ca_zip)]
     mem-estimate=32.00KB mem-reservation=0B thread-reservation=0
     tuple-ids=8 row-size=28B cardinality=0
     in pipelines: 00(GETNEXT)

F00:PLAN FRAGMENT [RANDOM] hosts=1 instances=1
Per-Host Resources: mem-estimate=131.92MB mem-reservation=37.88MB thread-reservation=1
  DATASTREAM SINK [FRAGMENT=F04, EXCHANGE=12, HASH(default.impala_tpcds_customer_address.ca_zip)]
  |  mem-estimate=0B mem-reservation=0B thread-reservation=0
  07:AGGREGATE [STREAMING]
  |  output: sum(default.impala_tpcds_catalog_sales.cs_sales_price)
  |  group by: default.impala_tpcds_customer_address.ca_zip
  |  mem-estimate=128.00MB mem-reservation=34.00MB spill-buffer=2.00MB thread-reservation=0
  |  tuple-ids=8 row-size=28B cardinality=0
  |  in pipelines: 00(GETNEXT)
  |
  06:HASH JOIN [INNER JOIN, BROADCAST]
  |  hash predicates: default.impala_tpcds_customer.c_customer_sk = default.impala_tpcds_catalog_sales.cs_bill_customer_sk
  |  fk/pk conjuncts: assumed fk/pk
  |  other join predicates: _impala_builtins.substring(default.impala_tpcds_customer_address.ca_zip, CAST(1 AS BIGINT), CAST(5 AS BIGINT)) IN ('85669', '86197', '88274', '83405', '86475', '85392', '85460', '80348', '81792') OR default.impala_tpcds_customer_address.ca_state IN ('CA', 'WA', 'GA') OR default.impala_tpcds_catalog_sales.cs_sales_price > CAST(500 AS DECIMAL(7,2))
  |  mem-estimate=1.94MB mem-reservation=1.94MB spill-buffer=64.00KB thread-reservation=0
  |  tuple-ids=0,2,4,6 row-size=60B cardinality=0
  |  in pipelines: 00(GETNEXT), 03(OPEN)
  |
  |--11:EXCHANGE [BROADCAST]
  |     mem-estimate=32.00KB mem-reservation=0B thread-reservation=0
  |     tuple-ids=4,6 row-size=24B cardinality=0
  |     in pipelines: 03(GETNEXT)
  |
  02:HASH JOIN [INNER JOIN, BROADCAST]
  |  hash predicates: default.impala_tpcds_customer_address.ca_address_sk = default.impala_tpcds_customer.c_current_addr_sk
  |  fk/pk conjuncts: assumed fk/pk
  |  mem-estimate=1.94MB mem-reservation=1.94MB spill-buffer=64.00KB thread-reservation=0
  |  tuple-ids=0,2 row-size=36B cardinality=0
  |  in pipelines: 00(GETNEXT), 01(OPEN)
  |
  |--09:EXCHANGE [BROADCAST]
  |     mem-estimate=16.00KB mem-reservation=0B thread-reservation=0
  |     tuple-ids=2 row-size=8B cardinality=0
  |     in pipelines: 01(GETNEXT)
  |
  00:SCAN HDFS [default.impala_tpcds_customer_address, RANDOM]
     HDFS partitions=1/1 files=0 size=0B
     predicates: default.impala_tpcds_customer_address.ca_address_sk IS NOT NULL
     stored statistics:
       table: rows=0 size=0B
       columns: unavailable
     extrapolated-rows=disabled max-scan-range-rows=0
     mem-estimate=0B mem-reservation=0B thread-reservation=0
     tuple-ids=0 row-size=28B cardinality=0
     in pipelines: 00(GETNEXT)

F01:PLAN FRAGMENT [RANDOM] hosts=1 instances=1
Per-Host Resources: mem-estimate=0B mem-reservation=0B thread-reservation=1
  DATASTREAM SINK [FRAGMENT=F00, EXCHANGE=09, BROADCAST]
  |  mem-estimate=0B mem-reservation=0B thread-reservation=0
  01:SCAN HDFS [default.impala_tpcds_customer, RANDOM]
     HDFS partitions=1/1 files=0 size=0B
     predicates: default.impala_tpcds_customer.c_current_addr_sk IS NOT NULL, default.impala_tpcds_customer.c_customer_sk IS NOT NULL
     stored statistics:
       table: rows=0 size=0B
       columns: unavailable
     extrapolated-rows=disabled max-scan-range-rows=0
     mem-estimate=0B mem-reservation=0B thread-reservation=0
     tuple-ids=2 row-size=8B cardinality=0
     in pipelines: 01(GETNEXT)

F02:PLAN FRAGMENT [RANDOM] hosts=1 instances=1
Per-Host Resources: mem-estimate=1.95MB mem-reservation=1.94MB thread-reservation=1
  DATASTREAM SINK [FRAGMENT=F00, EXCHANGE=11, BROADCAST]
  |  mem-estimate=0B mem-reservation=0B thread-reservation=0
  05:HASH JOIN [INNER JOIN, BROADCAST]
  |  hash predicates: default.impala_tpcds_catalog_sales.cs_sold_date_sk = default.impala_tpcds_date_dim.d_date_sk
  |  fk/pk conjuncts: assumed fk/pk
  |  mem-estimate=1.94MB mem-reservation=1.94MB spill-buffer=64.00KB thread-reservation=0
  |  tuple-ids=4,6 row-size=24B cardinality=0
  |  in pipelines: 03(GETNEXT), 04(OPEN)
  |
  |--10:EXCHANGE [BROADCAST]
  |     mem-estimate=16.00KB mem-reservation=0B thread-reservation=0
  |     tuple-ids=6 row-size=12B cardinality=0
  |     in pipelines: 04(GETNEXT)
  |
  03:SCAN HDFS [default.impala_tpcds_catalog_sales, RANDOM]
     HDFS partitions=1/1 files=0 size=0B
     predicates: default.impala_tpcds_catalog_sales.cs_bill_customer_sk IS NOT NULL, default.impala_tpcds_catalog_sales.cs_sold_date_sk IS NOT NULL
     stored statistics:
       table: rows=0 size=0B
       columns: unavailable
     extrapolated-rows=disabled max-scan-range-rows=0
     mem-estimate=0B mem-reservation=0B thread-reservation=0
     tuple-ids=4 row-size=12B cardinality=0
     in pipelines: 03(GETNEXT)

F03:PLAN FRAGMENT [RANDOM] hosts=1 instances=1
Per-Host Resources: mem-estimate=0B mem-reservation=0B thread-reservation=1
  DATASTREAM SINK [FRAGMENT=F02, EXCHANGE=10, BROADCAST]
  |  mem-estimate=0B mem-reservation=0B thread-reservation=0
  04:SCAN HDFS [default.impala_tpcds_date_dim, RANDOM]
     HDFS partitions=1/1 files=0 size=0B
     predicates: default.impala_tpcds_date_dim.d_date_sk IS NOT NULL, default.impala_tpcds_date_dim.d_qoy = CAST(2 AS INT), default.impala_tpcds_date_dim.d_year = CAST(1998 AS INT)
     stored statistics:
       table: rows=0 size=0B
       columns: unavailable
     extrapolated-rows=disabled max-scan-range-rows=0
     parquet statistics predicates: default.impala_tpcds_date_dim.d_qoy = CAST(2 AS INT), default.impala_tpcds_date_dim.d_year = CAST(1998 AS INT)
     mem-estimate=0B mem-reservation=0B thread-reservation=0
     tuple-ids=6 row-size=12B cardinality=0
     in pipelines: 04(GETNEXT)


  Stage: Stage-0
    Fetch Operator
      limit: -1
      Processor Tree:
        ListSink

