PREHOOK: query: explain cbo select  i_item_id
       ,i_item_desc
       ,i_current_price
 from impala_tpcds_item, impala_tpcds_inventory, impala_tpcds_date_dim, impala_tpcds_store_sales
 where i_current_price between 49 and 49+30
 and inv_item_sk = i_item_sk
 and d_date_sk=inv_date_sk
 and d_date between cast('2001-01-28' as date) and (cast('2001-01-28' as date) +  60 days)
 and i_manufact_id in (80,675,292,17)
 and inv_quantity_on_hand between 100 and 500
 and ss_item_sk = i_item_sk
 group by i_item_id,i_item_desc,i_current_price
 order by i_item_id
 limit 100
PREHOOK: type: QUERY
PREHOOK: Input: default@impala_tpcds_date_dim
PREHOOK: Input: default@impala_tpcds_inventory
PREHOOK: Input: default@impala_tpcds_item
PREHOOK: Input: default@impala_tpcds_store_sales
PREHOOK: Output: hdfs://### HDFS PATH ###
POSTHOOK: query: explain cbo select  i_item_id
       ,i_item_desc
       ,i_current_price
 from impala_tpcds_item, impala_tpcds_inventory, impala_tpcds_date_dim, impala_tpcds_store_sales
 where i_current_price between 49 and 49+30
 and inv_item_sk = i_item_sk
 and d_date_sk=inv_date_sk
 and d_date between cast('2001-01-28' as date) and (cast('2001-01-28' as date) +  60 days)
 and i_manufact_id in (80,675,292,17)
 and inv_quantity_on_hand between 100 and 500
 and ss_item_sk = i_item_sk
 group by i_item_id,i_item_desc,i_current_price
 order by i_item_id
 limit 100
POSTHOOK: type: QUERY
POSTHOOK: Input: default@impala_tpcds_date_dim
POSTHOOK: Input: default@impala_tpcds_inventory
POSTHOOK: Input: default@impala_tpcds_item
POSTHOOK: Input: default@impala_tpcds_store_sales
POSTHOOK: Output: hdfs://### HDFS PATH ###
CBO PLAN:
ImpalaSortRel(sort0=[$0], dir0=[ASC], fetch=[100])
  ImpalaAggregateRel(group=[{1, 2, 3}])
    ImpalaJoinRel(condition=[=($6, $0)], joinType=[inner])
      ImpalaJoinRel(condition=[=($4, $0)], joinType=[inner])
        ImpalaProjectPassthroughRel(i_item_sk=[$0], i_item_id=[$1], i_item_desc=[$4], i_current_price=[$5])
          ImpalaHdfsScanRel(table=[[default, impala_tpcds_item]], condition=[AND(IN($13, 80, 675, 292, 17), BETWEEN(false, $5, 49:DECIMAL(3, 0), CAST(+(49:SMALLINT, 30:SMALLINT)):DECIMAL(5, 0) NOT NULL), IS NOT NULL($0))])
        ImpalaProjectPassthroughRel(ss_item_sk=[$1])
          ImpalaHdfsScanRel(table=[[default, impala_tpcds_store_sales]], condition=[IS NOT NULL($1)])
      ImpalaJoinRel(condition=[=($2, $0)], joinType=[inner])
        ImpalaProjectPassthroughRel(inv_date_sk=[$0], inv_item_sk=[$1])
          ImpalaHdfsScanRel(table=[[default, impala_tpcds_inventory]], condition=[AND(BETWEEN(false, $3, 100, 500), IS NOT NULL($1), IS NOT NULL($0))])
        ImpalaProjectPassthroughRel(d_date_sk=[$0])
          ImpalaHdfsScanRel(table=[[default, impala_tpcds_date_dim]], condition=[AND(BETWEEN(false, CAST($2):TIMESTAMP(9), CAST(CAST(_UTF-16LE'2001-01-28':VARCHAR(2147483647) CHARACTER SET "UTF-16LE"):DATE NOT NULL):TIMESTAMP(9) NOT NULL, +(CAST(CAST(_UTF-16LE'2001-01-28':VARCHAR(2147483647) CHARACTER SET "UTF-16LE"):DATE NOT NULL):TIMESTAMP(9) NOT NULL, 5184000000.000000:INTERVAL MILLISECOND)), IS NOT NULL($0))])

PREHOOK: query: explain select  i_item_id
       ,i_item_desc
       ,i_current_price
 from impala_tpcds_item, impala_tpcds_inventory, impala_tpcds_date_dim, impala_tpcds_store_sales
 where i_current_price between 49 and 49+30
 and inv_item_sk = i_item_sk
 and d_date_sk=inv_date_sk
 and d_date between cast('2001-01-28' as date) and (cast('2001-01-28' as date) +  60 days)
 and i_manufact_id in (80,675,292,17)
 and inv_quantity_on_hand between 100 and 500
 and ss_item_sk = i_item_sk
 group by i_item_id,i_item_desc,i_current_price
 order by i_item_id
 limit 100
PREHOOK: type: QUERY
PREHOOK: Input: default@impala_tpcds_date_dim
PREHOOK: Input: default@impala_tpcds_inventory
PREHOOK: Input: default@impala_tpcds_item
PREHOOK: Input: default@impala_tpcds_store_sales
PREHOOK: Output: hdfs://### HDFS PATH ###
POSTHOOK: query: explain select  i_item_id
       ,i_item_desc
       ,i_current_price
 from impala_tpcds_item, impala_tpcds_inventory, impala_tpcds_date_dim, impala_tpcds_store_sales
 where i_current_price between 49 and 49+30
 and inv_item_sk = i_item_sk
 and d_date_sk=inv_date_sk
 and d_date between cast('2001-01-28' as date) and (cast('2001-01-28' as date) +  60 days)
 and i_manufact_id in (80,675,292,17)
 and inv_quantity_on_hand between 100 and 500
 and ss_item_sk = i_item_sk
 group by i_item_id,i_item_desc,i_current_price
 order by i_item_id
 limit 100
POSTHOOK: type: QUERY
POSTHOOK: Input: default@impala_tpcds_date_dim
POSTHOOK: Input: default@impala_tpcds_inventory
POSTHOOK: Input: default@impala_tpcds_item
POSTHOOK: Input: default@impala_tpcds_store_sales
POSTHOOK: Output: hdfs://### HDFS PATH ###
STAGE DEPENDENCIES:
  Stage-1 is a root stage
  Stage-0 is a root stage

STAGE PLANS:
  Stage: Stage-1
    Impala
      Impala Plan: 
F05:PLAN FRAGMENT [UNPARTITIONED] hosts=1 instances=1
Per-Host Resources: mem-estimate=32.00KB mem-reservation=0B thread-reservation=1
  PLAN-ROOT SINK
  |  output exprs: default.impala_tpcds_item.i_item_id, default.impala_tpcds_item.i_item_desc, default.impala_tpcds_item.i_current_price
  |  mem-estimate=0B mem-reservation=0B thread-reservation=0
  |
  14:MERGING-EXCHANGE [UNPARTITIONED]
     order by: default.impala_tpcds_item.i_item_id ASC NULLS LAST
     limit: 100
     mem-estimate=32.00KB mem-reservation=0B thread-reservation=0
     tuple-ids=8 row-size=28B cardinality=0
     in pipelines: 08(GETNEXT)

F04:PLAN FRAGMENT [HASH(default.impala_tpcds_item.i_item_id,default.impala_tpcds_item.i_item_desc,default.impala_tpcds_item.i_current_price)] hosts=1 instances=1
Per-Host Resources: mem-estimate=128.03MB mem-reservation=34.00MB thread-reservation=1
  DATASTREAM SINK [FRAGMENT=F05, EXCHANGE=14, UNPARTITIONED]
  |  mem-estimate=0B mem-reservation=0B thread-reservation=0
  08:TOP-N [LIMIT=100]
  |  order by: default.impala_tpcds_item.i_item_id ASC NULLS LAST
  |  mem-estimate=0B mem-reservation=0B thread-reservation=0
  |  tuple-ids=8 row-size=28B cardinality=0
  |  in pipelines: 08(GETNEXT), 13(OPEN)
  |
  13:AGGREGATE [FINALIZE]
  |  group by: default.impala_tpcds_item.i_item_id, default.impala_tpcds_item.i_item_desc, default.impala_tpcds_item.i_current_price
  |  mem-estimate=128.00MB mem-reservation=34.00MB spill-buffer=2.00MB thread-reservation=0
  |  tuple-ids=7 row-size=28B cardinality=0
  |  in pipelines: 13(GETNEXT), 00(OPEN)
  |
  12:EXCHANGE [HASH(default.impala_tpcds_item.i_item_id,default.impala_tpcds_item.i_item_desc,default.impala_tpcds_item.i_current_price)]
     mem-estimate=32.00KB mem-reservation=0B thread-reservation=0
     tuple-ids=7 row-size=28B cardinality=0
     in pipelines: 00(GETNEXT)

F00:PLAN FRAGMENT [RANDOM] hosts=1 instances=1
Per-Host Resources: mem-estimate=131.93MB mem-reservation=37.88MB thread-reservation=1
  DATASTREAM SINK [FRAGMENT=F04, EXCHANGE=12, HASH(default.impala_tpcds_item.i_item_id,default.impala_tpcds_item.i_item_desc,default.impala_tpcds_item.i_current_price)]
  |  mem-estimate=0B mem-reservation=0B thread-reservation=0
  07:AGGREGATE [STREAMING]
  |  group by: default.impala_tpcds_item.i_item_id, default.impala_tpcds_item.i_item_desc, default.impala_tpcds_item.i_current_price
  |  mem-estimate=128.00MB mem-reservation=34.00MB spill-buffer=2.00MB thread-reservation=0
  |  tuple-ids=7 row-size=28B cardinality=0
  |  in pipelines: 00(GETNEXT)
  |
  06:HASH JOIN [INNER JOIN, BROADCAST]
  |  hash predicates: default.impala_tpcds_item.i_item_sk = default.impala_tpcds_inventory.inv_item_sk
  |  fk/pk conjuncts: assumed fk/pk
  |  mem-estimate=1.94MB mem-reservation=1.94MB spill-buffer=64.00KB thread-reservation=0
  |  tuple-ids=0,2,3,5 row-size=80B cardinality=0
  |  in pipelines: 00(GETNEXT), 03(OPEN)
  |
  |--11:EXCHANGE [BROADCAST]
  |     mem-estimate=40.00KB mem-reservation=0B thread-reservation=0
  |     tuple-ids=3,5 row-size=32B cardinality=0
  |     in pipelines: 03(GETNEXT)
  |
  02:HASH JOIN [INNER JOIN, BROADCAST]
  |  hash predicates: default.impala_tpcds_item.i_item_sk = default.impala_tpcds_store_sales.ss_item_sk
  |  fk/pk conjuncts: assumed fk/pk
  |  mem-estimate=1.94MB mem-reservation=1.94MB spill-buffer=64.00KB thread-reservation=0
  |  tuple-ids=0,2 row-size=48B cardinality=0
  |  in pipelines: 00(GETNEXT), 01(OPEN)
  |
  |--09:EXCHANGE [BROADCAST]
  |     mem-estimate=16.00KB mem-reservation=0B thread-reservation=0
  |     tuple-ids=2 row-size=8B cardinality=0
  |     in pipelines: 01(GETNEXT)
  |
  00:SCAN HDFS [default.impala_tpcds_item, RANDOM]
     HDFS partitions=1/1 files=0 size=0B
     predicates: default.impala_tpcds_item.i_item_sk IS NOT NULL, default.impala_tpcds_item.i_manufact_id IN (CAST(80 AS INT), CAST(675 AS INT), CAST(292 AS INT), CAST(17 AS INT)), default.impala_tpcds_item.i_current_price >= CAST(49 AS DECIMAL(3,0)) AND default.impala_tpcds_item.i_current_price <= casttodecimal(add(CAST(49 AS SMALLINT), CAST(30 AS SMALLINT)))
     stored statistics:
       table: rows=0 size=0B
       columns: unavailable
     extrapolated-rows=disabled max-scan-range-rows=0
     parquet statistics predicates: default.impala_tpcds_item.i_manufact_id IN (CAST(80 AS INT), CAST(675 AS INT), CAST(292 AS INT), CAST(17 AS INT))
     mem-estimate=0B mem-reservation=0B thread-reservation=0
     tuple-ids=0 row-size=40B cardinality=0
     in pipelines: 00(GETNEXT)

F01:PLAN FRAGMENT [RANDOM] hosts=1 instances=1
Per-Host Resources: mem-estimate=0B mem-reservation=0B thread-reservation=1
  DATASTREAM SINK [FRAGMENT=F00, EXCHANGE=09, BROADCAST]
  |  mem-estimate=0B mem-reservation=0B thread-reservation=0
  01:SCAN HDFS [default.impala_tpcds_store_sales, RANDOM]
     partitions=0/0 files=0 size=0B
     predicates: default.impala_tpcds_store_sales.ss_item_sk IS NOT NULL
     stored statistics:
       table: rows=unavailable size=unavailable
       partitions: 0/0 rows=unavailable
       columns: unavailable
     extrapolated-rows=disabled max-scan-range-rows=0
     mem-estimate=0B mem-reservation=0B thread-reservation=0
     tuple-ids=2 row-size=8B cardinality=0
     in pipelines: 01(GETNEXT)

F02:PLAN FRAGMENT [RANDOM] hosts=1 instances=1
Per-Host Resources: mem-estimate=1.96MB mem-reservation=1.94MB thread-reservation=1
  DATASTREAM SINK [FRAGMENT=F00, EXCHANGE=11, BROADCAST]
  |  mem-estimate=0B mem-reservation=0B thread-reservation=0
  05:HASH JOIN [INNER JOIN, BROADCAST]
  |  hash predicates: default.impala_tpcds_inventory.inv_date_sk = default.impala_tpcds_date_dim.d_date_sk
  |  fk/pk conjuncts: assumed fk/pk
  |  mem-estimate=1.94MB mem-reservation=1.94MB spill-buffer=64.00KB thread-reservation=0
  |  tuple-ids=3,5 row-size=32B cardinality=0
  |  in pipelines: 03(GETNEXT), 04(OPEN)
  |
  |--10:EXCHANGE [BROADCAST]
  |     mem-estimate=20.00KB mem-reservation=0B thread-reservation=0
  |     tuple-ids=5 row-size=16B cardinality=0
  |     in pipelines: 04(GETNEXT)
  |
  03:SCAN HDFS [default.impala_tpcds_inventory, RANDOM]
     HDFS partitions=1/1 files=0 size=0B
     predicates: default.impala_tpcds_inventory.inv_date_sk IS NOT NULL, default.impala_tpcds_inventory.inv_item_sk IS NOT NULL, default.impala_tpcds_inventory.inv_quantity_on_hand >= CAST(100 AS INT) AND default.impala_tpcds_inventory.inv_quantity_on_hand <= CAST(500 AS INT)
     stored statistics:
       table: rows=0 size=0B
       columns: unavailable
     extrapolated-rows=disabled max-scan-range-rows=0
     mem-estimate=0B mem-reservation=0B thread-reservation=0
     tuple-ids=3 row-size=16B cardinality=0
     in pipelines: 03(GETNEXT)

F03:PLAN FRAGMENT [RANDOM] hosts=1 instances=1
Per-Host Resources: mem-estimate=0B mem-reservation=0B thread-reservation=1
  DATASTREAM SINK [FRAGMENT=F02, EXCHANGE=10, BROADCAST]
  |  mem-estimate=0B mem-reservation=0B thread-reservation=0
  04:SCAN HDFS [default.impala_tpcds_date_dim, RANDOM]
     HDFS partitions=1/1 files=0 size=0B
     predicates: default.impala_tpcds_date_dim.d_date_sk IS NOT NULL, casttotimestamp(default.impala_tpcds_date_dim.d_date) >= casttotimestamp(casttodate('2001-01-28')) AND casttotimestamp(default.impala_tpcds_date_dim.d_date) <= MILLISECONDS_ADD(casttotimestamp(casttodate('2001-01-28')), INTERVAL CAST(5184000000 AS BIGINT) MILLISECOND)
     stored statistics:
       table: rows=0 size=0B
       columns: unavailable
     extrapolated-rows=disabled max-scan-range-rows=0
     mem-estimate=0B mem-reservation=0B thread-reservation=0
     tuple-ids=5 row-size=16B cardinality=0
     in pipelines: 04(GETNEXT)


  Stage: Stage-0
    Fetch Operator
      limit: -1
      Processor Tree:
        ListSink

