PREHOOK: query: explain cbo select  
  cd_gender,
  cd_marital_status,
  cd_education_status,
  count(*) cnt1,
  cd_purchase_estimate,
  count(*) cnt2,
  cd_credit_rating,
  count(*) cnt3
 from
  impala_tpcds_customer c,impala_tpcds_customer_address ca,impala_tpcds_customer_demographics
 where
  c.c_current_addr_sk = ca.ca_address_sk and
  ca_state in ('MO','MN','AZ') and
  cd_demo_sk = c.c_current_cdemo_sk and 
  exists (select *
          from impala_tpcds_store_sales,impala_tpcds_date_dim
          where c.c_customer_sk = ss_customer_sk and
                ss_sold_date_sk = d_date_sk and
                d_year = 2003 and
                d_moy between 2 and 2+2) and
   (not exists (select *
            from impala_tpcds_web_sales,impala_tpcds_date_dim
            where c.c_customer_sk = ws_bill_customer_sk and
                  ws_sold_date_sk = d_date_sk and
                  d_year = 2003 and
                  d_moy between 2 and 2+2) and
    not exists (select * 
            from impala_tpcds_catalog_sales,impala_tpcds_date_dim
            where c.c_customer_sk = cs_ship_customer_sk and
                  cs_sold_date_sk = d_date_sk and
                  d_year = 2003 and
                  d_moy between 2 and 2+2))
 group by cd_gender,
          cd_marital_status,
          cd_education_status,
          cd_purchase_estimate,
          cd_credit_rating
 order by cd_gender,
          cd_marital_status,
          cd_education_status,
          cd_purchase_estimate,
          cd_credit_rating
 limit 100
PREHOOK: type: QUERY
PREHOOK: Input: default@impala_tpcds_catalog_sales
PREHOOK: Input: default@impala_tpcds_customer
PREHOOK: Input: default@impala_tpcds_customer_address
PREHOOK: Input: default@impala_tpcds_customer_demographics
PREHOOK: Input: default@impala_tpcds_date_dim
PREHOOK: Input: default@impala_tpcds_store_sales
PREHOOK: Input: default@impala_tpcds_web_sales
PREHOOK: Output: streaming
POSTHOOK: query: explain cbo select  
  cd_gender,
  cd_marital_status,
  cd_education_status,
  count(*) cnt1,
  cd_purchase_estimate,
  count(*) cnt2,
  cd_credit_rating,
  count(*) cnt3
 from
  impala_tpcds_customer c,impala_tpcds_customer_address ca,impala_tpcds_customer_demographics
 where
  c.c_current_addr_sk = ca.ca_address_sk and
  ca_state in ('MO','MN','AZ') and
  cd_demo_sk = c.c_current_cdemo_sk and 
  exists (select *
          from impala_tpcds_store_sales,impala_tpcds_date_dim
          where c.c_customer_sk = ss_customer_sk and
                ss_sold_date_sk = d_date_sk and
                d_year = 2003 and
                d_moy between 2 and 2+2) and
   (not exists (select *
            from impala_tpcds_web_sales,impala_tpcds_date_dim
            where c.c_customer_sk = ws_bill_customer_sk and
                  ws_sold_date_sk = d_date_sk and
                  d_year = 2003 and
                  d_moy between 2 and 2+2) and
    not exists (select * 
            from impala_tpcds_catalog_sales,impala_tpcds_date_dim
            where c.c_customer_sk = cs_ship_customer_sk and
                  cs_sold_date_sk = d_date_sk and
                  d_year = 2003 and
                  d_moy between 2 and 2+2))
 group by cd_gender,
          cd_marital_status,
          cd_education_status,
          cd_purchase_estimate,
          cd_credit_rating
 order by cd_gender,
          cd_marital_status,
          cd_education_status,
          cd_purchase_estimate,
          cd_credit_rating
 limit 100
POSTHOOK: type: QUERY
POSTHOOK: Input: default@impala_tpcds_catalog_sales
POSTHOOK: Input: default@impala_tpcds_customer
POSTHOOK: Input: default@impala_tpcds_customer_address
POSTHOOK: Input: default@impala_tpcds_customer_demographics
POSTHOOK: Input: default@impala_tpcds_date_dim
POSTHOOK: Input: default@impala_tpcds_store_sales
POSTHOOK: Input: default@impala_tpcds_web_sales
CBO PLAN:
ImpalaSortRel(sort0=[$0], sort1=[$1], sort2=[$2], sort3=[$4], sort4=[$6], dir0=[ASC], dir1=[ASC], dir2=[ASC], dir3=[ASC], dir4=[ASC], fetch=[100])
  ImpalaProjectRel(cd_gender=[$0], cd_marital_status=[$1], cd_education_status=[$2], cnt1=[$5], cd_purchase_estimate=[$3], cnt2=[$5], cd_credit_rating=[$4], cnt3=[$5])
    ImpalaAggregateRel(group=[{6, 7, 8, 9, 10}], agg#0=[count()])
      ImpalaJoinRel(condition=[=($0, $14)], joinType=[left])
        ImpalaJoinRel(condition=[=($0, $12)], joinType=[left])
          ImpalaJoinRel(condition=[=($0, $11)], joinType=[semi])
            ImpalaJoinRel(condition=[=($5, $1)], joinType=[inner])
              ImpalaJoinRel(condition=[=($2, $3)], joinType=[inner])
                ImpalaProjectPassthroughRel(c_customer_sk=[$0], c_current_cdemo_sk=[$2], c_current_addr_sk=[$4])
                  ImpalaHdfsScanRel(table=[[default, impala_tpcds_customer]], condition=[AND(IS NOT NULL($0), IS NOT NULL($2), IS NOT NULL($4))])
                ImpalaProjectPassthroughRel(ca_address_sk=[$0], ca_state=[$8])
                  ImpalaHdfsScanRel(table=[[default, impala_tpcds_customer_address]], condition=[AND(IN($8, _UTF-16LE'MO':VARCHAR(2147483647) CHARACTER SET "UTF-16LE", _UTF-16LE'MN':VARCHAR(2147483647) CHARACTER SET "UTF-16LE", _UTF-16LE'AZ':VARCHAR(2147483647) CHARACTER SET "UTF-16LE"), IS NOT NULL($0))])
              ImpalaProjectPassthroughRel(cd_demo_sk=[$0], cd_gender=[$1], cd_marital_status=[$2], cd_education_status=[$3], cd_purchase_estimate=[$4], cd_credit_rating=[$5])
                ImpalaHdfsScanRel(table=[[default, impala_tpcds_customer_demographics]], condition=[IS NOT NULL($0)])
            ImpalaProjectPassthroughRel(ss_customer_sk0=[$0])
              ImpalaJoinRel(condition=[=($1, $2)], joinType=[inner])
                ImpalaProjectPassthroughRel(ss_customer_sk=[$2], ss_sold_date_sk=[$22])
                  ImpalaHdfsScanRel(table=[[default, impala_tpcds_store_sales]], condition=[AND(IS NOT NULL($2), IS NOT NULL($22))])
                ImpalaProjectPassthroughRel(d_date_sk=[$0])
                  ImpalaHdfsScanRel(table=[[default, impala_tpcds_date_dim]], condition=[AND(BETWEEN(false, $8, 2, CAST(+(2:SMALLINT, 2:SMALLINT)):INTEGER), =($6, 2003), IS NOT NULL($0))])
          ImpalaProjectPassthroughRel(literalTrue=[true], ws_bill_customer_sk0=[$0])
            ImpalaAggregateRel(group=[{1}])
              ImpalaJoinRel(condition=[=($0, $2)], joinType=[inner])
                ImpalaProjectPassthroughRel(ws_sold_date_sk=[$0], ws_bill_customer_sk=[$4])
                  ImpalaHdfsScanRel(table=[[default, impala_tpcds_web_sales]], condition=[AND(IS NOT NULL($4), IS NOT NULL($0))])
                ImpalaProjectPassthroughRel(d_date_sk=[$0])
                  ImpalaHdfsScanRel(table=[[default, impala_tpcds_date_dim]], condition=[AND(BETWEEN(false, $8, 2, CAST(+(2:SMALLINT, 2:SMALLINT)):INTEGER), =($6, 2003), IS NOT NULL($0))])
        ImpalaProjectPassthroughRel(literalTrue=[true], cs_ship_customer_sk0=[$0])
          ImpalaAggregateRel(group=[{1}])
            ImpalaJoinRel(condition=[=($0, $2)], joinType=[inner])
              ImpalaProjectPassthroughRel(cs_sold_date_sk=[$0], cs_ship_customer_sk=[$7])
                ImpalaHdfsScanRel(table=[[default, impala_tpcds_catalog_sales]], condition=[AND(IS NOT NULL($7), IS NOT NULL($0))])
              ImpalaProjectPassthroughRel(d_date_sk=[$0])
                ImpalaHdfsScanRel(table=[[default, impala_tpcds_date_dim]], condition=[AND(BETWEEN(false, $8, 2, CAST(+(2:SMALLINT, 2:SMALLINT)):INTEGER), =($6, 2003), IS NOT NULL($0))])

PREHOOK: query: explain select  
  cd_gender,
  cd_marital_status,
  cd_education_status,
  count(*) cnt1,
  cd_purchase_estimate,
  count(*) cnt2,
  cd_credit_rating,
  count(*) cnt3
 from
  impala_tpcds_customer c,impala_tpcds_customer_address ca,impala_tpcds_customer_demographics
 where
  c.c_current_addr_sk = ca.ca_address_sk and
  ca_state in ('MO','MN','AZ') and
  cd_demo_sk = c.c_current_cdemo_sk and 
  exists (select *
          from impala_tpcds_store_sales,impala_tpcds_date_dim
          where c.c_customer_sk = ss_customer_sk and
                ss_sold_date_sk = d_date_sk and
                d_year = 2003 and
                d_moy between 2 and 2+2) and
   (not exists (select *
            from impala_tpcds_web_sales,impala_tpcds_date_dim
            where c.c_customer_sk = ws_bill_customer_sk and
                  ws_sold_date_sk = d_date_sk and
                  d_year = 2003 and
                  d_moy between 2 and 2+2) and
    not exists (select * 
            from impala_tpcds_catalog_sales,impala_tpcds_date_dim
            where c.c_customer_sk = cs_ship_customer_sk and
                  cs_sold_date_sk = d_date_sk and
                  d_year = 2003 and
                  d_moy between 2 and 2+2))
 group by cd_gender,
          cd_marital_status,
          cd_education_status,
          cd_purchase_estimate,
          cd_credit_rating
 order by cd_gender,
          cd_marital_status,
          cd_education_status,
          cd_purchase_estimate,
          cd_credit_rating
 limit 100
PREHOOK: type: QUERY
PREHOOK: Input: default@impala_tpcds_catalog_sales
PREHOOK: Input: default@impala_tpcds_customer
PREHOOK: Input: default@impala_tpcds_customer_address
PREHOOK: Input: default@impala_tpcds_customer_demographics
PREHOOK: Input: default@impala_tpcds_date_dim
PREHOOK: Input: default@impala_tpcds_store_sales
PREHOOK: Input: default@impala_tpcds_web_sales
PREHOOK: Output: streaming
POSTHOOK: query: explain select  
  cd_gender,
  cd_marital_status,
  cd_education_status,
  count(*) cnt1,
  cd_purchase_estimate,
  count(*) cnt2,
  cd_credit_rating,
  count(*) cnt3
 from
  impala_tpcds_customer c,impala_tpcds_customer_address ca,impala_tpcds_customer_demographics
 where
  c.c_current_addr_sk = ca.ca_address_sk and
  ca_state in ('MO','MN','AZ') and
  cd_demo_sk = c.c_current_cdemo_sk and 
  exists (select *
          from impala_tpcds_store_sales,impala_tpcds_date_dim
          where c.c_customer_sk = ss_customer_sk and
                ss_sold_date_sk = d_date_sk and
                d_year = 2003 and
                d_moy between 2 and 2+2) and
   (not exists (select *
            from impala_tpcds_web_sales,impala_tpcds_date_dim
            where c.c_customer_sk = ws_bill_customer_sk and
                  ws_sold_date_sk = d_date_sk and
                  d_year = 2003 and
                  d_moy between 2 and 2+2) and
    not exists (select * 
            from impala_tpcds_catalog_sales,impala_tpcds_date_dim
            where c.c_customer_sk = cs_ship_customer_sk and
                  cs_sold_date_sk = d_date_sk and
                  d_year = 2003 and
                  d_moy between 2 and 2+2))
 group by cd_gender,
          cd_marital_status,
          cd_education_status,
          cd_purchase_estimate,
          cd_credit_rating
 order by cd_gender,
          cd_marital_status,
          cd_education_status,
          cd_purchase_estimate,
          cd_credit_rating
 limit 100
POSTHOOK: type: QUERY
POSTHOOK: Input: default@impala_tpcds_catalog_sales
POSTHOOK: Input: default@impala_tpcds_customer
POSTHOOK: Input: default@impala_tpcds_customer_address
POSTHOOK: Input: default@impala_tpcds_customer_demographics
POSTHOOK: Input: default@impala_tpcds_date_dim
POSTHOOK: Input: default@impala_tpcds_store_sales
POSTHOOK: Input: default@impala_tpcds_web_sales
STAGE DEPENDENCIES:
  Stage-1 is a root stage
  Stage-0 is a root stage

STAGE PLANS:
  Stage: Stage-1
    Impala
      Impala Plan: 
F13:PLAN FRAGMENT [UNPARTITIONED] hosts=1 instances=1
Per-Host Resources: mem-estimate=80.00KB mem-reservation=0B thread-reservation=1
  PLAN-ROOT SINK
  |  output exprs: default.impala_tpcds_customer_demographics.cd_gender, default.impala_tpcds_customer_demographics.cd_marital_status, default.impala_tpcds_customer_demographics.cd_education_status, _impala_builtins.count(*), default.impala_tpcds_customer_demographics.cd_purchase_estimate, _impala_builtins.count(*), default.impala_tpcds_customer_demographics.cd_credit_rating, _impala_builtins.count(*)
  |  mem-estimate=0B mem-reservation=0B thread-reservation=0
  |
  36:MERGING-EXCHANGE [UNPARTITIONED]
     order by: default.impala_tpcds_customer_demographics.cd_gender ASC NULLS LAST, default.impala_tpcds_customer_demographics.cd_marital_status ASC NULLS LAST, default.impala_tpcds_customer_demographics.cd_education_status ASC NULLS LAST, default.impala_tpcds_customer_demographics.cd_purchase_estimate ASC NULLS LAST, default.impala_tpcds_customer_demographics.cd_credit_rating ASC NULLS LAST
     limit: 100
     mem-estimate=80.00KB mem-reservation=0B thread-reservation=0
     tuple-ids=21 row-size=76B cardinality=0
     in pipelines: 21(GETNEXT)

F12:PLAN FRAGMENT [RANDOM] hosts=1 instances=1
Per-Host Resources: mem-estimate=128.06MB mem-reservation=34.00MB thread-reservation=1
  DATASTREAM SINK [FRAGMENT=F13, EXCHANGE=36, UNPARTITIONED]
  |  mem-estimate=0B mem-reservation=0B thread-reservation=0
  21:TOP-N [LIMIT=100]
  |  order by: default.impala_tpcds_customer_demographics.cd_gender ASC NULLS LAST, default.impala_tpcds_customer_demographics.cd_marital_status ASC NULLS LAST, default.impala_tpcds_customer_demographics.cd_education_status ASC NULLS LAST, default.impala_tpcds_customer_demographics.cd_purchase_estimate ASC NULLS LAST, default.impala_tpcds_customer_demographics.cd_credit_rating ASC NULLS LAST
  |  mem-estimate=0B mem-reservation=0B thread-reservation=0
  |  tuple-ids=21 row-size=76B cardinality=0
  |  in pipelines: 21(GETNEXT), 35(OPEN)
  |
  00:UNION
  |  mem-estimate=0B mem-reservation=0B thread-reservation=0
  |  tuple-ids=20 row-size=76B cardinality=0
  |  in pipelines: 35(GETNEXT)
  |
  35:AGGREGATE [FINALIZE]
  |  output: _impala_builtins.count:merge(*)
  |  group by: default.impala_tpcds_customer_demographics.cd_gender, default.impala_tpcds_customer_demographics.cd_marital_status, default.impala_tpcds_customer_demographics.cd_education_status, default.impala_tpcds_customer_demographics.cd_purchase_estimate, default.impala_tpcds_customer_demographics.cd_credit_rating
  |  mem-estimate=128.00MB mem-reservation=34.00MB spill-buffer=2.00MB thread-reservation=0
  |  tuple-ids=19 row-size=60B cardinality=0
  |  in pipelines: 35(GETNEXT), 01(OPEN)
  |
  34:EXCHANGE [HASH(default.impala_tpcds_customer_demographics.cd_gender,default.impala_tpcds_customer_demographics.cd_marital_status,default.impala_tpcds_customer_demographics.cd_education_status,default.impala_tpcds_customer_demographics.cd_purchase_estimate,default.impala_tpcds_customer_demographics.cd_credit_rating)]
     mem-estimate=64.00KB mem-reservation=0B thread-reservation=0
     tuple-ids=19 row-size=60B cardinality=0
     in pipelines: 01(GETNEXT)

F00:PLAN FRAGMENT [RANDOM] hosts=1 instances=1
Per-Host Resources: mem-estimate=137.82MB mem-reservation=43.69MB thread-reservation=1
  DATASTREAM SINK [FRAGMENT=F12, EXCHANGE=34, HASH(default.impala_tpcds_customer_demographics.cd_gender,default.impala_tpcds_customer_demographics.cd_marital_status,default.impala_tpcds_customer_demographics.cd_education_status,default.impala_tpcds_customer_demographics.cd_purchase_estimate,default.impala_tpcds_customer_demographics.cd_credit_rating)]
  |  mem-estimate=0B mem-reservation=0B thread-reservation=0
  20:AGGREGATE [STREAMING]
  |  output: count(*)
  |  group by: default.impala_tpcds_customer_demographics.cd_gender, default.impala_tpcds_customer_demographics.cd_marital_status, default.impala_tpcds_customer_demographics.cd_education_status, default.impala_tpcds_customer_demographics.cd_purchase_estimate, default.impala_tpcds_customer_demographics.cd_credit_rating
  |  mem-estimate=128.00MB mem-reservation=34.00MB spill-buffer=2.00MB thread-reservation=0
  |  tuple-ids=19 row-size=60B cardinality=0
  |  in pipelines: 01(GETNEXT)
  |
  19:HASH JOIN [LEFT OUTER JOIN, BROADCAST]
  |  hash predicates: c.c_customer_sk = default.impala_tpcds_catalog_sales.cs_ship_customer_sk
  |  fk/pk conjuncts: assumed fk/pk
  |  other predicates: _impala_builtins.if(TupleIsNull(18), NULL, TRUE) IS NULL
  |  mem-estimate=1.94MB mem-reservation=1.94MB spill-buffer=64.00KB thread-reservation=0
  |  tuple-ids=0,2,4,13N,18N row-size=92B cardinality=0
  |  in pipelines: 01(GETNEXT), 32(OPEN)
  |
  |--33:EXCHANGE [BROADCAST]
  |     mem-estimate=16.00KB mem-reservation=0B thread-reservation=0
  |     tuple-ids=18 row-size=4B cardinality=0
  |     in pipelines: 32(GETNEXT)
  |
  14:HASH JOIN [LEFT OUTER JOIN, BROADCAST]
  |  hash predicates: c.c_customer_sk = default.impala_tpcds_web_sales.ws_bill_customer_sk
  |  fk/pk conjuncts: assumed fk/pk
  |  other predicates: _impala_builtins.if(TupleIsNull(13), NULL, TRUE) IS NULL
  |  mem-estimate=1.94MB mem-reservation=1.94MB spill-buffer=64.00KB thread-reservation=0
  |  tuple-ids=0,2,4,13N row-size=88B cardinality=0
  |  in pipelines: 01(GETNEXT), 28(OPEN)
  |
  |--29:EXCHANGE [BROADCAST]
  |     mem-estimate=16.00KB mem-reservation=0B thread-reservation=0
  |     tuple-ids=13 row-size=4B cardinality=0
  |     in pipelines: 28(GETNEXT)
  |
  09:HASH JOIN [LEFT SEMI JOIN, BROADCAST]
  |  hash predicates: c.c_customer_sk = default.impala_tpcds_store_sales.ss_customer_sk
  |  mem-estimate=1.94MB mem-reservation=1.94MB spill-buffer=64.00KB thread-reservation=0
  |  tuple-ids=0,2,4 row-size=84B cardinality=0
  |  in pipelines: 01(GETNEXT), 06(OPEN)
  |
  |--25:EXCHANGE [BROADCAST]
  |     mem-estimate=28.00KB mem-reservation=0B thread-reservation=0
  |     tuple-ids=6,7 row-size=20B cardinality=0
  |     in pipelines: 06(GETNEXT)
  |
  05:HASH JOIN [INNER JOIN, BROADCAST]
  |  hash predicates: c.c_current_cdemo_sk = default.impala_tpcds_customer_demographics.cd_demo_sk
  |  fk/pk conjuncts: assumed fk/pk
  |  mem-estimate=1.94MB mem-reservation=1.94MB spill-buffer=64.00KB thread-reservation=0
  |  tuple-ids=0,2,4 row-size=84B cardinality=0
  |  in pipelines: 01(GETNEXT), 04(OPEN)
  |
  |--23:EXCHANGE [BROADCAST]
  |     mem-estimate=60.00KB mem-reservation=0B thread-reservation=0
  |     tuple-ids=4 row-size=56B cardinality=0
  |     in pipelines: 04(GETNEXT)
  |
  03:HASH JOIN [INNER JOIN, BROADCAST]
  |  hash predicates: c.c_current_addr_sk = ca.ca_address_sk
  |  fk/pk conjuncts: assumed fk/pk
  |  mem-estimate=1.94MB mem-reservation=1.94MB spill-buffer=64.00KB thread-reservation=0
  |  tuple-ids=0,2 row-size=28B cardinality=0
  |  in pipelines: 01(GETNEXT), 02(OPEN)
  |
  |--22:EXCHANGE [BROADCAST]
  |     mem-estimate=20.00KB mem-reservation=0B thread-reservation=0
  |     tuple-ids=2 row-size=16B cardinality=0
  |     in pipelines: 02(GETNEXT)
  |
  01:SCAN HDFS [default.impala_tpcds_customer c, RANDOM]
     HDFS partitions=1/1 files=0 size=0B
     predicates: c.c_current_addr_sk IS NOT NULL, c.c_current_cdemo_sk IS NOT NULL, c.c_customer_sk IS NOT NULL
     stored statistics:
       table: rows=unavailable size=unavailable
       columns: unavailable
     extrapolated-rows=disabled max-scan-range-rows=0
     mem-estimate=0B mem-reservation=0B thread-reservation=0
     tuple-ids=0 row-size=12B cardinality=0
     in pipelines: 01(GETNEXT)

F01:PLAN FRAGMENT [RANDOM] hosts=1 instances=1
Per-Host Resources: mem-estimate=0B mem-reservation=0B thread-reservation=1
  DATASTREAM SINK [FRAGMENT=F00, EXCHANGE=22, BROADCAST]
  |  mem-estimate=0B mem-reservation=0B thread-reservation=0
  02:SCAN HDFS [default.impala_tpcds_customer_address ca, RANDOM]
     HDFS partitions=1/1 files=0 size=0B
     predicates: ca.ca_address_sk IS NOT NULL, ca.ca_state IN ('MO', 'MN', 'AZ')
     stored statistics:
       table: rows=unavailable size=unavailable
       columns: unavailable
     extrapolated-rows=disabled max-scan-range-rows=0
     parquet statistics predicates: ca.ca_state IN ('MO', 'MN', 'AZ')
     mem-estimate=0B mem-reservation=0B thread-reservation=0
     tuple-ids=2 row-size=16B cardinality=0
     in pipelines: 02(GETNEXT)

F02:PLAN FRAGMENT [RANDOM] hosts=1 instances=1
Per-Host Resources: mem-estimate=0B mem-reservation=0B thread-reservation=1
  DATASTREAM SINK [FRAGMENT=F00, EXCHANGE=23, BROADCAST]
  |  mem-estimate=0B mem-reservation=0B thread-reservation=0
  04:SCAN HDFS [default.impala_tpcds_customer_demographics, RANDOM]
     HDFS partitions=1/1 files=0 size=0B
     predicates: default.impala_tpcds_customer_demographics.cd_demo_sk IS NOT NULL
     stored statistics:
       table: rows=unavailable size=unavailable
       columns: unavailable
     extrapolated-rows=disabled max-scan-range-rows=0
     mem-estimate=0B mem-reservation=0B thread-reservation=0
     tuple-ids=4 row-size=56B cardinality=0
     in pipelines: 04(GETNEXT)

F03:PLAN FRAGMENT [RANDOM] hosts=1 instances=1
Per-Host Resources: mem-estimate=1.95MB mem-reservation=1.94MB thread-reservation=1
  DATASTREAM SINK [FRAGMENT=F00, EXCHANGE=25, BROADCAST]
  |  mem-estimate=0B mem-reservation=0B thread-reservation=0
  08:HASH JOIN [INNER JOIN, BROADCAST]
  |  hash predicates: default.impala_tpcds_store_sales.ss_sold_date_sk = default.impala_tpcds_date_dim.d_date_sk
  |  fk/pk conjuncts: assumed fk/pk
  |  mem-estimate=1.94MB mem-reservation=1.94MB spill-buffer=64.00KB thread-reservation=0
  |  tuple-ids=6,7 row-size=20B cardinality=0
  |  in pipelines: 06(GETNEXT), 07(OPEN)
  |
  |--24:EXCHANGE [BROADCAST]
  |     mem-estimate=16.00KB mem-reservation=0B thread-reservation=0
  |     tuple-ids=7 row-size=12B cardinality=0
  |     in pipelines: 07(GETNEXT)
  |
  06:SCAN HDFS [default.impala_tpcds_store_sales, RANDOM]
     partition predicates: default.impala_tpcds_store_sales.ss_sold_date_sk IS NOT NULL
     partitions=0/0 files=0 size=0B
     predicates: default.impala_tpcds_store_sales.ss_customer_sk IS NOT NULL
     stored statistics:
       table: rows=unavailable size=unavailable
       partitions: 0/0 rows=unavailable
       columns missing stats: ss_customer_sk
     extrapolated-rows=disabled max-scan-range-rows=0
     mem-estimate=0B mem-reservation=0B thread-reservation=0
     tuple-ids=6 row-size=8B cardinality=0
     in pipelines: 06(GETNEXT)

F04:PLAN FRAGMENT [RANDOM] hosts=1 instances=1
Per-Host Resources: mem-estimate=0B mem-reservation=0B thread-reservation=1
  DATASTREAM SINK [FRAGMENT=F03, EXCHANGE=24, BROADCAST]
  |  mem-estimate=0B mem-reservation=0B thread-reservation=0
  07:SCAN HDFS [default.impala_tpcds_date_dim, RANDOM]
     HDFS partitions=1/1 files=0 size=0B
     predicates: default.impala_tpcds_date_dim.d_date_sk IS NOT NULL, default.impala_tpcds_date_dim.d_year = CAST(2003 AS INT), default.impala_tpcds_date_dim.d_moy >= CAST(2 AS INT) AND default.impala_tpcds_date_dim.d_moy <= casttoint(add(CAST(2 AS SMALLINT), CAST(2 AS SMALLINT)))
     stored statistics:
       table: rows=unavailable size=unavailable
       columns: unavailable
     extrapolated-rows=disabled max-scan-range-rows=0
     parquet statistics predicates: default.impala_tpcds_date_dim.d_year = CAST(2003 AS INT)
     mem-estimate=0B mem-reservation=0B thread-reservation=0
     tuple-ids=7 row-size=12B cardinality=0
     in pipelines: 07(GETNEXT)

F07:PLAN FRAGMENT [HASH(default.impala_tpcds_web_sales.ws_bill_customer_sk)] hosts=1 instances=1
Per-Host Resources: mem-estimate=128.02MB mem-reservation=34.00MB thread-reservation=1
  DATASTREAM SINK [FRAGMENT=F00, EXCHANGE=29, BROADCAST]
  |  mem-estimate=0B mem-reservation=0B thread-reservation=0
  28:AGGREGATE [FINALIZE]
  |  group by: default.impala_tpcds_web_sales.ws_bill_customer_sk
  |  mem-estimate=128.00MB mem-reservation=34.00MB spill-buffer=2.00MB thread-reservation=0
  |  tuple-ids=13 row-size=4B cardinality=0
  |  in pipelines: 28(GETNEXT), 10(OPEN)
  |
  27:EXCHANGE [HASH(default.impala_tpcds_web_sales.ws_bill_customer_sk)]
     mem-estimate=16.00KB mem-reservation=0B thread-reservation=0
     tuple-ids=13 row-size=4B cardinality=0
     in pipelines: 10(GETNEXT)

F05:PLAN FRAGMENT [RANDOM] hosts=1 instances=1
Per-Host Resources: mem-estimate=129.95MB mem-reservation=35.94MB thread-reservation=1
  DATASTREAM SINK [FRAGMENT=F07, EXCHANGE=27, HASH(default.impala_tpcds_web_sales.ws_bill_customer_sk)]
  |  mem-estimate=0B mem-reservation=0B thread-reservation=0
  13:AGGREGATE [STREAMING]
  |  group by: default.impala_tpcds_web_sales.ws_bill_customer_sk
  |  mem-estimate=128.00MB mem-reservation=34.00MB spill-buffer=2.00MB thread-reservation=0
  |  tuple-ids=13 row-size=4B cardinality=0
  |  in pipelines: 10(GETNEXT)
  |
  12:HASH JOIN [INNER JOIN, BROADCAST]
  |  hash predicates: default.impala_tpcds_web_sales.ws_sold_date_sk = default.impala_tpcds_date_dim_0.d_date_sk
  |  fk/pk conjuncts: assumed fk/pk
  |  mem-estimate=1.94MB mem-reservation=1.94MB spill-buffer=64.00KB thread-reservation=0
  |  tuple-ids=9,11 row-size=20B cardinality=0
  |  in pipelines: 10(GETNEXT), 11(OPEN)
  |
  |--26:EXCHANGE [BROADCAST]
  |     mem-estimate=16.00KB mem-reservation=0B thread-reservation=0
  |     tuple-ids=11 row-size=12B cardinality=0
  |     in pipelines: 11(GETNEXT)
  |
  10:SCAN HDFS [default.impala_tpcds_web_sales, RANDOM]
     HDFS partitions=1/1 files=0 size=0B
     predicates: default.impala_tpcds_web_sales.ws_bill_customer_sk IS NOT NULL, default.impala_tpcds_web_sales.ws_sold_date_sk IS NOT NULL
     stored statistics:
       table: rows=unavailable size=unavailable
       columns: unavailable
     extrapolated-rows=disabled max-scan-range-rows=0
     mem-estimate=0B mem-reservation=0B thread-reservation=0
     tuple-ids=9 row-size=8B cardinality=0
     in pipelines: 10(GETNEXT)

F06:PLAN FRAGMENT [RANDOM] hosts=1 instances=1
Per-Host Resources: mem-estimate=0B mem-reservation=0B thread-reservation=1
  DATASTREAM SINK [FRAGMENT=F05, EXCHANGE=26, BROADCAST]
  |  mem-estimate=0B mem-reservation=0B thread-reservation=0
  11:SCAN HDFS [default.impala_tpcds_date_dim, RANDOM]
     HDFS partitions=1/1 files=0 size=0B
     predicates: default.impala_tpcds_date_dim_0.d_date_sk IS NOT NULL, default.impala_tpcds_date_dim_0.d_year = CAST(2003 AS INT), default.impala_tpcds_date_dim_0.d_moy >= CAST(2 AS INT) AND default.impala_tpcds_date_dim_0.d_moy <= casttoint(add(CAST(2 AS SMALLINT), CAST(2 AS SMALLINT)))
     stored statistics:
       table: rows=unavailable size=unavailable
       columns: unavailable
     extrapolated-rows=disabled max-scan-range-rows=0
     parquet statistics predicates: default.impala_tpcds_date_dim_0.d_year = CAST(2003 AS INT)
     mem-estimate=0B mem-reservation=0B thread-reservation=0
     tuple-ids=11 row-size=12B cardinality=0
     in pipelines: 11(GETNEXT)

F10:PLAN FRAGMENT [HASH(default.impala_tpcds_catalog_sales.cs_ship_customer_sk)] hosts=1 instances=1
Per-Host Resources: mem-estimate=128.02MB mem-reservation=34.00MB thread-reservation=1
  DATASTREAM SINK [FRAGMENT=F00, EXCHANGE=33, BROADCAST]
  |  mem-estimate=0B mem-reservation=0B thread-reservation=0
  32:AGGREGATE [FINALIZE]
  |  group by: default.impala_tpcds_catalog_sales.cs_ship_customer_sk
  |  mem-estimate=128.00MB mem-reservation=34.00MB spill-buffer=2.00MB thread-reservation=0
  |  tuple-ids=18 row-size=4B cardinality=0
  |  in pipelines: 32(GETNEXT), 15(OPEN)
  |
  31:EXCHANGE [HASH(default.impala_tpcds_catalog_sales.cs_ship_customer_sk)]
     mem-estimate=16.00KB mem-reservation=0B thread-reservation=0
     tuple-ids=18 row-size=4B cardinality=0
     in pipelines: 15(GETNEXT)

F08:PLAN FRAGMENT [RANDOM] hosts=1 instances=1
Per-Host Resources: mem-estimate=129.95MB mem-reservation=35.94MB thread-reservation=1
  DATASTREAM SINK [FRAGMENT=F10, EXCHANGE=31, HASH(default.impala_tpcds_catalog_sales.cs_ship_customer_sk)]
  |  mem-estimate=0B mem-reservation=0B thread-reservation=0
  18:AGGREGATE [STREAMING]
  |  group by: default.impala_tpcds_catalog_sales.cs_ship_customer_sk
  |  mem-estimate=128.00MB mem-reservation=34.00MB spill-buffer=2.00MB thread-reservation=0
  |  tuple-ids=18 row-size=4B cardinality=0
  |  in pipelines: 15(GETNEXT)
  |
  17:HASH JOIN [INNER JOIN, BROADCAST]
  |  hash predicates: default.impala_tpcds_catalog_sales.cs_sold_date_sk = default.impala_tpcds_date_dim_1.d_date_sk
  |  fk/pk conjuncts: assumed fk/pk
  |  mem-estimate=1.94MB mem-reservation=1.94MB spill-buffer=64.00KB thread-reservation=0
  |  tuple-ids=14,16 row-size=20B cardinality=0
  |  in pipelines: 15(GETNEXT), 16(OPEN)
  |
  |--30:EXCHANGE [BROADCAST]
  |     mem-estimate=16.00KB mem-reservation=0B thread-reservation=0
  |     tuple-ids=16 row-size=12B cardinality=0
  |     in pipelines: 16(GETNEXT)
  |
  15:SCAN HDFS [default.impala_tpcds_catalog_sales, RANDOM]
     HDFS partitions=1/1 files=0 size=0B
     predicates: default.impala_tpcds_catalog_sales.cs_ship_customer_sk IS NOT NULL, default.impala_tpcds_catalog_sales.cs_sold_date_sk IS NOT NULL
     stored statistics:
       table: rows=unavailable size=unavailable
       columns: unavailable
     extrapolated-rows=disabled max-scan-range-rows=0
     mem-estimate=0B mem-reservation=0B thread-reservation=0
     tuple-ids=14 row-size=8B cardinality=0
     in pipelines: 15(GETNEXT)

F09:PLAN FRAGMENT [RANDOM] hosts=1 instances=1
Per-Host Resources: mem-estimate=0B mem-reservation=0B thread-reservation=1
  DATASTREAM SINK [FRAGMENT=F08, EXCHANGE=30, BROADCAST]
  |  mem-estimate=0B mem-reservation=0B thread-reservation=0
  16:SCAN HDFS [default.impala_tpcds_date_dim, RANDOM]
     HDFS partitions=1/1 files=0 size=0B
     predicates: default.impala_tpcds_date_dim_1.d_date_sk IS NOT NULL, default.impala_tpcds_date_dim_1.d_year = CAST(2003 AS INT), default.impala_tpcds_date_dim_1.d_moy >= CAST(2 AS INT) AND default.impala_tpcds_date_dim_1.d_moy <= casttoint(add(CAST(2 AS SMALLINT), CAST(2 AS SMALLINT)))
     stored statistics:
       table: rows=unavailable size=unavailable
       columns: unavailable
     extrapolated-rows=disabled max-scan-range-rows=0
     parquet statistics predicates: default.impala_tpcds_date_dim_1.d_year = CAST(2003 AS INT)
     mem-estimate=0B mem-reservation=0B thread-reservation=0
     tuple-ids=16 row-size=12B cardinality=0
     in pipelines: 16(GETNEXT)


  Stage: Stage-0
    Fetch Operator
      limit: -1
      Processor Tree:
        ListSink

