PREHOOK: query: explain cbo with inv as
(select w_warehouse_name,w_warehouse_sk,i_item_sk,d_moy
       ,stdev,mean, case mean when 0 then null else stdev/mean end cov
 from(select w_warehouse_name,w_warehouse_sk,i_item_sk,d_moy
            ,stddev_samp(inv_quantity_on_hand) stdev,avg(inv_quantity_on_hand) mean
      from impala_tpcds_inventory
          ,impala_tpcds_item
          ,impala_tpcds_warehouse
          ,impala_tpcds_date_dim
      where inv_item_sk = i_item_sk
        and inv_warehouse_sk = w_warehouse_sk
        and inv_date_sk = d_date_sk
        and d_year =2000
      group by w_warehouse_name,w_warehouse_sk,i_item_sk,d_moy) foo
 where case mean when 0 then 0 else stdev/mean end > 1)
select inv1.w_warehouse_sk,inv1.i_item_sk,inv1.d_moy,inv1.mean, inv1.cov
        ,inv2.w_warehouse_sk,inv2.i_item_sk,inv2.d_moy,inv2.mean, inv2.cov
from inv inv1,inv inv2
where inv1.i_item_sk = inv2.i_item_sk
  and inv1.w_warehouse_sk =  inv2.w_warehouse_sk
  and inv1.d_moy=2
  and inv2.d_moy=2+1
order by inv1.w_warehouse_sk,inv1.i_item_sk,inv1.d_moy,inv1.mean,inv1.cov
        ,inv2.d_moy,inv2.mean, inv2.cov
PREHOOK: type: QUERY
PREHOOK: Input: default@impala_tpcds_date_dim
PREHOOK: Input: default@impala_tpcds_inventory
PREHOOK: Input: default@impala_tpcds_item
PREHOOK: Input: default@impala_tpcds_warehouse
PREHOOK: Output: hdfs://### HDFS PATH ###
POSTHOOK: query: explain cbo with inv as
(select w_warehouse_name,w_warehouse_sk,i_item_sk,d_moy
       ,stdev,mean, case mean when 0 then null else stdev/mean end cov
 from(select w_warehouse_name,w_warehouse_sk,i_item_sk,d_moy
            ,stddev_samp(inv_quantity_on_hand) stdev,avg(inv_quantity_on_hand) mean
      from impala_tpcds_inventory
          ,impala_tpcds_item
          ,impala_tpcds_warehouse
          ,impala_tpcds_date_dim
      where inv_item_sk = i_item_sk
        and inv_warehouse_sk = w_warehouse_sk
        and inv_date_sk = d_date_sk
        and d_year =2000
      group by w_warehouse_name,w_warehouse_sk,i_item_sk,d_moy) foo
 where case mean when 0 then 0 else stdev/mean end > 1)
select inv1.w_warehouse_sk,inv1.i_item_sk,inv1.d_moy,inv1.mean, inv1.cov
        ,inv2.w_warehouse_sk,inv2.i_item_sk,inv2.d_moy,inv2.mean, inv2.cov
from inv inv1,inv inv2
where inv1.i_item_sk = inv2.i_item_sk
  and inv1.w_warehouse_sk =  inv2.w_warehouse_sk
  and inv1.d_moy=2
  and inv2.d_moy=2+1
order by inv1.w_warehouse_sk,inv1.i_item_sk,inv1.d_moy,inv1.mean,inv1.cov
        ,inv2.d_moy,inv2.mean, inv2.cov
POSTHOOK: type: QUERY
POSTHOOK: Input: default@impala_tpcds_date_dim
POSTHOOK: Input: default@impala_tpcds_inventory
POSTHOOK: Input: default@impala_tpcds_item
POSTHOOK: Input: default@impala_tpcds_warehouse
POSTHOOK: Output: hdfs://### HDFS PATH ###
CBO PLAN:
ImpalaProjectPassthroughRel(w_warehouse_sk=[$0], i_item_sk=[$1], d_moy=[CAST(2):INTEGER], mean=[$2], cov=[$3], w_warehouse_sk1=[$4], i_item_sk1=[$5], d_moy1=[CAST(CAST(+(2:SMALLINT, 1:SMALLINT)):INTEGER NOT NULL):INTEGER], mean1=[$6], cov1=[$7])
  ImpalaSortRel(sort0=[$0], sort1=[$1], sort2=[$2], sort3=[$3], sort4=[$6], sort5=[$7], dir0=[ASC], dir1=[ASC], dir2=[ASC], dir3=[ASC], dir4=[ASC], dir5=[ASC])
    ImpalaJoinRel(condition=[AND(=($1, $5), =($0, $4))], joinType=[inner])
      ImpalaProjectPassthroughRel(w_warehouse_sk=[$1], i_item_sk=[$2], mean=[$4], cov=[CASE(=($4, 0), null:DOUBLE, /($3, $4))])
        ImpalaProjectRel(w_warehouse_name=[$2], w_warehouse_sk=[$1], i_item_sk=[$0], $f3=[$3], $f4=[$4])
          ImpalaAggregateRel(group=[{5, 7, 8}], agg#0=[stddev_samp($3)], agg#1=[avg($4)])
            ImpalaJoinRel(condition=[=($2, $7)], joinType=[inner])
              ImpalaJoinRel(condition=[=($0, $6)], joinType=[inner])
                ImpalaJoinRel(condition=[=($1, $5)], joinType=[inner])
                  ImpalaProjectPassthroughRel(inv_date_sk=[$0], inv_item_sk=[$1], inv_warehouse_sk=[$2], inv_quantity_on_hand=[$3], CAST=[CAST($3):BIGINT])
                    ImpalaHdfsScanRel(table=[[default, impala_tpcds_inventory]], condition=[AND(IS NOT NULL($1), IS NOT NULL($2), IS NOT NULL($0))])
                  ImpalaProjectPassthroughRel(i_item_sk=[$0])
                    ImpalaHdfsScanRel(table=[[default, impala_tpcds_item]], condition=[IS NOT NULL($0)])
                ImpalaProjectPassthroughRel(d_date_sk=[$0])
                  ImpalaHdfsScanRel(table=[[default, impala_tpcds_date_dim]], condition=[AND(=($6, 2000), =($8, 2), IS NOT NULL($0))])
              ImpalaProjectPassthroughRel(w_warehouse_sk=[$0], w_warehouse_name=[$2])
                ImpalaHdfsScanRel(table=[[default, impala_tpcds_warehouse]], condition=[IS NOT NULL($0)])
      ImpalaProjectPassthroughRel(w_warehouse_sk=[$1], i_item_sk=[$2], mean=[$4], cov=[CASE(=($4, 0), null:DOUBLE, /($3, $4))])
        ImpalaProjectRel(w_warehouse_name=[$2], w_warehouse_sk=[$1], i_item_sk=[$0], $f3=[$3], $f4=[$4])
          ImpalaAggregateRel(group=[{5, 7, 8}], agg#0=[stddev_samp($3)], agg#1=[avg($4)])
            ImpalaJoinRel(condition=[=($2, $7)], joinType=[inner])
              ImpalaJoinRel(condition=[=($0, $6)], joinType=[inner])
                ImpalaJoinRel(condition=[=($1, $5)], joinType=[inner])
                  ImpalaProjectPassthroughRel(inv_date_sk=[$0], inv_item_sk=[$1], inv_warehouse_sk=[$2], inv_quantity_on_hand=[$3], CAST=[CAST($3):BIGINT])
                    ImpalaHdfsScanRel(table=[[default, impala_tpcds_inventory]], condition=[AND(IS NOT NULL($1), IS NOT NULL($2), IS NOT NULL($0))])
                  ImpalaProjectPassthroughRel(i_item_sk=[$0])
                    ImpalaHdfsScanRel(table=[[default, impala_tpcds_item]], condition=[IS NOT NULL($0)])
                ImpalaProjectPassthroughRel(d_date_sk=[$0])
                  ImpalaHdfsScanRel(table=[[default, impala_tpcds_date_dim]], condition=[AND(=($6, 2000), =($8, CAST(+(2:SMALLINT, 1:SMALLINT)):INTEGER NOT NULL), IS NOT NULL($0))])
              ImpalaProjectPassthroughRel(w_warehouse_sk=[$0], w_warehouse_name=[$2])
                ImpalaHdfsScanRel(table=[[default, impala_tpcds_warehouse]], condition=[IS NOT NULL($0)])

PREHOOK: query: explain with inv as
(select w_warehouse_name,w_warehouse_sk,i_item_sk,d_moy
       ,stdev,mean, case mean when 0 then null else stdev/mean end cov
 from(select w_warehouse_name,w_warehouse_sk,i_item_sk,d_moy
            ,stddev_samp(inv_quantity_on_hand) stdev,avg(inv_quantity_on_hand) mean
      from impala_tpcds_inventory
          ,impala_tpcds_item
          ,impala_tpcds_warehouse
          ,impala_tpcds_date_dim
      where inv_item_sk = i_item_sk
        and inv_warehouse_sk = w_warehouse_sk
        and inv_date_sk = d_date_sk
        and d_year =2000
      group by w_warehouse_name,w_warehouse_sk,i_item_sk,d_moy) foo
 where case mean when 0 then 0 else stdev/mean end > 1)
select inv1.w_warehouse_sk,inv1.i_item_sk,inv1.d_moy,inv1.mean, inv1.cov
        ,inv2.w_warehouse_sk,inv2.i_item_sk,inv2.d_moy,inv2.mean, inv2.cov
from inv inv1,inv inv2
where inv1.i_item_sk = inv2.i_item_sk
  and inv1.w_warehouse_sk =  inv2.w_warehouse_sk
  and inv1.d_moy=2
  and inv2.d_moy=2+1
  and inv1.cov > 1.5
order by inv1.w_warehouse_sk,inv1.i_item_sk,inv1.d_moy,inv1.mean,inv1.cov
        ,inv2.d_moy,inv2.mean, inv2.cov
PREHOOK: type: QUERY
PREHOOK: Input: default@impala_tpcds_date_dim
PREHOOK: Input: default@impala_tpcds_inventory
PREHOOK: Input: default@impala_tpcds_item
PREHOOK: Input: default@impala_tpcds_warehouse
PREHOOK: Output: hdfs://### HDFS PATH ###
POSTHOOK: query: explain with inv as
(select w_warehouse_name,w_warehouse_sk,i_item_sk,d_moy
       ,stdev,mean, case mean when 0 then null else stdev/mean end cov
 from(select w_warehouse_name,w_warehouse_sk,i_item_sk,d_moy
            ,stddev_samp(inv_quantity_on_hand) stdev,avg(inv_quantity_on_hand) mean
      from impala_tpcds_inventory
          ,impala_tpcds_item
          ,impala_tpcds_warehouse
          ,impala_tpcds_date_dim
      where inv_item_sk = i_item_sk
        and inv_warehouse_sk = w_warehouse_sk
        and inv_date_sk = d_date_sk
        and d_year =2000
      group by w_warehouse_name,w_warehouse_sk,i_item_sk,d_moy) foo
 where case mean when 0 then 0 else stdev/mean end > 1)
select inv1.w_warehouse_sk,inv1.i_item_sk,inv1.d_moy,inv1.mean, inv1.cov
        ,inv2.w_warehouse_sk,inv2.i_item_sk,inv2.d_moy,inv2.mean, inv2.cov
from inv inv1,inv inv2
where inv1.i_item_sk = inv2.i_item_sk
  and inv1.w_warehouse_sk =  inv2.w_warehouse_sk
  and inv1.d_moy=2
  and inv2.d_moy=2+1
  and inv1.cov > 1.5
order by inv1.w_warehouse_sk,inv1.i_item_sk,inv1.d_moy,inv1.mean,inv1.cov
        ,inv2.d_moy,inv2.mean, inv2.cov
POSTHOOK: type: QUERY
POSTHOOK: Input: default@impala_tpcds_date_dim
POSTHOOK: Input: default@impala_tpcds_inventory
POSTHOOK: Input: default@impala_tpcds_item
POSTHOOK: Input: default@impala_tpcds_warehouse
POSTHOOK: Output: hdfs://### HDFS PATH ###
STAGE DEPENDENCIES:
  Stage-1 is a root stage
  Stage-0 is a root stage

STAGE PLANS:
  Stage: Stage-1
    Impala
      Impala Plan: 
F12:PLAN FRAGMENT [UNPARTITIONED] hosts=1 instances=1
Per-Host Resources: mem-estimate=60.00KB mem-reservation=0B thread-reservation=1
  PLAN-ROOT SINK
  |  output exprs: CASE WHEN $f4 = 0 THEN NULL ELSE _impala_builtins.divide($f3, $f4) END, CASE WHEN $f4 = 0 THEN NULL ELSE _impala_builtins.divide($f3, $f4) END, CAST(2 AS INT), w_warehouse_sk, i_item_sk, $f4, w_warehouse_sk, _impala_builtins.casttoint(_impala_builtins.add(CAST(2 AS SMALLINT), CAST(1 AS SMALLINT))), i_item_sk, $f4
  |  mem-estimate=0B mem-reservation=0B thread-reservation=0
  |
  33:MERGING-EXCHANGE [UNPARTITIONED]
     order by: w_warehouse_sk ASC NULLS LAST, i_item_sk ASC NULLS LAST, $f4 ASC NULLS LAST, CASE WHEN $f4 = 0 THEN NULL ELSE _impala_builtins.divide($f3, $f4) END ASC NULLS LAST, $f4 ASC NULLS LAST, CASE WHEN $f4 = 0 THEN NULL ELSE _impala_builtins.divide($f3, $f4) END ASC NULLS LAST
     mem-estimate=60.00KB mem-reservation=0B thread-reservation=0
     tuple-ids=22 row-size=56B cardinality=0
     in pipelines: 21(GETNEXT)

F05:PLAN FRAGMENT [RANDOM] hosts=1 instances=1
Per-Host Resources: mem-estimate=135.98MB mem-reservation=41.94MB thread-reservation=1
  DATASTREAM SINK [FRAGMENT=F12, EXCHANGE=33, UNPARTITIONED]
  |  mem-estimate=0B mem-reservation=0B thread-reservation=0
  21:SORT
  |  order by: w_warehouse_sk ASC NULLS LAST, i_item_sk ASC NULLS LAST, $f4 ASC NULLS LAST, CASE WHEN $f4 = 0 THEN NULL ELSE _impala_builtins.divide($f3, $f4) END ASC NULLS LAST, $f4 ASC NULLS LAST, CASE WHEN $f4 = 0 THEN NULL ELSE _impala_builtins.divide($f3, $f4) END ASC NULLS LAST
  |  materialized: CASE WHEN $f4 = 0 THEN NULL ELSE _impala_builtins.divide($f3, $f4) END, CASE WHEN $f4 = 0 THEN NULL ELSE _impala_builtins.divide($f3, $f4) END
  |  mem-estimate=6.00MB mem-reservation=6.00MB spill-buffer=2.00MB thread-reservation=0
  |  tuple-ids=22 row-size=56B cardinality=0
  |  in pipelines: 21(GETNEXT), 26(OPEN)
  |
  20:HASH JOIN [INNER JOIN, BROADCAST]
  |  hash predicates: i_item_sk = i_item_sk, w_warehouse_sk = w_warehouse_sk
  |  fk/pk conjuncts: assumed fk/pk
  |  mem-estimate=1.94MB mem-reservation=1.94MB spill-buffer=64.00KB thread-reservation=0
  |  tuple-ids=10,21 row-size=80B cardinality=0
  |  in pipelines: 26(GETNEXT), 31(OPEN)
  |
  |--32:EXCHANGE [BROADCAST]
  |     mem-estimate=44.00KB mem-reservation=0B thread-reservation=0
  |     tuple-ids=21 row-size=40B cardinality=0
  |     in pipelines: 31(GETNEXT)
  |
  09:SELECT
  |  predicates: _impala_builtins.divide($f3, $f4) > CAST(1 AS DOUBLE), _impala_builtins.divide($f3, $f4) > CAST(1.5 AS DOUBLE), _impala_builtins.isnottrue($f4 = CAST(0 AS DOUBLE))
  |  mem-estimate=0B mem-reservation=0B thread-reservation=0
  |  tuple-ids=10 row-size=40B cardinality=0
  |  in pipelines: 26(GETNEXT)
  |
  00:UNION
  |  pass-through-operands: all
  |  mem-estimate=0B mem-reservation=0B thread-reservation=0
  |  tuple-ids=10 row-size=40B cardinality=0
  |  in pipelines: 26(GETNEXT)
  |
  26:AGGREGATE [FINALIZE]
  |  output: _impala_builtins.stddev_samp:merge(default.impala_tpcds_inventory.inv_quantity_on_hand), _impala_builtins.avg:merge(_impala_builtins.casttobigint(default.impala_tpcds_inventory.inv_quantity_on_hand))
  |  group by: default.impala_tpcds_item.i_item_sk, default.impala_tpcds_warehouse.w_warehouse_sk, default.impala_tpcds_warehouse.w_warehouse_name
  |  mem-estimate=128.00MB mem-reservation=34.00MB spill-buffer=2.00MB thread-reservation=0
  |  tuple-ids=9 row-size=40B cardinality=0
  |  in pipelines: 26(GETNEXT), 01(OPEN)
  |
  25:EXCHANGE [HASH(default.impala_tpcds_item.i_item_sk,default.impala_tpcds_warehouse.w_warehouse_sk,default.impala_tpcds_warehouse.w_warehouse_name)]
     mem-estimate=44.00KB mem-reservation=0B thread-reservation=0
     tuple-ids=8 row-size=40B cardinality=0
     in pipelines: 01(GETNEXT)

F00:PLAN FRAGMENT [RANDOM] hosts=1 instances=1
Per-Host Resources: mem-estimate=133.86MB mem-reservation=39.81MB thread-reservation=1
  DATASTREAM SINK [FRAGMENT=F05, EXCHANGE=25, HASH(default.impala_tpcds_item.i_item_sk,default.impala_tpcds_warehouse.w_warehouse_sk,default.impala_tpcds_warehouse.w_warehouse_name)]
  |  mem-estimate=0B mem-reservation=0B thread-reservation=0
  08:AGGREGATE [STREAMING]
  |  output: stddev_samp(default.impala_tpcds_inventory.inv_quantity_on_hand), avg(_impala_builtins.casttobigint(default.impala_tpcds_inventory.inv_quantity_on_hand))
  |  group by: default.impala_tpcds_item.i_item_sk, default.impala_tpcds_warehouse.w_warehouse_sk, default.impala_tpcds_warehouse.w_warehouse_name
  |  mem-estimate=128.00MB mem-reservation=34.00MB spill-buffer=2.00MB thread-reservation=0
  |  tuple-ids=8 row-size=40B cardinality=0
  |  in pipelines: 01(GETNEXT)
  |
  07:HASH JOIN [INNER JOIN, BROADCAST]
  |  hash predicates: default.impala_tpcds_inventory.inv_warehouse_sk = default.impala_tpcds_warehouse.w_warehouse_sk
  |  fk/pk conjuncts: assumed fk/pk
  |  mem-estimate=1.94MB mem-reservation=1.94MB spill-buffer=64.00KB thread-reservation=0
  |  tuple-ids=0,2,4,6 row-size=56B cardinality=0
  |  in pipelines: 01(GETNEXT), 06(OPEN)
  |
  |--24:EXCHANGE [BROADCAST]
  |     mem-estimate=20.00KB mem-reservation=0B thread-reservation=0
  |     tuple-ids=6 row-size=16B cardinality=0
  |     in pipelines: 06(GETNEXT)
  |
  05:HASH JOIN [INNER JOIN, BROADCAST]
  |  hash predicates: default.impala_tpcds_inventory.inv_date_sk = default.impala_tpcds_date_dim.d_date_sk
  |  fk/pk conjuncts: assumed fk/pk
  |  mem-estimate=1.94MB mem-reservation=1.94MB spill-buffer=64.00KB thread-reservation=0
  |  tuple-ids=0,2,4 row-size=40B cardinality=0
  |  in pipelines: 01(GETNEXT), 04(OPEN)
  |
  |--23:EXCHANGE [BROADCAST]
  |     mem-estimate=16.00KB mem-reservation=0B thread-reservation=0
  |     tuple-ids=4 row-size=12B cardinality=0
  |     in pipelines: 04(GETNEXT)
  |
  03:HASH JOIN [INNER JOIN, BROADCAST]
  |  hash predicates: default.impala_tpcds_inventory.inv_item_sk = default.impala_tpcds_item.i_item_sk
  |  fk/pk conjuncts: assumed fk/pk
  |  mem-estimate=1.94MB mem-reservation=1.94MB spill-buffer=64.00KB thread-reservation=0
  |  tuple-ids=0,2 row-size=28B cardinality=0
  |  in pipelines: 01(GETNEXT), 02(OPEN)
  |
  |--22:EXCHANGE [BROADCAST]
  |     mem-estimate=16.00KB mem-reservation=0B thread-reservation=0
  |     tuple-ids=2 row-size=8B cardinality=0
  |     in pipelines: 02(GETNEXT)
  |
  01:SCAN HDFS [default.impala_tpcds_inventory, RANDOM]
     HDFS partitions=1/1 files=0 size=0B
     predicates: default.impala_tpcds_inventory.inv_date_sk IS NOT NULL, default.impala_tpcds_inventory.inv_item_sk IS NOT NULL, default.impala_tpcds_inventory.inv_warehouse_sk IS NOT NULL
     stored statistics:
       table: rows=0 size=0B
       columns: unavailable
     extrapolated-rows=disabled max-scan-range-rows=0
     mem-estimate=0B mem-reservation=0B thread-reservation=0
     tuple-ids=0 row-size=20B cardinality=0
     in pipelines: 01(GETNEXT)

F01:PLAN FRAGMENT [RANDOM] hosts=1 instances=1
Per-Host Resources: mem-estimate=0B mem-reservation=0B thread-reservation=1
  DATASTREAM SINK [FRAGMENT=F00, EXCHANGE=22, BROADCAST]
  |  mem-estimate=0B mem-reservation=0B thread-reservation=0
  02:SCAN HDFS [default.impala_tpcds_item, RANDOM]
     HDFS partitions=1/1 files=0 size=0B
     predicates: default.impala_tpcds_item.i_item_sk IS NOT NULL
     stored statistics:
       table: rows=0 size=0B
       columns: unavailable
     extrapolated-rows=disabled max-scan-range-rows=0
     mem-estimate=0B mem-reservation=0B thread-reservation=0
     tuple-ids=2 row-size=8B cardinality=0
     in pipelines: 02(GETNEXT)

F02:PLAN FRAGMENT [RANDOM] hosts=1 instances=1
Per-Host Resources: mem-estimate=0B mem-reservation=0B thread-reservation=1
  DATASTREAM SINK [FRAGMENT=F00, EXCHANGE=23, BROADCAST]
  |  mem-estimate=0B mem-reservation=0B thread-reservation=0
  04:SCAN HDFS [default.impala_tpcds_date_dim, RANDOM]
     HDFS partitions=1/1 files=0 size=0B
     predicates: default.impala_tpcds_date_dim.d_date_sk IS NOT NULL, default.impala_tpcds_date_dim.d_moy = CAST(2 AS INT), default.impala_tpcds_date_dim.d_year = CAST(2000 AS INT)
     stored statistics:
       table: rows=0 size=0B
       columns: unavailable
     extrapolated-rows=disabled max-scan-range-rows=0
     parquet statistics predicates: default.impala_tpcds_date_dim.d_moy = CAST(2 AS INT), default.impala_tpcds_date_dim.d_year = CAST(2000 AS INT)
     mem-estimate=0B mem-reservation=0B thread-reservation=0
     tuple-ids=4 row-size=12B cardinality=0
     in pipelines: 04(GETNEXT)

F03:PLAN FRAGMENT [RANDOM] hosts=1 instances=1
Per-Host Resources: mem-estimate=0B mem-reservation=0B thread-reservation=1
  DATASTREAM SINK [FRAGMENT=F00, EXCHANGE=24, BROADCAST]
  |  mem-estimate=0B mem-reservation=0B thread-reservation=0
  06:SCAN HDFS [default.impala_tpcds_warehouse, RANDOM]
     HDFS partitions=1/1 files=0 size=0B
     predicates: default.impala_tpcds_warehouse.w_warehouse_sk IS NOT NULL
     stored statistics:
       table: rows=0 size=0B
       columns: unavailable
     extrapolated-rows=disabled max-scan-range-rows=0
     mem-estimate=0B mem-reservation=0B thread-reservation=0
     tuple-ids=6 row-size=16B cardinality=0
     in pipelines: 06(GETNEXT)

F11:PLAN FRAGMENT [RANDOM] hosts=1 instances=1
Per-Host Resources: mem-estimate=128.04MB mem-reservation=34.00MB thread-reservation=1
  DATASTREAM SINK [FRAGMENT=F05, EXCHANGE=32, BROADCAST]
  |  mem-estimate=0B mem-reservation=0B thread-reservation=0
  19:SELECT
  |  predicates: _impala_builtins.divide($f3, $f4) > CAST(1 AS DOUBLE), _impala_builtins.isnottrue($f4 = CAST(0 AS DOUBLE))
  |  mem-estimate=0B mem-reservation=0B thread-reservation=0
  |  tuple-ids=21 row-size=40B cardinality=0
  |  in pipelines: 31(GETNEXT)
  |
  10:UNION
  |  pass-through-operands: all
  |  mem-estimate=0B mem-reservation=0B thread-reservation=0
  |  tuple-ids=21 row-size=40B cardinality=0
  |  in pipelines: 31(GETNEXT)
  |
  31:AGGREGATE [FINALIZE]
  |  output: _impala_builtins.stddev_samp:merge(default.impala_tpcds_inventory_0.inv_quantity_on_hand), _impala_builtins.avg:merge(_impala_builtins.casttobigint(default.impala_tpcds_inventory_0.inv_quantity_on_hand))
  |  group by: default.impala_tpcds_item_0.i_item_sk, default.impala_tpcds_warehouse_0.w_warehouse_sk, default.impala_tpcds_warehouse_0.w_warehouse_name
  |  mem-estimate=128.00MB mem-reservation=34.00MB spill-buffer=2.00MB thread-reservation=0
  |  tuple-ids=20 row-size=40B cardinality=0
  |  in pipelines: 31(GETNEXT), 11(OPEN)
  |
  30:EXCHANGE [HASH(default.impala_tpcds_item_0.i_item_sk,default.impala_tpcds_warehouse_0.w_warehouse_sk,default.impala_tpcds_warehouse_0.w_warehouse_name)]
     mem-estimate=44.00KB mem-reservation=0B thread-reservation=0
     tuple-ids=19 row-size=40B cardinality=0
     in pipelines: 11(GETNEXT)

F06:PLAN FRAGMENT [RANDOM] hosts=1 instances=1
Per-Host Resources: mem-estimate=133.86MB mem-reservation=39.81MB thread-reservation=1
  DATASTREAM SINK [FRAGMENT=F11, EXCHANGE=30, HASH(default.impala_tpcds_item_0.i_item_sk,default.impala_tpcds_warehouse_0.w_warehouse_sk,default.impala_tpcds_warehouse_0.w_warehouse_name)]
  |  mem-estimate=0B mem-reservation=0B thread-reservation=0
  18:AGGREGATE [STREAMING]
  |  output: stddev_samp(default.impala_tpcds_inventory_0.inv_quantity_on_hand), avg(_impala_builtins.casttobigint(default.impala_tpcds_inventory_0.inv_quantity_on_hand))
  |  group by: default.impala_tpcds_item_0.i_item_sk, default.impala_tpcds_warehouse_0.w_warehouse_sk, default.impala_tpcds_warehouse_0.w_warehouse_name
  |  mem-estimate=128.00MB mem-reservation=34.00MB spill-buffer=2.00MB thread-reservation=0
  |  tuple-ids=19 row-size=40B cardinality=0
  |  in pipelines: 11(GETNEXT)
  |
  17:HASH JOIN [INNER JOIN, BROADCAST]
  |  hash predicates: default.impala_tpcds_inventory_0.inv_warehouse_sk = default.impala_tpcds_warehouse_0.w_warehouse_sk
  |  fk/pk conjuncts: assumed fk/pk
  |  mem-estimate=1.94MB mem-reservation=1.94MB spill-buffer=64.00KB thread-reservation=0
  |  tuple-ids=11,13,15,17 row-size=56B cardinality=0
  |  in pipelines: 11(GETNEXT), 16(OPEN)
  |
  |--29:EXCHANGE [BROADCAST]
  |     mem-estimate=20.00KB mem-reservation=0B thread-reservation=0
  |     tuple-ids=17 row-size=16B cardinality=0
  |     in pipelines: 16(GETNEXT)
  |
  15:HASH JOIN [INNER JOIN, BROADCAST]
  |  hash predicates: default.impala_tpcds_inventory_0.inv_date_sk = default.impala_tpcds_date_dim_0.d_date_sk
  |  fk/pk conjuncts: assumed fk/pk
  |  mem-estimate=1.94MB mem-reservation=1.94MB spill-buffer=64.00KB thread-reservation=0
  |  tuple-ids=11,13,15 row-size=40B cardinality=0
  |  in pipelines: 11(GETNEXT), 14(OPEN)
  |
  |--28:EXCHANGE [BROADCAST]
  |     mem-estimate=16.00KB mem-reservation=0B thread-reservation=0
  |     tuple-ids=15 row-size=12B cardinality=0
  |     in pipelines: 14(GETNEXT)
  |
  13:HASH JOIN [INNER JOIN, BROADCAST]
  |  hash predicates: default.impala_tpcds_inventory_0.inv_item_sk = default.impala_tpcds_item_0.i_item_sk
  |  fk/pk conjuncts: assumed fk/pk
  |  mem-estimate=1.94MB mem-reservation=1.94MB spill-buffer=64.00KB thread-reservation=0
  |  tuple-ids=11,13 row-size=28B cardinality=0
  |  in pipelines: 11(GETNEXT), 12(OPEN)
  |
  |--27:EXCHANGE [BROADCAST]
  |     mem-estimate=16.00KB mem-reservation=0B thread-reservation=0
  |     tuple-ids=13 row-size=8B cardinality=0
  |     in pipelines: 12(GETNEXT)
  |
  11:SCAN HDFS [default.impala_tpcds_inventory, RANDOM]
     HDFS partitions=1/1 files=0 size=0B
     predicates: default.impala_tpcds_inventory_0.inv_date_sk IS NOT NULL, default.impala_tpcds_inventory_0.inv_item_sk IS NOT NULL, default.impala_tpcds_inventory_0.inv_warehouse_sk IS NOT NULL
     stored statistics:
       table: rows=0 size=0B
       columns: unavailable
     extrapolated-rows=disabled max-scan-range-rows=0
     mem-estimate=0B mem-reservation=0B thread-reservation=0
     tuple-ids=11 row-size=20B cardinality=0
     in pipelines: 11(GETNEXT)

F07:PLAN FRAGMENT [RANDOM] hosts=1 instances=1
Per-Host Resources: mem-estimate=0B mem-reservation=0B thread-reservation=1
  DATASTREAM SINK [FRAGMENT=F06, EXCHANGE=27, BROADCAST]
  |  mem-estimate=0B mem-reservation=0B thread-reservation=0
  12:SCAN HDFS [default.impala_tpcds_item, RANDOM]
     HDFS partitions=1/1 files=0 size=0B
     predicates: default.impala_tpcds_item_0.i_item_sk IS NOT NULL
     stored statistics:
       table: rows=0 size=0B
       columns: unavailable
     extrapolated-rows=disabled max-scan-range-rows=0
     mem-estimate=0B mem-reservation=0B thread-reservation=0
     tuple-ids=13 row-size=8B cardinality=0
     in pipelines: 12(GETNEXT)

F08:PLAN FRAGMENT [RANDOM] hosts=1 instances=1
Per-Host Resources: mem-estimate=0B mem-reservation=0B thread-reservation=1
  DATASTREAM SINK [FRAGMENT=F06, EXCHANGE=28, BROADCAST]
  |  mem-estimate=0B mem-reservation=0B thread-reservation=0
  14:SCAN HDFS [default.impala_tpcds_date_dim, RANDOM]
     HDFS partitions=1/1 files=0 size=0B
     predicates: default.impala_tpcds_date_dim_0.d_date_sk IS NOT NULL, default.impala_tpcds_date_dim_0.d_year = CAST(2000 AS INT), default.impala_tpcds_date_dim_0.d_moy = _impala_builtins.casttoint(_impala_builtins.add(CAST(2 AS SMALLINT), CAST(1 AS SMALLINT)))
     stored statistics:
       table: rows=0 size=0B
       columns: unavailable
     extrapolated-rows=disabled max-scan-range-rows=0
     parquet statistics predicates: default.impala_tpcds_date_dim_0.d_year = CAST(2000 AS INT), default.impala_tpcds_date_dim_0.d_moy = _impala_builtins.casttoint(_impala_builtins.add(CAST(2 AS SMALLINT), CAST(1 AS SMALLINT)))
     mem-estimate=0B mem-reservation=0B thread-reservation=0
     tuple-ids=15 row-size=12B cardinality=0
     in pipelines: 14(GETNEXT)

F09:PLAN FRAGMENT [RANDOM] hosts=1 instances=1
Per-Host Resources: mem-estimate=0B mem-reservation=0B thread-reservation=1
  DATASTREAM SINK [FRAGMENT=F06, EXCHANGE=29, BROADCAST]
  |  mem-estimate=0B mem-reservation=0B thread-reservation=0
  16:SCAN HDFS [default.impala_tpcds_warehouse, RANDOM]
     HDFS partitions=1/1 files=0 size=0B
     predicates: default.impala_tpcds_warehouse_0.w_warehouse_sk IS NOT NULL
     stored statistics:
       table: rows=0 size=0B
       columns: unavailable
     extrapolated-rows=disabled max-scan-range-rows=0
     mem-estimate=0B mem-reservation=0B thread-reservation=0
     tuple-ids=17 row-size=16B cardinality=0
     in pipelines: 16(GETNEXT)


  Stage: Stage-0
    Fetch Operator
      limit: -1
      Processor Tree:
        ListSink

