HMS CALL get_table_req FOR sr_items
HMS CALL get_table_req FOR cr_items
HMS CALL get_table_req FOR wr_items
HMS CALL get_table_req FOR impala_tpcds_store_returns
HMS CALL get_table_req FOR impala_tpcds_item
HMS CALL get_table_req FOR impala_tpcds_date_dim
HMS CALL get_table_req FOR impala_tpcds_catalog_returns
HMS CALL get_table_req FOR impala_tpcds_web_returns
HMS CALL get_foreign_keys FOR impala_tpcds_store_returns
HMS CALL get_foreign_keys FOR impala_tpcds_item
HMS CALL get_foreign_keys FOR impala_tpcds_date_dim
HMS CALL get_foreign_keys FOR impala_tpcds_catalog_returns
HMS CALL get_foreign_keys FOR impala_tpcds_web_returns
PREHOOK: query: explain cbo physical with sr_items as
 (select i_item_id item_id,
        sum(sr_return_quantity) sr_item_qty
 from impala_tpcds_store_returns,
      impala_tpcds_item,
      impala_tpcds_date_dim
 where sr_item_sk = i_item_sk
 and   d_date    in 
     (select d_date
     from impala_tpcds_date_dim
     where d_week_seq in 
          (select d_week_seq
          from impala_tpcds_date_dim
       where d_date in ('2000-06-17','2000-08-22','2000-11-17')))
 and   sr_returned_date_sk   = d_date_sk
 group by i_item_id),
 cr_items as
 (select i_item_id item_id,
        sum(cr_return_quantity) cr_item_qty
 from impala_tpcds_catalog_returns,
      impala_tpcds_item,
      impala_tpcds_date_dim
 where cr_item_sk = i_item_sk
 and   d_date    in 
     (select d_date
     from impala_tpcds_date_dim
     where d_week_seq in 
          (select d_week_seq
          from impala_tpcds_date_dim
       where d_date in ('2000-06-17','2000-08-22','2000-11-17')))
 and   cr_returned_date_sk   = d_date_sk
 group by i_item_id),
 wr_items as
 (select i_item_id item_id,
        sum(wr_return_quantity) wr_item_qty
 from impala_tpcds_web_returns,
      impala_tpcds_item,
      impala_tpcds_date_dim
 where wr_item_sk = i_item_sk
 and   d_date    in 
     (select d_date
     from impala_tpcds_date_dim
     where d_week_seq in 
          (select d_week_seq
          from impala_tpcds_date_dim
          where d_date in ('2000-06-17','2000-08-22','2000-11-17')))
 and   wr_returned_date_sk   = d_date_sk
 group by i_item_id)
  select  sr_items.item_id
       ,sr_item_qty
       ,sr_item_qty/(sr_item_qty+cr_item_qty+wr_item_qty)/3.0 * 100 sr_dev
       ,cr_item_qty
       ,cr_item_qty/(sr_item_qty+cr_item_qty+wr_item_qty)/3.0 * 100 cr_dev
       ,wr_item_qty
       ,wr_item_qty/(sr_item_qty+cr_item_qty+wr_item_qty)/3.0 * 100 wr_dev
       ,(sr_item_qty+cr_item_qty+wr_item_qty)/3.0 average
 from sr_items
     ,cr_items
     ,wr_items
 where sr_items.item_id=cr_items.item_id
   and sr_items.item_id=wr_items.item_id 
 order by sr_items.item_id
         ,sr_item_qty
 limit 100
PREHOOK: type: QUERY
PREHOOK: Input: default@impala_tpcds_catalog_returns
PREHOOK: Input: default@impala_tpcds_date_dim
PREHOOK: Input: default@impala_tpcds_item
PREHOOK: Input: default@impala_tpcds_store_returns
PREHOOK: Input: default@impala_tpcds_web_returns
PREHOOK: Output: streaming
POSTHOOK: query: explain cbo physical with sr_items as
 (select i_item_id item_id,
        sum(sr_return_quantity) sr_item_qty
 from impala_tpcds_store_returns,
      impala_tpcds_item,
      impala_tpcds_date_dim
 where sr_item_sk = i_item_sk
 and   d_date    in 
     (select d_date
     from impala_tpcds_date_dim
     where d_week_seq in 
          (select d_week_seq
          from impala_tpcds_date_dim
       where d_date in ('2000-06-17','2000-08-22','2000-11-17')))
 and   sr_returned_date_sk   = d_date_sk
 group by i_item_id),
 cr_items as
 (select i_item_id item_id,
        sum(cr_return_quantity) cr_item_qty
 from impala_tpcds_catalog_returns,
      impala_tpcds_item,
      impala_tpcds_date_dim
 where cr_item_sk = i_item_sk
 and   d_date    in 
     (select d_date
     from impala_tpcds_date_dim
     where d_week_seq in 
          (select d_week_seq
          from impala_tpcds_date_dim
       where d_date in ('2000-06-17','2000-08-22','2000-11-17')))
 and   cr_returned_date_sk   = d_date_sk
 group by i_item_id),
 wr_items as
 (select i_item_id item_id,
        sum(wr_return_quantity) wr_item_qty
 from impala_tpcds_web_returns,
      impala_tpcds_item,
      impala_tpcds_date_dim
 where wr_item_sk = i_item_sk
 and   d_date    in 
     (select d_date
     from impala_tpcds_date_dim
     where d_week_seq in 
          (select d_week_seq
          from impala_tpcds_date_dim
          where d_date in ('2000-06-17','2000-08-22','2000-11-17')))
 and   wr_returned_date_sk   = d_date_sk
 group by i_item_id)
  select  sr_items.item_id
       ,sr_item_qty
       ,sr_item_qty/(sr_item_qty+cr_item_qty+wr_item_qty)/3.0 * 100 sr_dev
       ,cr_item_qty
       ,cr_item_qty/(sr_item_qty+cr_item_qty+wr_item_qty)/3.0 * 100 cr_dev
       ,wr_item_qty
       ,wr_item_qty/(sr_item_qty+cr_item_qty+wr_item_qty)/3.0 * 100 wr_dev
       ,(sr_item_qty+cr_item_qty+wr_item_qty)/3.0 average
 from sr_items
     ,cr_items
     ,wr_items
 where sr_items.item_id=cr_items.item_id
   and sr_items.item_id=wr_items.item_id 
 order by sr_items.item_id
         ,sr_item_qty
 limit 100
POSTHOOK: type: QUERY
POSTHOOK: Input: default@impala_tpcds_catalog_returns
POSTHOOK: Input: default@impala_tpcds_date_dim
POSTHOOK: Input: default@impala_tpcds_item
POSTHOOK: Input: default@impala_tpcds_store_returns
POSTHOOK: Input: default@impala_tpcds_web_returns
CBO PLAN:
ImpalaSortRel(sort0=[$0], sort1=[$1], dir0=[ASC], dir1=[ASC], fetch=[100])
  ImpalaProjectRel(item_id=[$0], sr_item_qty=[$4], sr_dev=[*(/(CAST(/($5, CAST(+(+($4, $1), $7)):DOUBLE)):DECIMAL(38, 17) NOT NULL, 3:DECIMAL(1, 0)), 100:DECIMAL(3, 0))], cr_item_qty=[$1], cr_dev=[*(/(CAST(/($2, CAST(+(+($4, $1), $7)):DOUBLE)):DECIMAL(38, 17) NOT NULL, 3:DECIMAL(1, 0)), 100:DECIMAL(3, 0))], wr_item_qty=[$7], wr_dev=[*(/(CAST(/($8, CAST(+(+($4, $1), $7)):DOUBLE)):DECIMAL(38, 17) NOT NULL, 3:DECIMAL(1, 0)), 100:DECIMAL(3, 0))], average=[/(CAST(+(+($4, $1), $7)):DECIMAL(19, 0) NOT NULL, 3:DECIMAL(1, 0))])
    ImpalaJoinRel(condition=[=($0, $6)], joinType=[inner])
      ImpalaJoinRel(condition=[=($3, $0)], joinType=[inner])
        ImpalaProjectPassthroughRel($f0=[$0], $f1=[$1], CAST=[CAST($1):DOUBLE])
          ImpalaAggregateRel(group=[{0}], agg#0=[sum($1)])
            ImpalaProjectPassthroughRel($f0=[$4], $f1=[CAST($2):BIGINT])
              ImpalaJoinRel(condition=[=($6, $7)], joinType=[semi])
                ImpalaJoinRel(condition=[=($0, $5)], joinType=[inner])
                  ImpalaJoinRel(condition=[=($1, $3)], joinType=[inner])
                    ImpalaProjectPassthroughRel(cr_returned_date_sk=[$0], cr_item_sk=[$2], cr_return_quantity=[$17])
                      ImpalaHdfsScanRel(table=[[default, impala_tpcds_catalog_returns]], condition=[AND(IS NOT NULL($0), IS NOT NULL($2))])
                    ImpalaProjectPassthroughRel(i_item_sk=[$0], i_item_id=[$1])
                      ImpalaHdfsScanRel(table=[[default, impala_tpcds_item]], condition=[AND(IS NOT NULL($1), IS NOT NULL($0))])
                  ImpalaProjectPassthroughRel(d_date_sk=[$0], d_date=[$2])
                    ImpalaHdfsScanRel(table=[[default, impala_tpcds_date_dim]], condition=[AND(IS NOT NULL($2), IS NOT NULL($0))])
                ImpalaProjectPassthroughRel(d_date=[$0])
                  ImpalaJoinRel(condition=[=($1, $2)], joinType=[semi])
                    ImpalaProjectPassthroughRel(d_date=[$2], d_week_seq=[$4])
                      ImpalaHdfsScanRel(table=[[default, impala_tpcds_date_dim]], condition=[AND(IS NOT NULL($4), IS NOT NULL($2))])
                    ImpalaProjectPassthroughRel(d_week_seq=[$4])
                      ImpalaHdfsScanRel(table=[[default, impala_tpcds_date_dim]], condition=[AND(IN($2, _UTF-16LE'2000-06-17':VARCHAR(2147483647) CHARACTER SET "UTF-16LE", _UTF-16LE'2000-08-22':VARCHAR(2147483647) CHARACTER SET "UTF-16LE", _UTF-16LE'2000-11-17':VARCHAR(2147483647) CHARACTER SET "UTF-16LE"), IS NOT NULL($4))])
        ImpalaProjectPassthroughRel($f0=[$0], $f1=[$1], CAST=[CAST($1):DOUBLE])
          ImpalaAggregateRel(group=[{0}], agg#0=[sum($1)])
            ImpalaProjectPassthroughRel($f0=[$4], $f1=[CAST($2):BIGINT])
              ImpalaJoinRel(condition=[=($6, $7)], joinType=[semi])
                ImpalaJoinRel(condition=[=($0, $5)], joinType=[inner])
                  ImpalaJoinRel(condition=[=($1, $3)], joinType=[inner])
                    ImpalaProjectPassthroughRel(sr_returned_date_sk=[$0], sr_item_sk=[$2], sr_return_quantity=[$10])
                      ImpalaHdfsScanRel(table=[[default, impala_tpcds_store_returns]], condition=[AND(IS NOT NULL($0), IS NOT NULL($2))])
                    ImpalaProjectPassthroughRel(i_item_sk=[$0], i_item_id=[$1])
                      ImpalaHdfsScanRel(table=[[default, impala_tpcds_item]], condition=[AND(IS NOT NULL($1), IS NOT NULL($0))])
                  ImpalaProjectPassthroughRel(d_date_sk=[$0], d_date=[$2])
                    ImpalaHdfsScanRel(table=[[default, impala_tpcds_date_dim]], condition=[AND(IS NOT NULL($2), IS NOT NULL($0))])
                ImpalaProjectPassthroughRel(d_date=[$0])
                  ImpalaJoinRel(condition=[=($1, $2)], joinType=[semi])
                    ImpalaProjectPassthroughRel(d_date=[$2], d_week_seq=[$4])
                      ImpalaHdfsScanRel(table=[[default, impala_tpcds_date_dim]], condition=[AND(IS NOT NULL($2), IS NOT NULL($4))])
                    ImpalaProjectPassthroughRel(d_week_seq=[$4])
                      ImpalaHdfsScanRel(table=[[default, impala_tpcds_date_dim]], condition=[AND(IN($2, _UTF-16LE'2000-06-17':VARCHAR(2147483647) CHARACTER SET "UTF-16LE", _UTF-16LE'2000-08-22':VARCHAR(2147483647) CHARACTER SET "UTF-16LE", _UTF-16LE'2000-11-17':VARCHAR(2147483647) CHARACTER SET "UTF-16LE"), IS NOT NULL($4))])
      ImpalaProjectPassthroughRel($f0=[$0], $f1=[$1], CAST=[CAST($1):DOUBLE])
        ImpalaAggregateRel(group=[{0}], agg#0=[sum($1)])
          ImpalaProjectPassthroughRel($f0=[$4], $f1=[CAST($2):BIGINT])
            ImpalaJoinRel(condition=[=($6, $7)], joinType=[semi])
              ImpalaJoinRel(condition=[=($0, $5)], joinType=[inner])
                ImpalaJoinRel(condition=[=($1, $3)], joinType=[inner])
                  ImpalaProjectPassthroughRel(wr_returned_date_sk=[$0], wr_item_sk=[$2], wr_return_quantity=[$14])
                    ImpalaHdfsScanRel(table=[[default, impala_tpcds_web_returns]], condition=[AND(IS NOT NULL($0), IS NOT NULL($2))])
                  ImpalaProjectPassthroughRel(i_item_sk=[$0], i_item_id=[$1])
                    ImpalaHdfsScanRel(table=[[default, impala_tpcds_item]], condition=[AND(IS NOT NULL($1), IS NOT NULL($0))])
                ImpalaProjectPassthroughRel(d_date_sk=[$0], d_date=[$2])
                  ImpalaHdfsScanRel(table=[[default, impala_tpcds_date_dim]], condition=[AND(IS NOT NULL($2), IS NOT NULL($0))])
              ImpalaProjectPassthroughRel(d_date=[$0])
                ImpalaJoinRel(condition=[=($1, $2)], joinType=[semi])
                  ImpalaProjectPassthroughRel(d_date=[$2], d_week_seq=[$4])
                    ImpalaHdfsScanRel(table=[[default, impala_tpcds_date_dim]], condition=[AND(IS NOT NULL($4), IS NOT NULL($2))])
                  ImpalaProjectPassthroughRel(d_week_seq=[$4])
                    ImpalaHdfsScanRel(table=[[default, impala_tpcds_date_dim]], condition=[AND(IN($2, _UTF-16LE'2000-06-17':VARCHAR(2147483647) CHARACTER SET "UTF-16LE", _UTF-16LE'2000-08-22':VARCHAR(2147483647) CHARACTER SET "UTF-16LE", _UTF-16LE'2000-11-17':VARCHAR(2147483647) CHARACTER SET "UTF-16LE"), IS NOT NULL($4))])

HMS CALL get_table_req FOR sr_items
HMS CALL get_table_req FOR cr_items
HMS CALL get_table_req FOR wr_items
HMS CALL get_table_req FOR impala_tpcds_store_returns
HMS CALL get_table_req FOR impala_tpcds_item
HMS CALL get_table_req FOR impala_tpcds_date_dim
HMS CALL get_table_req FOR impala_tpcds_catalog_returns
HMS CALL get_table_req FOR impala_tpcds_web_returns
HMS CALL get_foreign_keys FOR impala_tpcds_store_returns
HMS CALL get_foreign_keys FOR impala_tpcds_item
HMS CALL get_foreign_keys FOR impala_tpcds_date_dim
HMS CALL get_foreign_keys FOR impala_tpcds_catalog_returns
HMS CALL get_foreign_keys FOR impala_tpcds_web_returns
PREHOOK: query: explain with sr_items as
 (select i_item_id item_id,
        sum(sr_return_quantity) sr_item_qty
 from impala_tpcds_store_returns,
      impala_tpcds_item,
      impala_tpcds_date_dim
 where sr_item_sk = i_item_sk
 and   d_date    in 
     (select d_date
     from impala_tpcds_date_dim
     where d_week_seq in 
          (select d_week_seq
          from impala_tpcds_date_dim
       where d_date in ('2000-06-17','2000-08-22','2000-11-17')))
 and   sr_returned_date_sk   = d_date_sk
 group by i_item_id),
 cr_items as
 (select i_item_id item_id,
        sum(cr_return_quantity) cr_item_qty
 from impala_tpcds_catalog_returns,
      impala_tpcds_item,
      impala_tpcds_date_dim
 where cr_item_sk = i_item_sk
 and   d_date    in 
     (select d_date
     from impala_tpcds_date_dim
     where d_week_seq in 
          (select d_week_seq
          from impala_tpcds_date_dim
       where d_date in ('2000-06-17','2000-08-22','2000-11-17')))
 and   cr_returned_date_sk   = d_date_sk
 group by i_item_id),
 wr_items as
 (select i_item_id item_id,
        sum(wr_return_quantity) wr_item_qty
 from impala_tpcds_web_returns,
      impala_tpcds_item,
      impala_tpcds_date_dim
 where wr_item_sk = i_item_sk
 and   d_date    in 
     (select d_date
     from impala_tpcds_date_dim
     where d_week_seq in 
          (select d_week_seq
          from impala_tpcds_date_dim
          where d_date in ('2000-06-17','2000-08-22','2000-11-17')))
 and   wr_returned_date_sk   = d_date_sk
 group by i_item_id)
  select  sr_items.item_id
       ,sr_item_qty
       ,sr_item_qty/(sr_item_qty+cr_item_qty+wr_item_qty)/3.0 * 100 sr_dev
       ,cr_item_qty
       ,cr_item_qty/(sr_item_qty+cr_item_qty+wr_item_qty)/3.0 * 100 cr_dev
       ,wr_item_qty
       ,wr_item_qty/(sr_item_qty+cr_item_qty+wr_item_qty)/3.0 * 100 wr_dev
       ,(sr_item_qty+cr_item_qty+wr_item_qty)/3.0 average
 from sr_items
     ,cr_items
     ,wr_items
 where sr_items.item_id=cr_items.item_id
   and sr_items.item_id=wr_items.item_id 
 order by sr_items.item_id
         ,sr_item_qty
 limit 100
PREHOOK: type: QUERY
PREHOOK: Input: default@impala_tpcds_catalog_returns
PREHOOK: Input: default@impala_tpcds_date_dim
PREHOOK: Input: default@impala_tpcds_item
PREHOOK: Input: default@impala_tpcds_store_returns
PREHOOK: Input: default@impala_tpcds_web_returns
PREHOOK: Output: streaming
POSTHOOK: query: explain with sr_items as
 (select i_item_id item_id,
        sum(sr_return_quantity) sr_item_qty
 from impala_tpcds_store_returns,
      impala_tpcds_item,
      impala_tpcds_date_dim
 where sr_item_sk = i_item_sk
 and   d_date    in 
     (select d_date
     from impala_tpcds_date_dim
     where d_week_seq in 
          (select d_week_seq
          from impala_tpcds_date_dim
       where d_date in ('2000-06-17','2000-08-22','2000-11-17')))
 and   sr_returned_date_sk   = d_date_sk
 group by i_item_id),
 cr_items as
 (select i_item_id item_id,
        sum(cr_return_quantity) cr_item_qty
 from impala_tpcds_catalog_returns,
      impala_tpcds_item,
      impala_tpcds_date_dim
 where cr_item_sk = i_item_sk
 and   d_date    in 
     (select d_date
     from impala_tpcds_date_dim
     where d_week_seq in 
          (select d_week_seq
          from impala_tpcds_date_dim
       where d_date in ('2000-06-17','2000-08-22','2000-11-17')))
 and   cr_returned_date_sk   = d_date_sk
 group by i_item_id),
 wr_items as
 (select i_item_id item_id,
        sum(wr_return_quantity) wr_item_qty
 from impala_tpcds_web_returns,
      impala_tpcds_item,
      impala_tpcds_date_dim
 where wr_item_sk = i_item_sk
 and   d_date    in 
     (select d_date
     from impala_tpcds_date_dim
     where d_week_seq in 
          (select d_week_seq
          from impala_tpcds_date_dim
          where d_date in ('2000-06-17','2000-08-22','2000-11-17')))
 and   wr_returned_date_sk   = d_date_sk
 group by i_item_id)
  select  sr_items.item_id
       ,sr_item_qty
       ,sr_item_qty/(sr_item_qty+cr_item_qty+wr_item_qty)/3.0 * 100 sr_dev
       ,cr_item_qty
       ,cr_item_qty/(sr_item_qty+cr_item_qty+wr_item_qty)/3.0 * 100 cr_dev
       ,wr_item_qty
       ,wr_item_qty/(sr_item_qty+cr_item_qty+wr_item_qty)/3.0 * 100 wr_dev
       ,(sr_item_qty+cr_item_qty+wr_item_qty)/3.0 average
 from sr_items
     ,cr_items
     ,wr_items
 where sr_items.item_id=cr_items.item_id
   and sr_items.item_id=wr_items.item_id 
 order by sr_items.item_id
         ,sr_item_qty
 limit 100
POSTHOOK: type: QUERY
POSTHOOK: Input: default@impala_tpcds_catalog_returns
POSTHOOK: Input: default@impala_tpcds_date_dim
POSTHOOK: Input: default@impala_tpcds_item
POSTHOOK: Input: default@impala_tpcds_store_returns
POSTHOOK: Input: default@impala_tpcds_web_returns
STAGE DEPENDENCIES:
  Stage-1 is a root stage
  Stage-0 is a root stage

STAGE PLANS:
  Stage: Stage-1
    Impala
      Impala Plan: 
F19:PLAN FRAGMENT [UNPARTITIONED] hosts=1 instances=1
Per-Host Resources: mem-estimate=104.00KB mem-reservation=0B thread-reservation=1
  PLAN-ROOT SINK
  |  output exprs: default.impala_tpcds_item.i_item_id, sum(casttobigint(default.impala_tpcds_store_returns.sr_return_quantity)), multiply(divide(casttodecimal(divide(casttodouble(sum(casttobigint(default.impala_tpcds_store_returns.sr_return_quantity))), casttodouble(add(add(sum(casttobigint(default.impala_tpcds_store_returns.sr_return_quantity)), sum(casttobigint(default.impala_tpcds_catalog_returns.cr_return_quantity))), sum(casttobigint(default.impala_tpcds_web_returns.wr_return_quantity)))))), 3), 100), sum(casttobigint(default.impala_tpcds_catalog_returns.cr_return_quantity)), multiply(divide(casttodecimal(divide(casttodouble(sum(casttobigint(default.impala_tpcds_catalog_returns.cr_return_quantity))), casttodouble(add(add(sum(casttobigint(default.impala_tpcds_store_returns.sr_return_quantity)), sum(casttobigint(default.impala_tpcds_catalog_returns.cr_return_quantity))), sum(casttobigint(default.impala_tpcds_web_returns.wr_return_quantity)))))), 3), 100), sum(casttobigint(default.impala_tpcds_web_returns.wr_return_quantity)), multiply(divide(casttodecimal(divide(casttodouble(sum(casttobigint(default.impala_tpcds_web_returns.wr_return_quantity))), casttodouble(add(add(sum(casttobigint(default.impala_tpcds_store_returns.sr_return_quantity)), sum(casttobigint(default.impala_tpcds_catalog_returns.cr_return_quantity))), sum(casttobigint(default.impala_tpcds_web_returns.wr_return_quantity)))))), 3), 100), divide(casttodecimal(add(add(sum(casttobigint(default.impala_tpcds_store_returns.sr_return_quantity)), sum(casttobigint(default.impala_tpcds_catalog_returns.cr_return_quantity))), sum(casttobigint(default.impala_tpcds_web_returns.wr_return_quantity)))), 3)
  |  mem-estimate=0B mem-reservation=0B thread-reservation=0
  |
  54:MERGING-EXCHANGE [UNPARTITIONED]
     order by: default.impala_tpcds_item.i_item_id ASC NULLS LAST, sum(casttobigint(default.impala_tpcds_store_returns.sr_return_quantity)) ASC NULLS LAST
     limit: 100
     mem-estimate=104.00KB mem-reservation=0B thread-reservation=0
     tuple-ids=34 row-size=100B cardinality=0
     in pipelines: 33(GETNEXT)

F18:PLAN FRAGMENT [RANDOM] hosts=1 instances=1
Per-Host Resources: mem-estimate=131.95MB mem-reservation=37.88MB thread-reservation=1
  DATASTREAM SINK [FRAGMENT=F19, EXCHANGE=54, UNPARTITIONED]
  |  mem-estimate=0B mem-reservation=0B thread-reservation=0
  33:TOP-N [LIMIT=100]
  |  order by: default.impala_tpcds_item.i_item_id ASC NULLS LAST, sum(casttobigint(default.impala_tpcds_store_returns.sr_return_quantity)) ASC NULLS LAST
  |  mem-estimate=0B mem-reservation=0B thread-reservation=0
  |  tuple-ids=34 row-size=100B cardinality=0
  |  in pipelines: 33(GETNEXT), 39(OPEN)
  |
  00:UNION
  |  mem-estimate=0B mem-reservation=0B thread-reservation=0
  |  tuple-ids=33 row-size=100B cardinality=0
  |  in pipelines: 39(GETNEXT)
  |
  32:HASH JOIN [INNER JOIN, BROADCAST]
  |  hash predicates: default.impala_tpcds_item.i_item_id = default.impala_tpcds_item_1.i_item_id
  |  fk/pk conjuncts: assumed fk/pk
  |  mem-estimate=1.94MB mem-reservation=1.94MB spill-buffer=64.00KB thread-reservation=0
  |  tuple-ids=10,21,32 row-size=60B cardinality=0
  |  in pipelines: 39(GETNEXT), 52(OPEN)
  |
  |--53:EXCHANGE [BROADCAST]
  |     mem-estimate=24.00KB mem-reservation=0B thread-reservation=0
  |     tuple-ids=32 row-size=20B cardinality=0
  |     in pipelines: 52(GETNEXT)
  |
  21:HASH JOIN [INNER JOIN, BROADCAST]
  |  hash predicates: default.impala_tpcds_item.i_item_id = default.impala_tpcds_item_0.i_item_id
  |  fk/pk conjuncts: assumed fk/pk
  |  mem-estimate=1.94MB mem-reservation=1.94MB spill-buffer=64.00KB thread-reservation=0
  |  tuple-ids=10,21 row-size=40B cardinality=0
  |  in pipelines: 39(GETNEXT), 45(OPEN)
  |
  |--46:EXCHANGE [BROADCAST]
  |     mem-estimate=24.00KB mem-reservation=0B thread-reservation=0
  |     tuple-ids=21 row-size=20B cardinality=0
  |     in pipelines: 45(GETNEXT)
  |
  39:AGGREGATE [FINALIZE]
  |  output: sum:merge(casttobigint(default.impala_tpcds_catalog_returns.cr_return_quantity))
  |  group by: default.impala_tpcds_item.i_item_id
  |  mem-estimate=128.00MB mem-reservation=34.00MB spill-buffer=2.00MB thread-reservation=0
  |  tuple-ids=10 row-size=20B cardinality=0
  |  in pipelines: 39(GETNEXT), 01(OPEN)
  |
  38:EXCHANGE [HASH(default.impala_tpcds_item.i_item_id)]
     mem-estimate=24.00KB mem-reservation=0B thread-reservation=0
     tuple-ids=10 row-size=20B cardinality=0
     in pipelines: 01(GETNEXT)

F00:PLAN FRAGMENT [RANDOM] hosts=1 instances=1
Per-Host Resources: mem-estimate=133.88MB mem-reservation=39.81MB thread-reservation=1
  DATASTREAM SINK [FRAGMENT=F18, EXCHANGE=38, HASH(default.impala_tpcds_item.i_item_id)]
  |  mem-estimate=0B mem-reservation=0B thread-reservation=0
  10:AGGREGATE [STREAMING]
  |  output: sum(casttobigint(default.impala_tpcds_catalog_returns.cr_return_quantity))
  |  group by: default.impala_tpcds_item.i_item_id
  |  mem-estimate=128.00MB mem-reservation=34.00MB spill-buffer=2.00MB thread-reservation=0
  |  tuple-ids=10 row-size=20B cardinality=0
  |  in pipelines: 01(GETNEXT)
  |
  09:HASH JOIN [LEFT SEMI JOIN, BROADCAST]
  |  hash predicates: default.impala_tpcds_date_dim.d_date = default.impala_tpcds_date_dim_0.d_date
  |  mem-estimate=1.94MB mem-reservation=1.94MB spill-buffer=64.00KB thread-reservation=0
  |  tuple-ids=0,2,4 row-size=52B cardinality=0
  |  in pipelines: 01(GETNEXT), 06(OPEN)
  |
  |--37:EXCHANGE [BROADCAST]
  |     mem-estimate=20.00KB mem-reservation=0B thread-reservation=0
  |     tuple-ids=6 row-size=16B cardinality=0
  |     in pipelines: 06(GETNEXT)
  |
  05:HASH JOIN [INNER JOIN, BROADCAST]
  |  hash predicates: default.impala_tpcds_catalog_returns.cr_returned_date_sk = default.impala_tpcds_date_dim.d_date_sk
  |  fk/pk conjuncts: assumed fk/pk
  |  mem-estimate=1.94MB mem-reservation=1.94MB spill-buffer=64.00KB thread-reservation=0
  |  tuple-ids=0,2,4 row-size=52B cardinality=0
  |  in pipelines: 01(GETNEXT), 04(OPEN)
  |
  |--35:EXCHANGE [BROADCAST]
  |     mem-estimate=20.00KB mem-reservation=0B thread-reservation=0
  |     tuple-ids=4 row-size=16B cardinality=0
  |     in pipelines: 04(GETNEXT)
  |
  03:HASH JOIN [INNER JOIN, BROADCAST]
  |  hash predicates: default.impala_tpcds_catalog_returns.cr_item_sk = default.impala_tpcds_item.i_item_sk
  |  fk/pk conjuncts: assumed fk/pk
  |  mem-estimate=1.94MB mem-reservation=1.94MB spill-buffer=64.00KB thread-reservation=0
  |  tuple-ids=0,2 row-size=36B cardinality=0
  |  in pipelines: 01(GETNEXT), 02(OPEN)
  |
  |--34:EXCHANGE [BROADCAST]
  |     mem-estimate=24.00KB mem-reservation=0B thread-reservation=0
  |     tuple-ids=2 row-size=20B cardinality=0
  |     in pipelines: 02(GETNEXT)
  |
  01:SCAN HDFS [default.impala_tpcds_catalog_returns, RANDOM]
     HDFS partitions=1/1 files=0 size=0B
     predicates: default.impala_tpcds_catalog_returns.cr_item_sk IS NOT NULL, default.impala_tpcds_catalog_returns.cr_returned_date_sk IS NOT NULL
     stored statistics:
       table: rows=unavailable size=unavailable
       columns: unavailable
     extrapolated-rows=disabled max-scan-range-rows=0
     file formats: [PARQUET]
     mem-estimate=0B mem-reservation=0B thread-reservation=0
     tuple-ids=0 row-size=16B cardinality=0
     in pipelines: 01(GETNEXT)

F01:PLAN FRAGMENT [RANDOM] hosts=1 instances=1
Per-Host Resources: mem-estimate=0B mem-reservation=0B thread-reservation=1
  DATASTREAM SINK [FRAGMENT=F00, EXCHANGE=34, BROADCAST]
  |  mem-estimate=0B mem-reservation=0B thread-reservation=0
  02:SCAN HDFS [default.impala_tpcds_item, RANDOM]
     HDFS partitions=1/1 files=0 size=0B
     predicates: default.impala_tpcds_item.i_item_id IS NOT NULL, default.impala_tpcds_item.i_item_sk IS NOT NULL
     stored statistics:
       table: rows=unavailable size=unavailable
       columns: unavailable
     extrapolated-rows=disabled max-scan-range-rows=0
     file formats: [PARQUET]
     mem-estimate=0B mem-reservation=0B thread-reservation=0
     tuple-ids=2 row-size=20B cardinality=0
     in pipelines: 02(GETNEXT)

F02:PLAN FRAGMENT [RANDOM] hosts=1 instances=1
Per-Host Resources: mem-estimate=0B mem-reservation=0B thread-reservation=1
  DATASTREAM SINK [FRAGMENT=F00, EXCHANGE=35, BROADCAST]
  |  mem-estimate=0B mem-reservation=0B thread-reservation=0
  04:SCAN HDFS [default.impala_tpcds_date_dim, RANDOM]
     HDFS partitions=1/1 files=0 size=0B
     predicates: default.impala_tpcds_date_dim.d_date IS NOT NULL, default.impala_tpcds_date_dim.d_date_sk IS NOT NULL
     stored statistics:
       table: rows=unavailable size=unavailable
       columns: unavailable
     extrapolated-rows=disabled max-scan-range-rows=0
     file formats: [PARQUET]
     mem-estimate=0B mem-reservation=0B thread-reservation=0
     tuple-ids=4 row-size=16B cardinality=0
     in pipelines: 04(GETNEXT)

F03:PLAN FRAGMENT [RANDOM] hosts=1 instances=1
Per-Host Resources: mem-estimate=1.96MB mem-reservation=1.94MB thread-reservation=1
  DATASTREAM SINK [FRAGMENT=F00, EXCHANGE=37, BROADCAST]
  |  mem-estimate=0B mem-reservation=0B thread-reservation=0
  08:HASH JOIN [LEFT SEMI JOIN, BROADCAST]
  |  hash predicates: default.impala_tpcds_date_dim_0.d_week_seq = default.impala_tpcds_date_dim_1.d_week_seq
  |  mem-estimate=1.94MB mem-reservation=1.94MB spill-buffer=64.00KB thread-reservation=0
  |  tuple-ids=6 row-size=16B cardinality=0
  |  in pipelines: 06(GETNEXT), 07(OPEN)
  |
  |--36:EXCHANGE [BROADCAST]
  |     mem-estimate=20.00KB mem-reservation=0B thread-reservation=0
  |     tuple-ids=8 row-size=16B cardinality=0
  |     in pipelines: 07(GETNEXT)
  |
  06:SCAN HDFS [default.impala_tpcds_date_dim, RANDOM]
     HDFS partitions=1/1 files=0 size=0B
     predicates: default.impala_tpcds_date_dim_0.d_date IS NOT NULL, default.impala_tpcds_date_dim_0.d_week_seq IS NOT NULL
     stored statistics:
       table: rows=unavailable size=unavailable
       columns: unavailable
     extrapolated-rows=disabled max-scan-range-rows=0
     file formats: [PARQUET]
     mem-estimate=0B mem-reservation=0B thread-reservation=0
     tuple-ids=6 row-size=16B cardinality=0
     in pipelines: 06(GETNEXT)

F04:PLAN FRAGMENT [RANDOM] hosts=1 instances=1
Per-Host Resources: mem-estimate=0B mem-reservation=0B thread-reservation=1
  DATASTREAM SINK [FRAGMENT=F03, EXCHANGE=36, BROADCAST]
  |  mem-estimate=0B mem-reservation=0B thread-reservation=0
  07:SCAN HDFS [default.impala_tpcds_date_dim, RANDOM]
     HDFS partitions=1/1 files=0 size=0B
     predicates: default.impala_tpcds_date_dim_1.d_week_seq IS NOT NULL, default.impala_tpcds_date_dim_1.d_date IN ('2000-06-17', '2000-08-22', '2000-11-17')
     stored statistics:
       table: rows=unavailable size=unavailable
       columns: unavailable
     extrapolated-rows=disabled max-scan-range-rows=0
     parquet statistics predicates: default.impala_tpcds_date_dim_1.d_date IN ('2000-06-17', '2000-08-22', '2000-11-17')
     file formats: [PARQUET]
     mem-estimate=0B mem-reservation=0B thread-reservation=0
     tuple-ids=8 row-size=16B cardinality=0
     in pipelines: 07(GETNEXT)

F11:PLAN FRAGMENT [HASH(default.impala_tpcds_item_0.i_item_id)] hosts=1 instances=1
Per-Host Resources: mem-estimate=128.02MB mem-reservation=34.00MB thread-reservation=1
  DATASTREAM SINK [FRAGMENT=F18, EXCHANGE=46, BROADCAST]
  |  mem-estimate=0B mem-reservation=0B thread-reservation=0
  45:AGGREGATE [FINALIZE]
  |  output: sum:merge(casttobigint(default.impala_tpcds_store_returns.sr_return_quantity))
  |  group by: default.impala_tpcds_item_0.i_item_id
  |  mem-estimate=128.00MB mem-reservation=34.00MB spill-buffer=2.00MB thread-reservation=0
  |  tuple-ids=21 row-size=20B cardinality=0
  |  in pipelines: 45(GETNEXT), 11(OPEN)
  |
  44:EXCHANGE [HASH(default.impala_tpcds_item_0.i_item_id)]
     mem-estimate=24.00KB mem-reservation=0B thread-reservation=0
     tuple-ids=21 row-size=20B cardinality=0
     in pipelines: 11(GETNEXT)

F06:PLAN FRAGMENT [RANDOM] hosts=1 instances=1
Per-Host Resources: mem-estimate=133.88MB mem-reservation=39.81MB thread-reservation=1
  DATASTREAM SINK [FRAGMENT=F11, EXCHANGE=44, HASH(default.impala_tpcds_item_0.i_item_id)]
  |  mem-estimate=0B mem-reservation=0B thread-reservation=0
  20:AGGREGATE [STREAMING]
  |  output: sum(casttobigint(default.impala_tpcds_store_returns.sr_return_quantity))
  |  group by: default.impala_tpcds_item_0.i_item_id
  |  mem-estimate=128.00MB mem-reservation=34.00MB spill-buffer=2.00MB thread-reservation=0
  |  tuple-ids=21 row-size=20B cardinality=0
  |  in pipelines: 11(GETNEXT)
  |
  19:HASH JOIN [LEFT SEMI JOIN, BROADCAST]
  |  hash predicates: default.impala_tpcds_date_dim_2.d_date = default.impala_tpcds_date_dim_3.d_date
  |  mem-estimate=1.94MB mem-reservation=1.94MB spill-buffer=64.00KB thread-reservation=0
  |  tuple-ids=11,13,15 row-size=52B cardinality=0
  |  in pipelines: 11(GETNEXT), 16(OPEN)
  |
  |--43:EXCHANGE [BROADCAST]
  |     mem-estimate=20.00KB mem-reservation=0B thread-reservation=0
  |     tuple-ids=17 row-size=16B cardinality=0
  |     in pipelines: 16(GETNEXT)
  |
  15:HASH JOIN [INNER JOIN, BROADCAST]
  |  hash predicates: default.impala_tpcds_store_returns.sr_returned_date_sk = default.impala_tpcds_date_dim_2.d_date_sk
  |  fk/pk conjuncts: assumed fk/pk
  |  mem-estimate=1.94MB mem-reservation=1.94MB spill-buffer=64.00KB thread-reservation=0
  |  tuple-ids=11,13,15 row-size=52B cardinality=0
  |  in pipelines: 11(GETNEXT), 14(OPEN)
  |
  |--41:EXCHANGE [BROADCAST]
  |     mem-estimate=20.00KB mem-reservation=0B thread-reservation=0
  |     tuple-ids=15 row-size=16B cardinality=0
  |     in pipelines: 14(GETNEXT)
  |
  13:HASH JOIN [INNER JOIN, BROADCAST]
  |  hash predicates: default.impala_tpcds_store_returns.sr_item_sk = default.impala_tpcds_item_0.i_item_sk
  |  fk/pk conjuncts: assumed fk/pk
  |  mem-estimate=1.94MB mem-reservation=1.94MB spill-buffer=64.00KB thread-reservation=0
  |  tuple-ids=11,13 row-size=36B cardinality=0
  |  in pipelines: 11(GETNEXT), 12(OPEN)
  |
  |--40:EXCHANGE [BROADCAST]
  |     mem-estimate=24.00KB mem-reservation=0B thread-reservation=0
  |     tuple-ids=13 row-size=20B cardinality=0
  |     in pipelines: 12(GETNEXT)
  |
  11:SCAN HDFS [default.impala_tpcds_store_returns, RANDOM]
     HDFS partitions=1/1 files=0 size=0B
     predicates: default.impala_tpcds_store_returns.sr_item_sk IS NOT NULL, default.impala_tpcds_store_returns.sr_returned_date_sk IS NOT NULL
     stored statistics:
       table: rows=unavailable size=unavailable
       columns: unavailable
     extrapolated-rows=disabled max-scan-range-rows=0
     file formats: [PARQUET]
     mem-estimate=0B mem-reservation=0B thread-reservation=0
     tuple-ids=11 row-size=16B cardinality=0
     in pipelines: 11(GETNEXT)

F07:PLAN FRAGMENT [RANDOM] hosts=1 instances=1
Per-Host Resources: mem-estimate=0B mem-reservation=0B thread-reservation=1
  DATASTREAM SINK [FRAGMENT=F06, EXCHANGE=40, BROADCAST]
  |  mem-estimate=0B mem-reservation=0B thread-reservation=0
  12:SCAN HDFS [default.impala_tpcds_item, RANDOM]
     HDFS partitions=1/1 files=0 size=0B
     predicates: default.impala_tpcds_item_0.i_item_id IS NOT NULL, default.impala_tpcds_item_0.i_item_sk IS NOT NULL
     stored statistics:
       table: rows=unavailable size=unavailable
       columns: unavailable
     extrapolated-rows=disabled max-scan-range-rows=0
     file formats: [PARQUET]
     mem-estimate=0B mem-reservation=0B thread-reservation=0
     tuple-ids=13 row-size=20B cardinality=0
     in pipelines: 12(GETNEXT)

F08:PLAN FRAGMENT [RANDOM] hosts=1 instances=1
Per-Host Resources: mem-estimate=0B mem-reservation=0B thread-reservation=1
  DATASTREAM SINK [FRAGMENT=F06, EXCHANGE=41, BROADCAST]
  |  mem-estimate=0B mem-reservation=0B thread-reservation=0
  14:SCAN HDFS [default.impala_tpcds_date_dim, RANDOM]
     HDFS partitions=1/1 files=0 size=0B
     predicates: default.impala_tpcds_date_dim_2.d_date IS NOT NULL, default.impala_tpcds_date_dim_2.d_date_sk IS NOT NULL
     stored statistics:
       table: rows=unavailable size=unavailable
       columns: unavailable
     extrapolated-rows=disabled max-scan-range-rows=0
     file formats: [PARQUET]
     mem-estimate=0B mem-reservation=0B thread-reservation=0
     tuple-ids=15 row-size=16B cardinality=0
     in pipelines: 14(GETNEXT)

F09:PLAN FRAGMENT [RANDOM] hosts=1 instances=1
Per-Host Resources: mem-estimate=1.96MB mem-reservation=1.94MB thread-reservation=1
  DATASTREAM SINK [FRAGMENT=F06, EXCHANGE=43, BROADCAST]
  |  mem-estimate=0B mem-reservation=0B thread-reservation=0
  18:HASH JOIN [LEFT SEMI JOIN, BROADCAST]
  |  hash predicates: default.impala_tpcds_date_dim_3.d_week_seq = default.impala_tpcds_date_dim_4.d_week_seq
  |  mem-estimate=1.94MB mem-reservation=1.94MB spill-buffer=64.00KB thread-reservation=0
  |  tuple-ids=17 row-size=16B cardinality=0
  |  in pipelines: 16(GETNEXT), 17(OPEN)
  |
  |--42:EXCHANGE [BROADCAST]
  |     mem-estimate=20.00KB mem-reservation=0B thread-reservation=0
  |     tuple-ids=19 row-size=16B cardinality=0
  |     in pipelines: 17(GETNEXT)
  |
  16:SCAN HDFS [default.impala_tpcds_date_dim, RANDOM]
     HDFS partitions=1/1 files=0 size=0B
     predicates: default.impala_tpcds_date_dim_3.d_date IS NOT NULL, default.impala_tpcds_date_dim_3.d_week_seq IS NOT NULL
     stored statistics:
       table: rows=unavailable size=unavailable
       columns: unavailable
     extrapolated-rows=disabled max-scan-range-rows=0
     file formats: [PARQUET]
     mem-estimate=0B mem-reservation=0B thread-reservation=0
     tuple-ids=17 row-size=16B cardinality=0
     in pipelines: 16(GETNEXT)

F10:PLAN FRAGMENT [RANDOM] hosts=1 instances=1
Per-Host Resources: mem-estimate=0B mem-reservation=0B thread-reservation=1
  DATASTREAM SINK [FRAGMENT=F09, EXCHANGE=42, BROADCAST]
  |  mem-estimate=0B mem-reservation=0B thread-reservation=0
  17:SCAN HDFS [default.impala_tpcds_date_dim, RANDOM]
     HDFS partitions=1/1 files=0 size=0B
     predicates: default.impala_tpcds_date_dim_4.d_week_seq IS NOT NULL, default.impala_tpcds_date_dim_4.d_date IN ('2000-06-17', '2000-08-22', '2000-11-17')
     stored statistics:
       table: rows=unavailable size=unavailable
       columns: unavailable
     extrapolated-rows=disabled max-scan-range-rows=0
     parquet statistics predicates: default.impala_tpcds_date_dim_4.d_date IN ('2000-06-17', '2000-08-22', '2000-11-17')
     file formats: [PARQUET]
     mem-estimate=0B mem-reservation=0B thread-reservation=0
     tuple-ids=19 row-size=16B cardinality=0
     in pipelines: 17(GETNEXT)

F17:PLAN FRAGMENT [HASH(default.impala_tpcds_item_1.i_item_id)] hosts=1 instances=1
Per-Host Resources: mem-estimate=128.02MB mem-reservation=34.00MB thread-reservation=1
  DATASTREAM SINK [FRAGMENT=F18, EXCHANGE=53, BROADCAST]
  |  mem-estimate=0B mem-reservation=0B thread-reservation=0
  52:AGGREGATE [FINALIZE]
  |  output: sum:merge(casttobigint(default.impala_tpcds_web_returns.wr_return_quantity))
  |  group by: default.impala_tpcds_item_1.i_item_id
  |  mem-estimate=128.00MB mem-reservation=34.00MB spill-buffer=2.00MB thread-reservation=0
  |  tuple-ids=32 row-size=20B cardinality=0
  |  in pipelines: 52(GETNEXT), 22(OPEN)
  |
  51:EXCHANGE [HASH(default.impala_tpcds_item_1.i_item_id)]
     mem-estimate=24.00KB mem-reservation=0B thread-reservation=0
     tuple-ids=32 row-size=20B cardinality=0
     in pipelines: 22(GETNEXT)

F12:PLAN FRAGMENT [RANDOM] hosts=1 instances=1
Per-Host Resources: mem-estimate=133.88MB mem-reservation=39.81MB thread-reservation=1
  DATASTREAM SINK [FRAGMENT=F17, EXCHANGE=51, HASH(default.impala_tpcds_item_1.i_item_id)]
  |  mem-estimate=0B mem-reservation=0B thread-reservation=0
  31:AGGREGATE [STREAMING]
  |  output: sum(casttobigint(default.impala_tpcds_web_returns.wr_return_quantity))
  |  group by: default.impala_tpcds_item_1.i_item_id
  |  mem-estimate=128.00MB mem-reservation=34.00MB spill-buffer=2.00MB thread-reservation=0
  |  tuple-ids=32 row-size=20B cardinality=0
  |  in pipelines: 22(GETNEXT)
  |
  30:HASH JOIN [LEFT SEMI JOIN, BROADCAST]
  |  hash predicates: default.impala_tpcds_date_dim_5.d_date = default.impala_tpcds_date_dim_6.d_date
  |  mem-estimate=1.94MB mem-reservation=1.94MB spill-buffer=64.00KB thread-reservation=0
  |  tuple-ids=22,24,26 row-size=52B cardinality=0
  |  in pipelines: 22(GETNEXT), 27(OPEN)
  |
  |--50:EXCHANGE [BROADCAST]
  |     mem-estimate=20.00KB mem-reservation=0B thread-reservation=0
  |     tuple-ids=28 row-size=16B cardinality=0
  |     in pipelines: 27(GETNEXT)
  |
  26:HASH JOIN [INNER JOIN, BROADCAST]
  |  hash predicates: default.impala_tpcds_web_returns.wr_returned_date_sk = default.impala_tpcds_date_dim_5.d_date_sk
  |  fk/pk conjuncts: assumed fk/pk
  |  mem-estimate=1.94MB mem-reservation=1.94MB spill-buffer=64.00KB thread-reservation=0
  |  tuple-ids=22,24,26 row-size=52B cardinality=0
  |  in pipelines: 22(GETNEXT), 25(OPEN)
  |
  |--48:EXCHANGE [BROADCAST]
  |     mem-estimate=20.00KB mem-reservation=0B thread-reservation=0
  |     tuple-ids=26 row-size=16B cardinality=0
  |     in pipelines: 25(GETNEXT)
  |
  24:HASH JOIN [INNER JOIN, BROADCAST]
  |  hash predicates: default.impala_tpcds_web_returns.wr_item_sk = default.impala_tpcds_item_1.i_item_sk
  |  fk/pk conjuncts: assumed fk/pk
  |  mem-estimate=1.94MB mem-reservation=1.94MB spill-buffer=64.00KB thread-reservation=0
  |  tuple-ids=22,24 row-size=36B cardinality=0
  |  in pipelines: 22(GETNEXT), 23(OPEN)
  |
  |--47:EXCHANGE [BROADCAST]
  |     mem-estimate=24.00KB mem-reservation=0B thread-reservation=0
  |     tuple-ids=24 row-size=20B cardinality=0
  |     in pipelines: 23(GETNEXT)
  |
  22:SCAN HDFS [default.impala_tpcds_web_returns, RANDOM]
     HDFS partitions=1/1 files=0 size=0B
     predicates: default.impala_tpcds_web_returns.wr_item_sk IS NOT NULL, default.impala_tpcds_web_returns.wr_returned_date_sk IS NOT NULL
     stored statistics:
       table: rows=unavailable size=unavailable
       columns: unavailable
     extrapolated-rows=disabled max-scan-range-rows=0
     file formats: [PARQUET]
     mem-estimate=0B mem-reservation=0B thread-reservation=0
     tuple-ids=22 row-size=16B cardinality=0
     in pipelines: 22(GETNEXT)

F13:PLAN FRAGMENT [RANDOM] hosts=1 instances=1
Per-Host Resources: mem-estimate=0B mem-reservation=0B thread-reservation=1
  DATASTREAM SINK [FRAGMENT=F12, EXCHANGE=47, BROADCAST]
  |  mem-estimate=0B mem-reservation=0B thread-reservation=0
  23:SCAN HDFS [default.impala_tpcds_item, RANDOM]
     HDFS partitions=1/1 files=0 size=0B
     predicates: default.impala_tpcds_item_1.i_item_id IS NOT NULL, default.impala_tpcds_item_1.i_item_sk IS NOT NULL
     stored statistics:
       table: rows=unavailable size=unavailable
       columns: unavailable
     extrapolated-rows=disabled max-scan-range-rows=0
     file formats: [PARQUET]
     mem-estimate=0B mem-reservation=0B thread-reservation=0
     tuple-ids=24 row-size=20B cardinality=0
     in pipelines: 23(GETNEXT)

F14:PLAN FRAGMENT [RANDOM] hosts=1 instances=1
Per-Host Resources: mem-estimate=0B mem-reservation=0B thread-reservation=1
  DATASTREAM SINK [FRAGMENT=F12, EXCHANGE=48, BROADCAST]
  |  mem-estimate=0B mem-reservation=0B thread-reservation=0
  25:SCAN HDFS [default.impala_tpcds_date_dim, RANDOM]
     HDFS partitions=1/1 files=0 size=0B
     predicates: default.impala_tpcds_date_dim_5.d_date IS NOT NULL, default.impala_tpcds_date_dim_5.d_date_sk IS NOT NULL
     stored statistics:
       table: rows=unavailable size=unavailable
       columns: unavailable
     extrapolated-rows=disabled max-scan-range-rows=0
     file formats: [PARQUET]
     mem-estimate=0B mem-reservation=0B thread-reservation=0
     tuple-ids=26 row-size=16B cardinality=0
     in pipelines: 25(GETNEXT)

F15:PLAN FRAGMENT [RANDOM] hosts=1 instances=1
Per-Host Resources: mem-estimate=1.96MB mem-reservation=1.94MB thread-reservation=1
  DATASTREAM SINK [FRAGMENT=F12, EXCHANGE=50, BROADCAST]
  |  mem-estimate=0B mem-reservation=0B thread-reservation=0
  29:HASH JOIN [LEFT SEMI JOIN, BROADCAST]
  |  hash predicates: default.impala_tpcds_date_dim_6.d_week_seq = default.impala_tpcds_date_dim_7.d_week_seq
  |  mem-estimate=1.94MB mem-reservation=1.94MB spill-buffer=64.00KB thread-reservation=0
  |  tuple-ids=28 row-size=16B cardinality=0
  |  in pipelines: 27(GETNEXT), 28(OPEN)
  |
  |--49:EXCHANGE [BROADCAST]
  |     mem-estimate=20.00KB mem-reservation=0B thread-reservation=0
  |     tuple-ids=30 row-size=16B cardinality=0
  |     in pipelines: 28(GETNEXT)
  |
  27:SCAN HDFS [default.impala_tpcds_date_dim, RANDOM]
     HDFS partitions=1/1 files=0 size=0B
     predicates: default.impala_tpcds_date_dim_6.d_date IS NOT NULL, default.impala_tpcds_date_dim_6.d_week_seq IS NOT NULL
     stored statistics:
       table: rows=unavailable size=unavailable
       columns: unavailable
     extrapolated-rows=disabled max-scan-range-rows=0
     file formats: [PARQUET]
     mem-estimate=0B mem-reservation=0B thread-reservation=0
     tuple-ids=28 row-size=16B cardinality=0
     in pipelines: 27(GETNEXT)

F16:PLAN FRAGMENT [RANDOM] hosts=1 instances=1
Per-Host Resources: mem-estimate=0B mem-reservation=0B thread-reservation=1
  DATASTREAM SINK [FRAGMENT=F15, EXCHANGE=49, BROADCAST]
  |  mem-estimate=0B mem-reservation=0B thread-reservation=0
  28:SCAN HDFS [default.impala_tpcds_date_dim, RANDOM]
     HDFS partitions=1/1 files=0 size=0B
     predicates: default.impala_tpcds_date_dim_7.d_week_seq IS NOT NULL, default.impala_tpcds_date_dim_7.d_date IN ('2000-06-17', '2000-08-22', '2000-11-17')
     stored statistics:
       table: rows=unavailable size=unavailable
       columns: unavailable
     extrapolated-rows=disabled max-scan-range-rows=0
     parquet statistics predicates: default.impala_tpcds_date_dim_7.d_date IN ('2000-06-17', '2000-08-22', '2000-11-17')
     file formats: [PARQUET]
     mem-estimate=0B mem-reservation=0B thread-reservation=0
     tuple-ids=30 row-size=16B cardinality=0
     in pipelines: 28(GETNEXT)


  Stage: Stage-0
    Fetch Operator
      limit: -1
      Processor Tree:
        ListSink

