HMS CALL get_table_req FOR impala_tpcds_call_center
HMS CALL get_table_req FOR impala_tpcds_catalog_returns
HMS CALL get_table_req FOR impala_tpcds_date_dim
HMS CALL get_table_req FOR impala_tpcds_customer
HMS CALL get_table_req FOR impala_tpcds_customer_address
HMS CALL get_table_req FOR impala_tpcds_customer_demographics
HMS CALL get_table_req FOR impala_tpcds_household_demographics
HMS CALL get_foreign_keys FOR impala_tpcds_call_center
HMS CALL get_foreign_keys FOR impala_tpcds_catalog_returns
HMS CALL get_foreign_keys FOR impala_tpcds_date_dim
HMS CALL get_foreign_keys FOR impala_tpcds_customer
HMS CALL get_foreign_keys FOR impala_tpcds_customer_address
HMS CALL get_foreign_keys FOR impala_tpcds_customer_demographics
HMS CALL get_foreign_keys FOR impala_tpcds_household_demographics
PREHOOK: query: explain cbo physical select  
        cc_call_center_id Call_Center,
        cc_name Call_Center_Name,
        cc_manager Manager,
        sum(cr_net_loss) Returns_Loss
from
        impala_tpcds_call_center,
        impala_tpcds_catalog_returns,
        impala_tpcds_date_dim,
        impala_tpcds_customer,
        impala_tpcds_customer_address,
        impala_tpcds_customer_demographics,
        impala_tpcds_household_demographics
where
        cr_call_center_sk       = cc_call_center_sk
and     cr_returned_date_sk     = d_date_sk
and     cr_returning_customer_sk= c_customer_sk
and     cd_demo_sk              = c_current_cdemo_sk
and     hd_demo_sk              = c_current_hdemo_sk
and     ca_address_sk           = c_current_addr_sk
and     d_year                  = 2000 
and     d_moy                   = 12
and     ( (cd_marital_status       = 'M' and cd_education_status     = 'Unknown')
        or(cd_marital_status       = 'W' and cd_education_status     = 'Advanced Degree'))
and     hd_buy_potential like 'Unknown%'
and     ca_gmt_offset           = -7
group by cc_call_center_id,cc_name,cc_manager,cd_marital_status,cd_education_status
order by sum(cr_net_loss) desc
PREHOOK: type: QUERY
PREHOOK: Input: default@impala_tpcds_call_center
PREHOOK: Input: default@impala_tpcds_catalog_returns
PREHOOK: Input: default@impala_tpcds_customer
PREHOOK: Input: default@impala_tpcds_customer_address
PREHOOK: Input: default@impala_tpcds_customer_demographics
PREHOOK: Input: default@impala_tpcds_date_dim
PREHOOK: Input: default@impala_tpcds_household_demographics
PREHOOK: Output: streaming
POSTHOOK: query: explain cbo physical select  
        cc_call_center_id Call_Center,
        cc_name Call_Center_Name,
        cc_manager Manager,
        sum(cr_net_loss) Returns_Loss
from
        impala_tpcds_call_center,
        impala_tpcds_catalog_returns,
        impala_tpcds_date_dim,
        impala_tpcds_customer,
        impala_tpcds_customer_address,
        impala_tpcds_customer_demographics,
        impala_tpcds_household_demographics
where
        cr_call_center_sk       = cc_call_center_sk
and     cr_returned_date_sk     = d_date_sk
and     cr_returning_customer_sk= c_customer_sk
and     cd_demo_sk              = c_current_cdemo_sk
and     hd_demo_sk              = c_current_hdemo_sk
and     ca_address_sk           = c_current_addr_sk
and     d_year                  = 2000 
and     d_moy                   = 12
and     ( (cd_marital_status       = 'M' and cd_education_status     = 'Unknown')
        or(cd_marital_status       = 'W' and cd_education_status     = 'Advanced Degree'))
and     hd_buy_potential like 'Unknown%'
and     ca_gmt_offset           = -7
group by cc_call_center_id,cc_name,cc_manager,cd_marital_status,cd_education_status
order by sum(cr_net_loss) desc
POSTHOOK: type: QUERY
POSTHOOK: Input: default@impala_tpcds_call_center
POSTHOOK: Input: default@impala_tpcds_catalog_returns
POSTHOOK: Input: default@impala_tpcds_customer
POSTHOOK: Input: default@impala_tpcds_customer_address
POSTHOOK: Input: default@impala_tpcds_customer_demographics
POSTHOOK: Input: default@impala_tpcds_date_dim
POSTHOOK: Input: default@impala_tpcds_household_demographics
CBO PLAN:
ImpalaProjectPassthroughRel(call_center=[$0], call_center_name=[$1], manager=[$2], returns_loss=[$3])
  ImpalaSortRel(sort0=[$4], dir0=[DESC])
    ImpalaProjectRel(call_center=[$2], call_center_name=[$3], manager=[$4], returns_loss=[$5], (tok_function sum (tok_table_or_col cr_net_loss))=[$5])
      ImpalaAggregateRel(group=[{7, 8, 15, 16, 17}], agg#0=[sum($12)])
        ImpalaJoinRel(condition=[=($10, $0)], joinType=[inner])
          ImpalaJoinRel(condition=[=($6, $1)], joinType=[inner])
            ImpalaJoinRel(condition=[=($5, $2)], joinType=[inner])
              ImpalaJoinRel(condition=[=($4, $3)], joinType=[inner])
                ImpalaProjectPassthroughRel(c_customer_sk=[$0], c_current_cdemo_sk=[$2], c_current_hdemo_sk=[$3], c_current_addr_sk=[$4])
                  ImpalaHdfsScanRel(table=[[default, impala_tpcds_customer]], condition=[AND(IS NOT NULL($3), IS NOT NULL($2), IS NOT NULL($4), IS NOT NULL($0))])
                ImpalaProjectPassthroughRel(ca_address_sk=[$0])
                  ImpalaHdfsScanRel(table=[[default, impala_tpcds_customer_address]], condition=[AND(=($11, CAST(-(7:TINYINT)):DECIMAL(3, 0) NOT NULL), IS NOT NULL($0))])
              ImpalaProjectPassthroughRel(hd_demo_sk=[$0])
                ImpalaHdfsScanRel(table=[[default, impala_tpcds_household_demographics]], condition=[AND(LIKE($2, _UTF-16LE'Unknown%':VARCHAR(2147483647) CHARACTER SET "UTF-16LE"), IS NOT NULL($0))])
            ImpalaProjectPassthroughRel(cd_demo_sk=[$0], cd_marital_status=[$2], cd_education_status=[$3])
              ImpalaHdfsScanRel(table=[[default, impala_tpcds_customer_demographics]], condition=[AND(OR(AND(=($2, _UTF-16LE'M'), =($3, _UTF-16LE'Unknown')), AND(=($2, _UTF-16LE'W'), =($3, _UTF-16LE'Advanced Degree'))), IN($2, _UTF-16LE'M':VARCHAR(2147483647) CHARACTER SET "UTF-16LE", _UTF-16LE'W':VARCHAR(2147483647) CHARACTER SET "UTF-16LE"), IN($3, _UTF-16LE'Unknown':VARCHAR(2147483647) CHARACTER SET "UTF-16LE", _UTF-16LE'Advanced Degree':VARCHAR(2147483647) CHARACTER SET "UTF-16LE"), IS NOT NULL($0))])
          ImpalaJoinRel(condition=[=($2, $5)], joinType=[inner])
            ImpalaJoinRel(condition=[=($0, $4)], joinType=[inner])
              ImpalaProjectPassthroughRel(cr_returned_date_sk=[$0], cr_returning_customer_sk=[$7], cr_call_center_sk=[$11], cr_net_loss=[$26])
                ImpalaHdfsScanRel(table=[[default, impala_tpcds_catalog_returns]], condition=[AND(IS NOT NULL($7), IS NOT NULL($0), IS NOT NULL($11))])
              ImpalaProjectPassthroughRel(d_date_sk=[$0])
                ImpalaHdfsScanRel(table=[[default, impala_tpcds_date_dim]], condition=[AND(=($6, 2000), =($8, 12), IS NOT NULL($0))])
            ImpalaProjectPassthroughRel(cc_call_center_sk=[$0], cc_call_center_id=[$1], cc_name=[$6], cc_manager=[$11])
              ImpalaHdfsScanRel(table=[[default, impala_tpcds_call_center]], condition=[IS NOT NULL($0)])

HMS CALL get_table_req FOR impala_tpcds_call_center
HMS CALL get_table_req FOR impala_tpcds_catalog_returns
HMS CALL get_table_req FOR impala_tpcds_date_dim
HMS CALL get_table_req FOR impala_tpcds_customer
HMS CALL get_table_req FOR impala_tpcds_customer_address
HMS CALL get_table_req FOR impala_tpcds_customer_demographics
HMS CALL get_table_req FOR impala_tpcds_household_demographics
HMS CALL get_foreign_keys FOR impala_tpcds_call_center
HMS CALL get_foreign_keys FOR impala_tpcds_catalog_returns
HMS CALL get_foreign_keys FOR impala_tpcds_date_dim
HMS CALL get_foreign_keys FOR impala_tpcds_customer
HMS CALL get_foreign_keys FOR impala_tpcds_customer_address
HMS CALL get_foreign_keys FOR impala_tpcds_customer_demographics
HMS CALL get_foreign_keys FOR impala_tpcds_household_demographics
PREHOOK: query: explain select  
        cc_call_center_id Call_Center,
        cc_name Call_Center_Name,
        cc_manager Manager,
        sum(cr_net_loss) Returns_Loss
from
        impala_tpcds_call_center,
        impala_tpcds_catalog_returns,
        impala_tpcds_date_dim,
        impala_tpcds_customer,
        impala_tpcds_customer_address,
        impala_tpcds_customer_demographics,
        impala_tpcds_household_demographics
where
        cr_call_center_sk       = cc_call_center_sk
and     cr_returned_date_sk     = d_date_sk
and     cr_returning_customer_sk= c_customer_sk
and     cd_demo_sk              = c_current_cdemo_sk
and     hd_demo_sk              = c_current_hdemo_sk
and     ca_address_sk           = c_current_addr_sk
and     d_year                  = 2000 
and     d_moy                   = 12
and     ( (cd_marital_status       = 'M' and cd_education_status     = 'Unknown')
        or(cd_marital_status       = 'W' and cd_education_status     = 'Advanced Degree'))
and     hd_buy_potential like 'Unknown%'
and     ca_gmt_offset           = -7
group by cc_call_center_id,cc_name,cc_manager,cd_marital_status,cd_education_status
order by sum(cr_net_loss) desc
PREHOOK: type: QUERY
PREHOOK: Input: default@impala_tpcds_call_center
PREHOOK: Input: default@impala_tpcds_catalog_returns
PREHOOK: Input: default@impala_tpcds_customer
PREHOOK: Input: default@impala_tpcds_customer_address
PREHOOK: Input: default@impala_tpcds_customer_demographics
PREHOOK: Input: default@impala_tpcds_date_dim
PREHOOK: Input: default@impala_tpcds_household_demographics
PREHOOK: Output: streaming
POSTHOOK: query: explain select  
        cc_call_center_id Call_Center,
        cc_name Call_Center_Name,
        cc_manager Manager,
        sum(cr_net_loss) Returns_Loss
from
        impala_tpcds_call_center,
        impala_tpcds_catalog_returns,
        impala_tpcds_date_dim,
        impala_tpcds_customer,
        impala_tpcds_customer_address,
        impala_tpcds_customer_demographics,
        impala_tpcds_household_demographics
where
        cr_call_center_sk       = cc_call_center_sk
and     cr_returned_date_sk     = d_date_sk
and     cr_returning_customer_sk= c_customer_sk
and     cd_demo_sk              = c_current_cdemo_sk
and     hd_demo_sk              = c_current_hdemo_sk
and     ca_address_sk           = c_current_addr_sk
and     d_year                  = 2000 
and     d_moy                   = 12
and     ( (cd_marital_status       = 'M' and cd_education_status     = 'Unknown')
        or(cd_marital_status       = 'W' and cd_education_status     = 'Advanced Degree'))
and     hd_buy_potential like 'Unknown%'
and     ca_gmt_offset           = -7
group by cc_call_center_id,cc_name,cc_manager,cd_marital_status,cd_education_status
order by sum(cr_net_loss) desc
POSTHOOK: type: QUERY
POSTHOOK: Input: default@impala_tpcds_call_center
POSTHOOK: Input: default@impala_tpcds_catalog_returns
POSTHOOK: Input: default@impala_tpcds_customer
POSTHOOK: Input: default@impala_tpcds_customer_address
POSTHOOK: Input: default@impala_tpcds_customer_demographics
POSTHOOK: Input: default@impala_tpcds_date_dim
POSTHOOK: Input: default@impala_tpcds_household_demographics
STAGE DEPENDENCIES:
  Stage-1 is a root stage
  Stage-0 is a root stage

STAGE PLANS:
  Stage: Stage-1
    Impala
      Impala Plan: 
F09:PLAN FRAGMENT [UNPARTITIONED] hosts=1 instances=1
Per-Host Resources: mem-estimate=72.00KB mem-reservation=0B thread-reservation=1
  PLAN-ROOT SINK
  |  output exprs: default.impala_tpcds_call_center.cc_call_center_id, default.impala_tpcds_call_center.cc_name, default.impala_tpcds_call_center.cc_manager, sum(default.impala_tpcds_catalog_returns.cr_net_loss)
  |  mem-estimate=0B mem-reservation=0B thread-reservation=0
  |
  24:MERGING-EXCHANGE [UNPARTITIONED]
     order by: sum(default.impala_tpcds_catalog_returns.cr_net_loss) DESC NULLS FIRST
     mem-estimate=72.00KB mem-reservation=0B thread-reservation=0
     tuple-ids=16 row-size=68B cardinality=0
     in pipelines: 15(GETNEXT)

F08:PLAN FRAGMENT [RANDOM] hosts=1 instances=1
Per-Host Resources: mem-estimate=140.08MB mem-reservation=46.00MB thread-reservation=1
  DATASTREAM SINK [FRAGMENT=F09, EXCHANGE=24, UNPARTITIONED]
  |  mem-estimate=0B mem-reservation=0B thread-reservation=0
  15:SORT
  |  order by: sum(default.impala_tpcds_catalog_returns.cr_net_loss) DESC NULLS FIRST
  |  mem-estimate=12.00MB mem-reservation=12.00MB spill-buffer=2.00MB thread-reservation=0
  |  tuple-ids=16 row-size=68B cardinality=0
  |  in pipelines: 15(GETNEXT), 23(OPEN)
  |
  00:UNION
  |  mem-estimate=0B mem-reservation=0B thread-reservation=0
  |  tuple-ids=15 row-size=68B cardinality=0
  |  in pipelines: 23(GETNEXT)
  |
  23:AGGREGATE [FINALIZE]
  |  output: sum:merge(default.impala_tpcds_catalog_returns.cr_net_loss)
  |  group by: default.impala_tpcds_customer_demographics.cd_marital_status, default.impala_tpcds_customer_demographics.cd_education_status, default.impala_tpcds_call_center.cc_call_center_id, default.impala_tpcds_call_center.cc_name, default.impala_tpcds_call_center.cc_manager
  |  mem-estimate=128.00MB mem-reservation=34.00MB spill-buffer=2.00MB thread-reservation=0
  |  tuple-ids=14 row-size=76B cardinality=0
  |  in pipelines: 23(GETNEXT), 01(OPEN)
  |
  22:EXCHANGE [HASH(default.impala_tpcds_customer_demographics.cd_marital_status,default.impala_tpcds_customer_demographics.cd_education_status,default.impala_tpcds_call_center.cc_call_center_id,default.impala_tpcds_call_center.cc_name,default.impala_tpcds_call_center.cc_manager)]
     mem-estimate=80.00KB mem-reservation=0B thread-reservation=0
     tuple-ids=14 row-size=76B cardinality=0
     in pipelines: 01(GETNEXT)

F00:PLAN FRAGMENT [RANDOM] hosts=1 instances=1
Per-Host Resources: mem-estimate=135.89MB mem-reservation=41.75MB thread-reservation=1
  DATASTREAM SINK [FRAGMENT=F08, EXCHANGE=22, HASH(default.impala_tpcds_customer_demographics.cd_marital_status,default.impala_tpcds_customer_demographics.cd_education_status,default.impala_tpcds_call_center.cc_call_center_id,default.impala_tpcds_call_center.cc_name,default.impala_tpcds_call_center.cc_manager)]
  |  mem-estimate=0B mem-reservation=0B thread-reservation=0
  14:AGGREGATE [STREAMING]
  |  output: sum(default.impala_tpcds_catalog_returns.cr_net_loss)
  |  group by: default.impala_tpcds_customer_demographics.cd_marital_status, default.impala_tpcds_customer_demographics.cd_education_status, default.impala_tpcds_call_center.cc_call_center_id, default.impala_tpcds_call_center.cc_name, default.impala_tpcds_call_center.cc_manager
  |  mem-estimate=128.00MB mem-reservation=34.00MB spill-buffer=2.00MB thread-reservation=0
  |  tuple-ids=14 row-size=76B cardinality=0
  |  in pipelines: 01(GETNEXT)
  |
  13:HASH JOIN [INNER JOIN, BROADCAST]
  |  hash predicates: default.impala_tpcds_customer.c_customer_sk = default.impala_tpcds_catalog_returns.cr_returning_customer_sk
  |  fk/pk conjuncts: assumed fk/pk
  |  mem-estimate=1.94MB mem-reservation=1.94MB spill-buffer=64.00KB thread-reservation=0
  |  tuple-ids=0,2,4,6,8,10,12 row-size=136B cardinality=0
  |  in pipelines: 01(GETNEXT), 08(OPEN)
  |
  |--21:EXCHANGE [BROADCAST]
  |     mem-estimate=80.00KB mem-reservation=0B thread-reservation=0
  |     tuple-ids=8,10,12 row-size=68B cardinality=0
  |     in pipelines: 08(GETNEXT)
  |
  07:HASH JOIN [INNER JOIN, BROADCAST]
  |  hash predicates: default.impala_tpcds_customer.c_current_cdemo_sk = default.impala_tpcds_customer_demographics.cd_demo_sk
  |  fk/pk conjuncts: assumed fk/pk
  |  mem-estimate=1.94MB mem-reservation=1.94MB spill-buffer=64.00KB thread-reservation=0
  |  tuple-ids=0,2,4,6 row-size=68B cardinality=0
  |  in pipelines: 01(GETNEXT), 06(OPEN)
  |
  |--18:EXCHANGE [BROADCAST]
  |     mem-estimate=32.00KB mem-reservation=0B thread-reservation=0
  |     tuple-ids=6 row-size=28B cardinality=0
  |     in pipelines: 06(GETNEXT)
  |
  05:HASH JOIN [INNER JOIN, BROADCAST]
  |  hash predicates: default.impala_tpcds_customer.c_current_hdemo_sk = default.impala_tpcds_household_demographics.hd_demo_sk
  |  fk/pk conjuncts: assumed fk/pk
  |  mem-estimate=1.94MB mem-reservation=1.94MB spill-buffer=64.00KB thread-reservation=0
  |  tuple-ids=0,2,4 row-size=40B cardinality=0
  |  in pipelines: 01(GETNEXT), 04(OPEN)
  |
  |--17:EXCHANGE [BROADCAST]
  |     mem-estimate=20.00KB mem-reservation=0B thread-reservation=0
  |     tuple-ids=4 row-size=16B cardinality=0
  |     in pipelines: 04(GETNEXT)
  |
  03:HASH JOIN [INNER JOIN, BROADCAST]
  |  hash predicates: default.impala_tpcds_customer.c_current_addr_sk = default.impala_tpcds_customer_address.ca_address_sk
  |  fk/pk conjuncts: assumed fk/pk
  |  mem-estimate=1.94MB mem-reservation=1.94MB spill-buffer=64.00KB thread-reservation=0
  |  tuple-ids=0,2 row-size=24B cardinality=0
  |  in pipelines: 01(GETNEXT), 02(OPEN)
  |
  |--16:EXCHANGE [BROADCAST]
  |     mem-estimate=16.00KB mem-reservation=0B thread-reservation=0
  |     tuple-ids=2 row-size=8B cardinality=0
  |     in pipelines: 02(GETNEXT)
  |
  01:SCAN HDFS [default.impala_tpcds_customer, RANDOM]
     HDFS partitions=1/1 files=0 size=0B
     predicates: default.impala_tpcds_customer.c_current_addr_sk IS NOT NULL, default.impala_tpcds_customer.c_current_cdemo_sk IS NOT NULL, default.impala_tpcds_customer.c_current_hdemo_sk IS NOT NULL, default.impala_tpcds_customer.c_customer_sk IS NOT NULL
     stored statistics:
       table: rows=unavailable size=unavailable
       columns: unavailable
     extrapolated-rows=disabled max-scan-range-rows=0
     mem-estimate=0B mem-reservation=0B thread-reservation=0
     tuple-ids=0 row-size=16B cardinality=0
     in pipelines: 01(GETNEXT)

F01:PLAN FRAGMENT [RANDOM] hosts=1 instances=1
Per-Host Resources: mem-estimate=0B mem-reservation=0B thread-reservation=1
  DATASTREAM SINK [FRAGMENT=F00, EXCHANGE=16, BROADCAST]
  |  mem-estimate=0B mem-reservation=0B thread-reservation=0
  02:SCAN HDFS [default.impala_tpcds_customer_address, RANDOM]
     HDFS partitions=1/1 files=0 size=0B
     predicates: default.impala_tpcds_customer_address.ca_address_sk IS NOT NULL, default.impala_tpcds_customer_address.ca_gmt_offset = casttodecimal(negative(CAST(7 AS TINYINT)))
     stored statistics:
       table: rows=unavailable size=unavailable
       columns: unavailable
     extrapolated-rows=disabled max-scan-range-rows=0
     parquet statistics predicates: default.impala_tpcds_customer_address.ca_gmt_offset = casttodecimal(negative(CAST(7 AS TINYINT)))
     mem-estimate=0B mem-reservation=0B thread-reservation=0
     tuple-ids=2 row-size=8B cardinality=0
     in pipelines: 02(GETNEXT)

F02:PLAN FRAGMENT [RANDOM] hosts=1 instances=1
Per-Host Resources: mem-estimate=0B mem-reservation=0B thread-reservation=1
  DATASTREAM SINK [FRAGMENT=F00, EXCHANGE=17, BROADCAST]
  |  mem-estimate=0B mem-reservation=0B thread-reservation=0
  04:SCAN HDFS [default.impala_tpcds_household_demographics, RANDOM]
     HDFS partitions=1/1 files=0 size=0B
     predicates: default.impala_tpcds_household_demographics.hd_demo_sk IS NOT NULL, like(default.impala_tpcds_household_demographics.hd_buy_potential, 'Unknown%')
     stored statistics:
       table: rows=unavailable size=unavailable
       columns: unavailable
     extrapolated-rows=disabled max-scan-range-rows=0
     mem-estimate=0B mem-reservation=0B thread-reservation=0
     tuple-ids=4 row-size=16B cardinality=0
     in pipelines: 04(GETNEXT)

F03:PLAN FRAGMENT [RANDOM] hosts=1 instances=1
Per-Host Resources: mem-estimate=0B mem-reservation=0B thread-reservation=1
  DATASTREAM SINK [FRAGMENT=F00, EXCHANGE=18, BROADCAST]
  |  mem-estimate=0B mem-reservation=0B thread-reservation=0
  06:SCAN HDFS [default.impala_tpcds_customer_demographics, RANDOM]
     HDFS partitions=1/1 files=0 size=0B
     predicates: default.impala_tpcds_customer_demographics.cd_demo_sk IS NOT NULL, default.impala_tpcds_customer_demographics.cd_education_status IN ('Unknown', 'Advanced Degree'), default.impala_tpcds_customer_demographics.cd_marital_status IN ('M', 'W'), default.impala_tpcds_customer_demographics.cd_marital_status = 'M' AND default.impala_tpcds_customer_demographics.cd_education_status = 'Unknown' OR default.impala_tpcds_customer_demographics.cd_marital_status = 'W' AND default.impala_tpcds_customer_demographics.cd_education_status = 'Advanced Degree'
     stored statistics:
       table: rows=unavailable size=unavailable
       columns: unavailable
     extrapolated-rows=disabled max-scan-range-rows=0
     parquet statistics predicates: default.impala_tpcds_customer_demographics.cd_education_status IN ('Unknown', 'Advanced Degree'), default.impala_tpcds_customer_demographics.cd_marital_status IN ('M', 'W')
     mem-estimate=0B mem-reservation=0B thread-reservation=0
     tuple-ids=6 row-size=28B cardinality=0
     in pipelines: 06(GETNEXT)

F04:PLAN FRAGMENT [RANDOM] hosts=1 instances=1
Per-Host Resources: mem-estimate=3.93MB mem-reservation=3.88MB thread-reservation=1
  DATASTREAM SINK [FRAGMENT=F00, EXCHANGE=21, BROADCAST]
  |  mem-estimate=0B mem-reservation=0B thread-reservation=0
  12:HASH JOIN [INNER JOIN, BROADCAST]
  |  hash predicates: default.impala_tpcds_catalog_returns.cr_call_center_sk = default.impala_tpcds_call_center.cc_call_center_sk
  |  fk/pk conjuncts: assumed fk/pk
  |  mem-estimate=1.94MB mem-reservation=1.94MB spill-buffer=64.00KB thread-reservation=0
  |  tuple-ids=8,10,12 row-size=68B cardinality=0
  |  in pipelines: 08(GETNEXT), 11(OPEN)
  |
  |--20:EXCHANGE [BROADCAST]
  |     mem-estimate=44.00KB mem-reservation=0B thread-reservation=0
  |     tuple-ids=12 row-size=40B cardinality=0
  |     in pipelines: 11(GETNEXT)
  |
  10:HASH JOIN [INNER JOIN, BROADCAST]
  |  hash predicates: default.impala_tpcds_catalog_returns.cr_returned_date_sk = default.impala_tpcds_date_dim.d_date_sk
  |  fk/pk conjuncts: assumed fk/pk
  |  mem-estimate=1.94MB mem-reservation=1.94MB spill-buffer=64.00KB thread-reservation=0
  |  tuple-ids=8,10 row-size=28B cardinality=0
  |  in pipelines: 08(GETNEXT), 09(OPEN)
  |
  |--19:EXCHANGE [BROADCAST]
  |     mem-estimate=16.00KB mem-reservation=0B thread-reservation=0
  |     tuple-ids=10 row-size=12B cardinality=0
  |     in pipelines: 09(GETNEXT)
  |
  08:SCAN HDFS [default.impala_tpcds_catalog_returns, RANDOM]
     HDFS partitions=1/1 files=0 size=0B
     predicates: default.impala_tpcds_catalog_returns.cr_call_center_sk IS NOT NULL, default.impala_tpcds_catalog_returns.cr_returned_date_sk IS NOT NULL, default.impala_tpcds_catalog_returns.cr_returning_customer_sk IS NOT NULL
     stored statistics:
       table: rows=unavailable size=unavailable
       columns: unavailable
     extrapolated-rows=disabled max-scan-range-rows=0
     mem-estimate=0B mem-reservation=0B thread-reservation=0
     tuple-ids=8 row-size=16B cardinality=0
     in pipelines: 08(GETNEXT)

F05:PLAN FRAGMENT [RANDOM] hosts=1 instances=1
Per-Host Resources: mem-estimate=0B mem-reservation=0B thread-reservation=1
  DATASTREAM SINK [FRAGMENT=F04, EXCHANGE=19, BROADCAST]
  |  mem-estimate=0B mem-reservation=0B thread-reservation=0
  09:SCAN HDFS [default.impala_tpcds_date_dim, RANDOM]
     HDFS partitions=1/1 files=0 size=0B
     predicates: default.impala_tpcds_date_dim.d_date_sk IS NOT NULL, default.impala_tpcds_date_dim.d_moy = CAST(12 AS INT), default.impala_tpcds_date_dim.d_year = CAST(2000 AS INT)
     stored statistics:
       table: rows=unavailable size=unavailable
       columns: unavailable
     extrapolated-rows=disabled max-scan-range-rows=0
     parquet statistics predicates: default.impala_tpcds_date_dim.d_moy = CAST(12 AS INT), default.impala_tpcds_date_dim.d_year = CAST(2000 AS INT)
     mem-estimate=0B mem-reservation=0B thread-reservation=0
     tuple-ids=10 row-size=12B cardinality=0
     in pipelines: 09(GETNEXT)

F06:PLAN FRAGMENT [RANDOM] hosts=1 instances=1
Per-Host Resources: mem-estimate=0B mem-reservation=0B thread-reservation=1
  DATASTREAM SINK [FRAGMENT=F04, EXCHANGE=20, BROADCAST]
  |  mem-estimate=0B mem-reservation=0B thread-reservation=0
  11:SCAN HDFS [default.impala_tpcds_call_center, RANDOM]
     HDFS partitions=1/1 files=0 size=0B
     predicates: default.impala_tpcds_call_center.cc_call_center_sk IS NOT NULL
     stored statistics:
       table: rows=unavailable size=unavailable
       columns: unavailable
     extrapolated-rows=disabled max-scan-range-rows=0
     mem-estimate=0B mem-reservation=0B thread-reservation=0
     tuple-ids=12 row-size=40B cardinality=0
     in pipelines: 11(GETNEXT)


  Stage: Stage-0
    Fetch Operator
      limit: -1
      Processor Tree:
        ListSink

