HMS CALL get_table_req FOR customer_total_return
HMS CALL get_table_req FOR impala_tpcds_customer_address
HMS CALL get_table_req FOR impala_tpcds_customer
HMS CALL get_table_req FOR impala_tpcds_web_returns
HMS CALL get_table_req FOR impala_tpcds_date_dim
HMS CALL get_foreign_keys FOR impala_tpcds_web_returns
HMS CALL get_foreign_keys FOR impala_tpcds_date_dim
HMS CALL get_foreign_keys FOR impala_tpcds_customer_address
HMS CALL get_foreign_keys FOR impala_tpcds_customer
HMS CALL get_table_req FOR customer_total_return
PREHOOK: query: explain cbo physical with customer_total_return as
 (select wr_returning_customer_sk as ctr_customer_sk
        ,ca_state as ctr_state, 
      sum(wr_return_amt) as ctr_total_return
 from impala_tpcds_web_returns
     ,impala_tpcds_date_dim
     ,impala_tpcds_customer_address
 where wr_returned_date_sk = d_date_sk 
   and d_year =2000
   and wr_returning_addr_sk = ca_address_sk 
 group by wr_returning_customer_sk
         ,ca_state)
  select  c_customer_id,c_salutation,c_first_name,c_last_name,c_preferred_cust_flag
       ,c_birth_day,c_birth_month,c_birth_year,c_birth_country,c_login,c_email_address
       ,c_last_review_date,ctr_total_return
 from customer_total_return ctr1
     ,impala_tpcds_customer_address
     ,impala_tpcds_customer
 where ctr1.ctr_total_return > (select avg(ctr_total_return)*1.2
                  from customer_total_return ctr2 
                         where ctr1.ctr_state = ctr2.ctr_state)
       and ca_address_sk = c_current_addr_sk
       and ca_state = 'GA'
       and ctr1.ctr_customer_sk = c_customer_sk
 order by c_customer_id,c_salutation,c_first_name,c_last_name,c_preferred_cust_flag
                  ,c_birth_day,c_birth_month,c_birth_year,c_birth_country,c_login,c_email_address
                  ,c_last_review_date,ctr_total_return
limit 100
PREHOOK: type: QUERY
PREHOOK: Input: default@impala_tpcds_customer
PREHOOK: Input: default@impala_tpcds_customer_address
PREHOOK: Input: default@impala_tpcds_date_dim
PREHOOK: Input: default@impala_tpcds_web_returns
PREHOOK: Output: streaming
POSTHOOK: query: explain cbo physical with customer_total_return as
 (select wr_returning_customer_sk as ctr_customer_sk
        ,ca_state as ctr_state, 
      sum(wr_return_amt) as ctr_total_return
 from impala_tpcds_web_returns
     ,impala_tpcds_date_dim
     ,impala_tpcds_customer_address
 where wr_returned_date_sk = d_date_sk 
   and d_year =2000
   and wr_returning_addr_sk = ca_address_sk 
 group by wr_returning_customer_sk
         ,ca_state)
  select  c_customer_id,c_salutation,c_first_name,c_last_name,c_preferred_cust_flag
       ,c_birth_day,c_birth_month,c_birth_year,c_birth_country,c_login,c_email_address
       ,c_last_review_date,ctr_total_return
 from customer_total_return ctr1
     ,impala_tpcds_customer_address
     ,impala_tpcds_customer
 where ctr1.ctr_total_return > (select avg(ctr_total_return)*1.2
                  from customer_total_return ctr2 
                         where ctr1.ctr_state = ctr2.ctr_state)
       and ca_address_sk = c_current_addr_sk
       and ca_state = 'GA'
       and ctr1.ctr_customer_sk = c_customer_sk
 order by c_customer_id,c_salutation,c_first_name,c_last_name,c_preferred_cust_flag
                  ,c_birth_day,c_birth_month,c_birth_year,c_birth_country,c_login,c_email_address
                  ,c_last_review_date,ctr_total_return
limit 100
POSTHOOK: type: QUERY
POSTHOOK: Input: default@impala_tpcds_customer
POSTHOOK: Input: default@impala_tpcds_customer_address
POSTHOOK: Input: default@impala_tpcds_date_dim
POSTHOOK: Input: default@impala_tpcds_web_returns
CBO PLAN:
ImpalaSortRel(sort0=[$0], sort1=[$1], sort2=[$2], sort3=[$3], sort4=[$4], sort5=[$5], sort6=[$6], sort7=[$7], sort8=[$8], sort9=[$9], sort10=[$10], sort11=[$11], sort12=[$12], dir0=[ASC], dir1=[ASC], dir2=[ASC], dir3=[ASC], dir4=[ASC], dir5=[ASC], dir6=[ASC], dir7=[ASC], dir8=[ASC], dir9=[ASC], dir10=[ASC], dir11=[ASC], dir12=[ASC], fetch=[100])
  ImpalaProjectRel(c_customer_id=[$1], c_salutation=[$3], c_first_name=[$4], c_last_name=[$5], c_preferred_cust_flag=[$6], c_birth_day=[$7], c_birth_month=[$8], c_birth_year=[$9], c_birth_country=[$10], c_login=[$11], c_email_address=[$12], c_last_review_date=[$13], ctr_total_return=[$17])
    ImpalaJoinRel(condition=[=($15, $0)], joinType=[inner])
      ImpalaJoinRel(condition=[=($14, $2)], joinType=[inner])
        ImpalaProjectPassthroughRel(c_customer_sk=[$0], c_customer_id=[$1], c_current_addr_sk=[$4], c_salutation=[$7], c_first_name=[$8], c_last_name=[$9], c_preferred_cust_flag=[$10], c_birth_day=[$11], c_birth_month=[$12], c_birth_year=[$13], c_birth_country=[$14], c_login=[$15], c_email_address=[$16], c_last_review_date=[$17])
          ImpalaHdfsScanRel(table=[[default, impala_tpcds_customer]], condition=[AND(IS NOT NULL($4), IS NOT NULL($0))])
        ImpalaProjectPassthroughRel(ca_address_sk=[$0])
          ImpalaHdfsScanRel(table=[[default, impala_tpcds_customer_address]], condition=[AND(=($8, _UTF-16LE'GA'), IS NOT NULL($0))])
      ImpalaJoinRel(condition=[AND(=($1, $3), >($2, $4))], joinType=[inner])
        ImpalaAggregateRel(group=[{1, 6}], agg#0=[sum($3)], condition=[IS NOT NULL($2)])
          ImpalaJoinRel(condition=[=($2, $5)], joinType=[inner])
            ImpalaJoinRel(condition=[=($0, $4)], joinType=[inner])
              ImpalaProjectPassthroughRel(wr_returned_date_sk=[$0], wr_returning_customer_sk=[$7], wr_returning_addr_sk=[$10], wr_return_amt=[$15])
                ImpalaHdfsScanRel(table=[[default, impala_tpcds_web_returns]], condition=[AND(IS NOT NULL($7), IS NOT NULL($10), IS NOT NULL($0))])
              ImpalaProjectPassthroughRel(d_date_sk=[$0])
                ImpalaHdfsScanRel(table=[[default, impala_tpcds_date_dim]], condition=[AND(=($6, 2000), IS NOT NULL($0))])
            ImpalaProjectPassthroughRel(ca_address_sk=[$0], ca_state=[$8])
              ImpalaHdfsScanRel(table=[[default, impala_tpcds_customer_address]], condition=[AND(IS NOT NULL($8), IS NOT NULL($0))])
        ImpalaProjectPassthroughRel(ctr_state=[$0], CASE=[*(/($1, CAST($2):DECIMAL(19, 0)), 1.2:DECIMAL(2, 1))])
          ImpalaAggregateRel(group=[{1}], agg#0=[sum($2)], agg#1=[count($2)], condition=[IS NOT NULL(CAST($2):DECIMAL(19, 0))])
            ImpalaAggregateRel(group=[{1, 6}], agg#0=[sum($3)])
              ImpalaJoinRel(condition=[=($2, $5)], joinType=[inner])
                ImpalaJoinRel(condition=[=($0, $4)], joinType=[inner])
                  ImpalaProjectPassthroughRel(wr_returned_date_sk=[$0], wr_returning_customer_sk=[$7], wr_returning_addr_sk=[$10], wr_return_amt=[$15])
                    ImpalaHdfsScanRel(table=[[default, impala_tpcds_web_returns]], condition=[AND(IS NOT NULL($0), IS NOT NULL($10))])
                  ImpalaProjectPassthroughRel(d_date_sk=[$0])
                    ImpalaHdfsScanRel(table=[[default, impala_tpcds_date_dim]], condition=[AND(=($6, 2000), IS NOT NULL($0))])
                ImpalaProjectPassthroughRel(ca_address_sk=[$0], ca_state=[$8])
                  ImpalaHdfsScanRel(table=[[default, impala_tpcds_customer_address]], condition=[AND(IS NOT NULL($0), IS NOT NULL($8))])

HMS CALL get_table_req FOR customer_total_return
HMS CALL get_table_req FOR impala_tpcds_customer_address
HMS CALL get_table_req FOR impala_tpcds_customer
HMS CALL get_table_req FOR impala_tpcds_web_returns
HMS CALL get_table_req FOR impala_tpcds_date_dim
HMS CALL get_foreign_keys FOR impala_tpcds_web_returns
HMS CALL get_foreign_keys FOR impala_tpcds_date_dim
HMS CALL get_foreign_keys FOR impala_tpcds_customer_address
HMS CALL get_foreign_keys FOR impala_tpcds_customer
HMS CALL get_table_req FOR customer_total_return
PREHOOK: query: explain with customer_total_return as
 (select wr_returning_customer_sk as ctr_customer_sk
        ,ca_state as ctr_state, 
      sum(wr_return_amt) as ctr_total_return
 from impala_tpcds_web_returns
     ,impala_tpcds_date_dim
     ,impala_tpcds_customer_address
 where wr_returned_date_sk = d_date_sk 
   and d_year =2000
   and wr_returning_addr_sk = ca_address_sk 
 group by wr_returning_customer_sk
         ,ca_state)
  select  c_customer_id,c_salutation,c_first_name,c_last_name,c_preferred_cust_flag
       ,c_birth_day,c_birth_month,c_birth_year,c_birth_country,c_login,c_email_address
       ,c_last_review_date,ctr_total_return
 from customer_total_return ctr1
     ,impala_tpcds_customer_address
     ,impala_tpcds_customer
 where ctr1.ctr_total_return > (select avg(ctr_total_return)*1.2
                  from customer_total_return ctr2 
                         where ctr1.ctr_state = ctr2.ctr_state)
       and ca_address_sk = c_current_addr_sk
       and ca_state = 'GA'
       and ctr1.ctr_customer_sk = c_customer_sk
 order by c_customer_id,c_salutation,c_first_name,c_last_name,c_preferred_cust_flag
                  ,c_birth_day,c_birth_month,c_birth_year,c_birth_country,c_login,c_email_address
                  ,c_last_review_date,ctr_total_return
limit 100
PREHOOK: type: QUERY
PREHOOK: Input: default@impala_tpcds_customer
PREHOOK: Input: default@impala_tpcds_customer_address
PREHOOK: Input: default@impala_tpcds_date_dim
PREHOOK: Input: default@impala_tpcds_web_returns
PREHOOK: Output: streaming
POSTHOOK: query: explain with customer_total_return as
 (select wr_returning_customer_sk as ctr_customer_sk
        ,ca_state as ctr_state, 
      sum(wr_return_amt) as ctr_total_return
 from impala_tpcds_web_returns
     ,impala_tpcds_date_dim
     ,impala_tpcds_customer_address
 where wr_returned_date_sk = d_date_sk 
   and d_year =2000
   and wr_returning_addr_sk = ca_address_sk 
 group by wr_returning_customer_sk
         ,ca_state)
  select  c_customer_id,c_salutation,c_first_name,c_last_name,c_preferred_cust_flag
       ,c_birth_day,c_birth_month,c_birth_year,c_birth_country,c_login,c_email_address
       ,c_last_review_date,ctr_total_return
 from customer_total_return ctr1
     ,impala_tpcds_customer_address
     ,impala_tpcds_customer
 where ctr1.ctr_total_return > (select avg(ctr_total_return)*1.2
                  from customer_total_return ctr2 
                         where ctr1.ctr_state = ctr2.ctr_state)
       and ca_address_sk = c_current_addr_sk
       and ca_state = 'GA'
       and ctr1.ctr_customer_sk = c_customer_sk
 order by c_customer_id,c_salutation,c_first_name,c_last_name,c_preferred_cust_flag
                  ,c_birth_day,c_birth_month,c_birth_year,c_birth_country,c_login,c_email_address
                  ,c_last_review_date,ctr_total_return
limit 100
POSTHOOK: type: QUERY
POSTHOOK: Input: default@impala_tpcds_customer
POSTHOOK: Input: default@impala_tpcds_customer_address
POSTHOOK: Input: default@impala_tpcds_date_dim
POSTHOOK: Input: default@impala_tpcds_web_returns
STAGE DEPENDENCIES:
  Stage-1 is a root stage
  Stage-0 is a root stage

STAGE PLANS:
  Stage: Stage-1
    Impala
      Impala Plan: 
F12:PLAN FRAGMENT [UNPARTITIONED] hosts=1 instances=1
Per-Host Resources: mem-estimate=140.00KB mem-reservation=0B thread-reservation=1
  PLAN-ROOT SINK
  |  output exprs: default.impala_tpcds_customer.c_customer_id, default.impala_tpcds_customer.c_salutation, default.impala_tpcds_customer.c_first_name, default.impala_tpcds_customer.c_last_name, default.impala_tpcds_customer.c_preferred_cust_flag, default.impala_tpcds_customer.c_birth_day, default.impala_tpcds_customer.c_birth_month, default.impala_tpcds_customer.c_birth_year, default.impala_tpcds_customer.c_birth_country, default.impala_tpcds_customer.c_login, default.impala_tpcds_customer.c_email_address, default.impala_tpcds_customer.c_last_review_date, sum(default.impala_tpcds_web_returns.wr_return_amt)
  |  mem-estimate=0B mem-reservation=0B thread-reservation=0
  |
  33:MERGING-EXCHANGE [UNPARTITIONED]
     order by: default.impala_tpcds_customer.c_customer_id ASC NULLS LAST, default.impala_tpcds_customer.c_salutation ASC NULLS LAST, default.impala_tpcds_customer.c_first_name ASC NULLS LAST, default.impala_tpcds_customer.c_last_name ASC NULLS LAST, default.impala_tpcds_customer.c_preferred_cust_flag ASC NULLS LAST, default.impala_tpcds_customer.c_birth_day ASC NULLS LAST, default.impala_tpcds_customer.c_birth_month ASC NULLS LAST, default.impala_tpcds_customer.c_birth_year ASC NULLS LAST, default.impala_tpcds_customer.c_birth_country ASC NULLS LAST, default.impala_tpcds_customer.c_login ASC NULLS LAST, default.impala_tpcds_customer.c_email_address ASC NULLS LAST, default.impala_tpcds_customer.c_last_review_date ASC NULLS LAST, sum(default.impala_tpcds_web_returns.wr_return_amt) ASC NULLS LAST
     limit: 100
     mem-estimate=140.00KB mem-reservation=0B thread-reservation=0
     tuple-ids=20 row-size=136B cardinality=0
     in pipelines: 19(GETNEXT)

F11:PLAN FRAGMENT [RANDOM] hosts=1 instances=1
Per-Host Resources: mem-estimate=3.97MB mem-reservation=3.88MB thread-reservation=1
  DATASTREAM SINK [FRAGMENT=F12, EXCHANGE=33, UNPARTITIONED]
  |  mem-estimate=0B mem-reservation=0B thread-reservation=0
  19:TOP-N [LIMIT=100]
  |  order by: default.impala_tpcds_customer.c_customer_id ASC NULLS LAST, default.impala_tpcds_customer.c_salutation ASC NULLS LAST, default.impala_tpcds_customer.c_first_name ASC NULLS LAST, default.impala_tpcds_customer.c_last_name ASC NULLS LAST, default.impala_tpcds_customer.c_preferred_cust_flag ASC NULLS LAST, default.impala_tpcds_customer.c_birth_day ASC NULLS LAST, default.impala_tpcds_customer.c_birth_month ASC NULLS LAST, default.impala_tpcds_customer.c_birth_year ASC NULLS LAST, default.impala_tpcds_customer.c_birth_country ASC NULLS LAST, default.impala_tpcds_customer.c_login ASC NULLS LAST, default.impala_tpcds_customer.c_email_address ASC NULLS LAST, default.impala_tpcds_customer.c_last_review_date ASC NULLS LAST, sum(default.impala_tpcds_web_returns.wr_return_amt) ASC NULLS LAST
  |  mem-estimate=0B mem-reservation=0B thread-reservation=0
  |  tuple-ids=20 row-size=136B cardinality=0
  |  in pipelines: 19(GETNEXT), 01(OPEN)
  |
  00:UNION
  |  mem-estimate=0B mem-reservation=0B thread-reservation=0
  |  tuple-ids=19 row-size=136B cardinality=0
  |  in pipelines: 01(GETNEXT)
  |
  18:HASH JOIN [INNER JOIN, BROADCAST]
  |  hash predicates: default.impala_tpcds_customer.c_customer_sk = default.impala_tpcds_web_returns.wr_returning_customer_sk
  |  fk/pk conjuncts: assumed fk/pk
  |  mem-estimate=1.94MB mem-reservation=1.94MB spill-buffer=64.00KB thread-reservation=0
  |  tuple-ids=0,2,10,18 row-size=212B cardinality=0
  |  in pipelines: 01(GETNEXT), 24(OPEN)
  |
  |--32:EXCHANGE [BROADCAST]
  |     mem-estimate=76.00KB mem-reservation=0B thread-reservation=0
  |     tuple-ids=10,18 row-size=68B cardinality=0
  |     in pipelines: 24(GETNEXT)
  |
  03:HASH JOIN [INNER JOIN, BROADCAST]
  |  hash predicates: default.impala_tpcds_customer.c_current_addr_sk = default.impala_tpcds_customer_address.ca_address_sk
  |  fk/pk conjuncts: assumed fk/pk
  |  mem-estimate=1.94MB mem-reservation=1.94MB spill-buffer=64.00KB thread-reservation=0
  |  tuple-ids=0,2 row-size=144B cardinality=0
  |  in pipelines: 01(GETNEXT), 02(OPEN)
  |
  |--20:EXCHANGE [BROADCAST]
  |     mem-estimate=20.00KB mem-reservation=0B thread-reservation=0
  |     tuple-ids=2 row-size=16B cardinality=0
  |     in pipelines: 02(GETNEXT)
  |
  01:SCAN HDFS [default.impala_tpcds_customer, RANDOM]
     HDFS partitions=1/1 files=0 size=0B
     predicates: default.impala_tpcds_customer.c_current_addr_sk IS NOT NULL, default.impala_tpcds_customer.c_customer_sk IS NOT NULL
     stored statistics:
       table: rows=unavailable size=unavailable
       columns: unavailable
     extrapolated-rows=disabled max-scan-range-rows=0
     mem-estimate=0B mem-reservation=0B thread-reservation=0
     tuple-ids=0 row-size=128B cardinality=0
     in pipelines: 01(GETNEXT)

F01:PLAN FRAGMENT [RANDOM] hosts=1 instances=1
Per-Host Resources: mem-estimate=0B mem-reservation=0B thread-reservation=1
  DATASTREAM SINK [FRAGMENT=F11, EXCHANGE=20, BROADCAST]
  |  mem-estimate=0B mem-reservation=0B thread-reservation=0
  02:SCAN HDFS [default.impala_tpcds_customer_address, RANDOM]
     HDFS partitions=1/1 files=0 size=0B
     predicates: default.impala_tpcds_customer_address.ca_address_sk IS NOT NULL, default.impala_tpcds_customer_address.ca_state = 'GA'
     stored statistics:
       table: rows=unavailable size=unavailable
       columns: unavailable
     extrapolated-rows=disabled max-scan-range-rows=0
     parquet statistics predicates: default.impala_tpcds_customer_address.ca_state = 'GA'
     mem-estimate=0B mem-reservation=0B thread-reservation=0
     tuple-ids=2 row-size=16B cardinality=0
     in pipelines: 02(GETNEXT)

F05:PLAN FRAGMENT [HASH(default.impala_tpcds_web_returns.wr_returning_customer_sk,default.impala_tpcds_customer_address_0.ca_state)] hosts=1 instances=1
Per-Host Resources: mem-estimate=130.01MB mem-reservation=35.94MB thread-reservation=1
  DATASTREAM SINK [FRAGMENT=F11, EXCHANGE=32, BROADCAST]
  |  mem-estimate=0B mem-reservation=0B thread-reservation=0
  17:HASH JOIN [INNER JOIN, BROADCAST]
  |  hash predicates: default.impala_tpcds_customer_address_0.ca_state = default.impala_tpcds_customer_address_1.ca_state
  |  fk/pk conjuncts: assumed fk/pk
  |  other join predicates: sum(default.impala_tpcds_web_returns.wr_return_amt) > multiply(divide(sum(sum(default.impala_tpcds_web_returns_0.wr_return_amt)), casttodecimal(count(sum(default.impala_tpcds_web_returns_0.wr_return_amt)))), CAST(1.2 AS DECIMAL(2,1)))
  |  mem-estimate=1.94MB mem-reservation=1.94MB spill-buffer=64.00KB thread-reservation=0
  |  tuple-ids=10,18 row-size=68B cardinality=0
  |  in pipelines: 24(GETNEXT), 30(OPEN)
  |
  |--31:EXCHANGE [BROADCAST]
  |     mem-estimate=40.00KB mem-reservation=0B thread-reservation=0
  |     tuple-ids=18 row-size=36B cardinality=0
  |     in pipelines: 30(GETNEXT)
  |
  24:AGGREGATE [FINALIZE]
  |  output: sum:merge(default.impala_tpcds_web_returns.wr_return_amt)
  |  group by: default.impala_tpcds_web_returns.wr_returning_customer_sk, default.impala_tpcds_customer_address_0.ca_state
  |  having: sum(default.impala_tpcds_web_returns.wr_return_amt) IS NOT NULL
  |  mem-estimate=128.00MB mem-reservation=34.00MB spill-buffer=2.00MB thread-reservation=0
  |  tuple-ids=10 row-size=32B cardinality=0
  |  in pipelines: 24(GETNEXT), 04(OPEN)
  |
  23:EXCHANGE [HASH(default.impala_tpcds_web_returns.wr_returning_customer_sk,default.impala_tpcds_customer_address_0.ca_state)]
     mem-estimate=36.00KB mem-reservation=0B thread-reservation=0
     tuple-ids=10 row-size=32B cardinality=0
     in pipelines: 04(GETNEXT)

F02:PLAN FRAGMENT [RANDOM] hosts=1 instances=1
Per-Host Resources: mem-estimate=131.91MB mem-reservation=37.88MB thread-reservation=1
  DATASTREAM SINK [FRAGMENT=F05, EXCHANGE=23, HASH(default.impala_tpcds_web_returns.wr_returning_customer_sk,default.impala_tpcds_customer_address_0.ca_state)]
  |  mem-estimate=0B mem-reservation=0B thread-reservation=0
  09:AGGREGATE [STREAMING]
  |  output: sum(default.impala_tpcds_web_returns.wr_return_amt)
  |  group by: default.impala_tpcds_web_returns.wr_returning_customer_sk, default.impala_tpcds_customer_address_0.ca_state
  |  mem-estimate=128.00MB mem-reservation=34.00MB spill-buffer=2.00MB thread-reservation=0
  |  tuple-ids=10 row-size=32B cardinality=0
  |  in pipelines: 04(GETNEXT)
  |
  08:HASH JOIN [INNER JOIN, BROADCAST]
  |  hash predicates: default.impala_tpcds_web_returns.wr_returning_addr_sk = default.impala_tpcds_customer_address_0.ca_address_sk
  |  fk/pk conjuncts: assumed fk/pk
  |  mem-estimate=1.94MB mem-reservation=1.94MB spill-buffer=64.00KB thread-reservation=0
  |  tuple-ids=4,6,8 row-size=40B cardinality=0
  |  in pipelines: 04(GETNEXT), 07(OPEN)
  |
  |--22:EXCHANGE [BROADCAST]
  |     mem-estimate=20.00KB mem-reservation=0B thread-reservation=0
  |     tuple-ids=8 row-size=16B cardinality=0
  |     in pipelines: 07(GETNEXT)
  |
  06:HASH JOIN [INNER JOIN, BROADCAST]
  |  hash predicates: default.impala_tpcds_web_returns.wr_returned_date_sk = default.impala_tpcds_date_dim.d_date_sk
  |  fk/pk conjuncts: assumed fk/pk
  |  mem-estimate=1.94MB mem-reservation=1.94MB spill-buffer=64.00KB thread-reservation=0
  |  tuple-ids=4,6 row-size=24B cardinality=0
  |  in pipelines: 04(GETNEXT), 05(OPEN)
  |
  |--21:EXCHANGE [BROADCAST]
  |     mem-estimate=16.00KB mem-reservation=0B thread-reservation=0
  |     tuple-ids=6 row-size=8B cardinality=0
  |     in pipelines: 05(GETNEXT)
  |
  04:SCAN HDFS [default.impala_tpcds_web_returns, RANDOM]
     HDFS partitions=1/1 files=0 size=0B
     predicates: default.impala_tpcds_web_returns.wr_returned_date_sk IS NOT NULL, default.impala_tpcds_web_returns.wr_returning_addr_sk IS NOT NULL, default.impala_tpcds_web_returns.wr_returning_customer_sk IS NOT NULL
     stored statistics:
       table: rows=unavailable size=unavailable
       columns: unavailable
     extrapolated-rows=disabled max-scan-range-rows=0
     mem-estimate=0B mem-reservation=0B thread-reservation=0
     tuple-ids=4 row-size=16B cardinality=0
     in pipelines: 04(GETNEXT)

F03:PLAN FRAGMENT [RANDOM] hosts=1 instances=1
Per-Host Resources: mem-estimate=0B mem-reservation=0B thread-reservation=1
  DATASTREAM SINK [FRAGMENT=F02, EXCHANGE=21, BROADCAST]
  |  mem-estimate=0B mem-reservation=0B thread-reservation=0
  05:SCAN HDFS [default.impala_tpcds_date_dim, RANDOM]
     HDFS partitions=1/1 files=0 size=0B
     predicates: default.impala_tpcds_date_dim.d_date_sk IS NOT NULL, default.impala_tpcds_date_dim.d_year = CAST(2000 AS INT)
     stored statistics:
       table: rows=unavailable size=unavailable
       columns: unavailable
     extrapolated-rows=disabled max-scan-range-rows=0
     parquet statistics predicates: default.impala_tpcds_date_dim.d_year = CAST(2000 AS INT)
     mem-estimate=0B mem-reservation=0B thread-reservation=0
     tuple-ids=6 row-size=8B cardinality=0
     in pipelines: 05(GETNEXT)

F04:PLAN FRAGMENT [RANDOM] hosts=1 instances=1
Per-Host Resources: mem-estimate=0B mem-reservation=0B thread-reservation=1
  DATASTREAM SINK [FRAGMENT=F02, EXCHANGE=22, BROADCAST]
  |  mem-estimate=0B mem-reservation=0B thread-reservation=0
  07:SCAN HDFS [default.impala_tpcds_customer_address, RANDOM]
     HDFS partitions=1/1 files=0 size=0B
     predicates: default.impala_tpcds_customer_address_0.ca_address_sk IS NOT NULL, default.impala_tpcds_customer_address_0.ca_state IS NOT NULL
     stored statistics:
       table: rows=unavailable size=unavailable
       columns: unavailable
     extrapolated-rows=disabled max-scan-range-rows=0
     mem-estimate=0B mem-reservation=0B thread-reservation=0
     tuple-ids=8 row-size=16B cardinality=0
     in pipelines: 07(GETNEXT)

F10:PLAN FRAGMENT [HASH(default.impala_tpcds_customer_address_1.ca_state)] hosts=1 instances=1
Per-Host Resources: mem-estimate=128.04MB mem-reservation=34.00MB thread-reservation=1
  DATASTREAM SINK [FRAGMENT=F05, EXCHANGE=31, BROADCAST]
  |  mem-estimate=0B mem-reservation=0B thread-reservation=0
  30:AGGREGATE [FINALIZE]
  |  output: sum:merge(sum(default.impala_tpcds_web_returns_0.wr_return_amt)), count:merge(sum(default.impala_tpcds_web_returns_0.wr_return_amt))
  |  group by: default.impala_tpcds_customer_address_1.ca_state
  |  having: casttodecimal(count(sum(default.impala_tpcds_web_returns_0.wr_return_amt))) IS NOT NULL
  |  mem-estimate=128.00MB mem-reservation=34.00MB spill-buffer=2.00MB thread-reservation=0
  |  tuple-ids=18 row-size=36B cardinality=0
  |  in pipelines: 30(GETNEXT), 28(OPEN)
  |
  29:EXCHANGE [HASH(default.impala_tpcds_customer_address_1.ca_state)]
     mem-estimate=40.00KB mem-reservation=0B thread-reservation=0
     tuple-ids=18 row-size=36B cardinality=0
     in pipelines: 28(GETNEXT)

F09:PLAN FRAGMENT [HASH(default.impala_tpcds_web_returns_0.wr_returning_customer_sk,default.impala_tpcds_customer_address_1.ca_state)] hosts=1 instances=1
Per-Host Resources: mem-estimate=256.04MB mem-reservation=68.00MB thread-reservation=1
  DATASTREAM SINK [FRAGMENT=F10, EXCHANGE=29, HASH(default.impala_tpcds_customer_address_1.ca_state)]
  |  mem-estimate=0B mem-reservation=0B thread-reservation=0
  16:AGGREGATE [STREAMING]
  |  output: sum(sum(default.impala_tpcds_web_returns_0.wr_return_amt)), count(sum(default.impala_tpcds_web_returns_0.wr_return_amt))
  |  group by: default.impala_tpcds_customer_address_1.ca_state
  |  mem-estimate=128.00MB mem-reservation=34.00MB spill-buffer=2.00MB thread-reservation=0
  |  tuple-ids=18 row-size=36B cardinality=0
  |  in pipelines: 28(GETNEXT)
  |
  28:AGGREGATE [FINALIZE]
  |  output: sum:merge(default.impala_tpcds_web_returns_0.wr_return_amt)
  |  group by: default.impala_tpcds_web_returns_0.wr_returning_customer_sk, default.impala_tpcds_customer_address_1.ca_state
  |  mem-estimate=128.00MB mem-reservation=34.00MB spill-buffer=2.00MB thread-reservation=0
  |  tuple-ids=17 row-size=32B cardinality=0
  |  in pipelines: 28(GETNEXT), 10(OPEN)
  |
  27:EXCHANGE [HASH(default.impala_tpcds_web_returns_0.wr_returning_customer_sk,default.impala_tpcds_customer_address_1.ca_state)]
     mem-estimate=36.00KB mem-reservation=0B thread-reservation=0
     tuple-ids=17 row-size=32B cardinality=0
     in pipelines: 10(GETNEXT)

F06:PLAN FRAGMENT [RANDOM] hosts=1 instances=1
Per-Host Resources: mem-estimate=131.91MB mem-reservation=37.88MB thread-reservation=1
  DATASTREAM SINK [FRAGMENT=F09, EXCHANGE=27, HASH(default.impala_tpcds_web_returns_0.wr_returning_customer_sk,default.impala_tpcds_customer_address_1.ca_state)]
  |  mem-estimate=0B mem-reservation=0B thread-reservation=0
  15:AGGREGATE [STREAMING]
  |  output: sum(default.impala_tpcds_web_returns_0.wr_return_amt)
  |  group by: default.impala_tpcds_web_returns_0.wr_returning_customer_sk, default.impala_tpcds_customer_address_1.ca_state
  |  mem-estimate=128.00MB mem-reservation=34.00MB spill-buffer=2.00MB thread-reservation=0
  |  tuple-ids=17 row-size=32B cardinality=0
  |  in pipelines: 10(GETNEXT)
  |
  14:HASH JOIN [INNER JOIN, BROADCAST]
  |  hash predicates: default.impala_tpcds_web_returns_0.wr_returning_addr_sk = default.impala_tpcds_customer_address_1.ca_address_sk
  |  fk/pk conjuncts: assumed fk/pk
  |  mem-estimate=1.94MB mem-reservation=1.94MB spill-buffer=64.00KB thread-reservation=0
  |  tuple-ids=11,13,15 row-size=40B cardinality=0
  |  in pipelines: 10(GETNEXT), 13(OPEN)
  |
  |--26:EXCHANGE [BROADCAST]
  |     mem-estimate=20.00KB mem-reservation=0B thread-reservation=0
  |     tuple-ids=15 row-size=16B cardinality=0
  |     in pipelines: 13(GETNEXT)
  |
  12:HASH JOIN [INNER JOIN, BROADCAST]
  |  hash predicates: default.impala_tpcds_web_returns_0.wr_returned_date_sk = default.impala_tpcds_date_dim_0.d_date_sk
  |  fk/pk conjuncts: assumed fk/pk
  |  mem-estimate=1.94MB mem-reservation=1.94MB spill-buffer=64.00KB thread-reservation=0
  |  tuple-ids=11,13 row-size=24B cardinality=0
  |  in pipelines: 10(GETNEXT), 11(OPEN)
  |
  |--25:EXCHANGE [BROADCAST]
  |     mem-estimate=16.00KB mem-reservation=0B thread-reservation=0
  |     tuple-ids=13 row-size=8B cardinality=0
  |     in pipelines: 11(GETNEXT)
  |
  10:SCAN HDFS [default.impala_tpcds_web_returns, RANDOM]
     HDFS partitions=1/1 files=0 size=0B
     predicates: default.impala_tpcds_web_returns_0.wr_returned_date_sk IS NOT NULL, default.impala_tpcds_web_returns_0.wr_returning_addr_sk IS NOT NULL
     stored statistics:
       table: rows=unavailable size=unavailable
       columns: unavailable
     extrapolated-rows=disabled max-scan-range-rows=0
     mem-estimate=0B mem-reservation=0B thread-reservation=0
     tuple-ids=11 row-size=16B cardinality=0
     in pipelines: 10(GETNEXT)

F07:PLAN FRAGMENT [RANDOM] hosts=1 instances=1
Per-Host Resources: mem-estimate=0B mem-reservation=0B thread-reservation=1
  DATASTREAM SINK [FRAGMENT=F06, EXCHANGE=25, BROADCAST]
  |  mem-estimate=0B mem-reservation=0B thread-reservation=0
  11:SCAN HDFS [default.impala_tpcds_date_dim, RANDOM]
     HDFS partitions=1/1 files=0 size=0B
     predicates: default.impala_tpcds_date_dim_0.d_date_sk IS NOT NULL, default.impala_tpcds_date_dim_0.d_year = CAST(2000 AS INT)
     stored statistics:
       table: rows=unavailable size=unavailable
       columns: unavailable
     extrapolated-rows=disabled max-scan-range-rows=0
     parquet statistics predicates: default.impala_tpcds_date_dim_0.d_year = CAST(2000 AS INT)
     mem-estimate=0B mem-reservation=0B thread-reservation=0
     tuple-ids=13 row-size=8B cardinality=0
     in pipelines: 11(GETNEXT)

F08:PLAN FRAGMENT [RANDOM] hosts=1 instances=1
Per-Host Resources: mem-estimate=0B mem-reservation=0B thread-reservation=1
  DATASTREAM SINK [FRAGMENT=F06, EXCHANGE=26, BROADCAST]
  |  mem-estimate=0B mem-reservation=0B thread-reservation=0
  13:SCAN HDFS [default.impala_tpcds_customer_address, RANDOM]
     HDFS partitions=1/1 files=0 size=0B
     predicates: default.impala_tpcds_customer_address_1.ca_address_sk IS NOT NULL, default.impala_tpcds_customer_address_1.ca_state IS NOT NULL
     stored statistics:
       table: rows=unavailable size=unavailable
       columns: unavailable
     extrapolated-rows=disabled max-scan-range-rows=0
     mem-estimate=0B mem-reservation=0B thread-reservation=0
     tuple-ids=15 row-size=16B cardinality=0
     in pipelines: 13(GETNEXT)


  Stage: Stage-0
    Fetch Operator
      limit: -1
      Processor Tree:
        ListSink

