PREHOOK: query: explain cbo select  i_item_desc
      ,w_warehouse_name
      ,d1.d_week_seq
      ,sum(case when p_promo_sk is null then 1 else 0 end) no_promo
      ,sum(case when p_promo_sk is not null then 1 else 0 end) promo
      ,count(*) total_cnt
from impala_tpcds_catalog_sales
join impala_tpcds_inventory on (cs_item_sk = inv_item_sk)
join impala_tpcds_warehouse on (w_warehouse_sk=inv_warehouse_sk)
join impala_tpcds_item on (i_item_sk = cs_item_sk)
join impala_tpcds_customer_demographics on (cs_bill_cdemo_sk = cd_demo_sk)
join impala_tpcds_household_demographics on (cs_bill_hdemo_sk = hd_demo_sk)
join impala_tpcds_date_dim d1 on (cs_sold_date_sk = d1.d_date_sk)
join impala_tpcds_date_dim d2 on (inv_date_sk = d2.d_date_sk)
join impala_tpcds_date_dim d3 on (cs_ship_date_sk = d3.d_date_sk)
left outer join impala_tpcds_promotion on (cs_promo_sk=p_promo_sk)
left outer join impala_tpcds_catalog_returns on (cr_item_sk = cs_item_sk and cr_order_number = cs_order_number)
where d1.d_week_seq = d2.d_week_seq
  and inv_quantity_on_hand < cs_quantity 
  and d3.d_date > d1.d_date + INTERVAL(5) DAY 
  and hd_buy_potential = '1001-5000'
  and d1.d_year = 2000
  and cd_marital_status = 'D'
group by i_item_desc,w_warehouse_name,d1.d_week_seq
order by total_cnt desc, i_item_desc, w_warehouse_name, d_week_seq
limit 100
PREHOOK: type: QUERY
PREHOOK: Input: default@impala_tpcds_catalog_returns
PREHOOK: Input: default@impala_tpcds_catalog_sales
PREHOOK: Input: default@impala_tpcds_customer_demographics
PREHOOK: Input: default@impala_tpcds_date_dim
PREHOOK: Input: default@impala_tpcds_household_demographics
PREHOOK: Input: default@impala_tpcds_inventory
PREHOOK: Input: default@impala_tpcds_item
PREHOOK: Input: default@impala_tpcds_promotion
PREHOOK: Input: default@impala_tpcds_warehouse
PREHOOK: Output: streaming
POSTHOOK: query: explain cbo select  i_item_desc
      ,w_warehouse_name
      ,d1.d_week_seq
      ,sum(case when p_promo_sk is null then 1 else 0 end) no_promo
      ,sum(case when p_promo_sk is not null then 1 else 0 end) promo
      ,count(*) total_cnt
from impala_tpcds_catalog_sales
join impala_tpcds_inventory on (cs_item_sk = inv_item_sk)
join impala_tpcds_warehouse on (w_warehouse_sk=inv_warehouse_sk)
join impala_tpcds_item on (i_item_sk = cs_item_sk)
join impala_tpcds_customer_demographics on (cs_bill_cdemo_sk = cd_demo_sk)
join impala_tpcds_household_demographics on (cs_bill_hdemo_sk = hd_demo_sk)
join impala_tpcds_date_dim d1 on (cs_sold_date_sk = d1.d_date_sk)
join impala_tpcds_date_dim d2 on (inv_date_sk = d2.d_date_sk)
join impala_tpcds_date_dim d3 on (cs_ship_date_sk = d3.d_date_sk)
left outer join impala_tpcds_promotion on (cs_promo_sk=p_promo_sk)
left outer join impala_tpcds_catalog_returns on (cr_item_sk = cs_item_sk and cr_order_number = cs_order_number)
where d1.d_week_seq = d2.d_week_seq
  and inv_quantity_on_hand < cs_quantity 
  and d3.d_date > d1.d_date + INTERVAL(5) DAY 
  and hd_buy_potential = '1001-5000'
  and d1.d_year = 2000
  and cd_marital_status = 'D'
group by i_item_desc,w_warehouse_name,d1.d_week_seq
order by total_cnt desc, i_item_desc, w_warehouse_name, d_week_seq
limit 100
POSTHOOK: type: QUERY
POSTHOOK: Input: default@impala_tpcds_catalog_returns
POSTHOOK: Input: default@impala_tpcds_catalog_sales
POSTHOOK: Input: default@impala_tpcds_customer_demographics
POSTHOOK: Input: default@impala_tpcds_date_dim
POSTHOOK: Input: default@impala_tpcds_household_demographics
POSTHOOK: Input: default@impala_tpcds_inventory
POSTHOOK: Input: default@impala_tpcds_item
POSTHOOK: Input: default@impala_tpcds_promotion
POSTHOOK: Input: default@impala_tpcds_warehouse
CBO PLAN:
ImpalaSortRel(sort0=[$5], sort1=[$0], sort2=[$1], sort3=[$2], dir0=[DESC], dir1=[ASC], dir2=[ASC], dir3=[ASC], fetch=[100])
  ImpalaAggregateRel(group=[{0, 1, 2}], agg#0=[sum($3)], agg#1=[sum($4)], agg#2=[count()])
    ImpalaProjectPassthroughRel($f0=[$15], $f1=[$13], $f2=[$19], $f3=[CAST(CASE(IS NULL($25), 1:TINYINT, 0:TINYINT)):BIGINT], $f4=[CAST(CASE(IS NOT NULL($25), 1:TINYINT, 0:TINYINT)):BIGINT])
      ImpalaJoinRel(condition=[AND(=($26, $4), =($27, $6))], joinType=[left])
        ImpalaProjectPassthroughRel(cs_sold_date_sk=[$0], cs_ship_date_sk=[$1], cs_bill_cdemo_sk=[$2], cs_bill_hdemo_sk=[$3], cs_item_sk=[$4], cs_promo_sk=[$5], cs_order_number=[$6], cs_quantity=[$7], inv_date_sk=[$13], inv_item_sk=[$14], inv_warehouse_sk=[$15], inv_quantity_on_hand=[$16], w_warehouse_sk=[$19], w_warehouse_name=[$20], i_item_sk=[$11], i_item_desc=[$12], cd_demo_sk=[$8], hd_demo_sk=[$9], d_date_sk=[$21], d_week_seq=[$22], +=[$23], d_date_sk0=[$17], d_week_seq0=[$18], d_date_sk1=[$24], CAST=[$25], p_promo_sk=[$10])
          ImpalaJoinRel(condition=[AND(=($1, $24), >($25, $23))], joinType=[inner])
            ImpalaJoinRel(condition=[AND(=($22, $18), =($0, $21))], joinType=[inner])
              ImpalaJoinRel(condition=[AND(=($4, $14), <($16, $7))], joinType=[inner])
                ImpalaJoinRel(condition=[=($11, $4)], joinType=[inner])
                  ImpalaJoinRel(condition=[=($5, $10)], joinType=[left])
                    ImpalaJoinRel(condition=[=($3, $9)], joinType=[inner])
                      ImpalaJoinRel(condition=[=($2, $8)], joinType=[inner])
                        ImpalaProjectPassthroughRel(cs_sold_date_sk=[$0], cs_ship_date_sk=[$2], cs_bill_cdemo_sk=[$4], cs_bill_hdemo_sk=[$5], cs_item_sk=[$15], cs_promo_sk=[$16], cs_order_number=[$17], cs_quantity=[$18])
                          ImpalaHdfsScanRel(table=[[default, impala_tpcds_catalog_sales]], condition=[AND(IS NOT NULL($2), IS NOT NULL($0), IS NOT NULL($5), IS NOT NULL($4), IS NOT NULL($15), IS NOT NULL($18))])
                        ImpalaProjectPassthroughRel(cd_demo_sk=[$0])
                          ImpalaHdfsScanRel(table=[[default, impala_tpcds_customer_demographics]], condition=[AND(=($2, _UTF-16LE'D'), IS NOT NULL($0))])
                      ImpalaProjectPassthroughRel(hd_demo_sk=[$0])
                        ImpalaHdfsScanRel(table=[[default, impala_tpcds_household_demographics]], condition=[AND(=($2, _UTF-16LE'1001-5000'), IS NOT NULL($0))])
                    ImpalaProjectPassthroughRel(p_promo_sk=[$0])
                      ImpalaHdfsScanRel(table=[[default, impala_tpcds_promotion]], condition=[IS NOT NULL($0)])
                  ImpalaProjectPassthroughRel(i_item_sk=[$0], i_item_desc=[$4])
                    ImpalaHdfsScanRel(table=[[default, impala_tpcds_item]], condition=[IS NOT NULL($0)])
                ImpalaJoinRel(condition=[=($6, $2)], joinType=[inner])
                  ImpalaJoinRel(condition=[=($0, $4)], joinType=[inner])
                    ImpalaHdfsScanRel(table=[[default, impala_tpcds_inventory]], condition=[AND(IS NOT NULL($0), IS NOT NULL($2), IS NOT NULL($1), IS NOT NULL($3))])
                    ImpalaProjectPassthroughRel(d_date_sk=[$0], d_week_seq=[$4])
                      ImpalaHdfsScanRel(table=[[default, impala_tpcds_date_dim]], condition=[AND(IS NOT NULL($0), IS NOT NULL($4))])
                  ImpalaProjectPassthroughRel(w_warehouse_sk=[$0], w_warehouse_name=[$2])
                    ImpalaHdfsScanRel(table=[[default, impala_tpcds_warehouse]], condition=[IS NOT NULL($0)])
              ImpalaProjectPassthroughRel(d_date_sk=[$0], d_week_seq=[$4], +=[+(CAST($2):TIMESTAMP(9), 432000000.000000:INTERVAL MILLISECOND)])
                ImpalaHdfsScanRel(table=[[default, impala_tpcds_date_dim]], condition=[AND(=($6, 2000), IS NOT NULL(CAST($2):TIMESTAMP(9)), IS NOT NULL($4), IS NOT NULL($0))])
            ImpalaProjectPassthroughRel(d_date_sk=[$0], CAST=[CAST($2):TIMESTAMP(9)])
              ImpalaHdfsScanRel(table=[[default, impala_tpcds_date_dim]], condition=[AND(IS NOT NULL($0), IS NOT NULL(CAST($2):TIMESTAMP(9)))])
        ImpalaProjectPassthroughRel(cr_item_sk=[$2], cr_order_number=[$16])
          ImpalaHdfsScanRel(table=[[default, impala_tpcds_catalog_returns]], condition=[AND(IS NOT NULL($2), IS NOT NULL($16))])

PREHOOK: query: explain select  i_item_desc
      ,w_warehouse_name
      ,d1.d_week_seq
      ,sum(case when p_promo_sk is null then 1 else 0 end) no_promo
      ,sum(case when p_promo_sk is not null then 1 else 0 end) promo
      ,count(*) total_cnt
from impala_tpcds_catalog_sales
join impala_tpcds_inventory on (cs_item_sk = inv_item_sk)
join impala_tpcds_warehouse on (w_warehouse_sk=inv_warehouse_sk)
join impala_tpcds_item on (i_item_sk = cs_item_sk)
join impala_tpcds_customer_demographics on (cs_bill_cdemo_sk = cd_demo_sk)
join impala_tpcds_household_demographics on (cs_bill_hdemo_sk = hd_demo_sk)
join impala_tpcds_date_dim d1 on (cs_sold_date_sk = d1.d_date_sk)
join impala_tpcds_date_dim d2 on (inv_date_sk = d2.d_date_sk)
join impala_tpcds_date_dim d3 on (cs_ship_date_sk = d3.d_date_sk)
left outer join impala_tpcds_promotion on (cs_promo_sk=p_promo_sk)
left outer join impala_tpcds_catalog_returns on (cr_item_sk = cs_item_sk and cr_order_number = cs_order_number)
where d1.d_week_seq = d2.d_week_seq
  and inv_quantity_on_hand < cs_quantity 
  and d3.d_date > d1.d_date + INTERVAL(5) DAY 
  and hd_buy_potential = '1001-5000'
  and d1.d_year = 2000
  and cd_marital_status = 'D'
group by i_item_desc,w_warehouse_name,d1.d_week_seq
order by total_cnt desc, i_item_desc, w_warehouse_name, d_week_seq
limit 100
PREHOOK: type: QUERY
PREHOOK: Input: default@impala_tpcds_catalog_returns
PREHOOK: Input: default@impala_tpcds_catalog_sales
PREHOOK: Input: default@impala_tpcds_customer_demographics
PREHOOK: Input: default@impala_tpcds_date_dim
PREHOOK: Input: default@impala_tpcds_household_demographics
PREHOOK: Input: default@impala_tpcds_inventory
PREHOOK: Input: default@impala_tpcds_item
PREHOOK: Input: default@impala_tpcds_promotion
PREHOOK: Input: default@impala_tpcds_warehouse
PREHOOK: Output: streaming
POSTHOOK: query: explain select  i_item_desc
      ,w_warehouse_name
      ,d1.d_week_seq
      ,sum(case when p_promo_sk is null then 1 else 0 end) no_promo
      ,sum(case when p_promo_sk is not null then 1 else 0 end) promo
      ,count(*) total_cnt
from impala_tpcds_catalog_sales
join impala_tpcds_inventory on (cs_item_sk = inv_item_sk)
join impala_tpcds_warehouse on (w_warehouse_sk=inv_warehouse_sk)
join impala_tpcds_item on (i_item_sk = cs_item_sk)
join impala_tpcds_customer_demographics on (cs_bill_cdemo_sk = cd_demo_sk)
join impala_tpcds_household_demographics on (cs_bill_hdemo_sk = hd_demo_sk)
join impala_tpcds_date_dim d1 on (cs_sold_date_sk = d1.d_date_sk)
join impala_tpcds_date_dim d2 on (inv_date_sk = d2.d_date_sk)
join impala_tpcds_date_dim d3 on (cs_ship_date_sk = d3.d_date_sk)
left outer join impala_tpcds_promotion on (cs_promo_sk=p_promo_sk)
left outer join impala_tpcds_catalog_returns on (cr_item_sk = cs_item_sk and cr_order_number = cs_order_number)
where d1.d_week_seq = d2.d_week_seq
  and inv_quantity_on_hand < cs_quantity 
  and d3.d_date > d1.d_date + INTERVAL(5) DAY 
  and hd_buy_potential = '1001-5000'
  and d1.d_year = 2000
  and cd_marital_status = 'D'
group by i_item_desc,w_warehouse_name,d1.d_week_seq
order by total_cnt desc, i_item_desc, w_warehouse_name, d_week_seq
limit 100
POSTHOOK: type: QUERY
POSTHOOK: Input: default@impala_tpcds_catalog_returns
POSTHOOK: Input: default@impala_tpcds_catalog_sales
POSTHOOK: Input: default@impala_tpcds_customer_demographics
POSTHOOK: Input: default@impala_tpcds_date_dim
POSTHOOK: Input: default@impala_tpcds_household_demographics
POSTHOOK: Input: default@impala_tpcds_inventory
POSTHOOK: Input: default@impala_tpcds_item
POSTHOOK: Input: default@impala_tpcds_promotion
POSTHOOK: Input: default@impala_tpcds_warehouse
STAGE DEPENDENCIES:
  Stage-1 is a root stage
  Stage-0 is a root stage

STAGE PLANS:
  Stage: Stage-1
    Impala
      Impala Plan: 
F12:PLAN FRAGMENT [UNPARTITIONED] hosts=1 instances=1
Per-Host Resources: mem-estimate=56.00KB mem-reservation=0B thread-reservation=1
  PLAN-ROOT SINK
  |  output exprs: default.impala_tpcds_item.i_item_desc, default.impala_tpcds_warehouse.w_warehouse_name, d1.d_week_seq, _impala_builtins.sum(casttobigint(CASE WHEN default.impala_tpcds_promotion.p_promo_sk IS NULL THEN 1 ELSE 0 END)), _impala_builtins.sum(casttobigint(CASE WHEN default.impala_tpcds_promotion.p_promo_sk IS NOT NULL THEN 1 ELSE 0 END)), _impala_builtins.count(*)
  |  mem-estimate=0B mem-reservation=0B thread-reservation=0
  |
  35:MERGING-EXCHANGE [UNPARTITIONED]
     order by: _impala_builtins.count(*) DESC NULLS FIRST, default.impala_tpcds_item.i_item_desc ASC NULLS LAST, default.impala_tpcds_warehouse.w_warehouse_name ASC NULLS LAST, d1.d_week_seq ASC NULLS LAST
     limit: 100
     mem-estimate=56.00KB mem-reservation=0B thread-reservation=0
     tuple-ids=23 row-size=52B cardinality=0
     in pipelines: 22(GETNEXT)

F11:PLAN FRAGMENT [HASH(default.impala_tpcds_item.i_item_desc,default.impala_tpcds_warehouse.w_warehouse_name,d1.d_week_seq)] hosts=1 instances=1
Per-Host Resources: mem-estimate=128.05MB mem-reservation=34.00MB thread-reservation=1
  DATASTREAM SINK [FRAGMENT=F12, EXCHANGE=35, UNPARTITIONED]
  |  mem-estimate=0B mem-reservation=0B thread-reservation=0
  22:TOP-N [LIMIT=100]
  |  order by: _impala_builtins.count(*) DESC NULLS FIRST, default.impala_tpcds_item.i_item_desc ASC NULLS LAST, default.impala_tpcds_warehouse.w_warehouse_name ASC NULLS LAST, d1.d_week_seq ASC NULLS LAST
  |  mem-estimate=0B mem-reservation=0B thread-reservation=0
  |  tuple-ids=23 row-size=52B cardinality=0
  |  in pipelines: 22(GETNEXT), 34(OPEN)
  |
  34:AGGREGATE [FINALIZE]
  |  output: _impala_builtins.sum:merge(casttobigint(CASE WHEN default.impala_tpcds_promotion.p_promo_sk IS NULL THEN 1 ELSE 0 END)), _impala_builtins.sum:merge(casttobigint(CASE WHEN default.impala_tpcds_promotion.p_promo_sk IS NOT NULL THEN 1 ELSE 0 END)), _impala_builtins.count:merge(*)
  |  group by: default.impala_tpcds_item.i_item_desc, default.impala_tpcds_warehouse.w_warehouse_name, d1.d_week_seq
  |  mem-estimate=128.00MB mem-reservation=34.00MB spill-buffer=2.00MB thread-reservation=0
  |  tuple-ids=22 row-size=52B cardinality=0
  |  in pipelines: 34(GETNEXT), 00(OPEN)
  |
  33:EXCHANGE [HASH(default.impala_tpcds_item.i_item_desc,default.impala_tpcds_warehouse.w_warehouse_name,d1.d_week_seq)]
     mem-estimate=56.00KB mem-reservation=0B thread-reservation=0
     tuple-ids=22 row-size=52B cardinality=0
     in pipelines: 00(GETNEXT)

F00:PLAN FRAGMENT [RANDOM] hosts=1 instances=1
Per-Host Resources: mem-estimate=143.70MB mem-reservation=49.50MB thread-reservation=1
  DATASTREAM SINK [FRAGMENT=F11, EXCHANGE=33, HASH(default.impala_tpcds_item.i_item_desc,default.impala_tpcds_warehouse.w_warehouse_name,d1.d_week_seq)]
  |  mem-estimate=0B mem-reservation=0B thread-reservation=0
  21:AGGREGATE [STREAMING]
  |  output: sum(casttobigint(CASE WHEN default.impala_tpcds_promotion.p_promo_sk IS NULL THEN CAST(1 AS TINYINT) ELSE CAST(0 AS TINYINT) END)), sum(casttobigint(CASE WHEN default.impala_tpcds_promotion.p_promo_sk IS NOT NULL THEN CAST(1 AS TINYINT) ELSE CAST(0 AS TINYINT) END)), count(*)
  |  group by: default.impala_tpcds_item.i_item_desc, default.impala_tpcds_warehouse.w_warehouse_name, d1.d_week_seq
  |  mem-estimate=128.00MB mem-reservation=34.00MB spill-buffer=2.00MB thread-reservation=0
  |  tuple-ids=22 row-size=52B cardinality=0
  |  in pipelines: 00(GETNEXT)
  |
  20:HASH JOIN [LEFT OUTER JOIN, BROADCAST]
  |  hash predicates: default.impala_tpcds_catalog_sales.cs_item_sk = default.impala_tpcds_catalog_returns.cr_item_sk, default.impala_tpcds_catalog_sales.cs_order_number = default.impala_tpcds_catalog_returns.cr_order_number
  |  fk/pk conjuncts: assumed fk/pk
  |  mem-estimate=1.94MB mem-reservation=1.94MB spill-buffer=64.00KB thread-reservation=0
  |  tuple-ids=0,2,4,6N,8,10,12,14,16,18,20N row-size=196B cardinality=0
  |  in pipelines: 00(GETNEXT), 19(OPEN)
  |
  |--32:EXCHANGE [BROADCAST]
  |     mem-estimate=20.00KB mem-reservation=0B thread-reservation=0
  |     tuple-ids=20 row-size=16B cardinality=0
  |     in pipelines: 19(GETNEXT)
  |
  18:HASH JOIN [INNER JOIN, BROADCAST]
  |  hash predicates: default.impala_tpcds_catalog_sales.cs_ship_date_sk = d3.d_date_sk
  |  fk/pk conjuncts: assumed fk/pk
  |  other join predicates: casttotimestamp(d3.d_date) > MILLISECONDS_ADD(casttotimestamp(d1.d_date), INTERVAL CAST(432000000 AS BIGINT) MILLISECOND)
  |  mem-estimate=1.94MB mem-reservation=1.94MB spill-buffer=64.00KB thread-reservation=0
  |  tuple-ids=0,2,4,6N,8,10,12,14,16,18 row-size=180B cardinality=0
  |  in pipelines: 00(GETNEXT), 17(OPEN)
  |
  |--31:EXCHANGE [BROADCAST]
  |     mem-estimate=20.00KB mem-reservation=0B thread-reservation=0
  |     tuple-ids=18 row-size=16B cardinality=0
  |     in pipelines: 17(GETNEXT)
  |
  16:HASH JOIN [INNER JOIN, BROADCAST]
  |  hash predicates: d2.d_week_seq = d1.d_week_seq, default.impala_tpcds_catalog_sales.cs_sold_date_sk = d1.d_date_sk
  |  fk/pk conjuncts: assumed fk/pk
  |  mem-estimate=1.94MB mem-reservation=1.94MB spill-buffer=64.00KB thread-reservation=0
  |  tuple-ids=0,2,4,6N,8,10,12,14,16 row-size=164B cardinality=0
  |  in pipelines: 00(GETNEXT), 15(OPEN)
  |
  |--30:EXCHANGE [BROADCAST]
  |     mem-estimate=28.00KB mem-reservation=0B thread-reservation=0
  |     tuple-ids=16 row-size=24B cardinality=0
  |     in pipelines: 15(GETNEXT)
  |
  14:HASH JOIN [INNER JOIN, BROADCAST]
  |  hash predicates: default.impala_tpcds_catalog_sales.cs_item_sk = default.impala_tpcds_inventory.inv_item_sk
  |  fk/pk conjuncts: assumed fk/pk
  |  other join predicates: default.impala_tpcds_inventory.inv_quantity_on_hand < default.impala_tpcds_catalog_sales.cs_quantity
  |  mem-estimate=1.94MB mem-reservation=1.94MB spill-buffer=64.00KB thread-reservation=0
  |  tuple-ids=0,2,4,6N,8,10,12,14 row-size=140B cardinality=0
  |  in pipelines: 00(GETNEXT), 09(OPEN)
  |
  |--29:EXCHANGE [BROADCAST]
  |     mem-estimate=56.00KB mem-reservation=0B thread-reservation=0
  |     tuple-ids=10,12,14 row-size=44B cardinality=0
  |     in pipelines: 09(GETNEXT)
  |
  08:HASH JOIN [INNER JOIN, BROADCAST]
  |  hash predicates: default.impala_tpcds_catalog_sales.cs_item_sk = default.impala_tpcds_item.i_item_sk
  |  fk/pk conjuncts: assumed fk/pk
  |  mem-estimate=1.94MB mem-reservation=1.94MB spill-buffer=64.00KB thread-reservation=0
  |  tuple-ids=0,2,4,6N,8 row-size=96B cardinality=0
  |  in pipelines: 00(GETNEXT), 07(OPEN)
  |
  |--26:EXCHANGE [BROADCAST]
  |     mem-estimate=24.00KB mem-reservation=0B thread-reservation=0
  |     tuple-ids=8 row-size=20B cardinality=0
  |     in pipelines: 07(GETNEXT)
  |
  06:HASH JOIN [LEFT OUTER JOIN, BROADCAST]
  |  hash predicates: default.impala_tpcds_catalog_sales.cs_promo_sk = default.impala_tpcds_promotion.p_promo_sk
  |  fk/pk conjuncts: assumed fk/pk
  |  mem-estimate=1.94MB mem-reservation=1.94MB spill-buffer=64.00KB thread-reservation=0
  |  tuple-ids=0,2,4,6N row-size=76B cardinality=0
  |  in pipelines: 00(GETNEXT), 05(OPEN)
  |
  |--25:EXCHANGE [BROADCAST]
  |     mem-estimate=16.00KB mem-reservation=0B thread-reservation=0
  |     tuple-ids=6 row-size=4B cardinality=0
  |     in pipelines: 05(GETNEXT)
  |
  04:HASH JOIN [INNER JOIN, BROADCAST]
  |  hash predicates: default.impala_tpcds_catalog_sales.cs_bill_hdemo_sk = default.impala_tpcds_household_demographics.hd_demo_sk
  |  fk/pk conjuncts: assumed fk/pk
  |  mem-estimate=1.94MB mem-reservation=1.94MB spill-buffer=64.00KB thread-reservation=0
  |  tuple-ids=0,2,4 row-size=72B cardinality=0
  |  in pipelines: 00(GETNEXT), 03(OPEN)
  |
  |--24:EXCHANGE [BROADCAST]
  |     mem-estimate=20.00KB mem-reservation=0B thread-reservation=0
  |     tuple-ids=4 row-size=16B cardinality=0
  |     in pipelines: 03(GETNEXT)
  |
  02:HASH JOIN [INNER JOIN, BROADCAST]
  |  hash predicates: default.impala_tpcds_catalog_sales.cs_bill_cdemo_sk = default.impala_tpcds_customer_demographics.cd_demo_sk
  |  fk/pk conjuncts: assumed fk/pk
  |  mem-estimate=1.94MB mem-reservation=1.94MB spill-buffer=64.00KB thread-reservation=0
  |  tuple-ids=0,2 row-size=56B cardinality=0
  |  in pipelines: 00(GETNEXT), 01(OPEN)
  |
  |--23:EXCHANGE [BROADCAST]
  |     mem-estimate=20.00KB mem-reservation=0B thread-reservation=0
  |     tuple-ids=2 row-size=16B cardinality=0
  |     in pipelines: 01(GETNEXT)
  |
  00:SCAN HDFS [default.impala_tpcds_catalog_sales, RANDOM]
     HDFS partitions=1/1 files=0 size=0B
     predicates: default.impala_tpcds_catalog_sales.cs_bill_cdemo_sk IS NOT NULL, default.impala_tpcds_catalog_sales.cs_bill_hdemo_sk IS NOT NULL, default.impala_tpcds_catalog_sales.cs_item_sk IS NOT NULL, default.impala_tpcds_catalog_sales.cs_quantity IS NOT NULL, default.impala_tpcds_catalog_sales.cs_ship_date_sk IS NOT NULL, default.impala_tpcds_catalog_sales.cs_sold_date_sk IS NOT NULL
     stored statistics:
       table: rows=unavailable size=unavailable
       columns: unavailable
     extrapolated-rows=disabled max-scan-range-rows=0
     mem-estimate=0B mem-reservation=0B thread-reservation=0
     tuple-ids=0 row-size=40B cardinality=0
     in pipelines: 00(GETNEXT)

F01:PLAN FRAGMENT [RANDOM] hosts=1 instances=1
Per-Host Resources: mem-estimate=0B mem-reservation=0B thread-reservation=1
  DATASTREAM SINK [FRAGMENT=F00, EXCHANGE=23, BROADCAST]
  |  mem-estimate=0B mem-reservation=0B thread-reservation=0
  01:SCAN HDFS [default.impala_tpcds_customer_demographics, RANDOM]
     HDFS partitions=1/1 files=0 size=0B
     predicates: default.impala_tpcds_customer_demographics.cd_demo_sk IS NOT NULL, default.impala_tpcds_customer_demographics.cd_marital_status = 'D'
     stored statistics:
       table: rows=unavailable size=unavailable
       columns: unavailable
     extrapolated-rows=disabled max-scan-range-rows=0
     parquet statistics predicates: default.impala_tpcds_customer_demographics.cd_marital_status = 'D'
     mem-estimate=0B mem-reservation=0B thread-reservation=0
     tuple-ids=2 row-size=16B cardinality=0
     in pipelines: 01(GETNEXT)

F02:PLAN FRAGMENT [RANDOM] hosts=1 instances=1
Per-Host Resources: mem-estimate=0B mem-reservation=0B thread-reservation=1
  DATASTREAM SINK [FRAGMENT=F00, EXCHANGE=24, BROADCAST]
  |  mem-estimate=0B mem-reservation=0B thread-reservation=0
  03:SCAN HDFS [default.impala_tpcds_household_demographics, RANDOM]
     HDFS partitions=1/1 files=0 size=0B
     predicates: default.impala_tpcds_household_demographics.hd_demo_sk IS NOT NULL, default.impala_tpcds_household_demographics.hd_buy_potential = '1001-5000'
     stored statistics:
       table: rows=unavailable size=unavailable
       columns: unavailable
     extrapolated-rows=disabled max-scan-range-rows=0
     parquet statistics predicates: default.impala_tpcds_household_demographics.hd_buy_potential = '1001-5000'
     mem-estimate=0B mem-reservation=0B thread-reservation=0
     tuple-ids=4 row-size=16B cardinality=0
     in pipelines: 03(GETNEXT)

F03:PLAN FRAGMENT [RANDOM] hosts=1 instances=1
Per-Host Resources: mem-estimate=0B mem-reservation=0B thread-reservation=1
  DATASTREAM SINK [FRAGMENT=F00, EXCHANGE=25, BROADCAST]
  |  mem-estimate=0B mem-reservation=0B thread-reservation=0
  05:SCAN HDFS [default.impala_tpcds_promotion, RANDOM]
     HDFS partitions=1/1 files=0 size=0B
     predicates: default.impala_tpcds_promotion.p_promo_sk IS NOT NULL
     stored statistics:
       table: rows=unavailable size=unavailable
       columns: unavailable
     extrapolated-rows=disabled max-scan-range-rows=0
     mem-estimate=0B mem-reservation=0B thread-reservation=0
     tuple-ids=6 row-size=4B cardinality=0
     in pipelines: 05(GETNEXT)

F04:PLAN FRAGMENT [RANDOM] hosts=1 instances=1
Per-Host Resources: mem-estimate=0B mem-reservation=0B thread-reservation=1
  DATASTREAM SINK [FRAGMENT=F00, EXCHANGE=26, BROADCAST]
  |  mem-estimate=0B mem-reservation=0B thread-reservation=0
  07:SCAN HDFS [default.impala_tpcds_item, RANDOM]
     HDFS partitions=1/1 files=0 size=0B
     predicates: default.impala_tpcds_item.i_item_sk IS NOT NULL
     stored statistics:
       table: rows=unavailable size=unavailable
       columns: unavailable
     extrapolated-rows=disabled max-scan-range-rows=0
     mem-estimate=0B mem-reservation=0B thread-reservation=0
     tuple-ids=8 row-size=20B cardinality=0
     in pipelines: 07(GETNEXT)

F05:PLAN FRAGMENT [RANDOM] hosts=1 instances=1
Per-Host Resources: mem-estimate=3.91MB mem-reservation=3.88MB thread-reservation=1
  DATASTREAM SINK [FRAGMENT=F00, EXCHANGE=29, BROADCAST]
  |  mem-estimate=0B mem-reservation=0B thread-reservation=0
  13:HASH JOIN [INNER JOIN, BROADCAST]
  |  hash predicates: default.impala_tpcds_inventory.inv_warehouse_sk = default.impala_tpcds_warehouse.w_warehouse_sk
  |  fk/pk conjuncts: assumed fk/pk
  |  mem-estimate=1.94MB mem-reservation=1.94MB spill-buffer=64.00KB thread-reservation=0
  |  tuple-ids=10,12,14 row-size=44B cardinality=0
  |  in pipelines: 09(GETNEXT), 12(OPEN)
  |
  |--28:EXCHANGE [BROADCAST]
  |     mem-estimate=20.00KB mem-reservation=0B thread-reservation=0
  |     tuple-ids=14 row-size=16B cardinality=0
  |     in pipelines: 12(GETNEXT)
  |
  11:HASH JOIN [INNER JOIN, BROADCAST]
  |  hash predicates: default.impala_tpcds_inventory.inv_date_sk = d2.d_date_sk
  |  fk/pk conjuncts: assumed fk/pk
  |  mem-estimate=1.94MB mem-reservation=1.94MB spill-buffer=64.00KB thread-reservation=0
  |  tuple-ids=10,12 row-size=28B cardinality=0
  |  in pipelines: 09(GETNEXT), 10(OPEN)
  |
  |--27:EXCHANGE [BROADCAST]
  |     mem-estimate=16.00KB mem-reservation=0B thread-reservation=0
  |     tuple-ids=12 row-size=8B cardinality=0
  |     in pipelines: 10(GETNEXT)
  |
  09:SCAN HDFS [default.impala_tpcds_inventory, RANDOM]
     HDFS partitions=1/1 files=0 size=0B
     predicates: default.impala_tpcds_inventory.inv_date_sk IS NOT NULL, default.impala_tpcds_inventory.inv_item_sk IS NOT NULL, default.impala_tpcds_inventory.inv_quantity_on_hand IS NOT NULL, default.impala_tpcds_inventory.inv_warehouse_sk IS NOT NULL
     stored statistics:
       table: rows=unavailable size=unavailable
       columns: unavailable
     extrapolated-rows=disabled max-scan-range-rows=0
     mem-estimate=0B mem-reservation=0B thread-reservation=0
     tuple-ids=10 row-size=20B cardinality=0
     in pipelines: 09(GETNEXT)

F06:PLAN FRAGMENT [RANDOM] hosts=1 instances=1
Per-Host Resources: mem-estimate=0B mem-reservation=0B thread-reservation=1
  DATASTREAM SINK [FRAGMENT=F05, EXCHANGE=27, BROADCAST]
  |  mem-estimate=0B mem-reservation=0B thread-reservation=0
  10:SCAN HDFS [default.impala_tpcds_date_dim d2, RANDOM]
     HDFS partitions=1/1 files=0 size=0B
     predicates: d2.d_date_sk IS NOT NULL, d2.d_week_seq IS NOT NULL
     stored statistics:
       table: rows=unavailable size=unavailable
       columns: unavailable
     extrapolated-rows=disabled max-scan-range-rows=0
     mem-estimate=0B mem-reservation=0B thread-reservation=0
     tuple-ids=12 row-size=8B cardinality=0
     in pipelines: 10(GETNEXT)

F07:PLAN FRAGMENT [RANDOM] hosts=1 instances=1
Per-Host Resources: mem-estimate=0B mem-reservation=0B thread-reservation=1
  DATASTREAM SINK [FRAGMENT=F05, EXCHANGE=28, BROADCAST]
  |  mem-estimate=0B mem-reservation=0B thread-reservation=0
  12:SCAN HDFS [default.impala_tpcds_warehouse, RANDOM]
     HDFS partitions=1/1 files=0 size=0B
     predicates: default.impala_tpcds_warehouse.w_warehouse_sk IS NOT NULL
     stored statistics:
       table: rows=unavailable size=unavailable
       columns: unavailable
     extrapolated-rows=disabled max-scan-range-rows=0
     mem-estimate=0B mem-reservation=0B thread-reservation=0
     tuple-ids=14 row-size=16B cardinality=0
     in pipelines: 12(GETNEXT)

F08:PLAN FRAGMENT [RANDOM] hosts=1 instances=1
Per-Host Resources: mem-estimate=0B mem-reservation=0B thread-reservation=1
  DATASTREAM SINK [FRAGMENT=F00, EXCHANGE=30, BROADCAST]
  |  mem-estimate=0B mem-reservation=0B thread-reservation=0
  15:SCAN HDFS [default.impala_tpcds_date_dim d1, RANDOM]
     HDFS partitions=1/1 files=0 size=0B
     predicates: d1.d_date_sk IS NOT NULL, d1.d_week_seq IS NOT NULL, d1.d_year = CAST(2000 AS INT), casttotimestamp(d1.d_date) IS NOT NULL
     stored statistics:
       table: rows=unavailable size=unavailable
       columns: unavailable
     extrapolated-rows=disabled max-scan-range-rows=0
     parquet statistics predicates: d1.d_year = CAST(2000 AS INT)
     mem-estimate=0B mem-reservation=0B thread-reservation=0
     tuple-ids=16 row-size=24B cardinality=0
     in pipelines: 15(GETNEXT)

F09:PLAN FRAGMENT [RANDOM] hosts=1 instances=1
Per-Host Resources: mem-estimate=0B mem-reservation=0B thread-reservation=1
  DATASTREAM SINK [FRAGMENT=F00, EXCHANGE=31, BROADCAST]
  |  mem-estimate=0B mem-reservation=0B thread-reservation=0
  17:SCAN HDFS [default.impala_tpcds_date_dim d3, RANDOM]
     HDFS partitions=1/1 files=0 size=0B
     predicates: d3.d_date_sk IS NOT NULL, casttotimestamp(d3.d_date) IS NOT NULL
     stored statistics:
       table: rows=unavailable size=unavailable
       columns: unavailable
     extrapolated-rows=disabled max-scan-range-rows=0
     mem-estimate=0B mem-reservation=0B thread-reservation=0
     tuple-ids=18 row-size=16B cardinality=0
     in pipelines: 17(GETNEXT)

F10:PLAN FRAGMENT [RANDOM] hosts=1 instances=1
Per-Host Resources: mem-estimate=0B mem-reservation=0B thread-reservation=1
  DATASTREAM SINK [FRAGMENT=F00, EXCHANGE=32, BROADCAST]
  |  mem-estimate=0B mem-reservation=0B thread-reservation=0
  19:SCAN HDFS [default.impala_tpcds_catalog_returns, RANDOM]
     HDFS partitions=1/1 files=0 size=0B
     predicates: default.impala_tpcds_catalog_returns.cr_item_sk IS NOT NULL, default.impala_tpcds_catalog_returns.cr_order_number IS NOT NULL
     stored statistics:
       table: rows=unavailable size=unavailable
       columns: unavailable
     extrapolated-rows=disabled max-scan-range-rows=0
     mem-estimate=0B mem-reservation=0B thread-reservation=0
     tuple-ids=20 row-size=16B cardinality=0
     in pipelines: 19(GETNEXT)


  Stage: Stage-0
    Fetch Operator
      limit: -1
      Processor Tree:
        ListSink

