PREHOOK: query: explain cbo select  promotions,total,cast(promotions as decimal(15,4))/cast(total as decimal(15,4))*100
from
  (select sum(ss_ext_sales_price) promotions
   from  impala_tpcds_store_sales
        ,impala_tpcds_store
        ,impala_tpcds_promotion
        ,impala_tpcds_date_dim
        ,impala_tpcds_customer
        ,impala_tpcds_customer_address 
        ,impala_tpcds_item
   where ss_sold_date_sk = d_date_sk
   and   ss_store_sk = s_store_sk
   and   ss_promo_sk = p_promo_sk
   and   ss_customer_sk= c_customer_sk
   and   ca_address_sk = c_current_addr_sk
   and   ss_item_sk = i_item_sk 
   and   ca_gmt_offset = -6
   and   i_category = 'Sports'
   and   (p_channel_dmail = 'Y' or p_channel_email = 'Y' or p_channel_tv = 'Y')
   and   s_gmt_offset = -6
   and   d_year = 2001
   and   d_moy  = 12) promotional_sales,
  (select sum(ss_ext_sales_price) total
   from  impala_tpcds_store_sales
        ,impala_tpcds_store
        ,impala_tpcds_date_dim
        ,impala_tpcds_customer
        ,impala_tpcds_customer_address
        ,impala_tpcds_item
   where ss_sold_date_sk = d_date_sk
   and   ss_store_sk = s_store_sk
   and   ss_customer_sk= c_customer_sk
   and   ca_address_sk = c_current_addr_sk
   and   ss_item_sk = i_item_sk
   and   ca_gmt_offset = -6
   and   i_category = 'Sports'
   and   s_gmt_offset = -6
   and   d_year = 2001
   and   d_moy  = 12) all_sales
order by promotions, total
limit 100
PREHOOK: type: QUERY
PREHOOK: Input: default@impala_tpcds_customer
PREHOOK: Input: default@impala_tpcds_customer_address
PREHOOK: Input: default@impala_tpcds_date_dim
PREHOOK: Input: default@impala_tpcds_item
PREHOOK: Input: default@impala_tpcds_promotion
PREHOOK: Input: default@impala_tpcds_store
PREHOOK: Input: default@impala_tpcds_store_sales
PREHOOK: Output: hdfs://### HDFS PATH ###
POSTHOOK: query: explain cbo select  promotions,total,cast(promotions as decimal(15,4))/cast(total as decimal(15,4))*100
from
  (select sum(ss_ext_sales_price) promotions
   from  impala_tpcds_store_sales
        ,impala_tpcds_store
        ,impala_tpcds_promotion
        ,impala_tpcds_date_dim
        ,impala_tpcds_customer
        ,impala_tpcds_customer_address 
        ,impala_tpcds_item
   where ss_sold_date_sk = d_date_sk
   and   ss_store_sk = s_store_sk
   and   ss_promo_sk = p_promo_sk
   and   ss_customer_sk= c_customer_sk
   and   ca_address_sk = c_current_addr_sk
   and   ss_item_sk = i_item_sk 
   and   ca_gmt_offset = -6
   and   i_category = 'Sports'
   and   (p_channel_dmail = 'Y' or p_channel_email = 'Y' or p_channel_tv = 'Y')
   and   s_gmt_offset = -6
   and   d_year = 2001
   and   d_moy  = 12) promotional_sales,
  (select sum(ss_ext_sales_price) total
   from  impala_tpcds_store_sales
        ,impala_tpcds_store
        ,impala_tpcds_date_dim
        ,impala_tpcds_customer
        ,impala_tpcds_customer_address
        ,impala_tpcds_item
   where ss_sold_date_sk = d_date_sk
   and   ss_store_sk = s_store_sk
   and   ss_customer_sk= c_customer_sk
   and   ca_address_sk = c_current_addr_sk
   and   ss_item_sk = i_item_sk
   and   ca_gmt_offset = -6
   and   i_category = 'Sports'
   and   s_gmt_offset = -6
   and   d_year = 2001
   and   d_moy  = 12) all_sales
order by promotions, total
limit 100
POSTHOOK: type: QUERY
POSTHOOK: Input: default@impala_tpcds_customer
POSTHOOK: Input: default@impala_tpcds_customer_address
POSTHOOK: Input: default@impala_tpcds_date_dim
POSTHOOK: Input: default@impala_tpcds_item
POSTHOOK: Input: default@impala_tpcds_promotion
POSTHOOK: Input: default@impala_tpcds_store
POSTHOOK: Input: default@impala_tpcds_store_sales
POSTHOOK: Output: hdfs://### HDFS PATH ###
CBO PLAN:
ImpalaSortRel(sort0=[$0], sort1=[$1], dir0=[ASC], dir1=[ASC], fetch=[100])
  ImpalaProjectRel(promotions=[$0], total=[$1], _o__c2=[*(/(CAST($0):DECIMAL(15, 4), CAST($1):DECIMAL(15, 4)), 100:DECIMAL(3, 0))])
    ImpalaJoinRel(condition=[true], joinType=[inner])
      ImpalaAggregateRel(group=[{}], agg#0=[sum($4)])
        ImpalaJoinRel(condition=[=($1, $10)], joinType=[inner])
          ImpalaJoinRel(condition=[=($0, $9)], joinType=[inner])
            ImpalaJoinRel(condition=[=($5, $8)], joinType=[inner])
              ImpalaJoinRel(condition=[=($3, $7)], joinType=[inner])
                ImpalaJoinRel(condition=[=($2, $6)], joinType=[inner])
                  ImpalaProjectPassthroughRel(ss_item_sk=[$1], ss_customer_sk=[$2], ss_store_sk=[$6], ss_promo_sk=[$7], ss_ext_sales_price=[$14], ss_sold_date_sk=[$22])
                    ImpalaHdfsScanRel(table=[[default, impala_tpcds_store_sales]], condition=[AND(IS NOT NULL($6), IS NOT NULL($7), IS NOT NULL($22), IS NOT NULL($2), IS NOT NULL($1))])
                  ImpalaProjectPassthroughRel(s_store_sk=[$0])
                    ImpalaHdfsScanRel(table=[[default, impala_tpcds_store]], condition=[AND(=($27, CAST(-(6:TINYINT)):DECIMAL(3, 0) NOT NULL), IS NOT NULL($0))])
                ImpalaProjectPassthroughRel(p_promo_sk=[$0])
                  ImpalaHdfsScanRel(table=[[default, impala_tpcds_promotion]], condition=[AND(OR(=($8, _UTF-16LE'Y'), =($9, _UTF-16LE'Y'), =($11, _UTF-16LE'Y')), IS NOT NULL($0))])
              ImpalaProjectPassthroughRel(d_date_sk=[$0])
                ImpalaHdfsScanRel(table=[[default, impala_tpcds_date_dim]], condition=[AND(=($6, 2001), =($8, 12), IS NOT NULL($0))])
            ImpalaProjectPassthroughRel(i_item_sk=[$0])
              ImpalaHdfsScanRel(table=[[default, impala_tpcds_item]], condition=[AND(=($12, _UTF-16LE'Sports'), IS NOT NULL($0))])
          ImpalaJoinRel(condition=[=($2, $1)], joinType=[inner])
            ImpalaProjectPassthroughRel(c_customer_sk=[$0], c_current_addr_sk=[$4])
              ImpalaHdfsScanRel(table=[[default, impala_tpcds_customer]], condition=[AND(IS NOT NULL($0), IS NOT NULL($4))])
            ImpalaProjectPassthroughRel(ca_address_sk=[$0])
              ImpalaHdfsScanRel(table=[[default, impala_tpcds_customer_address]], condition=[AND(=($11, CAST(-(6:TINYINT)):DECIMAL(3, 0) NOT NULL), IS NOT NULL($0))])
      ImpalaAggregateRel(group=[{}], agg#0=[sum($3)])
        ImpalaJoinRel(condition=[=($1, $8)], joinType=[inner])
          ImpalaJoinRel(condition=[=($0, $7)], joinType=[inner])
            ImpalaJoinRel(condition=[=($4, $6)], joinType=[inner])
              ImpalaJoinRel(condition=[=($2, $5)], joinType=[inner])
                ImpalaProjectPassthroughRel(ss_item_sk=[$1], ss_customer_sk=[$2], ss_store_sk=[$6], ss_ext_sales_price=[$14], ss_sold_date_sk=[$22])
                  ImpalaHdfsScanRel(table=[[default, impala_tpcds_store_sales]], condition=[AND(IS NOT NULL($6), IS NOT NULL($22), IS NOT NULL($2), IS NOT NULL($1))])
                ImpalaProjectPassthroughRel(s_store_sk=[$0])
                  ImpalaHdfsScanRel(table=[[default, impala_tpcds_store]], condition=[AND(=($27, CAST(-(6:TINYINT)):DECIMAL(3, 0) NOT NULL), IS NOT NULL($0))])
              ImpalaProjectPassthroughRel(d_date_sk=[$0])
                ImpalaHdfsScanRel(table=[[default, impala_tpcds_date_dim]], condition=[AND(=($6, 2001), =($8, 12), IS NOT NULL($0))])
            ImpalaProjectPassthroughRel(i_item_sk=[$0])
              ImpalaHdfsScanRel(table=[[default, impala_tpcds_item]], condition=[AND(=($12, _UTF-16LE'Sports'), IS NOT NULL($0))])
          ImpalaJoinRel(condition=[=($2, $1)], joinType=[inner])
            ImpalaProjectPassthroughRel(c_customer_sk=[$0], c_current_addr_sk=[$4])
              ImpalaHdfsScanRel(table=[[default, impala_tpcds_customer]], condition=[AND(IS NOT NULL($0), IS NOT NULL($4))])
            ImpalaProjectPassthroughRel(ca_address_sk=[$0])
              ImpalaHdfsScanRel(table=[[default, impala_tpcds_customer_address]], condition=[AND(=($11, CAST(-(6:TINYINT)):DECIMAL(3, 0) NOT NULL), IS NOT NULL($0))])

PREHOOK: query: explain select  promotions,total,cast(promotions as decimal(15,4))/cast(total as decimal(15,4))*100
from
  (select sum(ss_ext_sales_price) promotions
   from  impala_tpcds_store_sales
        ,impala_tpcds_store
        ,impala_tpcds_promotion
        ,impala_tpcds_date_dim
        ,impala_tpcds_customer
        ,impala_tpcds_customer_address 
        ,impala_tpcds_item
   where ss_sold_date_sk = d_date_sk
   and   ss_store_sk = s_store_sk
   and   ss_promo_sk = p_promo_sk
   and   ss_customer_sk= c_customer_sk
   and   ca_address_sk = c_current_addr_sk
   and   ss_item_sk = i_item_sk 
   and   ca_gmt_offset = -6
   and   i_category = 'Sports'
   and   (p_channel_dmail = 'Y' or p_channel_email = 'Y' or p_channel_tv = 'Y')
   and   s_gmt_offset = -6
   and   d_year = 2001
   and   d_moy  = 12) promotional_sales,
  (select sum(ss_ext_sales_price) total
   from  impala_tpcds_store_sales
        ,impala_tpcds_store
        ,impala_tpcds_date_dim
        ,impala_tpcds_customer
        ,impala_tpcds_customer_address
        ,impala_tpcds_item
   where ss_sold_date_sk = d_date_sk
   and   ss_store_sk = s_store_sk
   and   ss_customer_sk= c_customer_sk
   and   ca_address_sk = c_current_addr_sk
   and   ss_item_sk = i_item_sk
   and   ca_gmt_offset = -6
   and   i_category = 'Sports'
   and   s_gmt_offset = -6
   and   d_year = 2001
   and   d_moy  = 12) all_sales
order by promotions, total
limit 100
PREHOOK: type: QUERY
PREHOOK: Input: default@impala_tpcds_customer
PREHOOK: Input: default@impala_tpcds_customer_address
PREHOOK: Input: default@impala_tpcds_date_dim
PREHOOK: Input: default@impala_tpcds_item
PREHOOK: Input: default@impala_tpcds_promotion
PREHOOK: Input: default@impala_tpcds_store
PREHOOK: Input: default@impala_tpcds_store_sales
PREHOOK: Output: hdfs://### HDFS PATH ###
POSTHOOK: query: explain select  promotions,total,cast(promotions as decimal(15,4))/cast(total as decimal(15,4))*100
from
  (select sum(ss_ext_sales_price) promotions
   from  impala_tpcds_store_sales
        ,impala_tpcds_store
        ,impala_tpcds_promotion
        ,impala_tpcds_date_dim
        ,impala_tpcds_customer
        ,impala_tpcds_customer_address 
        ,impala_tpcds_item
   where ss_sold_date_sk = d_date_sk
   and   ss_store_sk = s_store_sk
   and   ss_promo_sk = p_promo_sk
   and   ss_customer_sk= c_customer_sk
   and   ca_address_sk = c_current_addr_sk
   and   ss_item_sk = i_item_sk 
   and   ca_gmt_offset = -6
   and   i_category = 'Sports'
   and   (p_channel_dmail = 'Y' or p_channel_email = 'Y' or p_channel_tv = 'Y')
   and   s_gmt_offset = -6
   and   d_year = 2001
   and   d_moy  = 12) promotional_sales,
  (select sum(ss_ext_sales_price) total
   from  impala_tpcds_store_sales
        ,impala_tpcds_store
        ,impala_tpcds_date_dim
        ,impala_tpcds_customer
        ,impala_tpcds_customer_address
        ,impala_tpcds_item
   where ss_sold_date_sk = d_date_sk
   and   ss_store_sk = s_store_sk
   and   ss_customer_sk= c_customer_sk
   and   ca_address_sk = c_current_addr_sk
   and   ss_item_sk = i_item_sk
   and   ca_gmt_offset = -6
   and   i_category = 'Sports'
   and   s_gmt_offset = -6
   and   d_year = 2001
   and   d_moy  = 12) all_sales
order by promotions, total
limit 100
POSTHOOK: type: QUERY
POSTHOOK: Input: default@impala_tpcds_customer
POSTHOOK: Input: default@impala_tpcds_customer_address
POSTHOOK: Input: default@impala_tpcds_date_dim
POSTHOOK: Input: default@impala_tpcds_item
POSTHOOK: Input: default@impala_tpcds_promotion
POSTHOOK: Input: default@impala_tpcds_store
POSTHOOK: Input: default@impala_tpcds_store_sales
POSTHOOK: Output: hdfs://### HDFS PATH ###
STAGE DEPENDENCIES:
  Stage-1 is a root stage
  Stage-0 is a root stage

STAGE PLANS:
  Stage: Stage-1
    Impala
      Impala Plan: 
F15:PLAN FRAGMENT [UNPARTITIONED] hosts=1 instances=1
Per-Host Resources: mem-estimate=10.03MB mem-reservation=0B thread-reservation=1
  WRITE TO HDFS [_result_db_._result_table_, OVERWRITE=false]
  |  partitions=1
  |  output exprs: promotions, total, _o__c2
  |  mem-estimate=48B mem-reservation=0B thread-reservation=0
  |
  28:TOP-N [LIMIT=100]
  |  order by: promotions ASC NULLS LAST, total ASC NULLS LAST
  |  mem-estimate=48B mem-reservation=0B thread-reservation=0
  |  tuple-ids=27 row-size=48B cardinality=1
  |  in pipelines: 28(GETNEXT), 36(OPEN)
  |
  00:UNION
  |  mem-estimate=0B mem-reservation=0B thread-reservation=0
  |  tuple-ids=26 row-size=48B cardinality=1
  |  in pipelines: 36(GETNEXT)
  |
  27:NESTED LOOP JOIN [CROSS JOIN, BROADCAST]
  |  mem-estimate=16B mem-reservation=0B thread-reservation=0
  |  tuple-ids=13,25 row-size=32B cardinality=1
  |  in pipelines: 36(GETNEXT), 43(OPEN)
  |
  |--44:EXCHANGE [UNPARTITIONED]
  |     mem-estimate=16.00KB mem-reservation=0B thread-reservation=0
  |     tuple-ids=25 row-size=16B cardinality=1
  |     in pipelines: 43(GETNEXT)
  |
  36:AGGREGATE [FINALIZE]
  |  output: _impala_builtins.sum:merge(default.impala_tpcds_store_sales.ss_ext_sales_price)
  |  mem-estimate=10.00MB mem-reservation=0B spill-buffer=2.00MB thread-reservation=0
  |  tuple-ids=13 row-size=16B cardinality=1
  |  in pipelines: 36(GETNEXT), 14(OPEN)
  |
  35:EXCHANGE [UNPARTITIONED]
     mem-estimate=16.00KB mem-reservation=0B thread-reservation=0
     tuple-ids=13 row-size=16B cardinality=1
     in pipelines: 14(GETNEXT)

F00:PLAN FRAGMENT [RANDOM] hosts=1 instances=1
Per-Host Resources: mem-estimate=19.69MB mem-reservation=9.69MB thread-reservation=1
  DATASTREAM SINK [FRAGMENT=F15, EXCHANGE=35, UNPARTITIONED]
  |  mem-estimate=0B mem-reservation=0B thread-reservation=0
  14:AGGREGATE
  |  output: sum(default.impala_tpcds_store_sales.ss_ext_sales_price)
  |  mem-estimate=10.00MB mem-reservation=0B spill-buffer=2.00MB thread-reservation=0
  |  tuple-ids=13 row-size=16B cardinality=1
  |  in pipelines: 14(GETNEXT), 01(OPEN)
  |
  13:HASH JOIN [INNER JOIN, BROADCAST]
  |  hash predicates: default.impala_tpcds_store_sales.ss_customer_sk = default.impala_tpcds_customer.c_customer_sk
  |  fk/pk conjuncts: assumed fk/pk
  |  mem-estimate=1.94MB mem-reservation=1.94MB spill-buffer=64.00KB thread-reservation=0
  |  tuple-ids=0,1,3,5,7,9,11 row-size=124B cardinality=0
  |  in pipelines: 01(GETNEXT), 10(OPEN)
  |
  |--34:EXCHANGE [BROADCAST]
  |     mem-estimate=24.00KB mem-reservation=0B thread-reservation=0
  |     tuple-ids=9,11 row-size=16B cardinality=0
  |     in pipelines: 10(GETNEXT)
  |
  09:HASH JOIN [INNER JOIN, BROADCAST]
  |  hash predicates: default.impala_tpcds_store_sales.ss_item_sk = default.impala_tpcds_item.i_item_sk
  |  fk/pk conjuncts: assumed fk/pk
  |  mem-estimate=1.94MB mem-reservation=1.94MB spill-buffer=64.00KB thread-reservation=0
  |  tuple-ids=0,1,3,5,7 row-size=108B cardinality=0
  |  in pipelines: 01(GETNEXT), 08(OPEN)
  |
  |--32:EXCHANGE [BROADCAST]
  |     mem-estimate=24.00KB mem-reservation=0B thread-reservation=0
  |     tuple-ids=7 row-size=20B cardinality=0
  |     in pipelines: 08(GETNEXT)
  |
  07:HASH JOIN [INNER JOIN, BROADCAST]
  |  hash predicates: default.impala_tpcds_store_sales.ss_sold_date_sk = default.impala_tpcds_date_dim.d_date_sk
  |  fk/pk conjuncts: assumed fk/pk
  |  mem-estimate=1.94MB mem-reservation=1.94MB spill-buffer=64.00KB thread-reservation=0
  |  tuple-ids=0,1,3,5 row-size=88B cardinality=0
  |  in pipelines: 01(GETNEXT), 06(OPEN)
  |
  |--31:EXCHANGE [BROADCAST]
  |     mem-estimate=16.00KB mem-reservation=0B thread-reservation=0
  |     tuple-ids=5 row-size=12B cardinality=0
  |     in pipelines: 06(GETNEXT)
  |
  05:HASH JOIN [INNER JOIN, BROADCAST]
  |  hash predicates: default.impala_tpcds_store_sales.ss_promo_sk = default.impala_tpcds_promotion.p_promo_sk
  |  fk/pk conjuncts: assumed fk/pk
  |  mem-estimate=1.94MB mem-reservation=1.94MB spill-buffer=64.00KB thread-reservation=0
  |  tuple-ids=0,1,3 row-size=76B cardinality=0
  |  in pipelines: 01(GETNEXT), 04(OPEN)
  |
  |--30:EXCHANGE [BROADCAST]
  |     mem-estimate=44.00KB mem-reservation=0B thread-reservation=0
  |     tuple-ids=3 row-size=40B cardinality=0
  |     in pipelines: 04(GETNEXT)
  |
  03:HASH JOIN [INNER JOIN, BROADCAST]
  |  hash predicates: default.impala_tpcds_store_sales.ss_store_sk = default.impala_tpcds_store.s_store_sk
  |  fk/pk conjuncts: assumed fk/pk
  |  mem-estimate=1.94MB mem-reservation=1.94MB spill-buffer=64.00KB thread-reservation=0
  |  tuple-ids=0,1 row-size=36B cardinality=0
  |  in pipelines: 01(GETNEXT), 02(OPEN)
  |
  |--29:EXCHANGE [BROADCAST]
  |     mem-estimate=16.00KB mem-reservation=0B thread-reservation=0
  |     tuple-ids=1 row-size=8B cardinality=0
  |     in pipelines: 02(GETNEXT)
  |
  01:SCAN HDFS [default.impala_tpcds_store_sales, RANDOM]
     partition predicates: default.impala_tpcds_store_sales.ss_sold_date_sk IS NOT NULL
     partitions=0/0 files=0 size=0B
     predicates: default.impala_tpcds_store_sales.ss_customer_sk IS NOT NULL, default.impala_tpcds_store_sales.ss_item_sk IS NOT NULL, default.impala_tpcds_store_sales.ss_promo_sk IS NOT NULL, default.impala_tpcds_store_sales.ss_store_sk IS NOT NULL
     stored statistics:
       table: rows=unavailable size=unavailable
       partitions: 0/0 rows=unavailable
       columns: unavailable
     extrapolated-rows=disabled max-scan-range-rows=0
     mem-estimate=0B mem-reservation=0B thread-reservation=0
     tuple-ids=0 row-size=28B cardinality=0
     in pipelines: 01(GETNEXT)

F01:PLAN FRAGMENT [RANDOM] hosts=1 instances=1
Per-Host Resources: mem-estimate=0B mem-reservation=0B thread-reservation=1
  DATASTREAM SINK [FRAGMENT=F00, EXCHANGE=29, BROADCAST]
  |  mem-estimate=0B mem-reservation=0B thread-reservation=0
  02:SCAN HDFS [default.impala_tpcds_store, RANDOM]
     HDFS partitions=1/1 files=0 size=0B
     predicates: default.impala_tpcds_store.s_store_sk IS NOT NULL, default.impala_tpcds_store.s_gmt_offset = _impala_builtins.casttodecimal(_impala_builtins.negative(CAST(6 AS TINYINT)))
     stored statistics:
       table: rows=0 size=0B
       columns: unavailable
     extrapolated-rows=disabled max-scan-range-rows=0
     parquet statistics predicates: default.impala_tpcds_store.s_gmt_offset = _impala_builtins.casttodecimal(_impala_builtins.negative(CAST(6 AS TINYINT)))
     mem-estimate=0B mem-reservation=0B thread-reservation=0
     tuple-ids=1 row-size=8B cardinality=0
     in pipelines: 02(GETNEXT)

F02:PLAN FRAGMENT [RANDOM] hosts=1 instances=1
Per-Host Resources: mem-estimate=0B mem-reservation=0B thread-reservation=1
  DATASTREAM SINK [FRAGMENT=F00, EXCHANGE=30, BROADCAST]
  |  mem-estimate=0B mem-reservation=0B thread-reservation=0
  04:SCAN HDFS [default.impala_tpcds_promotion, RANDOM]
     HDFS partitions=1/1 files=0 size=0B
     predicates: default.impala_tpcds_promotion.p_promo_sk IS NOT NULL, default.impala_tpcds_promotion.p_channel_dmail = 'Y' OR default.impala_tpcds_promotion.p_channel_email = 'Y' OR default.impala_tpcds_promotion.p_channel_tv = 'Y'
     stored statistics:
       table: rows=0 size=0B
       columns: unavailable
     extrapolated-rows=disabled max-scan-range-rows=0
     mem-estimate=0B mem-reservation=0B thread-reservation=0
     tuple-ids=3 row-size=40B cardinality=0
     in pipelines: 04(GETNEXT)

F03:PLAN FRAGMENT [RANDOM] hosts=1 instances=1
Per-Host Resources: mem-estimate=0B mem-reservation=0B thread-reservation=1
  DATASTREAM SINK [FRAGMENT=F00, EXCHANGE=31, BROADCAST]
  |  mem-estimate=0B mem-reservation=0B thread-reservation=0
  06:SCAN HDFS [default.impala_tpcds_date_dim, RANDOM]
     HDFS partitions=1/1 files=0 size=0B
     predicates: default.impala_tpcds_date_dim.d_date_sk IS NOT NULL, default.impala_tpcds_date_dim.d_moy = CAST(12 AS INT), default.impala_tpcds_date_dim.d_year = CAST(2001 AS INT)
     stored statistics:
       table: rows=0 size=0B
       columns: unavailable
     extrapolated-rows=disabled max-scan-range-rows=0
     parquet statistics predicates: default.impala_tpcds_date_dim.d_moy = CAST(12 AS INT), default.impala_tpcds_date_dim.d_year = CAST(2001 AS INT)
     mem-estimate=0B mem-reservation=0B thread-reservation=0
     tuple-ids=5 row-size=12B cardinality=0
     in pipelines: 06(GETNEXT)

F04:PLAN FRAGMENT [RANDOM] hosts=1 instances=1
Per-Host Resources: mem-estimate=0B mem-reservation=0B thread-reservation=1
  DATASTREAM SINK [FRAGMENT=F00, EXCHANGE=32, BROADCAST]
  |  mem-estimate=0B mem-reservation=0B thread-reservation=0
  08:SCAN HDFS [default.impala_tpcds_item, RANDOM]
     HDFS partitions=1/1 files=0 size=0B
     predicates: default.impala_tpcds_item.i_item_sk IS NOT NULL, default.impala_tpcds_item.i_category = 'Sports'
     stored statistics:
       table: rows=0 size=0B
       columns: unavailable
     extrapolated-rows=disabled max-scan-range-rows=0
     parquet statistics predicates: default.impala_tpcds_item.i_category = 'Sports'
     mem-estimate=0B mem-reservation=0B thread-reservation=0
     tuple-ids=7 row-size=20B cardinality=0
     in pipelines: 08(GETNEXT)

F05:PLAN FRAGMENT [RANDOM] hosts=1 instances=1
Per-Host Resources: mem-estimate=1.95MB mem-reservation=1.94MB thread-reservation=1
  DATASTREAM SINK [FRAGMENT=F00, EXCHANGE=34, BROADCAST]
  |  mem-estimate=0B mem-reservation=0B thread-reservation=0
  12:HASH JOIN [INNER JOIN, BROADCAST]
  |  hash predicates: default.impala_tpcds_customer.c_current_addr_sk = default.impala_tpcds_customer_address.ca_address_sk
  |  fk/pk conjuncts: assumed fk/pk
  |  mem-estimate=1.94MB mem-reservation=1.94MB spill-buffer=64.00KB thread-reservation=0
  |  tuple-ids=9,11 row-size=16B cardinality=0
  |  in pipelines: 10(GETNEXT), 11(OPEN)
  |
  |--33:EXCHANGE [BROADCAST]
  |     mem-estimate=16.00KB mem-reservation=0B thread-reservation=0
  |     tuple-ids=11 row-size=8B cardinality=0
  |     in pipelines: 11(GETNEXT)
  |
  10:SCAN HDFS [default.impala_tpcds_customer, RANDOM]
     HDFS partitions=1/1 files=0 size=0B
     predicates: default.impala_tpcds_customer.c_current_addr_sk IS NOT NULL, default.impala_tpcds_customer.c_customer_sk IS NOT NULL
     stored statistics:
       table: rows=0 size=0B
       columns: unavailable
     extrapolated-rows=disabled max-scan-range-rows=0
     mem-estimate=0B mem-reservation=0B thread-reservation=0
     tuple-ids=9 row-size=8B cardinality=0
     in pipelines: 10(GETNEXT)

F06:PLAN FRAGMENT [RANDOM] hosts=1 instances=1
Per-Host Resources: mem-estimate=0B mem-reservation=0B thread-reservation=1
  DATASTREAM SINK [FRAGMENT=F05, EXCHANGE=33, BROADCAST]
  |  mem-estimate=0B mem-reservation=0B thread-reservation=0
  11:SCAN HDFS [default.impala_tpcds_customer_address, RANDOM]
     HDFS partitions=1/1 files=0 size=0B
     predicates: default.impala_tpcds_customer_address.ca_address_sk IS NOT NULL, default.impala_tpcds_customer_address.ca_gmt_offset = _impala_builtins.casttodecimal(_impala_builtins.negative(CAST(6 AS TINYINT)))
     stored statistics:
       table: rows=0 size=0B
       columns: unavailable
     extrapolated-rows=disabled max-scan-range-rows=0
     parquet statistics predicates: default.impala_tpcds_customer_address.ca_gmt_offset = _impala_builtins.casttodecimal(_impala_builtins.negative(CAST(6 AS TINYINT)))
     mem-estimate=0B mem-reservation=0B thread-reservation=0
     tuple-ids=11 row-size=8B cardinality=0
     in pipelines: 11(GETNEXT)

F14:PLAN FRAGMENT [UNPARTITIONED] hosts=1 instances=1
Per-Host Resources: mem-estimate=10.02MB mem-reservation=0B thread-reservation=1
  DATASTREAM SINK [FRAGMENT=F15, EXCHANGE=44, UNPARTITIONED]
  |  mem-estimate=0B mem-reservation=0B thread-reservation=0
  43:AGGREGATE [FINALIZE]
  |  output: _impala_builtins.sum:merge(default.impala_tpcds_store_sales_0.ss_ext_sales_price)
  |  mem-estimate=10.00MB mem-reservation=0B spill-buffer=2.00MB thread-reservation=0
  |  tuple-ids=25 row-size=16B cardinality=1
  |  in pipelines: 43(GETNEXT), 26(OPEN)
  |
  42:EXCHANGE [UNPARTITIONED]
     mem-estimate=16.00KB mem-reservation=0B thread-reservation=0
     tuple-ids=25 row-size=16B cardinality=1
     in pipelines: 26(GETNEXT)

F08:PLAN FRAGMENT [RANDOM] hosts=1 instances=1
Per-Host Resources: mem-estimate=17.75MB mem-reservation=7.75MB thread-reservation=1
  DATASTREAM SINK [FRAGMENT=F14, EXCHANGE=42, UNPARTITIONED]
  |  mem-estimate=0B mem-reservation=0B thread-reservation=0
  26:AGGREGATE
  |  output: sum(default.impala_tpcds_store_sales_0.ss_ext_sales_price)
  |  mem-estimate=10.00MB mem-reservation=0B spill-buffer=2.00MB thread-reservation=0
  |  tuple-ids=25 row-size=16B cardinality=1
  |  in pipelines: 26(GETNEXT), 15(OPEN)
  |
  25:HASH JOIN [INNER JOIN, BROADCAST]
  |  hash predicates: default.impala_tpcds_store_sales_0.ss_customer_sk = default.impala_tpcds_customer_0.c_customer_sk
  |  fk/pk conjuncts: assumed fk/pk
  |  mem-estimate=1.94MB mem-reservation=1.94MB spill-buffer=64.00KB thread-reservation=0
  |  tuple-ids=14,15,17,19,21,23 row-size=80B cardinality=0
  |  in pipelines: 15(GETNEXT), 22(OPEN)
  |
  |--41:EXCHANGE [BROADCAST]
  |     mem-estimate=24.00KB mem-reservation=0B thread-reservation=0
  |     tuple-ids=21,23 row-size=16B cardinality=0
  |     in pipelines: 22(GETNEXT)
  |
  21:HASH JOIN [INNER JOIN, BROADCAST]
  |  hash predicates: default.impala_tpcds_store_sales_0.ss_item_sk = default.impala_tpcds_item_0.i_item_sk
  |  fk/pk conjuncts: assumed fk/pk
  |  mem-estimate=1.94MB mem-reservation=1.94MB spill-buffer=64.00KB thread-reservation=0
  |  tuple-ids=14,15,17,19 row-size=64B cardinality=0
  |  in pipelines: 15(GETNEXT), 20(OPEN)
  |
  |--39:EXCHANGE [BROADCAST]
  |     mem-estimate=24.00KB mem-reservation=0B thread-reservation=0
  |     tuple-ids=19 row-size=20B cardinality=0
  |     in pipelines: 20(GETNEXT)
  |
  19:HASH JOIN [INNER JOIN, BROADCAST]
  |  hash predicates: default.impala_tpcds_store_sales_0.ss_sold_date_sk = default.impala_tpcds_date_dim_0.d_date_sk
  |  fk/pk conjuncts: assumed fk/pk
  |  mem-estimate=1.94MB mem-reservation=1.94MB spill-buffer=64.00KB thread-reservation=0
  |  tuple-ids=14,15,17 row-size=44B cardinality=0
  |  in pipelines: 15(GETNEXT), 18(OPEN)
  |
  |--38:EXCHANGE [BROADCAST]
  |     mem-estimate=16.00KB mem-reservation=0B thread-reservation=0
  |     tuple-ids=17 row-size=12B cardinality=0
  |     in pipelines: 18(GETNEXT)
  |
  17:HASH JOIN [INNER JOIN, BROADCAST]
  |  hash predicates: default.impala_tpcds_store_sales_0.ss_store_sk = default.impala_tpcds_store_0.s_store_sk
  |  fk/pk conjuncts: assumed fk/pk
  |  mem-estimate=1.94MB mem-reservation=1.94MB spill-buffer=64.00KB thread-reservation=0
  |  tuple-ids=14,15 row-size=32B cardinality=0
  |  in pipelines: 15(GETNEXT), 16(OPEN)
  |
  |--37:EXCHANGE [BROADCAST]
  |     mem-estimate=16.00KB mem-reservation=0B thread-reservation=0
  |     tuple-ids=15 row-size=8B cardinality=0
  |     in pipelines: 16(GETNEXT)
  |
  15:SCAN HDFS [default.impala_tpcds_store_sales, RANDOM]
     partition predicates: default.impala_tpcds_store_sales_0.ss_sold_date_sk IS NOT NULL
     partitions=0/0 files=0 size=0B
     predicates: default.impala_tpcds_store_sales_0.ss_customer_sk IS NOT NULL, default.impala_tpcds_store_sales_0.ss_item_sk IS NOT NULL, default.impala_tpcds_store_sales_0.ss_store_sk IS NOT NULL
     stored statistics:
       table: rows=unavailable size=unavailable
       partitions: 0/0 rows=unavailable
       columns: unavailable
     extrapolated-rows=disabled max-scan-range-rows=0
     mem-estimate=0B mem-reservation=0B thread-reservation=0
     tuple-ids=14 row-size=24B cardinality=0
     in pipelines: 15(GETNEXT)

F09:PLAN FRAGMENT [RANDOM] hosts=1 instances=1
Per-Host Resources: mem-estimate=0B mem-reservation=0B thread-reservation=1
  DATASTREAM SINK [FRAGMENT=F08, EXCHANGE=37, BROADCAST]
  |  mem-estimate=0B mem-reservation=0B thread-reservation=0
  16:SCAN HDFS [default.impala_tpcds_store, RANDOM]
     HDFS partitions=1/1 files=0 size=0B
     predicates: default.impala_tpcds_store_0.s_store_sk IS NOT NULL, default.impala_tpcds_store_0.s_gmt_offset = _impala_builtins.casttodecimal(_impala_builtins.negative(CAST(6 AS TINYINT)))
     stored statistics:
       table: rows=0 size=0B
       columns: unavailable
     extrapolated-rows=disabled max-scan-range-rows=0
     parquet statistics predicates: default.impala_tpcds_store_0.s_gmt_offset = _impala_builtins.casttodecimal(_impala_builtins.negative(CAST(6 AS TINYINT)))
     mem-estimate=0B mem-reservation=0B thread-reservation=0
     tuple-ids=15 row-size=8B cardinality=0
     in pipelines: 16(GETNEXT)

F10:PLAN FRAGMENT [RANDOM] hosts=1 instances=1
Per-Host Resources: mem-estimate=0B mem-reservation=0B thread-reservation=1
  DATASTREAM SINK [FRAGMENT=F08, EXCHANGE=38, BROADCAST]
  |  mem-estimate=0B mem-reservation=0B thread-reservation=0
  18:SCAN HDFS [default.impala_tpcds_date_dim, RANDOM]
     HDFS partitions=1/1 files=0 size=0B
     predicates: default.impala_tpcds_date_dim_0.d_date_sk IS NOT NULL, default.impala_tpcds_date_dim_0.d_moy = CAST(12 AS INT), default.impala_tpcds_date_dim_0.d_year = CAST(2001 AS INT)
     stored statistics:
       table: rows=0 size=0B
       columns: unavailable
     extrapolated-rows=disabled max-scan-range-rows=0
     parquet statistics predicates: default.impala_tpcds_date_dim_0.d_moy = CAST(12 AS INT), default.impala_tpcds_date_dim_0.d_year = CAST(2001 AS INT)
     mem-estimate=0B mem-reservation=0B thread-reservation=0
     tuple-ids=17 row-size=12B cardinality=0
     in pipelines: 18(GETNEXT)

F11:PLAN FRAGMENT [RANDOM] hosts=1 instances=1
Per-Host Resources: mem-estimate=0B mem-reservation=0B thread-reservation=1
  DATASTREAM SINK [FRAGMENT=F08, EXCHANGE=39, BROADCAST]
  |  mem-estimate=0B mem-reservation=0B thread-reservation=0
  20:SCAN HDFS [default.impala_tpcds_item, RANDOM]
     HDFS partitions=1/1 files=0 size=0B
     predicates: default.impala_tpcds_item_0.i_item_sk IS NOT NULL, default.impala_tpcds_item_0.i_category = 'Sports'
     stored statistics:
       table: rows=0 size=0B
       columns: unavailable
     extrapolated-rows=disabled max-scan-range-rows=0
     parquet statistics predicates: default.impala_tpcds_item_0.i_category = 'Sports'
     mem-estimate=0B mem-reservation=0B thread-reservation=0
     tuple-ids=19 row-size=20B cardinality=0
     in pipelines: 20(GETNEXT)

F12:PLAN FRAGMENT [RANDOM] hosts=1 instances=1
Per-Host Resources: mem-estimate=1.95MB mem-reservation=1.94MB thread-reservation=1
  DATASTREAM SINK [FRAGMENT=F08, EXCHANGE=41, BROADCAST]
  |  mem-estimate=0B mem-reservation=0B thread-reservation=0
  24:HASH JOIN [INNER JOIN, BROADCAST]
  |  hash predicates: default.impala_tpcds_customer_0.c_current_addr_sk = default.impala_tpcds_customer_address_0.ca_address_sk
  |  fk/pk conjuncts: assumed fk/pk
  |  mem-estimate=1.94MB mem-reservation=1.94MB spill-buffer=64.00KB thread-reservation=0
  |  tuple-ids=21,23 row-size=16B cardinality=0
  |  in pipelines: 22(GETNEXT), 23(OPEN)
  |
  |--40:EXCHANGE [BROADCAST]
  |     mem-estimate=16.00KB mem-reservation=0B thread-reservation=0
  |     tuple-ids=23 row-size=8B cardinality=0
  |     in pipelines: 23(GETNEXT)
  |
  22:SCAN HDFS [default.impala_tpcds_customer, RANDOM]
     HDFS partitions=1/1 files=0 size=0B
     predicates: default.impala_tpcds_customer_0.c_current_addr_sk IS NOT NULL, default.impala_tpcds_customer_0.c_customer_sk IS NOT NULL
     stored statistics:
       table: rows=0 size=0B
       columns: unavailable
     extrapolated-rows=disabled max-scan-range-rows=0
     mem-estimate=0B mem-reservation=0B thread-reservation=0
     tuple-ids=21 row-size=8B cardinality=0
     in pipelines: 22(GETNEXT)

F13:PLAN FRAGMENT [RANDOM] hosts=1 instances=1
Per-Host Resources: mem-estimate=0B mem-reservation=0B thread-reservation=1
  DATASTREAM SINK [FRAGMENT=F12, EXCHANGE=40, BROADCAST]
  |  mem-estimate=0B mem-reservation=0B thread-reservation=0
  23:SCAN HDFS [default.impala_tpcds_customer_address, RANDOM]
     HDFS partitions=1/1 files=0 size=0B
     predicates: default.impala_tpcds_customer_address_0.ca_address_sk IS NOT NULL, default.impala_tpcds_customer_address_0.ca_gmt_offset = _impala_builtins.casttodecimal(_impala_builtins.negative(CAST(6 AS TINYINT)))
     stored statistics:
       table: rows=0 size=0B
       columns: unavailable
     extrapolated-rows=disabled max-scan-range-rows=0
     parquet statistics predicates: default.impala_tpcds_customer_address_0.ca_gmt_offset = _impala_builtins.casttodecimal(_impala_builtins.negative(CAST(6 AS TINYINT)))
     mem-estimate=0B mem-reservation=0B thread-reservation=0
     tuple-ids=23 row-size=8B cardinality=0
     in pipelines: 23(GETNEXT)


  Stage: Stage-0
    Fetch Operator
      limit: -1
      Processor Tree:
        ListSink

