HMS CALL get_table_req FOR impala_tpcds_store_sales
HMS CALL get_table_req FOR impala_tpcds_date_dim
HMS CALL get_table_req FOR impala_tpcds_customer
HMS CALL get_table_req FOR impala_tpcds_catalog_sales
HMS CALL get_table_req FOR impala_tpcds_web_sales
HMS CALL get_foreign_keys FOR impala_tpcds_store_sales
HMS CALL get_foreign_keys FOR impala_tpcds_date_dim
HMS CALL get_foreign_keys FOR impala_tpcds_customer
HMS CALL get_foreign_keys FOR impala_tpcds_catalog_sales
HMS CALL get_foreign_keys FOR impala_tpcds_web_sales
PREHOOK: query: explain cbo physical select count(*) 
from ((select distinct c_last_name, c_first_name, d_date
       from impala_tpcds_store_sales, impala_tpcds_date_dim, impala_tpcds_customer
       where impala_tpcds_store_sales.ss_sold_date_sk = impala_tpcds_date_dim.d_date_sk
         and impala_tpcds_store_sales.ss_customer_sk = impala_tpcds_customer.c_customer_sk
         and d_month_seq between 1221 and 1221+11)
       except
      (select distinct c_last_name, c_first_name, d_date
       from impala_tpcds_catalog_sales, impala_tpcds_date_dim, impala_tpcds_customer
       where impala_tpcds_catalog_sales.cs_sold_date_sk = impala_tpcds_date_dim.d_date_sk
         and impala_tpcds_catalog_sales.cs_bill_customer_sk = impala_tpcds_customer.c_customer_sk
         and d_month_seq between 1221 and 1221+11)
       except
      (select distinct c_last_name, c_first_name, d_date
       from impala_tpcds_web_sales, impala_tpcds_date_dim, impala_tpcds_customer
       where impala_tpcds_web_sales.ws_sold_date_sk = impala_tpcds_date_dim.d_date_sk
         and impala_tpcds_web_sales.ws_bill_customer_sk = impala_tpcds_customer.c_customer_sk
         and d_month_seq between 1221 and 1221+11)
) cool_cust
PREHOOK: type: QUERY
PREHOOK: Input: default@impala_tpcds_catalog_sales
PREHOOK: Input: default@impala_tpcds_customer
PREHOOK: Input: default@impala_tpcds_date_dim
PREHOOK: Input: default@impala_tpcds_store_sales
PREHOOK: Input: default@impala_tpcds_web_sales
PREHOOK: Output: streaming
POSTHOOK: query: explain cbo physical select count(*) 
from ((select distinct c_last_name, c_first_name, d_date
       from impala_tpcds_store_sales, impala_tpcds_date_dim, impala_tpcds_customer
       where impala_tpcds_store_sales.ss_sold_date_sk = impala_tpcds_date_dim.d_date_sk
         and impala_tpcds_store_sales.ss_customer_sk = impala_tpcds_customer.c_customer_sk
         and d_month_seq between 1221 and 1221+11)
       except
      (select distinct c_last_name, c_first_name, d_date
       from impala_tpcds_catalog_sales, impala_tpcds_date_dim, impala_tpcds_customer
       where impala_tpcds_catalog_sales.cs_sold_date_sk = impala_tpcds_date_dim.d_date_sk
         and impala_tpcds_catalog_sales.cs_bill_customer_sk = impala_tpcds_customer.c_customer_sk
         and d_month_seq between 1221 and 1221+11)
       except
      (select distinct c_last_name, c_first_name, d_date
       from impala_tpcds_web_sales, impala_tpcds_date_dim, impala_tpcds_customer
       where impala_tpcds_web_sales.ws_sold_date_sk = impala_tpcds_date_dim.d_date_sk
         and impala_tpcds_web_sales.ws_bill_customer_sk = impala_tpcds_customer.c_customer_sk
         and d_month_seq between 1221 and 1221+11)
) cool_cust
POSTHOOK: type: QUERY
POSTHOOK: Input: default@impala_tpcds_catalog_sales
POSTHOOK: Input: default@impala_tpcds_customer
POSTHOOK: Input: default@impala_tpcds_date_dim
POSTHOOK: Input: default@impala_tpcds_store_sales
POSTHOOK: Input: default@impala_tpcds_web_sales
CBO PLAN:
ImpalaAggregateRel(group=[{}], agg#0=[count()])
  ImpalaAggregateRel(group=[{0, 1, 2}], agg#0=[sum($3)], agg#1=[sum($4)], condition=[AND(>($3, 0), =(*($3, 2), $4))])
    ImpalaProjectPassthroughRel($f0=[$0], $f1=[$1], $f2=[$2], $f4=[$4], $f5=[*($3, $4)])
      ImpalaUnionRel(all=[true])
        ImpalaProjectPassthroughRel($f0=[$0], $f1=[$1], $f2=[$2], $f3=[2:BIGINT], $f4=[$3])
          ImpalaAggregateRel(group=[{0, 1, 2}], agg#0=[count()])
            ImpalaAggregateRel(group=[{0, 1, 2}], agg#0=[sum($3)], agg#1=[sum($4)], condition=[AND(>($3, 0), =(*($3, 2), $4))])
              ImpalaProjectPassthroughRel($f0=[$0], $f1=[$1], $f2=[$2], $f4=[$4], $f5=[*($3, $4)])
                ImpalaUnionRel(all=[true])
                  ImpalaProjectPassthroughRel($f0=[$2], $f1=[$1], $f2=[$0], $f3=[2:BIGINT], $f4=[$3])
                    ImpalaAggregateRel(group=[{0, 1, 2}], agg#0=[count()])
                      ImpalaAggregateRel(group=[{3, 5, 6}])
                        ImpalaJoinRel(condition=[=($0, $4)], joinType=[inner])
                          ImpalaJoinRel(condition=[=($1, $2)], joinType=[inner])
                            ImpalaProjectPassthroughRel(ss_customer_sk=[$2], ss_sold_date_sk=[$22])
                              ImpalaHdfsScanRel(table=[[default, impala_tpcds_store_sales]], condition=[AND(IS NOT NULL($2), IS NOT NULL($22))])
                            ImpalaProjectPassthroughRel(d_date_sk=[$0], d_date=[$2])
                              ImpalaHdfsScanRel(table=[[default, impala_tpcds_date_dim]], condition=[AND(BETWEEN(false, $3, 1221, +(1221, 11)), IS NOT NULL($0))])
                          ImpalaProjectPassthroughRel(c_customer_sk=[$0], c_first_name=[$8], c_last_name=[$9])
                            ImpalaHdfsScanRel(table=[[default, impala_tpcds_customer]], condition=[IS NOT NULL($0)])
                  ImpalaProjectPassthroughRel($f0=[$2], $f1=[$1], $f2=[$0], $f3=[1:BIGINT], $f4=[$3])
                    ImpalaAggregateRel(group=[{0, 1, 2}], agg#0=[count()])
                      ImpalaAggregateRel(group=[{3, 5, 6}])
                        ImpalaJoinRel(condition=[=($1, $4)], joinType=[inner])
                          ImpalaJoinRel(condition=[=($0, $2)], joinType=[inner])
                            ImpalaProjectPassthroughRel(cs_sold_date_sk=[$0], cs_bill_customer_sk=[$3])
                              ImpalaHdfsScanRel(table=[[default, impala_tpcds_catalog_sales]], condition=[AND(IS NOT NULL($3), IS NOT NULL($0))])
                            ImpalaProjectPassthroughRel(d_date_sk=[$0], d_date=[$2])
                              ImpalaHdfsScanRel(table=[[default, impala_tpcds_date_dim]], condition=[AND(BETWEEN(false, $3, 1221, +(1221, 11)), IS NOT NULL($0))])
                          ImpalaProjectPassthroughRel(c_customer_sk=[$0], c_first_name=[$8], c_last_name=[$9])
                            ImpalaHdfsScanRel(table=[[default, impala_tpcds_customer]], condition=[IS NOT NULL($0)])
        ImpalaProjectPassthroughRel($f0=[$2], $f1=[$1], $f2=[$0], $f3=[1:BIGINT], $f4=[$3])
          ImpalaAggregateRel(group=[{0, 1, 2}], agg#0=[count()])
            ImpalaAggregateRel(group=[{3, 5, 6}])
              ImpalaJoinRel(condition=[=($1, $4)], joinType=[inner])
                ImpalaJoinRel(condition=[=($0, $2)], joinType=[inner])
                  ImpalaProjectPassthroughRel(ws_sold_date_sk=[$0], ws_bill_customer_sk=[$4])
                    ImpalaHdfsScanRel(table=[[default, impala_tpcds_web_sales]], condition=[AND(IS NOT NULL($4), IS NOT NULL($0))])
                  ImpalaProjectPassthroughRel(d_date_sk=[$0], d_date=[$2])
                    ImpalaHdfsScanRel(table=[[default, impala_tpcds_date_dim]], condition=[AND(BETWEEN(false, $3, 1221, +(1221, 11)), IS NOT NULL($0))])
                ImpalaProjectPassthroughRel(c_customer_sk=[$0], c_first_name=[$8], c_last_name=[$9])
                  ImpalaHdfsScanRel(table=[[default, impala_tpcds_customer]], condition=[IS NOT NULL($0)])

HMS CALL get_table_req FOR impala_tpcds_store_sales
HMS CALL get_table_req FOR impala_tpcds_date_dim
HMS CALL get_table_req FOR impala_tpcds_customer
HMS CALL get_table_req FOR impala_tpcds_catalog_sales
HMS CALL get_table_req FOR impala_tpcds_web_sales
HMS CALL get_foreign_keys FOR impala_tpcds_store_sales
HMS CALL get_foreign_keys FOR impala_tpcds_date_dim
HMS CALL get_foreign_keys FOR impala_tpcds_customer
HMS CALL get_foreign_keys FOR impala_tpcds_catalog_sales
HMS CALL get_foreign_keys FOR impala_tpcds_web_sales
PREHOOK: query: explain select count(*) 
from ((select distinct c_last_name, c_first_name, d_date
       from impala_tpcds_store_sales, impala_tpcds_date_dim, impala_tpcds_customer
       where impala_tpcds_store_sales.ss_sold_date_sk = impala_tpcds_date_dim.d_date_sk
         and impala_tpcds_store_sales.ss_customer_sk = impala_tpcds_customer.c_customer_sk
         and d_month_seq between 1221 and 1221+11)
       except
      (select distinct c_last_name, c_first_name, d_date
       from impala_tpcds_catalog_sales, impala_tpcds_date_dim, impala_tpcds_customer
       where impala_tpcds_catalog_sales.cs_sold_date_sk = impala_tpcds_date_dim.d_date_sk
         and impala_tpcds_catalog_sales.cs_bill_customer_sk = impala_tpcds_customer.c_customer_sk
         and d_month_seq between 1221 and 1221+11)
       except
      (select distinct c_last_name, c_first_name, d_date
       from impala_tpcds_web_sales, impala_tpcds_date_dim, impala_tpcds_customer
       where impala_tpcds_web_sales.ws_sold_date_sk = impala_tpcds_date_dim.d_date_sk
         and impala_tpcds_web_sales.ws_bill_customer_sk = impala_tpcds_customer.c_customer_sk
         and d_month_seq between 1221 and 1221+11)
) cool_cust
PREHOOK: type: QUERY
PREHOOK: Input: default@impala_tpcds_catalog_sales
PREHOOK: Input: default@impala_tpcds_customer
PREHOOK: Input: default@impala_tpcds_date_dim
PREHOOK: Input: default@impala_tpcds_store_sales
PREHOOK: Input: default@impala_tpcds_web_sales
PREHOOK: Output: streaming
POSTHOOK: query: explain select count(*) 
from ((select distinct c_last_name, c_first_name, d_date
       from impala_tpcds_store_sales, impala_tpcds_date_dim, impala_tpcds_customer
       where impala_tpcds_store_sales.ss_sold_date_sk = impala_tpcds_date_dim.d_date_sk
         and impala_tpcds_store_sales.ss_customer_sk = impala_tpcds_customer.c_customer_sk
         and d_month_seq between 1221 and 1221+11)
       except
      (select distinct c_last_name, c_first_name, d_date
       from impala_tpcds_catalog_sales, impala_tpcds_date_dim, impala_tpcds_customer
       where impala_tpcds_catalog_sales.cs_sold_date_sk = impala_tpcds_date_dim.d_date_sk
         and impala_tpcds_catalog_sales.cs_bill_customer_sk = impala_tpcds_customer.c_customer_sk
         and d_month_seq between 1221 and 1221+11)
       except
      (select distinct c_last_name, c_first_name, d_date
       from impala_tpcds_web_sales, impala_tpcds_date_dim, impala_tpcds_customer
       where impala_tpcds_web_sales.ws_sold_date_sk = impala_tpcds_date_dim.d_date_sk
         and impala_tpcds_web_sales.ws_bill_customer_sk = impala_tpcds_customer.c_customer_sk
         and d_month_seq between 1221 and 1221+11)
) cool_cust
POSTHOOK: type: QUERY
POSTHOOK: Input: default@impala_tpcds_catalog_sales
POSTHOOK: Input: default@impala_tpcds_customer
POSTHOOK: Input: default@impala_tpcds_date_dim
POSTHOOK: Input: default@impala_tpcds_store_sales
POSTHOOK: Input: default@impala_tpcds_web_sales
STAGE DEPENDENCIES:
  Stage-1 is a root stage
  Stage-0 is a root stage

STAGE PLANS:
  Stage: Stage-1
    Impala
      Impala Plan: 
F16:PLAN FRAGMENT [UNPARTITIONED] hosts=1 instances=1
Per-Host Resources: mem-estimate=10.02MB mem-reservation=0B thread-reservation=1
  PLAN-ROOT SINK
  |  output exprs: _impala_builtins.count(*)
  |  mem-estimate=0B mem-reservation=0B thread-reservation=0
  |
  44:AGGREGATE [FINALIZE]
  |  output: _impala_builtins.count:merge(*)
  |  mem-estimate=10.00MB mem-reservation=0B spill-buffer=2.00MB thread-reservation=0
  |  tuple-ids=28 row-size=8B cardinality=1
  |  in pipelines: 44(GETNEXT), 26(OPEN)
  |
  43:EXCHANGE [UNPARTITIONED]
     mem-estimate=16.00KB mem-reservation=0B thread-reservation=0
     tuple-ids=28 row-size=8B cardinality=1
     in pipelines: 26(GETNEXT)

F15:PLAN FRAGMENT [HASH($f0,$f1,$f2)] hosts=1 instances=1
Per-Host Resources: mem-estimate=138.00MB mem-reservation=34.00MB thread-reservation=1
  DATASTREAM SINK [FRAGMENT=F16, EXCHANGE=43, UNPARTITIONED]
  |  mem-estimate=0B mem-reservation=0B thread-reservation=0
  26:AGGREGATE
  |  output: count(*)
  |  mem-estimate=10.00MB mem-reservation=0B spill-buffer=2.00MB thread-reservation=0
  |  tuple-ids=28 row-size=8B cardinality=1
  |  in pipelines: 26(GETNEXT), 42(OPEN)
  |
  42:AGGREGATE [FINALIZE]
  |  output: _impala_builtins.sum:merge($f4), _impala_builtins.sum:merge(multiply($f3, $f4))
  |  group by: $f0, $f1, $f2
  |  having: _impala_builtins.sum($f4) > CAST(0 AS BIGINT), multiply(_impala_builtins.sum($f4), CAST(2 AS BIGINT)) = _impala_builtins.sum(multiply($f3, $f4))
  |  mem-estimate=128.00MB mem-reservation=34.00MB spill-buffer=2.00MB thread-reservation=0
  |  tuple-ids=27 row-size=52B cardinality=0
  |  in pipelines: 42(GETNEXT), 17(OPEN), 24(OPEN)
  |
  41:EXCHANGE [HASH($f0,$f1,$f2)]
     mem-estimate=56.00KB mem-reservation=0B thread-reservation=0
     tuple-ids=27 row-size=52B cardinality=0
     in pipelines: 17(GETNEXT), 24(GETNEXT)

F14:PLAN FRAGMENT [RANDOM] hosts=1 instances=1
Per-Host Resources: mem-estimate=384.00MB mem-reservation=102.00MB thread-reservation=1
  DATASTREAM SINK [FRAGMENT=F15, EXCHANGE=41, HASH($f0,$f1,$f2)]
  |  mem-estimate=0B mem-reservation=0B thread-reservation=0
  25:AGGREGATE [STREAMING]
  |  output: sum($f4), sum(multiply($f3, $f4))
  |  group by: $f0, $f1, $f2
  |  mem-estimate=128.00MB mem-reservation=34.00MB spill-buffer=2.00MB thread-reservation=0
  |  tuple-ids=27 row-size=52B cardinality=0
  |  in pipelines: 17(GETNEXT), 24(GETNEXT)
  |
  00:UNION
  |  mem-estimate=0B mem-reservation=0B thread-reservation=0
  |  tuple-ids=0 row-size=52B cardinality=0
  |  in pipelines: 17(GETNEXT), 24(GETNEXT)
  |
  |--24:AGGREGATE [FINALIZE]
  |  |  output: count(*)
  |  |  group by: default.impala_tpcds_date_dim_1.d_date, default.impala_tpcds_customer_1.c_first_name, default.impala_tpcds_customer_1.c_last_name
  |  |  mem-estimate=128.00MB mem-reservation=34.00MB spill-buffer=2.00MB thread-reservation=0
  |  |  tuple-ids=26 row-size=44B cardinality=0
  |  |  in pipelines: 24(GETNEXT), 40(OPEN)
  |  |
  |  40:AGGREGATE [FINALIZE]
  |  |  group by: default.impala_tpcds_date_dim_1.d_date, default.impala_tpcds_customer_1.c_first_name, default.impala_tpcds_customer_1.c_last_name
  |  |  mem-estimate=128.00MB mem-reservation=34.00MB spill-buffer=2.00MB thread-reservation=0
  |  |  tuple-ids=25 row-size=36B cardinality=0
  |  |  in pipelines: 40(GETNEXT), 18(OPEN)
  |  |
  |  39:EXCHANGE [HASH(default.impala_tpcds_date_dim_1.d_date,default.impala_tpcds_customer_1.c_first_name,default.impala_tpcds_customer_1.c_last_name)]
  |     mem-estimate=40.00KB mem-reservation=0B thread-reservation=0
  |     tuple-ids=25 row-size=36B cardinality=0
  |     in pipelines: 18(GETNEXT)
  |
  17:AGGREGATE [FINALIZE]
  |  output: count(*)
  |  group by: $f0, $f1, $f2
  |  mem-estimate=128.00MB mem-reservation=34.00MB spill-buffer=2.00MB thread-reservation=0
  |  tuple-ids=18 row-size=44B cardinality=0
  |  in pipelines: 17(GETNEXT), 36(OPEN)
  |
  36:AGGREGATE [FINALIZE]
  |  output: _impala_builtins.sum:merge($f4), _impala_builtins.sum:merge(multiply($f3, $f4))
  |  group by: $f0, $f1, $f2
  |  having: _impala_builtins.sum($f4) > CAST(0 AS BIGINT), multiply(_impala_builtins.sum($f4), CAST(2 AS BIGINT)) = _impala_builtins.sum(multiply($f3, $f4))
  |  mem-estimate=128.00MB mem-reservation=34.00MB spill-buffer=2.00MB thread-reservation=0
  |  tuple-ids=17 row-size=52B cardinality=0
  |  in pipelines: 36(GETNEXT), 08(OPEN), 15(OPEN)
  |
  35:EXCHANGE [HASH($f0,$f1,$f2)]
     mem-estimate=56.00KB mem-reservation=0B thread-reservation=0
     tuple-ids=17 row-size=52B cardinality=0
     in pipelines: 08(GETNEXT), 15(GETNEXT)

F08:PLAN FRAGMENT [RANDOM] hosts=1 instances=1
Per-Host Resources: mem-estimate=384.00MB mem-reservation=102.00MB thread-reservation=1
  DATASTREAM SINK [FRAGMENT=F14, EXCHANGE=35, HASH($f0,$f1,$f2)]
  |  mem-estimate=0B mem-reservation=0B thread-reservation=0
  16:AGGREGATE [STREAMING]
  |  output: sum($f4), sum(multiply($f3, $f4))
  |  group by: $f0, $f1, $f2
  |  mem-estimate=128.00MB mem-reservation=34.00MB spill-buffer=2.00MB thread-reservation=0
  |  tuple-ids=17 row-size=52B cardinality=0
  |  in pipelines: 08(GETNEXT), 15(GETNEXT)
  |
  01:UNION
  |  mem-estimate=0B mem-reservation=0B thread-reservation=0
  |  tuple-ids=1 row-size=52B cardinality=0
  |  in pipelines: 08(GETNEXT), 15(GETNEXT)
  |
  |--15:AGGREGATE [FINALIZE]
  |  |  output: count(*)
  |  |  group by: default.impala_tpcds_date_dim_0.d_date, default.impala_tpcds_customer_0.c_first_name, default.impala_tpcds_customer_0.c_last_name
  |  |  mem-estimate=128.00MB mem-reservation=34.00MB spill-buffer=2.00MB thread-reservation=0
  |  |  tuple-ids=16 row-size=44B cardinality=0
  |  |  in pipelines: 15(GETNEXT), 34(OPEN)
  |  |
  |  34:AGGREGATE [FINALIZE]
  |  |  group by: default.impala_tpcds_date_dim_0.d_date, default.impala_tpcds_customer_0.c_first_name, default.impala_tpcds_customer_0.c_last_name
  |  |  mem-estimate=128.00MB mem-reservation=34.00MB spill-buffer=2.00MB thread-reservation=0
  |  |  tuple-ids=15 row-size=36B cardinality=0
  |  |  in pipelines: 34(GETNEXT), 09(OPEN)
  |  |
  |  33:EXCHANGE [HASH(default.impala_tpcds_date_dim_0.d_date,default.impala_tpcds_customer_0.c_first_name,default.impala_tpcds_customer_0.c_last_name)]
  |     mem-estimate=40.00KB mem-reservation=0B thread-reservation=0
  |     tuple-ids=15 row-size=36B cardinality=0
  |     in pipelines: 09(GETNEXT)
  |
  08:AGGREGATE [FINALIZE]
  |  output: count(*)
  |  group by: default.impala_tpcds_date_dim.d_date, default.impala_tpcds_customer.c_first_name, default.impala_tpcds_customer.c_last_name
  |  mem-estimate=128.00MB mem-reservation=34.00MB spill-buffer=2.00MB thread-reservation=0
  |  tuple-ids=8 row-size=44B cardinality=0
  |  in pipelines: 08(GETNEXT), 30(OPEN)
  |
  30:AGGREGATE [FINALIZE]
  |  group by: default.impala_tpcds_date_dim.d_date, default.impala_tpcds_customer.c_first_name, default.impala_tpcds_customer.c_last_name
  |  mem-estimate=128.00MB mem-reservation=34.00MB spill-buffer=2.00MB thread-reservation=0
  |  tuple-ids=7 row-size=36B cardinality=0
  |  in pipelines: 30(GETNEXT), 02(OPEN)
  |
  29:EXCHANGE [HASH(default.impala_tpcds_date_dim.d_date,default.impala_tpcds_customer.c_first_name,default.impala_tpcds_customer.c_last_name)]
     mem-estimate=40.00KB mem-reservation=0B thread-reservation=0
     tuple-ids=7 row-size=36B cardinality=0
     in pipelines: 02(GETNEXT)

F00:PLAN FRAGMENT [RANDOM] hosts=1 instances=1
Per-Host Resources: mem-estimate=131.93MB mem-reservation=37.88MB thread-reservation=1
  DATASTREAM SINK [FRAGMENT=F08, EXCHANGE=29, HASH(default.impala_tpcds_date_dim.d_date,default.impala_tpcds_customer.c_first_name,default.impala_tpcds_customer.c_last_name)]
  |  mem-estimate=0B mem-reservation=0B thread-reservation=0
  07:AGGREGATE [STREAMING]
  |  group by: default.impala_tpcds_date_dim.d_date, default.impala_tpcds_customer.c_first_name, default.impala_tpcds_customer.c_last_name
  |  mem-estimate=128.00MB mem-reservation=34.00MB spill-buffer=2.00MB thread-reservation=0
  |  tuple-ids=7 row-size=36B cardinality=0
  |  in pipelines: 02(GETNEXT)
  |
  06:HASH JOIN [INNER JOIN, BROADCAST]
  |  hash predicates: default.impala_tpcds_store_sales.ss_customer_sk = default.impala_tpcds_customer.c_customer_sk
  |  fk/pk conjuncts: assumed fk/pk
  |  mem-estimate=1.94MB mem-reservation=1.94MB spill-buffer=64.00KB thread-reservation=0
  |  tuple-ids=2,3,5 row-size=56B cardinality=0
  |  in pipelines: 02(GETNEXT), 05(OPEN)
  |
  |--28:EXCHANGE [BROADCAST]
  |     mem-estimate=32.00KB mem-reservation=0B thread-reservation=0
  |     tuple-ids=5 row-size=28B cardinality=0
  |     in pipelines: 05(GETNEXT)
  |
  04:HASH JOIN [INNER JOIN, BROADCAST]
  |  hash predicates: default.impala_tpcds_store_sales.ss_sold_date_sk = default.impala_tpcds_date_dim.d_date_sk
  |  fk/pk conjuncts: assumed fk/pk
  |  mem-estimate=1.94MB mem-reservation=1.94MB spill-buffer=64.00KB thread-reservation=0
  |  tuple-ids=2,3 row-size=28B cardinality=0
  |  in pipelines: 02(GETNEXT), 03(OPEN)
  |
  |--27:EXCHANGE [BROADCAST]
  |     mem-estimate=24.00KB mem-reservation=0B thread-reservation=0
  |     tuple-ids=3 row-size=20B cardinality=0
  |     in pipelines: 03(GETNEXT)
  |
  02:SCAN HDFS [default.impala_tpcds_store_sales, RANDOM]
     partition predicates: default.impala_tpcds_store_sales.ss_sold_date_sk IS NOT NULL
     partitions=0/0 files=0 size=0B
     predicates: default.impala_tpcds_store_sales.ss_customer_sk IS NOT NULL
     stored statistics:
       table: rows=unavailable size=unavailable
       partitions: 0/0 rows=unavailable
       columns missing stats: ss_customer_sk
     extrapolated-rows=disabled max-scan-range-rows=0
     mem-estimate=0B mem-reservation=0B thread-reservation=0
     tuple-ids=2 row-size=8B cardinality=0
     in pipelines: 02(GETNEXT)

F01:PLAN FRAGMENT [RANDOM] hosts=1 instances=1
Per-Host Resources: mem-estimate=0B mem-reservation=0B thread-reservation=1
  DATASTREAM SINK [FRAGMENT=F00, EXCHANGE=27, BROADCAST]
  |  mem-estimate=0B mem-reservation=0B thread-reservation=0
  03:SCAN HDFS [default.impala_tpcds_date_dim, RANDOM]
     HDFS partitions=1/1 files=0 size=0B
     predicates: default.impala_tpcds_date_dim.d_date_sk IS NOT NULL, default.impala_tpcds_date_dim.d_month_seq >= CAST(1221 AS INT) AND default.impala_tpcds_date_dim.d_month_seq <= add(CAST(1221 AS INT), CAST(11 AS INT))
     stored statistics:
       table: rows=unavailable size=unavailable
       columns: unavailable
     extrapolated-rows=disabled max-scan-range-rows=0
     mem-estimate=0B mem-reservation=0B thread-reservation=0
     tuple-ids=3 row-size=20B cardinality=0
     in pipelines: 03(GETNEXT)

F02:PLAN FRAGMENT [RANDOM] hosts=1 instances=1
Per-Host Resources: mem-estimate=0B mem-reservation=0B thread-reservation=1
  DATASTREAM SINK [FRAGMENT=F00, EXCHANGE=28, BROADCAST]
  |  mem-estimate=0B mem-reservation=0B thread-reservation=0
  05:SCAN HDFS [default.impala_tpcds_customer, RANDOM]
     HDFS partitions=1/1 files=0 size=0B
     predicates: default.impala_tpcds_customer.c_customer_sk IS NOT NULL
     stored statistics:
       table: rows=unavailable size=unavailable
       columns: unavailable
     extrapolated-rows=disabled max-scan-range-rows=0
     mem-estimate=0B mem-reservation=0B thread-reservation=0
     tuple-ids=5 row-size=28B cardinality=0
     in pipelines: 05(GETNEXT)

F04:PLAN FRAGMENT [RANDOM] hosts=1 instances=1
Per-Host Resources: mem-estimate=131.93MB mem-reservation=37.88MB thread-reservation=1
  DATASTREAM SINK [FRAGMENT=F08, EXCHANGE=33, HASH(default.impala_tpcds_date_dim_0.d_date,default.impala_tpcds_customer_0.c_first_name,default.impala_tpcds_customer_0.c_last_name)]
  |  mem-estimate=0B mem-reservation=0B thread-reservation=0
  14:AGGREGATE [STREAMING]
  |  group by: default.impala_tpcds_date_dim_0.d_date, default.impala_tpcds_customer_0.c_first_name, default.impala_tpcds_customer_0.c_last_name
  |  mem-estimate=128.00MB mem-reservation=34.00MB spill-buffer=2.00MB thread-reservation=0
  |  tuple-ids=15 row-size=36B cardinality=0
  |  in pipelines: 09(GETNEXT)
  |
  13:HASH JOIN [INNER JOIN, BROADCAST]
  |  hash predicates: default.impala_tpcds_catalog_sales.cs_bill_customer_sk = default.impala_tpcds_customer_0.c_customer_sk
  |  fk/pk conjuncts: assumed fk/pk
  |  mem-estimate=1.94MB mem-reservation=1.94MB spill-buffer=64.00KB thread-reservation=0
  |  tuple-ids=9,11,13 row-size=56B cardinality=0
  |  in pipelines: 09(GETNEXT), 12(OPEN)
  |
  |--32:EXCHANGE [BROADCAST]
  |     mem-estimate=32.00KB mem-reservation=0B thread-reservation=0
  |     tuple-ids=13 row-size=28B cardinality=0
  |     in pipelines: 12(GETNEXT)
  |
  11:HASH JOIN [INNER JOIN, BROADCAST]
  |  hash predicates: default.impala_tpcds_catalog_sales.cs_sold_date_sk = default.impala_tpcds_date_dim_0.d_date_sk
  |  fk/pk conjuncts: assumed fk/pk
  |  mem-estimate=1.94MB mem-reservation=1.94MB spill-buffer=64.00KB thread-reservation=0
  |  tuple-ids=9,11 row-size=28B cardinality=0
  |  in pipelines: 09(GETNEXT), 10(OPEN)
  |
  |--31:EXCHANGE [BROADCAST]
  |     mem-estimate=24.00KB mem-reservation=0B thread-reservation=0
  |     tuple-ids=11 row-size=20B cardinality=0
  |     in pipelines: 10(GETNEXT)
  |
  09:SCAN HDFS [default.impala_tpcds_catalog_sales, RANDOM]
     HDFS partitions=1/1 files=0 size=0B
     predicates: default.impala_tpcds_catalog_sales.cs_bill_customer_sk IS NOT NULL, default.impala_tpcds_catalog_sales.cs_sold_date_sk IS NOT NULL
     stored statistics:
       table: rows=unavailable size=unavailable
       columns: unavailable
     extrapolated-rows=disabled max-scan-range-rows=0
     mem-estimate=0B mem-reservation=0B thread-reservation=0
     tuple-ids=9 row-size=8B cardinality=0
     in pipelines: 09(GETNEXT)

F05:PLAN FRAGMENT [RANDOM] hosts=1 instances=1
Per-Host Resources: mem-estimate=0B mem-reservation=0B thread-reservation=1
  DATASTREAM SINK [FRAGMENT=F04, EXCHANGE=31, BROADCAST]
  |  mem-estimate=0B mem-reservation=0B thread-reservation=0
  10:SCAN HDFS [default.impala_tpcds_date_dim, RANDOM]
     HDFS partitions=1/1 files=0 size=0B
     predicates: default.impala_tpcds_date_dim_0.d_date_sk IS NOT NULL, default.impala_tpcds_date_dim_0.d_month_seq >= CAST(1221 AS INT) AND default.impala_tpcds_date_dim_0.d_month_seq <= add(CAST(1221 AS INT), CAST(11 AS INT))
     stored statistics:
       table: rows=unavailable size=unavailable
       columns: unavailable
     extrapolated-rows=disabled max-scan-range-rows=0
     mem-estimate=0B mem-reservation=0B thread-reservation=0
     tuple-ids=11 row-size=20B cardinality=0
     in pipelines: 10(GETNEXT)

F06:PLAN FRAGMENT [RANDOM] hosts=1 instances=1
Per-Host Resources: mem-estimate=0B mem-reservation=0B thread-reservation=1
  DATASTREAM SINK [FRAGMENT=F04, EXCHANGE=32, BROADCAST]
  |  mem-estimate=0B mem-reservation=0B thread-reservation=0
  12:SCAN HDFS [default.impala_tpcds_customer, RANDOM]
     HDFS partitions=1/1 files=0 size=0B
     predicates: default.impala_tpcds_customer_0.c_customer_sk IS NOT NULL
     stored statistics:
       table: rows=unavailable size=unavailable
       columns: unavailable
     extrapolated-rows=disabled max-scan-range-rows=0
     mem-estimate=0B mem-reservation=0B thread-reservation=0
     tuple-ids=13 row-size=28B cardinality=0
     in pipelines: 12(GETNEXT)

F10:PLAN FRAGMENT [RANDOM] hosts=1 instances=1
Per-Host Resources: mem-estimate=131.93MB mem-reservation=37.88MB thread-reservation=1
  DATASTREAM SINK [FRAGMENT=F14, EXCHANGE=39, HASH(default.impala_tpcds_date_dim_1.d_date,default.impala_tpcds_customer_1.c_first_name,default.impala_tpcds_customer_1.c_last_name)]
  |  mem-estimate=0B mem-reservation=0B thread-reservation=0
  23:AGGREGATE [STREAMING]
  |  group by: default.impala_tpcds_date_dim_1.d_date, default.impala_tpcds_customer_1.c_first_name, default.impala_tpcds_customer_1.c_last_name
  |  mem-estimate=128.00MB mem-reservation=34.00MB spill-buffer=2.00MB thread-reservation=0
  |  tuple-ids=25 row-size=36B cardinality=0
  |  in pipelines: 18(GETNEXT)
  |
  22:HASH JOIN [INNER JOIN, BROADCAST]
  |  hash predicates: default.impala_tpcds_web_sales.ws_bill_customer_sk = default.impala_tpcds_customer_1.c_customer_sk
  |  fk/pk conjuncts: assumed fk/pk
  |  mem-estimate=1.94MB mem-reservation=1.94MB spill-buffer=64.00KB thread-reservation=0
  |  tuple-ids=19,21,23 row-size=56B cardinality=0
  |  in pipelines: 18(GETNEXT), 21(OPEN)
  |
  |--38:EXCHANGE [BROADCAST]
  |     mem-estimate=32.00KB mem-reservation=0B thread-reservation=0
  |     tuple-ids=23 row-size=28B cardinality=0
  |     in pipelines: 21(GETNEXT)
  |
  20:HASH JOIN [INNER JOIN, BROADCAST]
  |  hash predicates: default.impala_tpcds_web_sales.ws_sold_date_sk = default.impala_tpcds_date_dim_1.d_date_sk
  |  fk/pk conjuncts: assumed fk/pk
  |  mem-estimate=1.94MB mem-reservation=1.94MB spill-buffer=64.00KB thread-reservation=0
  |  tuple-ids=19,21 row-size=28B cardinality=0
  |  in pipelines: 18(GETNEXT), 19(OPEN)
  |
  |--37:EXCHANGE [BROADCAST]
  |     mem-estimate=24.00KB mem-reservation=0B thread-reservation=0
  |     tuple-ids=21 row-size=20B cardinality=0
  |     in pipelines: 19(GETNEXT)
  |
  18:SCAN HDFS [default.impala_tpcds_web_sales, RANDOM]
     HDFS partitions=1/1 files=0 size=0B
     predicates: default.impala_tpcds_web_sales.ws_bill_customer_sk IS NOT NULL, default.impala_tpcds_web_sales.ws_sold_date_sk IS NOT NULL
     stored statistics:
       table: rows=unavailable size=unavailable
       columns: unavailable
     extrapolated-rows=disabled max-scan-range-rows=0
     mem-estimate=0B mem-reservation=0B thread-reservation=0
     tuple-ids=19 row-size=8B cardinality=0
     in pipelines: 18(GETNEXT)

F11:PLAN FRAGMENT [RANDOM] hosts=1 instances=1
Per-Host Resources: mem-estimate=0B mem-reservation=0B thread-reservation=1
  DATASTREAM SINK [FRAGMENT=F10, EXCHANGE=37, BROADCAST]
  |  mem-estimate=0B mem-reservation=0B thread-reservation=0
  19:SCAN HDFS [default.impala_tpcds_date_dim, RANDOM]
     HDFS partitions=1/1 files=0 size=0B
     predicates: default.impala_tpcds_date_dim_1.d_date_sk IS NOT NULL, default.impala_tpcds_date_dim_1.d_month_seq >= CAST(1221 AS INT) AND default.impala_tpcds_date_dim_1.d_month_seq <= add(CAST(1221 AS INT), CAST(11 AS INT))
     stored statistics:
       table: rows=unavailable size=unavailable
       columns: unavailable
     extrapolated-rows=disabled max-scan-range-rows=0
     mem-estimate=0B mem-reservation=0B thread-reservation=0
     tuple-ids=21 row-size=20B cardinality=0
     in pipelines: 19(GETNEXT)

F12:PLAN FRAGMENT [RANDOM] hosts=1 instances=1
Per-Host Resources: mem-estimate=0B mem-reservation=0B thread-reservation=1
  DATASTREAM SINK [FRAGMENT=F10, EXCHANGE=38, BROADCAST]
  |  mem-estimate=0B mem-reservation=0B thread-reservation=0
  21:SCAN HDFS [default.impala_tpcds_customer, RANDOM]
     HDFS partitions=1/1 files=0 size=0B
     predicates: default.impala_tpcds_customer_1.c_customer_sk IS NOT NULL
     stored statistics:
       table: rows=unavailable size=unavailable
       columns: unavailable
     extrapolated-rows=disabled max-scan-range-rows=0
     mem-estimate=0B mem-reservation=0B thread-reservation=0
     tuple-ids=23 row-size=28B cardinality=0
     in pipelines: 21(GETNEXT)


  Stage: Stage-0
    Fetch Operator
      limit: -1
      Processor Tree:
        ListSink

