PREHOOK: query: explain cbo select  count(*) from (
    select distinct c_last_name, c_first_name, d_date
    from impala_tpcds_store_sales, impala_tpcds_date_dim, impala_tpcds_customer
          where impala_tpcds_store_sales.ss_sold_date_sk = impala_tpcds_date_dim.d_date_sk
      and impala_tpcds_store_sales.ss_customer_sk = impala_tpcds_customer.c_customer_sk
      and d_month_seq between 1186 and 1186 + 11
  intersect
    select distinct c_last_name, c_first_name, d_date
    from impala_tpcds_catalog_sales, impala_tpcds_date_dim, impala_tpcds_customer
          where impala_tpcds_catalog_sales.cs_sold_date_sk = impala_tpcds_date_dim.d_date_sk
      and impala_tpcds_catalog_sales.cs_bill_customer_sk = impala_tpcds_customer.c_customer_sk
      and d_month_seq between 1186 and 1186 + 11
  intersect
    select distinct c_last_name, c_first_name, d_date
    from impala_tpcds_web_sales, impala_tpcds_date_dim, impala_tpcds_customer
          where impala_tpcds_web_sales.ws_sold_date_sk = impala_tpcds_date_dim.d_date_sk
      and impala_tpcds_web_sales.ws_bill_customer_sk = impala_tpcds_customer.c_customer_sk
      and d_month_seq between 1186 and 1186 + 11
) hot_cust
limit 100
PREHOOK: type: QUERY
PREHOOK: Input: default@impala_tpcds_catalog_sales
PREHOOK: Input: default@impala_tpcds_customer
PREHOOK: Input: default@impala_tpcds_date_dim
PREHOOK: Input: default@impala_tpcds_store_sales
PREHOOK: Input: default@impala_tpcds_web_sales
PREHOOK: Output: hdfs://### HDFS PATH ###
POSTHOOK: query: explain cbo select  count(*) from (
    select distinct c_last_name, c_first_name, d_date
    from impala_tpcds_store_sales, impala_tpcds_date_dim, impala_tpcds_customer
          where impala_tpcds_store_sales.ss_sold_date_sk = impala_tpcds_date_dim.d_date_sk
      and impala_tpcds_store_sales.ss_customer_sk = impala_tpcds_customer.c_customer_sk
      and d_month_seq between 1186 and 1186 + 11
  intersect
    select distinct c_last_name, c_first_name, d_date
    from impala_tpcds_catalog_sales, impala_tpcds_date_dim, impala_tpcds_customer
          where impala_tpcds_catalog_sales.cs_sold_date_sk = impala_tpcds_date_dim.d_date_sk
      and impala_tpcds_catalog_sales.cs_bill_customer_sk = impala_tpcds_customer.c_customer_sk
      and d_month_seq between 1186 and 1186 + 11
  intersect
    select distinct c_last_name, c_first_name, d_date
    from impala_tpcds_web_sales, impala_tpcds_date_dim, impala_tpcds_customer
          where impala_tpcds_web_sales.ws_sold_date_sk = impala_tpcds_date_dim.d_date_sk
      and impala_tpcds_web_sales.ws_bill_customer_sk = impala_tpcds_customer.c_customer_sk
      and d_month_seq between 1186 and 1186 + 11
) hot_cust
limit 100
POSTHOOK: type: QUERY
POSTHOOK: Input: default@impala_tpcds_catalog_sales
POSTHOOK: Input: default@impala_tpcds_customer
POSTHOOK: Input: default@impala_tpcds_date_dim
POSTHOOK: Input: default@impala_tpcds_store_sales
POSTHOOK: Input: default@impala_tpcds_web_sales
POSTHOOK: Output: hdfs://### HDFS PATH ###
CBO PLAN:
ImpalaSortRel(fetch=[100])
  ImpalaAggregateRel(group=[{}], agg#0=[count()])
    ImpalaAggregateRel(group=[{0, 1, 2}], agg#0=[count($3)], condition=[=($3, 3)])
      ImpalaUnionRel(all=[true])
        ImpalaProjectPassthroughRel(c_last_name=[$2], c_first_name=[$1], d_date=[$0], $f3=[$3])
          ImpalaAggregateRel(group=[{0, 1, 2}], agg#0=[count()])
            ImpalaAggregateRel(group=[{3, 5, 6}])
              ImpalaJoinRel(condition=[=($0, $4)], joinType=[inner])
                ImpalaJoinRel(condition=[=($1, $2)], joinType=[inner])
                  ImpalaProjectPassthroughRel(ss_customer_sk=[$2], ss_sold_date_sk=[$22])
                    ImpalaHdfsScanRel(table=[[default, impala_tpcds_store_sales]], condition=[AND(IS NOT NULL($22), IS NOT NULL($2))])
                  ImpalaProjectPassthroughRel(d_date_sk=[$0], d_date=[$2])
                    ImpalaHdfsScanRel(table=[[default, impala_tpcds_date_dim]], condition=[AND(BETWEEN(false, $3, 1186, +(1186, 11)), IS NOT NULL($0))])
                ImpalaProjectPassthroughRel(c_customer_sk=[$0], c_first_name=[$8], c_last_name=[$9])
                  ImpalaHdfsScanRel(table=[[default, impala_tpcds_customer]], condition=[IS NOT NULL($0)])
        ImpalaProjectPassthroughRel(c_last_name=[$2], c_first_name=[$1], d_date=[$0], $f3=[$3])
          ImpalaAggregateRel(group=[{0, 1, 2}], agg#0=[count()])
            ImpalaAggregateRel(group=[{3, 5, 6}])
              ImpalaJoinRel(condition=[=($1, $4)], joinType=[inner])
                ImpalaJoinRel(condition=[=($0, $2)], joinType=[inner])
                  ImpalaProjectPassthroughRel(cs_sold_date_sk=[$0], cs_bill_customer_sk=[$3])
                    ImpalaHdfsScanRel(table=[[default, impala_tpcds_catalog_sales]], condition=[AND(IS NOT NULL($0), IS NOT NULL($3))])
                  ImpalaProjectPassthroughRel(d_date_sk=[$0], d_date=[$2])
                    ImpalaHdfsScanRel(table=[[default, impala_tpcds_date_dim]], condition=[AND(BETWEEN(false, $3, 1186, +(1186, 11)), IS NOT NULL($0))])
                ImpalaProjectPassthroughRel(c_customer_sk=[$0], c_first_name=[$8], c_last_name=[$9])
                  ImpalaHdfsScanRel(table=[[default, impala_tpcds_customer]], condition=[IS NOT NULL($0)])
        ImpalaProjectPassthroughRel(c_last_name=[$2], c_first_name=[$1], d_date=[$0], $f3=[$3])
          ImpalaAggregateRel(group=[{0, 1, 2}], agg#0=[count()])
            ImpalaAggregateRel(group=[{3, 5, 6}])
              ImpalaJoinRel(condition=[=($1, $4)], joinType=[inner])
                ImpalaJoinRel(condition=[=($0, $2)], joinType=[inner])
                  ImpalaProjectPassthroughRel(ws_sold_date_sk=[$0], ws_bill_customer_sk=[$4])
                    ImpalaHdfsScanRel(table=[[default, impala_tpcds_web_sales]], condition=[AND(IS NOT NULL($0), IS NOT NULL($4))])
                  ImpalaProjectPassthroughRel(d_date_sk=[$0], d_date=[$2])
                    ImpalaHdfsScanRel(table=[[default, impala_tpcds_date_dim]], condition=[AND(BETWEEN(false, $3, 1186, +(1186, 11)), IS NOT NULL($0))])
                ImpalaProjectPassthroughRel(c_customer_sk=[$0], c_first_name=[$8], c_last_name=[$9])
                  ImpalaHdfsScanRel(table=[[default, impala_tpcds_customer]], condition=[IS NOT NULL($0)])

PREHOOK: query: explain select  count(*) from (
    select distinct c_last_name, c_first_name, d_date
    from impala_tpcds_store_sales, impala_tpcds_date_dim, impala_tpcds_customer
          where impala_tpcds_store_sales.ss_sold_date_sk = impala_tpcds_date_dim.d_date_sk
      and impala_tpcds_store_sales.ss_customer_sk = impala_tpcds_customer.c_customer_sk
      and d_month_seq between 1186 and 1186 + 11
  intersect
    select distinct c_last_name, c_first_name, d_date
    from impala_tpcds_catalog_sales, impala_tpcds_date_dim, impala_tpcds_customer
          where impala_tpcds_catalog_sales.cs_sold_date_sk = impala_tpcds_date_dim.d_date_sk
      and impala_tpcds_catalog_sales.cs_bill_customer_sk = impala_tpcds_customer.c_customer_sk
      and d_month_seq between 1186 and 1186 + 11
  intersect
    select distinct c_last_name, c_first_name, d_date
    from impala_tpcds_web_sales, impala_tpcds_date_dim, impala_tpcds_customer
          where impala_tpcds_web_sales.ws_sold_date_sk = impala_tpcds_date_dim.d_date_sk
      and impala_tpcds_web_sales.ws_bill_customer_sk = impala_tpcds_customer.c_customer_sk
      and d_month_seq between 1186 and 1186 + 11
) hot_cust
limit 100
PREHOOK: type: QUERY
PREHOOK: Input: default@impala_tpcds_catalog_sales
PREHOOK: Input: default@impala_tpcds_customer
PREHOOK: Input: default@impala_tpcds_date_dim
PREHOOK: Input: default@impala_tpcds_store_sales
PREHOOK: Input: default@impala_tpcds_web_sales
PREHOOK: Output: hdfs://### HDFS PATH ###
POSTHOOK: query: explain select  count(*) from (
    select distinct c_last_name, c_first_name, d_date
    from impala_tpcds_store_sales, impala_tpcds_date_dim, impala_tpcds_customer
          where impala_tpcds_store_sales.ss_sold_date_sk = impala_tpcds_date_dim.d_date_sk
      and impala_tpcds_store_sales.ss_customer_sk = impala_tpcds_customer.c_customer_sk
      and d_month_seq between 1186 and 1186 + 11
  intersect
    select distinct c_last_name, c_first_name, d_date
    from impala_tpcds_catalog_sales, impala_tpcds_date_dim, impala_tpcds_customer
          where impala_tpcds_catalog_sales.cs_sold_date_sk = impala_tpcds_date_dim.d_date_sk
      and impala_tpcds_catalog_sales.cs_bill_customer_sk = impala_tpcds_customer.c_customer_sk
      and d_month_seq between 1186 and 1186 + 11
  intersect
    select distinct c_last_name, c_first_name, d_date
    from impala_tpcds_web_sales, impala_tpcds_date_dim, impala_tpcds_customer
          where impala_tpcds_web_sales.ws_sold_date_sk = impala_tpcds_date_dim.d_date_sk
      and impala_tpcds_web_sales.ws_bill_customer_sk = impala_tpcds_customer.c_customer_sk
      and d_month_seq between 1186 and 1186 + 11
) hot_cust
limit 100
POSTHOOK: type: QUERY
POSTHOOK: Input: default@impala_tpcds_catalog_sales
POSTHOOK: Input: default@impala_tpcds_customer
POSTHOOK: Input: default@impala_tpcds_date_dim
POSTHOOK: Input: default@impala_tpcds_store_sales
POSTHOOK: Input: default@impala_tpcds_web_sales
POSTHOOK: Output: hdfs://### HDFS PATH ###
STAGE DEPENDENCIES:
  Stage-1 is a root stage
  Stage-0 is a root stage

STAGE PLANS:
  Stage: Stage-1
    Impala
      Impala Plan: 
F17:PLAN FRAGMENT [UNPARTITIONED] hosts=1 instances=1
Per-Host Resources: mem-estimate=10.02MB mem-reservation=0B thread-reservation=1
  WRITE TO HDFS [_result_db_._result_table_, OVERWRITE=false]
  |  partitions=1
  |  output exprs: _impala_builtins.count()
  |  mem-estimate=8B mem-reservation=0B thread-reservation=0
  |
  24:TOP-N [LIMIT=100]
  |  order by: 
  |  mem-estimate=8B mem-reservation=0B thread-reservation=0
  |  tuple-ids=26 row-size=8B cardinality=1
  |  in pipelines: 24(GETNEXT), 46(OPEN)
  |
  46:AGGREGATE [FINALIZE]
  |  output: _impala_builtins.count:merge()
  |  mem-estimate=10.00MB mem-reservation=0B spill-buffer=2.00MB thread-reservation=0
  |  tuple-ids=25 row-size=8B cardinality=1
  |  in pipelines: 46(GETNEXT), 23(OPEN)
  |
  45:EXCHANGE [UNPARTITIONED]
     mem-estimate=16.00KB mem-reservation=0B thread-reservation=0
     tuple-ids=25 row-size=8B cardinality=1
     in pipelines: 23(GETNEXT)

F16:PLAN FRAGMENT [HASH(c_last_name,c_first_name,d_date)] hosts=1 instances=1
Per-Host Resources: mem-estimate=138.00MB mem-reservation=34.00MB thread-reservation=1
  DATASTREAM SINK [FRAGMENT=F17, EXCHANGE=45, UNPARTITIONED]
  |  mem-estimate=0B mem-reservation=0B thread-reservation=0
  23:AGGREGATE
  |  output: count()
  |  mem-estimate=10.00MB mem-reservation=0B spill-buffer=2.00MB thread-reservation=0
  |  tuple-ids=25 row-size=8B cardinality=1
  |  in pipelines: 23(GETNEXT), 44(OPEN)
  |
  44:AGGREGATE [FINALIZE]
  |  output: _impala_builtins.count:merge($f3)
  |  group by: c_last_name, c_first_name, d_date
  |  having: _impala_builtins.count($f3) = CAST(3 AS BIGINT)
  |  mem-estimate=128.00MB mem-reservation=34.00MB spill-buffer=2.00MB thread-reservation=0
  |  tuple-ids=24 row-size=44B cardinality=0
  |  in pipelines: 44(GETNEXT), 30(OPEN), 36(OPEN), 42(OPEN)
  |
  43:EXCHANGE [HASH(c_last_name,c_first_name,d_date)]
     mem-estimate=48.00KB mem-reservation=0B thread-reservation=0
     tuple-ids=24 row-size=44B cardinality=0
     in pipelines: 30(GETNEXT), 36(GETNEXT), 42(GETNEXT)

F15:PLAN FRAGMENT [RANDOM] hosts=1 instances=1
Per-Host Resources: mem-estimate=256.05MB mem-reservation=68.00MB thread-reservation=1
  DATASTREAM SINK [FRAGMENT=F16, EXCHANGE=43, HASH(c_last_name,c_first_name,d_date)]
  |  mem-estimate=0B mem-reservation=0B thread-reservation=0
  22:AGGREGATE [STREAMING]
  |  output: count($f3)
  |  group by: c_last_name, c_first_name, d_date
  |  mem-estimate=128.00MB mem-reservation=34.00MB spill-buffer=2.00MB thread-reservation=0
  |  tuple-ids=24 row-size=44B cardinality=0
  |  in pipelines: 30(GETNEXT), 36(GETNEXT), 42(GETNEXT)
  |
  00:UNION
  |  mem-estimate=0B mem-reservation=0B thread-reservation=0
  |  tuple-ids=0 row-size=44B cardinality=0
  |  in pipelines: 30(GETNEXT), 36(GETNEXT), 42(GETNEXT)
  |
  |--42:AGGREGATE [FINALIZE]
  |  |  output: _impala_builtins.count:merge()
  |  |  group by: default.impala_tpcds_date_dim_1.d_date, default.impala_tpcds_customer_1.c_first_name, default.impala_tpcds_customer_1.c_last_name
  |  |  mem-estimate=128.00MB mem-reservation=34.00MB spill-buffer=2.00MB thread-reservation=0
  |  |  tuple-ids=23 row-size=44B cardinality=0
  |  |  in pipelines: 42(GETNEXT), 40(OPEN)
  |  |
  |  41:EXCHANGE [HASH(default.impala_tpcds_date_dim_1.d_date,default.impala_tpcds_customer_1.c_first_name,default.impala_tpcds_customer_1.c_last_name)]
  |     mem-estimate=48.00KB mem-reservation=0B thread-reservation=0
  |     tuple-ids=23 row-size=44B cardinality=0
  |     in pipelines: 40(GETNEXT)
  |
  |--36:AGGREGATE [FINALIZE]
  |  |  output: _impala_builtins.count:merge()
  |  |  group by: default.impala_tpcds_date_dim_0.d_date, default.impala_tpcds_customer_0.c_first_name, default.impala_tpcds_customer_0.c_last_name
  |  |  mem-estimate=128.00MB mem-reservation=34.00MB spill-buffer=2.00MB thread-reservation=0
  |  |  tuple-ids=15 row-size=44B cardinality=0
  |  |  in pipelines: 36(GETNEXT), 34(OPEN)
  |  |
  |  35:EXCHANGE [HASH(default.impala_tpcds_date_dim_0.d_date,default.impala_tpcds_customer_0.c_first_name,default.impala_tpcds_customer_0.c_last_name)]
  |     mem-estimate=48.00KB mem-reservation=0B thread-reservation=0
  |     tuple-ids=15 row-size=44B cardinality=0
  |     in pipelines: 34(GETNEXT)
  |
  30:AGGREGATE [FINALIZE]
  |  output: _impala_builtins.count:merge()
  |  group by: default.impala_tpcds_date_dim.d_date, default.impala_tpcds_customer.c_first_name, default.impala_tpcds_customer.c_last_name
  |  mem-estimate=128.00MB mem-reservation=34.00MB spill-buffer=2.00MB thread-reservation=0
  |  tuple-ids=7 row-size=44B cardinality=0
  |  in pipelines: 30(GETNEXT), 28(OPEN)
  |
  29:EXCHANGE [HASH(default.impala_tpcds_date_dim.d_date,default.impala_tpcds_customer.c_first_name,default.impala_tpcds_customer.c_last_name)]
     mem-estimate=48.00KB mem-reservation=0B thread-reservation=0
     tuple-ids=7 row-size=44B cardinality=0
     in pipelines: 28(GETNEXT)

F03:PLAN FRAGMENT [HASH(default.impala_tpcds_date_dim.d_date,default.impala_tpcds_customer.c_first_name,default.impala_tpcds_customer.c_last_name)] hosts=1 instances=1
Per-Host Resources: mem-estimate=256.04MB mem-reservation=68.00MB thread-reservation=1
  DATASTREAM SINK [FRAGMENT=F15, EXCHANGE=29, HASH(default.impala_tpcds_date_dim.d_date,default.impala_tpcds_customer.c_first_name,default.impala_tpcds_customer.c_last_name)]
  |  mem-estimate=0B mem-reservation=0B thread-reservation=0
  07:AGGREGATE [STREAMING]
  |  output: count()
  |  group by: default.impala_tpcds_date_dim.d_date, default.impala_tpcds_customer.c_first_name, default.impala_tpcds_customer.c_last_name
  |  mem-estimate=128.00MB mem-reservation=34.00MB spill-buffer=2.00MB thread-reservation=0
  |  tuple-ids=7 row-size=44B cardinality=0
  |  in pipelines: 28(GETNEXT)
  |
  28:AGGREGATE [FINALIZE]
  |  group by: default.impala_tpcds_date_dim.d_date, default.impala_tpcds_customer.c_first_name, default.impala_tpcds_customer.c_last_name
  |  mem-estimate=128.00MB mem-reservation=34.00MB spill-buffer=2.00MB thread-reservation=0
  |  tuple-ids=6 row-size=36B cardinality=0
  |  in pipelines: 28(GETNEXT), 01(OPEN)
  |
  27:EXCHANGE [HASH(default.impala_tpcds_date_dim.d_date,default.impala_tpcds_customer.c_first_name,default.impala_tpcds_customer.c_last_name)]
     mem-estimate=40.00KB mem-reservation=0B thread-reservation=0
     tuple-ids=6 row-size=36B cardinality=0
     in pipelines: 01(GETNEXT)

F00:PLAN FRAGMENT [RANDOM] hosts=1 instances=1
Per-Host Resources: mem-estimate=131.93MB mem-reservation=37.88MB thread-reservation=1
  DATASTREAM SINK [FRAGMENT=F03, EXCHANGE=27, HASH(default.impala_tpcds_date_dim.d_date,default.impala_tpcds_customer.c_first_name,default.impala_tpcds_customer.c_last_name)]
  |  mem-estimate=0B mem-reservation=0B thread-reservation=0
  06:AGGREGATE [STREAMING]
  |  group by: default.impala_tpcds_date_dim.d_date, default.impala_tpcds_customer.c_first_name, default.impala_tpcds_customer.c_last_name
  |  mem-estimate=128.00MB mem-reservation=34.00MB spill-buffer=2.00MB thread-reservation=0
  |  tuple-ids=6 row-size=36B cardinality=0
  |  in pipelines: 01(GETNEXT)
  |
  05:HASH JOIN [INNER JOIN, BROADCAST]
  |  hash predicates: default.impala_tpcds_store_sales.ss_customer_sk = default.impala_tpcds_customer.c_customer_sk
  |  fk/pk conjuncts: assumed fk/pk
  |  mem-estimate=1.94MB mem-reservation=1.94MB spill-buffer=64.00KB thread-reservation=0
  |  tuple-ids=1,2,4 row-size=56B cardinality=0
  |  in pipelines: 01(GETNEXT), 04(OPEN)
  |
  |--26:EXCHANGE [BROADCAST]
  |     mem-estimate=32.00KB mem-reservation=0B thread-reservation=0
  |     tuple-ids=4 row-size=28B cardinality=0
  |     in pipelines: 04(GETNEXT)
  |
  03:HASH JOIN [INNER JOIN, BROADCAST]
  |  hash predicates: default.impala_tpcds_store_sales.ss_sold_date_sk = default.impala_tpcds_date_dim.d_date_sk
  |  fk/pk conjuncts: assumed fk/pk
  |  mem-estimate=1.94MB mem-reservation=1.94MB spill-buffer=64.00KB thread-reservation=0
  |  tuple-ids=1,2 row-size=28B cardinality=0
  |  in pipelines: 01(GETNEXT), 02(OPEN)
  |
  |--25:EXCHANGE [BROADCAST]
  |     mem-estimate=24.00KB mem-reservation=0B thread-reservation=0
  |     tuple-ids=2 row-size=20B cardinality=0
  |     in pipelines: 02(GETNEXT)
  |
  01:SCAN HDFS [default.impala_tpcds_store_sales, RANDOM]
     partition predicates: default.impala_tpcds_store_sales.ss_sold_date_sk IS NOT NULL
     partitions=0/0 files=0 size=0B
     predicates: default.impala_tpcds_store_sales.ss_customer_sk IS NOT NULL
     stored statistics:
       table: rows=unavailable size=unavailable
       partitions: 0/0 rows=unavailable
       columns missing stats: ss_customer_sk
     extrapolated-rows=disabled max-scan-range-rows=0
     mem-estimate=0B mem-reservation=0B thread-reservation=0
     tuple-ids=1 row-size=8B cardinality=0
     in pipelines: 01(GETNEXT)

F01:PLAN FRAGMENT [RANDOM] hosts=1 instances=1
Per-Host Resources: mem-estimate=0B mem-reservation=0B thread-reservation=1
  DATASTREAM SINK [FRAGMENT=F00, EXCHANGE=25, BROADCAST]
  |  mem-estimate=0B mem-reservation=0B thread-reservation=0
  02:SCAN HDFS [default.impala_tpcds_date_dim, RANDOM]
     HDFS partitions=1/1 files=0 size=0B
     predicates: default.impala_tpcds_date_dim.d_date_sk IS NOT NULL, default.impala_tpcds_date_dim.d_month_seq >= CAST(1186 AS INT) AND default.impala_tpcds_date_dim.d_month_seq <= _impala_builtins.add(CAST(1186 AS INT), CAST(11 AS INT))
     stored statistics:
       table: rows=0 size=0B
       columns: unavailable
     extrapolated-rows=disabled max-scan-range-rows=0
     mem-estimate=0B mem-reservation=0B thread-reservation=0
     tuple-ids=2 row-size=20B cardinality=0
     in pipelines: 02(GETNEXT)

F02:PLAN FRAGMENT [RANDOM] hosts=1 instances=1
Per-Host Resources: mem-estimate=0B mem-reservation=0B thread-reservation=1
  DATASTREAM SINK [FRAGMENT=F00, EXCHANGE=26, BROADCAST]
  |  mem-estimate=0B mem-reservation=0B thread-reservation=0
  04:SCAN HDFS [default.impala_tpcds_customer, RANDOM]
     HDFS partitions=1/1 files=0 size=0B
     predicates: default.impala_tpcds_customer.c_customer_sk IS NOT NULL
     stored statistics:
       table: rows=0 size=0B
       columns: unavailable
     extrapolated-rows=disabled max-scan-range-rows=0
     mem-estimate=0B mem-reservation=0B thread-reservation=0
     tuple-ids=4 row-size=28B cardinality=0
     in pipelines: 04(GETNEXT)

F08:PLAN FRAGMENT [HASH(default.impala_tpcds_date_dim_0.d_date,default.impala_tpcds_customer_0.c_first_name,default.impala_tpcds_customer_0.c_last_name)] hosts=1 instances=1
Per-Host Resources: mem-estimate=256.04MB mem-reservation=68.00MB thread-reservation=1
  DATASTREAM SINK [FRAGMENT=F15, EXCHANGE=35, HASH(default.impala_tpcds_date_dim_0.d_date,default.impala_tpcds_customer_0.c_first_name,default.impala_tpcds_customer_0.c_last_name)]
  |  mem-estimate=0B mem-reservation=0B thread-reservation=0
  14:AGGREGATE [STREAMING]
  |  output: count()
  |  group by: default.impala_tpcds_date_dim_0.d_date, default.impala_tpcds_customer_0.c_first_name, default.impala_tpcds_customer_0.c_last_name
  |  mem-estimate=128.00MB mem-reservation=34.00MB spill-buffer=2.00MB thread-reservation=0
  |  tuple-ids=15 row-size=44B cardinality=0
  |  in pipelines: 34(GETNEXT)
  |
  34:AGGREGATE [FINALIZE]
  |  group by: default.impala_tpcds_date_dim_0.d_date, default.impala_tpcds_customer_0.c_first_name, default.impala_tpcds_customer_0.c_last_name
  |  mem-estimate=128.00MB mem-reservation=34.00MB spill-buffer=2.00MB thread-reservation=0
  |  tuple-ids=14 row-size=36B cardinality=0
  |  in pipelines: 34(GETNEXT), 08(OPEN)
  |
  33:EXCHANGE [HASH(default.impala_tpcds_date_dim_0.d_date,default.impala_tpcds_customer_0.c_first_name,default.impala_tpcds_customer_0.c_last_name)]
     mem-estimate=40.00KB mem-reservation=0B thread-reservation=0
     tuple-ids=14 row-size=36B cardinality=0
     in pipelines: 08(GETNEXT)

F05:PLAN FRAGMENT [RANDOM] hosts=1 instances=1
Per-Host Resources: mem-estimate=131.93MB mem-reservation=37.88MB thread-reservation=1
  DATASTREAM SINK [FRAGMENT=F08, EXCHANGE=33, HASH(default.impala_tpcds_date_dim_0.d_date,default.impala_tpcds_customer_0.c_first_name,default.impala_tpcds_customer_0.c_last_name)]
  |  mem-estimate=0B mem-reservation=0B thread-reservation=0
  13:AGGREGATE [STREAMING]
  |  group by: default.impala_tpcds_date_dim_0.d_date, default.impala_tpcds_customer_0.c_first_name, default.impala_tpcds_customer_0.c_last_name
  |  mem-estimate=128.00MB mem-reservation=34.00MB spill-buffer=2.00MB thread-reservation=0
  |  tuple-ids=14 row-size=36B cardinality=0
  |  in pipelines: 08(GETNEXT)
  |
  12:HASH JOIN [INNER JOIN, BROADCAST]
  |  hash predicates: default.impala_tpcds_catalog_sales.cs_bill_customer_sk = default.impala_tpcds_customer_0.c_customer_sk
  |  fk/pk conjuncts: assumed fk/pk
  |  mem-estimate=1.94MB mem-reservation=1.94MB spill-buffer=64.00KB thread-reservation=0
  |  tuple-ids=8,10,12 row-size=56B cardinality=0
  |  in pipelines: 08(GETNEXT), 11(OPEN)
  |
  |--32:EXCHANGE [BROADCAST]
  |     mem-estimate=32.00KB mem-reservation=0B thread-reservation=0
  |     tuple-ids=12 row-size=28B cardinality=0
  |     in pipelines: 11(GETNEXT)
  |
  10:HASH JOIN [INNER JOIN, BROADCAST]
  |  hash predicates: default.impala_tpcds_catalog_sales.cs_sold_date_sk = default.impala_tpcds_date_dim_0.d_date_sk
  |  fk/pk conjuncts: assumed fk/pk
  |  mem-estimate=1.94MB mem-reservation=1.94MB spill-buffer=64.00KB thread-reservation=0
  |  tuple-ids=8,10 row-size=28B cardinality=0
  |  in pipelines: 08(GETNEXT), 09(OPEN)
  |
  |--31:EXCHANGE [BROADCAST]
  |     mem-estimate=24.00KB mem-reservation=0B thread-reservation=0
  |     tuple-ids=10 row-size=20B cardinality=0
  |     in pipelines: 09(GETNEXT)
  |
  08:SCAN HDFS [default.impala_tpcds_catalog_sales, RANDOM]
     HDFS partitions=1/1 files=0 size=0B
     predicates: default.impala_tpcds_catalog_sales.cs_bill_customer_sk IS NOT NULL, default.impala_tpcds_catalog_sales.cs_sold_date_sk IS NOT NULL
     stored statistics:
       table: rows=0 size=0B
       columns: unavailable
     extrapolated-rows=disabled max-scan-range-rows=0
     mem-estimate=0B mem-reservation=0B thread-reservation=0
     tuple-ids=8 row-size=8B cardinality=0
     in pipelines: 08(GETNEXT)

F06:PLAN FRAGMENT [RANDOM] hosts=1 instances=1
Per-Host Resources: mem-estimate=0B mem-reservation=0B thread-reservation=1
  DATASTREAM SINK [FRAGMENT=F05, EXCHANGE=31, BROADCAST]
  |  mem-estimate=0B mem-reservation=0B thread-reservation=0
  09:SCAN HDFS [default.impala_tpcds_date_dim, RANDOM]
     HDFS partitions=1/1 files=0 size=0B
     predicates: default.impala_tpcds_date_dim_0.d_date_sk IS NOT NULL, default.impala_tpcds_date_dim_0.d_month_seq >= CAST(1186 AS INT) AND default.impala_tpcds_date_dim_0.d_month_seq <= _impala_builtins.add(CAST(1186 AS INT), CAST(11 AS INT))
     stored statistics:
       table: rows=0 size=0B
       columns: unavailable
     extrapolated-rows=disabled max-scan-range-rows=0
     mem-estimate=0B mem-reservation=0B thread-reservation=0
     tuple-ids=10 row-size=20B cardinality=0
     in pipelines: 09(GETNEXT)

F07:PLAN FRAGMENT [RANDOM] hosts=1 instances=1
Per-Host Resources: mem-estimate=0B mem-reservation=0B thread-reservation=1
  DATASTREAM SINK [FRAGMENT=F05, EXCHANGE=32, BROADCAST]
  |  mem-estimate=0B mem-reservation=0B thread-reservation=0
  11:SCAN HDFS [default.impala_tpcds_customer, RANDOM]
     HDFS partitions=1/1 files=0 size=0B
     predicates: default.impala_tpcds_customer_0.c_customer_sk IS NOT NULL
     stored statistics:
       table: rows=0 size=0B
       columns: unavailable
     extrapolated-rows=disabled max-scan-range-rows=0
     mem-estimate=0B mem-reservation=0B thread-reservation=0
     tuple-ids=12 row-size=28B cardinality=0
     in pipelines: 11(GETNEXT)

F13:PLAN FRAGMENT [HASH(default.impala_tpcds_date_dim_1.d_date,default.impala_tpcds_customer_1.c_first_name,default.impala_tpcds_customer_1.c_last_name)] hosts=1 instances=1
Per-Host Resources: mem-estimate=256.04MB mem-reservation=68.00MB thread-reservation=1
  DATASTREAM SINK [FRAGMENT=F15, EXCHANGE=41, HASH(default.impala_tpcds_date_dim_1.d_date,default.impala_tpcds_customer_1.c_first_name,default.impala_tpcds_customer_1.c_last_name)]
  |  mem-estimate=0B mem-reservation=0B thread-reservation=0
  21:AGGREGATE [STREAMING]
  |  output: count()
  |  group by: default.impala_tpcds_date_dim_1.d_date, default.impala_tpcds_customer_1.c_first_name, default.impala_tpcds_customer_1.c_last_name
  |  mem-estimate=128.00MB mem-reservation=34.00MB spill-buffer=2.00MB thread-reservation=0
  |  tuple-ids=23 row-size=44B cardinality=0
  |  in pipelines: 40(GETNEXT)
  |
  40:AGGREGATE [FINALIZE]
  |  group by: default.impala_tpcds_date_dim_1.d_date, default.impala_tpcds_customer_1.c_first_name, default.impala_tpcds_customer_1.c_last_name
  |  mem-estimate=128.00MB mem-reservation=34.00MB spill-buffer=2.00MB thread-reservation=0
  |  tuple-ids=22 row-size=36B cardinality=0
  |  in pipelines: 40(GETNEXT), 15(OPEN)
  |
  39:EXCHANGE [HASH(default.impala_tpcds_date_dim_1.d_date,default.impala_tpcds_customer_1.c_first_name,default.impala_tpcds_customer_1.c_last_name)]
     mem-estimate=40.00KB mem-reservation=0B thread-reservation=0
     tuple-ids=22 row-size=36B cardinality=0
     in pipelines: 15(GETNEXT)

F10:PLAN FRAGMENT [RANDOM] hosts=1 instances=1
Per-Host Resources: mem-estimate=131.93MB mem-reservation=37.88MB thread-reservation=1
  DATASTREAM SINK [FRAGMENT=F13, EXCHANGE=39, HASH(default.impala_tpcds_date_dim_1.d_date,default.impala_tpcds_customer_1.c_first_name,default.impala_tpcds_customer_1.c_last_name)]
  |  mem-estimate=0B mem-reservation=0B thread-reservation=0
  20:AGGREGATE [STREAMING]
  |  group by: default.impala_tpcds_date_dim_1.d_date, default.impala_tpcds_customer_1.c_first_name, default.impala_tpcds_customer_1.c_last_name
  |  mem-estimate=128.00MB mem-reservation=34.00MB spill-buffer=2.00MB thread-reservation=0
  |  tuple-ids=22 row-size=36B cardinality=0
  |  in pipelines: 15(GETNEXT)
  |
  19:HASH JOIN [INNER JOIN, BROADCAST]
  |  hash predicates: default.impala_tpcds_web_sales.ws_bill_customer_sk = default.impala_tpcds_customer_1.c_customer_sk
  |  fk/pk conjuncts: assumed fk/pk
  |  mem-estimate=1.94MB mem-reservation=1.94MB spill-buffer=64.00KB thread-reservation=0
  |  tuple-ids=16,18,20 row-size=56B cardinality=0
  |  in pipelines: 15(GETNEXT), 18(OPEN)
  |
  |--38:EXCHANGE [BROADCAST]
  |     mem-estimate=32.00KB mem-reservation=0B thread-reservation=0
  |     tuple-ids=20 row-size=28B cardinality=0
  |     in pipelines: 18(GETNEXT)
  |
  17:HASH JOIN [INNER JOIN, BROADCAST]
  |  hash predicates: default.impala_tpcds_web_sales.ws_sold_date_sk = default.impala_tpcds_date_dim_1.d_date_sk
  |  fk/pk conjuncts: assumed fk/pk
  |  mem-estimate=1.94MB mem-reservation=1.94MB spill-buffer=64.00KB thread-reservation=0
  |  tuple-ids=16,18 row-size=28B cardinality=0
  |  in pipelines: 15(GETNEXT), 16(OPEN)
  |
  |--37:EXCHANGE [BROADCAST]
  |     mem-estimate=24.00KB mem-reservation=0B thread-reservation=0
  |     tuple-ids=18 row-size=20B cardinality=0
  |     in pipelines: 16(GETNEXT)
  |
  15:SCAN HDFS [default.impala_tpcds_web_sales, RANDOM]
     HDFS partitions=1/1 files=0 size=0B
     predicates: default.impala_tpcds_web_sales.ws_bill_customer_sk IS NOT NULL, default.impala_tpcds_web_sales.ws_sold_date_sk IS NOT NULL
     stored statistics:
       table: rows=0 size=0B
       columns: unavailable
     extrapolated-rows=disabled max-scan-range-rows=0
     mem-estimate=0B mem-reservation=0B thread-reservation=0
     tuple-ids=16 row-size=8B cardinality=0
     in pipelines: 15(GETNEXT)

F11:PLAN FRAGMENT [RANDOM] hosts=1 instances=1
Per-Host Resources: mem-estimate=0B mem-reservation=0B thread-reservation=1
  DATASTREAM SINK [FRAGMENT=F10, EXCHANGE=37, BROADCAST]
  |  mem-estimate=0B mem-reservation=0B thread-reservation=0
  16:SCAN HDFS [default.impala_tpcds_date_dim, RANDOM]
     HDFS partitions=1/1 files=0 size=0B
     predicates: default.impala_tpcds_date_dim_1.d_date_sk IS NOT NULL, default.impala_tpcds_date_dim_1.d_month_seq >= CAST(1186 AS INT) AND default.impala_tpcds_date_dim_1.d_month_seq <= _impala_builtins.add(CAST(1186 AS INT), CAST(11 AS INT))
     stored statistics:
       table: rows=0 size=0B
       columns: unavailable
     extrapolated-rows=disabled max-scan-range-rows=0
     mem-estimate=0B mem-reservation=0B thread-reservation=0
     tuple-ids=18 row-size=20B cardinality=0
     in pipelines: 16(GETNEXT)

F12:PLAN FRAGMENT [RANDOM] hosts=1 instances=1
Per-Host Resources: mem-estimate=0B mem-reservation=0B thread-reservation=1
  DATASTREAM SINK [FRAGMENT=F10, EXCHANGE=38, BROADCAST]
  |  mem-estimate=0B mem-reservation=0B thread-reservation=0
  18:SCAN HDFS [default.impala_tpcds_customer, RANDOM]
     HDFS partitions=1/1 files=0 size=0B
     predicates: default.impala_tpcds_customer_1.c_customer_sk IS NOT NULL
     stored statistics:
       table: rows=0 size=0B
       columns: unavailable
     extrapolated-rows=disabled max-scan-range-rows=0
     mem-estimate=0B mem-reservation=0B thread-reservation=0
     tuple-ids=20 row-size=28B cardinality=0
     in pipelines: 18(GETNEXT)


  Stage: Stage-0
    Fetch Operator
      limit: -1
      Processor Tree:
        ListSink

