PREHOOK: query: explain cbo with ss as (
 select i_item_id,sum(ss_ext_sales_price) total_sales
 from
      impala_tpcds_store_sales,
      impala_tpcds_date_dim,
         impala_tpcds_customer_address,
         impala_tpcds_item
 where i_item_id in (select
     i_item_id
from impala_tpcds_item
where i_color in ('chiffon','smoke','lace'))
 and     ss_item_sk              = i_item_sk
 and     ss_sold_date_sk         = d_date_sk
 and     d_year                  = 2001
 and     d_moy                   = 5
 and     ss_addr_sk              = ca_address_sk
 and     ca_gmt_offset           = -6 
 group by i_item_id),
 cs as (
 select i_item_id,sum(cs_ext_sales_price) total_sales
 from
      impala_tpcds_catalog_sales,
      impala_tpcds_date_dim,
         impala_tpcds_customer_address,
         impala_tpcds_item
 where
         i_item_id               in (select
  i_item_id
from impala_tpcds_item
where i_color in ('chiffon','smoke','lace'))
 and     cs_item_sk              = i_item_sk
 and     cs_sold_date_sk         = d_date_sk
 and     d_year                  = 2001
 and     d_moy                   = 5
 and     cs_bill_addr_sk         = ca_address_sk
 and     ca_gmt_offset           = -6 
 group by i_item_id),
 ws as (
 select i_item_id,sum(ws_ext_sales_price) total_sales
 from
      impala_tpcds_web_sales,
      impala_tpcds_date_dim,
         impala_tpcds_customer_address,
         impala_tpcds_item
 where
         i_item_id               in (select
  i_item_id
from impala_tpcds_item
where i_color in ('chiffon','smoke','lace'))
 and     ws_item_sk              = i_item_sk
 and     ws_sold_date_sk         = d_date_sk
 and     d_year                  = 2001
 and     d_moy                   = 5
 and     ws_bill_addr_sk         = ca_address_sk
 and     ca_gmt_offset           = -6
 group by i_item_id)
  select  i_item_id ,sum(total_sales) total_sales
 from  (select * from ss 
        union all
        select * from cs 
        union all
        select * from ws) tmp1
 group by i_item_id
 order by total_sales,
          i_item_id
 limit 100
PREHOOK: type: QUERY
PREHOOK: Input: default@impala_tpcds_catalog_sales
PREHOOK: Input: default@impala_tpcds_customer_address
PREHOOK: Input: default@impala_tpcds_date_dim
PREHOOK: Input: default@impala_tpcds_item
PREHOOK: Input: default@impala_tpcds_store_sales
PREHOOK: Input: default@impala_tpcds_web_sales
PREHOOK: Output: hdfs://### HDFS PATH ###
POSTHOOK: query: explain cbo with ss as (
 select i_item_id,sum(ss_ext_sales_price) total_sales
 from
      impala_tpcds_store_sales,
      impala_tpcds_date_dim,
         impala_tpcds_customer_address,
         impala_tpcds_item
 where i_item_id in (select
     i_item_id
from impala_tpcds_item
where i_color in ('chiffon','smoke','lace'))
 and     ss_item_sk              = i_item_sk
 and     ss_sold_date_sk         = d_date_sk
 and     d_year                  = 2001
 and     d_moy                   = 5
 and     ss_addr_sk              = ca_address_sk
 and     ca_gmt_offset           = -6 
 group by i_item_id),
 cs as (
 select i_item_id,sum(cs_ext_sales_price) total_sales
 from
      impala_tpcds_catalog_sales,
      impala_tpcds_date_dim,
         impala_tpcds_customer_address,
         impala_tpcds_item
 where
         i_item_id               in (select
  i_item_id
from impala_tpcds_item
where i_color in ('chiffon','smoke','lace'))
 and     cs_item_sk              = i_item_sk
 and     cs_sold_date_sk         = d_date_sk
 and     d_year                  = 2001
 and     d_moy                   = 5
 and     cs_bill_addr_sk         = ca_address_sk
 and     ca_gmt_offset           = -6 
 group by i_item_id),
 ws as (
 select i_item_id,sum(ws_ext_sales_price) total_sales
 from
      impala_tpcds_web_sales,
      impala_tpcds_date_dim,
         impala_tpcds_customer_address,
         impala_tpcds_item
 where
         i_item_id               in (select
  i_item_id
from impala_tpcds_item
where i_color in ('chiffon','smoke','lace'))
 and     ws_item_sk              = i_item_sk
 and     ws_sold_date_sk         = d_date_sk
 and     d_year                  = 2001
 and     d_moy                   = 5
 and     ws_bill_addr_sk         = ca_address_sk
 and     ca_gmt_offset           = -6
 group by i_item_id)
  select  i_item_id ,sum(total_sales) total_sales
 from  (select * from ss 
        union all
        select * from cs 
        union all
        select * from ws) tmp1
 group by i_item_id
 order by total_sales,
          i_item_id
 limit 100
POSTHOOK: type: QUERY
POSTHOOK: Input: default@impala_tpcds_catalog_sales
POSTHOOK: Input: default@impala_tpcds_customer_address
POSTHOOK: Input: default@impala_tpcds_date_dim
POSTHOOK: Input: default@impala_tpcds_item
POSTHOOK: Input: default@impala_tpcds_store_sales
POSTHOOK: Input: default@impala_tpcds_web_sales
POSTHOOK: Output: hdfs://### HDFS PATH ###
CBO PLAN:
ImpalaSortRel(sort0=[$1], sort1=[$0], dir0=[ASC], dir1=[ASC], fetch=[100])
  ImpalaAggregateRel(group=[{0}], agg#0=[sum($1)])
    ImpalaUnionRel(all=[true])
      ImpalaAggregateRel(group=[{7}], agg#0=[sum($2)])
        ImpalaJoinRel(condition=[=($0, $6)], joinType=[inner])
          ImpalaJoinRel(condition=[=($1, $5)], joinType=[inner])
            ImpalaJoinRel(condition=[=($3, $4)], joinType=[inner])
              ImpalaProjectPassthroughRel(ss_item_sk=[$1], ss_addr_sk=[$5], ss_ext_sales_price=[$14], ss_sold_date_sk=[$22])
                ImpalaHdfsScanRel(table=[[default, impala_tpcds_store_sales]], condition=[AND(IS NOT NULL($22), IS NOT NULL($5), IS NOT NULL($1))])
              ImpalaProjectPassthroughRel(d_date_sk=[$0])
                ImpalaHdfsScanRel(table=[[default, impala_tpcds_date_dim]], condition=[AND(=($6, 2001), =($8, 5), IS NOT NULL($0))])
            ImpalaProjectPassthroughRel(ca_address_sk=[$0])
              ImpalaHdfsScanRel(table=[[default, impala_tpcds_customer_address]], condition=[AND(=($11, CAST(-(6:TINYINT)):DECIMAL(3, 0) NOT NULL), IS NOT NULL($0))])
          ImpalaJoinRel(condition=[=($1, $2)], joinType=[inner])
            ImpalaProjectPassthroughRel(i_item_sk=[$0], i_item_id=[$1])
              ImpalaHdfsScanRel(table=[[default, impala_tpcds_item]], condition=[AND(IS NOT NULL($1), IS NOT NULL($0))])
            ImpalaAggregateRel(group=[{1}])
              ImpalaHdfsScanRel(table=[[default, impala_tpcds_item]], condition=[AND(IN($17, _UTF-16LE'chiffon':VARCHAR(2147483647) CHARACTER SET "UTF-16LE", _UTF-16LE'smoke':VARCHAR(2147483647) CHARACTER SET "UTF-16LE", _UTF-16LE'lace':VARCHAR(2147483647) CHARACTER SET "UTF-16LE"), IS NOT NULL($1))])
      ImpalaAggregateRel(group=[{7}], agg#0=[sum($3)])
        ImpalaJoinRel(condition=[=($2, $6)], joinType=[inner])
          ImpalaJoinRel(condition=[=($1, $5)], joinType=[inner])
            ImpalaJoinRel(condition=[=($0, $4)], joinType=[inner])
              ImpalaProjectPassthroughRel(cs_sold_date_sk=[$0], cs_bill_addr_sk=[$6], cs_item_sk=[$15], cs_ext_sales_price=[$23])
                ImpalaHdfsScanRel(table=[[default, impala_tpcds_catalog_sales]], condition=[AND(IS NOT NULL($0), IS NOT NULL($6), IS NOT NULL($15))])
              ImpalaProjectPassthroughRel(d_date_sk=[$0])
                ImpalaHdfsScanRel(table=[[default, impala_tpcds_date_dim]], condition=[AND(=($6, 2001), =($8, 5), IS NOT NULL($0))])
            ImpalaProjectPassthroughRel(ca_address_sk=[$0])
              ImpalaHdfsScanRel(table=[[default, impala_tpcds_customer_address]], condition=[AND(=($11, CAST(-(6:TINYINT)):DECIMAL(3, 0) NOT NULL), IS NOT NULL($0))])
          ImpalaJoinRel(condition=[=($1, $2)], joinType=[inner])
            ImpalaProjectPassthroughRel(i_item_sk=[$0], i_item_id=[$1])
              ImpalaHdfsScanRel(table=[[default, impala_tpcds_item]], condition=[AND(IS NOT NULL($1), IS NOT NULL($0))])
            ImpalaAggregateRel(group=[{1}])
              ImpalaHdfsScanRel(table=[[default, impala_tpcds_item]], condition=[AND(IN($17, _UTF-16LE'chiffon':VARCHAR(2147483647) CHARACTER SET "UTF-16LE", _UTF-16LE'smoke':VARCHAR(2147483647) CHARACTER SET "UTF-16LE", _UTF-16LE'lace':VARCHAR(2147483647) CHARACTER SET "UTF-16LE"), IS NOT NULL($1))])
      ImpalaAggregateRel(group=[{7}], agg#0=[sum($3)])
        ImpalaJoinRel(condition=[=($1, $6)], joinType=[inner])
          ImpalaJoinRel(condition=[=($2, $5)], joinType=[inner])
            ImpalaJoinRel(condition=[=($0, $4)], joinType=[inner])
              ImpalaProjectPassthroughRel(ws_sold_date_sk=[$0], ws_item_sk=[$3], ws_bill_addr_sk=[$7], ws_ext_sales_price=[$23])
                ImpalaHdfsScanRel(table=[[default, impala_tpcds_web_sales]], condition=[AND(IS NOT NULL($0), IS NOT NULL($7), IS NOT NULL($3))])
              ImpalaProjectPassthroughRel(d_date_sk=[$0])
                ImpalaHdfsScanRel(table=[[default, impala_tpcds_date_dim]], condition=[AND(=($6, 2001), =($8, 5), IS NOT NULL($0))])
            ImpalaProjectPassthroughRel(ca_address_sk=[$0])
              ImpalaHdfsScanRel(table=[[default, impala_tpcds_customer_address]], condition=[AND(=($11, CAST(-(6:TINYINT)):DECIMAL(3, 0) NOT NULL), IS NOT NULL($0))])
          ImpalaJoinRel(condition=[=($1, $2)], joinType=[inner])
            ImpalaProjectPassthroughRel(i_item_sk=[$0], i_item_id=[$1])
              ImpalaHdfsScanRel(table=[[default, impala_tpcds_item]], condition=[AND(IS NOT NULL($1), IS NOT NULL($0))])
            ImpalaAggregateRel(group=[{1}])
              ImpalaHdfsScanRel(table=[[default, impala_tpcds_item]], condition=[AND(IN($17, _UTF-16LE'chiffon':VARCHAR(2147483647) CHARACTER SET "UTF-16LE", _UTF-16LE'smoke':VARCHAR(2147483647) CHARACTER SET "UTF-16LE", _UTF-16LE'lace':VARCHAR(2147483647) CHARACTER SET "UTF-16LE"), IS NOT NULL($1))])

PREHOOK: query: explain with ss as (
 select i_item_id,sum(ss_ext_sales_price) total_sales
 from
      impala_tpcds_store_sales,
      impala_tpcds_date_dim,
         impala_tpcds_customer_address,
         impala_tpcds_item
 where i_item_id in (select
     i_item_id
from impala_tpcds_item
where i_color in ('chiffon','smoke','lace'))
 and     ss_item_sk              = i_item_sk
 and     ss_sold_date_sk         = d_date_sk
 and     d_year                  = 2001
 and     d_moy                   = 5
 and     ss_addr_sk              = ca_address_sk
 and     ca_gmt_offset           = -6 
 group by i_item_id),
 cs as (
 select i_item_id,sum(cs_ext_sales_price) total_sales
 from
      impala_tpcds_catalog_sales,
      impala_tpcds_date_dim,
         impala_tpcds_customer_address,
         impala_tpcds_item
 where
         i_item_id               in (select
  i_item_id
from impala_tpcds_item
where i_color in ('chiffon','smoke','lace'))
 and     cs_item_sk              = i_item_sk
 and     cs_sold_date_sk         = d_date_sk
 and     d_year                  = 2001
 and     d_moy                   = 5
 and     cs_bill_addr_sk         = ca_address_sk
 and     ca_gmt_offset           = -6 
 group by i_item_id),
 ws as (
 select i_item_id,sum(ws_ext_sales_price) total_sales
 from
      impala_tpcds_web_sales,
      impala_tpcds_date_dim,
         impala_tpcds_customer_address,
         impala_tpcds_item
 where
         i_item_id               in (select
  i_item_id
from impala_tpcds_item
where i_color in ('chiffon','smoke','lace'))
 and     ws_item_sk              = i_item_sk
 and     ws_sold_date_sk         = d_date_sk
 and     d_year                  = 2001
 and     d_moy                   = 5
 and     ws_bill_addr_sk         = ca_address_sk
 and     ca_gmt_offset           = -6
 group by i_item_id)
  select  i_item_id ,sum(total_sales) total_sales
 from  (select * from ss 
        union all
        select * from cs 
        union all
        select * from ws) tmp1
 group by i_item_id
 order by total_sales,
          i_item_id
 limit 100
PREHOOK: type: QUERY
PREHOOK: Input: default@impala_tpcds_catalog_sales
PREHOOK: Input: default@impala_tpcds_customer_address
PREHOOK: Input: default@impala_tpcds_date_dim
PREHOOK: Input: default@impala_tpcds_item
PREHOOK: Input: default@impala_tpcds_store_sales
PREHOOK: Input: default@impala_tpcds_web_sales
PREHOOK: Output: hdfs://### HDFS PATH ###
POSTHOOK: query: explain with ss as (
 select i_item_id,sum(ss_ext_sales_price) total_sales
 from
      impala_tpcds_store_sales,
      impala_tpcds_date_dim,
         impala_tpcds_customer_address,
         impala_tpcds_item
 where i_item_id in (select
     i_item_id
from impala_tpcds_item
where i_color in ('chiffon','smoke','lace'))
 and     ss_item_sk              = i_item_sk
 and     ss_sold_date_sk         = d_date_sk
 and     d_year                  = 2001
 and     d_moy                   = 5
 and     ss_addr_sk              = ca_address_sk
 and     ca_gmt_offset           = -6 
 group by i_item_id),
 cs as (
 select i_item_id,sum(cs_ext_sales_price) total_sales
 from
      impala_tpcds_catalog_sales,
      impala_tpcds_date_dim,
         impala_tpcds_customer_address,
         impala_tpcds_item
 where
         i_item_id               in (select
  i_item_id
from impala_tpcds_item
where i_color in ('chiffon','smoke','lace'))
 and     cs_item_sk              = i_item_sk
 and     cs_sold_date_sk         = d_date_sk
 and     d_year                  = 2001
 and     d_moy                   = 5
 and     cs_bill_addr_sk         = ca_address_sk
 and     ca_gmt_offset           = -6 
 group by i_item_id),
 ws as (
 select i_item_id,sum(ws_ext_sales_price) total_sales
 from
      impala_tpcds_web_sales,
      impala_tpcds_date_dim,
         impala_tpcds_customer_address,
         impala_tpcds_item
 where
         i_item_id               in (select
  i_item_id
from impala_tpcds_item
where i_color in ('chiffon','smoke','lace'))
 and     ws_item_sk              = i_item_sk
 and     ws_sold_date_sk         = d_date_sk
 and     d_year                  = 2001
 and     d_moy                   = 5
 and     ws_bill_addr_sk         = ca_address_sk
 and     ca_gmt_offset           = -6
 group by i_item_id)
  select  i_item_id ,sum(total_sales) total_sales
 from  (select * from ss 
        union all
        select * from cs 
        union all
        select * from ws) tmp1
 group by i_item_id
 order by total_sales,
          i_item_id
 limit 100
POSTHOOK: type: QUERY
POSTHOOK: Input: default@impala_tpcds_catalog_sales
POSTHOOK: Input: default@impala_tpcds_customer_address
POSTHOOK: Input: default@impala_tpcds_date_dim
POSTHOOK: Input: default@impala_tpcds_item
POSTHOOK: Input: default@impala_tpcds_store_sales
POSTHOOK: Input: default@impala_tpcds_web_sales
POSTHOOK: Output: hdfs://### HDFS PATH ###
STAGE DEPENDENCIES:
  Stage-1 is a root stage
  Stage-0 is a root stage

STAGE PLANS:
  Stage: Stage-1
    Impala
      Impala Plan: 
F23:PLAN FRAGMENT [UNPARTITIONED] hosts=1 instances=1
Per-Host Resources: mem-estimate=32.00KB mem-reservation=0B thread-reservation=1
  PLAN-ROOT SINK
  |  output exprs: i_item_id, _impala_builtins.sum($f1)
  |  mem-estimate=0B mem-reservation=0B thread-reservation=0
  |
  62:MERGING-EXCHANGE [UNPARTITIONED]
     order by: _impala_builtins.sum($f1) ASC NULLS LAST, i_item_id ASC NULLS LAST
     limit: 100
     mem-estimate=32.00KB mem-reservation=0B thread-reservation=0
     tuple-ids=37 row-size=28B cardinality=0
     in pipelines: 35(GETNEXT)

F22:PLAN FRAGMENT [HASH(i_item_id)] hosts=1 instances=1
Per-Host Resources: mem-estimate=128.03MB mem-reservation=34.00MB thread-reservation=1
  DATASTREAM SINK [FRAGMENT=F23, EXCHANGE=62, UNPARTITIONED]
  |  mem-estimate=0B mem-reservation=0B thread-reservation=0
  35:TOP-N [LIMIT=100]
  |  order by: _impala_builtins.sum($f1) ASC NULLS LAST, i_item_id ASC NULLS LAST
  |  mem-estimate=0B mem-reservation=0B thread-reservation=0
  |  tuple-ids=37 row-size=28B cardinality=0
  |  in pipelines: 35(GETNEXT), 61(OPEN)
  |
  61:AGGREGATE [FINALIZE]
  |  output: _impala_builtins.sum:merge($f1)
  |  group by: i_item_id
  |  mem-estimate=128.00MB mem-reservation=34.00MB spill-buffer=2.00MB thread-reservation=0
  |  tuple-ids=36 row-size=28B cardinality=0
  |  in pipelines: 61(GETNEXT), 43(OPEN), 51(OPEN), 59(OPEN)
  |
  60:EXCHANGE [HASH(i_item_id)]
     mem-estimate=32.00KB mem-reservation=0B thread-reservation=0
     tuple-ids=36 row-size=28B cardinality=0
     in pipelines: 43(GETNEXT), 51(GETNEXT), 59(GETNEXT)

F21:PLAN FRAGMENT [RANDOM] hosts=1 instances=1
Per-Host Resources: mem-estimate=256.03MB mem-reservation=68.00MB thread-reservation=1
  DATASTREAM SINK [FRAGMENT=F22, EXCHANGE=60, HASH(i_item_id)]
  |  mem-estimate=0B mem-reservation=0B thread-reservation=0
  34:AGGREGATE [STREAMING]
  |  output: sum($f1)
  |  group by: i_item_id
  |  mem-estimate=128.00MB mem-reservation=34.00MB spill-buffer=2.00MB thread-reservation=0
  |  tuple-ids=36 row-size=28B cardinality=0
  |  in pipelines: 43(GETNEXT), 51(GETNEXT), 59(GETNEXT)
  |
  00:UNION
  |  pass-through-operands: all
  |  mem-estimate=0B mem-reservation=0B thread-reservation=0
  |  tuple-ids=0 row-size=28B cardinality=0
  |  in pipelines: 43(GETNEXT), 51(GETNEXT), 59(GETNEXT)
  |
  |--59:AGGREGATE [FINALIZE]
  |  |  output: _impala_builtins.sum:merge(default.impala_tpcds_web_sales.ws_ext_sales_price)
  |  |  group by: default.impala_tpcds_item_3.i_item_id
  |  |  mem-estimate=128.00MB mem-reservation=34.00MB spill-buffer=2.00MB thread-reservation=0
  |  |  tuple-ids=35 row-size=28B cardinality=0
  |  |  in pipelines: 59(GETNEXT), 23(OPEN)
  |  |
  |  58:EXCHANGE [HASH(default.impala_tpcds_item_3.i_item_id)]
  |     mem-estimate=32.00KB mem-reservation=0B thread-reservation=0
  |     tuple-ids=35 row-size=28B cardinality=0
  |     in pipelines: 23(GETNEXT)
  |
  |--51:AGGREGATE [FINALIZE]
  |  |  output: _impala_builtins.sum:merge(default.impala_tpcds_catalog_sales.cs_ext_sales_price)
  |  |  group by: default.impala_tpcds_item_1.i_item_id
  |  |  mem-estimate=128.00MB mem-reservation=34.00MB spill-buffer=2.00MB thread-reservation=0
  |  |  tuple-ids=23 row-size=28B cardinality=0
  |  |  in pipelines: 51(GETNEXT), 12(OPEN)
  |  |
  |  50:EXCHANGE [HASH(default.impala_tpcds_item_1.i_item_id)]
  |     mem-estimate=32.00KB mem-reservation=0B thread-reservation=0
  |     tuple-ids=23 row-size=28B cardinality=0
  |     in pipelines: 12(GETNEXT)
  |
  43:AGGREGATE [FINALIZE]
  |  output: _impala_builtins.sum:merge(default.impala_tpcds_store_sales.ss_ext_sales_price)
  |  group by: default.impala_tpcds_item.i_item_id
  |  mem-estimate=128.00MB mem-reservation=34.00MB spill-buffer=2.00MB thread-reservation=0
  |  tuple-ids=11 row-size=28B cardinality=0
  |  in pipelines: 43(GETNEXT), 01(OPEN)
  |
  42:EXCHANGE [HASH(default.impala_tpcds_item.i_item_id)]
     mem-estimate=32.00KB mem-reservation=0B thread-reservation=0
     tuple-ids=11 row-size=28B cardinality=0
     in pipelines: 01(GETNEXT)

F00:PLAN FRAGMENT [RANDOM] hosts=1 instances=1
Per-Host Resources: mem-estimate=133.88MB mem-reservation=39.81MB thread-reservation=1
  DATASTREAM SINK [FRAGMENT=F21, EXCHANGE=42, HASH(default.impala_tpcds_item.i_item_id)]
  |  mem-estimate=0B mem-reservation=0B thread-reservation=0
  11:AGGREGATE [STREAMING]
  |  output: sum(default.impala_tpcds_store_sales.ss_ext_sales_price)
  |  group by: default.impala_tpcds_item.i_item_id
  |  mem-estimate=128.00MB mem-reservation=34.00MB spill-buffer=2.00MB thread-reservation=0
  |  tuple-ids=11 row-size=28B cardinality=0
  |  in pipelines: 01(GETNEXT)
  |
  10:HASH JOIN [INNER JOIN, BROADCAST]
  |  hash predicates: default.impala_tpcds_store_sales.ss_item_sk = default.impala_tpcds_item.i_item_sk
  |  fk/pk conjuncts: assumed fk/pk
  |  mem-estimate=1.94MB mem-reservation=1.94MB spill-buffer=64.00KB thread-reservation=0
  |  tuple-ids=1,2,4,6,10 row-size=72B cardinality=0
  |  in pipelines: 01(GETNEXT), 06(OPEN)
  |
  |--41:EXCHANGE [BROADCAST]
  |     mem-estimate=40.00KB mem-reservation=0B thread-reservation=0
  |     tuple-ids=6,10 row-size=32B cardinality=0
  |     in pipelines: 06(GETNEXT)
  |
  05:HASH JOIN [INNER JOIN, BROADCAST]
  |  hash predicates: default.impala_tpcds_store_sales.ss_addr_sk = default.impala_tpcds_customer_address.ca_address_sk
  |  fk/pk conjuncts: assumed fk/pk
  |  mem-estimate=1.94MB mem-reservation=1.94MB spill-buffer=64.00KB thread-reservation=0
  |  tuple-ids=1,2,4 row-size=40B cardinality=0
  |  in pipelines: 01(GETNEXT), 04(OPEN)
  |
  |--37:EXCHANGE [BROADCAST]
  |     mem-estimate=16.00KB mem-reservation=0B thread-reservation=0
  |     tuple-ids=4 row-size=8B cardinality=0
  |     in pipelines: 04(GETNEXT)
  |
  03:HASH JOIN [INNER JOIN, BROADCAST]
  |  hash predicates: default.impala_tpcds_store_sales.ss_sold_date_sk = default.impala_tpcds_date_dim.d_date_sk
  |  fk/pk conjuncts: assumed fk/pk
  |  mem-estimate=1.94MB mem-reservation=1.94MB spill-buffer=64.00KB thread-reservation=0
  |  tuple-ids=1,2 row-size=32B cardinality=0
  |  in pipelines: 01(GETNEXT), 02(OPEN)
  |
  |--36:EXCHANGE [BROADCAST]
  |     mem-estimate=16.00KB mem-reservation=0B thread-reservation=0
  |     tuple-ids=2 row-size=12B cardinality=0
  |     in pipelines: 02(GETNEXT)
  |
  01:SCAN HDFS [default.impala_tpcds_store_sales, RANDOM]
     partition predicates: default.impala_tpcds_store_sales.ss_sold_date_sk IS NOT NULL
     partitions=0/0 files=0 size=0B
     predicates: default.impala_tpcds_store_sales.ss_addr_sk IS NOT NULL, default.impala_tpcds_store_sales.ss_item_sk IS NOT NULL
     stored statistics:
       table: rows=unavailable size=unavailable
       partitions: 0/0 rows=unavailable
       columns missing stats: ss_item_sk, ss_addr_sk, ss_ext_sales_price
     extrapolated-rows=disabled max-scan-range-rows=0
     mem-estimate=0B mem-reservation=0B thread-reservation=0
     tuple-ids=1 row-size=20B cardinality=0
     in pipelines: 01(GETNEXT)

F01:PLAN FRAGMENT [RANDOM] hosts=1 instances=1
Per-Host Resources: mem-estimate=0B mem-reservation=0B thread-reservation=1
  DATASTREAM SINK [FRAGMENT=F00, EXCHANGE=36, BROADCAST]
  |  mem-estimate=0B mem-reservation=0B thread-reservation=0
  02:SCAN HDFS [default.impala_tpcds_date_dim, RANDOM]
     HDFS partitions=1/1 files=0 size=0B
     predicates: default.impala_tpcds_date_dim.d_date_sk IS NOT NULL, default.impala_tpcds_date_dim.d_moy = CAST(5 AS INT), default.impala_tpcds_date_dim.d_year = CAST(2001 AS INT)
     stored statistics:
       table: rows=0 size=0B
       columns: unavailable
     extrapolated-rows=disabled max-scan-range-rows=0
     parquet statistics predicates: default.impala_tpcds_date_dim.d_moy = CAST(5 AS INT), default.impala_tpcds_date_dim.d_year = CAST(2001 AS INT)
     mem-estimate=0B mem-reservation=0B thread-reservation=0
     tuple-ids=2 row-size=12B cardinality=0
     in pipelines: 02(GETNEXT)

F02:PLAN FRAGMENT [RANDOM] hosts=1 instances=1
Per-Host Resources: mem-estimate=0B mem-reservation=0B thread-reservation=1
  DATASTREAM SINK [FRAGMENT=F00, EXCHANGE=37, BROADCAST]
  |  mem-estimate=0B mem-reservation=0B thread-reservation=0
  04:SCAN HDFS [default.impala_tpcds_customer_address, RANDOM]
     HDFS partitions=1/1 files=0 size=0B
     predicates: default.impala_tpcds_customer_address.ca_address_sk IS NOT NULL, default.impala_tpcds_customer_address.ca_gmt_offset = _impala_builtins.casttodecimal(_impala_builtins.negative(CAST(6 AS TINYINT)))
     stored statistics:
       table: rows=0 size=0B
       columns: unavailable
     extrapolated-rows=disabled max-scan-range-rows=0
     parquet statistics predicates: default.impala_tpcds_customer_address.ca_gmt_offset = _impala_builtins.casttodecimal(_impala_builtins.negative(CAST(6 AS TINYINT)))
     mem-estimate=0B mem-reservation=0B thread-reservation=0
     tuple-ids=4 row-size=8B cardinality=0
     in pipelines: 04(GETNEXT)

F03:PLAN FRAGMENT [RANDOM] hosts=1 instances=1
Per-Host Resources: mem-estimate=1.95MB mem-reservation=1.94MB thread-reservation=1
  DATASTREAM SINK [FRAGMENT=F00, EXCHANGE=41, BROADCAST]
  |  mem-estimate=0B mem-reservation=0B thread-reservation=0
  09:HASH JOIN [INNER JOIN, BROADCAST]
  |  hash predicates: default.impala_tpcds_item.i_item_id = default.impala_tpcds_item_0.i_item_id
  |  fk/pk conjuncts: assumed fk/pk
  |  mem-estimate=1.94MB mem-reservation=1.94MB spill-buffer=64.00KB thread-reservation=0
  |  tuple-ids=6,10 row-size=32B cardinality=0
  |  in pipelines: 06(GETNEXT), 39(OPEN)
  |
  |--40:EXCHANGE [BROADCAST]
  |     mem-estimate=16.00KB mem-reservation=0B thread-reservation=0
  |     tuple-ids=10 row-size=12B cardinality=0
  |     in pipelines: 39(GETNEXT)
  |
  06:SCAN HDFS [default.impala_tpcds_item, RANDOM]
     HDFS partitions=1/1 files=0 size=0B
     predicates: default.impala_tpcds_item.i_item_id IS NOT NULL, default.impala_tpcds_item.i_item_sk IS NOT NULL
     stored statistics:
       table: rows=0 size=0B
       columns: unavailable
     extrapolated-rows=disabled max-scan-range-rows=0
     mem-estimate=0B mem-reservation=0B thread-reservation=0
     tuple-ids=6 row-size=20B cardinality=0
     in pipelines: 06(GETNEXT)

F05:PLAN FRAGMENT [HASH(default.impala_tpcds_item_0.i_item_id)] hosts=1 instances=1
Per-Host Resources: mem-estimate=128.02MB mem-reservation=34.00MB thread-reservation=1
  DATASTREAM SINK [FRAGMENT=F03, EXCHANGE=40, BROADCAST]
  |  mem-estimate=0B mem-reservation=0B thread-reservation=0
  39:AGGREGATE [FINALIZE]
  |  group by: default.impala_tpcds_item_0.i_item_id
  |  mem-estimate=128.00MB mem-reservation=34.00MB spill-buffer=2.00MB thread-reservation=0
  |  tuple-ids=10 row-size=12B cardinality=0
  |  in pipelines: 39(GETNEXT), 07(OPEN)
  |
  38:EXCHANGE [HASH(default.impala_tpcds_item_0.i_item_id)]
     mem-estimate=16.00KB mem-reservation=0B thread-reservation=0
     tuple-ids=10 row-size=12B cardinality=0
     in pipelines: 07(GETNEXT)

F04:PLAN FRAGMENT [RANDOM] hosts=1 instances=1
Per-Host Resources: mem-estimate=128.00MB mem-reservation=34.00MB thread-reservation=1
  DATASTREAM SINK [FRAGMENT=F05, EXCHANGE=38, HASH(default.impala_tpcds_item_0.i_item_id)]
  |  mem-estimate=0B mem-reservation=0B thread-reservation=0
  08:AGGREGATE [STREAMING]
  |  group by: default.impala_tpcds_item_0.i_item_id
  |  mem-estimate=128.00MB mem-reservation=34.00MB spill-buffer=2.00MB thread-reservation=0
  |  tuple-ids=10 row-size=12B cardinality=0
  |  in pipelines: 07(GETNEXT)
  |
  07:SCAN HDFS [default.impala_tpcds_item, RANDOM]
     HDFS partitions=1/1 files=0 size=0B
     predicates: default.impala_tpcds_item_0.i_item_id IS NOT NULL, default.impala_tpcds_item_0.i_color IN ('chiffon', 'smoke', 'lace')
     stored statistics:
       table: rows=0 size=0B
       columns: unavailable
     extrapolated-rows=disabled max-scan-range-rows=0
     parquet statistics predicates: default.impala_tpcds_item_0.i_color IN ('chiffon', 'smoke', 'lace')
     mem-estimate=0B mem-reservation=0B thread-reservation=0
     tuple-ids=8 row-size=24B cardinality=0
     in pipelines: 07(GETNEXT)

F07:PLAN FRAGMENT [RANDOM] hosts=1 instances=1
Per-Host Resources: mem-estimate=133.88MB mem-reservation=39.81MB thread-reservation=1
  DATASTREAM SINK [FRAGMENT=F21, EXCHANGE=50, HASH(default.impala_tpcds_item_1.i_item_id)]
  |  mem-estimate=0B mem-reservation=0B thread-reservation=0
  22:AGGREGATE [STREAMING]
  |  output: sum(default.impala_tpcds_catalog_sales.cs_ext_sales_price)
  |  group by: default.impala_tpcds_item_1.i_item_id
  |  mem-estimate=128.00MB mem-reservation=34.00MB spill-buffer=2.00MB thread-reservation=0
  |  tuple-ids=23 row-size=28B cardinality=0
  |  in pipelines: 12(GETNEXT)
  |
  21:HASH JOIN [INNER JOIN, BROADCAST]
  |  hash predicates: default.impala_tpcds_catalog_sales.cs_item_sk = default.impala_tpcds_item_1.i_item_sk
  |  fk/pk conjuncts: assumed fk/pk
  |  mem-estimate=1.94MB mem-reservation=1.94MB spill-buffer=64.00KB thread-reservation=0
  |  tuple-ids=12,14,16,18,22 row-size=72B cardinality=0
  |  in pipelines: 12(GETNEXT), 17(OPEN)
  |
  |--49:EXCHANGE [BROADCAST]
  |     mem-estimate=40.00KB mem-reservation=0B thread-reservation=0
  |     tuple-ids=18,22 row-size=32B cardinality=0
  |     in pipelines: 17(GETNEXT)
  |
  16:HASH JOIN [INNER JOIN, BROADCAST]
  |  hash predicates: default.impala_tpcds_catalog_sales.cs_bill_addr_sk = default.impala_tpcds_customer_address_0.ca_address_sk
  |  fk/pk conjuncts: assumed fk/pk
  |  mem-estimate=1.94MB mem-reservation=1.94MB spill-buffer=64.00KB thread-reservation=0
  |  tuple-ids=12,14,16 row-size=40B cardinality=0
  |  in pipelines: 12(GETNEXT), 15(OPEN)
  |
  |--45:EXCHANGE [BROADCAST]
  |     mem-estimate=16.00KB mem-reservation=0B thread-reservation=0
  |     tuple-ids=16 row-size=8B cardinality=0
  |     in pipelines: 15(GETNEXT)
  |
  14:HASH JOIN [INNER JOIN, BROADCAST]
  |  hash predicates: default.impala_tpcds_catalog_sales.cs_sold_date_sk = default.impala_tpcds_date_dim_0.d_date_sk
  |  fk/pk conjuncts: assumed fk/pk
  |  mem-estimate=1.94MB mem-reservation=1.94MB spill-buffer=64.00KB thread-reservation=0
  |  tuple-ids=12,14 row-size=32B cardinality=0
  |  in pipelines: 12(GETNEXT), 13(OPEN)
  |
  |--44:EXCHANGE [BROADCAST]
  |     mem-estimate=16.00KB mem-reservation=0B thread-reservation=0
  |     tuple-ids=14 row-size=12B cardinality=0
  |     in pipelines: 13(GETNEXT)
  |
  12:SCAN HDFS [default.impala_tpcds_catalog_sales, RANDOM]
     HDFS partitions=1/1 files=0 size=0B
     predicates: default.impala_tpcds_catalog_sales.cs_bill_addr_sk IS NOT NULL, default.impala_tpcds_catalog_sales.cs_item_sk IS NOT NULL, default.impala_tpcds_catalog_sales.cs_sold_date_sk IS NOT NULL
     stored statistics:
       table: rows=0 size=0B
       columns: unavailable
     extrapolated-rows=disabled max-scan-range-rows=0
     mem-estimate=0B mem-reservation=0B thread-reservation=0
     tuple-ids=12 row-size=20B cardinality=0
     in pipelines: 12(GETNEXT)

F08:PLAN FRAGMENT [RANDOM] hosts=1 instances=1
Per-Host Resources: mem-estimate=0B mem-reservation=0B thread-reservation=1
  DATASTREAM SINK [FRAGMENT=F07, EXCHANGE=44, BROADCAST]
  |  mem-estimate=0B mem-reservation=0B thread-reservation=0
  13:SCAN HDFS [default.impala_tpcds_date_dim, RANDOM]
     HDFS partitions=1/1 files=0 size=0B
     predicates: default.impala_tpcds_date_dim_0.d_date_sk IS NOT NULL, default.impala_tpcds_date_dim_0.d_moy = CAST(5 AS INT), default.impala_tpcds_date_dim_0.d_year = CAST(2001 AS INT)
     stored statistics:
       table: rows=0 size=0B
       columns: unavailable
     extrapolated-rows=disabled max-scan-range-rows=0
     parquet statistics predicates: default.impala_tpcds_date_dim_0.d_moy = CAST(5 AS INT), default.impala_tpcds_date_dim_0.d_year = CAST(2001 AS INT)
     mem-estimate=0B mem-reservation=0B thread-reservation=0
     tuple-ids=14 row-size=12B cardinality=0
     in pipelines: 13(GETNEXT)

F09:PLAN FRAGMENT [RANDOM] hosts=1 instances=1
Per-Host Resources: mem-estimate=0B mem-reservation=0B thread-reservation=1
  DATASTREAM SINK [FRAGMENT=F07, EXCHANGE=45, BROADCAST]
  |  mem-estimate=0B mem-reservation=0B thread-reservation=0
  15:SCAN HDFS [default.impala_tpcds_customer_address, RANDOM]
     HDFS partitions=1/1 files=0 size=0B
     predicates: default.impala_tpcds_customer_address_0.ca_address_sk IS NOT NULL, default.impala_tpcds_customer_address_0.ca_gmt_offset = _impala_builtins.casttodecimal(_impala_builtins.negative(CAST(6 AS TINYINT)))
     stored statistics:
       table: rows=0 size=0B
       columns: unavailable
     extrapolated-rows=disabled max-scan-range-rows=0
     parquet statistics predicates: default.impala_tpcds_customer_address_0.ca_gmt_offset = _impala_builtins.casttodecimal(_impala_builtins.negative(CAST(6 AS TINYINT)))
     mem-estimate=0B mem-reservation=0B thread-reservation=0
     tuple-ids=16 row-size=8B cardinality=0
     in pipelines: 15(GETNEXT)

F10:PLAN FRAGMENT [RANDOM] hosts=1 instances=1
Per-Host Resources: mem-estimate=1.95MB mem-reservation=1.94MB thread-reservation=1
  DATASTREAM SINK [FRAGMENT=F07, EXCHANGE=49, BROADCAST]
  |  mem-estimate=0B mem-reservation=0B thread-reservation=0
  20:HASH JOIN [INNER JOIN, BROADCAST]
  |  hash predicates: default.impala_tpcds_item_1.i_item_id = default.impala_tpcds_item_2.i_item_id
  |  fk/pk conjuncts: assumed fk/pk
  |  mem-estimate=1.94MB mem-reservation=1.94MB spill-buffer=64.00KB thread-reservation=0
  |  tuple-ids=18,22 row-size=32B cardinality=0
  |  in pipelines: 17(GETNEXT), 47(OPEN)
  |
  |--48:EXCHANGE [BROADCAST]
  |     mem-estimate=16.00KB mem-reservation=0B thread-reservation=0
  |     tuple-ids=22 row-size=12B cardinality=0
  |     in pipelines: 47(GETNEXT)
  |
  17:SCAN HDFS [default.impala_tpcds_item, RANDOM]
     HDFS partitions=1/1 files=0 size=0B
     predicates: default.impala_tpcds_item_1.i_item_id IS NOT NULL, default.impala_tpcds_item_1.i_item_sk IS NOT NULL
     stored statistics:
       table: rows=0 size=0B
       columns: unavailable
     extrapolated-rows=disabled max-scan-range-rows=0
     mem-estimate=0B mem-reservation=0B thread-reservation=0
     tuple-ids=18 row-size=20B cardinality=0
     in pipelines: 17(GETNEXT)

F12:PLAN FRAGMENT [HASH(default.impala_tpcds_item_2.i_item_id)] hosts=1 instances=1
Per-Host Resources: mem-estimate=128.02MB mem-reservation=34.00MB thread-reservation=1
  DATASTREAM SINK [FRAGMENT=F10, EXCHANGE=48, BROADCAST]
  |  mem-estimate=0B mem-reservation=0B thread-reservation=0
  47:AGGREGATE [FINALIZE]
  |  group by: default.impala_tpcds_item_2.i_item_id
  |  mem-estimate=128.00MB mem-reservation=34.00MB spill-buffer=2.00MB thread-reservation=0
  |  tuple-ids=22 row-size=12B cardinality=0
  |  in pipelines: 47(GETNEXT), 18(OPEN)
  |
  46:EXCHANGE [HASH(default.impala_tpcds_item_2.i_item_id)]
     mem-estimate=16.00KB mem-reservation=0B thread-reservation=0
     tuple-ids=22 row-size=12B cardinality=0
     in pipelines: 18(GETNEXT)

F11:PLAN FRAGMENT [RANDOM] hosts=1 instances=1
Per-Host Resources: mem-estimate=128.00MB mem-reservation=34.00MB thread-reservation=1
  DATASTREAM SINK [FRAGMENT=F12, EXCHANGE=46, HASH(default.impala_tpcds_item_2.i_item_id)]
  |  mem-estimate=0B mem-reservation=0B thread-reservation=0
  19:AGGREGATE [STREAMING]
  |  group by: default.impala_tpcds_item_2.i_item_id
  |  mem-estimate=128.00MB mem-reservation=34.00MB spill-buffer=2.00MB thread-reservation=0
  |  tuple-ids=22 row-size=12B cardinality=0
  |  in pipelines: 18(GETNEXT)
  |
  18:SCAN HDFS [default.impala_tpcds_item, RANDOM]
     HDFS partitions=1/1 files=0 size=0B
     predicates: default.impala_tpcds_item_2.i_item_id IS NOT NULL, default.impala_tpcds_item_2.i_color IN ('chiffon', 'smoke', 'lace')
     stored statistics:
       table: rows=0 size=0B
       columns: unavailable
     extrapolated-rows=disabled max-scan-range-rows=0
     parquet statistics predicates: default.impala_tpcds_item_2.i_color IN ('chiffon', 'smoke', 'lace')
     mem-estimate=0B mem-reservation=0B thread-reservation=0
     tuple-ids=20 row-size=24B cardinality=0
     in pipelines: 18(GETNEXT)

F14:PLAN FRAGMENT [RANDOM] hosts=1 instances=1
Per-Host Resources: mem-estimate=133.88MB mem-reservation=39.81MB thread-reservation=1
  DATASTREAM SINK [FRAGMENT=F21, EXCHANGE=58, HASH(default.impala_tpcds_item_3.i_item_id)]
  |  mem-estimate=0B mem-reservation=0B thread-reservation=0
  33:AGGREGATE [STREAMING]
  |  output: sum(default.impala_tpcds_web_sales.ws_ext_sales_price)
  |  group by: default.impala_tpcds_item_3.i_item_id
  |  mem-estimate=128.00MB mem-reservation=34.00MB spill-buffer=2.00MB thread-reservation=0
  |  tuple-ids=35 row-size=28B cardinality=0
  |  in pipelines: 23(GETNEXT)
  |
  32:HASH JOIN [INNER JOIN, BROADCAST]
  |  hash predicates: default.impala_tpcds_web_sales.ws_item_sk = default.impala_tpcds_item_3.i_item_sk
  |  fk/pk conjuncts: assumed fk/pk
  |  mem-estimate=1.94MB mem-reservation=1.94MB spill-buffer=64.00KB thread-reservation=0
  |  tuple-ids=24,26,28,30,34 row-size=72B cardinality=0
  |  in pipelines: 23(GETNEXT), 28(OPEN)
  |
  |--57:EXCHANGE [BROADCAST]
  |     mem-estimate=40.00KB mem-reservation=0B thread-reservation=0
  |     tuple-ids=30,34 row-size=32B cardinality=0
  |     in pipelines: 28(GETNEXT)
  |
  27:HASH JOIN [INNER JOIN, BROADCAST]
  |  hash predicates: default.impala_tpcds_web_sales.ws_bill_addr_sk = default.impala_tpcds_customer_address_1.ca_address_sk
  |  fk/pk conjuncts: assumed fk/pk
  |  mem-estimate=1.94MB mem-reservation=1.94MB spill-buffer=64.00KB thread-reservation=0
  |  tuple-ids=24,26,28 row-size=40B cardinality=0
  |  in pipelines: 23(GETNEXT), 26(OPEN)
  |
  |--53:EXCHANGE [BROADCAST]
  |     mem-estimate=16.00KB mem-reservation=0B thread-reservation=0
  |     tuple-ids=28 row-size=8B cardinality=0
  |     in pipelines: 26(GETNEXT)
  |
  25:HASH JOIN [INNER JOIN, BROADCAST]
  |  hash predicates: default.impala_tpcds_web_sales.ws_sold_date_sk = default.impala_tpcds_date_dim_1.d_date_sk
  |  fk/pk conjuncts: assumed fk/pk
  |  mem-estimate=1.94MB mem-reservation=1.94MB spill-buffer=64.00KB thread-reservation=0
  |  tuple-ids=24,26 row-size=32B cardinality=0
  |  in pipelines: 23(GETNEXT), 24(OPEN)
  |
  |--52:EXCHANGE [BROADCAST]
  |     mem-estimate=16.00KB mem-reservation=0B thread-reservation=0
  |     tuple-ids=26 row-size=12B cardinality=0
  |     in pipelines: 24(GETNEXT)
  |
  23:SCAN HDFS [default.impala_tpcds_web_sales, RANDOM]
     HDFS partitions=1/1 files=0 size=0B
     predicates: default.impala_tpcds_web_sales.ws_bill_addr_sk IS NOT NULL, default.impala_tpcds_web_sales.ws_item_sk IS NOT NULL, default.impala_tpcds_web_sales.ws_sold_date_sk IS NOT NULL
     stored statistics:
       table: rows=0 size=0B
       columns: unavailable
     extrapolated-rows=disabled max-scan-range-rows=0
     mem-estimate=0B mem-reservation=0B thread-reservation=0
     tuple-ids=24 row-size=20B cardinality=0
     in pipelines: 23(GETNEXT)

F15:PLAN FRAGMENT [RANDOM] hosts=1 instances=1
Per-Host Resources: mem-estimate=0B mem-reservation=0B thread-reservation=1
  DATASTREAM SINK [FRAGMENT=F14, EXCHANGE=52, BROADCAST]
  |  mem-estimate=0B mem-reservation=0B thread-reservation=0
  24:SCAN HDFS [default.impala_tpcds_date_dim, RANDOM]
     HDFS partitions=1/1 files=0 size=0B
     predicates: default.impala_tpcds_date_dim_1.d_date_sk IS NOT NULL, default.impala_tpcds_date_dim_1.d_moy = CAST(5 AS INT), default.impala_tpcds_date_dim_1.d_year = CAST(2001 AS INT)
     stored statistics:
       table: rows=0 size=0B
       columns: unavailable
     extrapolated-rows=disabled max-scan-range-rows=0
     parquet statistics predicates: default.impala_tpcds_date_dim_1.d_moy = CAST(5 AS INT), default.impala_tpcds_date_dim_1.d_year = CAST(2001 AS INT)
     mem-estimate=0B mem-reservation=0B thread-reservation=0
     tuple-ids=26 row-size=12B cardinality=0
     in pipelines: 24(GETNEXT)

F16:PLAN FRAGMENT [RANDOM] hosts=1 instances=1
Per-Host Resources: mem-estimate=0B mem-reservation=0B thread-reservation=1
  DATASTREAM SINK [FRAGMENT=F14, EXCHANGE=53, BROADCAST]
  |  mem-estimate=0B mem-reservation=0B thread-reservation=0
  26:SCAN HDFS [default.impala_tpcds_customer_address, RANDOM]
     HDFS partitions=1/1 files=0 size=0B
     predicates: default.impala_tpcds_customer_address_1.ca_address_sk IS NOT NULL, default.impala_tpcds_customer_address_1.ca_gmt_offset = _impala_builtins.casttodecimal(_impala_builtins.negative(CAST(6 AS TINYINT)))
     stored statistics:
       table: rows=0 size=0B
       columns: unavailable
     extrapolated-rows=disabled max-scan-range-rows=0
     parquet statistics predicates: default.impala_tpcds_customer_address_1.ca_gmt_offset = _impala_builtins.casttodecimal(_impala_builtins.negative(CAST(6 AS TINYINT)))
     mem-estimate=0B mem-reservation=0B thread-reservation=0
     tuple-ids=28 row-size=8B cardinality=0
     in pipelines: 26(GETNEXT)

F17:PLAN FRAGMENT [RANDOM] hosts=1 instances=1
Per-Host Resources: mem-estimate=1.95MB mem-reservation=1.94MB thread-reservation=1
  DATASTREAM SINK [FRAGMENT=F14, EXCHANGE=57, BROADCAST]
  |  mem-estimate=0B mem-reservation=0B thread-reservation=0
  31:HASH JOIN [INNER JOIN, BROADCAST]
  |  hash predicates: default.impala_tpcds_item_3.i_item_id = default.impala_tpcds_item_4.i_item_id
  |  fk/pk conjuncts: assumed fk/pk
  |  mem-estimate=1.94MB mem-reservation=1.94MB spill-buffer=64.00KB thread-reservation=0
  |  tuple-ids=30,34 row-size=32B cardinality=0
  |  in pipelines: 28(GETNEXT), 55(OPEN)
  |
  |--56:EXCHANGE [BROADCAST]
  |     mem-estimate=16.00KB mem-reservation=0B thread-reservation=0
  |     tuple-ids=34 row-size=12B cardinality=0
  |     in pipelines: 55(GETNEXT)
  |
  28:SCAN HDFS [default.impala_tpcds_item, RANDOM]
     HDFS partitions=1/1 files=0 size=0B
     predicates: default.impala_tpcds_item_3.i_item_id IS NOT NULL, default.impala_tpcds_item_3.i_item_sk IS NOT NULL
     stored statistics:
       table: rows=0 size=0B
       columns: unavailable
     extrapolated-rows=disabled max-scan-range-rows=0
     mem-estimate=0B mem-reservation=0B thread-reservation=0
     tuple-ids=30 row-size=20B cardinality=0
     in pipelines: 28(GETNEXT)

F19:PLAN FRAGMENT [HASH(default.impala_tpcds_item_4.i_item_id)] hosts=1 instances=1
Per-Host Resources: mem-estimate=128.02MB mem-reservation=34.00MB thread-reservation=1
  DATASTREAM SINK [FRAGMENT=F17, EXCHANGE=56, BROADCAST]
  |  mem-estimate=0B mem-reservation=0B thread-reservation=0
  55:AGGREGATE [FINALIZE]
  |  group by: default.impala_tpcds_item_4.i_item_id
  |  mem-estimate=128.00MB mem-reservation=34.00MB spill-buffer=2.00MB thread-reservation=0
  |  tuple-ids=34 row-size=12B cardinality=0
  |  in pipelines: 55(GETNEXT), 29(OPEN)
  |
  54:EXCHANGE [HASH(default.impala_tpcds_item_4.i_item_id)]
     mem-estimate=16.00KB mem-reservation=0B thread-reservation=0
     tuple-ids=34 row-size=12B cardinality=0
     in pipelines: 29(GETNEXT)

F18:PLAN FRAGMENT [RANDOM] hosts=1 instances=1
Per-Host Resources: mem-estimate=128.00MB mem-reservation=34.00MB thread-reservation=1
  DATASTREAM SINK [FRAGMENT=F19, EXCHANGE=54, HASH(default.impala_tpcds_item_4.i_item_id)]
  |  mem-estimate=0B mem-reservation=0B thread-reservation=0
  30:AGGREGATE [STREAMING]
  |  group by: default.impala_tpcds_item_4.i_item_id
  |  mem-estimate=128.00MB mem-reservation=34.00MB spill-buffer=2.00MB thread-reservation=0
  |  tuple-ids=34 row-size=12B cardinality=0
  |  in pipelines: 29(GETNEXT)
  |
  29:SCAN HDFS [default.impala_tpcds_item, RANDOM]
     HDFS partitions=1/1 files=0 size=0B
     predicates: default.impala_tpcds_item_4.i_item_id IS NOT NULL, default.impala_tpcds_item_4.i_color IN ('chiffon', 'smoke', 'lace')
     stored statistics:
       table: rows=0 size=0B
       columns: unavailable
     extrapolated-rows=disabled max-scan-range-rows=0
     parquet statistics predicates: default.impala_tpcds_item_4.i_color IN ('chiffon', 'smoke', 'lace')
     mem-estimate=0B mem-reservation=0B thread-reservation=0
     tuple-ids=32 row-size=24B cardinality=0
     in pipelines: 29(GETNEXT)


  Stage: Stage-0
    Fetch Operator
      limit: -1
      Processor Tree:
        ListSink

