PREHOOK: query: explain cbo select
  c_name,
  c_custkey,
  o_orderkey,
  o_orderdate,
  o_totalprice,
  sum(l_quantity)
from
  impala_tpch_customer,
  impala_tpch_orders,
  impala_tpch_lineitem
where
  o_orderkey in (
    select
      l_orderkey
    from
      impala_tpch_lineitem
    group by
      l_orderkey
    having
      sum(l_quantity) > 300
    )
  and c_custkey = o_custkey
  and o_orderkey = l_orderkey
group by
  c_name,
  c_custkey,
  o_orderkey,
  o_orderdate,
  o_totalprice
order by
  o_totalprice desc,
  o_orderdate,
  o_orderkey
limit 100
PREHOOK: type: QUERY
PREHOOK: Input: default@impala_tpch_customer
PREHOOK: Input: default@impala_tpch_lineitem
PREHOOK: Input: default@impala_tpch_orders
PREHOOK: Output: hdfs://### HDFS PATH ###
POSTHOOK: query: explain cbo select
  c_name,
  c_custkey,
  o_orderkey,
  o_orderdate,
  o_totalprice,
  sum(l_quantity)
from
  impala_tpch_customer,
  impala_tpch_orders,
  impala_tpch_lineitem
where
  o_orderkey in (
    select
      l_orderkey
    from
      impala_tpch_lineitem
    group by
      l_orderkey
    having
      sum(l_quantity) > 300
    )
  and c_custkey = o_custkey
  and o_orderkey = l_orderkey
group by
  c_name,
  c_custkey,
  o_orderkey,
  o_orderdate,
  o_totalprice
order by
  o_totalprice desc,
  o_orderdate,
  o_orderkey
limit 100
POSTHOOK: type: QUERY
POSTHOOK: Input: default@impala_tpch_customer
POSTHOOK: Input: default@impala_tpch_lineitem
POSTHOOK: Input: default@impala_tpch_orders
POSTHOOK: Output: hdfs://### HDFS PATH ###
CBO PLAN:
ImpalaSortRel(sort0=[$4], sort1=[$3], sort2=[$2], dir0=[DESC], dir1=[ASC], dir2=[ASC], fetch=[100])
  ImpalaProjectRel(c_name=[$4], c_custkey=[$3], o_orderkey=[$0], o_orderdate=[$2], o_totalprice=[$1], $f5=[$5])
    ImpalaAggregateRel(group=[{0, 2, 3, 5, 6}], agg#0=[sum($8)])
      ImpalaJoinRel(condition=[=($0, $7)], joinType=[inner])
        ImpalaJoinRel(condition=[=($5, $1)], joinType=[inner])
          ImpalaJoinRel(condition=[=($0, $4)], joinType=[inner])
            ImpalaProjectPassthroughRel(o_orderkey=[$0], o_custkey=[$1], o_totalprice=[$3], o_orderdate=[$4])
              ImpalaHdfsScanRel(table=[[default, impala_tpch_orders]], condition=[AND(IS NOT NULL($0), IS NOT NULL($1))])
            ImpalaProjectPassthroughRel(l_orderkey=[$0])
              ImpalaAggregateRel(group=[{0}], agg#0=[sum($4)], condition=[>($1, 300)])
                ImpalaHdfsScanRel(table=[[default, impala_tpch_lineitem]], condition=[IS NOT NULL($0)])
          ImpalaProjectPassthroughRel(c_custkey=[$0], c_name=[$1])
            ImpalaHdfsScanRel(table=[[default, impala_tpch_customer]], condition=[IS NOT NULL($0)])
        ImpalaProjectPassthroughRel(l_orderkey=[$0], l_quantity=[$4])
          ImpalaHdfsScanRel(table=[[default, impala_tpch_lineitem]], condition=[IS NOT NULL($0)])

PREHOOK: query: explain select
  c_name,
  c_custkey,
  o_orderkey,
  o_orderdate,
  o_totalprice,
  sum(l_quantity)
from
  impala_tpch_customer,
  impala_tpch_orders,
  impala_tpch_lineitem
where
  o_orderkey in (
    select
      l_orderkey
    from
      impala_tpch_lineitem
    group by
      l_orderkey
    having
      sum(l_quantity) > 300
    )
  and c_custkey = o_custkey
  and o_orderkey = l_orderkey
group by
  c_name,
  c_custkey,
  o_orderkey,
  o_orderdate,
  o_totalprice
order by
  o_totalprice desc,
  o_orderdate,
  o_orderkey
limit 100
PREHOOK: type: QUERY
PREHOOK: Input: default@impala_tpch_customer
PREHOOK: Input: default@impala_tpch_lineitem
PREHOOK: Input: default@impala_tpch_orders
PREHOOK: Output: hdfs://### HDFS PATH ###
POSTHOOK: query: explain select
  c_name,
  c_custkey,
  o_orderkey,
  o_orderdate,
  o_totalprice,
  sum(l_quantity)
from
  impala_tpch_customer,
  impala_tpch_orders,
  impala_tpch_lineitem
where
  o_orderkey in (
    select
      l_orderkey
    from
      impala_tpch_lineitem
    group by
      l_orderkey
    having
      sum(l_quantity) > 300
    )
  and c_custkey = o_custkey
  and o_orderkey = l_orderkey
group by
  c_name,
  c_custkey,
  o_orderkey,
  o_orderdate,
  o_totalprice
order by
  o_totalprice desc,
  o_orderdate,
  o_orderkey
limit 100
POSTHOOK: type: QUERY
POSTHOOK: Input: default@impala_tpch_customer
POSTHOOK: Input: default@impala_tpch_lineitem
POSTHOOK: Input: default@impala_tpch_orders
POSTHOOK: Output: hdfs://### HDFS PATH ###
STAGE DEPENDENCIES:
  Stage-1 is a root stage
  Stage-0 is a root stage

STAGE PLANS:
  Stage: Stage-1
    Impala
      Impala Plan: 
F07:PLAN FRAGMENT [UNPARTITIONED] hosts=1 instances=1
Per-Host Resources: mem-estimate=68.00KB mem-reservation=0B thread-reservation=1
  PLAN-ROOT SINK
  |  output exprs: c_name, c_custkey, o_orderkey, o_orderdate, o_totalprice, $f5
  |  mem-estimate=0B mem-reservation=0B thread-reservation=0
  |
  18:MERGING-EXCHANGE [UNPARTITIONED]
     order by: o_totalprice DESC NULLS FIRST, o_orderdate ASC NULLS LAST, o_orderkey ASC NULLS LAST
     limit: 100
     mem-estimate=68.00KB mem-reservation=0B thread-reservation=0
     tuple-ids=11 row-size=64B cardinality=0
     in pipelines: 10(GETNEXT)

F06:PLAN FRAGMENT [RANDOM] hosts=1 instances=1
Per-Host Resources: mem-estimate=128.07MB mem-reservation=34.00MB thread-reservation=1
  DATASTREAM SINK [FRAGMENT=F07, EXCHANGE=18, UNPARTITIONED]
  |  mem-estimate=0B mem-reservation=0B thread-reservation=0
  10:TOP-N [LIMIT=100]
  |  order by: o_totalprice DESC NULLS FIRST, o_orderdate ASC NULLS LAST, o_orderkey ASC NULLS LAST
  |  mem-estimate=0B mem-reservation=0B thread-reservation=0
  |  tuple-ids=11 row-size=64B cardinality=0
  |  in pipelines: 10(GETNEXT), 17(OPEN)
  |
  00:UNION
  |  mem-estimate=0B mem-reservation=0B thread-reservation=0
  |  tuple-ids=10 row-size=64B cardinality=0
  |  in pipelines: 17(GETNEXT)
  |
  17:AGGREGATE [FINALIZE]
  |  output: _impala_builtins.sum:merge(default.impala_tpch_lineitem_0.l_quantity)
  |  group by: default.impala_tpch_orders.o_orderkey, default.impala_tpch_orders.o_totalprice, default.impala_tpch_orders.o_orderdate, default.impala_tpch_customer.c_custkey, default.impala_tpch_customer.c_name
  |  mem-estimate=128.00MB mem-reservation=34.00MB spill-buffer=2.00MB thread-reservation=0
  |  tuple-ids=9 row-size=64B cardinality=0
  |  in pipelines: 17(GETNEXT), 01(OPEN)
  |
  16:EXCHANGE [HASH(default.impala_tpch_orders.o_orderkey,default.impala_tpch_orders.o_totalprice,default.impala_tpch_orders.o_orderdate,default.impala_tpch_customer.c_custkey,default.impala_tpch_customer.c_name)]
     mem-estimate=68.00KB mem-reservation=0B thread-reservation=0
     tuple-ids=9 row-size=64B cardinality=0
     in pipelines: 01(GETNEXT)

F00:PLAN FRAGMENT [RANDOM] hosts=1 instances=1
Per-Host Resources: mem-estimate=133.88MB mem-reservation=39.81MB thread-reservation=1
  DATASTREAM SINK [FRAGMENT=F06, EXCHANGE=16, HASH(default.impala_tpch_orders.o_orderkey,default.impala_tpch_orders.o_totalprice,default.impala_tpch_orders.o_orderdate,default.impala_tpch_customer.c_custkey,default.impala_tpch_customer.c_name)]
  |  mem-estimate=0B mem-reservation=0B thread-reservation=0
  09:AGGREGATE [STREAMING]
  |  output: sum(default.impala_tpch_lineitem_0.l_quantity)
  |  group by: default.impala_tpch_orders.o_orderkey, default.impala_tpch_orders.o_totalprice, default.impala_tpch_orders.o_orderdate, default.impala_tpch_customer.c_custkey, default.impala_tpch_customer.c_name
  |  mem-estimate=128.00MB mem-reservation=34.00MB spill-buffer=2.00MB thread-reservation=0
  |  tuple-ids=9 row-size=64B cardinality=0
  |  in pipelines: 01(GETNEXT)
  |
  08:HASH JOIN [INNER JOIN, BROADCAST]
  |  hash predicates: default.impala_tpch_orders.o_orderkey = default.impala_tpch_lineitem_0.l_orderkey
  |  fk/pk conjuncts: assumed fk/pk
  |  mem-estimate=1.94MB mem-reservation=1.94MB spill-buffer=64.00KB thread-reservation=0
  |  tuple-ids=0,4,5,7 row-size=96B cardinality=0
  |  in pipelines: 01(GETNEXT), 07(OPEN)
  |
  |--15:EXCHANGE [BROADCAST]
  |     mem-estimate=20.00KB mem-reservation=0B thread-reservation=0
  |     tuple-ids=7 row-size=16B cardinality=0
  |     in pipelines: 07(GETNEXT)
  |
  06:HASH JOIN [INNER JOIN, BROADCAST]
  |  hash predicates: default.impala_tpch_orders.o_custkey = default.impala_tpch_customer.c_custkey
  |  fk/pk conjuncts: assumed fk/pk
  |  mem-estimate=1.94MB mem-reservation=1.94MB spill-buffer=64.00KB thread-reservation=0
  |  tuple-ids=0,4,5 row-size=80B cardinality=0
  |  in pipelines: 01(GETNEXT), 05(OPEN)
  |
  |--14:EXCHANGE [BROADCAST]
  |     mem-estimate=24.00KB mem-reservation=0B thread-reservation=0
  |     tuple-ids=5 row-size=20B cardinality=0
  |     in pipelines: 05(GETNEXT)
  |
  04:HASH JOIN [INNER JOIN, BROADCAST]
  |  hash predicates: default.impala_tpch_orders.o_orderkey = default.impala_tpch_lineitem.l_orderkey
  |  fk/pk conjuncts: assumed fk/pk
  |  mem-estimate=1.94MB mem-reservation=1.94MB spill-buffer=64.00KB thread-reservation=0
  |  tuple-ids=0,4 row-size=60B cardinality=0
  |  in pipelines: 01(GETNEXT), 12(OPEN)
  |
  |--13:EXCHANGE [BROADCAST]
  |     mem-estimate=28.00KB mem-reservation=0B thread-reservation=0
  |     tuple-ids=4 row-size=24B cardinality=0
  |     in pipelines: 12(GETNEXT)
  |
  01:SCAN HDFS [default.impala_tpch_orders, RANDOM]
     HDFS partitions=1/1 files=0 size=0B
     predicates: default.impala_tpch_orders.o_custkey IS NOT NULL, default.impala_tpch_orders.o_orderkey IS NOT NULL
     stored statistics:
       table: rows=0 size=0B
       columns: unavailable
     extrapolated-rows=disabled max-scan-range-rows=0
     mem-estimate=0B mem-reservation=0B thread-reservation=0
     tuple-ids=0 row-size=36B cardinality=0
     in pipelines: 01(GETNEXT)

F02:PLAN FRAGMENT [HASH(default.impala_tpch_lineitem.l_orderkey)] hosts=1 instances=1
Per-Host Resources: mem-estimate=128.03MB mem-reservation=34.00MB thread-reservation=1
  DATASTREAM SINK [FRAGMENT=F00, EXCHANGE=13, BROADCAST]
  |  mem-estimate=0B mem-reservation=0B thread-reservation=0
  12:AGGREGATE [FINALIZE]
  |  output: _impala_builtins.sum:merge(default.impala_tpch_lineitem.l_quantity)
  |  group by: default.impala_tpch_lineitem.l_orderkey
  |  having: _impala_builtins.sum(default.impala_tpch_lineitem.l_quantity) > CAST(300 AS DECIMAL(38,2))
  |  mem-estimate=128.00MB mem-reservation=34.00MB spill-buffer=2.00MB thread-reservation=0
  |  tuple-ids=4 row-size=24B cardinality=0
  |  in pipelines: 12(GETNEXT), 02(OPEN)
  |
  11:EXCHANGE [HASH(default.impala_tpch_lineitem.l_orderkey)]
     mem-estimate=28.00KB mem-reservation=0B thread-reservation=0
     tuple-ids=4 row-size=24B cardinality=0
     in pipelines: 02(GETNEXT)

F01:PLAN FRAGMENT [RANDOM] hosts=1 instances=1
Per-Host Resources: mem-estimate=128.00MB mem-reservation=34.00MB thread-reservation=1
  DATASTREAM SINK [FRAGMENT=F02, EXCHANGE=11, HASH(default.impala_tpch_lineitem.l_orderkey)]
  |  mem-estimate=0B mem-reservation=0B thread-reservation=0
  03:AGGREGATE [STREAMING]
  |  output: sum(default.impala_tpch_lineitem.l_quantity)
  |  group by: default.impala_tpch_lineitem.l_orderkey
  |  mem-estimate=128.00MB mem-reservation=34.00MB spill-buffer=2.00MB thread-reservation=0
  |  tuple-ids=4 row-size=24B cardinality=0
  |  in pipelines: 02(GETNEXT)
  |
  02:SCAN HDFS [default.impala_tpch_lineitem, RANDOM]
     HDFS partitions=1/1 files=0 size=0B
     predicates: default.impala_tpch_lineitem.l_orderkey IS NOT NULL
     stored statistics:
       table: rows=0 size=0B
       columns: unavailable
     extrapolated-rows=disabled max-scan-range-rows=0
     mem-estimate=0B mem-reservation=0B thread-reservation=0
     tuple-ids=2 row-size=16B cardinality=0
     in pipelines: 02(GETNEXT)

F03:PLAN FRAGMENT [RANDOM] hosts=1 instances=1
Per-Host Resources: mem-estimate=0B mem-reservation=0B thread-reservation=1
  DATASTREAM SINK [FRAGMENT=F00, EXCHANGE=14, BROADCAST]
  |  mem-estimate=0B mem-reservation=0B thread-reservation=0
  05:SCAN HDFS [default.impala_tpch_customer, RANDOM]
     HDFS partitions=1/1 files=0 size=0B
     predicates: default.impala_tpch_customer.c_custkey IS NOT NULL
     stored statistics:
       table: rows=0 size=0B
       columns: unavailable
     extrapolated-rows=disabled max-scan-range-rows=0
     mem-estimate=0B mem-reservation=0B thread-reservation=0
     tuple-ids=5 row-size=20B cardinality=0
     in pipelines: 05(GETNEXT)

F04:PLAN FRAGMENT [RANDOM] hosts=1 instances=1
Per-Host Resources: mem-estimate=0B mem-reservation=0B thread-reservation=1
  DATASTREAM SINK [FRAGMENT=F00, EXCHANGE=15, BROADCAST]
  |  mem-estimate=0B mem-reservation=0B thread-reservation=0
  07:SCAN HDFS [default.impala_tpch_lineitem, RANDOM]
     HDFS partitions=1/1 files=0 size=0B
     predicates: default.impala_tpch_lineitem_0.l_orderkey IS NOT NULL
     stored statistics:
       table: rows=0 size=0B
       columns: unavailable
     extrapolated-rows=disabled max-scan-range-rows=0
     mem-estimate=0B mem-reservation=0B thread-reservation=0
     tuple-ids=7 row-size=16B cardinality=0
     in pipelines: 07(GETNEXT)


  Stage: Stage-0
    Fetch Operator
      limit: -1
      Processor Tree:
        ListSink

