HMS CALL get_table_req FOR impala_tpch_customer
HMS CALL get_table_req FOR impala_tpch_orders
HMS CALL get_table_req FOR impala_tpch_lineitem
HMS CALL get_table_req FOR impala_tpch_nation
HMS CALL get_foreign_keys FOR impala_tpch_customer
HMS CALL get_foreign_keys FOR impala_tpch_orders
HMS CALL get_foreign_keys FOR impala_tpch_lineitem
HMS CALL get_foreign_keys FOR impala_tpch_nation
PREHOOK: query: explain cbo physical select
  c_custkey,
  c_name,
  sum(l_extendedprice * (1 - l_discount)) as revenue,
  c_acctbal,
  n_name,
  c_address,
  c_phone,
  c_comment
from
  impala_tpch_customer,
  impala_tpch_orders,
  impala_tpch_lineitem,
  impala_tpch_nation
where
  c_custkey = o_custkey
  and l_orderkey = o_orderkey
  and o_orderdate >= '1993-10-01'
  and o_orderdate < '1994-01-01'
  and l_returnflag = 'R'
  and c_nationkey = n_nationkey
group by
  c_custkey,
  c_name,
  c_acctbal,
  c_phone,
  n_name,
  c_address,
  c_comment
order by
  revenue desc,
  c_custkey
limit 20
PREHOOK: type: QUERY
PREHOOK: Input: default@impala_tpch_customer
PREHOOK: Input: default@impala_tpch_lineitem
PREHOOK: Input: default@impala_tpch_nation
PREHOOK: Input: default@impala_tpch_orders
PREHOOK: Output: streaming
POSTHOOK: query: explain cbo physical select
  c_custkey,
  c_name,
  sum(l_extendedprice * (1 - l_discount)) as revenue,
  c_acctbal,
  n_name,
  c_address,
  c_phone,
  c_comment
from
  impala_tpch_customer,
  impala_tpch_orders,
  impala_tpch_lineitem,
  impala_tpch_nation
where
  c_custkey = o_custkey
  and l_orderkey = o_orderkey
  and o_orderdate >= '1993-10-01'
  and o_orderdate < '1994-01-01'
  and l_returnflag = 'R'
  and c_nationkey = n_nationkey
group by
  c_custkey,
  c_name,
  c_acctbal,
  c_phone,
  n_name,
  c_address,
  c_comment
order by
  revenue desc,
  c_custkey
limit 20
POSTHOOK: type: QUERY
POSTHOOK: Input: default@impala_tpch_customer
POSTHOOK: Input: default@impala_tpch_lineitem
POSTHOOK: Input: default@impala_tpch_nation
POSTHOOK: Input: default@impala_tpch_orders
CBO PLAN:
ImpalaSortRel(sort0=[$2], sort1=[$0], dir0=[DESC], dir1=[ASC], fetch=[20])
  ImpalaProjectRel(c_custkey=[$0], c_name=[$1], revenue=[$7], c_acctbal=[$4], n_name=[$6], c_address=[$2], c_phone=[$3], c_comment=[$5])
    ImpalaAggregateRel(group=[{0, 1, 2, 4, 5, 6, 8}], agg#0=[sum($12)])
      ImpalaJoinRel(condition=[=($0, $10)], joinType=[inner])
        ImpalaJoinRel(condition=[=($3, $7)], joinType=[inner])
          ImpalaProjectPassthroughRel(c_custkey=[$0], c_name=[$1], c_address=[$2], c_nationkey=[$3], c_phone=[$4], c_acctbal=[$5], c_comment=[$7])
            ImpalaHdfsScanRel(table=[[default, impala_tpch_customer]], condition=[AND(IS NOT NULL($3), IS NOT NULL($0))])
          ImpalaProjectPassthroughRel(n_nationkey=[$0], n_name=[$1])
            ImpalaHdfsScanRel(table=[[default, impala_tpch_nation]], condition=[IS NOT NULL($0)])
        ImpalaJoinRel(condition=[=($2, $0)], joinType=[inner])
          ImpalaProjectPassthroughRel(o_orderkey=[$0], o_custkey=[$1])
            ImpalaHdfsScanRel(table=[[default, impala_tpch_orders]], condition=[AND(>=($4, _UTF-16LE'1993-10-01'), <($4, _UTF-16LE'1994-01-01'), IS NOT NULL($0), IS NOT NULL($1))])
          ImpalaProjectPassthroughRel(l_orderkey=[$0], *=[*($5, -(1:DECIMAL(3, 0), $6))])
            ImpalaHdfsScanRel(table=[[default, impala_tpch_lineitem]], condition=[AND(=($8, _UTF-16LE'R'), IS NOT NULL($0))])

HMS CALL get_table_req FOR impala_tpch_customer
HMS CALL get_table_req FOR impala_tpch_orders
HMS CALL get_table_req FOR impala_tpch_lineitem
HMS CALL get_table_req FOR impala_tpch_nation
HMS CALL get_foreign_keys FOR impala_tpch_customer
HMS CALL get_foreign_keys FOR impala_tpch_orders
HMS CALL get_foreign_keys FOR impala_tpch_lineitem
HMS CALL get_foreign_keys FOR impala_tpch_nation
PREHOOK: query: explain select
  c_custkey,
  c_name,
  sum(l_extendedprice * (1 - l_discount)) as revenue,
  c_acctbal,
  n_name,
  c_address,
  c_phone,
  c_comment
from
  impala_tpch_customer,
  impala_tpch_orders,
  impala_tpch_lineitem,
  impala_tpch_nation
where
  c_custkey = o_custkey
  and l_orderkey = o_orderkey
  and o_orderdate >= '1993-10-01'
  and o_orderdate < '1994-01-01'
  and l_returnflag = 'R'
  and c_nationkey = n_nationkey
group by
  c_custkey,
  c_name,
  c_acctbal,
  c_phone,
  n_name,
  c_address,
  c_comment
order by
  revenue desc,
  c_custkey
limit 20
PREHOOK: type: QUERY
PREHOOK: Input: default@impala_tpch_customer
PREHOOK: Input: default@impala_tpch_lineitem
PREHOOK: Input: default@impala_tpch_nation
PREHOOK: Input: default@impala_tpch_orders
PREHOOK: Output: streaming
POSTHOOK: query: explain select
  c_custkey,
  c_name,
  sum(l_extendedprice * (1 - l_discount)) as revenue,
  c_acctbal,
  n_name,
  c_address,
  c_phone,
  c_comment
from
  impala_tpch_customer,
  impala_tpch_orders,
  impala_tpch_lineitem,
  impala_tpch_nation
where
  c_custkey = o_custkey
  and l_orderkey = o_orderkey
  and o_orderdate >= '1993-10-01'
  and o_orderdate < '1994-01-01'
  and l_returnflag = 'R'
  and c_nationkey = n_nationkey
group by
  c_custkey,
  c_name,
  c_acctbal,
  c_phone,
  n_name,
  c_address,
  c_comment
order by
  revenue desc,
  c_custkey
limit 20
POSTHOOK: type: QUERY
POSTHOOK: Input: default@impala_tpch_customer
POSTHOOK: Input: default@impala_tpch_lineitem
POSTHOOK: Input: default@impala_tpch_nation
POSTHOOK: Input: default@impala_tpch_orders
STAGE DEPENDENCIES:
  Stage-1 is a root stage
  Stage-0 is a root stage

STAGE PLANS:
  Stage: Stage-1
    Impala
      Impala Plan: 
F06:PLAN FRAGMENT [UNPARTITIONED] hosts=1 instances=1
Per-Host Resources: mem-estimate=96.00KB mem-reservation=0B thread-reservation=1
  PLAN-ROOT SINK
  |  output exprs: default.impala_tpch_customer.c_custkey, default.impala_tpch_customer.c_name, _impala_builtins.sum(multiply(default.impala_tpch_lineitem.l_extendedprice, subtract(1, default.impala_tpch_lineitem.l_discount))), default.impala_tpch_customer.c_acctbal, default.impala_tpch_nation.n_name, default.impala_tpch_customer.c_address, default.impala_tpch_customer.c_phone, default.impala_tpch_customer.c_comment
  |  mem-estimate=0B mem-reservation=0B thread-reservation=0
  |
  15:MERGING-EXCHANGE [UNPARTITIONED]
     order by: _impala_builtins.sum(multiply(default.impala_tpch_lineitem.l_extendedprice, subtract(1, default.impala_tpch_lineitem.l_discount))) DESC NULLS FIRST, default.impala_tpch_customer.c_custkey ASC NULLS LAST
     limit: 20
     mem-estimate=96.00KB mem-reservation=0B thread-reservation=0
     tuple-ids=10 row-size=92B cardinality=0
     in pipelines: 09(GETNEXT)

F05:PLAN FRAGMENT [RANDOM] hosts=1 instances=1
Per-Host Resources: mem-estimate=128.09MB mem-reservation=34.00MB thread-reservation=1
  DATASTREAM SINK [FRAGMENT=F06, EXCHANGE=15, UNPARTITIONED]
  |  mem-estimate=0B mem-reservation=0B thread-reservation=0
  09:TOP-N [LIMIT=20]
  |  order by: _impala_builtins.sum(multiply(default.impala_tpch_lineitem.l_extendedprice, subtract(1, default.impala_tpch_lineitem.l_discount))) DESC NULLS FIRST, default.impala_tpch_customer.c_custkey ASC NULLS LAST
  |  mem-estimate=0B mem-reservation=0B thread-reservation=0
  |  tuple-ids=10 row-size=92B cardinality=0
  |  in pipelines: 09(GETNEXT), 14(OPEN)
  |
  00:UNION
  |  mem-estimate=0B mem-reservation=0B thread-reservation=0
  |  tuple-ids=9 row-size=92B cardinality=0
  |  in pipelines: 14(GETNEXT)
  |
  14:AGGREGATE [FINALIZE]
  |  output: _impala_builtins.sum:merge(multiply(default.impala_tpch_lineitem.l_extendedprice, subtract(1, default.impala_tpch_lineitem.l_discount)))
  |  group by: default.impala_tpch_customer.c_custkey, default.impala_tpch_customer.c_name, default.impala_tpch_customer.c_address, default.impala_tpch_customer.c_phone, default.impala_tpch_customer.c_acctbal, default.impala_tpch_customer.c_comment, default.impala_tpch_nation.n_name
  |  mem-estimate=128.00MB mem-reservation=34.00MB spill-buffer=2.00MB thread-reservation=0
  |  tuple-ids=8 row-size=92B cardinality=0
  |  in pipelines: 14(GETNEXT), 01(OPEN)
  |
  13:EXCHANGE [HASH(default.impala_tpch_customer.c_custkey,default.impala_tpch_customer.c_name,default.impala_tpch_customer.c_address,default.impala_tpch_customer.c_phone,default.impala_tpch_customer.c_acctbal,default.impala_tpch_customer.c_comment,default.impala_tpch_nation.n_name)]
     mem-estimate=96.00KB mem-reservation=0B thread-reservation=0
     tuple-ids=8 row-size=92B cardinality=0
     in pipelines: 01(GETNEXT)

F00:PLAN FRAGMENT [RANDOM] hosts=1 instances=1
Per-Host Resources: mem-estimate=131.96MB mem-reservation=37.88MB thread-reservation=1
  DATASTREAM SINK [FRAGMENT=F05, EXCHANGE=13, HASH(default.impala_tpch_customer.c_custkey,default.impala_tpch_customer.c_name,default.impala_tpch_customer.c_address,default.impala_tpch_customer.c_phone,default.impala_tpch_customer.c_acctbal,default.impala_tpch_customer.c_comment,default.impala_tpch_nation.n_name)]
  |  mem-estimate=0B mem-reservation=0B thread-reservation=0
  08:AGGREGATE [STREAMING]
  |  output: sum(multiply(default.impala_tpch_lineitem.l_extendedprice, subtract(CAST(1 AS DECIMAL(3,0)), default.impala_tpch_lineitem.l_discount)))
  |  group by: default.impala_tpch_customer.c_custkey, default.impala_tpch_customer.c_name, default.impala_tpch_customer.c_address, default.impala_tpch_customer.c_phone, default.impala_tpch_customer.c_acctbal, default.impala_tpch_customer.c_comment, default.impala_tpch_nation.n_name
  |  mem-estimate=128.00MB mem-reservation=34.00MB spill-buffer=2.00MB thread-reservation=0
  |  tuple-ids=8 row-size=92B cardinality=0
  |  in pipelines: 01(GETNEXT)
  |
  07:HASH JOIN [INNER JOIN, BROADCAST]
  |  hash predicates: default.impala_tpch_customer.c_custkey = default.impala_tpch_orders.o_custkey
  |  fk/pk conjuncts: assumed fk/pk
  |  mem-estimate=1.94MB mem-reservation=1.94MB spill-buffer=64.00KB thread-reservation=0
  |  tuple-ids=0,2,4,6 row-size=144B cardinality=0
  |  in pipelines: 01(GETNEXT), 04(OPEN)
  |
  |--12:EXCHANGE [BROADCAST]
  |     mem-estimate=72.00KB mem-reservation=0B thread-reservation=0
  |     tuple-ids=4,6 row-size=64B cardinality=0
  |     in pipelines: 04(GETNEXT)
  |
  03:HASH JOIN [INNER JOIN, BROADCAST]
  |  hash predicates: default.impala_tpch_customer.c_nationkey = default.impala_tpch_nation.n_nationkey
  |  fk/pk conjuncts: assumed fk/pk
  |  mem-estimate=1.94MB mem-reservation=1.94MB spill-buffer=64.00KB thread-reservation=0
  |  tuple-ids=0,2 row-size=80B cardinality=0
  |  in pipelines: 01(GETNEXT), 02(OPEN)
  |
  |--10:EXCHANGE [BROADCAST]
  |     mem-estimate=18.00KB mem-reservation=0B thread-reservation=0
  |     tuple-ids=2 row-size=14B cardinality=0
  |     in pipelines: 02(GETNEXT)
  |
  01:SCAN HDFS [default.impala_tpch_customer, RANDOM]
     HDFS partitions=1/1 files=0 size=0B
     predicates: default.impala_tpch_customer.c_custkey IS NOT NULL, default.impala_tpch_customer.c_nationkey IS NOT NULL
     stored statistics:
       table: rows=unavailable size=unavailable
       columns: unavailable
     extrapolated-rows=disabled max-scan-range-rows=0
     mem-estimate=0B mem-reservation=0B thread-reservation=0
     tuple-ids=0 row-size=66B cardinality=0
     in pipelines: 01(GETNEXT)

F01:PLAN FRAGMENT [RANDOM] hosts=1 instances=1
Per-Host Resources: mem-estimate=0B mem-reservation=0B thread-reservation=1
  DATASTREAM SINK [FRAGMENT=F00, EXCHANGE=10, BROADCAST]
  |  mem-estimate=0B mem-reservation=0B thread-reservation=0
  02:SCAN HDFS [default.impala_tpch_nation, RANDOM]
     HDFS partitions=1/1 files=0 size=0B
     predicates: default.impala_tpch_nation.n_nationkey IS NOT NULL
     stored statistics:
       table: rows=unavailable size=unavailable
       columns: unavailable
     extrapolated-rows=disabled max-scan-range-rows=0
     mem-estimate=0B mem-reservation=0B thread-reservation=0
     tuple-ids=2 row-size=14B cardinality=0
     in pipelines: 02(GETNEXT)

F02:PLAN FRAGMENT [RANDOM] hosts=1 instances=1
Per-Host Resources: mem-estimate=1.98MB mem-reservation=1.94MB thread-reservation=1
  DATASTREAM SINK [FRAGMENT=F00, EXCHANGE=12, BROADCAST]
  |  mem-estimate=0B mem-reservation=0B thread-reservation=0
  06:HASH JOIN [INNER JOIN, BROADCAST]
  |  hash predicates: default.impala_tpch_orders.o_orderkey = default.impala_tpch_lineitem.l_orderkey
  |  fk/pk conjuncts: assumed fk/pk
  |  mem-estimate=1.94MB mem-reservation=1.94MB spill-buffer=64.00KB thread-reservation=0
  |  tuple-ids=4,6 row-size=64B cardinality=0
  |  in pipelines: 04(GETNEXT), 05(OPEN)
  |
  |--11:EXCHANGE [BROADCAST]
  |     mem-estimate=40.00KB mem-reservation=0B thread-reservation=0
  |     tuple-ids=6 row-size=36B cardinality=0
  |     in pipelines: 05(GETNEXT)
  |
  04:SCAN HDFS [default.impala_tpch_orders, RANDOM]
     HDFS partitions=1/1 files=0 size=0B
     predicates: default.impala_tpch_orders.o_custkey IS NOT NULL, default.impala_tpch_orders.o_orderkey IS NOT NULL, default.impala_tpch_orders.o_orderdate < '1994-01-01', default.impala_tpch_orders.o_orderdate >= '1993-10-01'
     stored statistics:
       table: rows=unavailable size=unavailable
       columns: unavailable
     extrapolated-rows=disabled max-scan-range-rows=0
     parquet statistics predicates: default.impala_tpch_orders.o_orderdate < '1994-01-01', default.impala_tpch_orders.o_orderdate >= '1993-10-01'
     mem-estimate=0B mem-reservation=0B thread-reservation=0
     tuple-ids=4 row-size=28B cardinality=0
     in pipelines: 04(GETNEXT)

F03:PLAN FRAGMENT [RANDOM] hosts=1 instances=1
Per-Host Resources: mem-estimate=0B mem-reservation=0B thread-reservation=1
  DATASTREAM SINK [FRAGMENT=F02, EXCHANGE=11, BROADCAST]
  |  mem-estimate=0B mem-reservation=0B thread-reservation=0
  05:SCAN HDFS [default.impala_tpch_lineitem, RANDOM]
     HDFS partitions=1/1 files=0 size=0B
     predicates: default.impala_tpch_lineitem.l_orderkey IS NOT NULL, default.impala_tpch_lineitem.l_returnflag = 'R'
     stored statistics:
       table: rows=unavailable size=unavailable
       columns: unavailable
     extrapolated-rows=disabled max-scan-range-rows=0
     parquet statistics predicates: default.impala_tpch_lineitem.l_returnflag = 'R'
     mem-estimate=0B mem-reservation=0B thread-reservation=0
     tuple-ids=6 row-size=36B cardinality=0
     in pipelines: 05(GETNEXT)


  Stage: Stage-0
    Fetch Operator
      limit: -1
      Processor Tree:
        ListSink

