HMS CALL get_table_req FOR impala_tpch_part
HMS CALL get_table_req FOR impala_tpch_supplier
HMS CALL get_table_req FOR impala_tpch_partsupp
HMS CALL get_table_req FOR impala_tpch_nation
HMS CALL get_table_req FOR impala_tpch_region
HMS CALL get_foreign_keys FOR impala_tpch_part
HMS CALL get_foreign_keys FOR impala_tpch_supplier
HMS CALL get_foreign_keys FOR impala_tpch_partsupp
HMS CALL get_foreign_keys FOR impala_tpch_nation
HMS CALL get_foreign_keys FOR impala_tpch_region
PREHOOK: query: explain cbo physical select
  s_acctbal,
  s_name,
  n_name,
  p_partkey,
  p_mfgr,
  s_address,
  s_phone,
  s_comment
from
  impala_tpch_part,
  impala_tpch_supplier,
  impala_tpch_partsupp,
  impala_tpch_nation,
  impala_tpch_region
where 
  p_partkey = ps_partkey
  and s_suppkey = ps_suppkey
  and p_size = 15
  and p_type like '%BRASS'
  and s_nationkey = n_nationkey
  and n_regionkey = r_regionkey
  and r_name = 'EUROPE'
  and ps_supplycost = (
    select
      min(ps_supplycost)
    from
      impala_tpch_partsupp,
      impala_tpch_supplier,
      impala_tpch_nation,
      impala_tpch_region
    where
      p_partkey = ps_partkey
      and s_suppkey = ps_suppkey
      and s_nationkey = n_nationkey
      and n_regionkey = r_regionkey
      and r_name = 'EUROPE'
    )
order by
  s_acctbal desc,
  n_name,
  s_name,
  p_partkey
limit 100
PREHOOK: type: QUERY
PREHOOK: Input: default@impala_tpch_nation
PREHOOK: Input: default@impala_tpch_part
PREHOOK: Input: default@impala_tpch_partsupp
PREHOOK: Input: default@impala_tpch_region
PREHOOK: Input: default@impala_tpch_supplier
PREHOOK: Output: streaming
POSTHOOK: query: explain cbo physical select
  s_acctbal,
  s_name,
  n_name,
  p_partkey,
  p_mfgr,
  s_address,
  s_phone,
  s_comment
from
  impala_tpch_part,
  impala_tpch_supplier,
  impala_tpch_partsupp,
  impala_tpch_nation,
  impala_tpch_region
where 
  p_partkey = ps_partkey
  and s_suppkey = ps_suppkey
  and p_size = 15
  and p_type like '%BRASS'
  and s_nationkey = n_nationkey
  and n_regionkey = r_regionkey
  and r_name = 'EUROPE'
  and ps_supplycost = (
    select
      min(ps_supplycost)
    from
      impala_tpch_partsupp,
      impala_tpch_supplier,
      impala_tpch_nation,
      impala_tpch_region
    where
      p_partkey = ps_partkey
      and s_suppkey = ps_suppkey
      and s_nationkey = n_nationkey
      and n_regionkey = r_regionkey
      and r_name = 'EUROPE'
    )
order by
  s_acctbal desc,
  n_name,
  s_name,
  p_partkey
limit 100
POSTHOOK: type: QUERY
POSTHOOK: Input: default@impala_tpch_nation
POSTHOOK: Input: default@impala_tpch_part
POSTHOOK: Input: default@impala_tpch_partsupp
POSTHOOK: Input: default@impala_tpch_region
POSTHOOK: Input: default@impala_tpch_supplier
CBO PLAN:
ImpalaSortRel(sort0=[$0], sort1=[$2], sort2=[$1], sort3=[$3], dir0=[DESC], dir1=[ASC], dir2=[ASC], dir3=[ASC], fetch=[100])
  ImpalaProjectRel(s_acctbal=[$9], s_name=[$5], n_name=[$1], p_partkey=[$14], p_mfgr=[$15], s_address=[$6], s_phone=[$8], s_comment=[$10])
    ImpalaJoinRel(condition=[=($4, $12)], joinType=[inner])
      ImpalaJoinRel(condition=[=($7, $0)], joinType=[inner])
        ImpalaJoinRel(condition=[=($2, $3)], joinType=[inner])
          ImpalaProjectPassthroughRel(n_nationkey=[$0], n_name=[$1], n_regionkey=[$2])
            ImpalaHdfsScanRel(table=[[default, impala_tpch_nation]], condition=[AND(IS NOT NULL($2), IS NOT NULL($0))])
          ImpalaProjectPassthroughRel(r_regionkey=[$0])
            ImpalaHdfsScanRel(table=[[default, impala_tpch_region]], condition=[AND(=($1, _UTF-16LE'EUROPE'), IS NOT NULL($0))])
        ImpalaHdfsScanRel(table=[[default, impala_tpch_supplier]], condition=[AND(IS NOT NULL($3), IS NOT NULL($0))])
      ImpalaJoinRel(condition=[AND(=($3, $5), =($2, $6))], joinType=[inner])
        ImpalaJoinRel(condition=[=($3, $0)], joinType=[inner])
          ImpalaProjectPassthroughRel(ps_partkey=[$0], ps_suppkey=[$1], ps_supplycost=[$3])
            ImpalaHdfsScanRel(table=[[default, impala_tpch_partsupp]], condition=[AND(IS NOT NULL($3), IS NOT NULL($0), IS NOT NULL($1))])
          ImpalaProjectPassthroughRel(p_partkey=[$0], p_mfgr=[$2])
            ImpalaHdfsScanRel(table=[[default, impala_tpch_part]], condition=[AND(=($5, 15), LIKE($4, _UTF-16LE'%BRASS':VARCHAR(2147483647) CHARACTER SET "UTF-16LE"), IS NOT NULL($0))])
        ImpalaAggregateRel(group=[{0}], agg#0=[min($2)], condition=[IS NOT NULL($1)])
          ImpalaJoinRel(condition=[=($4, $5)], joinType=[inner])
            ImpalaJoinRel(condition=[=($3, $1)], joinType=[inner])
              ImpalaProjectPassthroughRel(ps_partkey=[$0], ps_suppkey=[$1], ps_supplycost=[$3])
                ImpalaHdfsScanRel(table=[[default, impala_tpch_partsupp]], condition=[AND(IS NOT NULL($0), IS NOT NULL($1))])
              ImpalaProjectPassthroughRel(s_suppkey=[$0], s_nationkey=[$3])
                ImpalaHdfsScanRel(table=[[default, impala_tpch_supplier]], condition=[AND(IS NOT NULL($3), IS NOT NULL($0))])
            ImpalaJoinRel(condition=[=($1, $2)], joinType=[inner])
              ImpalaProjectPassthroughRel(n_nationkey=[$0], n_regionkey=[$2])
                ImpalaHdfsScanRel(table=[[default, impala_tpch_nation]], condition=[AND(IS NOT NULL($2), IS NOT NULL($0))])
              ImpalaProjectPassthroughRel(r_regionkey=[$0])
                ImpalaHdfsScanRel(table=[[default, impala_tpch_region]], condition=[AND(=($1, _UTF-16LE'EUROPE'), IS NOT NULL($0))])

HMS CALL get_table_req FOR impala_tpch_part
HMS CALL get_table_req FOR impala_tpch_supplier
HMS CALL get_table_req FOR impala_tpch_partsupp
HMS CALL get_table_req FOR impala_tpch_nation
HMS CALL get_table_req FOR impala_tpch_region
HMS CALL get_foreign_keys FOR impala_tpch_part
HMS CALL get_foreign_keys FOR impala_tpch_supplier
HMS CALL get_foreign_keys FOR impala_tpch_partsupp
HMS CALL get_foreign_keys FOR impala_tpch_nation
HMS CALL get_foreign_keys FOR impala_tpch_region
PREHOOK: query: explain select
  s_acctbal,
  s_name,
  n_name,
  p_partkey,
  p_mfgr,
  s_address,
  s_phone,
  s_comment
from
  impala_tpch_part,
  impala_tpch_supplier,
  impala_tpch_partsupp,
  impala_tpch_nation,
  impala_tpch_region
where 
  p_partkey = ps_partkey
  and s_suppkey = ps_suppkey
  and p_size = 15
  and p_type like '%BRASS'
  and s_nationkey = n_nationkey
  and n_regionkey = r_regionkey
  and r_name = 'EUROPE'
  and ps_supplycost = (
    select
      min(ps_supplycost)
    from
      impala_tpch_partsupp,
      impala_tpch_supplier,
      impala_tpch_nation,
      impala_tpch_region
    where
      p_partkey = ps_partkey
      and s_suppkey = ps_suppkey
      and s_nationkey = n_nationkey
      and n_regionkey = r_regionkey
      and r_name = 'EUROPE'
    )
order by
  s_acctbal desc,
  n_name,
  s_name,
  p_partkey
limit 100
PREHOOK: type: QUERY
PREHOOK: Input: default@impala_tpch_nation
PREHOOK: Input: default@impala_tpch_part
PREHOOK: Input: default@impala_tpch_partsupp
PREHOOK: Input: default@impala_tpch_region
PREHOOK: Input: default@impala_tpch_supplier
PREHOOK: Output: streaming
POSTHOOK: query: explain select
  s_acctbal,
  s_name,
  n_name,
  p_partkey,
  p_mfgr,
  s_address,
  s_phone,
  s_comment
from
  impala_tpch_part,
  impala_tpch_supplier,
  impala_tpch_partsupp,
  impala_tpch_nation,
  impala_tpch_region
where 
  p_partkey = ps_partkey
  and s_suppkey = ps_suppkey
  and p_size = 15
  and p_type like '%BRASS'
  and s_nationkey = n_nationkey
  and n_regionkey = r_regionkey
  and r_name = 'EUROPE'
  and ps_supplycost = (
    select
      min(ps_supplycost)
    from
      impala_tpch_partsupp,
      impala_tpch_supplier,
      impala_tpch_nation,
      impala_tpch_region
    where
      p_partkey = ps_partkey
      and s_suppkey = ps_suppkey
      and s_nationkey = n_nationkey
      and n_regionkey = r_regionkey
      and r_name = 'EUROPE'
    )
order by
  s_acctbal desc,
  n_name,
  s_name,
  p_partkey
limit 100
POSTHOOK: type: QUERY
POSTHOOK: Input: default@impala_tpch_nation
POSTHOOK: Input: default@impala_tpch_part
POSTHOOK: Input: default@impala_tpch_partsupp
POSTHOOK: Input: default@impala_tpch_region
POSTHOOK: Input: default@impala_tpch_supplier
STAGE DEPENDENCIES:
  Stage-1 is a root stage
  Stage-0 is a root stage

STAGE PLANS:
  Stage: Stage-1
    Impala
      Impala Plan: 
F11:PLAN FRAGMENT [UNPARTITIONED] hosts=1 instances=1
Per-Host Resources: mem-estimate=92.00KB mem-reservation=0B thread-reservation=1
  PLAN-ROOT SINK
  |  output exprs: default.impala_tpch_supplier.s_acctbal, default.impala_tpch_supplier.s_name, default.impala_tpch_nation.n_name, default.impala_tpch_part.p_partkey, default.impala_tpch_part.p_mfgr, default.impala_tpch_supplier.s_address, default.impala_tpch_supplier.s_phone, default.impala_tpch_supplier.s_comment
  |  mem-estimate=0B mem-reservation=0B thread-reservation=0
  |
  30:MERGING-EXCHANGE [UNPARTITIONED]
     order by: default.impala_tpch_supplier.s_acctbal DESC NULLS FIRST, default.impala_tpch_nation.n_name ASC NULLS LAST, default.impala_tpch_supplier.s_name ASC NULLS LAST, default.impala_tpch_part.p_partkey ASC NULLS LAST
     limit: 100
     mem-estimate=92.00KB mem-reservation=0B thread-reservation=0
     tuple-ids=20 row-size=88B cardinality=0
     in pipelines: 19(GETNEXT)

F10:PLAN FRAGMENT [RANDOM] hosts=1 instances=1
Per-Host Resources: mem-estimate=5.98MB mem-reservation=5.81MB thread-reservation=1
  DATASTREAM SINK [FRAGMENT=F11, EXCHANGE=30, UNPARTITIONED]
  |  mem-estimate=0B mem-reservation=0B thread-reservation=0
  19:TOP-N [LIMIT=100]
  |  order by: default.impala_tpch_supplier.s_acctbal DESC NULLS FIRST, default.impala_tpch_nation.n_name ASC NULLS LAST, default.impala_tpch_supplier.s_name ASC NULLS LAST, default.impala_tpch_part.p_partkey ASC NULLS LAST
  |  mem-estimate=0B mem-reservation=0B thread-reservation=0
  |  tuple-ids=20 row-size=88B cardinality=0
  |  in pipelines: 19(GETNEXT), 01(OPEN)
  |
  00:UNION
  |  mem-estimate=0B mem-reservation=0B thread-reservation=0
  |  tuple-ids=19 row-size=88B cardinality=0
  |  in pipelines: 01(GETNEXT)
  |
  18:HASH JOIN [INNER JOIN, BROADCAST]
  |  hash predicates: default.impala_tpch_supplier.s_suppkey = default.impala_tpch_partsupp.ps_suppkey
  |  fk/pk conjuncts: assumed fk/pk
  |  mem-estimate=1.94MB mem-reservation=1.94MB spill-buffer=64.00KB thread-reservation=0
  |  tuple-ids=0,2,4,6,8,18 row-size=172B cardinality=0
  |  in pipelines: 01(GETNEXT), 06(OPEN)
  |
  |--29:EXCHANGE [BROADCAST]
  |     mem-estimate=88.00KB mem-reservation=0B thread-reservation=0
  |     tuple-ids=6,8,18 row-size=76B cardinality=0
  |     in pipelines: 06(GETNEXT)
  |
  05:HASH JOIN [INNER JOIN, BROADCAST]
  |  hash predicates: default.impala_tpch_nation.n_nationkey = default.impala_tpch_supplier.s_nationkey
  |  fk/pk conjuncts: assumed fk/pk
  |  mem-estimate=1.94MB mem-reservation=1.94MB spill-buffer=64.00KB thread-reservation=0
  |  tuple-ids=0,2,4 row-size=96B cardinality=0
  |  in pipelines: 01(GETNEXT), 04(OPEN)
  |
  |--21:EXCHANGE [BROADCAST]
  |     mem-estimate=70.00KB mem-reservation=0B thread-reservation=0
  |     tuple-ids=4 row-size=66B cardinality=0
  |     in pipelines: 04(GETNEXT)
  |
  03:HASH JOIN [INNER JOIN, BROADCAST]
  |  hash predicates: default.impala_tpch_nation.n_regionkey = default.impala_tpch_region.r_regionkey
  |  fk/pk conjuncts: assumed fk/pk
  |  mem-estimate=1.94MB mem-reservation=1.94MB spill-buffer=64.00KB thread-reservation=0
  |  tuple-ids=0,2 row-size=30B cardinality=0
  |  in pipelines: 01(GETNEXT), 02(OPEN)
  |
  |--20:EXCHANGE [BROADCAST]
  |     mem-estimate=18.00KB mem-reservation=0B thread-reservation=0
  |     tuple-ids=2 row-size=14B cardinality=0
  |     in pipelines: 02(GETNEXT)
  |
  01:SCAN HDFS [default.impala_tpch_nation, RANDOM]
     HDFS partitions=1/1 files=0 size=0B
     predicates: default.impala_tpch_nation.n_nationkey IS NOT NULL, default.impala_tpch_nation.n_regionkey IS NOT NULL
     stored statistics:
       table: rows=unavailable size=unavailable
       columns: unavailable
     extrapolated-rows=disabled max-scan-range-rows=0
     file formats: [PARQUET]
     mem-estimate=0B mem-reservation=0B thread-reservation=0
     tuple-ids=0 row-size=16B cardinality=0
     in pipelines: 01(GETNEXT)

F01:PLAN FRAGMENT [RANDOM] hosts=1 instances=1
Per-Host Resources: mem-estimate=0B mem-reservation=0B thread-reservation=1
  DATASTREAM SINK [FRAGMENT=F10, EXCHANGE=20, BROADCAST]
  |  mem-estimate=0B mem-reservation=0B thread-reservation=0
  02:SCAN HDFS [default.impala_tpch_region, RANDOM]
     HDFS partitions=1/1 files=0 size=0B
     predicates: default.impala_tpch_region.r_regionkey IS NOT NULL, default.impala_tpch_region.r_name = 'EUROPE'
     stored statistics:
       table: rows=unavailable size=unavailable
       columns: unavailable
     extrapolated-rows=disabled max-scan-range-rows=0
     parquet statistics predicates: default.impala_tpch_region.r_name = 'EUROPE'
     file formats: [PARQUET]
     mem-estimate=0B mem-reservation=0B thread-reservation=0
     tuple-ids=2 row-size=14B cardinality=0
     in pipelines: 02(GETNEXT)

F02:PLAN FRAGMENT [RANDOM] hosts=1 instances=1
Per-Host Resources: mem-estimate=0B mem-reservation=0B thread-reservation=1
  DATASTREAM SINK [FRAGMENT=F10, EXCHANGE=21, BROADCAST]
  |  mem-estimate=0B mem-reservation=0B thread-reservation=0
  04:SCAN HDFS [default.impala_tpch_supplier, RANDOM]
     HDFS partitions=1/1 files=0 size=0B
     predicates: default.impala_tpch_supplier.s_nationkey IS NOT NULL, default.impala_tpch_supplier.s_suppkey IS NOT NULL
     stored statistics:
       table: rows=unavailable size=unavailable
       columns: unavailable
     extrapolated-rows=disabled max-scan-range-rows=0
     file formats: [PARQUET]
     mem-estimate=0B mem-reservation=0B thread-reservation=0
     tuple-ids=4 row-size=66B cardinality=0
     in pipelines: 04(GETNEXT)

F03:PLAN FRAGMENT [RANDOM] hosts=1 instances=1
Per-Host Resources: mem-estimate=3.93MB mem-reservation=3.88MB thread-reservation=1
  DATASTREAM SINK [FRAGMENT=F10, EXCHANGE=29, BROADCAST]
  |  mem-estimate=0B mem-reservation=0B thread-reservation=0
  17:HASH JOIN [INNER JOIN, BROADCAST]
  |  hash predicates: default.impala_tpch_part.p_partkey = default.impala_tpch_partsupp_0.ps_partkey, default.impala_tpch_partsupp.ps_supplycost = min(default.impala_tpch_partsupp_0.ps_supplycost)
  |  fk/pk conjuncts: assumed fk/pk
  |  mem-estimate=1.94MB mem-reservation=1.94MB spill-buffer=64.00KB thread-reservation=0
  |  tuple-ids=6,8,18 row-size=76B cardinality=0
  |  in pipelines: 06(GETNEXT), 27(OPEN)
  |
  |--28:EXCHANGE [BROADCAST]
  |     mem-estimate=20.00KB mem-reservation=0B thread-reservation=0
  |     tuple-ids=18 row-size=16B cardinality=0
  |     in pipelines: 27(GETNEXT)
  |
  08:HASH JOIN [INNER JOIN, BROADCAST]
  |  hash predicates: default.impala_tpch_partsupp.ps_partkey = default.impala_tpch_part.p_partkey
  |  fk/pk conjuncts: assumed fk/pk
  |  mem-estimate=1.94MB mem-reservation=1.94MB spill-buffer=64.00KB thread-reservation=0
  |  tuple-ids=6,8 row-size=60B cardinality=0
  |  in pipelines: 06(GETNEXT), 07(OPEN)
  |
  |--22:EXCHANGE [BROADCAST]
  |     mem-estimate=40.00KB mem-reservation=0B thread-reservation=0
  |     tuple-ids=8 row-size=36B cardinality=0
  |     in pipelines: 07(GETNEXT)
  |
  06:SCAN HDFS [default.impala_tpch_partsupp, RANDOM]
     HDFS partitions=1/1 files=0 size=0B
     predicates: default.impala_tpch_partsupp.ps_partkey IS NOT NULL, default.impala_tpch_partsupp.ps_suppkey IS NOT NULL, default.impala_tpch_partsupp.ps_supplycost IS NOT NULL
     stored statistics:
       table: rows=unavailable size=unavailable
       columns: unavailable
     extrapolated-rows=disabled max-scan-range-rows=0
     file formats: [PARQUET]
     mem-estimate=0B mem-reservation=0B thread-reservation=0
     tuple-ids=6 row-size=24B cardinality=0
     in pipelines: 06(GETNEXT)

F04:PLAN FRAGMENT [RANDOM] hosts=1 instances=1
Per-Host Resources: mem-estimate=0B mem-reservation=0B thread-reservation=1
  DATASTREAM SINK [FRAGMENT=F03, EXCHANGE=22, BROADCAST]
  |  mem-estimate=0B mem-reservation=0B thread-reservation=0
  07:SCAN HDFS [default.impala_tpch_part, RANDOM]
     HDFS partitions=1/1 files=0 size=0B
     predicates: default.impala_tpch_part.p_partkey IS NOT NULL, default.impala_tpch_part.p_size = CAST(15 AS INT), like(default.impala_tpch_part.p_type, '%BRASS')
     stored statistics:
       table: rows=unavailable size=unavailable
       columns: unavailable
     extrapolated-rows=disabled max-scan-range-rows=0
     parquet statistics predicates: default.impala_tpch_part.p_size = CAST(15 AS INT)
     file formats: [PARQUET]
     mem-estimate=0B mem-reservation=0B thread-reservation=0
     tuple-ids=8 row-size=36B cardinality=0
     in pipelines: 07(GETNEXT)

F09:PLAN FRAGMENT [HASH(default.impala_tpch_partsupp_0.ps_partkey)] hosts=1 instances=1
Per-Host Resources: mem-estimate=128.02MB mem-reservation=34.00MB thread-reservation=1
  DATASTREAM SINK [FRAGMENT=F03, EXCHANGE=28, BROADCAST]
  |  mem-estimate=0B mem-reservation=0B thread-reservation=0
  27:AGGREGATE [FINALIZE]
  |  output: min:merge(default.impala_tpch_partsupp_0.ps_supplycost)
  |  group by: default.impala_tpch_partsupp_0.ps_partkey
  |  having: min(default.impala_tpch_partsupp_0.ps_supplycost) IS NOT NULL
  |  mem-estimate=128.00MB mem-reservation=34.00MB spill-buffer=2.00MB thread-reservation=0
  |  tuple-ids=18 row-size=16B cardinality=0
  |  in pipelines: 27(GETNEXT), 09(OPEN)
  |
  26:EXCHANGE [HASH(default.impala_tpch_partsupp_0.ps_partkey)]
     mem-estimate=20.00KB mem-reservation=0B thread-reservation=0
     tuple-ids=18 row-size=16B cardinality=0
     in pipelines: 09(GETNEXT)

F05:PLAN FRAGMENT [RANDOM] hosts=1 instances=1
Per-Host Resources: mem-estimate=131.92MB mem-reservation=37.88MB thread-reservation=1
  DATASTREAM SINK [FRAGMENT=F09, EXCHANGE=26, HASH(default.impala_tpch_partsupp_0.ps_partkey)]
  |  mem-estimate=0B mem-reservation=0B thread-reservation=0
  16:AGGREGATE [STREAMING]
  |  output: min(default.impala_tpch_partsupp_0.ps_supplycost)
  |  group by: default.impala_tpch_partsupp_0.ps_partkey
  |  mem-estimate=128.00MB mem-reservation=34.00MB spill-buffer=2.00MB thread-reservation=0
  |  tuple-ids=18 row-size=16B cardinality=0
  |  in pipelines: 09(GETNEXT)
  |
  15:HASH JOIN [INNER JOIN, BROADCAST]
  |  hash predicates: default.impala_tpch_supplier_0.s_nationkey = default.impala_tpch_nation_0.n_nationkey
  |  fk/pk conjuncts: assumed fk/pk
  |  mem-estimate=1.94MB mem-reservation=1.94MB spill-buffer=64.00KB thread-reservation=0
  |  tuple-ids=10,12,14,16 row-size=52B cardinality=0
  |  in pipelines: 09(GETNEXT), 12(OPEN)
  |
  |--25:EXCHANGE [BROADCAST]
  |     mem-estimate=26.00KB mem-reservation=0B thread-reservation=0
  |     tuple-ids=14,16 row-size=18B cardinality=0
  |     in pipelines: 12(GETNEXT)
  |
  11:HASH JOIN [INNER JOIN, BROADCAST]
  |  hash predicates: default.impala_tpch_partsupp_0.ps_suppkey = default.impala_tpch_supplier_0.s_suppkey
  |  fk/pk conjuncts: assumed fk/pk
  |  mem-estimate=1.94MB mem-reservation=1.94MB spill-buffer=64.00KB thread-reservation=0
  |  tuple-ids=10,12 row-size=34B cardinality=0
  |  in pipelines: 09(GETNEXT), 10(OPEN)
  |
  |--23:EXCHANGE [BROADCAST]
  |     mem-estimate=16.00KB mem-reservation=0B thread-reservation=0
  |     tuple-ids=12 row-size=10B cardinality=0
  |     in pipelines: 10(GETNEXT)
  |
  09:SCAN HDFS [default.impala_tpch_partsupp, RANDOM]
     HDFS partitions=1/1 files=0 size=0B
     predicates: default.impala_tpch_partsupp_0.ps_partkey IS NOT NULL, default.impala_tpch_partsupp_0.ps_suppkey IS NOT NULL
     stored statistics:
       table: rows=unavailable size=unavailable
       columns: unavailable
     extrapolated-rows=disabled max-scan-range-rows=0
     file formats: [PARQUET]
     mem-estimate=0B mem-reservation=0B thread-reservation=0
     tuple-ids=10 row-size=24B cardinality=0
     in pipelines: 09(GETNEXT)

F06:PLAN FRAGMENT [RANDOM] hosts=1 instances=1
Per-Host Resources: mem-estimate=0B mem-reservation=0B thread-reservation=1
  DATASTREAM SINK [FRAGMENT=F05, EXCHANGE=23, BROADCAST]
  |  mem-estimate=0B mem-reservation=0B thread-reservation=0
  10:SCAN HDFS [default.impala_tpch_supplier, RANDOM]
     HDFS partitions=1/1 files=0 size=0B
     predicates: default.impala_tpch_supplier_0.s_nationkey IS NOT NULL, default.impala_tpch_supplier_0.s_suppkey IS NOT NULL
     stored statistics:
       table: rows=unavailable size=unavailable
       columns: unavailable
     extrapolated-rows=disabled max-scan-range-rows=0
     file formats: [PARQUET]
     mem-estimate=0B mem-reservation=0B thread-reservation=0
     tuple-ids=12 row-size=10B cardinality=0
     in pipelines: 10(GETNEXT)

F07:PLAN FRAGMENT [RANDOM] hosts=1 instances=1
Per-Host Resources: mem-estimate=1.96MB mem-reservation=1.94MB thread-reservation=1
  DATASTREAM SINK [FRAGMENT=F05, EXCHANGE=25, BROADCAST]
  |  mem-estimate=0B mem-reservation=0B thread-reservation=0
  14:HASH JOIN [INNER JOIN, BROADCAST]
  |  hash predicates: default.impala_tpch_nation_0.n_regionkey = default.impala_tpch_region_0.r_regionkey
  |  fk/pk conjuncts: assumed fk/pk
  |  mem-estimate=1.94MB mem-reservation=1.94MB spill-buffer=64.00KB thread-reservation=0
  |  tuple-ids=14,16 row-size=18B cardinality=0
  |  in pipelines: 12(GETNEXT), 13(OPEN)
  |
  |--24:EXCHANGE [BROADCAST]
  |     mem-estimate=18.00KB mem-reservation=0B thread-reservation=0
  |     tuple-ids=16 row-size=14B cardinality=0
  |     in pipelines: 13(GETNEXT)
  |
  12:SCAN HDFS [default.impala_tpch_nation, RANDOM]
     HDFS partitions=1/1 files=0 size=0B
     predicates: default.impala_tpch_nation_0.n_nationkey IS NOT NULL, default.impala_tpch_nation_0.n_regionkey IS NOT NULL
     stored statistics:
       table: rows=unavailable size=unavailable
       columns: unavailable
     extrapolated-rows=disabled max-scan-range-rows=0
     file formats: [PARQUET]
     mem-estimate=0B mem-reservation=0B thread-reservation=0
     tuple-ids=14 row-size=4B cardinality=0
     in pipelines: 12(GETNEXT)

F08:PLAN FRAGMENT [RANDOM] hosts=1 instances=1
Per-Host Resources: mem-estimate=0B mem-reservation=0B thread-reservation=1
  DATASTREAM SINK [FRAGMENT=F07, EXCHANGE=24, BROADCAST]
  |  mem-estimate=0B mem-reservation=0B thread-reservation=0
  13:SCAN HDFS [default.impala_tpch_region, RANDOM]
     HDFS partitions=1/1 files=0 size=0B
     predicates: default.impala_tpch_region_0.r_regionkey IS NOT NULL, default.impala_tpch_region_0.r_name = 'EUROPE'
     stored statistics:
       table: rows=unavailable size=unavailable
       columns: unavailable
     extrapolated-rows=disabled max-scan-range-rows=0
     parquet statistics predicates: default.impala_tpch_region_0.r_name = 'EUROPE'
     file formats: [PARQUET]
     mem-estimate=0B mem-reservation=0B thread-reservation=0
     tuple-ids=16 row-size=14B cardinality=0
     in pipelines: 13(GETNEXT)


  Stage: Stage-0
    Fetch Operator
      limit: -1
      Processor Tree:
        ListSink

