HMS CALL get_table_req FOR impala_tpch_supplier
HMS CALL get_table_req FOR impala_tpch_lineitem
HMS CALL get_table_req FOR impala_tpch_orders
HMS CALL get_table_req FOR impala_tpch_nation
HMS CALL get_foreign_keys FOR impala_tpch_supplier
HMS CALL get_foreign_keys FOR impala_tpch_lineitem
HMS CALL get_foreign_keys FOR impala_tpch_orders
HMS CALL get_foreign_keys FOR impala_tpch_nation
PREHOOK: query: explain cbo physical select
  s_name,
  count(*) as numwait
from
  impala_tpch_supplier,
  impala_tpch_lineitem l1,
  impala_tpch_orders,
  impala_tpch_nation
where
  s_suppkey = l1.l_suppkey
  and o_orderkey = l1.l_orderkey
  and o_orderstatus = 'F'
  and l1.l_receiptdate > l1.l_commitdate
  and exists (
    select
      *
    from
      impala_tpch_lineitem l2
    where
      l2.l_orderkey = l1.l_orderkey
      and l2.l_suppkey <> l1.l_suppkey
  )
  and not exists (
    select
      *
    from
      impala_tpch_lineitem l3
    where
      l3.l_orderkey = l1.l_orderkey
      and l3.l_suppkey <> l1.l_suppkey
      and l3.l_receiptdate > l3.l_commitdate
  )
  and s_nationkey = n_nationkey
  and n_name = 'SAUDI ARABIA'
group by
  s_name
order by
  numwait desc,
  s_name
limit 100
PREHOOK: type: QUERY
PREHOOK: Input: default@impala_tpch_lineitem
PREHOOK: Input: default@impala_tpch_nation
PREHOOK: Input: default@impala_tpch_orders
PREHOOK: Input: default@impala_tpch_supplier
PREHOOK: Output: streaming
POSTHOOK: query: explain cbo physical select
  s_name,
  count(*) as numwait
from
  impala_tpch_supplier,
  impala_tpch_lineitem l1,
  impala_tpch_orders,
  impala_tpch_nation
where
  s_suppkey = l1.l_suppkey
  and o_orderkey = l1.l_orderkey
  and o_orderstatus = 'F'
  and l1.l_receiptdate > l1.l_commitdate
  and exists (
    select
      *
    from
      impala_tpch_lineitem l2
    where
      l2.l_orderkey = l1.l_orderkey
      and l2.l_suppkey <> l1.l_suppkey
  )
  and not exists (
    select
      *
    from
      impala_tpch_lineitem l3
    where
      l3.l_orderkey = l1.l_orderkey
      and l3.l_suppkey <> l1.l_suppkey
      and l3.l_receiptdate > l3.l_commitdate
  )
  and s_nationkey = n_nationkey
  and n_name = 'SAUDI ARABIA'
group by
  s_name
order by
  numwait desc,
  s_name
limit 100
POSTHOOK: type: QUERY
POSTHOOK: Input: default@impala_tpch_lineitem
POSTHOOK: Input: default@impala_tpch_nation
POSTHOOK: Input: default@impala_tpch_orders
POSTHOOK: Input: default@impala_tpch_supplier
CBO PLAN:
ImpalaSortRel(sort0=[$1], sort1=[$0], dir0=[DESC], dir1=[ASC], fetch=[100])
  ImpalaAggregateRel(group=[{1}], agg#0=[count()])
    ImpalaJoinRel(condition=[AND(=($12, $3), <>($13, $4))], joinType=[left])
      ImpalaJoinRel(condition=[AND(=($11, $3), <>($12, $4))], joinType=[semi])
        ImpalaProjectPassthroughRel(s_suppkey=[$6], s_name=[$7], s_nationkey=[$8], l_orderkey=[$0], l_suppkey=[$1], l_commitdate=[$2], l_receiptdate=[$3], o_orderkey=[$4], o_orderstatus=[$5], n_nationkey=[$9], n_name=[$10])
          ImpalaJoinRel(condition=[=($6, $1)], joinType=[inner])
            ImpalaJoinRel(condition=[=($4, $0)], joinType=[inner])
              ImpalaProjectPassthroughRel(l_orderkey=[$0], l_suppkey=[$2], l_commitdate=[$11], l_receiptdate=[$12])
                ImpalaHdfsScanRel(table=[[default, impala_tpch_lineitem]], condition=[AND(>($12, $11), IS NOT NULL($0), IS NOT NULL($2))])
              ImpalaProjectPassthroughRel(o_orderkey=[$0], o_orderstatus=[CAST(_UTF-16LE'F':VARCHAR(2147483647) CHARACTER SET "UTF-16LE"):VARCHAR(2147483647) CHARACTER SET "UTF-16LE"])
                ImpalaHdfsScanRel(table=[[default, impala_tpch_orders]], condition=[AND(=($2, _UTF-16LE'F'), IS NOT NULL($0))])
            ImpalaJoinRel(condition=[=($2, $3)], joinType=[inner])
              ImpalaProjectPassthroughRel(s_suppkey=[$0], s_name=[$1], s_nationkey=[$3])
                ImpalaHdfsScanRel(table=[[default, impala_tpch_supplier]], condition=[AND(IS NOT NULL($3), IS NOT NULL($0))])
              ImpalaProjectPassthroughRel(n_nationkey=[$0], n_name=[CAST(_UTF-16LE'SAUDI ARABIA':VARCHAR(2147483647) CHARACTER SET "UTF-16LE"):VARCHAR(2147483647) CHARACTER SET "UTF-16LE"])
                ImpalaHdfsScanRel(table=[[default, impala_tpch_nation]], condition=[AND(=($1, _UTF-16LE'SAUDI ARABIA'), IS NOT NULL($0))])
        ImpalaProjectPassthroughRel(l_orderkey=[$0], l_suppkey=[$2])
          ImpalaHdfsScanRel(table=[[default, impala_tpch_lineitem]], condition=[AND(IS NOT NULL($0), IS NOT NULL($2))])
      ImpalaProjectPassthroughRel(literalTrue=[true], l_orderkey0=[$0], l_suppkey0=[$1])
        ImpalaAggregateRel(group=[{0, 2}])
          ImpalaHdfsScanRel(table=[[default, impala_tpch_lineitem]], condition=[AND(>($12, $11), IS NOT NULL($0), IS NOT NULL($2))])

HMS CALL get_table_req FOR impala_tpch_supplier
HMS CALL get_table_req FOR impala_tpch_lineitem
HMS CALL get_table_req FOR impala_tpch_orders
HMS CALL get_table_req FOR impala_tpch_nation
HMS CALL get_foreign_keys FOR impala_tpch_supplier
HMS CALL get_foreign_keys FOR impala_tpch_lineitem
HMS CALL get_foreign_keys FOR impala_tpch_orders
HMS CALL get_foreign_keys FOR impala_tpch_nation
PREHOOK: query: explain select
  s_name,
  count(*) as numwait
from
  impala_tpch_supplier,
  impala_tpch_lineitem l1,
  impala_tpch_orders,
  impala_tpch_nation
where
  s_suppkey = l1.l_suppkey
  and o_orderkey = l1.l_orderkey
  and o_orderstatus = 'F'
  and l1.l_receiptdate > l1.l_commitdate
  and exists (
    select
      *
    from
      impala_tpch_lineitem l2
    where
      l2.l_orderkey = l1.l_orderkey
      and l2.l_suppkey <> l1.l_suppkey
  )
  and not exists (
    select
      *
    from
      impala_tpch_lineitem l3
    where
      l3.l_orderkey = l1.l_orderkey
      and l3.l_suppkey <> l1.l_suppkey
      and l3.l_receiptdate > l3.l_commitdate
  )
  and s_nationkey = n_nationkey
  and n_name = 'SAUDI ARABIA'
group by
  s_name
order by
  numwait desc,
  s_name
limit 100
PREHOOK: type: QUERY
PREHOOK: Input: default@impala_tpch_lineitem
PREHOOK: Input: default@impala_tpch_nation
PREHOOK: Input: default@impala_tpch_orders
PREHOOK: Input: default@impala_tpch_supplier
PREHOOK: Output: streaming
POSTHOOK: query: explain select
  s_name,
  count(*) as numwait
from
  impala_tpch_supplier,
  impala_tpch_lineitem l1,
  impala_tpch_orders,
  impala_tpch_nation
where
  s_suppkey = l1.l_suppkey
  and o_orderkey = l1.l_orderkey
  and o_orderstatus = 'F'
  and l1.l_receiptdate > l1.l_commitdate
  and exists (
    select
      *
    from
      impala_tpch_lineitem l2
    where
      l2.l_orderkey = l1.l_orderkey
      and l2.l_suppkey <> l1.l_suppkey
  )
  and not exists (
    select
      *
    from
      impala_tpch_lineitem l3
    where
      l3.l_orderkey = l1.l_orderkey
      and l3.l_suppkey <> l1.l_suppkey
      and l3.l_receiptdate > l3.l_commitdate
  )
  and s_nationkey = n_nationkey
  and n_name = 'SAUDI ARABIA'
group by
  s_name
order by
  numwait desc,
  s_name
limit 100
POSTHOOK: type: QUERY
POSTHOOK: Input: default@impala_tpch_lineitem
POSTHOOK: Input: default@impala_tpch_nation
POSTHOOK: Input: default@impala_tpch_orders
POSTHOOK: Input: default@impala_tpch_supplier
STAGE DEPENDENCIES:
  Stage-1 is a root stage
  Stage-0 is a root stage

STAGE PLANS:
  Stage: Stage-1
    Impala
      Impala Plan: 
F08:PLAN FRAGMENT [UNPARTITIONED] hosts=1 instances=1
Per-Host Resources: mem-estimate=24.00KB mem-reservation=0B thread-reservation=1
  PLAN-ROOT SINK
  |  output exprs: default.impala_tpch_supplier.s_name, count(*)
  |  mem-estimate=0B mem-reservation=0B thread-reservation=0
  |
  23:MERGING-EXCHANGE [UNPARTITIONED]
     order by: count(*) DESC NULLS FIRST, default.impala_tpch_supplier.s_name ASC NULLS LAST
     limit: 100
     mem-estimate=24.00KB mem-reservation=0B thread-reservation=0
     tuple-ids=14 row-size=20B cardinality=0
     in pipelines: 13(GETNEXT)

F07:PLAN FRAGMENT [HASH(default.impala_tpch_supplier.s_name)] hosts=1 instances=1
Per-Host Resources: mem-estimate=128.02MB mem-reservation=34.00MB thread-reservation=1
  DATASTREAM SINK [FRAGMENT=F08, EXCHANGE=23, UNPARTITIONED]
  |  mem-estimate=0B mem-reservation=0B thread-reservation=0
  13:TOP-N [LIMIT=100]
  |  order by: count(*) DESC NULLS FIRST, default.impala_tpch_supplier.s_name ASC NULLS LAST
  |  mem-estimate=0B mem-reservation=0B thread-reservation=0
  |  tuple-ids=14 row-size=20B cardinality=0
  |  in pipelines: 13(GETNEXT), 22(OPEN)
  |
  22:AGGREGATE [FINALIZE]
  |  output: count:merge(*)
  |  group by: default.impala_tpch_supplier.s_name
  |  mem-estimate=128.00MB mem-reservation=34.00MB spill-buffer=2.00MB thread-reservation=0
  |  tuple-ids=13 row-size=20B cardinality=0
  |  in pipelines: 22(GETNEXT), 00(OPEN)
  |
  21:EXCHANGE [HASH(default.impala_tpch_supplier.s_name)]
     mem-estimate=24.00KB mem-reservation=0B thread-reservation=0
     tuple-ids=13 row-size=20B cardinality=0
     in pipelines: 00(GETNEXT)

F00:PLAN FRAGMENT [RANDOM] hosts=1 instances=1
Per-Host Resources: mem-estimate=135.86MB mem-reservation=41.75MB thread-reservation=1
  DATASTREAM SINK [FRAGMENT=F07, EXCHANGE=21, HASH(default.impala_tpch_supplier.s_name)]
  |  mem-estimate=0B mem-reservation=0B thread-reservation=0
  12:AGGREGATE [STREAMING]
  |  output: count(*)
  |  group by: default.impala_tpch_supplier.s_name
  |  mem-estimate=128.00MB mem-reservation=34.00MB spill-buffer=2.00MB thread-reservation=0
  |  tuple-ids=13 row-size=20B cardinality=0
  |  in pipelines: 00(GETNEXT)
  |
  11:HASH JOIN [LEFT OUTER JOIN, BROADCAST]
  |  hash predicates: l1.l_orderkey = l3.l_orderkey
  |  fk/pk conjuncts: assumed fk/pk
  |  other join predicates: l3.l_suppkey != l1.l_suppkey
  |  other predicates: if(TupleIsNull(12), NULL, TRUE) IS NULL
  |  mem-estimate=1.94MB mem-reservation=1.94MB spill-buffer=64.00KB thread-reservation=0
  |  tuple-ids=0,2,4,6,12N row-size=112B cardinality=0
  |  in pipelines: 00(GETNEXT), 19(OPEN)
  |
  |--20:EXCHANGE [BROADCAST]
  |     mem-estimate=20.00KB mem-reservation=0B thread-reservation=0
  |     tuple-ids=12 row-size=16B cardinality=0
  |     in pipelines: 19(GETNEXT)
  |
  08:HASH JOIN [LEFT SEMI JOIN, BROADCAST]
  |  hash predicates: l1.l_orderkey = l2.l_orderkey
  |  other join predicates: l2.l_suppkey != l1.l_suppkey
  |  mem-estimate=1.94MB mem-reservation=1.94MB spill-buffer=64.00KB thread-reservation=0
  |  tuple-ids=0,2,4,6 row-size=96B cardinality=0
  |  in pipelines: 00(GETNEXT), 07(OPEN)
  |
  |--17:EXCHANGE [BROADCAST]
  |     mem-estimate=20.00KB mem-reservation=0B thread-reservation=0
  |     tuple-ids=8 row-size=16B cardinality=0
  |     in pipelines: 07(GETNEXT)
  |
  06:HASH JOIN [INNER JOIN, BROADCAST]
  |  hash predicates: l1.l_suppkey = default.impala_tpch_supplier.s_suppkey
  |  fk/pk conjuncts: assumed fk/pk
  |  mem-estimate=1.94MB mem-reservation=1.94MB spill-buffer=64.00KB thread-reservation=0
  |  tuple-ids=0,2,4,6 row-size=96B cardinality=0
  |  in pipelines: 00(GETNEXT), 03(OPEN)
  |
  |--16:EXCHANGE [BROADCAST]
  |     mem-estimate=44.00KB mem-reservation=0B thread-reservation=0
  |     tuple-ids=4,6 row-size=36B cardinality=0
  |     in pipelines: 03(GETNEXT)
  |
  02:HASH JOIN [INNER JOIN, BROADCAST]
  |  hash predicates: l1.l_orderkey = default.impala_tpch_orders.o_orderkey
  |  fk/pk conjuncts: assumed fk/pk
  |  mem-estimate=1.94MB mem-reservation=1.94MB spill-buffer=64.00KB thread-reservation=0
  |  tuple-ids=0,2 row-size=60B cardinality=0
  |  in pipelines: 00(GETNEXT), 01(OPEN)
  |
  |--14:EXCHANGE [BROADCAST]
  |     mem-estimate=24.00KB mem-reservation=0B thread-reservation=0
  |     tuple-ids=2 row-size=20B cardinality=0
  |     in pipelines: 01(GETNEXT)
  |
  00:SCAN HDFS [default.impala_tpch_lineitem l1, RANDOM]
     HDFS partitions=1/1 files=0 size=0B
     predicates: l1.l_orderkey IS NOT NULL, l1.l_suppkey IS NOT NULL, l1.l_receiptdate > l1.l_commitdate
     stored statistics:
       table: rows=unavailable size=unavailable
       columns: unavailable
     extrapolated-rows=disabled max-scan-range-rows=0
     file formats: [PARQUET]
     mem-estimate=0B mem-reservation=0B thread-reservation=0
     tuple-ids=0 row-size=40B cardinality=0
     in pipelines: 00(GETNEXT)

F01:PLAN FRAGMENT [RANDOM] hosts=1 instances=1
Per-Host Resources: mem-estimate=0B mem-reservation=0B thread-reservation=1
  DATASTREAM SINK [FRAGMENT=F00, EXCHANGE=14, BROADCAST]
  |  mem-estimate=0B mem-reservation=0B thread-reservation=0
  01:SCAN HDFS [default.impala_tpch_orders, RANDOM]
     HDFS partitions=1/1 files=0 size=0B
     predicates: default.impala_tpch_orders.o_orderkey IS NOT NULL, default.impala_tpch_orders.o_orderstatus = 'F'
     stored statistics:
       table: rows=unavailable size=unavailable
       columns: unavailable
     extrapolated-rows=disabled max-scan-range-rows=0
     parquet statistics predicates: default.impala_tpch_orders.o_orderstatus = 'F'
     file formats: [PARQUET]
     mem-estimate=0B mem-reservation=0B thread-reservation=0
     tuple-ids=2 row-size=20B cardinality=0
     in pipelines: 01(GETNEXT)

F02:PLAN FRAGMENT [RANDOM] hosts=1 instances=1
Per-Host Resources: mem-estimate=1.96MB mem-reservation=1.94MB thread-reservation=1
  DATASTREAM SINK [FRAGMENT=F00, EXCHANGE=16, BROADCAST]
  |  mem-estimate=0B mem-reservation=0B thread-reservation=0
  05:HASH JOIN [INNER JOIN, BROADCAST]
  |  hash predicates: default.impala_tpch_supplier.s_nationkey = default.impala_tpch_nation.n_nationkey
  |  fk/pk conjuncts: assumed fk/pk
  |  mem-estimate=1.94MB mem-reservation=1.94MB spill-buffer=64.00KB thread-reservation=0
  |  tuple-ids=4,6 row-size=36B cardinality=0
  |  in pipelines: 03(GETNEXT), 04(OPEN)
  |
  |--15:EXCHANGE [BROADCAST]
  |     mem-estimate=18.00KB mem-reservation=0B thread-reservation=0
  |     tuple-ids=6 row-size=14B cardinality=0
  |     in pipelines: 04(GETNEXT)
  |
  03:SCAN HDFS [default.impala_tpch_supplier, RANDOM]
     HDFS partitions=1/1 files=0 size=0B
     predicates: default.impala_tpch_supplier.s_nationkey IS NOT NULL, default.impala_tpch_supplier.s_suppkey IS NOT NULL
     stored statistics:
       table: rows=unavailable size=unavailable
       columns: unavailable
     extrapolated-rows=disabled max-scan-range-rows=0
     file formats: [PARQUET]
     mem-estimate=0B mem-reservation=0B thread-reservation=0
     tuple-ids=4 row-size=22B cardinality=0
     in pipelines: 03(GETNEXT)

F03:PLAN FRAGMENT [RANDOM] hosts=1 instances=1
Per-Host Resources: mem-estimate=0B mem-reservation=0B thread-reservation=1
  DATASTREAM SINK [FRAGMENT=F02, EXCHANGE=15, BROADCAST]
  |  mem-estimate=0B mem-reservation=0B thread-reservation=0
  04:SCAN HDFS [default.impala_tpch_nation, RANDOM]
     HDFS partitions=1/1 files=0 size=0B
     predicates: default.impala_tpch_nation.n_nationkey IS NOT NULL, default.impala_tpch_nation.n_name = 'SAUDI ARABIA'
     stored statistics:
       table: rows=unavailable size=unavailable
       columns: unavailable
     extrapolated-rows=disabled max-scan-range-rows=0
     parquet statistics predicates: default.impala_tpch_nation.n_name = 'SAUDI ARABIA'
     file formats: [PARQUET]
     mem-estimate=0B mem-reservation=0B thread-reservation=0
     tuple-ids=6 row-size=14B cardinality=0
     in pipelines: 04(GETNEXT)

F04:PLAN FRAGMENT [RANDOM] hosts=1 instances=1
Per-Host Resources: mem-estimate=0B mem-reservation=0B thread-reservation=1
  DATASTREAM SINK [FRAGMENT=F00, EXCHANGE=17, BROADCAST]
  |  mem-estimate=0B mem-reservation=0B thread-reservation=0
  07:SCAN HDFS [default.impala_tpch_lineitem l2, RANDOM]
     HDFS partitions=1/1 files=0 size=0B
     predicates: l2.l_orderkey IS NOT NULL, l2.l_suppkey IS NOT NULL
     stored statistics:
       table: rows=unavailable size=unavailable
       columns: unavailable
     extrapolated-rows=disabled max-scan-range-rows=0
     file formats: [PARQUET]
     mem-estimate=0B mem-reservation=0B thread-reservation=0
     tuple-ids=8 row-size=16B cardinality=0
     in pipelines: 07(GETNEXT)

F06:PLAN FRAGMENT [HASH(l3.l_orderkey,l3.l_suppkey)] hosts=1 instances=1
Per-Host Resources: mem-estimate=128.02MB mem-reservation=34.00MB thread-reservation=1
  DATASTREAM SINK [FRAGMENT=F00, EXCHANGE=20, BROADCAST]
  |  mem-estimate=0B mem-reservation=0B thread-reservation=0
  19:AGGREGATE [FINALIZE]
  |  group by: l3.l_orderkey, l3.l_suppkey
  |  mem-estimate=128.00MB mem-reservation=34.00MB spill-buffer=2.00MB thread-reservation=0
  |  tuple-ids=12 row-size=16B cardinality=0
  |  in pipelines: 19(GETNEXT), 09(OPEN)
  |
  18:EXCHANGE [HASH(l3.l_orderkey,l3.l_suppkey)]
     mem-estimate=20.00KB mem-reservation=0B thread-reservation=0
     tuple-ids=12 row-size=16B cardinality=0
     in pipelines: 09(GETNEXT)

F05:PLAN FRAGMENT [RANDOM] hosts=1 instances=1
Per-Host Resources: mem-estimate=128.00MB mem-reservation=34.00MB thread-reservation=1
  DATASTREAM SINK [FRAGMENT=F06, EXCHANGE=18, HASH(l3.l_orderkey,l3.l_suppkey)]
  |  mem-estimate=0B mem-reservation=0B thread-reservation=0
  10:AGGREGATE [STREAMING]
  |  group by: l3.l_orderkey, l3.l_suppkey
  |  mem-estimate=128.00MB mem-reservation=34.00MB spill-buffer=2.00MB thread-reservation=0
  |  tuple-ids=12 row-size=16B cardinality=0
  |  in pipelines: 09(GETNEXT)
  |
  09:SCAN HDFS [default.impala_tpch_lineitem l3, RANDOM]
     HDFS partitions=1/1 files=0 size=0B
     predicates: l3.l_orderkey IS NOT NULL, l3.l_suppkey IS NOT NULL, l3.l_receiptdate > l3.l_commitdate
     stored statistics:
       table: rows=unavailable size=unavailable
       columns: unavailable
     extrapolated-rows=disabled max-scan-range-rows=0
     file formats: [PARQUET]
     mem-estimate=0B mem-reservation=0B thread-reservation=0
     tuple-ids=10 row-size=40B cardinality=0
     in pipelines: 09(GETNEXT)


  Stage: Stage-0
    Fetch Operator
      limit: -1
      Processor Tree:
        ListSink

