PREHOOK: query: explain cbo select
  l_orderkey,
  sum(l_extendedprice * (1 - l_discount)) as revenue,
  o_orderdate,
  o_shippriority
from
  impala_tpch_customer,
  impala_tpch_orders,
  impala_tpch_lineitem
where
  c_mktsegment = 'BUILDING'
  and c_custkey = o_custkey
  and l_orderkey = o_orderkey
  and o_orderdate < '1995-03-15'
  and l_shipdate > '1995-03-15'
group by
  l_orderkey,
  o_orderdate,
  o_shippriority
order by
  revenue desc,
  o_orderdate,
  l_orderkey
limit 10
PREHOOK: type: QUERY
PREHOOK: Input: default@impala_tpch_customer
PREHOOK: Input: default@impala_tpch_lineitem
PREHOOK: Input: default@impala_tpch_orders
PREHOOK: Output: streaming
POSTHOOK: query: explain cbo select
  l_orderkey,
  sum(l_extendedprice * (1 - l_discount)) as revenue,
  o_orderdate,
  o_shippriority
from
  impala_tpch_customer,
  impala_tpch_orders,
  impala_tpch_lineitem
where
  c_mktsegment = 'BUILDING'
  and c_custkey = o_custkey
  and l_orderkey = o_orderkey
  and o_orderdate < '1995-03-15'
  and l_shipdate > '1995-03-15'
group by
  l_orderkey,
  o_orderdate,
  o_shippriority
order by
  revenue desc,
  o_orderdate,
  l_orderkey
limit 10
POSTHOOK: type: QUERY
POSTHOOK: Input: default@impala_tpch_customer
POSTHOOK: Input: default@impala_tpch_lineitem
POSTHOOK: Input: default@impala_tpch_orders
CBO PLAN:
ImpalaSortRel(sort0=[$1], sort1=[$2], sort2=[$0], dir0=[DESC], dir1=[ASC], dir2=[ASC], fetch=[10])
  ImpalaProjectRel(l_orderkey=[$2], revenue=[$3], o_orderdate=[$0], o_shippriority=[$1])
    ImpalaAggregateRel(group=[{2, 3, 5}], agg#0=[sum($6)])
      ImpalaJoinRel(condition=[=($5, $0)], joinType=[inner])
        ImpalaJoinRel(condition=[=($4, $1)], joinType=[inner])
          ImpalaProjectPassthroughRel(o_orderkey=[$0], o_custkey=[$1], o_orderdate=[$4], o_shippriority=[$7])
            ImpalaHdfsScanRel(table=[[default, impala_tpch_orders]], condition=[AND(<($4, _UTF-16LE'1995-03-15'), IS NOT NULL($0), IS NOT NULL($1))])
          ImpalaProjectPassthroughRel(c_custkey=[$0])
            ImpalaHdfsScanRel(table=[[default, impala_tpch_customer]], condition=[AND(=($6, _UTF-16LE'BUILDING'), IS NOT NULL($0))])
        ImpalaProjectPassthroughRel(l_orderkey=[$0], *=[*($5, -(1:DECIMAL(3, 0), $6))])
          ImpalaHdfsScanRel(table=[[default, impala_tpch_lineitem]], condition=[AND(>($10, _UTF-16LE'1995-03-15'), IS NOT NULL($0))])

PREHOOK: query: explain select
  l_orderkey,
  sum(l_extendedprice * (1 - l_discount)) as revenue,
  o_orderdate,
  o_shippriority
from
  impala_tpch_customer,
  impala_tpch_orders,
  impala_tpch_lineitem
where
  c_mktsegment = 'BUILDING'
  and c_custkey = o_custkey
  and l_orderkey = o_orderkey
  and o_orderdate < '1995-03-15'
  and l_shipdate > '1995-03-15'
group by
  l_orderkey,
  o_orderdate,
  o_shippriority
order by
  revenue desc,
  o_orderdate,
  l_orderkey
limit 10
PREHOOK: type: QUERY
PREHOOK: Input: default@impala_tpch_customer
PREHOOK: Input: default@impala_tpch_lineitem
PREHOOK: Input: default@impala_tpch_orders
PREHOOK: Output: streaming
POSTHOOK: query: explain select
  l_orderkey,
  sum(l_extendedprice * (1 - l_discount)) as revenue,
  o_orderdate,
  o_shippriority
from
  impala_tpch_customer,
  impala_tpch_orders,
  impala_tpch_lineitem
where
  c_mktsegment = 'BUILDING'
  and c_custkey = o_custkey
  and l_orderkey = o_orderkey
  and o_orderdate < '1995-03-15'
  and l_shipdate > '1995-03-15'
group by
  l_orderkey,
  o_orderdate,
  o_shippriority
order by
  revenue desc,
  o_orderdate,
  l_orderkey
limit 10
POSTHOOK: type: QUERY
POSTHOOK: Input: default@impala_tpch_customer
POSTHOOK: Input: default@impala_tpch_lineitem
POSTHOOK: Input: default@impala_tpch_orders
STAGE DEPENDENCIES:
  Stage-1 is a root stage
  Stage-0 is a root stage

STAGE PLANS:
  Stage: Stage-1
    Impala
      Impala Plan: 
F05:PLAN FRAGMENT [UNPARTITIONED] hosts=1 instances=1
Per-Host Resources: mem-estimate=44.00KB mem-reservation=0B thread-reservation=1
  PLAN-ROOT SINK
  |  output exprs: default.impala_tpch_lineitem.l_orderkey, _impala_builtins.sum(multiply(default.impala_tpch_lineitem.l_extendedprice, subtract(1, default.impala_tpch_lineitem.l_discount))), default.impala_tpch_orders.o_orderdate, default.impala_tpch_orders.o_shippriority
  |  mem-estimate=0B mem-reservation=0B thread-reservation=0
  |
  12:MERGING-EXCHANGE [UNPARTITIONED]
     order by: _impala_builtins.sum(multiply(default.impala_tpch_lineitem.l_extendedprice, subtract(1, default.impala_tpch_lineitem.l_discount))) DESC NULLS FIRST, default.impala_tpch_orders.o_orderdate ASC NULLS LAST, default.impala_tpch_lineitem.l_orderkey ASC NULLS LAST
     limit: 10
     mem-estimate=44.00KB mem-reservation=0B thread-reservation=0
     tuple-ids=8 row-size=40B cardinality=0
     in pipelines: 07(GETNEXT)

F04:PLAN FRAGMENT [RANDOM] hosts=1 instances=1
Per-Host Resources: mem-estimate=128.04MB mem-reservation=34.00MB thread-reservation=1
  DATASTREAM SINK [FRAGMENT=F05, EXCHANGE=12, UNPARTITIONED]
  |  mem-estimate=0B mem-reservation=0B thread-reservation=0
  07:TOP-N [LIMIT=10]
  |  order by: _impala_builtins.sum(multiply(default.impala_tpch_lineitem.l_extendedprice, subtract(1, default.impala_tpch_lineitem.l_discount))) DESC NULLS FIRST, default.impala_tpch_orders.o_orderdate ASC NULLS LAST, default.impala_tpch_lineitem.l_orderkey ASC NULLS LAST
  |  mem-estimate=0B mem-reservation=0B thread-reservation=0
  |  tuple-ids=8 row-size=40B cardinality=0
  |  in pipelines: 07(GETNEXT), 11(OPEN)
  |
  00:UNION
  |  pass-through-operands: all
  |  mem-estimate=0B mem-reservation=0B thread-reservation=0
  |  tuple-ids=7 row-size=40B cardinality=0
  |  in pipelines: 11(GETNEXT)
  |
  11:AGGREGATE [FINALIZE]
  |  output: _impala_builtins.sum:merge(multiply(default.impala_tpch_lineitem.l_extendedprice, subtract(1, default.impala_tpch_lineitem.l_discount)))
  |  group by: default.impala_tpch_orders.o_orderdate, default.impala_tpch_orders.o_shippriority, default.impala_tpch_lineitem.l_orderkey
  |  mem-estimate=128.00MB mem-reservation=34.00MB spill-buffer=2.00MB thread-reservation=0
  |  tuple-ids=6 row-size=40B cardinality=0
  |  in pipelines: 11(GETNEXT), 01(OPEN)
  |
  10:EXCHANGE [HASH(default.impala_tpch_orders.o_orderdate,default.impala_tpch_orders.o_shippriority,default.impala_tpch_lineitem.l_orderkey)]
     mem-estimate=44.00KB mem-reservation=0B thread-reservation=0
     tuple-ids=6 row-size=40B cardinality=0
     in pipelines: 01(GETNEXT)

F00:PLAN FRAGMENT [RANDOM] hosts=1 instances=1
Per-Host Resources: mem-estimate=131.94MB mem-reservation=37.88MB thread-reservation=1
  DATASTREAM SINK [FRAGMENT=F04, EXCHANGE=10, HASH(default.impala_tpch_orders.o_orderdate,default.impala_tpch_orders.o_shippriority,default.impala_tpch_lineitem.l_orderkey)]
  |  mem-estimate=0B mem-reservation=0B thread-reservation=0
  06:AGGREGATE [STREAMING]
  |  output: sum(multiply(default.impala_tpch_lineitem.l_extendedprice, subtract(CAST(1 AS DECIMAL(3,0)), default.impala_tpch_lineitem.l_discount)))
  |  group by: default.impala_tpch_orders.o_orderdate, default.impala_tpch_orders.o_shippriority, default.impala_tpch_lineitem.l_orderkey
  |  mem-estimate=128.00MB mem-reservation=34.00MB spill-buffer=2.00MB thread-reservation=0
  |  tuple-ids=6 row-size=40B cardinality=0
  |  in pipelines: 01(GETNEXT)
  |
  05:HASH JOIN [INNER JOIN, BROADCAST]
  |  hash predicates: default.impala_tpch_orders.o_orderkey = default.impala_tpch_lineitem.l_orderkey
  |  fk/pk conjuncts: assumed fk/pk
  |  mem-estimate=1.94MB mem-reservation=1.94MB spill-buffer=64.00KB thread-reservation=0
  |  tuple-ids=0,2,4 row-size=88B cardinality=0
  |  in pipelines: 01(GETNEXT), 04(OPEN)
  |
  |--09:EXCHANGE [BROADCAST]
  |     mem-estimate=40.00KB mem-reservation=0B thread-reservation=0
  |     tuple-ids=4 row-size=36B cardinality=0
  |     in pipelines: 04(GETNEXT)
  |
  03:HASH JOIN [INNER JOIN, BROADCAST]
  |  hash predicates: default.impala_tpch_orders.o_custkey = default.impala_tpch_customer.c_custkey
  |  fk/pk conjuncts: assumed fk/pk
  |  mem-estimate=1.94MB mem-reservation=1.94MB spill-buffer=64.00KB thread-reservation=0
  |  tuple-ids=0,2 row-size=52B cardinality=0
  |  in pipelines: 01(GETNEXT), 02(OPEN)
  |
  |--08:EXCHANGE [BROADCAST]
  |     mem-estimate=24.00KB mem-reservation=0B thread-reservation=0
  |     tuple-ids=2 row-size=20B cardinality=0
  |     in pipelines: 02(GETNEXT)
  |
  01:SCAN HDFS [default.impala_tpch_orders, RANDOM]
     HDFS partitions=1/1 files=0 size=0B
     predicates: default.impala_tpch_orders.o_custkey IS NOT NULL, default.impala_tpch_orders.o_orderkey IS NOT NULL, default.impala_tpch_orders.o_orderdate < '1995-03-15'
     stored statistics:
       table: rows=unavailable size=unavailable
       columns: unavailable
     extrapolated-rows=disabled max-scan-range-rows=0
     parquet statistics predicates: default.impala_tpch_orders.o_orderdate < '1995-03-15'
     mem-estimate=0B mem-reservation=0B thread-reservation=0
     tuple-ids=0 row-size=32B cardinality=0
     in pipelines: 01(GETNEXT)

F01:PLAN FRAGMENT [RANDOM] hosts=1 instances=1
Per-Host Resources: mem-estimate=0B mem-reservation=0B thread-reservation=1
  DATASTREAM SINK [FRAGMENT=F00, EXCHANGE=08, BROADCAST]
  |  mem-estimate=0B mem-reservation=0B thread-reservation=0
  02:SCAN HDFS [default.impala_tpch_customer, RANDOM]
     HDFS partitions=1/1 files=0 size=0B
     predicates: default.impala_tpch_customer.c_custkey IS NOT NULL, default.impala_tpch_customer.c_mktsegment = 'BUILDING'
     stored statistics:
       table: rows=unavailable size=unavailable
       columns: unavailable
     extrapolated-rows=disabled max-scan-range-rows=0
     parquet statistics predicates: default.impala_tpch_customer.c_mktsegment = 'BUILDING'
     mem-estimate=0B mem-reservation=0B thread-reservation=0
     tuple-ids=2 row-size=20B cardinality=0
     in pipelines: 02(GETNEXT)

F02:PLAN FRAGMENT [RANDOM] hosts=1 instances=1
Per-Host Resources: mem-estimate=0B mem-reservation=0B thread-reservation=1
  DATASTREAM SINK [FRAGMENT=F00, EXCHANGE=09, BROADCAST]
  |  mem-estimate=0B mem-reservation=0B thread-reservation=0
  04:SCAN HDFS [default.impala_tpch_lineitem, RANDOM]
     HDFS partitions=1/1 files=0 size=0B
     predicates: default.impala_tpch_lineitem.l_orderkey IS NOT NULL, default.impala_tpch_lineitem.l_shipdate > '1995-03-15'
     stored statistics:
       table: rows=unavailable size=unavailable
       columns: unavailable
     extrapolated-rows=disabled max-scan-range-rows=0
     parquet statistics predicates: default.impala_tpch_lineitem.l_shipdate > '1995-03-15'
     mem-estimate=0B mem-reservation=0B thread-reservation=0
     tuple-ids=4 row-size=36B cardinality=0
     in pipelines: 04(GETNEXT)


  Stage: Stage-0
    Fetch Operator
      limit: -1
      Processor Tree:
        ListSink

