PREHOOK: query: explain cbo select
  o_orderpriority,
  count(*) as order_count
from
  impala_tpch_orders
where
  o_orderdate >= '1993-07-01'
  and o_orderdate < '1993-10-01'
  and exists (
    select
      *
    from
      impala_tpch_lineitem
    where
      l_orderkey = o_orderkey
      and l_commitdate < l_receiptdate
    ) 
group by
  o_orderpriority
order by
  o_orderpriority
PREHOOK: type: QUERY
PREHOOK: Input: default@impala_tpch_lineitem
PREHOOK: Input: default@impala_tpch_orders
PREHOOK: Output: streaming
POSTHOOK: query: explain cbo select
  o_orderpriority,
  count(*) as order_count
from
  impala_tpch_orders
where
  o_orderdate >= '1993-07-01'
  and o_orderdate < '1993-10-01'
  and exists (
    select
      *
    from
      impala_tpch_lineitem
    where
      l_orderkey = o_orderkey
      and l_commitdate < l_receiptdate
    ) 
group by
  o_orderpriority
order by
  o_orderpriority
POSTHOOK: type: QUERY
POSTHOOK: Input: default@impala_tpch_lineitem
POSTHOOK: Input: default@impala_tpch_orders
CBO PLAN:
ImpalaSortRel(sort0=[$0], dir0=[ASC])
  ImpalaAggregateRel(group=[{2}], agg#0=[count()])
    ImpalaJoinRel(condition=[=($3, $0)], joinType=[semi])
      ImpalaProjectPassthroughRel(o_orderkey=[$0], o_orderdate=[$4], o_orderpriority=[$5])
        ImpalaHdfsScanRel(table=[[default, impala_tpch_orders]], condition=[AND(>=($4, _UTF-16LE'1993-07-01'), <($4, _UTF-16LE'1993-10-01'), IS NOT NULL($0))])
      ImpalaProjectPassthroughRel(l_orderkey0=[$0])
        ImpalaHdfsScanRel(table=[[default, impala_tpch_lineitem]], condition=[AND(<($11, $12), IS NOT NULL($0))])

PREHOOK: query: explain select
  o_orderpriority,
  count(*) as order_count
from
  impala_tpch_orders
where
  o_orderdate >= '1993-07-01'
  and o_orderdate < '1993-10-01'
  and exists (
    select
      *
    from
      impala_tpch_lineitem
    where
      l_orderkey = o_orderkey
      and l_commitdate < l_receiptdate
    ) 
group by
  o_orderpriority
order by
  o_orderpriority
PREHOOK: type: QUERY
PREHOOK: Input: default@impala_tpch_lineitem
PREHOOK: Input: default@impala_tpch_orders
PREHOOK: Output: streaming
POSTHOOK: query: explain select
  o_orderpriority,
  count(*) as order_count
from
  impala_tpch_orders
where
  o_orderdate >= '1993-07-01'
  and o_orderdate < '1993-10-01'
  and exists (
    select
      *
    from
      impala_tpch_lineitem
    where
      l_orderkey = o_orderkey
      and l_commitdate < l_receiptdate
    ) 
group by
  o_orderpriority
order by
  o_orderpriority
POSTHOOK: type: QUERY
POSTHOOK: Input: default@impala_tpch_lineitem
POSTHOOK: Input: default@impala_tpch_orders
STAGE DEPENDENCIES:
  Stage-1 is a root stage
  Stage-0 is a root stage

STAGE PLANS:
  Stage: Stage-1
    Impala
      Impala Plan: 
F03:PLAN FRAGMENT [UNPARTITIONED] hosts=1 instances=1
Per-Host Resources: mem-estimate=24.00KB mem-reservation=0B thread-reservation=1
  PLAN-ROOT SINK
  |  output exprs: default.impala_tpch_orders.o_orderpriority, _impala_builtins.count(*)
  |  mem-estimate=0B mem-reservation=0B thread-reservation=0
  |
  08:MERGING-EXCHANGE [UNPARTITIONED]
     order by: default.impala_tpch_orders.o_orderpriority ASC NULLS LAST
     mem-estimate=24.00KB mem-reservation=0B thread-reservation=0
     tuple-ids=5 row-size=20B cardinality=0
     in pipelines: 04(GETNEXT)

F02:PLAN FRAGMENT [HASH(default.impala_tpch_orders.o_orderpriority)] hosts=1 instances=1
Per-Host Resources: mem-estimate=140.00MB mem-reservation=46.00MB thread-reservation=1
  DATASTREAM SINK [FRAGMENT=F03, EXCHANGE=08, UNPARTITIONED]
  |  mem-estimate=0B mem-reservation=0B thread-reservation=0
  04:SORT
  |  order by: default.impala_tpch_orders.o_orderpriority ASC NULLS LAST
  |  mem-estimate=12.00MB mem-reservation=12.00MB spill-buffer=2.00MB thread-reservation=0
  |  tuple-ids=5 row-size=20B cardinality=0
  |  in pipelines: 04(GETNEXT), 07(OPEN)
  |
  07:AGGREGATE [FINALIZE]
  |  output: _impala_builtins.count:merge(*)
  |  group by: default.impala_tpch_orders.o_orderpriority
  |  mem-estimate=128.00MB mem-reservation=34.00MB spill-buffer=2.00MB thread-reservation=0
  |  tuple-ids=4 row-size=20B cardinality=0
  |  in pipelines: 07(GETNEXT), 00(OPEN)
  |
  06:EXCHANGE [HASH(default.impala_tpch_orders.o_orderpriority)]
     mem-estimate=24.00KB mem-reservation=0B thread-reservation=0
     tuple-ids=4 row-size=20B cardinality=0
     in pipelines: 00(GETNEXT)

F00:PLAN FRAGMENT [RANDOM] hosts=1 instances=1
Per-Host Resources: mem-estimate=129.97MB mem-reservation=35.94MB thread-reservation=1
  DATASTREAM SINK [FRAGMENT=F02, EXCHANGE=06, HASH(default.impala_tpch_orders.o_orderpriority)]
  |  mem-estimate=0B mem-reservation=0B thread-reservation=0
  03:AGGREGATE [STREAMING]
  |  output: count(*)
  |  group by: default.impala_tpch_orders.o_orderpriority
  |  mem-estimate=128.00MB mem-reservation=34.00MB spill-buffer=2.00MB thread-reservation=0
  |  tuple-ids=4 row-size=20B cardinality=0
  |  in pipelines: 00(GETNEXT)
  |
  02:HASH JOIN [LEFT SEMI JOIN, BROADCAST]
  |  hash predicates: default.impala_tpch_orders.o_orderkey = default.impala_tpch_lineitem.l_orderkey
  |  mem-estimate=1.94MB mem-reservation=1.94MB spill-buffer=64.00KB thread-reservation=0
  |  tuple-ids=0 row-size=32B cardinality=0
  |  in pipelines: 00(GETNEXT), 01(OPEN)
  |
  |--05:EXCHANGE [BROADCAST]
  |     mem-estimate=36.00KB mem-reservation=0B thread-reservation=0
  |     tuple-ids=2 row-size=32B cardinality=0
  |     in pipelines: 01(GETNEXT)
  |
  00:SCAN HDFS [default.impala_tpch_orders, RANDOM]
     HDFS partitions=1/1 files=0 size=0B
     predicates: default.impala_tpch_orders.o_orderkey IS NOT NULL, default.impala_tpch_orders.o_orderdate < '1993-10-01', default.impala_tpch_orders.o_orderdate >= '1993-07-01'
     stored statistics:
       table: rows=unavailable size=unavailable
       columns: unavailable
     extrapolated-rows=disabled max-scan-range-rows=0
     parquet statistics predicates: default.impala_tpch_orders.o_orderdate < '1993-10-01', default.impala_tpch_orders.o_orderdate >= '1993-07-01'
     mem-estimate=0B mem-reservation=0B thread-reservation=0
     tuple-ids=0 row-size=32B cardinality=0
     in pipelines: 00(GETNEXT)

F01:PLAN FRAGMENT [RANDOM] hosts=1 instances=1
Per-Host Resources: mem-estimate=0B mem-reservation=0B thread-reservation=1
  DATASTREAM SINK [FRAGMENT=F00, EXCHANGE=05, BROADCAST]
  |  mem-estimate=0B mem-reservation=0B thread-reservation=0
  01:SCAN HDFS [default.impala_tpch_lineitem, RANDOM]
     HDFS partitions=1/1 files=0 size=0B
     predicates: default.impala_tpch_lineitem.l_orderkey IS NOT NULL, default.impala_tpch_lineitem.l_commitdate < default.impala_tpch_lineitem.l_receiptdate
     stored statistics:
       table: rows=unavailable size=unavailable
       columns: unavailable
     extrapolated-rows=disabled max-scan-range-rows=0
     mem-estimate=0B mem-reservation=0B thread-reservation=0
     tuple-ids=2 row-size=32B cardinality=0
     in pipelines: 01(GETNEXT)


  Stage: Stage-0
    Fetch Operator
      limit: -1
      Processor Tree:
        ListSink

