PREHOOK: query: explain cbo physical select
  n_name,
  sum(l_extendedprice * (1 - l_discount)) as revenue
from
  impala_tpch_customer,
  impala_tpch_orders,
  impala_tpch_lineitem,
  impala_tpch_supplier,
  impala_tpch_nation,
  impala_tpch_region
where
  c_custkey = o_custkey
  and l_orderkey = o_orderkey
  and l_suppkey = s_suppkey
  and c_nationkey = s_nationkey
  and s_nationkey = n_nationkey
  and n_regionkey = r_regionkey
  and r_name = 'ASIA'
  and o_orderdate >= '1994-01-01'
  and o_orderdate < '1995-01-01'
group by
  n_name
order by
  revenue desc
PREHOOK: type: QUERY
PREHOOK: Input: default@impala_tpch_customer
PREHOOK: Input: default@impala_tpch_lineitem
PREHOOK: Input: default@impala_tpch_nation
PREHOOK: Input: default@impala_tpch_orders
PREHOOK: Input: default@impala_tpch_region
PREHOOK: Input: default@impala_tpch_supplier
PREHOOK: Output: streaming
POSTHOOK: query: explain cbo physical select
  n_name,
  sum(l_extendedprice * (1 - l_discount)) as revenue
from
  impala_tpch_customer,
  impala_tpch_orders,
  impala_tpch_lineitem,
  impala_tpch_supplier,
  impala_tpch_nation,
  impala_tpch_region
where
  c_custkey = o_custkey
  and l_orderkey = o_orderkey
  and l_suppkey = s_suppkey
  and c_nationkey = s_nationkey
  and s_nationkey = n_nationkey
  and n_regionkey = r_regionkey
  and r_name = 'ASIA'
  and o_orderdate >= '1994-01-01'
  and o_orderdate < '1995-01-01'
group by
  n_name
order by
  revenue desc
POSTHOOK: type: QUERY
POSTHOOK: Input: default@impala_tpch_customer
POSTHOOK: Input: default@impala_tpch_lineitem
POSTHOOK: Input: default@impala_tpch_nation
POSTHOOK: Input: default@impala_tpch_orders
POSTHOOK: Input: default@impala_tpch_region
POSTHOOK: Input: default@impala_tpch_supplier
CBO PLAN:
ImpalaSortRel(sort0=[$1], dir0=[DESC])
  ImpalaAggregateRel(group=[{8}], agg#0=[sum($6)])
    ImpalaJoinRel(condition=[AND(=($5, $11), =($1, $12))], joinType=[inner])
      ImpalaJoinRel(condition=[=($4, $2)], joinType=[inner])
        ImpalaJoinRel(condition=[=($0, $3)], joinType=[inner])
          ImpalaProjectPassthroughRel(c_custkey=[$0], c_nationkey=[$3])
            ImpalaHdfsScanRel(table=[[default, impala_tpch_customer]], condition=[AND(IS NOT NULL($3), IS NOT NULL($0))])
          ImpalaProjectPassthroughRel(o_orderkey=[$0], o_custkey=[$1])
            ImpalaHdfsScanRel(table=[[default, impala_tpch_orders]], condition=[AND(>=($4, _UTF-16LE'1994-01-01'), <($4, _UTF-16LE'1995-01-01'), IS NOT NULL($0), IS NOT NULL($1))])
        ImpalaProjectPassthroughRel(l_orderkey=[$0], l_suppkey=[$2], *=[*($5, -(1:DECIMAL(3, 0), $6))])
          ImpalaHdfsScanRel(table=[[default, impala_tpch_lineitem]], condition=[AND(IS NOT NULL($2), IS NOT NULL($0))])
      ImpalaJoinRel(condition=[=($5, $0)], joinType=[inner])
        ImpalaJoinRel(condition=[=($2, $3)], joinType=[inner])
          ImpalaProjectPassthroughRel(n_nationkey=[$0], n_name=[$1], n_regionkey=[$2])
            ImpalaHdfsScanRel(table=[[default, impala_tpch_nation]], condition=[AND(IS NOT NULL($2), IS NOT NULL($0))])
          ImpalaProjectPassthroughRel(r_regionkey=[$0])
            ImpalaHdfsScanRel(table=[[default, impala_tpch_region]], condition=[AND(=($1, _UTF-16LE'ASIA'), IS NOT NULL($0))])
        ImpalaProjectPassthroughRel(s_suppkey=[$0], s_nationkey=[$3])
          ImpalaHdfsScanRel(table=[[default, impala_tpch_supplier]], condition=[AND(IS NOT NULL($0), IS NOT NULL($3))])

PREHOOK: query: explain select
  n_name,
  sum(l_extendedprice * (1 - l_discount)) as revenue
from
  impala_tpch_customer,
  impala_tpch_orders,
  impala_tpch_lineitem,
  impala_tpch_supplier,
  impala_tpch_nation,
  impala_tpch_region
where
  c_custkey = o_custkey
  and l_orderkey = o_orderkey
  and l_suppkey = s_suppkey
  and c_nationkey = s_nationkey
  and s_nationkey = n_nationkey
  and n_regionkey = r_regionkey
  and r_name = 'ASIA'
  and o_orderdate >= '1994-01-01'
  and o_orderdate < '1995-01-01'
group by
  n_name
order by
  revenue desc
PREHOOK: type: QUERY
PREHOOK: Input: default@impala_tpch_customer
PREHOOK: Input: default@impala_tpch_lineitem
PREHOOK: Input: default@impala_tpch_nation
PREHOOK: Input: default@impala_tpch_orders
PREHOOK: Input: default@impala_tpch_region
PREHOOK: Input: default@impala_tpch_supplier
PREHOOK: Output: streaming
POSTHOOK: query: explain select
  n_name,
  sum(l_extendedprice * (1 - l_discount)) as revenue
from
  impala_tpch_customer,
  impala_tpch_orders,
  impala_tpch_lineitem,
  impala_tpch_supplier,
  impala_tpch_nation,
  impala_tpch_region
where
  c_custkey = o_custkey
  and l_orderkey = o_orderkey
  and l_suppkey = s_suppkey
  and c_nationkey = s_nationkey
  and s_nationkey = n_nationkey
  and n_regionkey = r_regionkey
  and r_name = 'ASIA'
  and o_orderdate >= '1994-01-01'
  and o_orderdate < '1995-01-01'
group by
  n_name
order by
  revenue desc
POSTHOOK: type: QUERY
POSTHOOK: Input: default@impala_tpch_customer
POSTHOOK: Input: default@impala_tpch_lineitem
POSTHOOK: Input: default@impala_tpch_nation
POSTHOOK: Input: default@impala_tpch_orders
POSTHOOK: Input: default@impala_tpch_region
POSTHOOK: Input: default@impala_tpch_supplier
STAGE DEPENDENCIES:
  Stage-1 is a root stage
  Stage-0 is a root stage

STAGE PLANS:
  Stage: Stage-1
    Impala
      Impala Plan: 
F07:PLAN FRAGMENT [UNPARTITIONED] hosts=1 instances=1
Per-Host Resources: mem-estimate=32.00KB mem-reservation=0B thread-reservation=1
  PLAN-ROOT SINK
  |  output exprs: default.impala_tpch_nation.n_name, _impala_builtins.sum(multiply(default.impala_tpch_lineitem.l_extendedprice, subtract(1, default.impala_tpch_lineitem.l_discount)))
  |  mem-estimate=0B mem-reservation=0B thread-reservation=0
  |
  20:MERGING-EXCHANGE [UNPARTITIONED]
     order by: _impala_builtins.sum(multiply(default.impala_tpch_lineitem.l_extendedprice, subtract(1, default.impala_tpch_lineitem.l_discount))) DESC NULLS FIRST
     mem-estimate=32.00KB mem-reservation=0B thread-reservation=0
     tuple-ids=13 row-size=28B cardinality=0
     in pipelines: 12(GETNEXT)

F06:PLAN FRAGMENT [HASH(default.impala_tpch_nation.n_name)] hosts=1 instances=1
Per-Host Resources: mem-estimate=140.00MB mem-reservation=46.00MB thread-reservation=1
  DATASTREAM SINK [FRAGMENT=F07, EXCHANGE=20, UNPARTITIONED]
  |  mem-estimate=0B mem-reservation=0B thread-reservation=0
  12:SORT
  |  order by: _impala_builtins.sum(multiply(default.impala_tpch_lineitem.l_extendedprice, subtract(1, default.impala_tpch_lineitem.l_discount))) DESC NULLS FIRST
  |  mem-estimate=12.00MB mem-reservation=12.00MB spill-buffer=2.00MB thread-reservation=0
  |  tuple-ids=13 row-size=28B cardinality=0
  |  in pipelines: 12(GETNEXT), 19(OPEN)
  |
  19:AGGREGATE [FINALIZE]
  |  output: _impala_builtins.sum:merge(multiply(default.impala_tpch_lineitem.l_extendedprice, subtract(1, default.impala_tpch_lineitem.l_discount)))
  |  group by: default.impala_tpch_nation.n_name
  |  mem-estimate=128.00MB mem-reservation=34.00MB spill-buffer=2.00MB thread-reservation=0
  |  tuple-ids=12 row-size=28B cardinality=0
  |  in pipelines: 19(GETNEXT), 00(OPEN)
  |
  18:EXCHANGE [HASH(default.impala_tpch_nation.n_name)]
     mem-estimate=32.00KB mem-reservation=0B thread-reservation=0
     tuple-ids=12 row-size=28B cardinality=0
     in pipelines: 00(GETNEXT)

F00:PLAN FRAGMENT [RANDOM] hosts=1 instances=1
Per-Host Resources: mem-estimate=133.93MB mem-reservation=39.81MB thread-reservation=1
  DATASTREAM SINK [FRAGMENT=F06, EXCHANGE=18, HASH(default.impala_tpch_nation.n_name)]
  |  mem-estimate=0B mem-reservation=0B thread-reservation=0
  11:AGGREGATE [STREAMING]
  |  output: sum(multiply(default.impala_tpch_lineitem.l_extendedprice, subtract(CAST(1 AS DECIMAL(3,0)), default.impala_tpch_lineitem.l_discount)))
  |  group by: default.impala_tpch_nation.n_name
  |  mem-estimate=128.00MB mem-reservation=34.00MB spill-buffer=2.00MB thread-reservation=0
  |  tuple-ids=12 row-size=28B cardinality=0
  |  in pipelines: 00(GETNEXT)
  |
  10:HASH JOIN [INNER JOIN, BROADCAST]
  |  hash predicates: default.impala_tpch_customer.c_nationkey = default.impala_tpch_supplier.s_nationkey, default.impala_tpch_lineitem.l_suppkey = default.impala_tpch_supplier.s_suppkey
  |  fk/pk conjuncts: assumed fk/pk
  |  mem-estimate=1.94MB mem-reservation=1.94MB spill-buffer=64.00KB thread-reservation=0
  |  tuple-ids=0,2,4,6,8,10 row-size=110B cardinality=0
  |  in pipelines: 00(GETNEXT), 05(OPEN)
  |
  |--17:EXCHANGE [BROADCAST]
  |     mem-estimate=52.00KB mem-reservation=0B thread-reservation=0
  |     tuple-ids=6,8,10 row-size=40B cardinality=0
  |     in pipelines: 05(GETNEXT)
  |
  04:HASH JOIN [INNER JOIN, BROADCAST]
  |  hash predicates: default.impala_tpch_orders.o_orderkey = default.impala_tpch_lineitem.l_orderkey
  |  fk/pk conjuncts: assumed fk/pk
  |  mem-estimate=1.94MB mem-reservation=1.94MB spill-buffer=64.00KB thread-reservation=0
  |  tuple-ids=0,2,4 row-size=70B cardinality=0
  |  in pipelines: 00(GETNEXT), 03(OPEN)
  |
  |--14:EXCHANGE [BROADCAST]
  |     mem-estimate=36.00KB mem-reservation=0B thread-reservation=0
  |     tuple-ids=4 row-size=32B cardinality=0
  |     in pipelines: 03(GETNEXT)
  |
  02:HASH JOIN [INNER JOIN, BROADCAST]
  |  hash predicates: default.impala_tpch_customer.c_custkey = default.impala_tpch_orders.o_custkey
  |  fk/pk conjuncts: assumed fk/pk
  |  mem-estimate=1.94MB mem-reservation=1.94MB spill-buffer=64.00KB thread-reservation=0
  |  tuple-ids=0,2 row-size=38B cardinality=0
  |  in pipelines: 00(GETNEXT), 01(OPEN)
  |
  |--13:EXCHANGE [BROADCAST]
  |     mem-estimate=32.00KB mem-reservation=0B thread-reservation=0
  |     tuple-ids=2 row-size=28B cardinality=0
  |     in pipelines: 01(GETNEXT)
  |
  00:SCAN HDFS [default.impala_tpch_customer, RANDOM]
     HDFS partitions=1/1 files=0 size=0B
     predicates: default.impala_tpch_customer.c_custkey IS NOT NULL, default.impala_tpch_customer.c_nationkey IS NOT NULL
     stored statistics:
       table: rows=unavailable size=unavailable
       columns: unavailable
     extrapolated-rows=disabled max-scan-range-rows=0
     mem-estimate=0B mem-reservation=0B thread-reservation=0
     tuple-ids=0 row-size=10B cardinality=0
     in pipelines: 00(GETNEXT)

F01:PLAN FRAGMENT [RANDOM] hosts=1 instances=1
Per-Host Resources: mem-estimate=0B mem-reservation=0B thread-reservation=1
  DATASTREAM SINK [FRAGMENT=F00, EXCHANGE=13, BROADCAST]
  |  mem-estimate=0B mem-reservation=0B thread-reservation=0
  01:SCAN HDFS [default.impala_tpch_orders, RANDOM]
     HDFS partitions=1/1 files=0 size=0B
     predicates: default.impala_tpch_orders.o_custkey IS NOT NULL, default.impala_tpch_orders.o_orderkey IS NOT NULL, default.impala_tpch_orders.o_orderdate < '1995-01-01', default.impala_tpch_orders.o_orderdate >= '1994-01-01'
     stored statistics:
       table: rows=unavailable size=unavailable
       columns: unavailable
     extrapolated-rows=disabled max-scan-range-rows=0
     parquet statistics predicates: default.impala_tpch_orders.o_orderdate < '1995-01-01', default.impala_tpch_orders.o_orderdate >= '1994-01-01'
     mem-estimate=0B mem-reservation=0B thread-reservation=0
     tuple-ids=2 row-size=28B cardinality=0
     in pipelines: 01(GETNEXT)

F02:PLAN FRAGMENT [RANDOM] hosts=1 instances=1
Per-Host Resources: mem-estimate=0B mem-reservation=0B thread-reservation=1
  DATASTREAM SINK [FRAGMENT=F00, EXCHANGE=14, BROADCAST]
  |  mem-estimate=0B mem-reservation=0B thread-reservation=0
  03:SCAN HDFS [default.impala_tpch_lineitem, RANDOM]
     HDFS partitions=1/1 files=0 size=0B
     predicates: default.impala_tpch_lineitem.l_orderkey IS NOT NULL, default.impala_tpch_lineitem.l_suppkey IS NOT NULL
     stored statistics:
       table: rows=unavailable size=unavailable
       columns: unavailable
     extrapolated-rows=disabled max-scan-range-rows=0
     mem-estimate=0B mem-reservation=0B thread-reservation=0
     tuple-ids=4 row-size=32B cardinality=0
     in pipelines: 03(GETNEXT)

F03:PLAN FRAGMENT [RANDOM] hosts=1 instances=1
Per-Host Resources: mem-estimate=3.91MB mem-reservation=3.88MB thread-reservation=1
  DATASTREAM SINK [FRAGMENT=F00, EXCHANGE=17, BROADCAST]
  |  mem-estimate=0B mem-reservation=0B thread-reservation=0
  09:HASH JOIN [INNER JOIN, BROADCAST]
  |  hash predicates: default.impala_tpch_nation.n_nationkey = default.impala_tpch_supplier.s_nationkey
  |  fk/pk conjuncts: assumed fk/pk
  |  mem-estimate=1.94MB mem-reservation=1.94MB spill-buffer=64.00KB thread-reservation=0
  |  tuple-ids=6,8,10 row-size=40B cardinality=0
  |  in pipelines: 05(GETNEXT), 08(OPEN)
  |
  |--16:EXCHANGE [BROADCAST]
  |     mem-estimate=16.00KB mem-reservation=0B thread-reservation=0
  |     tuple-ids=10 row-size=10B cardinality=0
  |     in pipelines: 08(GETNEXT)
  |
  07:HASH JOIN [INNER JOIN, BROADCAST]
  |  hash predicates: default.impala_tpch_nation.n_regionkey = default.impala_tpch_region.r_regionkey
  |  fk/pk conjuncts: assumed fk/pk
  |  mem-estimate=1.94MB mem-reservation=1.94MB spill-buffer=64.00KB thread-reservation=0
  |  tuple-ids=6,8 row-size=30B cardinality=0
  |  in pipelines: 05(GETNEXT), 06(OPEN)
  |
  |--15:EXCHANGE [BROADCAST]
  |     mem-estimate=18.00KB mem-reservation=0B thread-reservation=0
  |     tuple-ids=8 row-size=14B cardinality=0
  |     in pipelines: 06(GETNEXT)
  |
  05:SCAN HDFS [default.impala_tpch_nation, RANDOM]
     HDFS partitions=1/1 files=0 size=0B
     predicates: default.impala_tpch_nation.n_nationkey IS NOT NULL, default.impala_tpch_nation.n_regionkey IS NOT NULL
     stored statistics:
       table: rows=unavailable size=unavailable
       columns: unavailable
     extrapolated-rows=disabled max-scan-range-rows=0
     mem-estimate=0B mem-reservation=0B thread-reservation=0
     tuple-ids=6 row-size=16B cardinality=0
     in pipelines: 05(GETNEXT)

F04:PLAN FRAGMENT [RANDOM] hosts=1 instances=1
Per-Host Resources: mem-estimate=0B mem-reservation=0B thread-reservation=1
  DATASTREAM SINK [FRAGMENT=F03, EXCHANGE=15, BROADCAST]
  |  mem-estimate=0B mem-reservation=0B thread-reservation=0
  06:SCAN HDFS [default.impala_tpch_region, RANDOM]
     HDFS partitions=1/1 files=0 size=0B
     predicates: default.impala_tpch_region.r_regionkey IS NOT NULL, default.impala_tpch_region.r_name = 'ASIA'
     stored statistics:
       table: rows=unavailable size=unavailable
       columns: unavailable
     extrapolated-rows=disabled max-scan-range-rows=0
     parquet statistics predicates: default.impala_tpch_region.r_name = 'ASIA'
     mem-estimate=0B mem-reservation=0B thread-reservation=0
     tuple-ids=8 row-size=14B cardinality=0
     in pipelines: 06(GETNEXT)

F05:PLAN FRAGMENT [RANDOM] hosts=1 instances=1
Per-Host Resources: mem-estimate=0B mem-reservation=0B thread-reservation=1
  DATASTREAM SINK [FRAGMENT=F03, EXCHANGE=16, BROADCAST]
  |  mem-estimate=0B mem-reservation=0B thread-reservation=0
  08:SCAN HDFS [default.impala_tpch_supplier, RANDOM]
     HDFS partitions=1/1 files=0 size=0B
     predicates: default.impala_tpch_supplier.s_nationkey IS NOT NULL, default.impala_tpch_supplier.s_suppkey IS NOT NULL
     stored statistics:
       table: rows=unavailable size=unavailable
       columns: unavailable
     extrapolated-rows=disabled max-scan-range-rows=0
     mem-estimate=0B mem-reservation=0B thread-reservation=0
     tuple-ids=10 row-size=10B cardinality=0
     in pipelines: 08(GETNEXT)


  Stage: Stage-0
    Fetch Operator
      limit: -1
      Processor Tree:
        ListSink

