PREHOOK: query: explain cbo select
  o_year,
  sum(case
    when nation = 'BRAZIL'
    then volume
    else 0
  end) / sum(volume) as mkt_share
from (
  select
    year(o_orderdate) as o_year,
    l_extendedprice * (1 - l_discount) as volume,
    n2.n_name as nation
  from
    impala_tpch_part,
    impala_tpch_supplier,
    impala_tpch_lineitem,
    impala_tpch_orders,
    impala_tpch_customer,
    impala_tpch_nation n1,
    impala_tpch_nation n2,
    impala_tpch_region
  where 
    p_partkey = l_partkey
    and s_suppkey = l_suppkey
    and l_orderkey = o_orderkey
    and o_custkey = c_custkey
    and c_nationkey = n1.n_nationkey
    and n1.n_regionkey = r_regionkey
    and r_name = 'AMERICA' 
    and s_nationkey = n2.n_nationkey
    and o_orderdate between '1995-01-01' and '1996-12-31'
    and p_type = 'ECONOMY ANODIZED STEEL'
  ) as all_nations
group by
  o_year
order by
  o_year
PREHOOK: type: QUERY
PREHOOK: Input: default@impala_tpch_customer
PREHOOK: Input: default@impala_tpch_lineitem
PREHOOK: Input: default@impala_tpch_nation
PREHOOK: Input: default@impala_tpch_orders
PREHOOK: Input: default@impala_tpch_part
PREHOOK: Input: default@impala_tpch_region
PREHOOK: Input: default@impala_tpch_supplier
PREHOOK: Output: hdfs://### HDFS PATH ###
POSTHOOK: query: explain cbo select
  o_year,
  sum(case
    when nation = 'BRAZIL'
    then volume
    else 0
  end) / sum(volume) as mkt_share
from (
  select
    year(o_orderdate) as o_year,
    l_extendedprice * (1 - l_discount) as volume,
    n2.n_name as nation
  from
    impala_tpch_part,
    impala_tpch_supplier,
    impala_tpch_lineitem,
    impala_tpch_orders,
    impala_tpch_customer,
    impala_tpch_nation n1,
    impala_tpch_nation n2,
    impala_tpch_region
  where 
    p_partkey = l_partkey
    and s_suppkey = l_suppkey
    and l_orderkey = o_orderkey
    and o_custkey = c_custkey
    and c_nationkey = n1.n_nationkey
    and n1.n_regionkey = r_regionkey
    and r_name = 'AMERICA' 
    and s_nationkey = n2.n_nationkey
    and o_orderdate between '1995-01-01' and '1996-12-31'
    and p_type = 'ECONOMY ANODIZED STEEL'
  ) as all_nations
group by
  o_year
order by
  o_year
POSTHOOK: type: QUERY
POSTHOOK: Input: default@impala_tpch_customer
POSTHOOK: Input: default@impala_tpch_lineitem
POSTHOOK: Input: default@impala_tpch_nation
POSTHOOK: Input: default@impala_tpch_orders
POSTHOOK: Input: default@impala_tpch_part
POSTHOOK: Input: default@impala_tpch_region
POSTHOOK: Input: default@impala_tpch_supplier
POSTHOOK: Output: hdfs://### HDFS PATH ###
CBO PLAN:
ImpalaSortRel(sort0=[$0], dir0=[ASC])
  ImpalaProjectRel(o_year=[$0], mkt_share=[/($1, $2)])
    ImpalaAggregateRel(group=[{0}], agg#0=[sum($1)], agg#1=[sum($2)])
      ImpalaProjectPassthroughRel($f0=[$11], $f1=[CASE(=($8, _UTF-16LE'BRAZIL'), $3, 0:DECIMAL(3, 0))], $f2=[$3])
        ImpalaJoinRel(condition=[=($0, $9)], joinType=[inner])
          ImpalaJoinRel(condition=[=($5, $2)], joinType=[inner])
            ImpalaJoinRel(condition=[=($4, $1)], joinType=[inner])
              ImpalaProjectPassthroughRel(l_orderkey=[$0], l_partkey=[$1], l_suppkey=[$2], *=[*($5, -(1:DECIMAL(3, 0), $6))])
                ImpalaHdfsScanRel(table=[[default, impala_tpch_lineitem]], condition=[AND(IS NOT NULL($1), IS NOT NULL($2), IS NOT NULL($0))])
              ImpalaProjectPassthroughRel(p_partkey=[$0])
                ImpalaHdfsScanRel(table=[[default, impala_tpch_part]], condition=[AND(=($4, _UTF-16LE'ECONOMY ANODIZED STEEL'), IS NOT NULL($0))])
            ImpalaJoinRel(condition=[=($1, $2)], joinType=[inner])
              ImpalaProjectPassthroughRel(s_suppkey=[$0], s_nationkey=[$3])
                ImpalaHdfsScanRel(table=[[default, impala_tpch_supplier]], condition=[AND(IS NOT NULL($0), IS NOT NULL($3))])
              ImpalaProjectPassthroughRel(n_nationkey=[$0], n_name=[$1])
                ImpalaHdfsScanRel(table=[[default, impala_tpch_nation]], condition=[IS NOT NULL($0)])
          ImpalaJoinRel(condition=[=($4, $5)], joinType=[inner])
            ImpalaJoinRel(condition=[=($1, $3)], joinType=[inner])
              ImpalaProjectPassthroughRel(o_orderkey=[$0], o_custkey=[$1], YEAR=[YEAR(FLAG(YEAR), CAST($4):DATE)])
                ImpalaHdfsScanRel(table=[[default, impala_tpch_orders]], condition=[AND(BETWEEN(false, $4, _UTF-16LE'1995-01-01':VARCHAR(2147483647) CHARACTER SET "UTF-16LE", _UTF-16LE'1996-12-31':VARCHAR(2147483647) CHARACTER SET "UTF-16LE"), IS NOT NULL($0), IS NOT NULL($1))])
              ImpalaProjectPassthroughRel(c_custkey=[$0], c_nationkey=[$3])
                ImpalaHdfsScanRel(table=[[default, impala_tpch_customer]], condition=[AND(IS NOT NULL($0), IS NOT NULL($3))])
            ImpalaJoinRel(condition=[=($1, $2)], joinType=[inner])
              ImpalaProjectPassthroughRel(n_nationkey=[$0], n_regionkey=[$2])
                ImpalaHdfsScanRel(table=[[default, impala_tpch_nation]], condition=[AND(IS NOT NULL($0), IS NOT NULL($2))])
              ImpalaProjectPassthroughRel(r_regionkey=[$0])
                ImpalaHdfsScanRel(table=[[default, impala_tpch_region]], condition=[AND(=($1, _UTF-16LE'AMERICA'), IS NOT NULL($0))])

PREHOOK: query: explain select
  o_year,
  sum(case
    when nation = 'BRAZIL'
    then volume
    else 0
  end) / sum(volume) as mkt_share
from (
  select
    year(o_orderdate) as o_year,
    l_extendedprice * (1 - l_discount) as volume,
    n2.n_name as nation
  from
    impala_tpch_part,
    impala_tpch_supplier,
    impala_tpch_lineitem,
    impala_tpch_orders,
    impala_tpch_customer,
    impala_tpch_nation n1,
    impala_tpch_nation n2,
    impala_tpch_region
  where 
    p_partkey = l_partkey
    and s_suppkey = l_suppkey
    and l_orderkey = o_orderkey
    and o_custkey = c_custkey
    and c_nationkey = n1.n_nationkey
    and n1.n_regionkey = r_regionkey
    and r_name = 'AMERICA' 
    and s_nationkey = n2.n_nationkey
    and o_orderdate between '1995-01-01' and '1996-12-31'
    and p_type = 'ECONOMY ANODIZED STEEL'
  ) as all_nations
group by
  o_year
order by
  o_year
PREHOOK: type: QUERY
PREHOOK: Input: default@impala_tpch_customer
PREHOOK: Input: default@impala_tpch_lineitem
PREHOOK: Input: default@impala_tpch_nation
PREHOOK: Input: default@impala_tpch_orders
PREHOOK: Input: default@impala_tpch_part
PREHOOK: Input: default@impala_tpch_region
PREHOOK: Input: default@impala_tpch_supplier
PREHOOK: Output: hdfs://### HDFS PATH ###
POSTHOOK: query: explain select
  o_year,
  sum(case
    when nation = 'BRAZIL'
    then volume
    else 0
  end) / sum(volume) as mkt_share
from (
  select
    year(o_orderdate) as o_year,
    l_extendedprice * (1 - l_discount) as volume,
    n2.n_name as nation
  from
    impala_tpch_part,
    impala_tpch_supplier,
    impala_tpch_lineitem,
    impala_tpch_orders,
    impala_tpch_customer,
    impala_tpch_nation n1,
    impala_tpch_nation n2,
    impala_tpch_region
  where 
    p_partkey = l_partkey
    and s_suppkey = l_suppkey
    and l_orderkey = o_orderkey
    and o_custkey = c_custkey
    and c_nationkey = n1.n_nationkey
    and n1.n_regionkey = r_regionkey
    and r_name = 'AMERICA' 
    and s_nationkey = n2.n_nationkey
    and o_orderdate between '1995-01-01' and '1996-12-31'
    and p_type = 'ECONOMY ANODIZED STEEL'
  ) as all_nations
group by
  o_year
order by
  o_year
POSTHOOK: type: QUERY
POSTHOOK: Input: default@impala_tpch_customer
POSTHOOK: Input: default@impala_tpch_lineitem
POSTHOOK: Input: default@impala_tpch_nation
POSTHOOK: Input: default@impala_tpch_orders
POSTHOOK: Input: default@impala_tpch_part
POSTHOOK: Input: default@impala_tpch_region
POSTHOOK: Input: default@impala_tpch_supplier
POSTHOOK: Output: hdfs://### HDFS PATH ###
STAGE DEPENDENCIES:
  Stage-1 is a root stage
  Stage-0 is a root stage

STAGE PLANS:
  Stage: Stage-1
    Impala
      Impala Plan: 
F10:PLAN FRAGMENT [UNPARTITIONED] hosts=1 instances=1
Per-Host Resources: mem-estimate=24.00KB mem-reservation=0B thread-reservation=1
  PLAN-ROOT SINK
  |  output exprs: o_year, mkt_share
  |  mem-estimate=0B mem-reservation=0B thread-reservation=0
  |
  27:MERGING-EXCHANGE [UNPARTITIONED]
     order by: o_year ASC NULLS LAST
     mem-estimate=24.00KB mem-reservation=0B thread-reservation=0
     tuple-ids=18 row-size=20B cardinality=0
     in pipelines: 17(GETNEXT)

F09:PLAN FRAGMENT [RANDOM] hosts=1 instances=1
Per-Host Resources: mem-estimate=134.04MB mem-reservation=40.00MB thread-reservation=1
  DATASTREAM SINK [FRAGMENT=F10, EXCHANGE=27, UNPARTITIONED]
  |  mem-estimate=0B mem-reservation=0B thread-reservation=0
  17:SORT
  |  order by: o_year ASC NULLS LAST
  |  mem-estimate=6.00MB mem-reservation=6.00MB spill-buffer=2.00MB thread-reservation=0
  |  tuple-ids=18 row-size=20B cardinality=0
  |  in pipelines: 17(GETNEXT), 26(OPEN)
  |
  00:UNION
  |  mem-estimate=0B mem-reservation=0B thread-reservation=0
  |  tuple-ids=17 row-size=20B cardinality=0
  |  in pipelines: 26(GETNEXT)
  |
  26:AGGREGATE [FINALIZE]
  |  output: _impala_builtins.sum:merge(CASE WHEN n2.n_name = 'BRAZIL' THEN multiply(default.impala_tpch_lineitem.l_extendedprice, subtract(1, default.impala_tpch_lineitem.l_discount)) ELSE 0 END), _impala_builtins.sum:merge(multiply(default.impala_tpch_lineitem.l_extendedprice, subtract(1, default.impala_tpch_lineitem.l_discount)))
  |  group by: year(casttodate(default.impala_tpch_orders.o_orderdate))
  |  mem-estimate=128.00MB mem-reservation=34.00MB spill-buffer=2.00MB thread-reservation=0
  |  tuple-ids=16 row-size=36B cardinality=0
  |  in pipelines: 26(GETNEXT), 01(OPEN)
  |
  25:EXCHANGE [HASH(year(casttodate(default.impala_tpch_orders.o_orderdate)))]
     mem-estimate=40.00KB mem-reservation=0B thread-reservation=0
     tuple-ids=16 row-size=36B cardinality=0
     in pipelines: 01(GETNEXT)

F00:PLAN FRAGMENT [RANDOM] hosts=1 instances=1
Per-Host Resources: mem-estimate=133.94MB mem-reservation=39.81MB thread-reservation=1
  DATASTREAM SINK [FRAGMENT=F09, EXCHANGE=25, HASH(year(casttodate(default.impala_tpch_orders.o_orderdate)))]
  |  mem-estimate=0B mem-reservation=0B thread-reservation=0
  16:AGGREGATE [STREAMING]
  |  output: sum(CASE WHEN n2.n_name = 'BRAZIL' THEN multiply(default.impala_tpch_lineitem.l_extendedprice, subtract(CAST(1 AS DECIMAL(3,0)), default.impala_tpch_lineitem.l_discount)) ELSE CAST(0 AS DECIMAL(3,0)) END), sum(multiply(default.impala_tpch_lineitem.l_extendedprice, subtract(CAST(1 AS DECIMAL(3,0)), default.impala_tpch_lineitem.l_discount)))
  |  group by: year(casttodate(default.impala_tpch_orders.o_orderdate))
  |  mem-estimate=128.00MB mem-reservation=34.00MB spill-buffer=2.00MB thread-reservation=0
  |  tuple-ids=16 row-size=36B cardinality=0
  |  in pipelines: 01(GETNEXT)
  |
  15:HASH JOIN [INNER JOIN, BROADCAST]
  |  hash predicates: default.impala_tpch_lineitem.l_orderkey = default.impala_tpch_orders.o_orderkey
  |  fk/pk conjuncts: assumed fk/pk
  |  mem-estimate=1.94MB mem-reservation=1.94MB spill-buffer=64.00KB thread-reservation=0
  |  tuple-ids=0,2,4,6,8,10,12,14 row-size=140B cardinality=0
  |  in pipelines: 01(GETNEXT), 08(OPEN)
  |
  |--24:EXCHANGE [BROADCAST]
  |     mem-estimate=72.00KB mem-reservation=0B thread-reservation=0
  |     tuple-ids=8,10,12,14 row-size=56B cardinality=0
  |     in pipelines: 08(GETNEXT)
  |
  07:HASH JOIN [INNER JOIN, BROADCAST]
  |  hash predicates: default.impala_tpch_lineitem.l_suppkey = default.impala_tpch_supplier.s_suppkey
  |  fk/pk conjuncts: assumed fk/pk
  |  mem-estimate=1.94MB mem-reservation=1.94MB spill-buffer=64.00KB thread-reservation=0
  |  tuple-ids=0,2,4,6 row-size=84B cardinality=0
  |  in pipelines: 01(GETNEXT), 04(OPEN)
  |
  |--20:EXCHANGE [BROADCAST]
  |     mem-estimate=32.00KB mem-reservation=0B thread-reservation=0
  |     tuple-ids=4,6 row-size=24B cardinality=0
  |     in pipelines: 04(GETNEXT)
  |
  03:HASH JOIN [INNER JOIN, BROADCAST]
  |  hash predicates: default.impala_tpch_lineitem.l_partkey = default.impala_tpch_part.p_partkey
  |  fk/pk conjuncts: assumed fk/pk
  |  mem-estimate=1.94MB mem-reservation=1.94MB spill-buffer=64.00KB thread-reservation=0
  |  tuple-ids=0,2 row-size=60B cardinality=0
  |  in pipelines: 01(GETNEXT), 02(OPEN)
  |
  |--18:EXCHANGE [BROADCAST]
  |     mem-estimate=24.00KB mem-reservation=0B thread-reservation=0
  |     tuple-ids=2 row-size=20B cardinality=0
  |     in pipelines: 02(GETNEXT)
  |
  01:SCAN HDFS [default.impala_tpch_lineitem, RANDOM]
     HDFS partitions=1/1 files=0 size=0B
     predicates: default.impala_tpch_lineitem.l_orderkey IS NOT NULL, default.impala_tpch_lineitem.l_partkey IS NOT NULL, default.impala_tpch_lineitem.l_suppkey IS NOT NULL
     stored statistics:
       table: rows=0 size=0B
       columns: unavailable
     extrapolated-rows=disabled max-scan-range-rows=0
     mem-estimate=0B mem-reservation=0B thread-reservation=0
     tuple-ids=0 row-size=40B cardinality=0
     in pipelines: 01(GETNEXT)

F01:PLAN FRAGMENT [RANDOM] hosts=1 instances=1
Per-Host Resources: mem-estimate=0B mem-reservation=0B thread-reservation=1
  DATASTREAM SINK [FRAGMENT=F00, EXCHANGE=18, BROADCAST]
  |  mem-estimate=0B mem-reservation=0B thread-reservation=0
  02:SCAN HDFS [default.impala_tpch_part, RANDOM]
     HDFS partitions=1/1 files=0 size=0B
     predicates: default.impala_tpch_part.p_partkey IS NOT NULL, default.impala_tpch_part.p_type = 'ECONOMY ANODIZED STEEL'
     stored statistics:
       table: rows=0 size=0B
       columns: unavailable
     extrapolated-rows=disabled max-scan-range-rows=0
     parquet statistics predicates: default.impala_tpch_part.p_type = 'ECONOMY ANODIZED STEEL'
     mem-estimate=0B mem-reservation=0B thread-reservation=0
     tuple-ids=2 row-size=20B cardinality=0
     in pipelines: 02(GETNEXT)

F02:PLAN FRAGMENT [RANDOM] hosts=1 instances=1
Per-Host Resources: mem-estimate=1.96MB mem-reservation=1.94MB thread-reservation=1
  DATASTREAM SINK [FRAGMENT=F00, EXCHANGE=20, BROADCAST]
  |  mem-estimate=0B mem-reservation=0B thread-reservation=0
  06:HASH JOIN [INNER JOIN, BROADCAST]
  |  hash predicates: default.impala_tpch_supplier.s_nationkey = n2.n_nationkey
  |  fk/pk conjuncts: assumed fk/pk
  |  mem-estimate=1.94MB mem-reservation=1.94MB spill-buffer=64.00KB thread-reservation=0
  |  tuple-ids=4,6 row-size=24B cardinality=0
  |  in pipelines: 04(GETNEXT), 05(OPEN)
  |
  |--19:EXCHANGE [BROADCAST]
  |     mem-estimate=18.00KB mem-reservation=0B thread-reservation=0
  |     tuple-ids=6 row-size=14B cardinality=0
  |     in pipelines: 05(GETNEXT)
  |
  04:SCAN HDFS [default.impala_tpch_supplier, RANDOM]
     HDFS partitions=1/1 files=0 size=0B
     predicates: default.impala_tpch_supplier.s_nationkey IS NOT NULL, default.impala_tpch_supplier.s_suppkey IS NOT NULL
     stored statistics:
       table: rows=0 size=0B
       columns: unavailable
     extrapolated-rows=disabled max-scan-range-rows=0
     mem-estimate=0B mem-reservation=0B thread-reservation=0
     tuple-ids=4 row-size=10B cardinality=0
     in pipelines: 04(GETNEXT)

F03:PLAN FRAGMENT [RANDOM] hosts=1 instances=1
Per-Host Resources: mem-estimate=0B mem-reservation=0B thread-reservation=1
  DATASTREAM SINK [FRAGMENT=F02, EXCHANGE=19, BROADCAST]
  |  mem-estimate=0B mem-reservation=0B thread-reservation=0
  05:SCAN HDFS [default.impala_tpch_nation n2, RANDOM]
     HDFS partitions=1/1 files=0 size=0B
     predicates: n2.n_nationkey IS NOT NULL
     stored statistics:
       table: rows=0 size=0B
       columns: unavailable
     extrapolated-rows=disabled max-scan-range-rows=0
     mem-estimate=0B mem-reservation=0B thread-reservation=0
     tuple-ids=6 row-size=14B cardinality=0
     in pipelines: 05(GETNEXT)

F04:PLAN FRAGMENT [RANDOM] hosts=1 instances=1
Per-Host Resources: mem-estimate=3.92MB mem-reservation=3.88MB thread-reservation=1
  DATASTREAM SINK [FRAGMENT=F00, EXCHANGE=24, BROADCAST]
  |  mem-estimate=0B mem-reservation=0B thread-reservation=0
  14:HASH JOIN [INNER JOIN, BROADCAST]
  |  hash predicates: default.impala_tpch_customer.c_nationkey = n1.n_nationkey
  |  fk/pk conjuncts: assumed fk/pk
  |  mem-estimate=1.94MB mem-reservation=1.94MB spill-buffer=64.00KB thread-reservation=0
  |  tuple-ids=8,10,12,14 row-size=56B cardinality=0
  |  in pipelines: 08(GETNEXT), 11(OPEN)
  |
  |--23:EXCHANGE [BROADCAST]
  |     mem-estimate=26.00KB mem-reservation=0B thread-reservation=0
  |     tuple-ids=12,14 row-size=18B cardinality=0
  |     in pipelines: 11(GETNEXT)
  |
  10:HASH JOIN [INNER JOIN, BROADCAST]
  |  hash predicates: default.impala_tpch_orders.o_custkey = default.impala_tpch_customer.c_custkey
  |  fk/pk conjuncts: assumed fk/pk
  |  mem-estimate=1.94MB mem-reservation=1.94MB spill-buffer=64.00KB thread-reservation=0
  |  tuple-ids=8,10 row-size=38B cardinality=0
  |  in pipelines: 08(GETNEXT), 09(OPEN)
  |
  |--21:EXCHANGE [BROADCAST]
  |     mem-estimate=16.00KB mem-reservation=0B thread-reservation=0
  |     tuple-ids=10 row-size=10B cardinality=0
  |     in pipelines: 09(GETNEXT)
  |
  08:SCAN HDFS [default.impala_tpch_orders, RANDOM]
     HDFS partitions=1/1 files=0 size=0B
     predicates: default.impala_tpch_orders.o_custkey IS NOT NULL, default.impala_tpch_orders.o_orderkey IS NOT NULL, default.impala_tpch_orders.o_orderdate >= '1995-01-01' AND default.impala_tpch_orders.o_orderdate <= '1996-12-31'
     stored statistics:
       table: rows=0 size=0B
       columns: unavailable
     extrapolated-rows=disabled max-scan-range-rows=0
     mem-estimate=0B mem-reservation=0B thread-reservation=0
     tuple-ids=8 row-size=28B cardinality=0
     in pipelines: 08(GETNEXT)

F05:PLAN FRAGMENT [RANDOM] hosts=1 instances=1
Per-Host Resources: mem-estimate=0B mem-reservation=0B thread-reservation=1
  DATASTREAM SINK [FRAGMENT=F04, EXCHANGE=21, BROADCAST]
  |  mem-estimate=0B mem-reservation=0B thread-reservation=0
  09:SCAN HDFS [default.impala_tpch_customer, RANDOM]
     HDFS partitions=1/1 files=0 size=0B
     predicates: default.impala_tpch_customer.c_custkey IS NOT NULL, default.impala_tpch_customer.c_nationkey IS NOT NULL
     stored statistics:
       table: rows=0 size=0B
       columns: unavailable
     extrapolated-rows=disabled max-scan-range-rows=0
     mem-estimate=0B mem-reservation=0B thread-reservation=0
     tuple-ids=10 row-size=10B cardinality=0
     in pipelines: 09(GETNEXT)

F06:PLAN FRAGMENT [RANDOM] hosts=1 instances=1
Per-Host Resources: mem-estimate=1.96MB mem-reservation=1.94MB thread-reservation=1
  DATASTREAM SINK [FRAGMENT=F04, EXCHANGE=23, BROADCAST]
  |  mem-estimate=0B mem-reservation=0B thread-reservation=0
  13:HASH JOIN [INNER JOIN, BROADCAST]
  |  hash predicates: n1.n_regionkey = default.impala_tpch_region.r_regionkey
  |  fk/pk conjuncts: assumed fk/pk
  |  mem-estimate=1.94MB mem-reservation=1.94MB spill-buffer=64.00KB thread-reservation=0
  |  tuple-ids=12,14 row-size=18B cardinality=0
  |  in pipelines: 11(GETNEXT), 12(OPEN)
  |
  |--22:EXCHANGE [BROADCAST]
  |     mem-estimate=18.00KB mem-reservation=0B thread-reservation=0
  |     tuple-ids=14 row-size=14B cardinality=0
  |     in pipelines: 12(GETNEXT)
  |
  11:SCAN HDFS [default.impala_tpch_nation n1, RANDOM]
     HDFS partitions=1/1 files=0 size=0B
     predicates: n1.n_nationkey IS NOT NULL, n1.n_regionkey IS NOT NULL
     stored statistics:
       table: rows=0 size=0B
       columns: unavailable
     extrapolated-rows=disabled max-scan-range-rows=0
     mem-estimate=0B mem-reservation=0B thread-reservation=0
     tuple-ids=12 row-size=4B cardinality=0
     in pipelines: 11(GETNEXT)

F07:PLAN FRAGMENT [RANDOM] hosts=1 instances=1
Per-Host Resources: mem-estimate=0B mem-reservation=0B thread-reservation=1
  DATASTREAM SINK [FRAGMENT=F06, EXCHANGE=22, BROADCAST]
  |  mem-estimate=0B mem-reservation=0B thread-reservation=0
  12:SCAN HDFS [default.impala_tpch_region, RANDOM]
     HDFS partitions=1/1 files=0 size=0B
     predicates: default.impala_tpch_region.r_regionkey IS NOT NULL, default.impala_tpch_region.r_name = 'AMERICA'
     stored statistics:
       table: rows=0 size=0B
       columns: unavailable
     extrapolated-rows=disabled max-scan-range-rows=0
     parquet statistics predicates: default.impala_tpch_region.r_name = 'AMERICA'
     mem-estimate=0B mem-reservation=0B thread-reservation=0
     tuple-ids=14 row-size=14B cardinality=0
     in pipelines: 12(GETNEXT)


  Stage: Stage-0
    Fetch Operator
      limit: -1
      Processor Tree:
        ListSink

