HMS CALL get_table_req FOR impala_tpch_lineitem
HMS CALL get_foreign_keys FOR impala_tpch_lineitem
PREHOOK: query: explain
select l_orderkey, group_concat(cast(l_suppkey as string), ':')
  from impala_tpch_lineitem
  group by l_orderkey
  limit 10
PREHOOK: type: QUERY
PREHOOK: Input: default@impala_tpch_lineitem
PREHOOK: Output: streaming
POSTHOOK: query: explain
select l_orderkey, group_concat(cast(l_suppkey as string), ':')
  from impala_tpch_lineitem
  group by l_orderkey
  limit 10
POSTHOOK: type: QUERY
POSTHOOK: Input: default@impala_tpch_lineitem
STAGE DEPENDENCIES:
  Stage-1 is a root stage
  Stage-0 is a root stage

STAGE PLANS:
  Stage: Stage-1
    Impala
      Impala Plan: 
F02:PLAN FRAGMENT [UNPARTITIONED] hosts=1 instances=1
Per-Host Resources: mem-estimate=24.00KB mem-reservation=0B thread-reservation=1
  PLAN-ROOT SINK
  |  output exprs: default.impala_tpch_lineitem.l_orderkey, _impala_builtins.group_concat(casttostring(default.impala_tpch_lineitem.l_suppkey), ':')
  |  mem-estimate=0B mem-reservation=0B thread-reservation=0
  |
  04:EXCHANGE [UNPARTITIONED]
     limit: 10
     mem-estimate=24.00KB mem-reservation=0B thread-reservation=0
     tuple-ids=2 row-size=20B cardinality=0
     in pipelines: 03(GETNEXT)

F01:PLAN FRAGMENT [HASH(default.impala_tpch_lineitem.l_orderkey)] hosts=1 instances=1
Per-Host Resources: mem-estimate=128.02MB mem-reservation=36.00MB thread-reservation=1
  DATASTREAM SINK [FRAGMENT=F02, EXCHANGE=04, UNPARTITIONED]
  |  mem-estimate=0B mem-reservation=0B thread-reservation=0
  03:AGGREGATE [FINALIZE]
  |  output: _impala_builtins.group_concat:merge(casttostring(default.impala_tpch_lineitem.l_suppkey), ':')
  |  group by: default.impala_tpch_lineitem.l_orderkey
  |  limit: 10
  |  mem-estimate=128.00MB mem-reservation=36.00MB spill-buffer=2.00MB thread-reservation=0
  |  tuple-ids=2 row-size=20B cardinality=0
  |  in pipelines: 03(GETNEXT), 00(OPEN)
  |
  02:EXCHANGE [HASH(default.impala_tpch_lineitem.l_orderkey)]
     mem-estimate=24.00KB mem-reservation=0B thread-reservation=0
     tuple-ids=2 row-size=20B cardinality=0
     in pipelines: 00(GETNEXT)

F00:PLAN FRAGMENT [RANDOM] hosts=1 instances=1
Per-Host Resources: mem-estimate=128.00MB mem-reservation=34.00MB thread-reservation=1
  DATASTREAM SINK [FRAGMENT=F01, EXCHANGE=02, HASH(default.impala_tpch_lineitem.l_orderkey)]
  |  mem-estimate=0B mem-reservation=0B thread-reservation=0
  01:AGGREGATE [STREAMING]
  |  output: group_concat(casttostring(default.impala_tpch_lineitem.l_suppkey), ':')
  |  group by: default.impala_tpch_lineitem.l_orderkey
  |  mem-estimate=128.00MB mem-reservation=34.00MB spill-buffer=2.00MB thread-reservation=0
  |  tuple-ids=2 row-size=20B cardinality=0
  |  in pipelines: 00(GETNEXT)
  |
  00:SCAN HDFS [default.impala_tpch_lineitem, RANDOM]
     HDFS partitions=1/1 files=0 size=0B
     stored statistics:
       table: rows=unavailable size=unavailable
       columns: unavailable
     extrapolated-rows=disabled max-scan-range-rows=0
     mem-estimate=0B mem-reservation=0B thread-reservation=0
     tuple-ids=0 row-size=16B cardinality=0
     in pipelines: 00(GETNEXT)


  Stage: Stage-0
    Fetch Operator
      limit: -1
      Processor Tree:
        ListSink

