PREHOOK: query: EXPLAIN
SELECT
  ss_sold_date_sk
FROM
  impala_tpcds_store_sales
WHERE
  cast(10 as bigint) < cast(ss_sold_date_sk as bigint) + 1
PREHOOK: type: QUERY
PREHOOK: Input: default@impala_tpcds_store_sales
PREHOOK: Output: hdfs://### HDFS PATH ###
POSTHOOK: query: EXPLAIN
SELECT
  ss_sold_date_sk
FROM
  impala_tpcds_store_sales
WHERE
  cast(10 as bigint) < cast(ss_sold_date_sk as bigint) + 1
POSTHOOK: type: QUERY
POSTHOOK: Input: default@impala_tpcds_store_sales
POSTHOOK: Output: hdfs://### HDFS PATH ###
STAGE DEPENDENCIES:
  Stage-1 is a root stage
  Stage-0 is a root stage

STAGE PLANS:
  Stage: Stage-1
    Impala
      Impala Plan: 
F01:PLAN FRAGMENT [UNPARTITIONED] hosts=1 instances=1
Per-Host Resources: mem-estimate=16.00KB mem-reservation=0B thread-reservation=1
  PLAN-ROOT SINK
  |  output exprs: default.impala_tpcds_store_sales.ss_sold_date_sk
  |  mem-estimate=0B mem-reservation=0B thread-reservation=0
  |
  01:EXCHANGE [UNPARTITIONED]
     mem-estimate=16.00KB mem-reservation=0B thread-reservation=0
     tuple-ids=0 row-size=4B cardinality=0
     in pipelines: 00(GETNEXT)

F00:PLAN FRAGMENT [RANDOM] hosts=1 instances=1
Per-Host Resources: mem-estimate=0B mem-reservation=0B thread-reservation=1
  DATASTREAM SINK [FRAGMENT=F01, EXCHANGE=01, UNPARTITIONED]
  |  mem-estimate=0B mem-reservation=0B thread-reservation=0
  00:SCAN HDFS [default.impala_tpcds_store_sales, RANDOM]
     partition predicates: CAST(10 AS BIGINT) < add(casttobigint(default.impala_tpcds_store_sales.ss_sold_date_sk), CAST(1 AS BIGINT))
     partitions=0/0 files=0 size=0B
     stored statistics:
       table: rows=unavailable size=unavailable
       partitions: 0/0 rows=unavailable
       columns: all
     extrapolated-rows=disabled max-scan-range-rows=0
     mem-estimate=0B mem-reservation=0B thread-reservation=0
     tuple-ids=0 row-size=4B cardinality=0
     in pipelines: 00(GETNEXT)


  Stage: Stage-0
    Fetch Operator
      limit: -1
      Processor Tree:
        ListSink

