HMS CALL get_table_req FOR _dummy_table
HMS CALL get_table_req FOR _dummy_table
HMS CALL get_table_req FOR _dummy_table
HMS CALL get_table_req FOR _dummy_table
HMS CALL get_table_req FOR _dummy_table
PREHOOK: query: explain
select inline(array(struct('abc')))
PREHOOK: type: QUERY
PREHOOK: Output: streaming
POSTHOOK: query: explain
select inline(array(struct('abc')))
POSTHOOK: type: QUERY
STAGE DEPENDENCIES:
  Stage-1 is a root stage
  Stage-0 is a root stage

STAGE PLANS:
  Stage: Stage-1
    Impala
      Impala Plan: 
F00:PLAN FRAGMENT [UNPARTITIONED] hosts=1 instances=1
Per-Host Resources: mem-estimate=0B mem-reservation=0B thread-reservation=1
  PLAN-ROOT SINK
  |  output exprs: _col0
  |  mem-estimate=0B mem-reservation=0B thread-reservation=0
  |
  00:UNION
     constant-operands=1
     mem-estimate=0B mem-reservation=0B thread-reservation=0
     tuple-ids=0 row-size=12B cardinality=1
     in pipelines: <none>


  Stage: Stage-0
    Fetch Operator
      limit: -1
      Processor Tree:
        ListSink

HMS CALL get_table_req FOR simple_char_tbl
HMS CALL get_foreign_keys FOR simple_char_tbl
HMS CALL get_table_req FOR _dummy_table
HMS CALL get_table_req FOR _dummy_table
HMS CALL get_table_req FOR _dummy_table
HMS CALL get_table_req FOR _dummy_table
HMS CALL get_table_req FOR _dummy_table
PREHOOK: query: explain
select 'abc' from simple_char_tbl union all select 'def'
PREHOOK: type: QUERY
PREHOOK: Input: default@simple_char_tbl
PREHOOK: Output: streaming
POSTHOOK: query: explain
select 'abc' from simple_char_tbl union all select 'def'
POSTHOOK: type: QUERY
POSTHOOK: Input: default@simple_char_tbl
STAGE DEPENDENCIES:
  Stage-1 is a root stage
  Stage-0 is a root stage

STAGE PLANS:
  Stage: Stage-1
    Impala
      Impala Plan: 
F03:PLAN FRAGMENT [UNPARTITIONED] hosts=1 instances=1
Per-Host Resources: mem-estimate=16.00KB mem-reservation=0B thread-reservation=1
  PLAN-ROOT SINK
  |  output exprs: _o__c0
  |  mem-estimate=0B mem-reservation=0B thread-reservation=0
  |
  04:EXCHANGE [UNPARTITIONED]
     mem-estimate=16.00KB mem-reservation=0B thread-reservation=0
     tuple-ids=0 row-size=12B cardinality=1
     in pipelines: 01(GETNEXT)

F02:PLAN FRAGMENT [RANDOM] hosts=1 instances=1
Per-Host Resources: mem-estimate=16.00KB mem-reservation=0B thread-reservation=1
  DATASTREAM SINK [FRAGMENT=F03, EXCHANGE=04, UNPARTITIONED]
  |  mem-estimate=0B mem-reservation=0B thread-reservation=0
  00:UNION
  |  mem-estimate=0B mem-reservation=0B thread-reservation=0
  |  tuple-ids=0 row-size=12B cardinality=1
  |  in pipelines: 01(GETNEXT)
  |
  |--03:EXCHANGE [RANDOM]
  |     mem-estimate=16.00KB mem-reservation=0B thread-reservation=0
  |     tuple-ids=3 row-size=0B cardinality=1
  |     in pipelines: <none>
  |
  01:SCAN HDFS [default.simple_char_tbl, RANDOM]
     HDFS partitions=1/1 files=0 size=0B
     stored statistics:
       table: rows=unavailable size=unavailable
       columns: all
     extrapolated-rows=disabled max-scan-range-rows=0
     file formats: [PARQUET]
     mem-estimate=0B mem-reservation=0B thread-reservation=0
     tuple-ids=1 row-size=0B cardinality=0
     in pipelines: 01(GETNEXT)

F01:PLAN FRAGMENT [UNPARTITIONED] hosts=1 instances=1
Per-Host Resources: mem-estimate=0B mem-reservation=0B thread-reservation=1
  DATASTREAM SINK [FRAGMENT=F02, EXCHANGE=03, RANDOM]
  |  mem-estimate=0B mem-reservation=0B thread-reservation=0
  02:UNION
     constant-operands=1
     mem-estimate=0B mem-reservation=0B thread-reservation=0
     tuple-ids=3 row-size=0B cardinality=1
     in pipelines: <none>


  Stage: Stage-0
    Fetch Operator
      limit: -1
      Processor Tree:
        ListSink

HMS CALL get_table_req FOR cdpd_18053
PREHOOK: query: drop table if exists cdpd_18053
PREHOOK: type: DROPTABLE
HMS CALL get_table_req FOR cdpd_18053
POSTHOOK: query: drop table if exists cdpd_18053
POSTHOOK: type: DROPTABLE
PREHOOK: query: create table cdpd_18053 (i1 int, i2 int)
PREHOOK: type: CREATETABLE
PREHOOK: Output: database:default
PREHOOK: Output: default@cdpd_18053
POSTHOOK: query: create table cdpd_18053 (i1 int, i2 int)
POSTHOOK: type: CREATETABLE
POSTHOOK: Output: database:default
POSTHOOK: Output: default@cdpd_18053
HMS CALL get_table_req FOR cdpd_18053
HMS CALL get_table_req FOR _dummy_table
HMS CALL get_table_req FOR _dummy_table
HMS CALL get_table_req FOR _dummy_table
HMS CALL get_table_req FOR _dummy_table
HMS CALL get_table_req FOR _dummy_table
HMS CALL get_foreign_keys FOR cdpd_18053
PREHOOK: query: explain
select * from (select * from cdpd_18053 t
inner join (select 10 int_col) d where
i1 < int_col) q
where i1 <> int_col and int_col = 10
PREHOOK: type: QUERY
PREHOOK: Input: default@cdpd_18053
PREHOOK: Output: streaming
POSTHOOK: query: explain
select * from (select * from cdpd_18053 t
inner join (select 10 int_col) d where
i1 < int_col) q
where i1 <> int_col and int_col = 10
POSTHOOK: type: QUERY
POSTHOOK: Input: default@cdpd_18053
STAGE DEPENDENCIES:
  Stage-1 is a root stage
  Stage-0 is a root stage

STAGE PLANS:
  Stage: Stage-1
    Impala
      Impala Plan: 
F02:PLAN FRAGMENT [UNPARTITIONED] hosts=1 instances=1
Per-Host Resources: mem-estimate=16.00KB mem-reservation=0B thread-reservation=1
  PLAN-ROOT SINK
  |  output exprs: t.i1, t.i2, CAST(10 AS TINYINT)
  |  mem-estimate=0B mem-reservation=0B thread-reservation=0
  |
  04:EXCHANGE [UNPARTITIONED]
     mem-estimate=16.00KB mem-reservation=0B thread-reservation=0
     tuple-ids=0,1 row-size=8B cardinality=0
     in pipelines: 00(GETNEXT)

F00:PLAN FRAGMENT [RANDOM] hosts=1 instances=1
Per-Host Resources: mem-estimate=16.00KB mem-reservation=0B thread-reservation=1
  DATASTREAM SINK [FRAGMENT=F02, EXCHANGE=04, UNPARTITIONED]
  |  mem-estimate=0B mem-reservation=0B thread-reservation=0
  02:NESTED LOOP JOIN [CROSS JOIN, BROADCAST]
  |  mem-estimate=0B mem-reservation=0B thread-reservation=0
  |  tuple-ids=0,1 row-size=8B cardinality=0
  |  in pipelines: 00(GETNEXT)
  |
  |--03:EXCHANGE [BROADCAST]
  |     mem-estimate=16.00KB mem-reservation=0B thread-reservation=0
  |     tuple-ids=1 row-size=0B cardinality=1
  |     in pipelines: <none>
  |
  00:SCAN HDFS [default.cdpd_18053 t, RANDOM]
     HDFS partitions=1/1 files=0 size=0B
     predicates: t.i1 != CAST(10 AS INT), t.i1 < CAST(10 AS INT)
     stored statistics:
       table: rows=unavailable size=unavailable
       columns: unavailable
     extrapolated-rows=disabled max-scan-range-rows=0
     file formats: [TEXT]
     mem-estimate=0B mem-reservation=0B thread-reservation=0
     tuple-ids=0 row-size=8B cardinality=0
     in pipelines: 00(GETNEXT)

F01:PLAN FRAGMENT [UNPARTITIONED] hosts=1 instances=1
Per-Host Resources: mem-estimate=0B mem-reservation=0B thread-reservation=1
  DATASTREAM SINK [FRAGMENT=F00, EXCHANGE=03, BROADCAST]
  |  mem-estimate=0B mem-reservation=0B thread-reservation=0
  01:UNION
     constant-operands=1
     mem-estimate=0B mem-reservation=0B thread-reservation=0
     tuple-ids=1 row-size=0B cardinality=1
     in pipelines: <none>


  Stage: Stage-0
    Fetch Operator
      limit: -1
      Processor Tree:
        ListSink

HMS CALL get_table_req FOR cdpd_18053
PREHOOK: query: drop table cdpd_18053
PREHOOK: type: DROPTABLE
PREHOOK: Input: default@cdpd_18053
PREHOOK: Output: default@cdpd_18053
HMS CALL get_table_req FOR cdpd_18053
HMS CALL get_table_req FOR cdpd_18053
POSTHOOK: query: drop table cdpd_18053
POSTHOOK: type: DROPTABLE
POSTHOOK: Input: default@cdpd_18053
POSTHOOK: Output: default@cdpd_18053
