PREHOOK: query: explain cbo
select ndv(l_returnflag) from `impala_tpch_lineitem`
PREHOOK: type: QUERY
PREHOOK: Input: default@impala_tpch_lineitem
PREHOOK: Output: streaming
POSTHOOK: query: explain cbo
select ndv(l_returnflag) from `impala_tpch_lineitem`
POSTHOOK: type: QUERY
POSTHOOK: Input: default@impala_tpch_lineitem
CBO PLAN:
ImpalaAggregateRel(group=[{}], agg#0=[ndv($8)])
  ImpalaHdfsScanRel(table=[[default, impala_tpch_lineitem]])

PREHOOK: query: explain
select ndv(l_returnflag) from `impala_tpch_lineitem`
PREHOOK: type: QUERY
PREHOOK: Input: default@impala_tpch_lineitem
PREHOOK: Output: streaming
POSTHOOK: query: explain
select ndv(l_returnflag) from `impala_tpch_lineitem`
POSTHOOK: type: QUERY
POSTHOOK: Input: default@impala_tpch_lineitem
STAGE DEPENDENCIES:
  Stage-1 is a root stage
  Stage-0 is a root stage

STAGE PLANS:
  Stage: Stage-1
    Impala
      Impala Plan: 
F01:PLAN FRAGMENT [UNPARTITIONED] hosts=1 instances=1
Per-Host Resources: mem-estimate=10.02MB mem-reservation=0B thread-reservation=1
  PLAN-ROOT SINK
  |  output exprs: _impala_builtins.ndv(default.impala_tpch_lineitem.l_returnflag)
  |  mem-estimate=0B mem-reservation=0B thread-reservation=0
  |
  03:AGGREGATE [FINALIZE]
  |  output: _impala_builtins.ndv:merge(default.impala_tpch_lineitem.l_returnflag)
  |  mem-estimate=10.00MB mem-reservation=0B spill-buffer=2.00MB thread-reservation=0
  |  tuple-ids=3 row-size=8B cardinality=1
  |  in pipelines: 03(GETNEXT), 01(OPEN)
  |
  02:EXCHANGE [UNPARTITIONED]
     mem-estimate=16.00KB mem-reservation=0B thread-reservation=0
     tuple-ids=2 row-size=8B cardinality=1
     in pipelines: 01(GETNEXT)

F00:PLAN FRAGMENT [RANDOM] hosts=1 instances=1
Per-Host Resources: mem-estimate=10.00MB mem-reservation=0B thread-reservation=1
  DATASTREAM SINK [FRAGMENT=F01, EXCHANGE=02, UNPARTITIONED]
  |  mem-estimate=0B mem-reservation=0B thread-reservation=0
  01:AGGREGATE
  |  output: ndv(default.impala_tpch_lineitem.l_returnflag)
  |  mem-estimate=10.00MB mem-reservation=0B spill-buffer=2.00MB thread-reservation=0
  |  tuple-ids=2 row-size=8B cardinality=1
  |  in pipelines: 01(GETNEXT), 00(OPEN)
  |
  00:SCAN HDFS [default.impala_tpch_lineitem, RANDOM]
     HDFS partitions=1/1 files=0 size=0B
     stored statistics:
       table: rows=unavailable size=unavailable
       columns: unavailable
     extrapolated-rows=disabled max-scan-range-rows=0
     mem-estimate=0B mem-reservation=0B thread-reservation=0
     tuple-ids=0 row-size=12B cardinality=0
     in pipelines: 00(GETNEXT)


  Stage: Stage-0
    Fetch Operator
      limit: -1
      Processor Tree:
        ListSink

